#
# There is insufficient memory for the Java Runtime Environment to continue.
# Native memory allocation (malloc) failed to allocate 65552 bytes for Chunk::new
# Possible reasons:
#   The system is out of physical RAM or swap space
#   In 32 bit mode, the process size limit was hit
# Possible solutions:
#   Reduce memory load on the system
#   Increase physical memory or swap space
#   Check if swap backing store is full
#   Use 64 bit Java on a 64 bit OS
#   Decrease Java heap size (-Xmx/-Xms)
#   Decrease number of Java threads
#   Decrease Java thread stack sizes (-Xss)
#   Set larger code cache with -XX:ReservedCodeCacheSize=
# This output file may be truncated or incomplete.
#
#  Out of Memory Error (allocation.cpp:390), pid=3600, tid=0x0000000000001038
#
# JRE version: OpenJDK Runtime Environment (8.0_76-b03) (build 1.8.0_76-release-b03)
# Java VM: OpenJDK 64-Bit Server VM (25.76-b03 mixed mode windows-amd64 compressed oops)
# Failed to write core dump. Minidumps are not enabled by default on client versions of Windows
#

---------------  T H R E A D  ---------------

Current thread (0x000000001535b800):  JavaThread "C2 CompilerThread0" daemon [_thread_in_native, id=4152, stack(0x0000000016990000,0x0000000016a90000)]

Stack: [0x0000000016990000,0x0000000016a90000]
[error occurred during error reporting (printing stack bounds), id 0xc0000005]

Native frames: (J=compiled Java code, j=interpreted, Vv=VM code, C=native code)


Current CompileTask:
C2:  21808 1817       4       com.android.dx.cf.code.Simulator$SimVisitor::visitConstant (332 bytes)


---------------  P R O C E S S  ---------------

Java Threads: ( => current thread )
  0x0000000016fd2000 JavaThread "pool-2-thread-4" [_thread_in_Java, id=14036, stack(0x0000000017690000,0x0000000017790000)]
  0x0000000016fd1000 JavaThread "pool-2-thread-3" [_thread_in_Java, id=11792, stack(0x0000000017590000,0x0000000017690000)]
  0x0000000016fd0800 JavaThread "pool-2-thread-2" [_thread_in_Java, id=5180, stack(0x0000000017490000,0x0000000017590000)]
  0x0000000016fcc800 JavaThread "pool-3-thread-1" [_thread_blocked, id=13540, stack(0x0000000017390000,0x0000000017490000)]
  0x0000000016fc8000 JavaThread "pool-2-thread-1" [_thread_in_Java, id=12964, stack(0x0000000017290000,0x0000000017390000)]
  0x0000000016c91800 JavaThread "Service Thread" daemon [_thread_blocked, id=6984, stack(0x0000000017090000,0x0000000017190000)]
  0x00000000153bb000 JavaThread "C1 CompilerThread2" daemon [_thread_blocked, id=8760, stack(0x0000000016b90000,0x0000000016c90000)]
  0x000000001535e800 JavaThread "C2 CompilerThread1" daemon [_thread_in_native, id=5880, stack(0x0000000016a90000,0x0000000016b90000)]
=>0x000000001535b800 JavaThread "C2 CompilerThread0" daemon [_thread_in_native, id=4152, stack(0x0000000016990000,0x0000000016a90000)]
  0x000000001535a000 JavaThread "Attach Listener" daemon [_thread_blocked, id=11416, stack(0x0000000016890000,0x0000000016990000)]
  0x0000000015359000 JavaThread "Signal Dispatcher" daemon [_thread_blocked, id=8052, stack(0x0000000016790000,0x0000000016890000)]
  0x0000000015348800 JavaThread "Finalizer" daemon [_thread_blocked, id=9004, stack(0x00000000165b0000,0x00000000166b0000)]
  0x0000000002c80800 JavaThread "Reference Handler" daemon [_thread_blocked, id=13244, stack(0x00000000164b0000,0x00000000165b0000)]
  0x00000000028dd800 JavaThread "main" [_thread_in_Java, id=9368, stack(0x0000000002990000,0x0000000002a90000)]

Other Threads:
  0x0000000015325000 VMThread [stack: 0x00000000163b0000,0x00000000164b0000] [id=6708]
  0x0000000016c93000 WatcherThread [stack: 0x0000000017190000,0x0000000017290000] [id=4408]

VM state:not at safepoint (normal execution)

VM Mutex/Monitor currently owned by a thread: None

Heap:
 PSYoungGen      total 68096K, used 38978K [0x00000000eab00000, 0x00000000f4600000, 0x0000000100000000)
  eden space 65536K, 55% used [0x00000000eab00000,0x00000000ece923d8,0x00000000eeb00000)
  from space 2560K, 99% used [0x00000000eeb00000,0x00000000eed7e548,0x00000000eed80000)
  to   space 13824K, 0% used [0x00000000f3880000,0x00000000f3880000,0x00000000f4600000)
 ParOldGen       total 44032K, used 23735K [0x00000000c0000000, 0x00000000c2b00000, 0x00000000eab00000)
  object space 44032K, 53% used [0x00000000c0000000,0x00000000c172ddf0,0x00000000c2b00000)
 Metaspace       used 6284K, capacity 7090K, committed 7296K, reserved 1056768K
  class space    used 594K, capacity 618K, committed 640K, reserved 1048576K

Card table byte_map: [0x0000000012050000,0x0000000012260000] byte_map_base: 0x0000000011a50000

Marking Bits: (ParMarkBitMap*) 0x00000000665d9d00
 Begin Bits: [0x00000000127c0000, 0x00000000137c0000)
 End Bits:   [0x00000000137c0000, 0x00000000147c0000)

Polling page: 0x0000000001080000

CodeCache: size=245760Kb used=7878Kb max_used=7890Kb free=237881Kb
 bounds [0x0000000002c90000, 0x0000000003460000, 0x0000000011c90000]
 total_blobs=2040 nmethods=1772 adapters=181
 compilation: enabled

Compilation events (10 events):
Event: 21.611 Thread 0x000000001535b800 nmethod 1812 0x0000000003427210 code [0x0000000003427420, 0x0000000003427f30]
Event: 21.624 Thread 0x000000001535e800 1815       4       com.android.dx.cf.code.Ropper::addBlock (37 bytes)
Event: 21.632 Thread 0x000000001535b800 1816       4       com.android.dx.cf.code.LocalVariableList::pcAndIndexToLocal (51 bytes)
Event: 21.633 Thread 0x000000001535b800 nmethod 1816 0x0000000003403bd0 code [0x0000000003403d00, 0x0000000003403d98]
Event: 21.634 Thread 0x000000001535b800 1817       4       com.android.dx.cf.code.Simulator$SimVisitor::visitConstant (332 bytes)
Event: 21.638 Thread 0x000000001535e800 nmethod 1815 0x0000000003405250 code [0x00000000034053c0, 0x0000000003405a98]
Event: 21.640 Thread 0x000000001535e800 1818       4       com.android.dx.rop.cst.CstLiteral32::equals (35 bytes)
Event: 21.642 Thread 0x000000001535e800 nmethod 1818 0x0000000003404f90 code [0x00000000034050c0, 0x0000000003405198]
Event: 21.716 Thread 0x00000000153bb000 1819   !   3       com.android.dx.rop.code.RegisterSpec::intern (70 bytes)
Event: 21.717 Thread 0x00000000153bb000 nmethod 1819 0x0000000003402550 code [0x0000000003402780, 0x0000000003403448]

GC Heap History (10 events):
Event: 12.961 GC heap before
{Heap before GC invocations=1 (full 0):
 PSYoungGen      total 18944K, used 16384K [0x00000000eab00000, 0x00000000ec000000, 0x0000000100000000)
  eden space 16384K, 100% used [0x00000000eab00000,0x00000000ebb00000,0x00000000ebb00000)
  from space 2560K, 0% used [0x00000000ebd80000,0x00000000ebd80000,0x00000000ec000000)
  to   space 2560K, 0% used [0x00000000ebb00000,0x00000000ebb00000,0x00000000ebd80000)
 ParOldGen       total 44032K, used 0K [0x00000000c0000000, 0x00000000c2b00000, 0x00000000eab00000)
  object space 44032K, 0% used [0x00000000c0000000,0x00000000c0000000,0x00000000c2b00000)
 Metaspace       used 5247K, capacity 6288K, committed 6528K, reserved 1056768K
  class space    used 548K, capacity 584K, committed 640K, reserved 1048576K
Event: 13.554 GC heap after
Heap after GC invocations=1 (full 0):
 PSYoungGen      total 18944K, used 2553K [0x00000000eab00000, 0x00000000ed000000, 0x0000000100000000)
  eden space 16384K, 0% used [0x00000000eab00000,0x00000000eab00000,0x00000000ebb00000)
  from space 2560K, 99% used [0x00000000ebb00000,0x00000000ebd7e430,0x00000000ebd80000)
  to   space 2560K, 0% used [0x00000000ecd80000,0x00000000ecd80000,0x00000000ed000000)
 ParOldGen       total 44032K, used 386K [0x00000000c0000000, 0x00000000c2b00000, 0x00000000eab00000)
  object space 44032K, 0% used [0x00000000c0000000,0x00000000c0060ac0,0x00000000c2b00000)
 Metaspace       used 5247K, capacity 6288K, committed 6528K, reserved 1056768K
  class space    used 548K, capacity 584K, committed 640K, reserved 1048576K
}
Event: 15.768 GC heap before
{Heap before GC invocations=2 (full 0):
 PSYoungGen      total 18944K, used 18937K [0x00000000eab00000, 0x00000000ed000000, 0x0000000100000000)
  eden space 16384K, 100% used [0x00000000eab00000,0x00000000ebb00000,0x00000000ebb00000)
  from space 2560K, 99% used [0x00000000ebb00000,0x00000000ebd7e430,0x00000000ebd80000)
  to   space 2560K, 0% used [0x00000000ecd80000,0x00000000ecd80000,0x00000000ed000000)
 ParOldGen       total 44032K, used 386K [0x00000000c0000000, 0x00000000c2b00000, 0x00000000eab00000)
  object space 44032K, 0% used [0x00000000c0000000,0x00000000c0060ac0,0x00000000c2b00000)
 Metaspace       used 5902K, capacity 6896K, committed 7040K, reserved 1056768K
  class space    used 574K, capacity 616K, committed 640K, reserved 1048576K
Event: 15.986 GC heap after
Heap after GC invocations=2 (full 0):
 PSYoungGen      total 35328K, used 2544K [0x00000000eab00000, 0x00000000ed000000, 0x0000000100000000)
  eden space 32768K, 0% used [0x00000000eab00000,0x00000000eab00000,0x00000000ecb00000)
  from space 2560K, 99% used [0x00000000ecd80000,0x00000000ecffc028,0x00000000ed000000)
  to   space 2560K, 0% used [0x00000000ecb00000,0x00000000ecb00000,0x00000000ecd80000)
 ParOldGen       total 44032K, used 2229K [0x00000000c0000000, 0x00000000c2b00000, 0x00000000eab00000)
  object space 44032K, 5% used [0x00000000c0000000,0x00000000c022d7f0,0x00000000c2b00000)
 Metaspace       used 5902K, capacity 6896K, committed 7040K, reserved 1056768K
  class space    used 574K, capacity 616K, committed 640K, reserved 1048576K
}
Event: 17.413 GC heap before
{Heap before GC invocations=3 (full 0):
 PSYoungGen      total 35328K, used 35312K [0x00000000eab00000, 0x00000000ed000000, 0x0000000100000000)
  eden space 32768K, 100% used [0x00000000eab00000,0x00000000ecb00000,0x00000000ecb00000)
  from space 2560K, 99% used [0x00000000ecd80000,0x00000000ecffc028,0x00000000ed000000)
  to   space 2560K, 0% used [0x00000000ecb00000,0x00000000ecb00000,0x00000000ecd80000)
 ParOldGen       total 44032K, used 2229K [0x00000000c0000000, 0x00000000c2b00000, 0x00000000eab00000)
  object space 44032K, 5% used [0x00000000c0000000,0x00000000c022d7f0,0x00000000c2b00000)
 Metaspace       used 6056K, capacity 7024K, committed 7296K, reserved 1056768K
  class space    used 574K, capacity 616K, committed 640K, reserved 1048576K
Event: 17.434 GC heap after
Heap after GC invocations=3 (full 0):
 PSYoungGen      total 35328K, used 2528K [0x00000000eab00000, 0x00000000ef000000, 0x0000000100000000)
  eden space 32768K, 0% used [0x00000000eab00000,0x00000000eab00000,0x00000000ecb00000)
  from space 2560K, 98% used [0x00000000ecb00000,0x00000000ecd78018,0x00000000ecd80000)
  to   space 2560K, 0% used [0x00000000eed80000,0x00000000eed80000,0x00000000ef000000)
 ParOldGen       total 44032K, used 7021K [0x00000000c0000000, 0x00000000c2b00000, 0x00000000eab00000)
  object space 44032K, 15% used [0x00000000c0000000,0x00000000c06db7c0,0x00000000c2b00000)
 Metaspace       used 6056K, capacity 7024K, committed 7296K, reserved 1056768K
  class space    used 574K, capacity 616K, committed 640K, reserved 1048576K
}
Event: 18.205 GC heap before
{Heap before GC invocations=4 (full 0):
 PSYoungGen      total 35328K, used 35296K [0x00000000eab00000, 0x00000000ef000000, 0x0000000100000000)
  eden space 32768K, 100% used [0x00000000eab00000,0x00000000ecb00000,0x00000000ecb00000)
  from space 2560K, 98% used [0x00000000ecb00000,0x00000000ecd78018,0x00000000ecd80000)
  to   space 2560K, 0% used [0x00000000eed80000,0x00000000eed80000,0x00000000ef000000)
 ParOldGen       total 44032K, used 8278K [0x00000000c0000000, 0x00000000c2b00000, 0x00000000eab00000)
  object space 44032K, 18% used [0x00000000c0000000,0x00000000c0815ab0,0x00000000c2b00000)
 Metaspace       used 6137K, capacity 7088K, committed 7296K, reserved 1056768K
  class space    used 574K, capacity 616K, committed 640K, reserved 1048576K
Event: 18.293 GC heap after
Heap after GC invocations=4 (full 0):
 PSYoungGen      total 68096K, used 2528K [0x00000000eab00000, 0x00000000ef000000, 0x0000000100000000)
  eden space 65536K, 0% used [0x00000000eab00000,0x00000000eab00000,0x00000000eeb00000)
  from space 2560K, 98% used [0x00000000eed80000,0x00000000eeff8018,0x00000000ef000000)
  to   space 2560K, 0% used [0x00000000eeb00000,0x00000000eeb00000,0x00000000eed80000)
 ParOldGen       total 44032K, used 13214K [0x00000000c0000000, 0x00000000c2b00000, 0x00000000eab00000)
  object space 44032K, 30% used [0x00000000c0000000,0x00000000c0ce7840,0x00000000c2b00000)
 Metaspace       used 6137K, capacity 7088K, committed 7296K, reserved 1056768K
  class space    used 574K, capacity 616K, committed 640K, reserved 1048576K
}
Event: 19.513 GC heap before
{Heap before GC invocations=5 (full 0):
 PSYoungGen      total 68096K, used 68064K [0x00000000eab00000, 0x00000000ef000000, 0x0000000100000000)
  eden space 65536K, 100% used [0x00000000eab00000,0x00000000eeb00000,0x00000000eeb00000)
  from space 2560K, 98% used [0x00000000eed80000,0x00000000eeff8018,0x00000000ef000000)
  to   space 2560K, 0% used [0x00000000eeb00000,0x00000000eeb00000,0x00000000eed80000)
 ParOldGen       total 44032K, used 13215K [0x00000000c0000000, 0x00000000c2b00000, 0x00000000eab00000)
  object space 44032K, 30% used [0x00000000c0000000,0x00000000c0ce7cf0,0x00000000c2b00000)
 Metaspace       used 6275K, capacity 7090K, committed 7296K, reserved 1056768K
  class space    used 594K, capacity 618K, committed 640K, reserved 1048576K
Event: 19.737 GC heap after
Heap after GC invocations=5 (full 0):
 PSYoungGen      total 68096K, used 2553K [0x00000000eab00000, 0x00000000f4600000, 0x0000000100000000)
  eden space 65536K, 0% used [0x00000000eab00000,0x00000000eab00000,0x00000000eeb00000)
  from space 2560K, 99% used [0x00000000eeb00000,0x00000000eed7e548,0x00000000eed80000)
  to   space 13824K, 0% used [0x00000000f3880000,0x00000000f3880000,0x00000000f4600000)
 ParOldGen       total 44032K, used 23735K [0x00000000c0000000, 0x00000000c2b00000, 0x00000000eab00000)
  object space 44032K, 53% used [0x00000000c0000000,0x00000000c172ddf0,0x00000000c2b00000)
 Metaspace       used 6275K, capacity 7090K, committed 7296K, reserved 1056768K
  class space    used 594K, capacity 618K, committed 640K, reserved 1048576K
}

Deoptimization events (10 events):
Event: 17.819 Thread 0x0000000016fd0800 Uncommon trap: reason=class_check action=maybe_recompile pc=0x000000000327cb90 method=java.util.HashMap.putVal(ILjava/lang/Object;Ljava/lang/Object;ZZ)Ljava/lang/Object; @ 203
Event: 17.840 Thread 0x0000000016fd2000 Uncommon trap: reason=class_check action=maybe_recompile pc=0x000000000327cb90 method=java.util.HashMap.putVal(ILjava/lang/Object;Ljava/lang/Object;ZZ)Ljava/lang/Object; @ 203
Event: 18.018 Thread 0x0000000016fc8000 Uncommon trap: reason=class_check action=maybe_recompile pc=0x00000000032d1bbc method=com.android.dx.cf.code.BytecodeArray.parseInstruction(ILcom/android/dx/cf/code/BytecodeArray$Visitor;)I @ 1003
Event: 18.018 Thread 0x0000000016fc8000 Uncommon trap: reason=class_check action=maybe_recompile pc=0x00000000032d1bbc method=com.android.dx.cf.code.BytecodeArray.parseInstruction(ILcom/android/dx/cf/code/BytecodeArray$Visitor;)I @ 1003
Event: 18.194 Thread 0x0000000016fd0800 Uncommon trap: reason=unloaded action=reinterpret pc=0x000000000317ac7c method=com.android.dx.ssa.LiteralOpUpgrader$1.visitNonMoveInsn(Lcom/android/dx/ssa/NormalSsaInsn;)V @ 72
Event: 19.001 Thread 0x0000000016fc8000 Uncommon trap: reason=class_check action=maybe_recompile pc=0x000000000335e2ec method=com.android.dx.cf.code.BytecodeArray.parseInstruction(ILcom/android/dx/cf/code/BytecodeArray$Visitor;)I @ 2062
Event: 19.001 Thread 0x0000000016fc8000 Uncommon trap: reason=class_check action=maybe_recompile pc=0x000000000335e2ec method=com.android.dx.cf.code.BytecodeArray.parseInstruction(ILcom/android/dx/cf/code/BytecodeArray$Visitor;)I @ 2062
Event: 19.105 Thread 0x0000000016fd0800 Uncommon trap: reason=unstable_if action=reinterpret pc=0x0000000002fcc0dc method=java.util.HashMap.putVal(ILjava/lang/Object;Ljava/lang/Object;ZZ)Ljava/lang/Object; @ 162
Event: 19.111 Thread 0x0000000016fd0800 Uncommon trap: reason=unstable_if action=reinterpret pc=0x00000000032684c4 method=java.util.HashMap.getNode(ILjava/lang/Object;)Ljava/util/HashMap$Node; @ 84
Event: 20.246 Thread 0x0000000016fc8000 Uncommon trap: reason=unstable_if action=reinterpret pc=0x00000000032c8e6c method=java.util.HashMap.putVal(ILjava/lang/Object;Ljava/lang/Object;ZZ)Ljava/lang/Object; @ 162

Internal exceptions (5 events):
Event: 1.379 Thread 0x00000000028dd800 Exception <a 'java/lang/NoSuchMethodError': Method sun.misc.Unsafe.defineClass(Ljava/lang/String;[BII)Ljava/lang/Class; name or signature does not match> (0x00000000eab07cc0) thrown at [C:\src\android\AOSP-openjdk\external\jetbrains\jdk\hotspot\src\share\v±:rÄUö?
Event: 1.379 Thread 0x00000000028dd800 Exception <a 'java/lang/NoSuchMethodError': Method sun.misc.Unsafe.prefetchRead(Ljava/lang/Object;J)V name or signature does not match> (0x00000000eab07fa8) thrown at [C:\src\android\AOSP-openjdk\external\jetbrains\jdk\hotspot\src\share\vm\prims\jni.cpp, lˆÂÑ3@
Event: 19.109 Thread 0x0000000016fd0800 Exception <a 'java/lang/ArrayIndexOutOfBoundsException': 18> (0x00000000edd3fe98) thrown at [C:\src\android\AOSP-openjdk\external\jetbrains\jdk\hotspot\src\share\vm\interpreter\interpreterRuntime.cpp, line 366]
Event: 19.109 Thread 0x0000000016fd0800 Exception <a 'java/lang/ArrayIndexOutOfBoundsException': 145> (0x00000000edd41a18) thrown at [C:\src\android\AOSP-openjdk\external\jetbrains\jdk\hotspot\src\share\vm\interpreter\interpreterRuntime.cpp, line 366]
Event: 19.111 Thread 0x0000000016fd0800 Exception <a 'java/lang/ArrayIndexOutOfBoundsException'> (0x00000000edd42d00) thrown at [C:\src\android\AOSP-openjdk\external\jetbrains\jdk\hotspot\src\share\vm\runtime\sharedRuntime.cpp, line 605]

Events (10 events):
Event: 19.112 Thread 0x0000000016fd0800 DEOPT UNPACKING pc=0x0000000002cd556a sp=0x000000001758e2d0 mode 2
Event: 19.333 loading class com/android/dx/cf/attrib/AttConstantValue
Event: 19.333 loading class com/android/dx/cf/attrib/AttConstantValue done
Event: 19.513 Executing VM operation: ParallelGCFailedAllocation
Event: 19.737 Executing VM operation: ParallelGCFailedAllocation done
Event: 20.246 Thread 0x0000000016fc8000 Uncommon trap: trap_request=0xffffff65 fr.pc=0x00000000032c8e6c
Event: 20.246 Thread 0x0000000016fc8000 DEOPT PACKING pc=0x00000000032c8e6c sp=0x000000001738e380
Event: 20.246 Thread 0x0000000016fc8000 DEOPT UNPACKING pc=0x0000000002cd556a sp=0x000000001738e308 mode 2
Event: 21.630 loading class com/android/dx/cf/code/LocalVariableList$Item
Event: 21.630 loading class com/android/dx/cf/code/LocalVariableList$Item done


Dynamic libraries:
0x00007ff6d2bb0000 - 0x00007ff6d2be1000 	C:\Program Files\Android\Android Studio\jre\bin\java.exe
0x00007ffad9aa0000 - 0x00007ffad9c61000 	C:\WINDOWS\SYSTEM32\ntdll.dll
0x00007ffad7000000 - 0x00007ffad70ad000 	C:\WINDOWS\system32\KERNEL32.DLL
0x00007ffad6520000 - 0x00007ffad6708000 	C:\WINDOWS\system32\KERNELBASE.dll
0x00007ffad9430000 - 0x00007ffad94d7000 	C:\WINDOWS\system32\ADVAPI32.dll
0x00007ffad9130000 - 0x00007ffad91cd000 	C:\WINDOWS\system32\msvcrt.dll
0x00007ffad90d0000 - 0x00007ffad912b000 	C:\WINDOWS\system32\sechost.dll
0x00007ffad98b0000 - 0x00007ffad99cc000 	C:\WINDOWS\system32\RPCRT4.dll
0x00007ffad8ba0000 - 0x00007ffad8cf6000 	C:\WINDOWS\system32\USER32.dll
0x00007ffad92a0000 - 0x00007ffad9426000 	C:\WINDOWS\system32\GDI32.dll
0x00007ffacf3a0000 - 0x00007ffacf614000 	C:\WINDOWS\WinSxS\amd64_microsoft.windows.common-controls_6595b64144ccf1df_6.0.10586.672_none_a2d6b3cea53ff843\COMCTL32.dll
0x00007ffad9520000 - 0x00007ffad979d000 	C:\WINDOWS\system32\combase.dll
0x00007ffad63d0000 - 0x00007ffad643a000 	C:\WINDOWS\system32\bcryptPrimitives.dll
0x00007ffad94e0000 - 0x00007ffad951b000 	C:\WINDOWS\system32\IMM32.DLL
0x0000000065d40000 - 0x0000000065e12000 	C:\Program Files\Android\Android Studio\jre\jre\bin\msvcr100.dll
0x0000000065e20000 - 0x0000000066654000 	C:\Program Files\Android\Android Studio\jre\jre\bin\server\jvm.dll
0x00007ffad90b0000 - 0x00007ffad90b8000 	C:\WINDOWS\system32\PSAPI.DLL
0x00007ffad2d40000 - 0x00007ffad2d49000 	C:\WINDOWS\SYSTEM32\WSOCK32.dll
0x00007ffad9040000 - 0x00007ffad90ab000 	C:\WINDOWS\system32\WS2_32.dll
0x00007ffad34f0000 - 0x00007ffad3513000 	C:\WINDOWS\SYSTEM32\WINMM.dll
0x00007ffacd380000 - 0x00007ffacd38a000 	C:\WINDOWS\SYSTEM32\VERSION.dll
0x00007ffad3490000 - 0x00007ffad34bc000 	C:\WINDOWS\SYSTEM32\WINMMBASE.dll
0x00007ffad6440000 - 0x00007ffad6483000 	C:\WINDOWS\system32\cfgmgr32.dll
0x00007ffacf080000 - 0x00007ffacf08f000 	C:\Program Files\Android\Android Studio\jre\jre\bin\verify.dll
0x00007ffaca960000 - 0x00007ffaca989000 	C:\Program Files\Android\Android Studio\jre\jre\bin\java.dll
0x00007ffacefe0000 - 0x00007ffaceff6000 	C:\Program Files\Android\Android Studio\jre\jre\bin\zip.dll
0x00007ffad74f0000 - 0x00007ffad8a4c000 	C:\WINDOWS\system32\SHELL32.dll
0x00007ffad67d0000 - 0x00007ffad6e15000 	C:\WINDOWS\system32\windows.storage.dll
0x00007ffad91d0000 - 0x00007ffad9222000 	C:\WINDOWS\system32\shlwapi.dll
0x00007ffad6140000 - 0x00007ffad614f000 	C:\WINDOWS\system32\kernel.appcore.dll
0x00007ffad6710000 - 0x00007ffad67c5000 	C:\WINDOWS\system32\shcore.dll
0x00007ffad60f0000 - 0x00007ffad613b000 	C:\WINDOWS\system32\powrprof.dll
0x00007ffad60d0000 - 0x00007ffad60e4000 	C:\WINDOWS\system32\profapi.dll

VM Arguments:
jvm_args: -Djava.awt.headless=true -Xmx1024M -Dfile.encoding=windows-1252 -Duser.country=GB -Duser.language=en -Duser.variant 
java_command: com.android.dx.command.Main --dex --force-jumbo --num-threads=4 --multi-dex --output C:\Users\Thomas\AndroidStudioProjects\MrWhemps\app\build\intermediates\transforms\dex\debug\folders\1000\10\com.google.android.gms-play-services-ads-9.4.0_66afef4fa8bf1a1cd67637876d9d6bc47bc16660 C:\Users\Thomas\AndroidStudioProjects\MrWhemps\app\build\intermediates\exploded-aar\com.google.android.gms\play-services-ads\9.4.0\jars\classes.jar
java_class_path (initial): C:\Users\Thomas\AppData\Local\Android\sdk\build-tools\23.0.2\lib\dx.jar
Launcher Type: SUN_STANDARD

Environment Variables:
PATH=C:\Program Files (x86)\Intel\iCLS Client\;C:\Program Files\Intel\iCLS Client\;C:\Windows\system32;C:\Windows;C:\Windows\System32\Wbem;C:\Windows\System32\WindowsPowerShell\v1.0\;C:\Program Files (x86)\Intel\OpenCL SDK\2.0\bin\x86;C:\Program Files (x86)\Intel\OpenCL SDK\2.0\bin\x64;C:\Program Files\Intel\Intel(R) Management Engine Components\DAL;C:\Program Files\Intel\Intel(R) Management Engine Components\IPT;C:\Program Files (x86)\Intel\Intel(R) Management Engine Components\DAL;C:\Program Files (x86)\Intel\Intel(R) Management Engine Components\IPT;C:\Program Files (x86)\Windows Live\Shared;C:\Users\Thomas\AppData\Local\Smartbar\Application\;C:\WINDOWS\system32;C:\WINDOWS;C:\WINDOWS\System32\Wbem;C:\WINDOWS\System32\WindowsPowerShell\v1.0\;D:\Programs\bin;C:\Program Files\Microsoft SQL Server\110\Tools\Binn\;C:\Program Files\Microsoft SQL Server\120\Tools\Binn\;C:\Program Files\MiKTeX 2.9\miktex\bin\;C:\Program Files\MiKTeX 2.9\gs\gs8.71\bin\;C:\Program Files\Git\cmd;C:\Program Files (x86)\Skype\Phone\;C:\Program Files\Microsoft SQL Server\130\Tools\Binn\;C:\Program Files (x86)\Windows Kits\10\Windows Performance Toolkit\;C:\Program Files
USERNAME=Thomas
OS=Windows_NT
PROCESSOR_IDENTIFIER=Intel64 Family 6 Model 42 Stepping 7, GenuineIntel



---------------  S Y S T E M  ---------------

OS: Windows 10.0 , 64 bit Build 10586 (10.0.10586.589)

CPU:total 4 (2 cores per cpu, 2 threads per core) family 6 model 42 stepping 7, cmov, cx8, fxsr, mmx, sse, sse2, sse3, ssse3, sse4.1, sse4.2, popcnt, avx, clmul, ht, tsc, tscinvbit

Memory: 4k page, physical 4075172k(256080k free), swap 6565540k(5412k free)

vm_info: OpenJDK 64-Bit Server VM (25.76-b03) for windows-amd64 JRE (1.8.0_76-release-b03), built on Jun 29 2016 19:09:20 by "ralucas" with MS VC++ 10.0 (VS2010)

time: Sun Jan 15 16:07:04 2017
elapsed time: 21 seconds (0d 0h 0m 21s)

