#
# There is insufficient memory for the Java Runtime Environment to continue.
# Native memory allocation (malloc) failed to allocate 439216 bytes for Chunk::new
# Possible reasons:
#   The system is out of physical RAM or swap space
#   In 32 bit mode, the process size limit was hit
# Possible solutions:
#   Reduce memory load on the system
#   Increase physical memory or swap space
#   Check if swap backing store is full
#   Use 64 bit Java on a 64 bit OS
#   Decrease Java heap size (-Xmx/-Xms)
#   Decrease number of Java threads
#   Decrease Java thread stack sizes (-Xss)
#   Set larger code cache with -XX:ReservedCodeCacheSize=
# This output file may be truncated or incomplete.
#
#  Out of Memory Error (allocation.cpp:390), pid=2008, tid=0x0000000000002898
#
# JRE version: OpenJDK Runtime Environment (8.0_76-b03) (build 1.8.0_76-release-b03)
# Java VM: OpenJDK 64-Bit Server VM (25.76-b03 mixed mode windows-amd64 compressed oops)
# Failed to write core dump. Minidumps are not enabled by default on client versions of Windows
#

---------------  T H R E A D  ---------------

Current thread (0x0000000015020000):  JavaThread "C2 CompilerThread1" daemon [_thread_in_native, id=10392, stack(0x0000000016700000,0x0000000016800000)]

Stack: [0x0000000016700000,0x0000000016800000]
[error occurred during error reporting (printing stack bounds), id 0xc0000005]

Native frames: (J=compiled Java code, j=interpreted, Vv=VM code, C=native code)


Current CompileTask:
C2:  31604 1929 %     4       com.android.dx.ssa.SCCP::run @ 53 (298 bytes)


---------------  P R O C E S S  ---------------

Java Threads: ( => current thread )
  0x0000000016aa7800 JavaThread "pool-2-thread-4" [_thread_in_Java, id=9344, stack(0x0000000017300000,0x0000000017400000)]
  0x0000000016aa6000 JavaThread "pool-2-thread-3" [_thread_in_Java, id=6388, stack(0x0000000017200000,0x0000000017300000)]
  0x0000000016aa0000 JavaThread "pool-2-thread-2" [_thread_in_Java, id=3544, stack(0x0000000017100000,0x0000000017200000)]
  0x0000000016a99000 JavaThread "pool-3-thread-1" [_thread_blocked, id=9164, stack(0x0000000017000000,0x0000000017100000)]
  0x0000000016a95800 JavaThread "pool-2-thread-1" [_thread_in_Java, id=7444, stack(0x0000000016f00000,0x0000000017000000)]
  0x000000001680a800 JavaThread "Service Thread" daemon [_thread_blocked, id=10000, stack(0x0000000016d00000,0x0000000016e00000)]
  0x0000000016806800 JavaThread "C1 CompilerThread2" daemon [_thread_blocked, id=9456, stack(0x0000000016c00000,0x0000000016d00000)]
=>0x0000000015020000 JavaThread "C2 CompilerThread1" daemon [_thread_in_native, id=10392, stack(0x0000000016700000,0x0000000016800000)]
  0x0000000014fcb800 JavaThread "C2 CompilerThread0" daemon [_thread_in_native, id=9508, stack(0x0000000016600000,0x0000000016700000)]
  0x0000000014fca000 JavaThread "Attach Listener" daemon [_thread_blocked, id=11036, stack(0x0000000016500000,0x0000000016600000)]
  0x0000000014fc9000 JavaThread "Signal Dispatcher" daemon [_thread_blocked, id=2868, stack(0x0000000016400000,0x0000000016500000)]
  0x00000000028f6000 JavaThread "Finalizer" daemon [_thread_blocked, id=9564, stack(0x0000000016220000,0x0000000016320000)]
  0x0000000014f97000 JavaThread "Reference Handler" daemon [_thread_blocked, id=11888, stack(0x0000000016120000,0x0000000016220000)]
  0x00000000027fd800 JavaThread "main" [_thread_in_Java, id=1848, stack(0x00000000024b0000,0x00000000025b0000)]

Other Threads:
  0x0000000014f95000 VMThread [stack: 0x0000000016020000,0x0000000016120000] [id=7640]
  0x000000001680c000 WatcherThread [stack: 0x0000000016e00000,0x0000000016f00000] [id=4504]

VM state:not at safepoint (normal execution)

VM Mutex/Monitor currently owned by a thread: None

Heap:
 PSYoungGen      total 224768K, used 18239K [0x00000000eab00000, 0x0000000100000000, 0x0000000100000000)
  eden space 142336K, 12% used [0x00000000eab00000,0x00000000ebccff68,0x00000000f3600000)
  from space 82432K, 0% used [0x00000000f3600000,0x00000000f3600000,0x00000000f8680000)
  to   space 111616K, 0% used [0x00000000f9300000,0x00000000f9300000,0x0000000100000000)
 ParOldGen       total 246784K, used 86081K [0x00000000c0000000, 0x00000000cf100000, 0x00000000eab00000)
  object space 246784K, 34% used [0x00000000c0000000,0x00000000c54107a8,0x00000000cf100000)
 Metaspace       used 6392K, capacity 7154K, committed 7296K, reserved 1056768K
  class space    used 596K, capacity 618K, committed 640K, reserved 1048576K

Card table byte_map: [0x0000000011cc0000,0x0000000011ed0000] byte_map_base: 0x00000000116c0000

Marking Bits: (ParMarkBitMap*) 0x000000005e1a9d00
 Begin Bits: [0x0000000012430000, 0x0000000013430000)
 End Bits:   [0x0000000013430000, 0x0000000014430000)

Polling page: 0x0000000000a70000

CodeCache: size=245760Kb used=9773Kb max_used=9773Kb free=235986Kb
 bounds [0x0000000002900000, 0x00000000032a0000, 0x0000000011900000]
 total_blobs=2201 nmethods=1933 adapters=181
 compilation: enabled

Compilation events (10 events):
Event: 26.281 Thread 0x0000000015020000 nmethod 1923 0x00000000031c5790 code [0x00000000031c59a0, 0x00000000031c6878]
Event: 26.281 Thread 0x0000000015020000 1927 %     4       com.android.dx.ssa.SsaConverter::placePhiFunctions @ 229 (394 bytes)
Event: 26.323 Thread 0x0000000014fcb800 nmethod 1924 0x00000000031cb390 code [0x00000000031cb620, 0x00000000031cd1b0]
Event: 26.323 Thread 0x0000000014fcb800 1928       4       com.android.dx.ssa.SsaConverter::edgeSplitSuccessors (98 bytes)
Event: 28.146 Thread 0x0000000015020000 nmethod 1927% 0x00000000031d2cd0 code [0x00000000031d2f60, 0x00000000031d5118]
Event: 28.147 Thread 0x0000000015020000 1930 %     4       com.android.dx.ssa.SsaMethod::forEachBlockDepthFirstDom @ 76 (128 bytes)
Event: 28.189 Thread 0x0000000015020000 nmethod 1930% 0x00000000031c8ad0 code [0x00000000031c8ce0, 0x00000000031ca198]
Event: 28.189 Thread 0x0000000015020000 1932       4       com.android.dx.ssa.LiteralOpUpgrader$1::visitNonMoveInsn (203 bytes)
Event: 28.217 Thread 0x0000000015020000 nmethod 1932 0x00000000031ba310 code [0x00000000031ba680, 0x00000000031bb220]
Event: 28.217 Thread 0x0000000015020000 1929 %     4       com.android.dx.ssa.SCCP::run @ 53 (298 bytes)

GC Heap History (10 events):
Event: 23.033 GC heap before
{Heap before GC invocations=8 (full 1):
 PSYoungGen      total 124928K, used 121318K [0x00000000eab00000, 0x00000000f6d00000, 0x0000000100000000)
  eden space 111104K, 100% used [0x00000000eab00000,0x00000000f1780000,0x00000000f1780000)
  from space 13824K, 73% used [0x00000000f3880000,0x00000000f4279910,0x00000000f4600000)
  to   space 33792K, 0% used [0x00000000f1780000,0x00000000f1780000,0x00000000f3880000)
 ParOldGen       total 99840K, used 51867K [0x00000000c0000000, 0x00000000c6180000, 0x00000000eab00000)
  object space 99840K, 51% used [0x00000000c0000000,0x00000000c32a6ef8,0x00000000c6180000)
 Metaspace       used 6315K, capacity 7154K, committed 7296K, reserved 1056768K
  class space    used 595K, capacity 618K, committed 640K, reserved 1048576K
Event: 23.154 GC heap after
Heap after GC invocations=8 (full 1):
 PSYoungGen      total 144896K, used 33787K [0x00000000eab00000, 0x00000000fd700000, 0x0000000100000000)
  eden space 111104K, 0% used [0x00000000eab00000,0x00000000eab00000,0x00000000f1780000)
  from space 33792K, 99% used [0x00000000f1780000,0x00000000f387ed40,0x00000000f3880000)
  to   space 63488K, 0% used [0x00000000f9900000,0x00000000f9900000,0x00000000fd700000)
 ParOldGen       total 99840K, used 95836K [0x00000000c0000000, 0x00000000c6180000, 0x00000000eab00000)
  object space 99840K, 95% used [0x00000000c0000000,0x00000000c5d97140,0x00000000c6180000)
 Metaspace       used 6315K, capacity 7154K, committed 7296K, reserved 1056768K
  class space    used 595K, capacity 618K, committed 640K, reserved 1048576K
}
Event: 23.154 GC heap before
{Heap before GC invocations=9 (full 2):
 PSYoungGen      total 144896K, used 33787K [0x00000000eab00000, 0x00000000fd700000, 0x0000000100000000)
  eden space 111104K, 0% used [0x00000000eab00000,0x00000000eab00000,0x00000000f1780000)
  from space 33792K, 99% used [0x00000000f1780000,0x00000000f387ed40,0x00000000f3880000)
  to   space 63488K, 0% used [0x00000000f9900000,0x00000000f9900000,0x00000000fd700000)
 ParOldGen       total 99840K, used 95836K [0x00000000c0000000, 0x00000000c6180000, 0x00000000eab00000)
  object space 99840K, 95% used [0x00000000c0000000,0x00000000c5d97140,0x00000000c6180000)
 Metaspace       used 6315K, capacity 7154K, committed 7296K, reserved 1056768K
  class space    used 595K, capacity 618K, committed 640K, reserved 1048576K
Event: 24.755 GC heap after
Heap after GC invocations=9 (full 2):
 PSYoungGen      total 144896K, used 23540K [0x00000000eab00000, 0x00000000fd700000, 0x0000000100000000)
  eden space 111104K, 0% used [0x00000000eab00000,0x00000000eab00000,0x00000000f1780000)
  from space 33792K, 69% used [0x00000000f1780000,0x00000000f2e7d378,0x00000000f3880000)
  to   space 63488K, 0% used [0x00000000f9900000,0x00000000f9900000,0x00000000fd700000)
 ParOldGen       total 182784K, used 99349K [0x00000000c0000000, 0x00000000cb280000, 0x00000000eab00000)
  object space 182784K, 54% used [0x00000000c0000000,0x00000000c6105620,0x00000000cb280000)
 Metaspace       used 6315K, capacity 7154K, committed 7296K, reserved 1056768K
  class space    used 595K, capacity 618K, committed 640K, reserved 1048576K
}
Event: 25.681 GC heap before
{Heap before GC invocations=10 (full 2):
 PSYoungGen      total 144896K, used 134644K [0x00000000eab00000, 0x00000000fd700000, 0x0000000100000000)
  eden space 111104K, 100% used [0x00000000eab00000,0x00000000f1780000,0x00000000f1780000)
  from space 33792K, 69% used [0x00000000f1780000,0x00000000f2e7d378,0x00000000f3880000)
  to   space 63488K, 0% used [0x00000000f9900000,0x00000000f9900000,0x00000000fd700000)
 ParOldGen       total 182784K, used 99349K [0x00000000c0000000, 0x00000000cb280000, 0x00000000eab00000)
  object space 182784K, 54% used [0x00000000c0000000,0x00000000c6105620,0x00000000cb280000)
 Metaspace       used 6316K, capacity 7154K, committed 7296K, reserved 1056768K
  class space    used 595K, capacity 618K, committed 640K, reserved 1048576K
Event: 25.989 GC heap after
Heap after GC invocations=10 (full 2):
 PSYoungGen      total 193536K, used 63484K [0x00000000eab00000, 0x00000000fd700000, 0x0000000100000000)
  eden space 130048K, 0% used [0x00000000eab00000,0x00000000eab00000,0x00000000f2a00000)
  from space 63488K, 99% used [0x00000000f9900000,0x00000000fd6ff148,0x00000000fd700000)
  to   space 82432K, 0% used [0x00000000f3600000,0x00000000f3600000,0x00000000f8680000)
 ParOldGen       total 182784K, used 113357K [0x00000000c0000000, 0x00000000cb280000, 0x00000000eab00000)
  object space 182784K, 62% used [0x00000000c0000000,0x00000000c6eb3620,0x00000000cb280000)
 Metaspace       used 6316K, capacity 7154K, committed 7296K, reserved 1056768K
  class space    used 595K, capacity 618K, committed 640K, reserved 1048576K
}
Event: 26.363 GC heap before
{Heap before GC invocations=11 (full 2):
 PSYoungGen      total 193536K, used 193532K [0x00000000eab00000, 0x00000000fd700000, 0x0000000100000000)
  eden space 130048K, 100% used [0x00000000eab00000,0x00000000f2a00000,0x00000000f2a00000)
  from space 63488K, 99% used [0x00000000f9900000,0x00000000fd6ff148,0x00000000fd700000)
  to   space 82432K, 0% used [0x00000000f3600000,0x00000000f3600000,0x00000000f8680000)
 ParOldGen       total 182784K, used 113357K [0x00000000c0000000, 0x00000000cb280000, 0x00000000eab00000)
  object space 182784K, 62% used [0x00000000c0000000,0x00000000c6eb3620,0x00000000cb280000)
 Metaspace       used 6320K, capacity 7154K, committed 7296K, reserved 1056768K
  class space    used 596K, capacity 618K, committed 640K, reserved 1048576K
Event: 26.598 GC heap after
Heap after GC invocations=11 (full 2):
 PSYoungGen      total 224768K, used 82416K [0x00000000eab00000, 0x0000000100000000, 0x0000000100000000)
  eden space 142336K, 0% used [0x00000000eab00000,0x00000000eab00000,0x00000000f3600000)
  from space 82432K, 99% used [0x00000000f3600000,0x00000000f867c2d0,0x00000000f8680000)
  to   space 111616K, 0% used [0x00000000f9300000,0x00000000f9300000,0x0000000100000000)
 ParOldGen       total 182784K, used 146624K [0x00000000c0000000, 0x00000000cb280000, 0x00000000eab00000)
  object space 182784K, 80% used [0x00000000c0000000,0x00000000c8f301a0,0x00000000cb280000)
 Metaspace       used 6320K, capacity 7154K, committed 7296K, reserved 1056768K
  class space    used 596K, capacity 618K, committed 640K, reserved 1048576K
}
Event: 26.598 GC heap before
{Heap before GC invocations=12 (full 3):
 PSYoungGen      total 224768K, used 82416K [0x00000000eab00000, 0x0000000100000000, 0x0000000100000000)
  eden space 142336K, 0% used [0x00000000eab00000,0x00000000eab00000,0x00000000f3600000)
  from space 82432K, 99% used [0x00000000f3600000,0x00000000f867c2d0,0x00000000f8680000)
  to   space 111616K, 0% used [0x00000000f9300000,0x00000000f9300000,0x0000000100000000)
 ParOldGen       total 182784K, used 146624K [0x00000000c0000000, 0x00000000cb280000, 0x00000000eab00000)
  object space 182784K, 80% used [0x00000000c0000000,0x00000000c8f301a0,0x00000000cb280000)
 Metaspace       used 6320K, capacity 7154K, committed 7296K, reserved 1056768K
  class space    used 596K, capacity 618K, committed 640K, reserved 1048576K
Event: 28.142 GC heap after
Heap after GC invocations=12 (full 3):
 PSYoungGen      total 224768K, used 37890K [0x00000000eab00000, 0x0000000100000000, 0x0000000100000000)
  eden space 142336K, 0% used [0x00000000eab00000,0x00000000eab00000,0x00000000f3600000)
  from space 82432K, 45% used [0x00000000f3600000,0x00000000f5b00b00,0x00000000f8680000)
  to   space 111616K, 0% used [0x00000000f9300000,0x00000000f9300000,0x0000000100000000)
 ParOldGen       total 182784K, used 182692K [0x00000000c0000000, 0x00000000cb280000, 0x00000000eab00000)
  object space 182784K, 99% used [0x00000000c0000000,0x00000000cb269248,0x00000000cb280000)
 Metaspace       used 6320K, capacity 7154K, committed 7296K, reserved 1056768K
  class space    used 596K, capacity 618K, committed 640K, reserved 1048576K
}

Deoptimization events (10 events):
Event: 16.145 Thread 0x0000000016aa6000 Uncommon trap: reason=unstable_if action=reinterpret pc=0x0000000002ef4040 method=java.util.HashMap.getNode(ILjava/lang/Object;)Ljava/util/HashMap$Node; @ 84
Event: 17.241 Thread 0x0000000016aa6000 Uncommon trap: reason=bimorphic action=maybe_recompile pc=0x00000000030a0f90 method=com.android.dx.cf.code.BytecodeArray.parseInstruction(ILcom/android/dx/cf/code/BytecodeArray$Visitor;)I @ 1161
Event: 17.242 Thread 0x0000000016aa6000 Uncommon trap: reason=bimorphic action=maybe_recompile pc=0x00000000030a0f90 method=com.android.dx.cf.code.BytecodeArray.parseInstruction(ILcom/android/dx/cf/code/BytecodeArray$Visitor;)I @ 1161
Event: 18.378 Thread 0x0000000016aa6000 Uncommon trap: reason=unstable_if action=reinterpret pc=0x0000000002ffc340 method=java.util.HashMap.putVal(ILjava/lang/Object;Ljava/lang/Object;ZZ)Ljava/lang/Object; @ 162
Event: 18.388 Thread 0x0000000016aa6000 Uncommon trap: reason=unstable_if action=reinterpret pc=0x0000000002fc7b24 method=java.util.HashMap.getNode(ILjava/lang/Object;)Ljava/util/HashMap$Node; @ 84
Event: 25.321 Thread 0x0000000016aa7800 Uncommon trap: reason=class_check action=maybe_recompile pc=0x00000000030f6bf4 method=com.android.dx.ssa.SsaConverter.placePhiFunctions(Lcom/android/dx/ssa/SsaMethod;Lcom/android/dx/ssa/LocalVariableInfo;I)V @ 257
Event: 26.124 Thread 0x00000000027fd800 Uncommon trap: reason=class_check action=maybe_recompile pc=0x00000000030f6bf4 method=com.android.dx.ssa.SsaConverter.placePhiFunctions(Lcom/android/dx/ssa/SsaMethod;Lcom/android/dx/ssa/LocalVariableInfo;I)V @ 257
Event: 26.154 Thread 0x0000000016aa7800 Uncommon trap: reason=unstable_if action=reinterpret pc=0x0000000003021c4c method=java.util.HashMap.resize()[Ljava/util/HashMap$Node; @ 206
Event: 26.261 Thread 0x0000000016aa0000 Uncommon trap: reason=class_check action=maybe_recompile pc=0x00000000030f6bf4 method=com.android.dx.ssa.SsaConverter.placePhiFunctions(Lcom/android/dx/ssa/SsaMethod;Lcom/android/dx/ssa/LocalVariableInfo;I)V @ 257
Event: 26.275 Thread 0x0000000016a95800 Uncommon trap: reason=class_check action=maybe_recompile pc=0x00000000030f6bf4 method=com.android.dx.ssa.SsaConverter.placePhiFunctions(Lcom/android/dx/ssa/SsaMethod;Lcom/android/dx/ssa/LocalVariableInfo;I)V @ 257

Internal exceptions (5 events):
Event: 0.167 Thread 0x00000000027fd800 Exception <a 'java/lang/NoSuchMethodError': Method sun.misc.Unsafe.defineClass(Ljava/lang/String;[BII)Ljava/lang/Class; name or signature does not match> (0x00000000eab07cc0) thrown at [C:\src\android\AOSP-openjdk\external\jetbrains\jdk\hotspot\src\share\vÌàž„TÅ?
Event: 0.167 Thread 0x00000000027fd800 Exception <a 'java/lang/NoSuchMethodError': Method sun.misc.Unsafe.prefetchRead(Ljava/lang/Object;J)V name or signature does not match> (0x00000000eab07fa8) thrown at [C:\src\android\AOSP-openjdk\external\jetbrains\jdk\hotspot\src\share\vm\prims\jni.cpp, lŸÑñù$0@
Event: 16.141 Thread 0x0000000016aa6000 Exception <a 'java/lang/ArrayIndexOutOfBoundsException': 18> (0x00000000eddb3f78) thrown at [C:\src\android\AOSP-openjdk\external\jetbrains\jdk\hotspot\src\share\vm\interpreter\interpreterRuntime.cpp, line 366]
Event: 16.143 Thread 0x0000000016aa6000 Exception <a 'java/lang/ArrayIndexOutOfBoundsException'> (0x00000000eddb5af8) thrown at [C:\src\android\AOSP-openjdk\external\jetbrains\jdk\hotspot\src\share\vm\runtime\sharedRuntime.cpp, line 605]
Event: 16.144 Thread 0x0000000016aa6000 Exception <a 'java/lang/ArrayIndexOutOfBoundsException'> (0x00000000eddb6de0) thrown at [C:\src\android\AOSP-openjdk\external\jetbrains\jdk\hotspot\src\share\vm\runtime\sharedRuntime.cpp, line 605]

Events (10 events):
Event: 28.144 Thread 0x00000000027fd800 DEOPT PACKING pc=0x0000000002d6f66d sp=0x00000000025ae5e0
Event: 28.144 Thread 0x00000000027fd800 DEOPT UNPACKING pc=0x00000000029475bf sp=0x00000000025ae370 mode 0
Event: 28.146 Thread 0x0000000015020000 flushing nmethod 0x0000000002a0dd10
Event: 28.188 Thread 0x0000000016aa7800 DEOPT PACKING pc=0x0000000002d6f66d sp=0x00000000173fec00
Event: 28.188 Thread 0x0000000016aa7800 DEOPT UNPACKING pc=0x00000000029475bf sp=0x00000000173fe990 mode 0
Event: 28.205 Thread 0x0000000016aa6000 DEOPT PACKING pc=0x0000000002d5df8a sp=0x00000000172fe6c0
Event: 28.205 Thread 0x0000000016aa6000 DEOPT UNPACKING pc=0x00000000029475bf sp=0x00000000172fe500 mode 0
Event: 28.217 Thread 0x0000000015020000 flushing nmethod 0x0000000002ab3790
Event: 28.217 Thread 0x0000000015020000 flushing nmethod 0x0000000002ab3ad0
Event: 28.217 Thread 0x0000000015020000 flushing nmethod 0x0000000002ac5e50


Dynamic libraries:
0x00007ff6091e0000 - 0x00007ff609211000 	C:\Program Files\Android\Android Studio\jre\bin\java.exe
0x00007fff314c0000 - 0x00007fff31681000 	C:\WINDOWS\SYSTEM32\ntdll.dll
0x00007fff2eaa0000 - 0x00007fff2eb4d000 	C:\WINDOWS\system32\KERNEL32.DLL
0x00007fff2e030000 - 0x00007fff2e218000 	C:\WINDOWS\system32\KERNELBASE.dll
0x00007fff30780000 - 0x00007fff30827000 	C:\WINDOWS\system32\ADVAPI32.dll
0x00007fff31140000 - 0x00007fff311dd000 	C:\WINDOWS\system32\msvcrt.dll
0x00007fff30b70000 - 0x00007fff30bcb000 	C:\WINDOWS\system32\sechost.dll
0x00007fff2e8c0000 - 0x00007fff2e9dc000 	C:\WINDOWS\system32\RPCRT4.dll
0x00007fff2ef80000 - 0x00007fff2f0d6000 	C:\WINDOWS\system32\USER32.dll
0x00007fff30fb0000 - 0x00007fff31136000 	C:\WINDOWS\system32\GDI32.dll
0x00007fff257a0000 - 0x00007fff25a14000 	C:\WINDOWS\WinSxS\amd64_microsoft.windows.common-controls_6595b64144ccf1df_6.0.10586.672_none_a2d6b3cea53ff843\COMCTL32.dll
0x00007fff30bd0000 - 0x00007fff30e4d000 	C:\WINDOWS\system32\combase.dll
0x00007fff2dc60000 - 0x00007fff2dcca000 	C:\WINDOWS\system32\bcryptPrimitives.dll
0x00007fff30980000 - 0x00007fff309bb000 	C:\WINDOWS\system32\IMM32.DLL
0x000000005eea0000 - 0x000000005ef72000 	C:\Program Files\Android\Android Studio\jre\jre\bin\msvcr100.dll
0x000000005d9f0000 - 0x000000005e224000 	C:\Program Files\Android\Android Studio\jre\jre\bin\server\jvm.dll
0x00007fff30660000 - 0x00007fff30668000 	C:\WINDOWS\system32\PSAPI.DLL
0x00007fff1ce30000 - 0x00007fff1ce39000 	C:\WINDOWS\SYSTEM32\WSOCK32.dll
0x00007fff30aa0000 - 0x00007fff30b0b000 	C:\WINDOWS\system32\WS2_32.dll
0x00007fff2bd30000 - 0x00007fff2bd53000 	C:\WINDOWS\SYSTEM32\WINMM.dll
0x00007fff242a0000 - 0x00007fff242aa000 	C:\WINDOWS\SYSTEM32\VERSION.dll
0x00007fff2bd00000 - 0x00007fff2bd2c000 	C:\WINDOWS\SYSTEM32\WINMMBASE.dll
0x00007fff2e220000 - 0x00007fff2e263000 	C:\WINDOWS\system32\cfgmgr32.dll
0x00007fff2af00000 - 0x00007fff2af0f000 	C:\Program Files\Android\Android Studio\jre\jre\bin\verify.dll
0x00007fff2ad20000 - 0x00007fff2ad49000 	C:\Program Files\Android\Android Studio\jre\jre\bin\java.dll
0x00007fff2aee0000 - 0x00007fff2aef6000 	C:\Program Files\Android\Android Studio\jre\jre\bin\zip.dll
0x00007fff2f0e0000 - 0x00007fff3063c000 	C:\WINDOWS\system32\SHELL32.dll
0x00007fff2e270000 - 0x00007fff2e8b5000 	C:\WINDOWS\system32\windows.storage.dll
0x00007fff312b0000 - 0x00007fff31302000 	C:\WINDOWS\system32\shlwapi.dll
0x00007fff2db30000 - 0x00007fff2db3f000 	C:\WINDOWS\system32\kernel.appcore.dll
0x00007fff2dcd0000 - 0x00007fff2dd85000 	C:\WINDOWS\system32\shcore.dll
0x00007fff2dae0000 - 0x00007fff2db2b000 	C:\WINDOWS\system32\powrprof.dll
0x00007fff2db50000 - 0x00007fff2db64000 	C:\WINDOWS\system32\profapi.dll

VM Arguments:
jvm_args: -Djava.awt.headless=true -Xmx1024M -Dfile.encoding=windows-1252 -Duser.country=GB -Duser.language=en -Duser.variant 
java_command: com.android.dx.command.Main --dex --force-jumbo --num-threads=4 --multi-dex --output C:\Users\Thomas\AndroidStudioProjects\MrWhemps\app\build\intermediates\transforms\dex\debug\folders\1000\10\com.google.android.gms-play-services-ads-9.4.0_66afef4fa8bf1a1cd67637876d9d6bc47bc16660 C:\Users\Thomas\AndroidStudioProjects\MrWhemps\app\build\intermediates\exploded-aar\com.google.android.gms\play-services-ads\9.4.0\jars\classes.jar
java_class_path (initial): C:\Users\Thomas\AppData\Local\Android\sdk\build-tools\23.0.2\lib\dx.jar
Launcher Type: SUN_STANDARD

Environment Variables:
PATH=C:\Program Files (x86)\Intel\iCLS Client\;C:\Program Files\Intel\iCLS Client\;C:\Windows\system32;C:\Windows;C:\Windows\System32\Wbem;C:\Windows\System32\WindowsPowerShell\v1.0\;C:\Program Files (x86)\Intel\OpenCL SDK\2.0\bin\x86;C:\Program Files (x86)\Intel\OpenCL SDK\2.0\bin\x64;C:\Program Files\Intel\Intel(R) Management Engine Components\DAL;C:\Program Files\Intel\Intel(R) Management Engine Components\IPT;C:\Program Files (x86)\Intel\Intel(R) Management Engine Components\DAL;C:\Program Files (x86)\Intel\Intel(R) Management Engine Components\IPT;C:\Program Files (x86)\Windows Live\Shared;C:\Users\Thomas\AppData\Local\Smartbar\Application\;C:\WINDOWS\system32;C:\WINDOWS;C:\WINDOWS\System32\Wbem;C:\WINDOWS\System32\WindowsPowerShell\v1.0\;D:\Programs\bin;C:\Program Files\Microsoft SQL Server\110\Tools\Binn\;C:\Program Files\Microsoft SQL Server\120\Tools\Binn\;C:\Program Files\MiKTeX 2.9\miktex\bin\;C:\Program Files\MiKTeX 2.9\gs\gs8.71\bin\;C:\Program Files\Git\cmd;C:\Program Files (x86)\Skype\Phone\;C:\Program Files\Microsoft SQL Server\130\Tools\Binn\;C:\Program Files (x86)\Windows Kits\10\Windows Performance Toolkit\;C:\Program Files
USERNAME=Thomas
OS=Windows_NT
PROCESSOR_IDENTIFIER=Intel64 Family 6 Model 42 Stepping 7, GenuineIntel



---------------  S Y S T E M  ---------------

OS: Windows 10.0 , 64 bit Build 10586 (10.0.10586.589)

CPU:total 4 (2 cores per cpu, 2 threads per core) family 6 model 42 stepping 7, cmov, cx8, fxsr, mmx, sse, sse2, sse3, ssse3, sse4.1, sse4.2, popcnt, avx, clmul, ht, tsc, tscinvbit

Memory: 4k page, physical 4075172k(596784k free), swap 6565540k(364024k free)

vm_info: OpenJDK 64-Bit Server VM (25.76-b03) for windows-amd64 JRE (1.8.0_76-release-b03), built on Jun 29 2016 19:09:20 by "ralucas" with MS VC++ 10.0 (VS2010)

time: Sun Jan 01 16:55:16 2017
elapsed time: 32 seconds (0d 0h 0m 32s)

