#
# There is insufficient memory for the Java Runtime Environment to continue.
# Native memory allocation (malloc) failed to allocate 283616 bytes for Chunk::new
# Possible reasons:
#   The system is out of physical RAM or swap space
#   In 32 bit mode, the process size limit was hit
# Possible solutions:
#   Reduce memory load on the system
#   Increase physical memory or swap space
#   Check if swap backing store is full
#   Use 64 bit Java on a 64 bit OS
#   Decrease Java heap size (-Xmx/-Xms)
#   Decrease number of Java threads
#   Decrease Java thread stack sizes (-Xss)
#   Set larger code cache with -XX:ReservedCodeCacheSize=
# This output file may be truncated or incomplete.
#
#  Out of Memory Error (allocation.cpp:390), pid=2608, tid=0x0000000000002594
#
# JRE version: OpenJDK Runtime Environment (8.0_76-b03) (build 1.8.0_76-release-b03)
# Java VM: OpenJDK 64-Bit Server VM (25.76-b03 mixed mode windows-amd64 compressed oops)
# Failed to write core dump. Minidumps are not enabled by default on client versions of Windows
#

---------------  T H R E A D  ---------------

Current thread (0x000000001583b800):  JavaThread "C2 CompilerThread0" daemon [_thread_in_native, id=9620, stack(0x0000000016e70000,0x0000000016f70000)]

Stack: [0x0000000016e70000,0x0000000016f70000]
[error occurred during error reporting (printing stack bounds), id 0xc0000005]

Native frames: (J=compiled Java code, j=interpreted, Vv=VM code, C=native code)


Current CompileTask:
C2:   2641 1323       4       com.android.dx.ssa.SsaRenamer$BlockRenamer::process (191 bytes)


---------------  P R O C E S S  ---------------

Java Threads: ( => current thread )
  0x00000000173ec800 JavaThread "pool-2-thread-4" [_thread_in_Java, id=8600, stack(0x0000000017b70000,0x0000000017c70000)]
  0x00000000173e8800 JavaThread "pool-2-thread-3" [_thread_in_Java, id=14660, stack(0x0000000017a70000,0x0000000017b70000)]
  0x00000000173d7000 JavaThread "pool-2-thread-2" [_thread_in_Java, id=1464, stack(0x0000000017970000,0x0000000017a70000)]
  0x00000000173d4800 JavaThread "pool-3-thread-1" [_thread_blocked, id=13904, stack(0x0000000017870000,0x0000000017970000)]
  0x00000000174bf000 JavaThread "pool-2-thread-1" [_thread_in_vm, id=6288, stack(0x0000000017770000,0x0000000017870000)]
  0x000000001718b800 JavaThread "Service Thread" daemon [_thread_blocked, id=9112, stack(0x0000000017570000,0x0000000017670000)]
  0x000000001589b000 JavaThread "C1 CompilerThread2" daemon [_thread_in_native, id=2396, stack(0x0000000017070000,0x0000000017170000)]
  0x000000001583e800 JavaThread "C2 CompilerThread1" daemon [_thread_in_native, id=3592, stack(0x0000000016f70000,0x0000000017070000)]
=>0x000000001583b800 JavaThread "C2 CompilerThread0" daemon [_thread_in_native, id=9620, stack(0x0000000016e70000,0x0000000016f70000)]
  0x000000001583a000 JavaThread "Attach Listener" daemon [_thread_blocked, id=15024, stack(0x0000000016d70000,0x0000000016e70000)]
  0x0000000015839000 JavaThread "Signal Dispatcher" daemon [_thread_blocked, id=10216, stack(0x0000000016c70000,0x0000000016d70000)]
  0x0000000015828800 JavaThread "Finalizer" daemon [_thread_blocked, id=9368, stack(0x0000000016a90000,0x0000000016b90000)]
  0x0000000003160800 JavaThread "Reference Handler" daemon [_thread_blocked, id=15172, stack(0x0000000016990000,0x0000000016a90000)]
  0x0000000002f6d800 JavaThread "main" [_thread_in_Java, id=10504, stack(0x0000000002f70000,0x0000000003070000)]

Other Threads:
  0x0000000015805000 VMThread [stack: 0x0000000016890000,0x0000000016990000] [id=13672]
  0x000000001718d800 WatcherThread [stack: 0x0000000017670000,0x0000000017770000] [id=3728]

VM state:not at safepoint (normal execution)

VM Mutex/Monitor currently owned by a thread: None

Heap:
 PSYoungGen      total 35328K, used 28220K [0x00000000eab00000, 0x00000000ed000000, 0x0000000100000000)
  eden space 32768K, 78% used [0x00000000eab00000,0x00000000ec411ea8,0x00000000ecb00000)
  from space 2560K, 99% used [0x00000000ecb00000,0x00000000ecd7d228,0x00000000ecd80000)
  to   space 2560K, 0% used [0x00000000ecd80000,0x00000000ecd80000,0x00000000ed000000)
 ParOldGen       total 44032K, used 8593K [0x00000000c0000000, 0x00000000c2b00000, 0x00000000eab00000)
  object space 44032K, 19% used [0x00000000c0000000,0x00000000c08647f8,0x00000000c2b00000)
 Metaspace       used 6104K, capacity 7024K, committed 7296K, reserved 1056768K
  class space    used 571K, capacity 616K, committed 640K, reserved 1048576K

Card table byte_map: [0x0000000012530000,0x0000000012740000] byte_map_base: 0x0000000011f30000

Marking Bits: (ParMarkBitMap*) 0x00000000665d9d00
 Begin Bits: [0x0000000012ca0000, 0x0000000013ca0000)
 End Bits:   [0x0000000013ca0000, 0x0000000014ca0000)

Polling page: 0x0000000001690000

CodeCache: size=245760Kb used=4184Kb max_used=4184Kb free=241575Kb
 bounds [0x0000000003170000, 0x0000000003590000, 0x0000000012170000]
 total_blobs=1545 nmethods=1277 adapters=181
 compilation: enabled

Compilation events (10 events):
Event: 2.633 Thread 0x000000001589b000 nmethod 1519 0x0000000003582910 code [0x0000000003582b00, 0x00000000035830a8]
Event: 2.633 Thread 0x000000001589b000 1512       2       com.android.dx.cf.code.BaseMachine::auxTargetArg (6 bytes)
Event: 2.633 Thread 0x000000001589b000 nmethod 1512 0x00000000035834d0 code [0x0000000003583620, 0x0000000003583770]
Event: 2.633 Thread 0x000000001589b000 1490       2       com.android.dx.dex.code.RopTranslator::calculateParamsAreInOrder (37 bytes)
Event: 2.634 Thread 0x000000001589b000 nmethod 1490 0x0000000003583810 code [0x0000000003583980, 0x0000000003583cd8]
Event: 2.634 Thread 0x000000001589b000 1521       2       com.android.dx.ssa.back.LivenessAnalyzer::constructInterferenceGraph (47 bytes)
Event: 2.634 Thread 0x000000001589b000 nmethod 1521 0x0000000003583e90 code [0x0000000003584020, 0x0000000003584318]
Event: 2.634 Thread 0x000000001589b000 1523 %     3       com.android.dx.ssa.back.IdenticalBlockCombiner::process @ 253 (323 bytes)
Event: 2.637 Thread 0x000000001589b000 nmethod 1523% 0x00000000035844d0 code [0x0000000003584860, 0x0000000003586d98]
Event: 2.637 Thread 0x000000001589b000 1525       2       com.android.dx.ssa.back.FirstFitLocalCombiningAllocator::handleUnassociatedParameters (60 bytes)

GC Heap History (6 events):
Event: 1.071 GC heap before
{Heap before GC invocations=1 (full 0):
 PSYoungGen      total 18944K, used 16384K [0x00000000eab00000, 0x00000000ec000000, 0x0000000100000000)
  eden space 16384K, 100% used [0x00000000eab00000,0x00000000ebb00000,0x00000000ebb00000)
  from space 2560K, 0% used [0x00000000ebd80000,0x00000000ebd80000,0x00000000ec000000)
  to   space 2560K, 0% used [0x00000000ebb00000,0x00000000ebb00000,0x00000000ebd80000)
 ParOldGen       total 44032K, used 0K [0x00000000c0000000, 0x00000000c2b00000, 0x00000000eab00000)
  object space 44032K, 0% used [0x00000000c0000000,0x00000000c0000000,0x00000000c2b00000)
 Metaspace       used 5469K, capacity 6512K, committed 6784K, reserved 1056768K
  class space    used 566K, capacity 616K, committed 640K, reserved 1048576K
Event: 1.145 GC heap after
Heap after GC invocations=1 (full 0):
 PSYoungGen      total 18944K, used 2532K [0x00000000eab00000, 0x00000000ed000000, 0x0000000100000000)
  eden space 16384K, 0% used [0x00000000eab00000,0x00000000eab00000,0x00000000ebb00000)
  from space 2560K, 98% used [0x00000000ebb00000,0x00000000ebd792d0,0x00000000ebd80000)
  to   space 2560K, 0% used [0x00000000ecd80000,0x00000000ecd80000,0x00000000ed000000)
 ParOldGen       total 44032K, used 950K [0x00000000c0000000, 0x00000000c2b00000, 0x00000000eab00000)
  object space 44032K, 2% used [0x00000000c0000000,0x00000000c00ed9e8,0x00000000c2b00000)
 Metaspace       used 5469K, capacity 6512K, committed 6784K, reserved 1056768K
  class space    used 566K, capacity 616K, committed 640K, reserved 1048576K
}
Event: 1.495 GC heap before
{Heap before GC invocations=2 (full 0):
 PSYoungGen      total 18944K, used 18916K [0x00000000eab00000, 0x00000000ed000000, 0x0000000100000000)
  eden space 16384K, 100% used [0x00000000eab00000,0x00000000ebb00000,0x00000000ebb00000)
  from space 2560K, 98% used [0x00000000ebb00000,0x00000000ebd792d0,0x00000000ebd80000)
  to   space 2560K, 0% used [0x00000000ecd80000,0x00000000ecd80000,0x00000000ed000000)
 ParOldGen       total 44032K, used 950K [0x00000000c0000000, 0x00000000c2b00000, 0x00000000eab00000)
  object space 44032K, 2% used [0x00000000c0000000,0x00000000c00ed9e8,0x00000000c2b00000)
 Metaspace       used 5780K, capacity 6768K, committed 7040K, reserved 1056768K
  class space    used 570K, capacity 616K, committed 640K, reserved 1048576K
Event: 1.503 GC heap after
Heap after GC invocations=2 (full 0):
 PSYoungGen      total 35328K, used 2538K [0x00000000eab00000, 0x00000000ed000000, 0x0000000100000000)
  eden space 32768K, 0% used [0x00000000eab00000,0x00000000eab00000,0x00000000ecb00000)
  from space 2560K, 99% used [0x00000000ecd80000,0x00000000ecffaa90,0x00000000ed000000)
  to   space 2560K, 0% used [0x00000000ecb00000,0x00000000ecb00000,0x00000000ecd80000)
 ParOldGen       total 44032K, used 2902K [0x00000000c0000000, 0x00000000c2b00000, 0x00000000eab00000)
  object space 44032K, 6% used [0x00000000c0000000,0x00000000c02d58a8,0x00000000c2b00000)
 Metaspace       used 5780K, capacity 6768K, committed 7040K, reserved 1056768K
  class space    used 570K, capacity 616K, committed 640K, reserved 1048576K
}
Event: 2.021 GC heap before
{Heap before GC invocations=3 (full 0):
 PSYoungGen      total 35328K, used 35306K [0x00000000eab00000, 0x00000000ed000000, 0x0000000100000000)
  eden space 32768K, 100% used [0x00000000eab00000,0x00000000ecb00000,0x00000000ecb00000)
  from space 2560K, 99% used [0x00000000ecd80000,0x00000000ecffaa90,0x00000000ed000000)
  to   space 2560K, 0% used [0x00000000ecb00000,0x00000000ecb00000,0x00000000ecd80000)
 ParOldGen       total 44032K, used 2902K [0x00000000c0000000, 0x00000000c2b00000, 0x00000000eab00000)
  object space 44032K, 6% used [0x00000000c0000000,0x00000000c02d58a8,0x00000000c2b00000)
 Metaspace       used 5962K, capacity 6896K, committed 7040K, reserved 1056768K
  class space    used 570K, capacity 616K, committed 640K, reserved 1048576K
Event: 2.036 GC heap after
Heap after GC invocations=3 (full 0):
 PSYoungGen      total 35328K, used 2548K [0x00000000eab00000, 0x00000000ed000000, 0x0000000100000000)
  eden space 32768K, 0% used [0x00000000eab00000,0x00000000eab00000,0x00000000ecb00000)
  from space 2560K, 99% used [0x00000000ecb00000,0x00000000ecd7d228,0x00000000ecd80000)
  to   space 2560K, 0% used [0x00000000ecd80000,0x00000000ecd80000,0x00000000ed000000)
 ParOldGen       total 44032K, used 8593K [0x00000000c0000000, 0x00000000c2b00000, 0x00000000eab00000)
  object space 44032K, 19% used [0x00000000c0000000,0x00000000c08647f8,0x00000000c2b00000)
 Metaspace       used 5962K, capacity 6896K, committed 7040K, reserved 1056768K
  class space    used 570K, capacity 616K, committed 640K, reserved 1048576K
}

Deoptimization events (3 events):
Event: 0.637 Thread 0x0000000002f6d800 Uncommon trap: reason=unstable_if action=reinterpret pc=0x00000000032c2110 method=java.lang.String.indexOf(II)I @ 49
Event: 1.016 Thread 0x0000000002f6d800 Uncommon trap: reason=unstable_if action=reinterpret pc=0x000000000337519c method=java.lang.String.<init>([CII)V @ 18
Event: 1.158 Thread 0x0000000002f6d800 Uncommon trap: reason=unstable_if action=reinterpret pc=0x0000000003384388 method=java.util.HashMap.getNode(ILjava/lang/Object;)Ljava/util/HashMap$Node; @ 129

Internal exceptions (2 events):
Event: 0.207 Thread 0x0000000002f6d800 Exception <a 'java/lang/NoSuchMethodError': Method sun.misc.Unsafe.defineClass(Ljava/lang/String;[BII)Ljava/lang/Class; name or signature does not match> (0x00000000eab07cc0) thrown at [C:\src\android\AOSP-openjdk\external\jetbrains\jdk\hotspot\src\share\vmK
Event: 0.207 Thread 0x0000000002f6d800 Exception <a 'java/lang/NoSuchMethodError': Method sun.misc.Unsafe.prefetchRead(Ljava/lang/Object;J)V name or signature does not match> (0x00000000eab07fa8) thrown at [C:\src\android\AOSP-openjdk\external\jetbrains\jdk\hotspot\src\share\vm\prims\jni.cpp, l

Events (10 events):
Event: 2.160 Thread 0x000000001583b800 flushing nmethod 0x00000000032bbfd0
Event: 2.160 Thread 0x000000001583b800 flushing nmethod 0x00000000032bc6d0
Event: 2.160 Thread 0x000000001583b800 flushing nmethod 0x00000000032c1e90
Event: 2.160 Thread 0x000000001583b800 flushing nmethod 0x00000000032e6390
Event: 2.160 Thread 0x000000001583b800 flushing nmethod 0x00000000032e6910
Event: 2.160 Thread 0x000000001583b800 flushing nmethod 0x00000000032e8d50
Event: 2.437 Executing VM operation: ForceSafepoint
Event: 2.446 Executing VM operation: ForceSafepoint done
Event: 2.596 loading class com/android/dx/cf/code/LocalVariableList$Item
Event: 2.596 loading class com/android/dx/cf/code/LocalVariableList$Item done


Dynamic libraries:
0x00007ff7a0c80000 - 0x00007ff7a0cb1000 	C:\Program Files\Android\Android Studio\jre\bin\java.exe
0x00007ffad9aa0000 - 0x00007ffad9c61000 	C:\WINDOWS\SYSTEM32\ntdll.dll
0x00007ffad7000000 - 0x00007ffad70ad000 	C:\WINDOWS\system32\KERNEL32.DLL
0x00007ffad6520000 - 0x00007ffad6708000 	C:\WINDOWS\system32\KERNELBASE.dll
0x00007ffad9430000 - 0x00007ffad94d7000 	C:\WINDOWS\system32\ADVAPI32.dll
0x00007ffad9130000 - 0x00007ffad91cd000 	C:\WINDOWS\system32\msvcrt.dll
0x00007ffad90d0000 - 0x00007ffad912b000 	C:\WINDOWS\system32\sechost.dll
0x00007ffad98b0000 - 0x00007ffad99cc000 	C:\WINDOWS\system32\RPCRT4.dll
0x00007ffad8ba0000 - 0x00007ffad8cf6000 	C:\WINDOWS\system32\USER32.dll
0x00007ffad92a0000 - 0x00007ffad9426000 	C:\WINDOWS\system32\GDI32.dll
0x00007ffacf3a0000 - 0x00007ffacf614000 	C:\WINDOWS\WinSxS\amd64_microsoft.windows.common-controls_6595b64144ccf1df_6.0.10586.672_none_a2d6b3cea53ff843\COMCTL32.dll
0x00007ffad9520000 - 0x00007ffad979d000 	C:\WINDOWS\system32\combase.dll
0x00007ffad63d0000 - 0x00007ffad643a000 	C:\WINDOWS\system32\bcryptPrimitives.dll
0x00007ffad94e0000 - 0x00007ffad951b000 	C:\WINDOWS\system32\IMM32.DLL
0x0000000064c50000 - 0x0000000064d22000 	C:\Program Files\Android\Android Studio\jre\jre\bin\msvcr100.dll
0x0000000065e20000 - 0x0000000066654000 	C:\Program Files\Android\Android Studio\jre\jre\bin\server\jvm.dll
0x00007ffad90b0000 - 0x00007ffad90b8000 	C:\WINDOWS\system32\PSAPI.DLL
0x00007ffad2d40000 - 0x00007ffad2d49000 	C:\WINDOWS\SYSTEM32\WSOCK32.dll
0x00007ffad9040000 - 0x00007ffad90ab000 	C:\WINDOWS\system32\WS2_32.dll
0x00007ffad34f0000 - 0x00007ffad3513000 	C:\WINDOWS\SYSTEM32\WINMM.dll
0x00007ffacd380000 - 0x00007ffacd38a000 	C:\WINDOWS\SYSTEM32\VERSION.dll
0x00007ffad3490000 - 0x00007ffad34bc000 	C:\WINDOWS\SYSTEM32\WINMMBASE.dll
0x00007ffad6440000 - 0x00007ffad6483000 	C:\WINDOWS\system32\cfgmgr32.dll
0x00007ffacf080000 - 0x00007ffacf08f000 	C:\Program Files\Android\Android Studio\jre\jre\bin\verify.dll
0x00007ffaca960000 - 0x00007ffaca989000 	C:\Program Files\Android\Android Studio\jre\jre\bin\java.dll
0x00007ffacefe0000 - 0x00007ffaceff6000 	C:\Program Files\Android\Android Studio\jre\jre\bin\zip.dll
0x00007ffad74f0000 - 0x00007ffad8a4c000 	C:\WINDOWS\system32\SHELL32.dll
0x00007ffad67d0000 - 0x00007ffad6e15000 	C:\WINDOWS\system32\windows.storage.dll
0x00007ffad91d0000 - 0x00007ffad9222000 	C:\WINDOWS\system32\shlwapi.dll
0x00007ffad6140000 - 0x00007ffad614f000 	C:\WINDOWS\system32\kernel.appcore.dll
0x00007ffad6710000 - 0x00007ffad67c5000 	C:\WINDOWS\system32\shcore.dll
0x00007ffad60f0000 - 0x00007ffad613b000 	C:\WINDOWS\system32\powrprof.dll
0x00007ffad60d0000 - 0x00007ffad60e4000 	C:\WINDOWS\system32\profapi.dll

VM Arguments:
jvm_args: -Djava.awt.headless=true -Xmx1024M -Dfile.encoding=windows-1252 -Duser.country=GB -Duser.language=en -Duser.variant 
java_command: com.android.dx.command.Main --dex --force-jumbo --num-threads=4 --multi-dex --output C:\Users\Thomas\AndroidStudioProjects\MrWhemps\app\build\intermediates\transforms\dex\debug\folders\1000\10\com.google.android.gms-play-services-drive-9.4.0_ca6164b7164b565dca0d06db46dae868b45b184a C:\Users\Thomas\AndroidStudioProjects\MrWhemps\app\build\intermediates\exploded-aar\com.google.android.gms\play-services-drive\9.4.0\jars\classes.jar
java_class_path (initial): C:\Users\Thomas\AppData\Local\Android\sdk\build-tools\23.0.2\lib\dx.jar
Launcher Type: SUN_STANDARD

Environment Variables:
PATH=C:\Program Files (x86)\Intel\iCLS Client\;C:\Program Files\Intel\iCLS Client\;C:\Windows\system32;C:\Windows;C:\Windows\System32\Wbem;C:\Windows\System32\WindowsPowerShell\v1.0\;C:\Program Files (x86)\Intel\OpenCL SDK\2.0\bin\x86;C:\Program Files (x86)\Intel\OpenCL SDK\2.0\bin\x64;C:\Program Files\Intel\Intel(R) Management Engine Components\DAL;C:\Program Files\Intel\Intel(R) Management Engine Components\IPT;C:\Program Files (x86)\Intel\Intel(R) Management Engine Components\DAL;C:\Program Files (x86)\Intel\Intel(R) Management Engine Components\IPT;C:\Program Files (x86)\Windows Live\Shared;C:\Users\Thomas\AppData\Local\Smartbar\Application\;C:\WINDOWS\system32;C:\WINDOWS;C:\WINDOWS\System32\Wbem;C:\WINDOWS\System32\WindowsPowerShell\v1.0\;D:\Programs\bin;C:\Program Files\Microsoft SQL Server\110\Tools\Binn\;C:\Program Files\Microsoft SQL Server\120\Tools\Binn\;C:\Program Files\MiKTeX 2.9\miktex\bin\;C:\Program Files\MiKTeX 2.9\gs\gs8.71\bin\;C:\Program Files\Git\cmd;C:\Program Files (x86)\Skype\Phone\;C:\Program Files\Microsoft SQL Server\130\Tools\Binn\;C:\Program Files (x86)\Windows Kits\10\Windows Performance Toolkit\;C:\Program Files
USERNAME=Thomas
OS=Windows_NT
PROCESSOR_IDENTIFIER=Intel64 Family 6 Model 42 Stepping 7, GenuineIntel



---------------  S Y S T E M  ---------------

OS: Windows 10.0 , 64 bit Build 10586 (10.0.10586.589)

CPU:total 4 (2 cores per cpu, 2 threads per core) family 6 model 42 stepping 7, cmov, cx8, fxsr, mmx, sse, sse2, sse3, ssse3, sse4.1, sse4.2, popcnt, avx, clmul, ht, tsc, tscinvbit

Memory: 4k page, physical 4075172k(691368k free), swap 6565540k(5192k free)

vm_info: OpenJDK 64-Bit Server VM (25.76-b03) for windows-amd64 JRE (1.8.0_76-release-b03), built on Jun 29 2016 19:09:20 by "ralucas" with MS VC++ 10.0 (VS2010)

time: Sun Jan 15 17:36:49 2017
elapsed time: 2 seconds (0d 0h 0m 2s)

