#
# There is insufficient memory for the Java Runtime Environment to continue.
# Native memory allocation (malloc) failed to allocate 32744 bytes for ChunkPool::allocate
# Possible reasons:
#   The system is out of physical RAM or swap space
#   In 32 bit mode, the process size limit was hit
# Possible solutions:
#   Reduce memory load on the system
#   Increase physical memory or swap space
#   Check if swap backing store is full
#   Use 64 bit Java on a 64 bit OS
#   Decrease Java heap size (-Xmx/-Xms)
#   Decrease number of Java threads
#   Decrease Java thread stack sizes (-Xss)
#   Set larger code cache with -XX:ReservedCodeCacheSize=
# This output file may be truncated or incomplete.
#
#  Out of Memory Error (allocation.cpp:273), pid=10188, tid=0x0000000000001248
#
# JRE version: OpenJDK Runtime Environment (8.0_112-b06) (build 1.8.0_112-release-b06)
# Java VM: OpenJDK 64-Bit Server VM (25.112-b06 mixed mode windows-amd64 compressed oops)
# Failed to write core dump. Minidumps are not enabled by default on client versions of Windows
#

---------------  T H R E A D  ---------------

Current thread (0x00000000156f7800):  JavaThread "C2 CompilerThread0" daemon [_thread_in_native, id=4680, stack(0x0000000016d20000,0x0000000016e20000)]

Stack: [0x0000000016d20000,0x0000000016e20000]
[error occurred during error reporting (printing stack bounds), id 0xc0000005]

Native frames: (J=compiled Java code, j=interpreted, Vv=VM code, C=native code)


Current CompileTask:
C2:  41231 2777   !   4       com.android.dx.cf.code.Ropper::processBlock (1101 bytes)


---------------  P R O C E S S  ---------------

Java Threads: ( => current thread )
  0x0000000017b49800 JavaThread "pool-2-thread-4" [_thread_in_vm, id=9012, stack(0x0000000018220000,0x0000000018320000)]
  0x0000000017afd800 JavaThread "pool-2-thread-3" [_thread_in_Java, id=3676, stack(0x0000000018120000,0x0000000018220000)]
  0x0000000017a97800 JavaThread "pool-2-thread-2" [_thread_in_vm, id=2160, stack(0x0000000018020000,0x0000000018120000)]
  0x0000000017a96800 JavaThread "pool-3-thread-1" [_thread_blocked, id=9344, stack(0x0000000017f20000,0x0000000018020000)]
  0x00000000179dd800 JavaThread "pool-2-thread-1" [_thread_in_Java, id=5304, stack(0x0000000017e20000,0x0000000017f20000)]
  0x0000000017048800 JavaThread "Service Thread" daemon [_thread_blocked, id=5180, stack(0x0000000017420000,0x0000000017520000)]
  0x00000000156ec800 JavaThread "C1 CompilerThread2" daemon [_thread_blocked, id=5928, stack(0x0000000016f20000,0x0000000017020000)]
  0x00000000156e8000 JavaThread "C2 CompilerThread1" daemon [_thread_in_native, id=4304, stack(0x0000000016e20000,0x0000000016f20000)]
=>0x00000000156f7800 JavaThread "C2 CompilerThread0" daemon [_thread_in_native, id=4680, stack(0x0000000016d20000,0x0000000016e20000)]
  0x00000000156f6000 JavaThread "Attach Listener" daemon [_thread_blocked, id=7560, stack(0x0000000016c20000,0x0000000016d20000)]
  0x00000000156f4800 JavaThread "Signal Dispatcher" daemon [_thread_blocked, id=8912, stack(0x0000000016b20000,0x0000000016c20000)]
  0x00000000156d8800 JavaThread "Finalizer" daemon [_thread_blocked, id=544, stack(0x0000000016940000,0x0000000016a40000)]
  0x00000000156b6800 JavaThread "Reference Handler" daemon [_thread_blocked, id=368, stack(0x0000000016840000,0x0000000016940000)]
  0x0000000002ebd800 JavaThread "main" [_thread_in_native, id=1120, stack(0x0000000002d80000,0x0000000002e80000)]

Other Threads:
  0x00000000156b5000 VMThread [stack: 0x0000000016740000,0x0000000016840000] [id=7152]
  0x000000001574d000 WatcherThread [stack: 0x0000000017520000,0x0000000017620000] [id=5604]

VM state:not at safepoint (normal execution)

VM Mutex/Monitor currently owned by a thread: None

Heap:
 PSYoungGen      total 232960K, used 91785K [0x00000000eab00000, 0x0000000100000000, 0x0000000100000000)
  eden space 116736K, 64% used [0x00000000eab00000,0x00000000ef4adb70,0x00000000f1d00000)
  from space 116224K, 14% used [0x00000000f8e80000,0x00000000f9e74930,0x0000000100000000)
  to   space 116224K, 0% used [0x00000000f1d00000,0x00000000f1d00000,0x00000000f8e80000)
 ParOldGen       total 699392K, used 431512K [0x00000000c0000000, 0x00000000eab00000, 0x00000000eab00000)
  object space 699392K, 61% used [0x00000000c0000000,0x00000000da566058,0x00000000eab00000)
 Metaspace       used 6429K, capacity 7280K, committed 7552K, reserved 1056768K
  class space    used 587K, capacity 616K, committed 640K, reserved 1048576K

Card table byte_map: [0x00000000123e0000,0x00000000125f0000] byte_map_base: 0x0000000011de0000

Marking Bits: (ParMarkBitMap*) 0x00000000560218f0
 Begin Bits: [0x0000000012b50000, 0x0000000013b50000)
 End Bits:   [0x0000000013b50000, 0x0000000014b50000)

Polling page: 0x0000000001180000

CodeCache: size=245760Kb used=11468Kb max_used=11468Kb free=234291Kb
 bounds [0x0000000003020000, 0x0000000003ba0000, 0x0000000012020000]
 total_blobs=2585 nmethods=2322 adapters=176
 compilation: enabled

Compilation events (10 events):
Event: 40.506 Thread 0x00000000156ec800 2782       3       java.util.Arrays::sort (47 bytes)
Event: 40.507 Thread 0x00000000156ec800 nmethod 2782 0x00000000037f9150 code [0x00000000037f9300, 0x00000000037f9758]
Event: 40.510 Thread 0x00000000156ec800 2784       3       com.android.dx.cf.code.BytecodeArray$ConstantParserVisitor::clear (6 bytes)
Event: 40.510 Thread 0x00000000156ec800 nmethod 2784 0x00000000032ff990 code [0x00000000032ffae0, 0x00000000032ffc30]
Event: 40.529 Thread 0x00000000156ec800 2787       3       com.android.dx.dex.code.OutputFinisher::<init> (48 bytes)
Event: 40.530 Thread 0x00000000156ec800 nmethod 2787 0x00000000034f6fd0 code [0x00000000034f7140, 0x00000000034f73e8]
Event: 40.778 Thread 0x00000000156ec800 2795       2       com.android.dx.rop.code.Rops::opSub (29 bytes)
Event: 40.779 Thread 0x00000000156ec800 nmethod 2795 0x000000000327f110 code [0x000000000327f280, 0x000000000327f428]
Event: 40.861 Thread 0x00000000156ec800 2797       2       com.android.dx.rop.code.AccessFlags::isAnnotation (14 bytes)
Event: 40.861 Thread 0x00000000156ec800 nmethod 2797 0x000000000351a710 code [0x000000000351a860, 0x000000000351a9b0]

GC Heap History (10 events):
Event: 36.318 GC heap before
{Heap before GC invocations=35 (full 6):
 PSYoungGen      total 232960K, used 232945K [0x00000000eab00000, 0x0000000100000000, 0x0000000100000000)
  eden space 116736K, 100% used [0x00000000eab00000,0x00000000f1d00000,0x00000000f1d00000)
  from space 116224K, 99% used [0x00000000f8e80000,0x00000000ffffc6f0,0x0000000100000000)
  to   space 116224K, 0% used [0x00000000f1d00000,0x00000000f1d00000,0x00000000f8e80000)
 ParOldGen       total 680960K, used 461771K [0x00000000c0000000, 0x00000000e9900000, 0x00000000eab00000)
  object space 680960K, 67% used [0x00000000c0000000,0x00000000dc2f2d08,0x00000000e9900000)
 Metaspace       used 6426K, capacity 7280K, committed 7552K, reserved 1056768K
  class space    used 586K, capacity 616K, committed 640K, reserved 1048576K
Event: 36.459 GC heap after
Heap after GC invocations=35 (full 6):
 PSYoungGen      total 232960K, used 116216K [0x00000000eab00000, 0x0000000100000000, 0x0000000100000000)
  eden space 116736K, 0% used [0x00000000eab00000,0x00000000eab00000,0x00000000f1d00000)
  from space 116224K, 99% used [0x00000000f1d00000,0x00000000f8e7e2b8,0x00000000f8e80000)
  to   space 116224K, 0% used [0x00000000f8e80000,0x00000000f8e80000,0x0000000100000000)
 ParOldGen       total 680960K, used 482576K [0x00000000c0000000, 0x00000000e9900000, 0x00000000eab00000)
  object space 680960K, 70% used [0x00000000c0000000,0x00000000dd744008,0x00000000e9900000)
 Metaspace       used 6426K, capacity 7280K, committed 7552K, reserved 1056768K
  class space    used 586K, capacity 616K, committed 640K, reserved 1048576K
}
Event: 37.578 GC heap before
{Heap before GC invocations=36 (full 6):
 PSYoungGen      total 232960K, used 232952K [0x00000000eab00000, 0x0000000100000000, 0x0000000100000000)
  eden space 116736K, 100% used [0x00000000eab00000,0x00000000f1d00000,0x00000000f1d00000)
  from space 116224K, 99% used [0x00000000f1d00000,0x00000000f8e7e2b8,0x00000000f8e80000)
  to   space 116224K, 0% used [0x00000000f8e80000,0x00000000f8e80000,0x0000000100000000)
 ParOldGen       total 680960K, used 482576K [0x00000000c0000000, 0x00000000e9900000, 0x00000000eab00000)
  object space 680960K, 70% used [0x00000000c0000000,0x00000000dd744008,0x00000000e9900000)
 Metaspace       used 6428K, capacity 7280K, committed 7552K, reserved 1056768K
  class space    used 587K, capacity 616K, committed 640K, reserved 1048576K
Event: 37.827 GC heap after
Heap after GC invocations=36 (full 6):
 PSYoungGen      total 232960K, used 85406K [0x00000000eab00000, 0x0000000100000000, 0x0000000100000000)
  eden space 116736K, 0% used [0x00000000eab00000,0x00000000eab00000,0x00000000f1d00000)
  from space 116224K, 73% used [0x00000000f8e80000,0x00000000fe1e7aa8,0x0000000100000000)
  to   space 116224K, 0% used [0x00000000f1d00000,0x00000000f1d00000,0x00000000f8e80000)
 ParOldGen       total 680960K, used 533587K [0x00000000c0000000, 0x00000000e9900000, 0x00000000eab00000)
  object space 680960K, 78% used [0x00000000c0000000,0x00000000e0914ff0,0x00000000e9900000)
 Metaspace       used 6428K, capacity 7280K, committed 7552K, reserved 1056768K
  class space    used 587K, capacity 616K, committed 640K, reserved 1048576K
}
Event: 38.409 GC heap before
{Heap before GC invocations=37 (full 6):
 PSYoungGen      total 232960K, used 202142K [0x00000000eab00000, 0x0000000100000000, 0x0000000100000000)
  eden space 116736K, 100% used [0x00000000eab00000,0x00000000f1d00000,0x00000000f1d00000)
  from space 116224K, 73% used [0x00000000f8e80000,0x00000000fe1e7aa8,0x0000000100000000)
  to   space 116224K, 0% used [0x00000000f1d00000,0x00000000f1d00000,0x00000000f8e80000)
 ParOldGen       total 680960K, used 535313K [0x00000000c0000000, 0x00000000e9900000, 0x00000000eab00000)
  object space 680960K, 78% used [0x00000000c0000000,0x00000000e0ac46c8,0x00000000e9900000)
 Metaspace       used 6428K, capacity 7280K, committed 7552K, reserved 1056768K
  class space    used 587K, capacity 616K, committed 640K, reserved 1048576K
Event: 38.581 GC heap after
Heap after GC invocations=37 (full 6):
 PSYoungGen      total 232960K, used 36783K [0x00000000eab00000, 0x0000000100000000, 0x0000000100000000)
  eden space 116736K, 0% used [0x00000000eab00000,0x00000000eab00000,0x00000000f1d00000)
  from space 116224K, 31% used [0x00000000f1d00000,0x00000000f40ebf20,0x00000000f8e80000)
  to   space 116224K, 0% used [0x00000000f8e80000,0x00000000f8e80000,0x0000000100000000)
 ParOldGen       total 680960K, used 602466K [0x00000000c0000000, 0x00000000e9900000, 0x00000000eab00000)
  object space 680960K, 88% used [0x00000000c0000000,0x00000000e4c58920,0x00000000e9900000)
 Metaspace       used 6428K, capacity 7280K, committed 7552K, reserved 1056768K
  class space    used 587K, capacity 616K, committed 640K, reserved 1048576K
}
Event: 38.581 GC heap before
{Heap before GC invocations=38 (full 7):
 PSYoungGen      total 232960K, used 36783K [0x00000000eab00000, 0x0000000100000000, 0x0000000100000000)
  eden space 116736K, 0% used [0x00000000eab00000,0x00000000eab00000,0x00000000f1d00000)
  from space 116224K, 31% used [0x00000000f1d00000,0x00000000f40ebf20,0x00000000f8e80000)
  to   space 116224K, 0% used [0x00000000f8e80000,0x00000000f8e80000,0x0000000100000000)
 ParOldGen       total 680960K, used 602466K [0x00000000c0000000, 0x00000000e9900000, 0x00000000eab00000)
  object space 680960K, 88% used [0x00000000c0000000,0x00000000e4c58920,0x00000000e9900000)
 Metaspace       used 6428K, capacity 7280K, committed 7552K, reserved 1056768K
  class space    used 587K, capacity 616K, committed 640K, reserved 1048576K
Event: 40.389 GC heap after
Heap after GC invocations=38 (full 7):
 PSYoungGen      total 232960K, used 0K [0x00000000eab00000, 0x0000000100000000, 0x0000000100000000)
  eden space 116736K, 0% used [0x00000000eab00000,0x00000000eab00000,0x00000000f1d00000)
  from space 116224K, 0% used [0x00000000f1d00000,0x00000000f1d00000,0x00000000f8e80000)
  to   space 116224K, 0% used [0x00000000f8e80000,0x00000000f8e80000,0x0000000100000000)
 ParOldGen       total 699392K, used 431510K [0x00000000c0000000, 0x00000000eab00000, 0x00000000eab00000)
  object space 699392K, 61% used [0x00000000c0000000,0x00000000da5659d8,0x00000000eab00000)
 Metaspace       used 6428K, capacity 7280K, committed 7552K, reserved 1056768K
  class space    used 587K, capacity 616K, committed 640K, reserved 1048576K
}
Event: 40.922 GC heap before
{Heap before GC invocations=39 (full 7):
 PSYoungGen      total 232960K, used 116736K [0x00000000eab00000, 0x0000000100000000, 0x0000000100000000)
  eden space 116736K, 100% used [0x00000000eab00000,0x00000000f1d00000,0x00000000f1d00000)
  from space 116224K, 0% used [0x00000000f1d00000,0x00000000f1d00000,0x00000000f8e80000)
  to   space 116224K, 0% used [0x00000000f8e80000,0x00000000f8e80000,0x0000000100000000)
 ParOldGen       total 699392K, used 431512K [0x00000000c0000000, 0x00000000eab00000, 0x00000000eab00000)
  object space 699392K, 61% used [0x00000000c0000000,0x00000000da566058,0x00000000eab00000)
 Metaspace       used 6429K, capacity 7280K, committed 7552K, reserved 1056768K
  class space    used 587K, capacity 616K, committed 640K, reserved 1048576K
Event: 40.983 GC heap after
Heap after GC invocations=39 (full 7):
 PSYoungGen      total 232960K, used 16338K [0x00000000eab00000, 0x0000000100000000, 0x0000000100000000)
  eden space 116736K, 0% used [0x00000000eab00000,0x00000000eab00000,0x00000000f1d00000)
  from space 116224K, 14% used [0x00000000f8e80000,0x00000000f9e74930,0x0000000100000000)
  to   space 116224K, 0% used [0x00000000f1d00000,0x00000000f1d00000,0x00000000f8e80000)
 ParOldGen       total 699392K, used 431512K [0x00000000c0000000, 0x00000000eab00000, 0x00000000eab00000)
  object space 699392K, 61% used [0x00000000c0000000,0x00000000da566058,0x00000000eab00000)
 Metaspace       used 6429K, capacity 7280K, committed 7552K, reserved 1056768K
  class space    used 587K, capacity 616K, committed 640K, reserved 1048576K
}

Deoptimization events (10 events):
Event: 22.540 Thread 0x0000000002ebd800 Uncommon trap: reason=class_check action=maybe_recompile pc=0x000000000315b4f8 method=com.android.dx.ssa.back.InterferenceGraph.mergeInterferenceSet(ILcom/android/dx/util/IntSet;)V @ 20
Event: 22.547 Thread 0x0000000002ebd800 Uncommon trap: reason=class_check action=maybe_recompile pc=0x0000000003a7e454 method=com.android.dx.ssa.back.InterferenceGraph.mergeInterferenceSet(ILcom/android/dx/util/IntSet;)V @ 20
Event: 22.547 Thread 0x0000000002ebd800 Uncommon trap: reason=class_check action=maybe_recompile pc=0x000000000315b4f8 method=com.android.dx.ssa.back.InterferenceGraph.mergeInterferenceSet(ILcom/android/dx/util/IntSet;)V @ 20
Event: 25.173 Thread 0x00000000179dd800 Uncommon trap: reason=class_check action=maybe_recompile pc=0x0000000003a2b258 method=com.android.dx.ssa.SsaConverter.placePhiFunctions(Lcom/android/dx/ssa/SsaMethod;Lcom/android/dx/ssa/LocalVariableInfo;I)V @ 257
Event: 25.607 Thread 0x0000000017afd800 Uncommon trap: reason=class_check action=maybe_recompile pc=0x0000000003a2b258 method=com.android.dx.ssa.SsaConverter.placePhiFunctions(Lcom/android/dx/ssa/SsaMethod;Lcom/android/dx/ssa/LocalVariableInfo;I)V @ 257
Event: 28.333 Thread 0x0000000017b49800 Uncommon trap: reason=class_check action=maybe_recompile pc=0x0000000003a2b258 method=com.android.dx.ssa.SsaConverter.placePhiFunctions(Lcom/android/dx/ssa/SsaMethod;Lcom/android/dx/ssa/LocalVariableInfo;I)V @ 257
Event: 34.274 Thread 0x0000000017a97800 Uncommon trap: reason=unstable_if action=reinterpret pc=0x00000000036baf98 method=java.util.HashMap$TreeNode.find(ILjava/lang/Object;Ljava/lang/Class;)Ljava/util/HashMap$TreeNode; @ 102
Event: 38.007 Thread 0x0000000017b49800 Uncommon trap: reason=unstable_if action=reinterpret pc=0x000000000384bee8 method=com.android.dx.cf.code.Ropper.processBlock(Lcom/android/dx/cf/code/ByteBlock;Lcom/android/dx/cf/code/Frame;[I)V @ 651
Event: 41.004 Thread 0x0000000017a97800 Uncommon trap: reason=class_check action=maybe_recompile pc=0x000000000398db10 method=com.android.dx.ssa.SCCP.simulateBranch(Lcom/android/dx/ssa/SsaInsn;)V @ 339
Event: 41.133 Thread 0x0000000017afd800 Uncommon trap: reason=unstable_if action=reinterpret pc=0x0000000003ad8a88 method=com.android.dx.cf.code.RopperMachine.run(Lcom/android/dx/cf/code/Frame;II)V @ 356

Internal exceptions (8 events):
Event: 0.037 Thread 0x0000000002ebd800 Exception <a 'java/lang/NoSuchMethodError': Method sun.misc.Unsafe.defineClass(Ljava/lang/String;[BII)Ljava/lang/Class; name or signature does not match> (0x00000000eab07c78) thrown at [C:\src\android\AOSP-openjdk\external\jetbrains\jdk\hotspot\src\share\vª]aø¢?
Event: 0.037 Thread 0x0000000002ebd800 Exception <a 'java/lang/NoSuchMethodError': Method sun.misc.Unsafe.prefetchRead(Ljava/lang/Object;J)V name or signature does not match> (0x00000000eab07f60) thrown at [C:\src\android\AOSP-openjdk\external\jetbrains\jdk\hotspot\src\share\vm\prims\jni.cpp, l⁄åÊKz…ı?
Event: 1.362 Thread 0x0000000017afd800 Implicit null exception at 0x00000000033e0c8c to 0x00000000033e3259
Event: 1.960 Thread 0x0000000017a97800 Implicit null exception at 0x00000000034b7c18 to 0x00000000034b7d85
Event: 2.189 Thread 0x0000000017b49800 Exception <a 'java/lang/ArrayIndexOutOfBoundsException': 18> (0x00000000ec6a3f20) thrown at [C:\src\android\AOSP-openjdk\external\jetbrains\jdk\hotspot\src\share\vm\interpreter\interpreterRuntime.cpp, line 366]
Event: 2.189 Thread 0x0000000017b49800 Exception <a 'java/lang/ArrayIndexOutOfBoundsException': 145> (0x00000000ec6a5aa0) thrown at [C:\src\android\AOSP-openjdk\external\jetbrains\jdk\hotspot\src\share\vm\interpreter\interpreterRuntime.cpp, line 366]
Event: 2.191 Thread 0x0000000017b49800 Exception <a 'java/lang/ArrayIndexOutOfBoundsException'> (0x00000000ec6a6d88) thrown at [C:\src\android\AOSP-openjdk\external\jetbrains\jdk\hotspot\src\share\vm\runtime\sharedRuntime.cpp, line 605]
Event: 15.342 Thread 0x00000000179dd800 Implicit null exception at 0x0000000003a66ff8 to 0x0000000003a6c249

Events (10 events):
Event: 40.673 Thread 0x00000000179dd800 DEOPT UNPACKING pc=0x00000000030675bf sp=0x0000000017f1ec20 mode 0
Event: 40.921 Executing VM operation: ParallelGCFailedAllocation
Event: 40.984 Executing VM operation: ParallelGCFailedAllocation done
Event: 41.004 Thread 0x0000000017a97800 Uncommon trap: trap_request=0xffffffde fr.pc=0x000000000398db10
Event: 41.004 Thread 0x0000000017a97800 DEOPT PACKING pc=0x000000000398db10 sp=0x000000001811ea00
Event: 41.004 Thread 0x0000000017a97800 DEOPT UNPACKING pc=0x000000000306556a sp=0x000000001811e9e8 mode 2
Event: 41.008 Thread 0x0000000017a97800 Uncommon trap: trap_request=0xffffffde fr.pc=0x000000000398db10
Event: 41.133 Thread 0x0000000017afd800 Uncommon trap: trap_request=0xffffff65 fr.pc=0x0000000003ad8a88
Event: 41.133 Thread 0x0000000017afd800 DEOPT PACKING pc=0x0000000003ad8a88 sp=0x000000001821e2d0
Event: 41.133 Thread 0x0000000017afd800 DEOPT UNPACKING pc=0x000000000306556a sp=0x000000001821e290 mode 2


Dynamic libraries:
0x00007ff6f9e60000 - 0x00007ff6f9e91000 	C:\Program Files\Android\Android Studio\jre\bin\java.exe
0x00007ffb52ea0000 - 0x00007ffb53061000 	C:\WINDOWS\SYSTEM32\ntdll.dll
0x00007ffb528f0000 - 0x00007ffb5299d000 	C:\WINDOWS\system32\KERNEL32.DLL
0x00007ffb4fed0000 - 0x00007ffb500b8000 	C:\WINDOWS\system32\KERNELBASE.dll
0x00007ffb52c60000 - 0x00007ffb52d07000 	C:\WINDOWS\system32\ADVAPI32.dll
0x00007ffb51a20000 - 0x00007ffb51abd000 	C:\WINDOWS\system32\msvcrt.dll
0x00007ffb502a0000 - 0x00007ffb502fb000 	C:\WINDOWS\system32\sechost.dll
0x00007ffb51f90000 - 0x00007ffb520ac000 	C:\WINDOWS\system32\RPCRT4.dll
0x00007ffb52790000 - 0x00007ffb528e6000 	C:\WINDOWS\system32\USER32.dll
0x00007ffb52ad0000 - 0x00007ffb52c57000 	C:\WINDOWS\system32\GDI32.dll
0x00007ffb49b90000 - 0x00007ffb49e04000 	C:\WINDOWS\WinSxS\amd64_microsoft.windows.common-controls_6595b64144ccf1df_6.0.10586.839_none_a2ddba30a539a2ae\COMCTL32.dll
0x00007ffb51ac0000 - 0x00007ffb51d3e000 	C:\WINDOWS\system32\combase.dll
0x00007ffb4fe60000 - 0x00007ffb4feca000 	C:\WINDOWS\system32\bcryptPrimitives.dll
0x00007ffb51f50000 - 0x00007ffb51f8b000 	C:\WINDOWS\system32\IMM32.DLL
0x0000000056930000 - 0x0000000056a02000 	C:\Program Files\Android\Android Studio\jre\jre\bin\msvcr100.dll
0x0000000055860000 - 0x000000005609c000 	C:\Program Files\Android\Android Studio\jre\jre\bin\server\jvm.dll
0x00007ffb52e90000 - 0x00007ffb52e98000 	C:\WINDOWS\system32\PSAPI.DLL
0x00007ffb43cb0000 - 0x00007ffb43cb9000 	C:\WINDOWS\SYSTEM32\WSOCK32.dll
0x00007ffb4db90000 - 0x00007ffb4dbb3000 	C:\WINDOWS\SYSTEM32\WINMM.dll
0x00007ffb4ac60000 - 0x00007ffb4ac6a000 	C:\WINDOWS\SYSTEM32\VERSION.dll
0x00007ffb520b0000 - 0x00007ffb5211b000 	C:\WINDOWS\system32\WS2_32.dll
0x00007ffb4da50000 - 0x00007ffb4da7c000 	C:\WINDOWS\SYSTEM32\WINMMBASE.dll
0x00007ffb50250000 - 0x00007ffb50293000 	C:\WINDOWS\system32\cfgmgr32.dll
0x00007ffb4cd30000 - 0x00007ffb4cd3f000 	C:\Program Files\Android\Android Studio\jre\jre\bin\verify.dll
0x00007ffb423e0000 - 0x00007ffb42409000 	C:\Program Files\Android\Android Studio\jre\jre\bin\java.dll
0x00007ffb462f0000 - 0x00007ffb46306000 	C:\Program Files\Android\Android Studio\jre\jre\bin\zip.dll
0x00007ffb50370000 - 0x00007ffb518cc000 	C:\WINDOWS\system32\SHELL32.dll
0x00007ffb4f810000 - 0x00007ffb4fe54000 	C:\WINDOWS\system32\windows.storage.dll
0x00007ffb526b0000 - 0x00007ffb52702000 	C:\WINDOWS\system32\shlwapi.dll
0x00007ffb4f4e0000 - 0x00007ffb4f4ef000 	C:\WINDOWS\system32\kernel.appcore.dll
0x00007ffb500c0000 - 0x00007ffb50175000 	C:\WINDOWS\system32\shcore.dll
0x00007ffb4f4f0000 - 0x00007ffb4f53b000 	C:\WINDOWS\system32\powrprof.dll
0x00007ffb4f4c0000 - 0x00007ffb4f4d4000 	C:\WINDOWS\system32\profapi.dll

VM Arguments:
jvm_args: -Djava.awt.headless=true -Xmx1024M -Dfile.encoding=windows-1252 -Duser.country=GB -Duser.language=en -Duser.variant 
java_command: com.android.dx.command.Main --dex --num-threads=4 --multi-dex --main-dex-list C:\Users\Thomas\AndroidStudioProjects\MrWhemps\app\build\intermediates\multi-dex\release\maindexlist.txt --output C:\Users\Thomas\AndroidStudioProjects\MrWhemps\app\build\intermediates\transforms\dex\release\folders\1000\1f\main C:\Users\Thomas\AndroidStudioProjects\MrWhemps\app\build\intermediates\transforms\jarMerging\release\jars\1\1f\combined.jar
java_class_path (initial): C:\Users\Thomas\AppData\Local\Android\sdk\build-tools\25.0.0\lib\dx.jar
Launcher Type: SUN_STANDARD

Environment Variables:
PATH=C:\Program Files (x86)\Intel\iCLS Client\;C:\Program Files\Intel\iCLS Client\;C:\Windows\system32;C:\Windows;C:\Windows\System32\Wbem;C:\Windows\System32\WindowsPowerShell\v1.0\;C:\Program Files (x86)\Intel\OpenCL SDK\2.0\bin\x86;C:\Program Files (x86)\Intel\OpenCL SDK\2.0\bin\x64;C:\Program Files\Intel\Intel(R) Management Engine Components\DAL;C:\Program Files\Intel\Intel(R) Management Engine Components\IPT;C:\Program Files (x86)\Intel\Intel(R) Management Engine Components\DAL;C:\Program Files (x86)\Intel\Intel(R) Management Engine Components\IPT;C:\Program Files (x86)\Windows Live\Shared;C:\Users\Thomas\AppData\Local\Smartbar\Application\;C:\WINDOWS\system32;C:\WINDOWS;C:\WINDOWS\System32\Wbem;C:\WINDOWS\System32\WindowsPowerShell\v1.0\;C:\Program Files\Microsoft SQL Server\110\Tools\Binn\;C:\Program Files\Microsoft SQL Server\120\Tools\Binn\;C:\Program Files\MiKTeX 2.9\miktex\bin\;C:\Program Files\MiKTeX 2.9\gs\gs8.71\bin\;C:\Program Files\Git\cmd;C:\Program Files (x86)\Skype\Phone\;C:\Program Files\Microsoft SQL Server\130\Tools\Binn\;C:\Program Files (x86)\Windows Kits\10\Windows Performance Toolkit\;C:\Program Files
USERNAME=Thomas
OS=Windows_NT
PROCESSOR_IDENTIFIER=Intel64 Family 6 Model 42 Stepping 7, GenuineIntel



---------------  S Y S T E M  ---------------

OS: Windows 10.0 , 64 bit Build 10586 (10.0.10586.589)

CPU:total 4 (2 cores per cpu, 2 threads per core) family 6 model 42 stepping 7, cmov, cx8, fxsr, mmx, sse, sse2, sse3, ssse3, sse4.1, sse4.2, popcnt, avx, clmul, ht, tsc, tscinvbit

Memory: 4k page, physical 4075196k(265584k free), swap 6565564k(6008k free)

vm_info: OpenJDK 64-Bit Server VM (25.112-b06) for windows-amd64 JRE (1.8.0_112-release-b06), built on Dec  8 2016 00:54:26 by "builder" with MS VC++ 10.0 (VS2010)

time: Thu Sep 07 01:25:42 2017
elapsed time: 41 seconds (0d 0h 0m 41s)

