#
# There is insufficient memory for the Java Runtime Environment to continue.
# Native memory allocation (malloc) failed to allocate 656 bytes for AllocateHeap
# Possible reasons:
#   The system is out of physical RAM or swap space
#   In 32 bit mode, the process size limit was hit
# Possible solutions:
#   Reduce memory load on the system
#   Increase physical memory or swap space
#   Check if swap backing store is full
#   Use 64 bit Java on a 64 bit OS
#   Decrease Java heap size (-Xmx/-Xms)
#   Decrease number of Java threads
#   Decrease Java thread stack sizes (-Xss)
#   Set larger code cache with -XX:ReservedCodeCacheSize=
# This output file may be truncated or incomplete.
#
#  Out of Memory Error (memory/allocation.inline.hpp:61), pid=9312, tid=0x00000000000023c8
#
# JRE version: OpenJDK Runtime Environment (8.0_76-b03) (build 1.8.0_76-release-b03)
# Java VM: OpenJDK 64-Bit Server VM (25.76-b03 mixed mode windows-amd64 compressed oops)
# Failed to write core dump. Minidumps are not enabled by default on client versions of Windows
#

---------------  T H R E A D  ---------------

Current thread (0x00000000156df800):  JavaThread "C1 CompilerThread2" daemon [_thread_in_vm, id=9160, stack(0x0000000016ec0000,0x0000000016fc0000)]

Stack: [0x0000000016ec0000,0x0000000016fc0000]
[error occurred during error reporting (printing stack bounds), id 0xc0000005]

Native frames: (J=compiled Java code, j=interpreted, Vv=VM code, C=native code)


Current CompileTask:
C1:   1408  439  s    3       java.util.Stack::pop (19 bytes)


---------------  P R O C E S S  ---------------

Java Threads: ( => current thread )
  0x000000001721c000 JavaThread "pool-2-thread-4" [_thread_blocked, id=1344, stack(0x00000000179c0000,0x0000000017ac0000)]
  0x000000001721b000 JavaThread "pool-2-thread-3" [_thread_blocked, id=9688, stack(0x00000000178c0000,0x00000000179c0000)]
  0x0000000017215800 JavaThread "pool-2-thread-2" [_thread_blocked, id=9248, stack(0x00000000177c0000,0x00000000178c0000)]
  0x0000000017213000 JavaThread "pool-3-thread-1" [_thread_blocked, id=5864, stack(0x00000000176c0000,0x00000000177c0000)]
  0x0000000017210800 JavaThread "pool-2-thread-1" [_thread_blocked, id=13736, stack(0x00000000175c0000,0x00000000176c0000)]
  0x0000000016fc1800 JavaThread "Service Thread" daemon [_thread_blocked, id=3440, stack(0x00000000173c0000,0x00000000174c0000)]
=>0x00000000156df800 JavaThread "C1 CompilerThread2" daemon [_thread_in_vm, id=9160, stack(0x0000000016ec0000,0x0000000016fc0000)]
  0x000000001568e000 JavaThread "C2 CompilerThread1" daemon [_thread_blocked, id=11284, stack(0x0000000016dc0000,0x0000000016ec0000)]
  0x000000001568b000 JavaThread "C2 CompilerThread0" daemon [_thread_blocked, id=10788, stack(0x0000000016cc0000,0x0000000016dc0000)]
  0x000000001568a000 JavaThread "Attach Listener" daemon [_thread_blocked, id=9540, stack(0x0000000016bc0000,0x0000000016cc0000)]
  0x0000000015689000 JavaThread "Signal Dispatcher" daemon [_thread_blocked, id=14508, stack(0x0000000016ac0000,0x0000000016bc0000)]
  0x0000000015678800 JavaThread "Finalizer" daemon [_thread_blocked, id=3752, stack(0x00000000168e0000,0x00000000169e0000)]
  0x0000000002fb0800 JavaThread "Reference Handler" daemon [_thread_blocked, id=11068, stack(0x00000000167e0000,0x00000000168e0000)]
  0x0000000002dad800 JavaThread "main" [_thread_blocked, id=8824, stack(0x0000000002dc0000,0x0000000002ec0000)]

Other Threads:
  0x0000000015655000 VMThread [stack: 0x00000000166e0000,0x00000000167e0000] [id=10952]
  0x0000000016fc3000 WatcherThread [stack: 0x00000000174c0000,0x00000000175c0000] [id=5684]

VM state:not at safepoint (normal execution)

VM Mutex/Monitor currently owned by a thread:  ([mutex/lock_event])
[0x0000000002dabe30] CodeCache_lock - owner thread: 0x00000000156df800
[0x0000000002ec10d0] Compile_lock - owner thread: 0x00000000156df800
[0x0000000002ec16d0] MethodCompileQueue_lock - owner thread: 0x00000000156df800

Heap:
 PSYoungGen      total 18944K, used 10846K [0x00000000eab00000, 0x00000000ec000000, 0x0000000100000000)
  eden space 16384K, 66% used [0x00000000eab00000,0x00000000eb5979b0,0x00000000ebb00000)
  from space 2560K, 0% used [0x00000000ebd80000,0x00000000ebd80000,0x00000000ec000000)
  to   space 2560K, 0% used [0x00000000ebb00000,0x00000000ebb00000,0x00000000ebd80000)
 ParOldGen       total 44032K, used 0K [0x00000000c0000000, 0x00000000c2b00000, 0x00000000eab00000)
  object space 44032K, 0% used [0x00000000c0000000,0x00000000c0000000,0x00000000c2b00000)
 Metaspace       used 5328K, capacity 6384K, committed 6528K, reserved 1056768K
  class space    used 565K, capacity 616K, committed 640K, reserved 1048576K

Card table byte_map: [0x0000000012380000,0x0000000012590000] byte_map_base: 0x0000000011d80000

Marking Bits: (ParMarkBitMap*) 0x00000000665d9d00
 Begin Bits: [0x0000000012af0000, 0x0000000013af0000)
 End Bits:   [0x0000000013af0000, 0x0000000014af0000)

Polling page: 0x0000000001460000

CodeCache: size=245760Kb used=1965Kb max_used=1965Kb free=243794Kb
 bounds [0x0000000002fc0000, 0x0000000003230000, 0x0000000011fc0000]
 total_blobs=696 nmethods=428 adapters=181
 compilation: enabled

Compilation events (10 events):
Event: 1.336 Thread 0x00000000156df800 nmethod 429 0x00000000031a7690 code [0x00000000031a78a0, 0x00000000031a8468]
Event: 1.336 Thread 0x00000000156df800  431       3       com.android.dx.ssa.NormalSsaInsn::getLocalAssignment (54 bytes)
Event: 1.337 Thread 0x00000000156df800 nmethod 431 0x00000000031a8a50 code [0x00000000031a8be0, 0x00000000031a93a8]
Event: 1.337 Thread 0x00000000156df800  433       3       com.android.dx.ssa.DeadCodeRemover::hasSideEffect (11 bytes)
Event: 1.337 Thread 0x00000000156df800 nmethod 433 0x00000000031a9550 code [0x00000000031a96c0, 0x00000000031a9908]
Event: 1.337 Thread 0x00000000156df800  434       3       com.android.dx.ssa.NormalSsaInsn::hasSideEffect (76 bytes)
Event: 1.338 Thread 0x00000000156df800 nmethod 434 0x00000000031a99d0 code [0x00000000031a9b60, 0x00000000031aa188]
Event: 1.338 Thread 0x00000000156df800  440  s    3       java.util.Stack::peek (25 bytes)
Event: 1.338 Thread 0x00000000156df800 nmethod 440 0x00000000031aa2d0 code [0x00000000031aa460, 0x00000000031aaa98]
Event: 1.338 Thread 0x00000000156df800  439  s    3       java.util.Stack::pop (19 bytes)

GC Heap History (0 events):
No events

Deoptimization events (1 events):
Event: 0.471 Thread 0x0000000002dad800 Uncommon trap: reason=unstable_if action=reinterpret pc=0x00000000030fb8d0 method=java.lang.String.indexOf(II)I @ 49

Internal exceptions (2 events):
Event: 0.062 Thread 0x0000000002dad800 Exception <a 'java/lang/NoSuchMethodError': Method sun.misc.Unsafe.defineClass(Ljava/lang/String;[BII)Ljava/lang/Class; name or signature does not match> (0x00000000eab07cc0) thrown at [C:\src\android\AOSP-openjdk\external\jetbrains\jdk\hotspot\src\share\v÷éu)ý«¯?
Event: 0.062 Thread 0x0000000002dad800 Exception <a 'java/lang/NoSuchMethodError': Method sun.misc.Unsafe.prefetchRead(Ljava/lang/Object;J)V name or signature does not match> (0x00000000eab07fa8) thrown at [C:\src\android\AOSP-openjdk\external\jetbrains\jdk\hotspot\src\share\vm\prims\jni.cpp, l

Events (10 events):
Event: 1.316 loading class com/android/dx/dex/file/MethodIdItem
Event: 1.316 loading class com/android/dx/dex/file/MethodIdItem done
Event: 1.317 loading class com/android/dx/dex/file/ParameterAnnotationStruct
Event: 1.317 loading class com/android/dx/dex/file/ParameterAnnotationStruct done
Event: 1.317 loading class com/android/dx/dex/file/UniformListItem
Event: 1.317 loading class com/android/dx/dex/file/UniformListItem done
Event: 1.318 loading class com/android/dx/dex/file/AnnotationSetRefItem
Event: 1.318 loading class com/android/dx/dex/file/AnnotationSetRefItem done
Event: 1.324 loading class com/android/dx/dex/file/MethodAnnotationStruct
Event: 1.324 loading class com/android/dx/dex/file/MethodAnnotationStruct done


Dynamic libraries:
0x00007ff7a0c80000 - 0x00007ff7a0cb1000 	C:\Program Files\Android\Android Studio\jre\bin\java.exe
0x00007ffad9aa0000 - 0x00007ffad9c61000 	C:\WINDOWS\SYSTEM32\ntdll.dll
0x00007ffad7000000 - 0x00007ffad70ad000 	C:\WINDOWS\system32\KERNEL32.DLL
0x00007ffad6520000 - 0x00007ffad6708000 	C:\WINDOWS\system32\KERNELBASE.dll
0x00007ffad9430000 - 0x00007ffad94d7000 	C:\WINDOWS\system32\ADVAPI32.dll
0x00007ffad9130000 - 0x00007ffad91cd000 	C:\WINDOWS\system32\msvcrt.dll
0x00007ffad90d0000 - 0x00007ffad912b000 	C:\WINDOWS\system32\sechost.dll
0x00007ffad98b0000 - 0x00007ffad99cc000 	C:\WINDOWS\system32\RPCRT4.dll
0x00007ffad8ba0000 - 0x00007ffad8cf6000 	C:\WINDOWS\system32\USER32.dll
0x00007ffad92a0000 - 0x00007ffad9426000 	C:\WINDOWS\system32\GDI32.dll
0x00007ffacf3a0000 - 0x00007ffacf614000 	C:\WINDOWS\WinSxS\amd64_microsoft.windows.common-controls_6595b64144ccf1df_6.0.10586.672_none_a2d6b3cea53ff843\COMCTL32.dll
0x00007ffad9520000 - 0x00007ffad979d000 	C:\WINDOWS\system32\combase.dll
0x00007ffad63d0000 - 0x00007ffad643a000 	C:\WINDOWS\system32\bcryptPrimitives.dll
0x00007ffad94e0000 - 0x00007ffad951b000 	C:\WINDOWS\system32\IMM32.DLL
0x0000000064c50000 - 0x0000000064d22000 	C:\Program Files\Android\Android Studio\jre\jre\bin\msvcr100.dll
0x0000000065e20000 - 0x0000000066654000 	C:\Program Files\Android\Android Studio\jre\jre\bin\server\jvm.dll
0x00007ffad90b0000 - 0x00007ffad90b8000 	C:\WINDOWS\system32\PSAPI.DLL
0x00007ffad2d40000 - 0x00007ffad2d49000 	C:\WINDOWS\SYSTEM32\WSOCK32.dll
0x00007ffad9040000 - 0x00007ffad90ab000 	C:\WINDOWS\system32\WS2_32.dll
0x00007ffad34f0000 - 0x00007ffad3513000 	C:\WINDOWS\SYSTEM32\WINMM.dll
0x00007ffacd380000 - 0x00007ffacd38a000 	C:\WINDOWS\SYSTEM32\VERSION.dll
0x00007ffad3490000 - 0x00007ffad34bc000 	C:\WINDOWS\SYSTEM32\WINMMBASE.dll
0x00007ffad6440000 - 0x00007ffad6483000 	C:\WINDOWS\system32\cfgmgr32.dll
0x00007ffacf080000 - 0x00007ffacf08f000 	C:\Program Files\Android\Android Studio\jre\jre\bin\verify.dll
0x00007ffaca960000 - 0x00007ffaca989000 	C:\Program Files\Android\Android Studio\jre\jre\bin\java.dll
0x00007ffacefe0000 - 0x00007ffaceff6000 	C:\Program Files\Android\Android Studio\jre\jre\bin\zip.dll
0x00007ffad74f0000 - 0x00007ffad8a4c000 	C:\WINDOWS\system32\SHELL32.dll
0x00007ffad67d0000 - 0x00007ffad6e15000 	C:\WINDOWS\system32\windows.storage.dll
0x00007ffad91d0000 - 0x00007ffad9222000 	C:\WINDOWS\system32\shlwapi.dll
0x00007ffad6140000 - 0x00007ffad614f000 	C:\WINDOWS\system32\kernel.appcore.dll
0x00007ffad6710000 - 0x00007ffad67c5000 	C:\WINDOWS\system32\shcore.dll
0x00007ffad60f0000 - 0x00007ffad613b000 	C:\WINDOWS\system32\powrprof.dll
0x00007ffad60d0000 - 0x00007ffad60e4000 	C:\WINDOWS\system32\profapi.dll

VM Arguments:
jvm_args: -Djava.awt.headless=true -Xmx1024M -Dfile.encoding=windows-1252 -Duser.country=GB -Duser.language=en -Duser.variant 
java_command: com.android.dx.command.Main --dex --force-jumbo --num-threads=4 --multi-dex --output C:\Users\Thomas\AndroidStudioProjects\MrWhemps\app\build\intermediates\transforms\dex\debug\folders\1000\10\com.google.firebase-firebase-auth-9.4.0_88bdd035854826bcf151d58b26fc0206917b6b7f C:\Users\Thomas\AndroidStudioProjects\MrWhemps\app\build\intermediates\exploded-aar\com.google.firebase\firebase-auth\9.4.0\jars\classes.jar
java_class_path (initial): C:\Users\Thomas\AppData\Local\Android\sdk\build-tools\23.0.2\lib\dx.jar
Launcher Type: SUN_STANDARD

Environment Variables:
PATH=C:\Program Files (x86)\Intel\iCLS Client\;C:\Program Files\Intel\iCLS Client\;C:\Windows\system32;C:\Windows;C:\Windows\System32\Wbem;C:\Windows\System32\WindowsPowerShell\v1.0\;C:\Program Files (x86)\Intel\OpenCL SDK\2.0\bin\x86;C:\Program Files (x86)\Intel\OpenCL SDK\2.0\bin\x64;C:\Program Files\Intel\Intel(R) Management Engine Components\DAL;C:\Program Files\Intel\Intel(R) Management Engine Components\IPT;C:\Program Files (x86)\Intel\Intel(R) Management Engine Components\DAL;C:\Program Files (x86)\Intel\Intel(R) Management Engine Components\IPT;C:\Program Files (x86)\Windows Live\Shared;C:\Users\Thomas\AppData\Local\Smartbar\Application\;C:\WINDOWS\system32;C:\WINDOWS;C:\WINDOWS\System32\Wbem;C:\WINDOWS\System32\WindowsPowerShell\v1.0\;D:\Programs\bin;C:\Program Files\Microsoft SQL Server\110\Tools\Binn\;C:\Program Files\Microsoft SQL Server\120\Tools\Binn\;C:\Program Files\MiKTeX 2.9\miktex\bin\;C:\Program Files\MiKTeX 2.9\gs\gs8.71\bin\;C:\Program Files\Git\cmd;C:\Program Files (x86)\Skype\Phone\;C:\Program Files\Microsoft SQL Server\130\Tools\Binn\;C:\Program Files (x86)\Windows Kits\10\Windows Performance Toolkit\;C:\Program Files
USERNAME=Thomas
OS=Windows_NT
PROCESSOR_IDENTIFIER=Intel64 Family 6 Model 42 Stepping 7, GenuineIntel



---------------  S Y S T E M  ---------------

OS: Windows 10.0 , 64 bit Build 10586 (10.0.10586.589)

CPU:total 4 (2 cores per cpu, 2 threads per core) family 6 model 42 stepping 7, cmov, cx8, fxsr, mmx, sse, sse2, sse3, ssse3, sse4.1, sse4.2, popcnt, avx, clmul, ht, tsc, tscinvbit

Memory: 4k page, physical 4075172k(726216k free), swap 6565540k(150024k free)

vm_info: OpenJDK 64-Bit Server VM (25.76-b03) for windows-amd64 JRE (1.8.0_76-release-b03), built on Jun 29 2016 19:09:20 by "ralucas" with MS VC++ 10.0 (VS2010)

time: Sun Jan 15 17:36:53 2017
elapsed time: 1 seconds (0d 0h 0m 1s)

