#
# A fatal error has been detected by the Java Runtime Environment:
#
#  EXCEPTION_STACK_OVERFLOW (0xc00000fd) at pc=0x000000006600aeb7, pid=15016, tid=0x00000000000039b4
#
# JRE version: OpenJDK Runtime Environment (8.0_76-b03) (build 1.8.0_76-release-b03)
# Java VM: OpenJDK 64-Bit Server VM (25.76-b03 mixed mode windows-amd64 compressed oops)
# Problematic frame:
# V  [jvm.dll+0x1eaeb7]
#
# Failed to write core dump. Minidumps are not enabled by default on client versions of Windows
#
# If you would like to submit a bug report, please visit:
#   http://bugreport.java.com/bugreport/crash.jsp
#

---------------  T H R E A D  ---------------

Current thread (0x00000000168b6000):  JavaThread "pool-2-thread-3" [_thread_in_vm, id=14772, stack(0x0000000017050000,0x0000000017150000)]

siginfo: ExceptionCode=0xc00000fd, ExceptionInformation=0x0000000000000001 0x000000001714d460 

Registers:
RAX=0x000000001714d460, RBX=0x0000000000000003, RCX=0x0000000000002000, RDX=0x0000000000000006
RSP=0x000000001714f460, RBP=0x0000000000000000, RSI=0x000000001714f460, RDI=0x0000000000000003
R8 =0x0000000000000006, R9 =0x00000000168aca50, R10=0x000000001449d900, R11=0x000000001705a148
R12=0x00000000168aca50, R13=0x00000000168b6000, R14=0x000000001714f528, R15=0x000000001449d900
RIP=0x000000006600aeb7, EFLAGS=0x0000000000010206

Top of Stack: (sp=0x000000001714f460)
0x000000001714f460:   0000000016775810 0000000064ca4e7e
0x000000001714f470:   00000000168b6000 00000000168aca50
0x000000001714f480:   00000000ffffffff 000000006600bde7
0x000000001714f490:   000000001714f590 000000001449d900
0x000000001714f4a0:   00000000168b6000 0000000065ebaa53
0x000000001714f4b0:   000000001714f4f0 00000000168b6000
0x000000001714f4c0:   000000001714f580 00000000168b6000
0x000000001714f4d0:   000000001449d900 00000000168b6000
0x000000001714f4e0:   0000000002730e20 00000000168b6000
0x000000001714f4f0:   000000001449d900 00000000168b6000
0x000000001714f500:   000000001449d900 00000000168b6000
0x000000001714f510:   0000000000000001 000000001449d900
0x000000001714f520:   00000000168b6000 0000000016758620
0x000000001714f530:   00000000168b6000 0000000065ebbf3d
0x000000001714f540:   000000001714f848 00000001000066b0
0x000000001714f550:   00000001000066b0 0000000000000000 

Instructions: (pc=0x000000006600aeb7)
0x000000006600ae97:   48 89 6c 24 30 33 ed 66 90 e8 4b b8 07 00 ff c3
0x000000006600aea7:   48 63 c8 48 8b c6 48 0f af cf 48 ff c7 48 2b c1
0x000000006600aeb7:   89 28 48 63 c3 48 3b 05 cd d6 56 00 7e db 48 8b
0x000000006600aec7:   6c 24 30 48 8b 5c 24 38 48 8b 74 24 40 48 83 c4 


Register to memory mapping:

RAX=0x000000001714d460 is pointing into the stack for thread: 0x00000000168b6000
RBX=0x0000000000000003 is an unknown value
RCX=0x0000000000002000 is an unknown value
RDX=0x0000000000000006 is an unknown value
RSP=0x000000001714f460 is pointing into the stack for thread: 0x00000000168b6000
RBP=0x0000000000000000 is an unknown value
RSI=0x000000001714f460 is pointing into the stack for thread: 0x00000000168b6000
RDI=0x0000000000000003 is an unknown value
R8 =0x0000000000000006 is an unknown value
R9 =0x00000000168aca50 is an unknown value
R10={method} {0x000000001449d908} 'run' '()V' in 'java/lang/Thread'
R11=0x000000001705a148 is pointing into the stack for thread: 0x00000000168b6000
R12=0x00000000168aca50 is an unknown value
R13=0x00000000168b6000 is a thread
R14=0x000000001714f528 is pointing into the stack for thread: 0x00000000168b6000
R15={method} {0x000000001449d908} 'run' '()V' in 'java/lang/Thread'


Stack: [0x0000000017050000,0x0000000017150000],  sp=0x000000001714f460,  free space=1021k
Native frames: (J=compiled Java code, j=interpreted, Vv=VM code, C=native code)


---------------  P R O C E S S  ---------------

Java Threads: ( => current thread )
  0x00000000168ba800 JavaThread "pool-2-thread-4" [_thread_blocked, id=14940, stack(0x0000000017150000,0x0000000017250000)]
=>0x00000000168b6000 JavaThread "pool-2-thread-3" [_thread_in_vm, id=14772, stack(0x0000000017050000,0x0000000017150000)]
  0x00000000168aa000 JavaThread "pool-2-thread-2" [_thread_in_Java, id=1256, stack(0x0000000016f50000,0x0000000017050000)]
  0x00000000168a7800 JavaThread "pool-3-thread-1" [_thread_blocked, id=956, stack(0x0000000016e50000,0x0000000016f50000)]
  0x000000001689e000 JavaThread "pool-2-thread-1" [_thread_in_Java, id=7764, stack(0x0000000016d50000,0x0000000016e50000)]
  0x0000000016753800 JavaThread "Service Thread" daemon [_thread_blocked, id=1976, stack(0x0000000016b50000,0x0000000016c50000)]
  0x0000000014e68000 JavaThread "C1 CompilerThread2" daemon [_thread_in_vm, id=3404, stack(0x0000000016650000,0x0000000016750000)]
  0x0000000014e0e800 JavaThread "C2 CompilerThread1" daemon [_thread_blocked, id=10972, stack(0x0000000016550000,0x0000000016650000)]
  0x0000000014e0b800 JavaThread "C2 CompilerThread0" daemon [_thread_blocked, id=7760, stack(0x0000000016450000,0x0000000016550000)]
  0x0000000014e0a000 JavaThread "Attach Listener" daemon [_thread_blocked, id=11432, stack(0x0000000016350000,0x0000000016450000)]
  0x0000000014e09000 JavaThread "Signal Dispatcher" daemon [_thread_blocked, id=8024, stack(0x0000000016250000,0x0000000016350000)]
  0x0000000014df8800 JavaThread "Finalizer" daemon [_thread_blocked, id=13716, stack(0x0000000016060000,0x0000000016160000)]
  0x0000000002710800 JavaThread "Reference Handler" daemon [_thread_blocked, id=14800, stack(0x0000000015f60000,0x0000000016060000)]
  0x0000000000cfd800 JavaThread "main" [_thread_blocked, id=13432, stack(0x0000000002520000,0x0000000002620000)]

Other Threads:
  0x0000000014dd5000 VMThread [stack: 0x0000000015e60000,0x0000000015f60000] [id=13464]
  0x0000000016755800 WatcherThread [stack: 0x0000000016c50000,0x0000000016d50000] [id=8044]

VM state:not at safepoint (normal execution)

VM Mutex/Monitor currently owned by a thread: None

Heap:
 PSYoungGen      total 18944K, used 9477K [0x00000000eab00000, 0x00000000ec000000, 0x0000000100000000)
  eden space 16384K, 57% used [0x00000000eab00000,0x00000000eb4415d0,0x00000000ebb00000)
  from space 2560K, 0% used [0x00000000ebd80000,0x00000000ebd80000,0x00000000ec000000)
  to   space 2560K, 0% used [0x00000000ebb00000,0x00000000ebb00000,0x00000000ebd80000)
 ParOldGen       total 44032K, used 0K [0x00000000c0000000, 0x00000000c2b00000, 0x00000000eab00000)
  object space 44032K, 0% used [0x00000000c0000000,0x00000000c0000000,0x00000000c2b00000)
 Metaspace       used 5300K, capacity 6384K, committed 6528K, reserved 1056768K
  class space    used 567K, capacity 616K, committed 640K, reserved 1048576K

Card table byte_map: [0x0000000011ae0000,0x0000000011cf0000] byte_map_base: 0x00000000114e0000

Marking Bits: (ParMarkBitMap*) 0x00000000665d9d00
 Begin Bits: [0x0000000012250000, 0x0000000013250000)
 End Bits:   [0x0000000013250000, 0x0000000014250000)

Polling page: 0x0000000000ce0000

CodeCache: size=245760Kb used=1821Kb max_used=1821Kb free=243938Kb
 bounds [0x0000000002720000, 0x0000000002990000, 0x0000000011720000]
 total_blobs=652 nmethods=385 adapters=181
 compilation: enabled

Compilation events (10 events):
Event: 1.025 Thread 0x0000000014e68000  329       3       java.io.FilterInputStream::<init> (10 bytes)
Event: 1.026 Thread 0x0000000014e68000 nmethod 329 0x00000000028d0990 code [0x00000000028d0b00, 0x00000000028d0d50]
Event: 1.026 Thread 0x0000000014e68000  332       3       java.util.jar.JarFile::getManifestFromReference (113 bytes)
Event: 1.028 Thread 0x0000000014e68000 nmethod 332 0x00000000028d3bd0 code [0x00000000028d3f00, 0x00000000028d5558]
Event: 1.029 Thread 0x0000000014e68000  331       3       java.util.jar.JarFile::getManifest (5 bytes)
Event: 1.029 Thread 0x0000000014e68000 nmethod 331 0x00000000028d0610 code [0x00000000028d0780, 0x00000000028d0908]
Event: 1.038 Thread 0x0000000014e68000  333       1       com.android.dx.rop.code.BasicBlock::getInsns (5 bytes)
Event: 1.038 Thread 0x0000000014e68000 nmethod 333 0x00000000028d3710 code [0x00000000028d3860, 0x00000000028d3970]
Event: 1.038 Thread 0x0000000014e68000  334       3       com.android.dx.rop.code.InsnList::get (9 bytes)
Event: 1.039 Thread 0x0000000014e68000 nmethod 334 0x00000000028d2c10 code [0x00000000028d2d80, 0x00000000028d3068]

GC Heap History (0 events):
No events

Deoptimization events (0 events):
No events

Internal exceptions (2 events):
Event: 0.063 Thread 0x0000000000cfd800 Exception <a 'java/lang/NoSuchMethodError': Method sun.misc.Unsafe.defineClass(Ljava/lang/String;[BII)Ljava/lang/Class; name or signature does not match> (0x00000000eab07cc0) thrown at [C:\src\android\AOSP-openjdk\external\jetbrains\jdk\hotspot\src\share\vSo
ï	°?
Event: 0.063 Thread 0x0000000000cfd800 Exception <a 'java/lang/NoSuchMethodError': Method sun.misc.Unsafe.prefetchRead(Ljava/lang/Object;J)V name or signature does not match> (0x00000000eab07fa8) thrown at [C:\src\android\AOSP-openjdk\external\jetbrains\jdk\hotspot\src\share\vm\prims\jni.cpp, l

Events (10 events):
Event: 1.022 loading class com/android/dx/dex/code/form/Form22b
Event: 1.022 loading class com/android/dx/dex/code/form/Form22b done
Event: 1.025 loading class com/android/dx/dex/code/RopTranslator$1
Event: 1.025 loading class com/android/dx/dex/code/RopTranslator$1 done
Event: 1.026 loading class com/android/dx/rop/code/Insn$BaseVisitor
Event: 1.026 loading class com/android/dx/rop/code/Insn$BaseVisitor done
Event: 1.027 loading class com/android/dx/dex/code/OutputCollector
Event: 1.027 loading class com/android/dx/dex/code/OutputCollector done
Event: 1.033 loading class com/android/dx/dex/code/OutputFinisher
Event: 1.033 loading class com/android/dx/dex/code/OutputFinisher done


Dynamic libraries:
0x00007ff7a0c80000 - 0x00007ff7a0cb1000 	C:\Program Files\Android\Android Studio\jre\bin\java.exe
0x00007ffad9aa0000 - 0x00007ffad9c61000 	C:\WINDOWS\SYSTEM32\ntdll.dll
0x00007ffad7000000 - 0x00007ffad70ad000 	C:\WINDOWS\system32\KERNEL32.DLL
0x00007ffad6520000 - 0x00007ffad6708000 	C:\WINDOWS\system32\KERNELBASE.dll
0x00007ffad9430000 - 0x00007ffad94d7000 	C:\WINDOWS\system32\ADVAPI32.dll
0x00007ffad9130000 - 0x00007ffad91cd000 	C:\WINDOWS\system32\msvcrt.dll
0x00007ffad90d0000 - 0x00007ffad912b000 	C:\WINDOWS\system32\sechost.dll
0x00007ffad98b0000 - 0x00007ffad99cc000 	C:\WINDOWS\system32\RPCRT4.dll
0x00007ffad8ba0000 - 0x00007ffad8cf6000 	C:\WINDOWS\system32\USER32.dll
0x00007ffad92a0000 - 0x00007ffad9426000 	C:\WINDOWS\system32\GDI32.dll
0x00007ffacf3a0000 - 0x00007ffacf614000 	C:\WINDOWS\WinSxS\amd64_microsoft.windows.common-controls_6595b64144ccf1df_6.0.10586.672_none_a2d6b3cea53ff843\COMCTL32.dll
0x00007ffad9520000 - 0x00007ffad979d000 	C:\WINDOWS\system32\combase.dll
0x00007ffad63d0000 - 0x00007ffad643a000 	C:\WINDOWS\system32\bcryptPrimitives.dll
0x00007ffad94e0000 - 0x00007ffad951b000 	C:\WINDOWS\system32\IMM32.DLL
0x0000000064c50000 - 0x0000000064d22000 	C:\Program Files\Android\Android Studio\jre\jre\bin\msvcr100.dll
0x0000000065e20000 - 0x0000000066654000 	C:\Program Files\Android\Android Studio\jre\jre\bin\server\jvm.dll
0x00007ffad90b0000 - 0x00007ffad90b8000 	C:\WINDOWS\system32\PSAPI.DLL
0x00007ffad2d40000 - 0x00007ffad2d49000 	C:\WINDOWS\SYSTEM32\WSOCK32.dll
0x00007ffad9040000 - 0x00007ffad90ab000 	C:\WINDOWS\system32\WS2_32.dll
0x00007ffad34f0000 - 0x00007ffad3513000 	C:\WINDOWS\SYSTEM32\WINMM.dll
0x00007ffacd380000 - 0x00007ffacd38a000 	C:\WINDOWS\SYSTEM32\VERSION.dll
0x00000000023d0000 - 0x00000000023fc000 	C:\WINDOWS\SYSTEM32\WINMMBASE.dll
0x00007ffad6440000 - 0x00007ffad6483000 	C:\WINDOWS\system32\cfgmgr32.dll
0x00007ffacf080000 - 0x00007ffacf08f000 	C:\Program Files\Android\Android Studio\jre\jre\bin\verify.dll
0x00007ffaca960000 - 0x00007ffaca989000 	C:\Program Files\Android\Android Studio\jre\jre\bin\java.dll
0x00007ffacefe0000 - 0x00007ffaceff6000 	C:\Program Files\Android\Android Studio\jre\jre\bin\zip.dll
0x00007ffad74f0000 - 0x00007ffad8a4c000 	C:\WINDOWS\system32\SHELL32.dll
0x00007ffad67d0000 - 0x00007ffad6e15000 	C:\WINDOWS\system32\windows.storage.dll
0x00007ffad91d0000 - 0x00007ffad9222000 	C:\WINDOWS\system32\shlwapi.dll
0x00007ffad6140000 - 0x00007ffad614f000 	C:\WINDOWS\system32\kernel.appcore.dll
0x00007ffad6710000 - 0x00007ffad67c5000 	C:\WINDOWS\system32\shcore.dll
0x00007ffad60f0000 - 0x00007ffad613b000 	C:\WINDOWS\system32\powrprof.dll
0x00007ffad60d0000 - 0x00007ffad60e4000 	C:\WINDOWS\system32\profapi.dll
0x00007ffacb640000 - 0x00007ffacb7cc000 	C:\WINDOWS\SYSTEM32\dbghelp.dll

VM Arguments:
jvm_args: -Djava.awt.headless=true -Xmx1024M -Dfile.encoding=windows-1252 -Duser.country=GB -Duser.language=en -Duser.variant 
java_command: com.android.dx.command.Main --dex --force-jumbo --num-threads=4 --multi-dex --output C:\Users\Thomas\AndroidStudioProjects\MrWhemps\app\build\intermediates\transforms\dex\debug\folders\1000\10\com.google.firebase-firebase-common-9.4.0_b4ac60f2e5d07a91b18720a481b5b7757f331b9a C:\Users\Thomas\AndroidStudioProjects\MrWhemps\app\build\intermediates\exploded-aar\com.google.firebase\firebase-common\9.4.0\jars\classes.jar
java_class_path (initial): C:\Users\Thomas\AppData\Local\Android\sdk\build-tools\23.0.2\lib\dx.jar
Launcher Type: SUN_STANDARD

Environment Variables:
PATH=C:\Program Files (x86)\Intel\iCLS Client\;C:\Program Files\Intel\iCLS Client\;C:\Windows\system32;C:\Windows;C:\Windows\System32\Wbem;C:\Windows\System32\WindowsPowerShell\v1.0\;C:\Program Files (x86)\Intel\OpenCL SDK\2.0\bin\x86;C:\Program Files (x86)\Intel\OpenCL SDK\2.0\bin\x64;C:\Program Files\Intel\Intel(R) Management Engine Components\DAL;C:\Program Files\Intel\Intel(R) Management Engine Components\IPT;C:\Program Files (x86)\Intel\Intel(R) Management Engine Components\DAL;C:\Program Files (x86)\Intel\Intel(R) Management Engine Components\IPT;C:\Program Files (x86)\Windows Live\Shared;C:\Users\Thomas\AppData\Local\Smartbar\Application\;C:\WINDOWS\system32;C:\WINDOWS;C:\WINDOWS\System32\Wbem;C:\WINDOWS\System32\WindowsPowerShell\v1.0\;D:\Programs\bin;C:\Program Files\Microsoft SQL Server\110\Tools\Binn\;C:\Program Files\Microsoft SQL Server\120\Tools\Binn\;C:\Program Files\MiKTeX 2.9\miktex\bin\;C:\Program Files\MiKTeX 2.9\gs\gs8.71\bin\;C:\Program Files\Git\cmd;C:\Program Files (x86)\Skype\Phone\;C:\Program Files\Microsoft SQL Server\130\Tools\Binn\;C:\Program Files (x86)\Windows Kits\10\Windows Performance Toolkit\;C:\Program Files
USERNAME=Thomas
OS=Windows_NT
PROCESSOR_IDENTIFIER=Intel64 Family 6 Model 42 Stepping 7, GenuineIntel



---------------  S Y S T E M  ---------------

OS: Windows 10.0 , 64 bit Build 10586 (10.0.10586.589)

CPU:total 4 (2 cores per cpu, 2 threads per core) family 6 model 42 stepping 7, cmov, cx8, fxsr, mmx, sse, sse2, sse3, ssse3, sse4.1, sse4.2, popcnt, avx, clmul, ht, tsc, tscinvbit

Memory: 4k page, physical 4075172k(576976k free), swap 6565540k(124908k free)

vm_info: OpenJDK 64-Bit Server VM (25.76-b03) for windows-amd64 JRE (1.8.0_76-release-b03), built on Jun 29 2016 19:09:20 by "ralucas" with MS VC++ 10.0 (VS2010)

time: Sun Jan 15 17:37:19 2017
elapsed time: 1 seconds (0d 0h 0m 1s)

