#
# There is insufficient memory for the Java Runtime Environment to continue.
# Native memory allocation (malloc) failed to allocate 32744 bytes for ChunkPool::allocate
# Possible reasons:
#   The system is out of physical RAM or swap space
#   In 32 bit mode, the process size limit was hit
# Possible solutions:
#   Reduce memory load on the system
#   Increase physical memory or swap space
#   Check if swap backing store is full
#   Use 64 bit Java on a 64 bit OS
#   Decrease Java heap size (-Xmx/-Xms)
#   Decrease number of Java threads
#   Decrease Java thread stack sizes (-Xss)
#   Set larger code cache with -XX:ReservedCodeCacheSize=
# This output file may be truncated or incomplete.
#
#  Out of Memory Error (allocation.cpp:273), pid=9856, tid=0x0000000000002144
#
# JRE version: OpenJDK Runtime Environment (8.0_76-b03) (build 1.8.0_76-release-b03)
# Java VM: OpenJDK 64-Bit Server VM (25.76-b03 mixed mode windows-amd64 compressed oops)
# Failed to write core dump. Minidumps are not enabled by default on client versions of Windows
#

---------------  T H R E A D  ---------------

Current thread (0x0000000014e99000):  JavaThread "C2 CompilerThread0" daemon [_thread_in_native, id=8516, stack(0x00000000164d0000,0x00000000165d0000)]

Stack: [0x00000000164d0000,0x00000000165d0000]
[error occurred during error reporting (printing stack bounds), id 0xc0000005]

Native frames: (J=compiled Java code, j=interpreted, Vv=VM code, C=native code)


Current CompileTask:
C2:    775  526       4       java.lang.Long::bitCount (61 bytes)


---------------  P R O C E S S  ---------------

Java Threads: ( => current thread )
  0x00000000169a1000 JavaThread "pool-2-thread-4" [_thread_in_vm, id=4048, stack(0x00000000171d0000,0x00000000172d0000)]
  0x0000000016943800 JavaThread "pool-2-thread-3" [_thread_in_Java, id=7940, stack(0x00000000170d0000,0x00000000171d0000)]
  0x0000000016996800 JavaThread "pool-2-thread-2" [_thread_in_vm, id=9184, stack(0x0000000016fd0000,0x00000000170d0000)]
  0x0000000016933800 JavaThread "pool-3-thread-1" [_thread_blocked, id=9884, stack(0x0000000016ed0000,0x0000000016fd0000)]
  0x0000000016936800 JavaThread "pool-2-thread-1" [_thread_in_Java, id=5672, stack(0x0000000016dd0000,0x0000000016ed0000)]
  0x0000000014eed000 JavaThread "Service Thread" daemon [_thread_blocked, id=10300, stack(0x0000000016bd0000,0x0000000016cd0000)]
  0x0000000014e8c800 JavaThread "C1 CompilerThread2" daemon [_thread_in_native, id=7788, stack(0x00000000166d0000,0x00000000167d0000)]
  0x0000000014e89000 JavaThread "C2 CompilerThread1" daemon [_thread_in_native, id=7624, stack(0x00000000165d0000,0x00000000166d0000)]
=>0x0000000014e99000 JavaThread "C2 CompilerThread0" daemon [_thread_in_native, id=8516, stack(0x00000000164d0000,0x00000000165d0000)]
  0x0000000014e97800 JavaThread "Attach Listener" daemon [_thread_blocked, id=1956, stack(0x00000000163d0000,0x00000000164d0000)]
  0x0000000014e94800 JavaThread "Signal Dispatcher" daemon [_thread_blocked, id=15060, stack(0x00000000162d0000,0x00000000163d0000)]
  0x0000000014e78800 JavaThread "Finalizer" daemon [_thread_blocked, id=10640, stack(0x00000000160f0000,0x00000000161f0000)]
  0x00000000027b0800 JavaThread "Reference Handler" daemon [_thread_blocked, id=14136, stack(0x0000000015ff0000,0x00000000160f0000)]
  0x0000000000dcd800 JavaThread "main" [_thread_in_vm, id=13548, stack(0x0000000002550000,0x0000000002650000)]

Other Threads:
  0x0000000014e55000 VMThread [stack: 0x0000000015ef0000,0x0000000015ff0000] [id=14148]
  0x00000000167d1800 WatcherThread [stack: 0x0000000016cd0000,0x0000000016dd0000] [id=3632]

VM state:not at safepoint (normal execution)

VM Mutex/Monitor currently owned by a thread: None

Heap:
 PSYoungGen      total 18944K, used 10808K [0x00000000eab00000, 0x00000000ec000000, 0x0000000100000000)
  eden space 16384K, 65% used [0x00000000eab00000,0x00000000eb58e280,0x00000000ebb00000)
  from space 2560K, 0% used [0x00000000ebd80000,0x00000000ebd80000,0x00000000ec000000)
  to   space 2560K, 0% used [0x00000000ebb00000,0x00000000ebb00000,0x00000000ebd80000)
 ParOldGen       total 44032K, used 0K [0x00000000c0000000, 0x00000000c2b00000, 0x00000000eab00000)
  object space 44032K, 0% used [0x00000000c0000000,0x00000000c0000000,0x00000000c2b00000)
 Metaspace       used 5419K, capacity 6448K, committed 6528K, reserved 1056768K
  class space    used 568K, capacity 616K, committed 640K, reserved 1048576K

Card table byte_map: [0x0000000011b80000,0x0000000011d90000] byte_map_base: 0x0000000011580000

Marking Bits: (ParMarkBitMap*) 0x00000000665d9d00
 Begin Bits: [0x00000000122f0000, 0x00000000132f0000)
 End Bits:   [0x00000000132f0000, 0x00000000142f0000)

Polling page: 0x00000000009e0000

CodeCache: size=245760Kb used=2032Kb max_used=2053Kb free=243727Kb
 bounds [0x00000000027c0000, 0x0000000002a30000, 0x00000000117c0000]
 total_blobs=767 nmethods=500 adapters=181
 compilation: enabled

Compilation events (10 events):
Event: 0.756 Thread 0x0000000014e8c800  499   !   3       com.android.dx.cf.code.BytecodeArray::parseInstruction (2764 bytes)
Event: 0.758 Thread 0x0000000014e89000  517       4       java.util.ArrayList::add (29 bytes)
Event: 0.759 Thread 0x0000000014e99000  518       4       java.util.BitSet::nextSetBit (102 bytes)
Event: 0.761 Thread 0x0000000014e99000 nmethod 518 0x00000000029b7d10 code [0x00000000029b7e60, 0x00000000029b7f78]
Event: 0.763 Thread 0x0000000014e99000  519   !   4       com.android.dx.util.IntList::get (36 bytes)
Event: 0.764 Thread 0x0000000014e89000 nmethod 517 0x00000000029c1b10 code [0x00000000029c1c60, 0x00000000029c1f78]
Event: 0.764 Thread 0x0000000014e99000 nmethod 519 0x00000000029bbc50 code [0x00000000029bbd80, 0x00000000029bbe38]
Event: 0.766 Thread 0x0000000014e89000  523       4       com.android.dx.util.Bits::set (19 bytes)
Event: 0.767 Thread 0x0000000014e89000 nmethod 523 0x00000000029bec10 code [0x00000000029bed40, 0x00000000029bedd8]
Event: 0.767 Thread 0x0000000014e99000  526       4       java.lang.Long::bitCount (61 bytes)

GC Heap History (0 events):
No events

Deoptimization events (1 events):
Event: 0.752 Thread 0x0000000016943800 Uncommon trap: reason=unstable_if action=reinterpret pc=0x00000000029b02a0 method=java.util.HashMap.getNode(ILjava/lang/Object;)Ljava/util/HashMap$Node; @ 62

Internal exceptions (2 events):
Event: 0.052 Thread 0x0000000000dcd800 Exception <a 'java/lang/NoSuchMethodError': Method sun.misc.Unsafe.defineClass(Ljava/lang/String;[BII)Ljava/lang/Class; name or signature does not match> (0x00000000eab07cc0) thrown at [C:\src\android\AOSP-openjdk\external\jetbrains\jdk\hotspot\src\share\vò≤È≈Æê™?
Event: 0.052 Thread 0x0000000000dcd800 Exception <a 'java/lang/NoSuchMethodError': Method sun.misc.Unsafe.prefetchRead(Ljava/lang/Object;J)V name or signature does not match> (0x00000000eab07fa8) thrown at [C:\src\android\AOSP-openjdk\external\jetbrains\jdk\hotspot\src\share\vm\prims\jni.cpp, l

Events (10 events):
Event: 0.726 loading class com/android/dx/dex/file/AnnotationSetRefItem done
Event: 0.728 loading class com/android/dx/ssa/PhiInsn$Operand
Event: 0.728 loading class com/android/dx/ssa/PhiInsn$Operand done
Event: 0.730 loading class com/android/dx/ssa/back/FirstFitLocalCombiningAllocator$Multiset
Event: 0.730 loading class com/android/dx/ssa/back/FirstFitLocalCombiningAllocator$Multiset done
Event: 0.742 loading class com/android/dx/dex/file/MethodAnnotationStruct
Event: 0.742 loading class com/android/dx/dex/file/MethodAnnotationStruct done
Event: 0.752 Thread 0x0000000016943800 Uncommon trap: trap_request=0xffffff65 fr.pc=0x00000000029b02a0
Event: 0.753 Thread 0x0000000016943800 DEOPT PACKING pc=0x00000000029b02a0 sp=0x00000000171ce9d0
Event: 0.753 Thread 0x0000000016943800 DEOPT UNPACKING pc=0x000000000280556a sp=0x00000000171ce958 mode 2


Dynamic libraries:
0x00007ff7a0c80000 - 0x00007ff7a0cb1000 	C:\Program Files\Android\Android Studio\jre\bin\java.exe
0x00007ffad9aa0000 - 0x00007ffad9c61000 	C:\WINDOWS\SYSTEM32\ntdll.dll
0x00007ffad7000000 - 0x00007ffad70ad000 	C:\WINDOWS\system32\KERNEL32.DLL
0x00007ffad6520000 - 0x00007ffad6708000 	C:\WINDOWS\system32\KERNELBASE.dll
0x00007ffad9430000 - 0x00007ffad94d7000 	C:\WINDOWS\system32\ADVAPI32.dll
0x00007ffad9130000 - 0x00007ffad91cd000 	C:\WINDOWS\system32\msvcrt.dll
0x00007ffad90d0000 - 0x00007ffad912b000 	C:\WINDOWS\system32\sechost.dll
0x00007ffad98b0000 - 0x00007ffad99cc000 	C:\WINDOWS\system32\RPCRT4.dll
0x00007ffad8ba0000 - 0x00007ffad8cf6000 	C:\WINDOWS\system32\USER32.dll
0x00007ffad92a0000 - 0x00007ffad9426000 	C:\WINDOWS\system32\GDI32.dll
0x00007ffacf3a0000 - 0x00007ffacf614000 	C:\WINDOWS\WinSxS\amd64_microsoft.windows.common-controls_6595b64144ccf1df_6.0.10586.672_none_a2d6b3cea53ff843\COMCTL32.dll
0x00007ffad9520000 - 0x00007ffad979d000 	C:\WINDOWS\system32\combase.dll
0x00007ffad63d0000 - 0x00007ffad643a000 	C:\WINDOWS\system32\bcryptPrimitives.dll
0x00007ffad94e0000 - 0x00007ffad951b000 	C:\WINDOWS\system32\IMM32.DLL
0x0000000064c50000 - 0x0000000064d22000 	C:\Program Files\Android\Android Studio\jre\jre\bin\msvcr100.dll
0x0000000065e20000 - 0x0000000066654000 	C:\Program Files\Android\Android Studio\jre\jre\bin\server\jvm.dll
0x00007ffad90b0000 - 0x00007ffad90b8000 	C:\WINDOWS\system32\PSAPI.DLL
0x00007ffad2d40000 - 0x00007ffad2d49000 	C:\WINDOWS\SYSTEM32\WSOCK32.dll
0x00007ffad9040000 - 0x00007ffad90ab000 	C:\WINDOWS\system32\WS2_32.dll
0x00007ffad34f0000 - 0x00007ffad3513000 	C:\WINDOWS\SYSTEM32\WINMM.dll
0x00007ffacd380000 - 0x00007ffacd38a000 	C:\WINDOWS\SYSTEM32\VERSION.dll
0x00007ffad3490000 - 0x00007ffad34bc000 	C:\WINDOWS\SYSTEM32\WINMMBASE.dll
0x00007ffad6440000 - 0x00007ffad6483000 	C:\WINDOWS\system32\cfgmgr32.dll
0x00007ffacf080000 - 0x00007ffacf08f000 	C:\Program Files\Android\Android Studio\jre\jre\bin\verify.dll
0x00007ffaca960000 - 0x00007ffaca989000 	C:\Program Files\Android\Android Studio\jre\jre\bin\java.dll
0x00007ffacefe0000 - 0x00007ffaceff6000 	C:\Program Files\Android\Android Studio\jre\jre\bin\zip.dll
0x00007ffad74f0000 - 0x00007ffad8a4c000 	C:\WINDOWS\system32\SHELL32.dll
0x00007ffad67d0000 - 0x00007ffad6e15000 	C:\WINDOWS\system32\windows.storage.dll
0x00007ffad91d0000 - 0x00007ffad9222000 	C:\WINDOWS\system32\shlwapi.dll
0x00007ffad6140000 - 0x00007ffad614f000 	C:\WINDOWS\system32\kernel.appcore.dll
0x00007ffad6710000 - 0x00007ffad67c5000 	C:\WINDOWS\system32\shcore.dll
0x00007ffad60f0000 - 0x00007ffad613b000 	C:\WINDOWS\system32\powrprof.dll
0x00007ffad60d0000 - 0x00007ffad60e4000 	C:\WINDOWS\system32\profapi.dll

VM Arguments:
jvm_args: -Djava.awt.headless=true -Xmx1024M -Dfile.encoding=windows-1252 -Duser.country=GB -Duser.language=en -Duser.variant 
java_command: com.android.dx.command.Main --dex --force-jumbo --num-threads=4 --multi-dex --output C:\Users\Thomas\AndroidStudioProjects\MrWhemps\app\build\intermediates\transforms\dex\debug\folders\1000\10\com.google.firebase-firebase-auth-module-9.4.0_93e26c7ef3a096dda5071cdfbd20f207470f51ef C:\Users\Thomas\AndroidStudioProjects\MrWhemps\app\build\intermediates\exploded-aar\com.google.firebase\firebase-auth-module\9.4.0\jars\classes.jar
java_class_path (initial): C:\Users\Thomas\AppData\Local\Android\sdk\build-tools\23.0.2\lib\dx.jar
Launcher Type: SUN_STANDARD

Environment Variables:
PATH=C:\Program Files (x86)\Intel\iCLS Client\;C:\Program Files\Intel\iCLS Client\;C:\Windows\system32;C:\Windows;C:\Windows\System32\Wbem;C:\Windows\System32\WindowsPowerShell\v1.0\;C:\Program Files (x86)\Intel\OpenCL SDK\2.0\bin\x86;C:\Program Files (x86)\Intel\OpenCL SDK\2.0\bin\x64;C:\Program Files\Intel\Intel(R) Management Engine Components\DAL;C:\Program Files\Intel\Intel(R) Management Engine Components\IPT;C:\Program Files (x86)\Intel\Intel(R) Management Engine Components\DAL;C:\Program Files (x86)\Intel\Intel(R) Management Engine Components\IPT;C:\Program Files (x86)\Windows Live\Shared;C:\Users\Thomas\AppData\Local\Smartbar\Application\;C:\WINDOWS\system32;C:\WINDOWS;C:\WINDOWS\System32\Wbem;C:\WINDOWS\System32\WindowsPowerShell\v1.0\;D:\Programs\bin;C:\Program Files\Microsoft SQL Server\110\Tools\Binn\;C:\Program Files\Microsoft SQL Server\120\Tools\Binn\;C:\Program Files\MiKTeX 2.9\miktex\bin\;C:\Program Files\MiKTeX 2.9\gs\gs8.71\bin\;C:\Program Files\Git\cmd;C:\Program Files (x86)\Skype\Phone\;C:\Program Files\Microsoft SQL Server\130\Tools\Binn\;C:\Program Files (x86)\Windows Kits\10\Windows Performance Toolkit\;C:\Program Files
USERNAME=Thomas
OS=Windows_NT
PROCESSOR_IDENTIFIER=Intel64 Family 6 Model 42 Stepping 7, GenuineIntel



---------------  S Y S T E M  ---------------

OS: Windows 10.0 , 64 bit Build 10586 (10.0.10586.589)

CPU:total 4 (2 cores per cpu, 2 threads per core) family 6 model 42 stepping 7, cmov, cx8, fxsr, mmx, sse, sse2, sse3, ssse3, sse4.1, sse4.2, popcnt, avx, clmul, ht, tsc, tscinvbit

Memory: 4k page, physical 4075172k(563592k free), swap 6565540k(3556k free)

vm_info: OpenJDK 64-Bit Server VM (25.76-b03) for windows-amd64 JRE (1.8.0_76-release-b03), built on Jun 29 2016 19:09:20 by "ralucas" with MS VC++ 10.0 (VS2010)

time: Sun Jan 15 17:37:12 2017
elapsed time: 0 seconds (0d 0h 0m 0s)

