#
# There is insufficient memory for the Java Runtime Environment to continue.
# Native memory allocation (malloc) failed to allocate 294176 bytes for Chunk::new
# Possible reasons:
#   The system is out of physical RAM or swap space
#   In 32 bit mode, the process size limit was hit
# Possible solutions:
#   Reduce memory load on the system
#   Increase physical memory or swap space
#   Check if swap backing store is full
#   Use 64 bit Java on a 64 bit OS
#   Decrease Java heap size (-Xmx/-Xms)
#   Decrease number of Java threads
#   Decrease Java thread stack sizes (-Xss)
#   Set larger code cache with -XX:ReservedCodeCacheSize=
# This output file may be truncated or incomplete.
#
#  Out of Memory Error (allocation.cpp:390), pid=304, tid=0x00000000000026ec
#
# JRE version: OpenJDK Runtime Environment (8.0_76-b03) (build 1.8.0_76-release-b03)
# Java VM: OpenJDK 64-Bit Server VM (25.76-b03 mixed mode windows-amd64 compressed oops)
# Failed to write core dump. Minidumps are not enabled by default on client versions of Windows
#

---------------  T H R E A D  ---------------

Current thread (0x00000000150d2000):  JavaThread "C2 CompilerThread1" daemon [_thread_in_native, id=9964, stack(0x0000000016730000,0x0000000016830000)]

Stack: [0x0000000016730000,0x0000000016830000]
[error occurred during error reporting (printing stack bounds), id 0xc0000005]

Native frames: (J=compiled Java code, j=interpreted, Vv=VM code, C=native code)


Current CompileTask:
C2:  54695 2984       4       com.android.dx.dex.file.MemberIdItem::writeTo (231 bytes)


---------------  P R O C E S S  ---------------

Java Threads: ( => current thread )
  0x0000000016a93000 JavaThread "pool-1-thread-1" [_thread_in_vm, id=7052, stack(0x0000000019bd0000,0x0000000019cd0000)]
  0x0000000016836000 JavaThread "Service Thread" daemon [_thread_blocked, id=8564, stack(0x0000000016d30000,0x0000000016e30000)]
  0x000000001512d800 JavaThread "C1 CompilerThread2" daemon [_thread_blocked, id=2180, stack(0x0000000016c30000,0x0000000016d30000)]
=>0x00000000150d2000 JavaThread "C2 CompilerThread1" daemon [_thread_in_native, id=9964, stack(0x0000000016730000,0x0000000016830000)]
  0x00000000150d9800 JavaThread "C2 CompilerThread0" daemon [_thread_blocked, id=8172, stack(0x0000000016630000,0x0000000016730000)]
  0x00000000150d8000 JavaThread "Attach Listener" daemon [_thread_blocked, id=8084, stack(0x0000000016530000,0x0000000016630000)]
  0x00000000150d6800 JavaThread "Signal Dispatcher" daemon [_thread_blocked, id=7420, stack(0x0000000016430000,0x0000000016530000)]
  0x00000000029fb800 JavaThread "Finalizer" daemon [_thread_blocked, id=3692, stack(0x0000000016330000,0x0000000016430000)]
  0x0000000015097000 JavaThread "Reference Handler" daemon [_thread_blocked, id=8532, stack(0x0000000016230000,0x0000000016330000)]
  0x00000000028fd800 JavaThread "main" [_thread_blocked, id=7380, stack(0x00000000025b0000,0x00000000026b0000)]

Other Threads:
  0x0000000015095000 VMThread [stack: 0x0000000016130000,0x0000000016230000] [id=5992]
  0x0000000016837800 WatcherThread [stack: 0x0000000016e30000,0x0000000016f30000] [id=10204]

VM state:not at safepoint (normal execution)

VM Mutex/Monitor currently owned by a thread: None

Heap:
 PSYoungGen      total 229376K, used 185226K [0x00000000eab00000, 0x0000000100000000, 0x0000000100000000)
  eden space 121856K, 64% used [0x00000000eab00000,0x00000000ef741120,0x00000000f2200000)
  from space 107520K, 99% used [0x00000000f2200000,0x00000000f8aa1838,0x00000000f8b00000)
  to   space 116224K, 0% used [0x00000000f8e80000,0x00000000f8e80000,0x0000000100000000)
 ParOldGen       total 397312K, used 199190K [0x00000000c0000000, 0x00000000d8400000, 0x00000000eab00000)
  object space 397312K, 50% used [0x00000000c0000000,0x00000000cc285b00,0x00000000d8400000)
 Metaspace       used 6825K, capacity 7480K, committed 7552K, reserved 1056768K
  class space    used 614K, capacity 624K, committed 640K, reserved 1048576K

Card table byte_map: [0x0000000011dc0000,0x0000000011fd0000] byte_map_base: 0x00000000117c0000

Marking Bits: (ParMarkBitMap*) 0x000000005e1a9d00
 Begin Bits: [0x0000000012530000, 0x0000000013530000)
 End Bits:   [0x0000000013530000, 0x0000000014530000)

Polling page: 0x0000000000b70000

CodeCache: size=245760Kb used=9804Kb max_used=12951Kb free=235955Kb
 bounds [0x0000000002a00000, 0x00000000036e0000, 0x0000000011a00000]
 total_blobs=2490 nmethods=2222 adapters=181
 compilation: enabled

Compilation events (10 events):
Event: 54.650 Thread 0x00000000150d9800 nmethod 2979 0x0000000002fcd250 code [0x0000000002fcd3a0, 0x0000000002fcd638]
Event: 54.654 Thread 0x00000000150d2000 2980       4       com.android.dx.dex.file.MethodIdItem::getMethodRef (8 bytes)
Event: 54.655 Thread 0x00000000150d9800 2981       4       com.android.dx.util.ByteArrayAnnotatedOutput::writeShort (64 bytes)
Event: 54.655 Thread 0x00000000150d2000 nmethod 2980 0x0000000002df0d90 code [0x0000000002df0ee0, 0x0000000002df0f78]
Event: 54.655 Thread 0x000000001512d800 2982       3       com.android.dx.dex.file.MethodIdItem::getTypoidIdx (17 bytes)
Event: 54.656 Thread 0x000000001512d800 nmethod 2982 0x00000000035fda90 code [0x00000000035fdc20, 0x00000000035fe1c8]
Event: 54.656 Thread 0x00000000150d9800 nmethod 2981 0x00000000035fd6d0 code [0x00000000035fd820, 0x00000000035fd978]
Event: 54.657 Thread 0x000000001512d800 2983       3       com.android.dx.dex.file.ProtoIdsSection::indexOf (49 bytes)
Event: 54.657 Thread 0x000000001512d800 nmethod 2983 0x0000000002db0a10 code [0x0000000002db0c00, 0x0000000002db1548]
Event: 54.664 Thread 0x00000000150d2000 2984       4       com.android.dx.dex.file.MemberIdItem::writeTo (231 bytes)

GC Heap History (10 events):
Event: 40.702 GC heap before
{Heap before GC invocations=26 (full 5):
 PSYoungGen      total 231424K, used 39843K [0x00000000eab00000, 0x0000000100000000, 0x0000000100000000)
  eden space 115200K, 0% used [0x00000000eab00000,0x00000000eab00000,0x00000000f1b80000)
  from space 116224K, 34% used [0x00000000f1b80000,0x00000000f4268de8,0x00000000f8d00000)
  to   space 111104K, 0% used [0x00000000f9380000,0x00000000f9380000,0x0000000100000000)
 ParOldGen       total 239616K, used 230083K [0x00000000c0000000, 0x00000000cea00000, 0x00000000eab00000)
  object space 239616K, 96% used [0x00000000c0000000,0x00000000ce0b0cd8,0x00000000cea00000)
 Metaspace       used 6442K, capacity 7218K, committed 7296K, reserved 1056768K
  class space    used 596K, capacity 618K, committed 640K, reserved 1048576K
Event: 42.763 GC heap after
Heap after GC invocations=26 (full 5):
 PSYoungGen      total 231424K, used 0K [0x00000000eab00000, 0x0000000100000000, 0x0000000100000000)
  eden space 115200K, 0% used [0x00000000eab00000,0x00000000eab00000,0x00000000f1b80000)
  from space 116224K, 0% used [0x00000000f1b80000,0x00000000f1b80000,0x00000000f8d00000)
  to   space 111104K, 0% used [0x00000000f9380000,0x00000000f9380000,0x0000000100000000)
 ParOldGen       total 239616K, used 214767K [0x00000000c0000000, 0x00000000cea00000, 0x00000000eab00000)
  object space 239616K, 89% used [0x00000000c0000000,0x00000000cd1bbca8,0x00000000cea00000)
 Metaspace       used 6442K, capacity 7218K, committed 7296K, reserved 1056768K
  class space    used 596K, capacity 618K, committed 640K, reserved 1048576K
}
Event: 43.402 GC heap before
{Heap before GC invocations=27 (full 6):
 PSYoungGen      total 231424K, used 115200K [0x00000000eab00000, 0x0000000100000000, 0x0000000100000000)
  eden space 115200K, 100% used [0x00000000eab00000,0x00000000f1b80000,0x00000000f1b80000)
  from space 116224K, 0% used [0x00000000f1b80000,0x00000000f1b80000,0x00000000f8d00000)
  to   space 111104K, 0% used [0x00000000f9380000,0x00000000f9380000,0x0000000100000000)
 ParOldGen       total 239616K, used 214767K [0x00000000c0000000, 0x00000000cea00000, 0x00000000eab00000)
  object space 239616K, 89% used [0x00000000c0000000,0x00000000cd1bbca8,0x00000000cea00000)
 Metaspace       used 6442K, capacity 7218K, committed 7296K, reserved 1056768K
  class space    used 596K, capacity 618K, committed 640K, reserved 1048576K
Event: 49.560 GC heap after
Heap after GC invocations=27 (full 6):
 PSYoungGen      total 231424K, used 18857K [0x00000000eab00000, 0x0000000100000000, 0x0000000100000000)
  eden space 115200K, 16% used [0x00000000eab00000,0x00000000ebd6a768,0x00000000f1b80000)
  from space 116224K, 0% used [0x00000000f1b80000,0x00000000f1b80000,0x00000000f8d00000)
  to   space 111104K, 0% used [0x00000000f9380000,0x00000000f9380000,0x0000000100000000)
 ParOldGen       total 239616K, used 239298K [0x00000000c0000000, 0x00000000cea00000, 0x00000000eab00000)
  object space 239616K, 99% used [0x00000000c0000000,0x00000000ce9b0ab0,0x00000000cea00000)
 Metaspace       used 6442K, capacity 7218K, committed 7296K, reserved 1056768K
  class space    used 596K, capacity 618K, committed 640K, reserved 1048576K
}
Event: 50.468 GC heap before
{Heap before GC invocations=28 (full 7):
 PSYoungGen      total 231424K, used 115200K [0x00000000eab00000, 0x0000000100000000, 0x0000000100000000)
  eden space 115200K, 100% used [0x00000000eab00000,0x00000000f1b80000,0x00000000f1b80000)
  from space 116224K, 0% used [0x00000000f1b80000,0x00000000f1b80000,0x00000000f8d00000)
  to   space 111104K, 0% used [0x00000000f9380000,0x00000000f9380000,0x0000000100000000)
 ParOldGen       total 239616K, used 239298K [0x00000000c0000000, 0x00000000cea00000, 0x00000000eab00000)
  object space 239616K, 99% used [0x00000000c0000000,0x00000000ce9b0ab0,0x00000000cea00000)
 Metaspace       used 6442K, capacity 7218K, committed 7296K, reserved 1056768K
  class space    used 596K, capacity 618K, committed 640K, reserved 1048576K
Event: 51.263 GC heap after
Heap after GC invocations=28 (full 7):
 PSYoungGen      total 231424K, used 0K [0x00000000eab00000, 0x0000000100000000, 0x0000000100000000)
  eden space 115200K, 0% used [0x00000000eab00000,0x00000000eab00000,0x00000000f1b80000)
  from space 116224K, 0% used [0x00000000f1b80000,0x00000000f1b80000,0x00000000f8d00000)
  to   space 111104K, 0% used [0x00000000f9380000,0x00000000f9380000,0x0000000100000000)
 ParOldGen       total 397312K, used 199190K [0x00000000c0000000, 0x00000000d8400000, 0x00000000eab00000)
  object space 397312K, 50% used [0x00000000c0000000,0x00000000cc285b00,0x00000000d8400000)
 Metaspace       used 6442K, capacity 7218K, committed 7296K, reserved 1056768K
  class space    used 596K, capacity 618K, committed 640K, reserved 1048576K
}
Event: 52.164 GC heap before
{Heap before GC invocations=29 (full 7):
 PSYoungGen      total 231424K, used 115200K [0x00000000eab00000, 0x0000000100000000, 0x0000000100000000)
  eden space 115200K, 100% used [0x00000000eab00000,0x00000000f1b80000,0x00000000f1b80000)
  from space 116224K, 0% used [0x00000000f1b80000,0x00000000f1b80000,0x00000000f8d00000)
  to   space 111104K, 0% used [0x00000000f9380000,0x00000000f9380000,0x0000000100000000)
 ParOldGen       total 397312K, used 199190K [0x00000000c0000000, 0x00000000d8400000, 0x00000000eab00000)
  object space 397312K, 50% used [0x00000000c0000000,0x00000000cc285b00,0x00000000d8400000)
 Metaspace       used 6448K, capacity 7218K, committed 7296K, reserved 1056768K
  class space    used 598K, capacity 618K, committed 640K, reserved 1048576K
Event: 52.252 GC heap after
Heap after GC invocations=29 (full 7):
 PSYoungGen      total 228864K, used 64576K [0x00000000eab00000, 0x00000000ffc00000, 0x0000000100000000)
  eden space 121856K, 0% used [0x00000000eab00000,0x00000000eab00000,0x00000000f2200000)
  from space 107008K, 60% used [0x00000000f9380000,0x00000000fd290208,0x00000000ffc00000)
  to   space 111616K, 0% used [0x00000000f2200000,0x00000000f2200000,0x00000000f8f00000)
 ParOldGen       total 397312K, used 199190K [0x00000000c0000000, 0x00000000d8400000, 0x00000000eab00000)
  object space 397312K, 50% used [0x00000000c0000000,0x00000000cc285b00,0x00000000d8400000)
 Metaspace       used 6448K, capacity 7218K, committed 7296K, reserved 1056768K
  class space    used 598K, capacity 618K, committed 640K, reserved 1048576K
}
Event: 52.947 GC heap before
{Heap before GC invocations=30 (full 7):
 PSYoungGen      total 228864K, used 186432K [0x00000000eab00000, 0x00000000ffc00000, 0x0000000100000000)
  eden space 121856K, 100% used [0x00000000eab00000,0x00000000f2200000,0x00000000f2200000)
  from space 107008K, 60% used [0x00000000f9380000,0x00000000fd290208,0x00000000ffc00000)
  to   space 111616K, 0% used [0x00000000f2200000,0x00000000f2200000,0x00000000f8f00000)
 ParOldGen       total 397312K, used 199190K [0x00000000c0000000, 0x00000000d8400000, 0x00000000eab00000)
  object space 397312K, 50% used [0x00000000c0000000,0x00000000cc285b00,0x00000000d8400000)
 Metaspace       used 6448K, capacity 7218K, committed 7296K, reserved 1056768K
  class space    used 598K, capacity 618K, committed 640K, reserved 1048576K
Event: 53.247 GC heap after
Heap after GC invocations=30 (full 7):
 PSYoungGen      total 229376K, used 107142K [0x00000000eab00000, 0x0000000100000000, 0x0000000100000000)
  eden space 121856K, 0% used [0x00000000eab00000,0x00000000eab00000,0x00000000f2200000)
  from space 107520K, 99% used [0x00000000f2200000,0x00000000f8aa1838,0x00000000f8b00000)
  to   space 116224K, 0% used [0x00000000f8e80000,0x00000000f8e80000,0x0000000100000000)
 ParOldGen       total 397312K, used 199190K [0x00000000c0000000, 0x00000000d8400000, 0x00000000eab00000)
  object space 397312K, 50% used [0x00000000c0000000,0x00000000cc285b00,0x00000000d8400000)
 Metaspace       used 6448K, capacity 7218K, committed 7296K, reserved 1056768K
  class space    used 598K, capacity 618K, committed 640K, reserved 1048576K
}

Deoptimization events (10 events):
Event: 53.818 Thread 0x0000000016a93000 Uncommon trap: reason=speculate_class_check action=maybe_recompile pc=0x0000000002da074c method=com.android.dx.util.FixedSizeList.equals(Ljava/lang/Object;)Z @ 25
Event: 53.818 Thread 0x0000000016a93000 Uncommon trap: reason=speculate_class_check action=maybe_recompile pc=0x0000000002da074c method=com.android.dx.util.FixedSizeList.equals(Ljava/lang/Object;)Z @ 25
Event: 53.825 Thread 0x0000000016a93000 Uncommon trap: reason=unstable_if action=reinterpret pc=0x0000000002b4d1e8 method=java.util.TreeMap.put(Ljava/lang/Object;Ljava/lang/Object;)Ljava/lang/Object; @ 163
Event: 53.908 Thread 0x0000000016a93000 Uncommon trap: reason=unstable_if action=reinterpret pc=0x0000000002f72178 method=com.android.dx.rop.code.RegisterSpecSet.equals(Ljava/lang/Object;)Z @ 30
Event: 53.988 Thread 0x0000000016a93000 Uncommon trap: reason=unstable_if action=reinterpret pc=0x0000000002e95804 method=com.android.dx.dex.code.OutputFinisher.align64bits([Lcom/android/dx/dex/code/Dop;)V @ 205
Event: 54.295 Thread 0x0000000016a93000 Uncommon trap: reason=bimorphic action=maybe_recompile pc=0x0000000002ebaa60 method=com.android.dx.dex.code.DalvInsn.getLowRegVersion()Lcom/android/dx/dex/code/DalvInsn; @ 16
Event: 54.296 Thread 0x0000000016a93000 Uncommon trap: reason=bimorphic action=maybe_recompile pc=0x0000000002ebaa60 method=com.android.dx.dex.code.DalvInsn.getLowRegVersion()Lcom/android/dx/dex/code/DalvInsn; @ 16
Event: 54.296 Thread 0x0000000016a93000 Uncommon trap: reason=bimorphic action=maybe_recompile pc=0x0000000002ebaa60 method=com.android.dx.dex.code.DalvInsn.getLowRegVersion()Lcom/android/dx/dex/code/DalvInsn; @ 16
Event: 54.318 Thread 0x0000000016a93000 Uncommon trap: reason=bimorphic action=maybe_recompile pc=0x0000000002ebaa60 method=com.android.dx.dex.code.DalvInsn.getLowRegVersion()Lcom/android/dx/dex/code/DalvInsn; @ 16
Event: 54.622 Thread 0x0000000016a93000 Uncommon trap: reason=unstable_if action=reinterpret pc=0x0000000002c45084 method=com.android.dx.util.ByteArrayAnnotatedOutput.writeByte(I)V @ 13

Internal exceptions (6 events):
Event: 0.217 Thread 0x00000000028fd800 Exception <a 'java/lang/NoSuchMethodError': Method sun.misc.Unsafe.defineClass(Ljava/lang/String;[BII)Ljava/lang/Class; name or signature does not match> (0x00000000eab07cc0) thrown at [C:\src\android\AOSP-openjdk\external\jetbrains\jdk\hotspot\src\share\v°’‡ÁXŒÀ?
Event: 0.217 Thread 0x00000000028fd800 Exception <a 'java/lang/NoSuchMethodError': Method sun.misc.Unsafe.prefetchRead(Ljava/lang/Object;J)V name or signature does not match> (0x00000000eab07fa8) thrown at [C:\src\android\AOSP-openjdk\external\jetbrains\jdk\hotspot\src\share\vm\prims\jni.cpp, l_vpn[!@
Event: 8.557 Thread 0x0000000016a9c000 Implicit null exception at 0x0000000002d21262 to 0x0000000002d21352
Event: 16.585 Thread 0x0000000016a97000 Exception <a 'java/lang/ArrayIndexOutOfBoundsException': 18> (0x00000000ec0b8590) thrown at [C:\src\android\AOSP-openjdk\external\jetbrains\jdk\hotspot\src\share\vm\interpreter\interpreterRuntime.cpp, line 366]
Event: 16.586 Thread 0x0000000016a97000 Exception <a 'java/lang/ArrayIndexOutOfBoundsException'> (0x00000000ec0ba110) thrown at [C:\src\android\AOSP-openjdk\external\jetbrains\jdk\hotspot\src\share\vm\runtime\sharedRuntime.cpp, line 605]
Event: 16.589 Thread 0x0000000016a97000 Exception <a 'java/lang/ArrayIndexOutOfBoundsException'> (0x00000000ec0bb3f8) thrown at [C:\src\android\AOSP-openjdk\external\jetbrains\jdk\hotspot\src\share\vm\runtime\sharedRuntime.cpp, line 605]

Events (10 events):
Event: 54.345 Thread 0x000000001512d800 flushing nmethod 0x0000000003665a10
Event: 54.492 loading class com/android/dex/EncodedValueCodec
Event: 54.492 loading class com/android/dex/EncodedValueCodec done
Event: 54.588 loading class com/android/dx/dex/file/MapItem
Event: 54.588 loading class com/android/dx/dex/file/MapItem done
Event: 54.604 loading class com/android/dex/DexFormat
Event: 54.604 loading class com/android/dex/DexFormat done
Event: 54.622 Thread 0x0000000016a93000 Uncommon trap: trap_request=0xffffff65 fr.pc=0x0000000002c45084
Event: 54.622 Thread 0x0000000016a93000 DEOPT PACKING pc=0x0000000002c45084 sp=0x0000000019ccecb0
Event: 54.622 Thread 0x0000000016a93000 DEOPT UNPACKING pc=0x0000000002a4556a sp=0x0000000019ccec68 mode 2


Dynamic libraries:
0x00007ff6091e0000 - 0x00007ff609211000 	C:\Program Files\Android\Android Studio\jre\bin\java.exe
0x00007fff314c0000 - 0x00007fff31681000 	C:\WINDOWS\SYSTEM32\ntdll.dll
0x00007fff2eaa0000 - 0x00007fff2eb4d000 	C:\WINDOWS\system32\KERNEL32.DLL
0x00007fff2e030000 - 0x00007fff2e218000 	C:\WINDOWS\system32\KERNELBASE.dll
0x00007fff30780000 - 0x00007fff30827000 	C:\WINDOWS\system32\ADVAPI32.dll
0x00007fff31140000 - 0x00007fff311dd000 	C:\WINDOWS\system32\msvcrt.dll
0x00007fff30b70000 - 0x00007fff30bcb000 	C:\WINDOWS\system32\sechost.dll
0x00007fff2e8c0000 - 0x00007fff2e9dc000 	C:\WINDOWS\system32\RPCRT4.dll
0x00007fff2ef80000 - 0x00007fff2f0d6000 	C:\WINDOWS\system32\USER32.dll
0x00007fff30fb0000 - 0x00007fff31136000 	C:\WINDOWS\system32\GDI32.dll
0x00007fff257a0000 - 0x00007fff25a14000 	C:\WINDOWS\WinSxS\amd64_microsoft.windows.common-controls_6595b64144ccf1df_6.0.10586.672_none_a2d6b3cea53ff843\COMCTL32.dll
0x00007fff30bd0000 - 0x00007fff30e4d000 	C:\WINDOWS\system32\combase.dll
0x00007fff2dc60000 - 0x00007fff2dcca000 	C:\WINDOWS\system32\bcryptPrimitives.dll
0x00007fff30980000 - 0x00007fff309bb000 	C:\WINDOWS\system32\IMM32.DLL
0x000000005eea0000 - 0x000000005ef72000 	C:\Program Files\Android\Android Studio\jre\jre\bin\msvcr100.dll
0x000000005d9f0000 - 0x000000005e224000 	C:\Program Files\Android\Android Studio\jre\jre\bin\server\jvm.dll
0x00007fff30660000 - 0x00007fff30668000 	C:\WINDOWS\system32\PSAPI.DLL
0x00007fff1ce30000 - 0x00007fff1ce39000 	C:\WINDOWS\SYSTEM32\WSOCK32.dll
0x00007fff30aa0000 - 0x00007fff30b0b000 	C:\WINDOWS\system32\WS2_32.dll
0x00007fff2bd30000 - 0x00007fff2bd53000 	C:\WINDOWS\SYSTEM32\WINMM.dll
0x00007fff242a0000 - 0x00007fff242aa000 	C:\WINDOWS\SYSTEM32\VERSION.dll
0x00007fff2bd00000 - 0x00007fff2bd2c000 	C:\WINDOWS\SYSTEM32\WINMMBASE.dll
0x00007fff2e220000 - 0x00007fff2e263000 	C:\WINDOWS\system32\cfgmgr32.dll
0x00007fff2af00000 - 0x00007fff2af0f000 	C:\Program Files\Android\Android Studio\jre\jre\bin\verify.dll
0x00007fff2ad20000 - 0x00007fff2ad49000 	C:\Program Files\Android\Android Studio\jre\jre\bin\java.dll
0x00007fff2aee0000 - 0x00007fff2aef6000 	C:\Program Files\Android\Android Studio\jre\jre\bin\zip.dll
0x00007fff2f0e0000 - 0x00007fff3063c000 	C:\WINDOWS\system32\SHELL32.dll
0x00007fff2e270000 - 0x00007fff2e8b5000 	C:\WINDOWS\system32\windows.storage.dll
0x00007fff312b0000 - 0x00007fff31302000 	C:\WINDOWS\system32\shlwapi.dll
0x00007fff2db30000 - 0x00007fff2db3f000 	C:\WINDOWS\system32\kernel.appcore.dll
0x00007fff2dcd0000 - 0x00007fff2dd85000 	C:\WINDOWS\system32\shcore.dll
0x00007fff2dae0000 - 0x00007fff2db2b000 	C:\WINDOWS\system32\powrprof.dll
0x00007fff2db50000 - 0x00007fff2db64000 	C:\WINDOWS\system32\profapi.dll

VM Arguments:
jvm_args: -Djava.awt.headless=true -Xmx1024M -Dfile.encoding=windows-1252 -Duser.country=GB -Duser.language=en -Duser.variant 
java_command: com.android.dx.command.Main --dex --force-jumbo --num-threads=4 --multi-dex --output C:\Users\Thomas\AndroidStudioProjects\MrWhemps\app\build\intermediates\transforms\dex\debug\folders\1000\10\com.google.android.gms-play-services-ads-9.4.0_66afef4fa8bf1a1cd67637876d9d6bc47bc16660 C:\Users\Thomas\AndroidStudioProjects\MrWhemps\app\build\intermediates\exploded-aar\com.google.android.gms\play-services-ads\9.4.0\jars\classes.jar
java_class_path (initial): C:\Users\Thomas\AppData\Local\Android\sdk\build-tools\23.0.2\lib\dx.jar
Launcher Type: SUN_STANDARD

Environment Variables:
PATH=C:\Program Files (x86)\Intel\iCLS Client\;C:\Program Files\Intel\iCLS Client\;C:\Windows\system32;C:\Windows;C:\Windows\System32\Wbem;C:\Windows\System32\WindowsPowerShell\v1.0\;C:\Program Files (x86)\Intel\OpenCL SDK\2.0\bin\x86;C:\Program Files (x86)\Intel\OpenCL SDK\2.0\bin\x64;C:\Program Files\Intel\Intel(R) Management Engine Components\DAL;C:\Program Files\Intel\Intel(R) Management Engine Components\IPT;C:\Program Files (x86)\Intel\Intel(R) Management Engine Components\DAL;C:\Program Files (x86)\Intel\Intel(R) Management Engine Components\IPT;C:\Program Files (x86)\Windows Live\Shared;C:\Users\Thomas\AppData\Local\Smartbar\Application\;C:\WINDOWS\system32;C:\WINDOWS;C:\WINDOWS\System32\Wbem;C:\WINDOWS\System32\WindowsPowerShell\v1.0\;D:\Programs\bin;C:\Program Files\Microsoft SQL Server\110\Tools\Binn\;C:\Program Files\Microsoft SQL Server\120\Tools\Binn\;C:\Program Files\MiKTeX 2.9\miktex\bin\;C:\Program Files\MiKTeX 2.9\gs\gs8.71\bin\;C:\Program Files\Git\cmd;C:\Program Files (x86)\Skype\Phone\;C:\Program Files\Microsoft SQL Server\130\Tools\Binn\;C:\Program Files (x86)\Windows Kits\10\Windows Performance Toolkit\;C:\Program Files
USERNAME=Thomas
OS=Windows_NT
PROCESSOR_IDENTIFIER=Intel64 Family 6 Model 42 Stepping 7, GenuineIntel



---------------  S Y S T E M  ---------------

OS: Windows 10.0 , 64 bit Build 10586 (10.0.10586.589)

CPU:total 4 (2 cores per cpu, 2 threads per core) family 6 model 42 stepping 7, cmov, cx8, fxsr, mmx, sse, sse2, sse3, ssse3, sse4.1, sse4.2, popcnt, avx, clmul, ht, tsc, tscinvbit

Memory: 4k page, physical 4075172k(471796k free), swap 6565540k(3164k free)

vm_info: OpenJDK 64-Bit Server VM (25.76-b03) for windows-amd64 JRE (1.8.0_76-release-b03), built on Jun 29 2016 19:09:20 by "ralucas" with MS VC++ 10.0 (VS2010)

time: Sun Jan 01 17:02:27 2017
elapsed time: 54 seconds (0d 0h 0m 54s)

