#
# There is insufficient memory for the Java Runtime Environment to continue.
# Native memory allocation (malloc) failed to allocate 32744 bytes for ChunkPool::allocate
# Possible reasons:
#   The system is out of physical RAM or swap space
#   In 32 bit mode, the process size limit was hit
# Possible solutions:
#   Reduce memory load on the system
#   Increase physical memory or swap space
#   Check if swap backing store is full
#   Use 64 bit Java on a 64 bit OS
#   Decrease Java heap size (-Xmx/-Xms)
#   Decrease number of Java threads
#   Decrease Java thread stack sizes (-Xss)
#   Set larger code cache with -XX:ReservedCodeCacheSize=
# This output file may be truncated or incomplete.
#
#  Out of Memory Error (allocation.cpp:273), pid=8548, tid=0x0000000000002e98
#
# JRE version: OpenJDK Runtime Environment (8.0_76-b03) (build 1.8.0_76-release-b03)
# Java VM: OpenJDK 64-Bit Server VM (25.76-b03 mixed mode windows-amd64 compressed oops)
# Failed to write core dump. Minidumps are not enabled by default on client versions of Windows
#

---------------  T H R E A D  ---------------

Current thread (0x00000000156c8000):  JavaThread "C2 CompilerThread1" daemon [_thread_in_native, id=11928, stack(0x0000000016db0000,0x0000000016eb0000)]

Stack: [0x0000000016db0000,0x0000000016eb0000]
[error occurred during error reporting (printing stack bounds), id 0xc0000005]

Native frames: (J=compiled Java code, j=interpreted, Vv=VM code, C=native code)


Current CompileTask:
C2:  11011 1386       4       com.android.dx.ssa.SCCP::simulatePhi (169 bytes)


---------------  P R O C E S S  ---------------

Java Threads: ( => current thread )
  0x00000000172c7800 JavaThread "pool-2-thread-4" [_thread_in_vm, id=7608, stack(0x00000000179b0000,0x0000000017ab0000)]
  0x00000000172c6000 JavaThread "pool-2-thread-3" [_thread_in_vm, id=3560, stack(0x00000000178b0000,0x00000000179b0000)]
  0x00000000172c4800 JavaThread "pool-2-thread-2" [_thread_in_Java, id=10292, stack(0x00000000177b0000,0x00000000178b0000)]
  0x00000000172b9000 JavaThread "pool-3-thread-1" [_thread_blocked, id=10792, stack(0x00000000176b0000,0x00000000177b0000)]
  0x00000000172b4000 JavaThread "pool-2-thread-1" [_thread_in_vm, id=10232, stack(0x00000000175b0000,0x00000000176b0000)]
  0x0000000016fb4800 JavaThread "Service Thread" daemon [_thread_blocked, id=4520, stack(0x00000000173b0000,0x00000000174b0000)]
  0x00000000156cb800 JavaThread "C1 CompilerThread2" daemon [_thread_in_native, id=12064, stack(0x0000000016eb0000,0x0000000016fb0000)]
=>0x00000000156c8000 JavaThread "C2 CompilerThread1" daemon [_thread_in_native, id=11928, stack(0x0000000016db0000,0x0000000016eb0000)]
  0x000000001566b800 JavaThread "C2 CompilerThread0" daemon [_thread_in_native, id=2564, stack(0x0000000016cb0000,0x0000000016db0000)]
  0x000000001566a000 JavaThread "Attach Listener" daemon [_thread_blocked, id=4232, stack(0x0000000016bb0000,0x0000000016cb0000)]
  0x0000000015669000 JavaThread "Signal Dispatcher" daemon [_thread_blocked, id=11936, stack(0x0000000016ab0000,0x0000000016bb0000)]
  0x0000000002f96000 JavaThread "Finalizer" daemon [_thread_blocked, id=8580, stack(0x00000000168d0000,0x00000000169d0000)]
  0x0000000015637000 JavaThread "Reference Handler" daemon [_thread_blocked, id=7696, stack(0x00000000167d0000,0x00000000168d0000)]
  0x0000000002bbd800 JavaThread "main" [_thread_blocked, id=2032, stack(0x0000000002ca0000,0x0000000002da0000)]

Other Threads:
  0x0000000015635000 VMThread [stack: 0x00000000166d0000,0x00000000167d0000] [id=652]
  0x0000000016fb6800 WatcherThread [stack: 0x00000000174b0000,0x00000000175b0000] [id=12228]

VM state:synchronizing (normal execution)

VM Mutex/Monitor currently owned by a thread:  ([mutex/lock_event])
[0x0000000002bbd050] Safepoint_lock - owner thread: 0x0000000015635000
[0x0000000002bbc850] Threads_lock - owner thread: 0x0000000015635000
[0x0000000002bbced0] Heap_lock - owner thread: 0x00000000172b4000

Heap:
 PSYoungGen      total 35328K, used 35303K [0x00000000eab00000, 0x00000000ed000000, 0x0000000100000000)
  eden space 32768K, 100% used [0x00000000eab00000,0x00000000ecb00000,0x00000000ecb00000)
  from space 2560K, 99% used [0x00000000ecd80000,0x00000000ecff9c68,0x00000000ed000000)
  to   space 2560K, 0% used [0x00000000ecb00000,0x00000000ecb00000,0x00000000ecd80000)
 ParOldGen       total 44032K, used 1576K [0x00000000c0000000, 0x00000000c2b00000, 0x00000000eab00000)
  object space 44032K, 3% used [0x00000000c0000000,0x00000000c018a040,0x00000000c2b00000)
 Metaspace       used 6104K, capacity 7024K, committed 7296K, reserved 1056768K
  class space    used 574K, capacity 616K, committed 640K, reserved 1048576K

Card table byte_map: [0x0000000012360000,0x0000000012570000] byte_map_base: 0x0000000011d60000

Marking Bits: (ParMarkBitMap*) 0x000000005eef9d00
 Begin Bits: [0x0000000012ad0000, 0x0000000013ad0000)
 End Bits:   [0x0000000013ad0000, 0x0000000014ad0000)

Polling page: 0x0000000001360000

CodeCache: size=245760Kb used=6080Kb max_used=6080Kb free=239679Kb
 bounds [0x0000000002fa0000, 0x00000000035a0000, 0x0000000011fa0000]
 total_blobs=1710 nmethods=1443 adapters=181
 compilation: enabled

Compilation events (10 events):
Event: 10.996 Thread 0x00000000156cb800 nmethod 1452 0x00000000035913d0 code [0x0000000003591520, 0x0000000003591670]
Event: 11.001 Thread 0x00000000156cb800 1454       2       com.android.dx.ssa.back.FirstFitLocalCombiningAllocator::isEven (12 bytes)
Event: 11.001 Thread 0x00000000156cb800 nmethod 1454 0x0000000003591710 code [0x0000000003591860, 0x00000000035919b0]
Event: 11.003 Thread 0x00000000156cb800 1455       2       com.android.dx.rop.cst.CstLiteral64::equals (36 bytes)
Event: 11.003 Thread 0x00000000156cb800 nmethod 1455 0x0000000003591a50 code [0x0000000003591ba0, 0x0000000003591d90]
Event: 11.004 Thread 0x00000000156cb800 1456       2       com.android.dx.rop.cst.CstLong::getType (4 bytes)
Event: 11.004 Thread 0x00000000156cb800 nmethod 1456 0x0000000003591e90 code [0x0000000003591fe0, 0x0000000003592130]
Event: 11.004 Thread 0x00000000156cb800 1457       2       com.android.dx.ssa.PhiInsn::mapSourceRegisters (78 bytes)
Event: 11.005 Thread 0x00000000156cb800 nmethod 1457 0x00000000035921d0 code [0x0000000003592360, 0x0000000003592708]
Event: 11.005 Thread 0x00000000156cb800 1458       2       java.util.HashMap::putVal (300 bytes)

GC Heap History (4 events):
Event: 8.200 GC heap before
{Heap before GC invocations=1 (full 0):
 PSYoungGen      total 18944K, used 16384K [0x00000000eab00000, 0x00000000ec000000, 0x0000000100000000)
  eden space 16384K, 100% used [0x00000000eab00000,0x00000000ebb00000,0x00000000ebb00000)
  from space 2560K, 0% used [0x00000000ebd80000,0x00000000ebd80000,0x00000000ec000000)
  to   space 2560K, 0% used [0x00000000ebb00000,0x00000000ebb00000,0x00000000ebd80000)
 ParOldGen       total 44032K, used 0K [0x00000000c0000000, 0x00000000c2b00000, 0x00000000eab00000)
  object space 44032K, 0% used [0x00000000c0000000,0x00000000c0000000,0x00000000c2b00000)
 Metaspace       used 5098K, capacity 6096K, committed 6272K, reserved 1056768K
  class space    used 530K, capacity 584K, committed 640K, reserved 1048576K
Event: 8.347 GC heap after
Heap after GC invocations=1 (full 0):
 PSYoungGen      total 18944K, used 2537K [0x00000000eab00000, 0x00000000ed000000, 0x0000000100000000)
  eden space 16384K, 0% used [0x00000000eab00000,0x00000000eab00000,0x00000000ebb00000)
  from space 2560K, 99% used [0x00000000ebb00000,0x00000000ebd7a7c0,0x00000000ebd80000)
  to   space 2560K, 0% used [0x00000000ecd80000,0x00000000ecd80000,0x00000000ed000000)
 ParOldGen       total 44032K, used 209K [0x00000000c0000000, 0x00000000c2b00000, 0x00000000eab00000)
  object space 44032K, 0% used [0x00000000c0000000,0x00000000c00347b0,0x00000000c2b00000)
 Metaspace       used 5098K, capacity 6096K, committed 6272K, reserved 1056768K
  class space    used 530K, capacity 584K, committed 640K, reserved 1048576K
}
Event: 9.651 GC heap before
{Heap before GC invocations=2 (full 0):
 PSYoungGen      total 18944K, used 18921K [0x00000000eab00000, 0x00000000ed000000, 0x0000000100000000)
  eden space 16384K, 100% used [0x00000000eab00000,0x00000000ebb00000,0x00000000ebb00000)
  from space 2560K, 99% used [0x00000000ebb00000,0x00000000ebd7a7c0,0x00000000ebd80000)
  to   space 2560K, 0% used [0x00000000ecd80000,0x00000000ecd80000,0x00000000ed000000)
 ParOldGen       total 44032K, used 209K [0x00000000c0000000, 0x00000000c2b00000, 0x00000000eab00000)
  object space 44032K, 0% used [0x00000000c0000000,0x00000000c00347b0,0x00000000c2b00000)
 Metaspace       used 5914K, capacity 6832K, committed 7040K, reserved 1056768K
  class space    used 574K, capacity 616K, committed 640K, reserved 1048576K
Event: 9.752 GC heap after
Heap after GC invocations=2 (full 0):
 PSYoungGen      total 35328K, used 2535K [0x00000000eab00000, 0x00000000ed000000, 0x0000000100000000)
  eden space 32768K, 0% used [0x00000000eab00000,0x00000000eab00000,0x00000000ecb00000)
  from space 2560K, 99% used [0x00000000ecd80000,0x00000000ecff9c68,0x00000000ed000000)
  to   space 2560K, 0% used [0x00000000ecb00000,0x00000000ecb00000,0x00000000ecd80000)
 ParOldGen       total 44032K, used 1576K [0x00000000c0000000, 0x00000000c2b00000, 0x00000000eab00000)
  object space 44032K, 3% used [0x00000000c0000000,0x00000000c018a040,0x00000000c2b00000)
 Metaspace       used 5914K, capacity 6832K, committed 7040K, reserved 1056768K
  class space    used 574K, capacity 616K, committed 640K, reserved 1048576K
}

Deoptimization events (10 events):
Event: 10.618 Thread 0x00000000172c7800 Uncommon trap: reason=uninitialized action=reinterpret pc=0x000000000346e88c method=com.android.dx.cf.code.BytecodeArray.parseInstruction(ILcom/android/dx/cf/code/BytecodeArray$Visitor;)I @ 1095
Event: 10.626 Thread 0x00000000172c7800 Uncommon trap: reason=bimorphic action=maybe_recompile pc=0x00000000032b8f64 method=java.util.HashMap.getNode(ILjava/lang/Object;)Ljava/util/HashMap$Node; @ 126
Event: 10.626 Thread 0x00000000172c7800 Uncommon trap: reason=class_check action=maybe_recompile pc=0x00000000033c7b8c method=java.util.HashMap.putVal(ILjava/lang/Object;Ljava/lang/Object;ZZ)Ljava/lang/Object; @ 203
Event: 10.626 Thread 0x00000000172c7800 Uncommon trap: reason=bimorphic action=maybe_recompile pc=0x00000000032b8f64 method=java.util.HashMap.getNode(ILjava/lang/Object;)Ljava/util/HashMap$Node; @ 126
Event: 10.626 Thread 0x00000000172c7800 Uncommon trap: reason=class_check action=maybe_recompile pc=0x00000000033c7b8c method=java.util.HashMap.putVal(ILjava/lang/Object;Ljava/lang/Object;ZZ)Ljava/lang/Object; @ 203
Event: 10.626 Thread 0x00000000172c7800 Uncommon trap: reason=bimorphic action=maybe_recompile pc=0x00000000032b8f64 method=java.util.HashMap.getNode(ILjava/lang/Object;)Ljava/util/HashMap$Node; @ 126
Event: 10.626 Thread 0x00000000172c7800 Uncommon trap: reason=class_check action=maybe_recompile pc=0x00000000033c7b8c method=java.util.HashMap.putVal(ILjava/lang/Object;Ljava/lang/Object;ZZ)Ljava/lang/Object; @ 203
Event: 10.627 Thread 0x00000000172c7800 Uncommon trap: reason=bimorphic action=maybe_recompile pc=0x0000000003228328 method=java.util.HashMap.getNode(ILjava/lang/Object;)Ljava/util/HashMap$Node; @ 126
Event: 10.627 Thread 0x00000000172c7800 Uncommon trap: reason=bimorphic action=maybe_recompile pc=0x00000000032b8f64 method=java.util.HashMap.getNode(ILjava/lang/Object;)Ljava/util/HashMap$Node; @ 126
Event: 11.004 Thread 0x00000000172c7800 Uncommon trap: reason=class_check action=maybe_recompile pc=0x00000000033c7b8c method=java.util.HashMap.putVal(ILjava/lang/Object;Ljava/lang/Object;ZZ)Ljava/lang/Object; @ 203

Internal exceptions (2 events):
Event: 1.134 Thread 0x0000000002bbd800 Exception <a 'java/lang/NoSuchMethodError': Method sun.misc.Unsafe.defineClass(Ljava/lang/String;[BII)Ljava/lang/Class; name or signature does not match> (0x00000000eab07cc0) thrown at [C:\src\android\AOSP-openjdk\external\jetbrains\jdk\hotspot\src\share\vVC9§(%ò?
Event: 1.134 Thread 0x0000000002bbd800 Exception <a 'java/lang/NoSuchMethodError': Method sun.misc.Unsafe.prefetchRead(Ljava/lang/Object;J)V name or signature does not match> (0x00000000eab07fa8) thrown at [C:\src\android\AOSP-openjdk\external\jetbrains\jdk\hotspot\src\share\vm\prims\jni.cpp, l

Events (10 events):
Event: 10.627 Thread 0x00000000172c7800 DEOPT PACKING pc=0x0000000003228328 sp=0x0000000017aae7d0
Event: 10.627 Thread 0x00000000172c7800 DEOPT UNPACKING pc=0x0000000002fe556a sp=0x0000000017aae6f8 mode 2
Event: 10.627 Thread 0x00000000172c7800 Uncommon trap: trap_request=0xffffffc6 fr.pc=0x00000000032b8f64
Event: 10.627 Thread 0x00000000172c7800 DEOPT PACKING pc=0x00000000032b8f64 sp=0x0000000017aae740
Event: 10.627 Thread 0x00000000172c7800 DEOPT UNPACKING pc=0x0000000002fe556a sp=0x0000000017aae6d8 mode 2
Event: 10.953 Thread 0x00000000172c6000 DEOPT PACKING pc=0x00000000032ee3fa sp=0x00000000179aeb20
Event: 10.953 Thread 0x00000000172c6000 DEOPT UNPACKING pc=0x0000000002fe75bf sp=0x00000000179ae8e8 mode 0
Event: 11.004 Thread 0x00000000172c7800 Uncommon trap: trap_request=0xffffffde fr.pc=0x00000000033c7b8c
Event: 11.004 Thread 0x00000000172c7800 DEOPT PACKING pc=0x00000000033c7b8c sp=0x0000000017aaeb80
Event: 11.004 Thread 0x00000000172c7800 DEOPT UNPACKING pc=0x0000000002fe556a sp=0x0000000017aaeb08 mode 2


Dynamic libraries:
0x00007ff65aea0000 - 0x00007ff65aed1000 	C:\Program Files\Android\Android Studio\jre\bin\java.exe
0x00007fff314c0000 - 0x00007fff31681000 	C:\WINDOWS\SYSTEM32\ntdll.dll
0x00007fff2eaa0000 - 0x00007fff2eb4d000 	C:\WINDOWS\system32\KERNEL32.DLL
0x00007fff2e030000 - 0x00007fff2e218000 	C:\WINDOWS\system32\KERNELBASE.dll
0x00007fff30780000 - 0x00007fff30827000 	C:\WINDOWS\system32\ADVAPI32.dll
0x00007fff31140000 - 0x00007fff311dd000 	C:\WINDOWS\system32\msvcrt.dll
0x00007fff30b70000 - 0x00007fff30bcb000 	C:\WINDOWS\system32\sechost.dll
0x00007fff2e8c0000 - 0x00007fff2e9dc000 	C:\WINDOWS\system32\RPCRT4.dll
0x00007fff2ef80000 - 0x00007fff2f0d6000 	C:\WINDOWS\system32\USER32.dll
0x00007fff30fb0000 - 0x00007fff31136000 	C:\WINDOWS\system32\GDI32.dll
0x00007fff257a0000 - 0x00007fff25a14000 	C:\WINDOWS\WinSxS\amd64_microsoft.windows.common-controls_6595b64144ccf1df_6.0.10586.672_none_a2d6b3cea53ff843\COMCTL32.dll
0x00007fff30bd0000 - 0x00007fff30e4d000 	C:\WINDOWS\system32\combase.dll
0x00007fff2dc60000 - 0x00007fff2dcca000 	C:\WINDOWS\system32\bcryptPrimitives.dll
0x00007fff30980000 - 0x00007fff309bb000 	C:\WINDOWS\system32\IMM32.DLL
0x000000005e580000 - 0x000000005e652000 	C:\Program Files\Android\Android Studio\jre\jre\bin\msvcr100.dll
0x000000005e740000 - 0x000000005ef74000 	C:\Program Files\Android\Android Studio\jre\jre\bin\server\jvm.dll
0x00007fff30660000 - 0x00007fff30668000 	C:\WINDOWS\system32\PSAPI.DLL
0x00007fff1ce30000 - 0x00007fff1ce39000 	C:\WINDOWS\SYSTEM32\WSOCK32.dll
0x00007fff30aa0000 - 0x00007fff30b0b000 	C:\WINDOWS\system32\WS2_32.dll
0x00007fff2bd30000 - 0x00007fff2bd53000 	C:\WINDOWS\SYSTEM32\WINMM.dll
0x00007fff242a0000 - 0x00007fff242aa000 	C:\WINDOWS\SYSTEM32\VERSION.dll
0x00007fff2bd00000 - 0x00007fff2bd2c000 	C:\WINDOWS\SYSTEM32\WINMMBASE.dll
0x00007fff2e220000 - 0x00007fff2e263000 	C:\WINDOWS\system32\cfgmgr32.dll
0x00007fff27930000 - 0x00007fff2793f000 	C:\Program Files\Android\Android Studio\jre\jre\bin\verify.dll
0x00007fff15570000 - 0x00007fff15599000 	C:\Program Files\Android\Android Studio\jre\jre\bin\java.dll
0x00007fff1ed80000 - 0x00007fff1ed96000 	C:\Program Files\Android\Android Studio\jre\jre\bin\zip.dll
0x00007fff2f0e0000 - 0x00007fff3063c000 	C:\WINDOWS\system32\SHELL32.dll
0x00007fff2e270000 - 0x00007fff2e8b5000 	C:\WINDOWS\system32\windows.storage.dll
0x00007fff312b0000 - 0x00007fff31302000 	C:\WINDOWS\system32\shlwapi.dll
0x00007fff2db30000 - 0x00007fff2db3f000 	C:\WINDOWS\system32\kernel.appcore.dll
0x00007fff2dcd0000 - 0x00007fff2dd85000 	C:\WINDOWS\system32\shcore.dll
0x00007fff2dae0000 - 0x00007fff2db2b000 	C:\WINDOWS\system32\powrprof.dll
0x00007fff2db50000 - 0x00007fff2db64000 	C:\WINDOWS\system32\profapi.dll

VM Arguments:
jvm_args: -Djava.awt.headless=true -Xmx1024M -Dfile.encoding=windows-1252 -Duser.country=GB -Duser.language=en -Duser.variant 
java_command: com.android.dx.command.Main --dex --force-jumbo --num-threads=4 --multi-dex --output C:\Users\Thomas\AndroidStudioProjects\MrWhemps\app\build\intermediates\transforms\dex\debug\folders\1000\10\com.google.android.gms-play-services-ads-9.4.0_66afef4fa8bf1a1cd67637876d9d6bc47bc16660 C:\Users\Thomas\AndroidStudioProjects\MrWhemps\app\build\intermediates\exploded-aar\com.google.android.gms\play-services-ads\9.4.0\jars\classes.jar
java_class_path (initial): C:\Users\Thomas\AppData\Local\Android\sdk\build-tools\23.0.2\lib\dx.jar
Launcher Type: SUN_STANDARD

Environment Variables:
PATH=C:\Program Files (x86)\Intel\iCLS Client\;C:\Program Files\Intel\iCLS Client\;C:\Windows\system32;C:\Windows;C:\Windows\System32\Wbem;C:\Windows\System32\WindowsPowerShell\v1.0\;C:\Program Files (x86)\Intel\OpenCL SDK\2.0\bin\x86;C:\Program Files (x86)\Intel\OpenCL SDK\2.0\bin\x64;C:\Program Files\Intel\Intel(R) Management Engine Components\DAL;C:\Program Files\Intel\Intel(R) Management Engine Components\IPT;C:\Program Files (x86)\Intel\Intel(R) Management Engine Components\DAL;C:\Program Files (x86)\Intel\Intel(R) Management Engine Components\IPT;C:\Program Files (x86)\Windows Live\Shared;C:\Users\Thomas\AppData\Local\Smartbar\Application\;C:\WINDOWS\system32;C:\WINDOWS;C:\WINDOWS\System32\Wbem;C:\WINDOWS\System32\WindowsPowerShell\v1.0\;D:\Programs\bin;C:\Program Files\Microsoft SQL Server\110\Tools\Binn\;C:\Program Files\Microsoft SQL Server\120\Tools\Binn\;C:\Program Files\MiKTeX 2.9\miktex\bin\;C:\Program Files\MiKTeX 2.9\gs\gs8.71\bin\;C:\Program Files\Git\cmd;C:\Program Files (x86)\Skype\Phone\;C:\WINDOWS\system32\config\systemprofile\.dnx\bin;C:\Program Files\Microsoft DNX\Dnvm\;C:\Program Files\Microsoft SQL Server\130\Tools\Binn\;C:\Program Files (x86)\Windows Kits\10\Windows Performance Toolkit\;C:\Program Files
USERNAME=Thomas
OS=Windows_NT
PROCESSOR_IDENTIFIER=Intel64 Family 6 Model 42 Stepping 7, GenuineIntel



---------------  S Y S T E M  ---------------

OS: Windows 10.0 , 64 bit Build 10586 (10.0.10586.589)

CPU:total 4 (2 cores per cpu, 2 threads per core) family 6 model 42 stepping 7, cmov, cx8, fxsr, mmx, sse, sse2, sse3, ssse3, sse4.1, sse4.2, popcnt, avx, clmul, ht, tsc, tscinvbit

Memory: 4k page, physical 4075172k(242736k free), swap 6565540k(4104k free)

vm_info: OpenJDK 64-Bit Server VM (25.76-b03) for windows-amd64 JRE (1.8.0_76-release-b03), built on Jun 29 2016 19:09:20 by "ralucas" with MS VC++ 10.0 (VS2010)

time: Sat Dec 31 02:50:40 2016
elapsed time: 11 seconds (0d 0h 0m 11s)

