#
# There is insufficient memory for the Java Runtime Environment to continue.
# Native memory allocation (malloc) failed to allocate 564896 bytes for Chunk::new
# Possible reasons:
#   The system is out of physical RAM or swap space
#   In 32 bit mode, the process size limit was hit
# Possible solutions:
#   Reduce memory load on the system
#   Increase physical memory or swap space
#   Check if swap backing store is full
#   Use 64 bit Java on a 64 bit OS
#   Decrease Java heap size (-Xmx/-Xms)
#   Decrease number of Java threads
#   Decrease Java thread stack sizes (-Xss)
#   Set larger code cache with -XX:ReservedCodeCacheSize=
# This output file may be truncated or incomplete.
#
#  Out of Memory Error (allocation.cpp:390), pid=14396, tid=0x0000000000001120
#
# JRE version: OpenJDK Runtime Environment (8.0_76-b03) (build 1.8.0_76-release-b03)
# Java VM: OpenJDK 64-Bit Server VM (25.76-b03 mixed mode windows-amd64 compressed oops)
# Failed to write core dump. Minidumps are not enabled by default on client versions of Windows
#

---------------  T H R E A D  ---------------

Current thread (0x0000000014ebb800):  JavaThread "C2 CompilerThread0" daemon [_thread_in_native, id=4384, stack(0x0000000016500000,0x0000000016600000)]

Stack: [0x0000000016500000,0x0000000016600000]
[error occurred during error reporting (printing stack bounds), id 0xc0000005]

Native frames: (J=compiled Java code, j=interpreted, Vv=VM code, C=native code)


Current CompileTask:
C2:   2796 1448       4       com.android.dx.ssa.SCCP::simulatePhi (169 bytes)


---------------  P R O C E S S  ---------------

Java Threads: ( => current thread )
  0x0000000016ad0000 JavaThread "pool-2-thread-4" [_thread_in_Java, id=9820, stack(0x0000000017400000,0x0000000017500000)]
  0x0000000016acf000 JavaThread "pool-2-thread-3" [_thread_in_Java, id=7756, stack(0x0000000017100000,0x0000000017200000)]
  0x0000000016a66800 JavaThread "pool-2-thread-2" [_thread_in_Java, id=1656, stack(0x0000000017000000,0x0000000017100000)]
  0x0000000016a60000 JavaThread "pool-3-thread-1" [_thread_blocked, id=7352, stack(0x0000000016f00000,0x0000000017000000)]
  0x0000000016a5f800 JavaThread "pool-2-thread-1" [_thread_in_Java, id=8004, stack(0x0000000016e00000,0x0000000016f00000)]
  0x0000000014f1d000 JavaThread "Service Thread" daemon [_thread_blocked, id=13788, stack(0x0000000016c00000,0x0000000016d00000)]
  0x0000000014f18000 JavaThread "C1 CompilerThread2" daemon [_thread_blocked, id=10608, stack(0x0000000016700000,0x0000000016800000)]
  0x0000000014f14800 JavaThread "C2 CompilerThread1" daemon [_thread_in_native, id=13344, stack(0x0000000016600000,0x0000000016700000)]
=>0x0000000014ebb800 JavaThread "C2 CompilerThread0" daemon [_thread_in_native, id=4384, stack(0x0000000016500000,0x0000000016600000)]
  0x0000000014eba000 JavaThread "Attach Listener" daemon [_thread_blocked, id=8104, stack(0x0000000016400000,0x0000000016500000)]
  0x0000000014eb9000 JavaThread "Signal Dispatcher" daemon [_thread_blocked, id=10836, stack(0x0000000016300000,0x0000000016400000)]
  0x0000000014ea8800 JavaThread "Finalizer" daemon [_thread_blocked, id=5512, stack(0x0000000016120000,0x0000000016220000)]
  0x00000000027e0800 JavaThread "Reference Handler" daemon [_thread_blocked, id=11024, stack(0x0000000016020000,0x0000000016120000)]
  0x00000000026ed800 JavaThread "main" [_thread_in_Java, id=12524, stack(0x0000000002420000,0x0000000002520000)]

Other Threads:
  0x0000000014e85000 VMThread [stack: 0x0000000015f20000,0x0000000016020000] [id=6660]
  0x0000000016800800 WatcherThread [stack: 0x0000000016d00000,0x0000000016e00000] [id=11972]

VM state:not at safepoint (normal execution)

VM Mutex/Monitor currently owned by a thread: None

Heap:
 PSYoungGen      total 31232K, used 26278K [0x00000000eab00000, 0x00000000ecc80000, 0x0000000100000000)
  eden space 28672K, 82% used [0x00000000eab00000,0x00000000ec229898,0x00000000ec700000)
  from space 2560K, 100% used [0x00000000ec980000,0x00000000ecc00000,0x00000000ecc00000)
  to   space 2560K, 0% used [0x00000000ec700000,0x00000000ec700000,0x00000000ec980000)
 ParOldGen       total 26624K, used 5893K [0x00000000c0000000, 0x00000000c1a00000, 0x00000000eab00000)
  object space 26624K, 22% used [0x00000000c0000000,0x00000000c05c16d8,0x00000000c1a00000)
 Metaspace       used 6131K, capacity 7088K, committed 7296K, reserved 1060864K
  class space    used 571K, capacity 616K, committed 640K, reserved 1048576K

Card table byte_map: [0x0000000011bb0000,0x0000000011dc0000] byte_map_base: 0x00000000115b0000

Marking Bits: (ParMarkBitMap*) 0x00000000665d9d00
 Begin Bits: [0x0000000012320000, 0x0000000013320000)
 End Bits:   [0x0000000013320000, 0x0000000014320000)

Polling page: 0x00000000005f0000

CodeCache: size=245760Kb used=6081Kb max_used=6095Kb free=239678Kb
 bounds [0x00000000027f0000, 0x0000000002df0000, 0x00000000117f0000]
 total_blobs=1764 nmethods=1497 adapters=181
 compilation: enabled

Compilation events (10 events):
Event: 2.766 Thread 0x0000000014f18000 1512       2       java.util.Date::getCalendarSystem (15 bytes)
Event: 2.766 Thread 0x0000000014f18000 nmethod 1512 0x0000000002ddf590 code [0x0000000002ddf700, 0x0000000002ddfa88]
Event: 2.766 Thread 0x0000000014f18000 1514       2       sun.util.calendar.ZoneInfo::getOffsets (276 bytes)
Event: 2.768 Thread 0x0000000014f18000 nmethod 1514 0x0000000002ddfbd0 code [0x0000000002ddfda0, 0x0000000002de0508]
Event: 2.768 Thread 0x0000000014f18000 1513       1       sun.util.calendar.CalendarDate::isStandardTime (5 bytes)
Event: 2.768 Thread 0x0000000014f18000 nmethod 1513 0x0000000002ddbc90 code [0x0000000002ddbde0, 0x0000000002ddbef0]
Event: 2.768 Thread 0x0000000014f18000 1515       1       sun.util.calendar.BaseCalendar$Date::getCachedYear (5 bytes)
Event: 2.768 Thread 0x0000000014f18000 nmethod 1515 0x0000000002de0c50 code [0x0000000002de0da0, 0x0000000002de0eb0]
Event: 2.771 Thread 0x0000000014f18000 1516       2       com.android.dx.cf.direct.StdAttributeFactory::signature (94 bytes)
Event: 2.774 Thread 0x0000000014f18000 nmethod 1516 0x0000000002de0f10 code [0x0000000002de1200, 0x0000000002de2188]

GC Heap History (10 events):
Event: 1.049 GC heap before
{Heap before GC invocations=1 (full 0):
 PSYoungGen      total 18944K, used 656K [0x00000000eab00000, 0x00000000ec000000, 0x0000000100000000)
  eden space 16384K, 4% used [0x00000000eab00000,0x00000000eaba4190,0x00000000ebb00000)
  from space 2560K, 0% used [0x00000000ebd80000,0x00000000ebd80000,0x00000000ec000000)
  to   space 2560K, 0% used [0x00000000ebb00000,0x00000000ebb00000,0x00000000ebd80000)
 ParOldGen       total 44032K, used 0K [0x00000000c0000000, 0x00000000c2b00000, 0x00000000eab00000)
  object space 44032K, 0% used [0x00000000c0000000,0x00000000c0000000,0x00000000c2b00000)
 Metaspace       used 2660K, capacity 4482K, committed 4608K, reserved 1062912K
  class space    used 280K, capacity 386K, committed 512K, reserved 1048576K
Event: 1.056 GC heap after
Heap after GC invocations=1 (full 0):
 PSYoungGen      total 18944K, used 400K [0x00000000eab00000, 0x00000000ec000000, 0x0000000100000000)
  eden space 16384K, 0% used [0x00000000eab00000,0x00000000eab00000,0x00000000ebb00000)
  from space 2560K, 15% used [0x00000000ebb00000,0x00000000ebb64010,0x00000000ebd80000)
  to   space 2560K, 0% used [0x00000000ebd80000,0x00000000ebd80000,0x00000000ec000000)
 ParOldGen       total 44032K, used 8K [0x00000000c0000000, 0x00000000c2b00000, 0x00000000eab00000)
  object space 44032K, 0% used [0x00000000c0000000,0x00000000c0002000,0x00000000c2b00000)
 Metaspace       used 2660K, capacity 4482K, committed 4608K, reserved 1062912K
  class space    used 280K, capacity 386K, committed 512K, reserved 1048576K
}
Event: 1.056 GC heap before
{Heap before GC invocations=2 (full 1):
 PSYoungGen      total 18944K, used 400K [0x00000000eab00000, 0x00000000ec000000, 0x0000000100000000)
  eden space 16384K, 0% used [0x00000000eab00000,0x00000000eab00000,0x00000000ebb00000)
  from space 2560K, 15% used [0x00000000ebb00000,0x00000000ebb64010,0x00000000ebd80000)
  to   space 2560K, 0% used [0x00000000ebd80000,0x00000000ebd80000,0x00000000ec000000)
 ParOldGen       total 44032K, used 8K [0x00000000c0000000, 0x00000000c2b00000, 0x00000000eab00000)
  object space 44032K, 0% used [0x00000000c0000000,0x00000000c0002000,0x00000000c2b00000)
 Metaspace       used 2660K, capacity 4482K, committed 4608K, reserved 1062912K
  class space    used 280K, capacity 386K, committed 512K, reserved 1048576K
Event: 1.067 GC heap after
Heap after GC invocations=2 (full 1):
 PSYoungGen      total 18944K, used 0K [0x00000000eab00000, 0x00000000ec000000, 0x0000000100000000)
  eden space 16384K, 0% used [0x00000000eab00000,0x00000000eab00000,0x00000000ebb00000)
  from space 2560K, 0% used [0x00000000ebb00000,0x00000000ebb00000,0x00000000ebd80000)
  to   space 2560K, 0% used [0x00000000ebd80000,0x00000000ebd80000,0x00000000ec000000)
 ParOldGen       total 26624K, used 294K [0x00000000c0000000, 0x00000000c1a00000, 0x00000000eab00000)
  object space 26624K, 1% used [0x00000000c0000000,0x00000000c0049988,0x00000000c1a00000)
 Metaspace       used 2660K, capacity 4482K, committed 4608K, reserved 1058816K
  class space    used 280K, capacity 386K, committed 512K, reserved 1048576K
}
Event: 1.755 GC heap before
{Heap before GC invocations=3 (full 1):
 PSYoungGen      total 18944K, used 16384K [0x00000000eab00000, 0x00000000ec000000, 0x0000000100000000)
  eden space 16384K, 100% used [0x00000000eab00000,0x00000000ebb00000,0x00000000ebb00000)
  from space 2560K, 0% used [0x00000000ebb00000,0x00000000ebb00000,0x00000000ebd80000)
  to   space 2560K, 0% used [0x00000000ebd80000,0x00000000ebd80000,0x00000000ec000000)
 ParOldGen       total 26624K, used 294K [0x00000000c0000000, 0x00000000c1a00000, 0x00000000eab00000)
  object space 26624K, 1% used [0x00000000c0000000,0x00000000c0049988,0x00000000c1a00000)
 Metaspace       used 5684K, capacity 6704K, committed 6784K, reserved 1058816K
  class space    used 570K, capacity 616K, committed 640K, reserved 1048576K
Event: 1.762 GC heap after
Heap after GC invocations=3 (full 1):
 PSYoungGen      total 18944K, used 2544K [0x00000000eab00000, 0x00000000ec780000, 0x0000000100000000)
  eden space 16384K, 0% used [0x00000000eab00000,0x00000000eab00000,0x00000000ebb00000)
  from space 2560K, 99% used [0x00000000ebd80000,0x00000000ebffc128,0x00000000ec000000)
  to   space 2560K, 0% used [0x00000000ebb00000,0x00000000ebb00000,0x00000000ebd80000)
 ParOldGen       total 26624K, used 1586K [0x00000000c0000000, 0x00000000c1a00000, 0x00000000eab00000)
  object space 26624K, 5% used [0x00000000c0000000,0x00000000c018c918,0x00000000c1a00000)
 Metaspace       used 5684K, capacity 6704K, committed 6784K, reserved 1058816K
  class space    used 570K, capacity 616K, committed 640K, reserved 1048576K
}
Event: 2.279 GC heap before
{Heap before GC invocations=4 (full 1):
 PSYoungGen      total 18944K, used 18928K [0x00000000eab00000, 0x00000000ec780000, 0x0000000100000000)
  eden space 16384K, 100% used [0x00000000eab00000,0x00000000ebb00000,0x00000000ebb00000)
  from space 2560K, 99% used [0x00000000ebd80000,0x00000000ebffc128,0x00000000ec000000)
  to   space 2560K, 0% used [0x00000000ebb00000,0x00000000ebb00000,0x00000000ebd80000)
 ParOldGen       total 26624K, used 1586K [0x00000000c0000000, 0x00000000c1a00000, 0x00000000eab00000)
  object space 26624K, 5% used [0x00000000c0000000,0x00000000c018c918,0x00000000c1a00000)
 Metaspace       used 5974K, capacity 6960K, committed 7040K, reserved 1060864K
  class space    used 571K, capacity 616K, committed 640K, reserved 1048576K
Event: 2.320 GC heap after
Heap after GC invocations=4 (full 1):
 PSYoungGen      total 18944K, used 2554K [0x00000000eab00000, 0x00000000ecc00000, 0x0000000100000000)
  eden space 16384K, 0% used [0x00000000eab00000,0x00000000eab00000,0x00000000ebb00000)
  from space 2560K, 99% used [0x00000000ebb00000,0x00000000ebd7ea80,0x00000000ebd80000)
  to   space 2560K, 0% used [0x00000000ec980000,0x00000000ec980000,0x00000000ecc00000)
 ParOldGen       total 26624K, used 3615K [0x00000000c0000000, 0x00000000c1a00000, 0x00000000eab00000)
  object space 26624K, 13% used [0x00000000c0000000,0x00000000c0387f40,0x00000000c1a00000)
 Metaspace       used 5974K, capacity 6960K, committed 7040K, reserved 1060864K
  class space    used 571K, capacity 616K, committed 640K, reserved 1048576K
}
Event: 2.512 GC heap before
{Heap before GC invocations=5 (full 1):
 PSYoungGen      total 18944K, used 18938K [0x00000000eab00000, 0x00000000ecc00000, 0x0000000100000000)
  eden space 16384K, 100% used [0x00000000eab00000,0x00000000ebb00000,0x00000000ebb00000)
  from space 2560K, 99% used [0x00000000ebb00000,0x00000000ebd7ea80,0x00000000ebd80000)
  to   space 2560K, 0% used [0x00000000ec980000,0x00000000ec980000,0x00000000ecc00000)
 ParOldGen       total 26624K, used 3615K [0x00000000c0000000, 0x00000000c1a00000, 0x00000000eab00000)
  object space 26624K, 13% used [0x00000000c0000000,0x00000000c0387f40,0x00000000c1a00000)
 Metaspace       used 6025K, capacity 6960K, committed 7040K, reserved 1060864K
  class space    used 571K, capacity 616K, committed 640K, reserved 1048576K
Event: 2.522 GC heap after
Heap after GC invocations=5 (full 1):
 PSYoungGen      total 31232K, used 2560K [0x00000000eab00000, 0x00000000ecc80000, 0x0000000100000000)
  eden space 28672K, 0% used [0x00000000eab00000,0x00000000eab00000,0x00000000ec700000)
  from space 2560K, 100% used [0x00000000ec980000,0x00000000ecc00000,0x00000000ecc00000)
  to   space 2560K, 0% used [0x00000000ec700000,0x00000000ec700000,0x00000000ec980000)
 ParOldGen       total 26624K, used 5893K [0x00000000c0000000, 0x00000000c1a00000, 0x00000000eab00000)
  object space 26624K, 22% used [0x00000000c0000000,0x00000000c05c16d8,0x00000000c1a00000)
 Metaspace       used 6025K, capacity 6960K, committed 7040K, reserved 1060864K
  class space    used 571K, capacity 616K, committed 640K, reserved 1048576K
}

Deoptimization events (10 events):
Event: 1.793 Thread 0x0000000016ad0000 Uncommon trap: reason=unstable_if action=reinterpret pc=0x0000000002a05830 method=java.util.BitSet.nextSetBit(I)I @ 87
Event: 1.824 Thread 0x0000000016a5f800 Uncommon trap: reason=unstable_if action=reinterpret pc=0x0000000002a41cb4 method=java.util.BitSet.ensureCapacity(I)V @ 6
Event: 2.343 Thread 0x00000000026ed800 Uncommon trap: reason=unstable_if action=reinterpret pc=0x0000000002a78ec0 method=java.lang.String.<init>([CII)V @ 18
Event: 2.528 Thread 0x0000000016a5f800 Uncommon trap: reason=bimorphic action=maybe_recompile pc=0x0000000002cb1c2c method=com.android.dx.ssa.SCCP.setLatticeValueTo(IILcom/android/dx/rop/cst/Constant;)Z @ 43
Event: 2.546 Thread 0x0000000016a66800 Uncommon trap: reason=unstable_if action=reinterpret pc=0x0000000002a1a248 method=java.util.HashMap.getNode(ILjava/lang/Object;)Ljava/util/HashMap$Node; @ 62
Event: 2.558 Thread 0x0000000016a66800 Uncommon trap: reason=bimorphic action=maybe_recompile pc=0x0000000002cb1ae0 method=com.android.dx.ssa.SCCP.simulatePhi(Lcom/android/dx/ssa/PhiInsn;)V @ 124
Event: 2.558 Thread 0x0000000016a66800 Uncommon trap: reason=bimorphic action=maybe_recompile pc=0x0000000002cb1ae0 method=com.android.dx.ssa.SCCP.simulatePhi(Lcom/android/dx/ssa/PhiInsn;)V @ 124
Event: 2.563 Thread 0x0000000016a66800 Uncommon trap: reason=bimorphic action=maybe_recompile pc=0x0000000002cb1ae0 method=com.android.dx.ssa.SCCP.simulatePhi(Lcom/android/dx/ssa/PhiInsn;)V @ 124
Event: 2.563 Thread 0x0000000016a66800 Uncommon trap: reason=bimorphic action=maybe_recompile pc=0x0000000002cb1ae0 method=com.android.dx.ssa.SCCP.simulatePhi(Lcom/android/dx/ssa/PhiInsn;)V @ 124
Event: 2.623 Thread 0x00000000026ed800 Uncommon trap: reason=unstable_if action=reinterpret pc=0x00000000029da01c method=java.lang.String.<init>([CII)V @ 18

Internal exceptions (2 events):
Event: 0.100 Thread 0x00000000026ed800 Exception <a 'java/lang/NoSuchMethodError': Method sun.misc.Unsafe.defineClass(Ljava/lang/String;[BII)Ljava/lang/Class; name or signature does not match> (0x00000000eab07cc0) thrown at [C:\src\android\AOSP-openjdk\external\jetbrains\jdk\hotspot\src\share\vñY˜—çπ?
Event: 0.100 Thread 0x00000000026ed800 Exception <a 'java/lang/NoSuchMethodError': Method sun.misc.Unsafe.prefetchRead(Ljava/lang/Object;J)V name or signature does not match> (0x00000000eab07fa8) thrown at [C:\src\android\AOSP-openjdk\external\jetbrains\jdk\hotspot\src\share\vm\prims\jni.cpp, l

Events (10 events):
Event: 2.563 Thread 0x0000000016a66800 Uncommon trap: trap_request=0xffffffc6 fr.pc=0x0000000002cb1ae0
Event: 2.563 Thread 0x0000000016a66800 DEOPT PACKING pc=0x0000000002cb1ae0 sp=0x00000000170fea20
Event: 2.563 Thread 0x0000000016a66800 DEOPT UNPACKING pc=0x000000000283556a sp=0x00000000170fe9d8 mode 2
Event: 2.623 Thread 0x00000000026ed800 Uncommon trap: trap_request=0xffffff65 fr.pc=0x00000000029da01c
Event: 2.623 Thread 0x00000000026ed800 DEOPT PACKING pc=0x00000000029da01c sp=0x000000000251e360
Event: 2.623 Thread 0x00000000026ed800 DEOPT UNPACKING pc=0x000000000283556a sp=0x000000000251e328 mode 2
Event: 2.624 loading class com/android/dx/cf/attrib/AttExceptions
Event: 2.624 loading class com/android/dx/cf/attrib/AttExceptions done
Event: 2.744 Thread 0x0000000016ad0000 DEOPT PACKING pc=0x0000000002b677d3 sp=0x00000000174fe630
Event: 2.746 Thread 0x0000000016ad0000 DEOPT UNPACKING pc=0x00000000028375bf sp=0x00000000174fe3f8 mode 0


Dynamic libraries:
0x00007ff7a0c80000 - 0x00007ff7a0cb1000 	C:\Program Files\Android\Android Studio\jre\bin\java.exe
0x00007ffad9aa0000 - 0x00007ffad9c61000 	C:\WINDOWS\SYSTEM32\ntdll.dll
0x00007ffad7000000 - 0x00007ffad70ad000 	C:\WINDOWS\system32\KERNEL32.DLL
0x00007ffad6520000 - 0x00007ffad6708000 	C:\WINDOWS\system32\KERNELBASE.dll
0x00007ffad9430000 - 0x00007ffad94d7000 	C:\WINDOWS\system32\ADVAPI32.dll
0x00007ffad9130000 - 0x00007ffad91cd000 	C:\WINDOWS\system32\msvcrt.dll
0x00007ffad90d0000 - 0x00007ffad912b000 	C:\WINDOWS\system32\sechost.dll
0x00007ffad98b0000 - 0x00007ffad99cc000 	C:\WINDOWS\system32\RPCRT4.dll
0x00007ffad8ba0000 - 0x00007ffad8cf6000 	C:\WINDOWS\system32\USER32.dll
0x00007ffad92a0000 - 0x00007ffad9426000 	C:\WINDOWS\system32\GDI32.dll
0x00007ffacf3a0000 - 0x00007ffacf614000 	C:\WINDOWS\WinSxS\amd64_microsoft.windows.common-controls_6595b64144ccf1df_6.0.10586.672_none_a2d6b3cea53ff843\COMCTL32.dll
0x00007ffad9520000 - 0x00007ffad979d000 	C:\WINDOWS\system32\combase.dll
0x00007ffad63d0000 - 0x00007ffad643a000 	C:\WINDOWS\system32\bcryptPrimitives.dll
0x00007ffad94e0000 - 0x00007ffad951b000 	C:\WINDOWS\system32\IMM32.DLL
0x0000000064c50000 - 0x0000000064d22000 	C:\Program Files\Android\Android Studio\jre\jre\bin\msvcr100.dll
0x0000000065e20000 - 0x0000000066654000 	C:\Program Files\Android\Android Studio\jre\jre\bin\server\jvm.dll
0x00007ffad90b0000 - 0x00007ffad90b8000 	C:\WINDOWS\system32\PSAPI.DLL
0x00007ffad2d40000 - 0x00007ffad2d49000 	C:\WINDOWS\SYSTEM32\WSOCK32.dll
0x00007ffad9040000 - 0x00007ffad90ab000 	C:\WINDOWS\system32\WS2_32.dll
0x00007ffad34f0000 - 0x00007ffad3513000 	C:\WINDOWS\SYSTEM32\WINMM.dll
0x00007ffacd380000 - 0x00007ffacd38a000 	C:\WINDOWS\SYSTEM32\VERSION.dll
0x00007ffad3490000 - 0x00007ffad34bc000 	C:\WINDOWS\SYSTEM32\WINMMBASE.dll
0x00007ffad6440000 - 0x00007ffad6483000 	C:\WINDOWS\system32\cfgmgr32.dll
0x00007ffacf080000 - 0x00007ffacf08f000 	C:\Program Files\Android\Android Studio\jre\jre\bin\verify.dll
0x00007ffaca960000 - 0x00007ffaca989000 	C:\Program Files\Android\Android Studio\jre\jre\bin\java.dll
0x00007ffacefe0000 - 0x00007ffaceff6000 	C:\Program Files\Android\Android Studio\jre\jre\bin\zip.dll
0x00007ffad74f0000 - 0x00007ffad8a4c000 	C:\WINDOWS\system32\SHELL32.dll
0x00007ffad67d0000 - 0x00007ffad6e15000 	C:\WINDOWS\system32\windows.storage.dll
0x00007ffad91d0000 - 0x00007ffad9222000 	C:\WINDOWS\system32\shlwapi.dll
0x00007ffad6140000 - 0x00007ffad614f000 	C:\WINDOWS\system32\kernel.appcore.dll
0x00007ffad6710000 - 0x00007ffad67c5000 	C:\WINDOWS\system32\shcore.dll
0x00007ffad60f0000 - 0x00007ffad613b000 	C:\WINDOWS\system32\powrprof.dll
0x00007ffad60d0000 - 0x00007ffad60e4000 	C:\WINDOWS\system32\profapi.dll

VM Arguments:
jvm_args: -Djava.awt.headless=true -Xmx1024M -Dfile.encoding=windows-1252 -Duser.country=GB -Duser.language=en -Duser.variant 
java_command: com.android.dx.command.Main --dex --force-jumbo --num-threads=4 --multi-dex --output C:\Users\Thomas\AndroidStudioProjects\MrWhemps\app\build\intermediates\transforms\dex\debug\folders\1000\10\com.google.firebase-firebase-database-9.4.0_a164682822e6fc38a2364de5abbc623651aa4963 C:\Users\Thomas\AndroidStudioProjects\MrWhemps\app\build\intermediates\exploded-aar\com.google.firebase\firebase-database\9.4.0\jars\classes.jar
java_class_path (initial): C:\Users\Thomas\AppData\Local\Android\sdk\build-tools\23.0.2\lib\dx.jar
Launcher Type: SUN_STANDARD

Environment Variables:
PATH=C:\Program Files (x86)\Intel\iCLS Client\;C:\Program Files\Intel\iCLS Client\;C:\Windows\system32;C:\Windows;C:\Windows\System32\Wbem;C:\Windows\System32\WindowsPowerShell\v1.0\;C:\Program Files (x86)\Intel\OpenCL SDK\2.0\bin\x86;C:\Program Files (x86)\Intel\OpenCL SDK\2.0\bin\x64;C:\Program Files\Intel\Intel(R) Management Engine Components\DAL;C:\Program Files\Intel\Intel(R) Management Engine Components\IPT;C:\Program Files (x86)\Intel\Intel(R) Management Engine Components\DAL;C:\Program Files (x86)\Intel\Intel(R) Management Engine Components\IPT;C:\Program Files (x86)\Windows Live\Shared;C:\Users\Thomas\AppData\Local\Smartbar\Application\;C:\WINDOWS\system32;C:\WINDOWS;C:\WINDOWS\System32\Wbem;C:\WINDOWS\System32\WindowsPowerShell\v1.0\;D:\Programs\bin;C:\Program Files\Microsoft SQL Server\110\Tools\Binn\;C:\Program Files\Microsoft SQL Server\120\Tools\Binn\;C:\Program Files\MiKTeX 2.9\miktex\bin\;C:\Program Files\MiKTeX 2.9\gs\gs8.71\bin\;C:\Program Files\Git\cmd;C:\Program Files (x86)\Skype\Phone\;C:\Program Files\Microsoft SQL Server\130\Tools\Binn\;C:\Program Files (x86)\Windows Kits\10\Windows Performance Toolkit\;C:\Program Files
USERNAME=Thomas
OS=Windows_NT
PROCESSOR_IDENTIFIER=Intel64 Family 6 Model 42 Stepping 7, GenuineIntel



---------------  S Y S T E M  ---------------

OS: Windows 10.0 , 64 bit Build 10586 (10.0.10586.589)

CPU:total 4 (2 cores per cpu, 2 threads per core) family 6 model 42 stepping 7, cmov, cx8, fxsr, mmx, sse, sse2, sse3, ssse3, sse4.1, sse4.2, popcnt, avx, clmul, ht, tsc, tscinvbit

Memory: 4k page, physical 4075172k(527516k free), swap 6565540k(5604k free)

vm_info: OpenJDK 64-Bit Server VM (25.76-b03) for windows-amd64 JRE (1.8.0_76-release-b03), built on Jun 29 2016 19:09:20 by "ralucas" with MS VC++ 10.0 (VS2010)

time: Sun Jan 15 17:37:27 2017
elapsed time: 2 seconds (0d 0h 0m 2s)

