#
# There is insufficient memory for the Java Runtime Environment to continue.
# Native memory allocation (malloc) failed to allocate 174576 bytes for Chunk::new
# Possible reasons:
#   The system is out of physical RAM or swap space
#   In 32 bit mode, the process size limit was hit
# Possible solutions:
#   Reduce memory load on the system
#   Increase physical memory or swap space
#   Check if swap backing store is full
#   Use 64 bit Java on a 64 bit OS
#   Decrease Java heap size (-Xmx/-Xms)
#   Decrease number of Java threads
#   Decrease Java thread stack sizes (-Xss)
#   Set larger code cache with -XX:ReservedCodeCacheSize=
# This output file may be truncated or incomplete.
#
#  Out of Memory Error (allocation.cpp:390), pid=7408, tid=0x0000000000001fdc
#
# JRE version: OpenJDK Runtime Environment (8.0_76-b03) (build 1.8.0_76-release-b03)
# Java VM: OpenJDK 64-Bit Server VM (25.76-b03 mixed mode windows-amd64 compressed oops)
# Failed to write core dump. Minidumps are not enabled by default on client versions of Windows
#

---------------  T H R E A D  ---------------

Current thread (0x0000000014a85800):  JavaThread "C2 CompilerThread1" daemon [_thread_in_native, id=8156, stack(0x0000000016160000,0x0000000016260000)]

Stack: [0x0000000016160000,0x0000000016260000]
[error occurred during error reporting (printing stack bounds), id 0xc0000005]

Native frames: (J=compiled Java code, j=interpreted, Vv=VM code, C=native code)


Current CompileTask:
C2:  17756 2187       4       java.util.AbstractMap::hashCode (43 bytes)


---------------  P R O C E S S  ---------------

Java Threads: ( => current thread )
  0x000000001663c000 JavaThread "pool-1-thread-1" [_thread_in_Java, id=12100, stack(0x0000000019600000,0x0000000019700000)]
  0x0000000016363800 JavaThread "Service Thread" daemon [_thread_blocked, id=1352, stack(0x0000000016760000,0x0000000016860000)]
  0x0000000014a8b800 JavaThread "C1 CompilerThread2" daemon [_thread_blocked, id=5844, stack(0x0000000016260000,0x0000000016360000)]
=>0x0000000014a85800 JavaThread "C2 CompilerThread1" daemon [_thread_in_native, id=8156, stack(0x0000000016160000,0x0000000016260000)]
  0x0000000014a37800 JavaThread "C2 CompilerThread0" daemon [_thread_in_native, id=11316, stack(0x0000000016060000,0x0000000016160000)]
  0x0000000014a36000 JavaThread "Attach Listener" daemon [_thread_blocked, id=1444, stack(0x0000000015f60000,0x0000000016060000)]
  0x0000000014a34800 JavaThread "Signal Dispatcher" daemon [_thread_blocked, id=1748, stack(0x0000000015e60000,0x0000000015f60000)]
  0x000000000235b800 JavaThread "Finalizer" daemon [_thread_blocked, id=4700, stack(0x0000000015c80000,0x0000000015d80000)]
  0x00000000149f7000 JavaThread "Reference Handler" daemon [_thread_blocked, id=9156, stack(0x0000000015b80000,0x0000000015c80000)]
  0x00000000020fd800 JavaThread "main" [_thread_blocked, id=10756, stack(0x0000000002100000,0x0000000002200000)]

Other Threads:
  0x00000000149f5000 VMThread [stack: 0x0000000015a80000,0x0000000015b80000] [id=4628]
  0x0000000016365800 WatcherThread [stack: 0x0000000016860000,0x0000000016960000] [id=8460]

VM state:not at safepoint (normal execution)

VM Mutex/Monitor currently owned by a thread: None

Heap:
 PSYoungGen      total 148480K, used 28648K [0x00000000eab00000, 0x00000000fe500000, 0x0000000100000000)
  eden space 128000K, 15% used [0x00000000eab00000,0x00000000ebe4a380,0x00000000f2800000)
  from space 20480K, 43% used [0x00000000f2800000,0x00000000f30afc98,0x00000000f3c00000)
  to   space 32768K, 0% used [0x00000000fc500000,0x00000000fc500000,0x00000000fe500000)
 ParOldGen       total 89088K, used 44267K [0x00000000c0000000, 0x00000000c5700000, 0x00000000eab00000)
  object space 89088K, 49% used [0x00000000c0000000,0x00000000c2b3ad98,0x00000000c5700000)
 Metaspace       used 6541K, capacity 7222K, committed 7296K, reserved 1056768K
  class space    used 602K, capacity 622K, committed 640K, reserved 1048576K

Card table byte_map: [0x0000000011720000,0x0000000011930000] byte_map_base: 0x0000000011120000

Marking Bits: (ParMarkBitMap*) 0x000000005eef9d00
 Begin Bits: [0x0000000011e90000, 0x0000000012e90000)
 End Bits:   [0x0000000012e90000, 0x0000000013e90000)

Polling page: 0x00000000020b0000

CodeCache: size=245760Kb used=9756Kb max_used=9756Kb free=236003Kb
 bounds [0x0000000002360000, 0x0000000002cf0000, 0x0000000011360000]
 total_blobs=2402 nmethods=2134 adapters=181
 compilation: enabled

Compilation events (10 events):
Event: 17.703 Thread 0x0000000014a85800 nmethod 2182 0x0000000002cd7e90 code [0x0000000002cd7fe0, 0x0000000002cd8118]
Event: 17.704 Thread 0x0000000014a85800 2184       4       java.util.TreeMap::entrySet (27 bytes)
Event: 17.705 Thread 0x0000000014a8b800 2186       3       com.android.dx.dex.file.AnnotationsDirectoryItem::addContents (160 bytes)
Event: 17.705 Thread 0x0000000014a85800 nmethod 2184 0x0000000002cd7b90 code [0x0000000002cd7ce0, 0x0000000002cd7dd8]
Event: 17.705 Thread 0x0000000014a85800 2185       4       java.util.TreeMap$EntrySet::iterator (19 bytes)
Event: 17.708 Thread 0x0000000014a8b800 nmethod 2186 0x0000000002ce4f10 code [0x0000000002ce5260, 0x0000000002ce72b8]
Event: 17.709 Thread 0x0000000014a85800 nmethod 2185 0x0000000002cd77d0 code [0x0000000002cd7920, 0x0000000002cd7a78]
Event: 17.709 Thread 0x0000000014a85800 2187       4       java.util.AbstractMap::hashCode (43 bytes)
Event: 17.710 Thread 0x0000000014a8b800 2188       3       com.android.dx.dex.file.AnnotationsDirectoryItem::itemType (4 bytes)
Event: 17.710 Thread 0x0000000014a8b800 nmethod 2188 0x0000000002ce4bd0 code [0x0000000002ce4d20, 0x0000000002ce4e70]

GC Heap History (10 events):
Event: 9.970 GC heap before
{Heap before GC invocations=4 (full 0):
 PSYoungGen      total 35328K, used 35312K [0x00000000eab00000, 0x00000000ef000000, 0x0000000100000000)
  eden space 32768K, 100% used [0x00000000eab00000,0x00000000ecb00000,0x00000000ecb00000)
  from space 2560K, 99% used [0x00000000ecb00000,0x00000000ecd7c028,0x00000000ecd80000)
  to   space 2560K, 0% used [0x00000000eed80000,0x00000000eed80000,0x00000000ef000000)
 ParOldGen       total 44032K, used 7657K [0x00000000c0000000, 0x00000000c2b00000, 0x00000000eab00000)
  object space 44032K, 17% used [0x00000000c0000000,0x00000000c077a700,0x00000000c2b00000)
 Metaspace       used 6201K, capacity 7088K, committed 7296K, reserved 1056768K
  class space    used 575K, capacity 616K, committed 640K, reserved 1048576K
Event: 10.030 GC heap after
Heap after GC invocations=4 (full 0):
 PSYoungGen      total 68096K, used 2528K [0x00000000eab00000, 0x00000000ef000000, 0x0000000100000000)
  eden space 65536K, 0% used [0x00000000eab00000,0x00000000eab00000,0x00000000eeb00000)
  from space 2560K, 98% used [0x00000000eed80000,0x00000000eeff8038,0x00000000ef000000)
  to   space 2560K, 0% used [0x00000000eeb00000,0x00000000eeb00000,0x00000000eed80000)
 ParOldGen       total 44032K, used 13352K [0x00000000c0000000, 0x00000000c2b00000, 0x00000000eab00000)
  object space 44032K, 30% used [0x00000000c0000000,0x00000000c0d0a068,0x00000000c2b00000)
 Metaspace       used 6201K, capacity 7088K, committed 7296K, reserved 1056768K
  class space    used 575K, capacity 616K, committed 640K, reserved 1048576K
}
Event: 11.190 GC heap before
{Heap before GC invocations=5 (full 0):
 PSYoungGen      total 68096K, used 68064K [0x00000000eab00000, 0x00000000ef000000, 0x0000000100000000)
  eden space 65536K, 100% used [0x00000000eab00000,0x00000000eeb00000,0x00000000eeb00000)
  from space 2560K, 98% used [0x00000000eed80000,0x00000000eeff8038,0x00000000ef000000)
  to   space 2560K, 0% used [0x00000000eeb00000,0x00000000eeb00000,0x00000000eed80000)
 ParOldGen       total 44032K, used 13352K [0x00000000c0000000, 0x00000000c2b00000, 0x00000000eab00000)
  object space 44032K, 30% used [0x00000000c0000000,0x00000000c0d0a068,0x00000000c2b00000)
 Metaspace       used 6270K, capacity 7088K, committed 7296K, reserved 1056768K
  class space    used 576K, capacity 616K, committed 640K, reserved 1048576K
Event: 11.312 GC heap after
Heap after GC invocations=5 (full 0):
 PSYoungGen      total 68096K, used 2534K [0x00000000eab00000, 0x00000000f4d00000, 0x0000000100000000)
  eden space 65536K, 0% used [0x00000000eab00000,0x00000000eab00000,0x00000000eeb00000)
  from space 2560K, 98% used [0x00000000eeb00000,0x00000000eed79890,0x00000000eed80000)
  to   space 17408K, 0% used [0x00000000f3c00000,0x00000000f3c00000,0x00000000f4d00000)
 ParOldGen       total 44032K, used 27900K [0x00000000c0000000, 0x00000000c2b00000, 0x00000000eab00000)
  object space 44032K, 63% used [0x00000000c0000000,0x00000000c1b3f328,0x00000000c2b00000)
 Metaspace       used 6270K, capacity 7088K, committed 7296K, reserved 1056768K
  class space    used 576K, capacity 616K, committed 640K, reserved 1048576K
}
Event: 12.675 GC heap before
{Heap before GC invocations=6 (full 0):
 PSYoungGen      total 68096K, used 68070K [0x00000000eab00000, 0x00000000f4d00000, 0x0000000100000000)
  eden space 65536K, 100% used [0x00000000eab00000,0x00000000eeb00000,0x00000000eeb00000)
  from space 2560K, 98% used [0x00000000eeb00000,0x00000000eed79890,0x00000000eed80000)
  to   space 17408K, 0% used [0x00000000f3c00000,0x00000000f3c00000,0x00000000f4d00000)
 ParOldGen       total 44032K, used 27900K [0x00000000c0000000, 0x00000000c2b00000, 0x00000000eab00000)
  object space 44032K, 63% used [0x00000000c0000000,0x00000000c1b3f328,0x00000000c2b00000)
 Metaspace       used 6397K, capacity 7154K, committed 7296K, reserved 1056768K
  class space    used 595K, capacity 618K, committed 640K, reserved 1048576K
Event: 12.727 GC heap after
Heap after GC invocations=6 (full 0):
 PSYoungGen      total 145408K, used 16439K [0x00000000eab00000, 0x00000000f5300000, 0x0000000100000000)
  eden space 128000K, 0% used [0x00000000eab00000,0x00000000eab00000,0x00000000f2800000)
  from space 17408K, 94% used [0x00000000f3c00000,0x00000000f4c0dfc0,0x00000000f4d00000)
  to   space 20480K, 0% used [0x00000000f2800000,0x00000000f2800000,0x00000000f3c00000)
 ParOldGen       total 44032K, used 27900K [0x00000000c0000000, 0x00000000c2b00000, 0x00000000eab00000)
  object space 44032K, 63% used [0x00000000c0000000,0x00000000c1b3f328,0x00000000c2b00000)
 Metaspace       used 6397K, capacity 7154K, committed 7296K, reserved 1056768K
  class space    used 595K, capacity 618K, committed 640K, reserved 1048576K
}
Event: 13.434 GC heap before
{Heap before GC invocations=7 (full 0):
 PSYoungGen      total 145408K, used 144439K [0x00000000eab00000, 0x00000000f5300000, 0x0000000100000000)
  eden space 128000K, 100% used [0x00000000eab00000,0x00000000f2800000,0x00000000f2800000)
  from space 17408K, 94% used [0x00000000f3c00000,0x00000000f4c0dfc0,0x00000000f4d00000)
  to   space 20480K, 0% used [0x00000000f2800000,0x00000000f2800000,0x00000000f3c00000)
 ParOldGen       total 44032K, used 27900K [0x00000000c0000000, 0x00000000c2b00000, 0x00000000eab00000)
  object space 44032K, 63% used [0x00000000c0000000,0x00000000c1b3f328,0x00000000c2b00000)
 Metaspace       used 6446K, capacity 7154K, committed 7296K, reserved 1056768K
  class space    used 595K, capacity 618K, committed 640K, reserved 1048576K
Event: 13.554 GC heap after
Heap after GC invocations=7 (full 0):
 PSYoungGen      total 148480K, used 20479K [0x00000000eab00000, 0x00000000fe500000, 0x0000000100000000)
  eden space 128000K, 0% used [0x00000000eab00000,0x00000000eab00000,0x00000000f2800000)
  from space 20480K, 99% used [0x00000000f2800000,0x00000000f3bffcf0,0x00000000f3c00000)
  to   space 32768K, 0% used [0x00000000fc500000,0x00000000fc500000,0x00000000fe500000)
 ParOldGen       total 44544K, used 44135K [0x00000000c0000000, 0x00000000c2b80000, 0x00000000eab00000)
  object space 44544K, 99% used [0x00000000c0000000,0x00000000c2b19fd0,0x00000000c2b80000)
 Metaspace       used 6446K, capacity 7154K, committed 7296K, reserved 1056768K
  class space    used 595K, capacity 618K, committed 640K, reserved 1048576K
}
Event: 13.554 GC heap before
{Heap before GC invocations=8 (full 1):
 PSYoungGen      total 148480K, used 20479K [0x00000000eab00000, 0x00000000fe500000, 0x0000000100000000)
  eden space 128000K, 0% used [0x00000000eab00000,0x00000000eab00000,0x00000000f2800000)
  from space 20480K, 99% used [0x00000000f2800000,0x00000000f3bffcf0,0x00000000f3c00000)
  to   space 32768K, 0% used [0x00000000fc500000,0x00000000fc500000,0x00000000fe500000)
 ParOldGen       total 44544K, used 44135K [0x00000000c0000000, 0x00000000c2b80000, 0x00000000eab00000)
  object space 44544K, 99% used [0x00000000c0000000,0x00000000c2b19fd0,0x00000000c2b80000)
 Metaspace       used 6446K, capacity 7154K, committed 7296K, reserved 1056768K
  class space    used 595K, capacity 618K, committed 640K, reserved 1048576K
Event: 15.456 GC heap after
Heap after GC invocations=8 (full 1):
 PSYoungGen      total 148480K, used 8895K [0x00000000eab00000, 0x00000000fe500000, 0x0000000100000000)
  eden space 128000K, 0% used [0x00000000eab00000,0x00000000eab00000,0x00000000f2800000)
  from space 20480K, 43% used [0x00000000f2800000,0x00000000f30afc98,0x00000000f3c00000)
  to   space 32768K, 0% used [0x00000000fc500000,0x00000000fc500000,0x00000000fe500000)
 ParOldGen       total 89088K, used 44267K [0x00000000c0000000, 0x00000000c5700000, 0x00000000eab00000)
  object space 89088K, 49% used [0x00000000c0000000,0x00000000c2b3ad98,0x00000000c5700000)
 Metaspace       used 6446K, capacity 7154K, committed 7296K, reserved 1056768K
  class space    used 595K, capacity 618K, committed 640K, reserved 1048576K
}

Deoptimization events (10 events):
Event: 12.641 Thread 0x00000000020fd800 Uncommon trap: reason=unloaded action=reinterpret pc=0x0000000002accb6c method=com.android.dx.cf.cst.ConstantPoolParser.parse0(ILjava/util/BitSet;)Lcom/android/dx/rop/cst/Constant; @ 220
Event: 12.790 Thread 0x000000001663d000 Uncommon trap: reason=bimorphic action=maybe_recompile pc=0x0000000002bd0af8 method=com.android.dx.cf.code.BytecodeArray.parseInstruction(ILcom/android/dx/cf/code/BytecodeArray$Visitor;)I @ 2281
Event: 12.791 Thread 0x000000001663d000 Uncommon trap: reason=bimorphic action=maybe_recompile pc=0x0000000002bd0af8 method=com.android.dx.cf.code.BytecodeArray.parseInstruction(ILcom/android/dx/cf/code/BytecodeArray$Visitor;)I @ 2281
Event: 15.641 Thread 0x000000001663d000 Uncommon trap: reason=bimorphic action=maybe_recompile pc=0x0000000002bae730 method=com.android.dx.cf.code.RopperMachine.run(Lcom/android/dx/cf/code/Frame;II)V @ 988
Event: 15.651 Thread 0x000000001663d000 Uncommon trap: reason=unstable_if action=reinterpret pc=0x0000000002c96050 method=com.android.dx.cf.code.Merger.mergeType(Lcom/android/dx/rop/type/TypeBearer;Lcom/android/dx/rop/type/TypeBearer;)Lcom/android/dx/rop/type/TypeBearer; @ 77
Event: 17.239 Thread 0x000000001663c000 Uncommon trap: reason=class_check action=maybe_recompile pc=0x0000000002783708 method=java.util.Arrays.hashCode([Ljava/lang/Object;)I @ 43
Event: 17.239 Thread 0x000000001663c000 Uncommon trap: reason=class_check action=maybe_recompile pc=0x0000000002783708 method=java.util.Arrays.hashCode([Ljava/lang/Object;)I @ 43
Event: 17.239 Thread 0x000000001663c000 Uncommon trap: reason=class_check action=maybe_recompile pc=0x0000000002783708 method=java.util.Arrays.hashCode([Ljava/lang/Object;)I @ 43
Event: 17.240 Thread 0x000000001663c000 Uncommon trap: reason=class_check action=maybe_recompile pc=0x0000000002783708 method=java.util.Arrays.hashCode([Ljava/lang/Object;)I @ 43
Event: 17.240 Thread 0x000000001663c000 Uncommon trap: reason=class_check action=maybe_recompile pc=0x0000000002783134 method=java.util.Arrays.hashCode([Ljava/lang/Object;)I @ 43

Internal exceptions (6 events):
Event: 0.059 Thread 0x00000000020fd800 Exception <a 'java/lang/NoSuchMethodError': Method sun.misc.Unsafe.defineClass(Ljava/lang/String;[BII)Ljava/lang/Class; name or signature does not match> (0x00000000eab07cc0) thrown at [C:\src\android\AOSP-openjdk\external\jetbrains\jdk\hotspot\src\share\vË¹§K ®?
Event: 0.059 Thread 0x00000000020fd800 Exception <a 'java/lang/NoSuchMethodError': Method sun.misc.Unsafe.prefetchRead(Ljava/lang/Object;J)V name or signature does not match> (0x00000000eab07fa8) thrown at [C:\src\android\AOSP-openjdk\external\jetbrains\jdk\hotspot\src\share\vm\prims\jni.cpp, ló…Í¦Ÿµ@
Event: 5.677 Thread 0x00000000020fd800 Implicit null exception at 0x0000000002693322 to 0x0000000002693412
Event: 12.473 Thread 0x0000000016692000 Exception <a 'java/lang/ArrayIndexOutOfBoundsException': 18> (0x00000000ed3e9360) thrown at [C:\src\android\AOSP-openjdk\external\jetbrains\jdk\hotspot\src\share\vm\interpreter\interpreterRuntime.cpp, line 366]
Event: 12.473 Thread 0x0000000016692000 Exception <a 'java/lang/ArrayIndexOutOfBoundsException': 145> (0x00000000ed3eaee0) thrown at [C:\src\android\AOSP-openjdk\external\jetbrains\jdk\hotspot\src\share\vm\interpreter\interpreterRuntime.cpp, line 366]
Event: 12.521 Thread 0x0000000016692000 Exception <a 'java/lang/ArrayIndexOutOfBoundsException'> (0x00000000ed3ec1c8) thrown at [C:\src\android\AOSP-openjdk\external\jetbrains\jdk\hotspot\src\share\vm\runtime\sharedRuntime.cpp, line 605]

Events (10 events):
Event: 17.239 Thread 0x000000001663c000 DEOPT PACKING pc=0x0000000002783708 sp=0x00000000196fea10
Event: 17.239 Thread 0x000000001663c000 DEOPT UNPACKING pc=0x00000000023a556a sp=0x00000000196fe940 mode 2
Event: 17.240 Thread 0x000000001663c000 Uncommon trap: trap_request=0xffffffde fr.pc=0x0000000002783708
Event: 17.240 Thread 0x000000001663c000 DEOPT PACKING pc=0x0000000002783708 sp=0x00000000196fe9c0
Event: 17.240 Thread 0x000000001663c000 DEOPT UNPACKING pc=0x00000000023a556a sp=0x00000000196fe8f0 mode 2
Event: 17.240 Thread 0x000000001663c000 Uncommon trap: trap_request=0xffffffde fr.pc=0x0000000002783134
Event: 17.240 Thread 0x000000001663c000 DEOPT PACKING pc=0x0000000002783134 sp=0x00000000196fe9b0
Event: 17.240 Thread 0x000000001663c000 DEOPT UNPACKING pc=0x00000000023a556a sp=0x00000000196fe938 mode 2
Event: 17.240 loading class com/android/dx/rop/cst/Zeroes
Event: 17.240 loading class com/android/dx/rop/cst/Zeroes done


Dynamic libraries:
0x00007ff65aea0000 - 0x00007ff65aed1000 	C:\Program Files\Android\Android Studio\jre\bin\java.exe
0x00007fff314c0000 - 0x00007fff31681000 	C:\WINDOWS\SYSTEM32\ntdll.dll
0x00007fff2eaa0000 - 0x00007fff2eb4d000 	C:\WINDOWS\system32\KERNEL32.DLL
0x00007fff2e030000 - 0x00007fff2e218000 	C:\WINDOWS\system32\KERNELBASE.dll
0x00007fff30780000 - 0x00007fff30827000 	C:\WINDOWS\system32\ADVAPI32.dll
0x00007fff31140000 - 0x00007fff311dd000 	C:\WINDOWS\system32\msvcrt.dll
0x00007fff30b70000 - 0x00007fff30bcb000 	C:\WINDOWS\system32\sechost.dll
0x00007fff2e8c0000 - 0x00007fff2e9dc000 	C:\WINDOWS\system32\RPCRT4.dll
0x00007fff2ef80000 - 0x00007fff2f0d6000 	C:\WINDOWS\system32\USER32.dll
0x00007fff30fb0000 - 0x00007fff31136000 	C:\WINDOWS\system32\GDI32.dll
0x00007fff257a0000 - 0x00007fff25a14000 	C:\WINDOWS\WinSxS\amd64_microsoft.windows.common-controls_6595b64144ccf1df_6.0.10586.672_none_a2d6b3cea53ff843\COMCTL32.dll
0x00007fff30bd0000 - 0x00007fff30e4d000 	C:\WINDOWS\system32\combase.dll
0x00007fff2dc60000 - 0x00007fff2dcca000 	C:\WINDOWS\system32\bcryptPrimitives.dll
0x00007fff30980000 - 0x00007fff309bb000 	C:\WINDOWS\system32\IMM32.DLL
0x000000005e580000 - 0x000000005e652000 	C:\Program Files\Android\Android Studio\jre\jre\bin\msvcr100.dll
0x000000005e740000 - 0x000000005ef74000 	C:\Program Files\Android\Android Studio\jre\jre\bin\server\jvm.dll
0x00007fff30660000 - 0x00007fff30668000 	C:\WINDOWS\system32\PSAPI.DLL
0x00007fff1ce30000 - 0x00007fff1ce39000 	C:\WINDOWS\SYSTEM32\WSOCK32.dll
0x00007fff30aa0000 - 0x00007fff30b0b000 	C:\WINDOWS\system32\WS2_32.dll
0x00007fff2bd30000 - 0x00007fff2bd53000 	C:\WINDOWS\SYSTEM32\WINMM.dll
0x00007fff242a0000 - 0x00007fff242aa000 	C:\WINDOWS\SYSTEM32\VERSION.dll
0x00007fff2bd00000 - 0x00007fff2bd2c000 	C:\WINDOWS\SYSTEM32\WINMMBASE.dll
0x00007fff2e220000 - 0x00007fff2e263000 	C:\WINDOWS\system32\cfgmgr32.dll
0x00007fff27930000 - 0x00007fff2793f000 	C:\Program Files\Android\Android Studio\jre\jre\bin\verify.dll
0x00007fff15570000 - 0x00007fff15599000 	C:\Program Files\Android\Android Studio\jre\jre\bin\java.dll
0x00007fff1ed80000 - 0x00007fff1ed96000 	C:\Program Files\Android\Android Studio\jre\jre\bin\zip.dll
0x00007fff2f0e0000 - 0x00007fff3063c000 	C:\WINDOWS\system32\SHELL32.dll
0x00007fff2e270000 - 0x00007fff2e8b5000 	C:\WINDOWS\system32\windows.storage.dll
0x00007fff312b0000 - 0x00007fff31302000 	C:\WINDOWS\system32\shlwapi.dll
0x00007fff2db30000 - 0x00007fff2db3f000 	C:\WINDOWS\system32\kernel.appcore.dll
0x00007fff2dcd0000 - 0x00007fff2dd85000 	C:\WINDOWS\system32\shcore.dll
0x00007fff2dae0000 - 0x00007fff2db2b000 	C:\WINDOWS\system32\powrprof.dll
0x00007fff2db50000 - 0x00007fff2db64000 	C:\WINDOWS\system32\profapi.dll

VM Arguments:
jvm_args: -Djava.awt.headless=true -Xmx1024M -Dfile.encoding=windows-1252 -Duser.country=GB -Duser.language=en -Duser.variant 
java_command: com.android.dx.command.Main --dex --force-jumbo --num-threads=4 --multi-dex --output C:\Users\Thomas\AndroidStudioProjects\MrWhemps\app\build\intermediates\transforms\dex\debug\folders\1000\10\com.google.android.gms-play-services-basement-9.4.0_823c5257cbc4308c2adce0061ecc4ecb66600de1 C:\Users\Thomas\AndroidStudioProjects\MrWhemps\app\build\intermediates\exploded-aar\com.google.android.gms\play-services-basement\9.4.0\jars\classes.jar
java_class_path (initial): C:\Users\Thomas\AppData\Local\Android\sdk\build-tools\23.0.2\lib\dx.jar
Launcher Type: SUN_STANDARD

Environment Variables:
PATH=C:\Program Files (x86)\Intel\iCLS Client\;C:\Program Files\Intel\iCLS Client\;C:\Windows\system32;C:\Windows;C:\Windows\System32\Wbem;C:\Windows\System32\WindowsPowerShell\v1.0\;C:\Program Files (x86)\Intel\OpenCL SDK\2.0\bin\x86;C:\Program Files (x86)\Intel\OpenCL SDK\2.0\bin\x64;C:\Program Files\Intel\Intel(R) Management Engine Components\DAL;C:\Program Files\Intel\Intel(R) Management Engine Components\IPT;C:\Program Files (x86)\Intel\Intel(R) Management Engine Components\DAL;C:\Program Files (x86)\Intel\Intel(R) Management Engine Components\IPT;C:\Program Files (x86)\Windows Live\Shared;C:\Users\Thomas\AppData\Local\Smartbar\Application\;C:\WINDOWS\system32;C:\WINDOWS;C:\WINDOWS\System32\Wbem;C:\WINDOWS\System32\WindowsPowerShell\v1.0\;D:\Programs\bin;C:\Program Files\Microsoft SQL Server\110\Tools\Binn\;C:\Program Files\Microsoft SQL Server\120\Tools\Binn\;C:\Program Files\MiKTeX 2.9\miktex\bin\;C:\Program Files\MiKTeX 2.9\gs\gs8.71\bin\;C:\Program Files\Git\cmd;C:\Program Files (x86)\Skype\Phone\;C:\WINDOWS\system32\config\systemprofile\.dnx\bin;C:\Program Files\Microsoft DNX\Dnvm\;C:\Program Files\Microsoft SQL Server\130\Tools\Binn\;C:\Program Files (x86)\Windows Kits\10\Windows Performance Toolkit\;C:\Program Files
USERNAME=Thomas
OS=Windows_NT
PROCESSOR_IDENTIFIER=Intel64 Family 6 Model 42 Stepping 7, GenuineIntel



---------------  S Y S T E M  ---------------

OS: Windows 10.0 , 64 bit Build 10586 (10.0.10586.589)

CPU:total 4 (2 cores per cpu, 2 threads per core) family 6 model 42 stepping 7, cmov, cx8, fxsr, mmx, sse, sse2, sse3, ssse3, sse4.1, sse4.2, popcnt, avx, clmul, ht, tsc, tscinvbit

Memory: 4k page, physical 4075172k(251524k free), swap 6565540k(4764k free)

vm_info: OpenJDK 64-Bit Server VM (25.76-b03) for windows-amd64 JRE (1.8.0_76-release-b03), built on Jun 29 2016 19:09:20 by "ralucas" with MS VC++ 10.0 (VS2010)

time: Sat Dec 31 02:50:11 2016
elapsed time: 17 seconds (0d 0h 0m 17s)

