#
# There is insufficient memory for the Java Runtime Environment to continue.
# Native memory allocation (malloc) failed to allocate 32744 bytes for ChunkPool::allocate
# Possible reasons:
#   The system is out of physical RAM or swap space
#   In 32 bit mode, the process size limit was hit
# Possible solutions:
#   Reduce memory load on the system
#   Increase physical memory or swap space
#   Check if swap backing store is full
#   Use 64 bit Java on a 64 bit OS
#   Decrease Java heap size (-Xmx/-Xms)
#   Decrease number of Java threads
#   Decrease Java thread stack sizes (-Xss)
#   Set larger code cache with -XX:ReservedCodeCacheSize=
# This output file may be truncated or incomplete.
#
#  Out of Memory Error (allocation.cpp:273), pid=7808, tid=0x0000000000000680
#
# JRE version: OpenJDK Runtime Environment (8.0_112-b06) (build 1.8.0_112-release-b06)
# Java VM: OpenJDK 64-Bit Server VM (25.112-b06 mixed mode windows-amd64 compressed oops)
# Failed to write core dump. Minidumps are not enabled by default on client versions of Windows
#

---------------  T H R E A D  ---------------

Current thread (0x0000000015629800):  JavaThread "C2 CompilerThread0" daemon [_thread_in_native, id=1664, stack(0x0000000016c60000,0x0000000016d60000)]

Stack: [0x0000000016c60000,0x0000000016d60000]
[error occurred during error reporting (printing stack bounds), id 0xc0000005]

Native frames: (J=compiled Java code, j=interpreted, Vv=VM code, C=native code)


Current CompileTask:
C2:  59870 2867   !   4       com.android.dx.cf.direct.MemberListParser::parse (641 bytes)


---------------  P R O C E S S  ---------------

Java Threads: ( => current thread )
  0x000000001726c000 JavaThread "pool-2-thread-4" [_thread_blocked, id=1948, stack(0x0000000018160000,0x0000000018260000)]
  0x0000000017817000 JavaThread "pool-2-thread-3" [_thread_blocked, id=4716, stack(0x0000000018060000,0x0000000018160000)]
  0x00000000178a8000 JavaThread "pool-2-thread-2" [_thread_blocked, id=6160, stack(0x0000000017f60000,0x0000000018060000)]
  0x00000000171ba800 JavaThread "pool-3-thread-1" [_thread_blocked, id=5808, stack(0x0000000017e60000,0x0000000017f60000)]
  0x000000001726f800 JavaThread "pool-2-thread-1" [_thread_blocked, id=7852, stack(0x0000000017d60000,0x0000000017e60000)]
  0x000000001567e000 JavaThread "Service Thread" daemon [_thread_blocked, id=6912, stack(0x0000000017360000,0x0000000017460000)]
  0x000000001561e800 JavaThread "C1 CompilerThread2" daemon [_thread_in_native, id=7344, stack(0x0000000016e60000,0x0000000016f60000)]
  0x0000000015618800 JavaThread "C2 CompilerThread1" daemon [_thread_in_native, id=8128, stack(0x0000000016d60000,0x0000000016e60000)]
=>0x0000000015629800 JavaThread "C2 CompilerThread0" daemon [_thread_in_native, id=1664, stack(0x0000000016c60000,0x0000000016d60000)]
  0x0000000015628800 JavaThread "Attach Listener" daemon [_thread_blocked, id=4516, stack(0x0000000016b60000,0x0000000016c60000)]
  0x0000000015625000 JavaThread "Signal Dispatcher" daemon [_thread_blocked, id=6736, stack(0x0000000016a60000,0x0000000016b60000)]
  0x0000000002f4c000 JavaThread "Finalizer" daemon [_thread_blocked, id=5904, stack(0x0000000016880000,0x0000000016980000)]
  0x0000000002f40000 JavaThread "Reference Handler" daemon [_thread_blocked, id=4192, stack(0x0000000016780000,0x0000000016880000)]
  0x0000000002d4d800 JavaThread "main" [_thread_in_vm, id=8236, stack(0x0000000002d50000,0x0000000002e50000)]

Other Threads:
  0x00000000155e4800 VMThread [stack: 0x0000000016680000,0x0000000016780000] [id=5596]
  0x0000000016f86000 WatcherThread [stack: 0x0000000017460000,0x0000000017560000] [id=5204]

VM state:not at safepoint (normal execution)

VM Mutex/Monitor currently owned by a thread: None

Heap:
 PSYoungGen      total 231424K, used 131326K [0x00000000eab00000, 0x00000000ffa80000, 0x0000000100000000)
  eden space 121856K, 24% used [0x00000000eab00000,0x00000000ec886fe8,0x00000000f2200000)
  from space 109568K, 92% used [0x00000000f8c00000,0x00000000feeb8960,0x00000000ff700000)
  to   space 108544K, 0% used [0x00000000f2200000,0x00000000f2200000,0x00000000f8c00000)
 ParOldGen       total 699392K, used 554417K [0x00000000c0000000, 0x00000000eab00000, 0x00000000eab00000)
  object space 699392K, 79% used [0x00000000c0000000,0x00000000e1d6c418,0x00000000eab00000)
 Metaspace       used 6634K, capacity 7282K, committed 7552K, reserved 1056768K
  class space    used 602K, capacity 618K, committed 640K, reserved 1048576K

Card table byte_map: [0x0000000012310000,0x0000000012520000] byte_map_base: 0x0000000011d10000

Marking Bits: (ParMarkBitMap*) 0x0000000068fe18f0
 Begin Bits: [0x0000000012a80000, 0x0000000013a80000)
 End Bits:   [0x0000000013a80000, 0x0000000014a80000)

Polling page: 0x0000000002c70000

CodeCache: size=245760Kb used=12310Kb max_used=13063Kb free=233449Kb
 bounds [0x0000000002f50000, 0x0000000003cd0000, 0x0000000011f50000]
 total_blobs=2621 nmethods=2351 adapters=183
 compilation: enabled

Compilation events (10 events):
Event: 57.064 Thread 0x000000001561e800 nmethod 2871 0x00000000031eba50 code [0x00000000031ebbc0, 0x00000000031ebe10]
Event: 57.110 Thread 0x000000001561e800 2874       3       com.android.dx.cf.direct.DirectClassFile::makeTypeList (47 bytes)
Event: 57.110 Thread 0x000000001561e800 nmethod 2874 0x00000000034a1e90 code [0x00000000034a2020, 0x00000000034a2378]
Event: 57.115 Thread 0x000000001561e800 2875       3       com.android.dx.dex.file.MethodAnnotationStruct::<init> (43 bytes)
Event: 57.116 Thread 0x000000001561e800 nmethod 2875 0x0000000003642210 code [0x00000000036423a0, 0x0000000003642758]
Event: 57.116 Thread 0x000000001561e800 2876       3       com.android.dx.dex.file.AnnotationsDirectoryItem::addMethodAnnotations (44 bytes)
Event: 57.118 Thread 0x000000001561e800 nmethod 2876 0x0000000003223090 code [0x0000000003223280, 0x0000000003223b88]
Event: 57.118 Thread 0x000000001561e800 2877   !   3       com.android.dx.rop.cst.CstType::intern (48 bytes)
Event: 57.119 Thread 0x000000001561e800 nmethod 2877 0x0000000003282b50 code [0x0000000003282d60, 0x0000000003283988]
Event: 57.183 Thread 0x000000001561e800 2888 % !   3       com.android.dx.dex.cf.CfTranslator::processFields @ 23 (251 bytes)

GC Heap History (10 events):
Event: 53.681 GC heap before
{Heap before GC invocations=41 (full 8):
 PSYoungGen      total 232960K, used 116736K [0x00000000eab00000, 0x0000000100000000, 0x0000000100000000)
  eden space 116736K, 100% used [0x00000000eab00000,0x00000000f1d00000,0x00000000f1d00000)
  from space 116224K, 0% used [0x00000000f8e80000,0x00000000f8e80000,0x0000000100000000)
  to   space 116224K, 0% used [0x00000000f1d00000,0x00000000f1d00000,0x00000000f8e80000)
 ParOldGen       total 699392K, used 578211K [0x00000000c0000000, 0x00000000eab00000, 0x00000000eab00000)
  object space 699392K, 82% used [0x00000000c0000000,0x00000000e34a8ce0,0x00000000eab00000)
 Metaspace       used 6634K, capacity 7282K, committed 7552K, reserved 1056768K
  class space    used 602K, capacity 618K, committed 640K, reserved 1048576K
Event: 53.731 GC heap after
Heap after GC invocations=41 (full 8):
 PSYoungGen      total 166912K, used 50071K [0x00000000eab00000, 0x00000000ffd00000, 0x0000000100000000)
  eden space 116736K, 0% used [0x00000000eab00000,0x00000000eab00000,0x00000000f1d00000)
  from space 50176K, 99% used [0x00000000f1d00000,0x00000000f4de5dd0,0x00000000f4e00000)
  to   space 114688K, 0% used [0x00000000f8d00000,0x00000000f8d00000,0x00000000ffd00000)
 ParOldGen       total 699392K, used 578211K [0x00000000c0000000, 0x00000000eab00000, 0x00000000eab00000)
  object space 699392K, 82% used [0x00000000c0000000,0x00000000e34a8ce0,0x00000000eab00000)
 Metaspace       used 6634K, capacity 7282K, committed 7552K, reserved 1056768K
  class space    used 602K, capacity 618K, committed 640K, reserved 1048576K
}
Event: 54.016 GC heap before
{Heap before GC invocations=42 (full 8):
 PSYoungGen      total 166912K, used 166807K [0x00000000eab00000, 0x00000000ffd00000, 0x0000000100000000)
  eden space 116736K, 100% used [0x00000000eab00000,0x00000000f1d00000,0x00000000f1d00000)
  from space 50176K, 99% used [0x00000000f1d00000,0x00000000f4de5dd0,0x00000000f4e00000)
  to   space 114688K, 0% used [0x00000000f8d00000,0x00000000f8d00000,0x00000000ffd00000)
 ParOldGen       total 699392K, used 578211K [0x00000000c0000000, 0x00000000eab00000, 0x00000000eab00000)
  object space 699392K, 82% used [0x00000000c0000000,0x00000000e34a8ce0,0x00000000eab00000)
 Metaspace       used 6634K, capacity 7282K, committed 7552K, reserved 1056768K
  class space    used 602K, capacity 618K, committed 640K, reserved 1048576K
Event: 54.108 GC heap after
Heap after GC invocations=42 (full 8):
 PSYoungGen      total 229888K, used 80453K [0x00000000eab00000, 0x0000000100000000, 0x0000000100000000)
  eden space 115200K, 0% used [0x00000000eab00000,0x00000000eab00000,0x00000000f1b80000)
  from space 114688K, 70% used [0x00000000f8d00000,0x00000000fdb91648,0x00000000ffd00000)
  to   space 116224K, 0% used [0x00000000f1b80000,0x00000000f1b80000,0x00000000f8d00000)
 ParOldGen       total 699392K, used 578211K [0x00000000c0000000, 0x00000000eab00000, 0x00000000eab00000)
  object space 699392K, 82% used [0x00000000c0000000,0x00000000e34a8ce0,0x00000000eab00000)
 Metaspace       used 6634K, capacity 7282K, committed 7552K, reserved 1056768K
  class space    used 602K, capacity 618K, committed 640K, reserved 1048576K
}
Event: 54.844 GC heap before
{Heap before GC invocations=43 (full 8):
 PSYoungGen      total 229888K, used 195653K [0x00000000eab00000, 0x0000000100000000, 0x0000000100000000)
  eden space 115200K, 100% used [0x00000000eab00000,0x00000000f1b80000,0x00000000f1b80000)
  from space 114688K, 70% used [0x00000000f8d00000,0x00000000fdb91648,0x00000000ffd00000)
  to   space 116224K, 0% used [0x00000000f1b80000,0x00000000f1b80000,0x00000000f8d00000)
 ParOldGen       total 699392K, used 578211K [0x00000000c0000000, 0x00000000eab00000, 0x00000000eab00000)
  object space 699392K, 82% used [0x00000000c0000000,0x00000000e34a8ce0,0x00000000eab00000)
 Metaspace       used 6634K, capacity 7282K, committed 7552K, reserved 1056768K
  class space    used 602K, capacity 618K, committed 640K, reserved 1048576K
Event: 54.974 GC heap after
Heap after GC invocations=43 (full 8):
 PSYoungGen      total 231424K, used 65701K [0x00000000eab00000, 0x00000000ffd80000, 0x0000000100000000)
  eden space 115200K, 0% used [0x00000000eab00000,0x00000000eab00000,0x00000000f1b80000)
  from space 116224K, 56% used [0x00000000f1b80000,0x00000000f5ba94c0,0x00000000f8d00000)
  to   space 114176K, 0% used [0x00000000f8e00000,0x00000000f8e00000,0x00000000ffd80000)
 ParOldGen       total 699392K, used 657584K [0x00000000c0000000, 0x00000000eab00000, 0x00000000eab00000)
  object space 699392K, 94% used [0x00000000c0000000,0x00000000e822c298,0x00000000eab00000)
 Metaspace       used 6634K, capacity 7282K, committed 7552K, reserved 1056768K
  class space    used 602K, capacity 618K, committed 640K, reserved 1048576K
}
Event: 54.974 GC heap before
{Heap before GC invocations=44 (full 9):
 PSYoungGen      total 231424K, used 65701K [0x00000000eab00000, 0x00000000ffd80000, 0x0000000100000000)
  eden space 115200K, 0% used [0x00000000eab00000,0x00000000eab00000,0x00000000f1b80000)
  from space 116224K, 56% used [0x00000000f1b80000,0x00000000f5ba94c0,0x00000000f8d00000)
  to   space 114176K, 0% used [0x00000000f8e00000,0x00000000f8e00000,0x00000000ffd80000)
 ParOldGen       total 699392K, used 657584K [0x00000000c0000000, 0x00000000eab00000, 0x00000000eab00000)
  object space 699392K, 94% used [0x00000000c0000000,0x00000000e822c298,0x00000000eab00000)
 Metaspace       used 6634K, capacity 7282K, committed 7552K, reserved 1056768K
  class space    used 602K, capacity 618K, committed 640K, reserved 1048576K
Event: 56.796 GC heap after
Heap after GC invocations=44 (full 9):
 PSYoungGen      total 231424K, used 0K [0x00000000eab00000, 0x00000000ffd80000, 0x0000000100000000)
  eden space 115200K, 0% used [0x00000000eab00000,0x00000000eab00000,0x00000000f1b80000)
  from space 116224K, 0% used [0x00000000f1b80000,0x00000000f1b80000,0x00000000f8d00000)
  to   space 114176K, 0% used [0x00000000f8e00000,0x00000000f8e00000,0x00000000ffd80000)
 ParOldGen       total 699392K, used 554417K [0x00000000c0000000, 0x00000000eab00000, 0x00000000eab00000)
  object space 699392K, 79% used [0x00000000c0000000,0x00000000e1d6c418,0x00000000eab00000)
 Metaspace       used 6634K, capacity 7282K, committed 7552K, reserved 1056768K
  class space    used 602K, capacity 618K, committed 640K, reserved 1048576K
}
Event: 57.065 GC heap before
{Heap before GC invocations=45 (full 9):
 PSYoungGen      total 231424K, used 115200K [0x00000000eab00000, 0x00000000ffd80000, 0x0000000100000000)
  eden space 115200K, 100% used [0x00000000eab00000,0x00000000f1b80000,0x00000000f1b80000)
  from space 116224K, 0% used [0x00000000f1b80000,0x00000000f1b80000,0x00000000f8d00000)
  to   space 114176K, 0% used [0x00000000f8e00000,0x00000000f8e00000,0x00000000ffd80000)
 ParOldGen       total 699392K, used 554417K [0x00000000c0000000, 0x00000000eab00000, 0x00000000eab00000)
  object space 699392K, 79% used [0x00000000c0000000,0x00000000e1d6c418,0x00000000eab00000)
 Metaspace       used 6634K, capacity 7282K, committed 7552K, reserved 1056768K
  class space    used 602K, capacity 618K, committed 640K, reserved 1048576K
Event: 57.108 GC heap after
Heap after GC invocations=45 (full 9):
 PSYoungGen      total 232448K, used 29553K [0x00000000eab00000, 0x00000000ffe00000, 0x0000000100000000)
  eden space 118272K, 0% used [0x00000000eab00000,0x00000000eab00000,0x00000000f1e80000)
  from space 114176K, 25% used [0x00000000f8e00000,0x00000000faadc5d8,0x00000000ffd80000)
  to   space 114176K, 0% used [0x00000000f1e80000,0x00000000f1e80000,0x00000000f8e00000)
 ParOldGen       total 699392K, used 554417K [0x00000000c0000000, 0x00000000eab00000, 0x00000000eab00000)
  object space 699392K, 79% used [0x00000000c0000000,0x00000000e1d6c418,0x00000000eab00000)
 Metaspace       used 6634K, capacity 7282K, committed 7552K, reserved 1056768K
  class space    used 602K, capacity 618K, committed 640K, reserved 1048576K
}

Deoptimization events (10 events):
Event: 40.716 Thread 0x0000000002d4d800 Uncommon trap: reason=class_check action=maybe_recompile pc=0x00000000031eda18 method=com.android.dx.util.BitIntSet.merge(Lcom/android/dx/util/IntSet;)V @ 1
Event: 40.720 Thread 0x0000000002d4d800 Uncommon trap: reason=class_check action=maybe_recompile pc=0x0000000003877db0 method=com.android.dx.ssa.back.InterferenceGraph.mergeInterferenceSet(ILcom/android/dx/util/IntSet;)V @ 20
Event: 40.720 Thread 0x0000000002d4d800 Uncommon trap: reason=class_check action=maybe_recompile pc=0x00000000031eda18 method=com.android.dx.util.BitIntSet.merge(Lcom/android/dx/util/IntSet;)V @ 1
Event: 45.343 Thread 0x0000000002d4d800 Uncommon trap: reason=bimorphic action=maybe_recompile pc=0x000000000336db44 method=com.android.dx.cf.code.BytecodeArray.parseInstruction(ILcom/android/dx/cf/code/BytecodeArray$Visitor;)I @ 1161
Event: 45.343 Thread 0x0000000002d4d800 Uncommon trap: reason=bimorphic action=maybe_recompile pc=0x000000000336db44 method=com.android.dx.cf.code.BytecodeArray.parseInstruction(ILcom/android/dx/cf/code/BytecodeArray$Visitor;)I @ 1161
Event: 45.578 Thread 0x0000000002d4d800 Uncommon trap: reason=unstable_if action=reinterpret pc=0x000000000322ac90 method=com.android.dx.ssa.SCCP.simulateStmt(Lcom/android/dx/ssa/SsaInsn;)V @ 59
Event: 46.359 Thread 0x0000000002d4d800 Uncommon trap: reason=bimorphic action=maybe_recompile pc=0x000000000380c7d4 method=com.android.dx.cf.code.BytecodeArray.parseInstruction(ILcom/android/dx/cf/code/BytecodeArray$Visitor;)I @ 2135
Event: 46.360 Thread 0x0000000002d4d800 Uncommon trap: reason=bimorphic action=maybe_recompile pc=0x000000000380c7d4 method=com.android.dx.cf.code.BytecodeArray.parseInstruction(ILcom/android/dx/cf/code/BytecodeArray$Visitor;)I @ 2135
Event: 46.627 Thread 0x00000000178a8000 Uncommon trap: reason=predicate action=maybe_recompile pc=0x0000000003aac1a0 method=com.android.dx.ssa.back.InterferenceGraph.<init>(I)V @ 23
Event: 48.891 Thread 0x0000000002d4d800 Uncommon trap: reason=null_check action=make_not_entrant pc=0x0000000003b2a5d8 method=com.android.dx.rop.cst.CstKnownNull.equals(Ljava/lang/Object;)Z @ 1

Internal exceptions (10 events):
Event: 0.036 Thread 0x0000000002d4d800 Exception <a 'java/lang/NoSuchMethodError': Method sun.misc.Unsafe.defineClass(Ljava/lang/String;[BII)Ljava/lang/Class; name or signature does not match> (0x00000000eab07c78) thrown at [C:\src\android\AOSP-openjdk\external\jetbrains\jdk\hotspot\src\share\vJÏÿè¢?
Event: 0.036 Thread 0x0000000002d4d800 Exception <a 'java/lang/NoSuchMethodError': Method sun.misc.Unsafe.prefetchRead(Ljava/lang/Object;J)V name or signature does not match> (0x00000000eab07f60) thrown at [C:\src\android\AOSP-openjdk\external\jetbrains\jdk\hotspot\src\share\vm\prims\jni.cpp, leA
Event: 3.907 Thread 0x0000000017817000 Implicit null exception at 0x0000000003298f62 to 0x0000000003299052
Event: 4.135 Thread 0x00000000178a8000 Implicit null exception at 0x0000000003395302 to 0x0000000003396419
Event: 4.719 Thread 0x0000000017817000 Implicit null exception at 0x0000000003362330 to 0x00000000033636f5
Event: 5.707 Thread 0x0000000017817000 Exception <a 'java/lang/ArrayIndexOutOfBoundsException': 18> (0x00000000ebf911f0) thrown at [C:\src\android\AOSP-openjdk\external\jetbrains\jdk\hotspot\src\share\vm\interpreter\interpreterRuntime.cpp, line 366]
Event: 5.707 Thread 0x0000000017817000 Exception <a 'java/lang/ArrayIndexOutOfBoundsException': 145> (0x00000000ebf92d70) thrown at [C:\src\android\AOSP-openjdk\external\jetbrains\jdk\hotspot\src\share\vm\interpreter\interpreterRuntime.cpp, line 366]
Event: 5.708 Thread 0x0000000017817000 Exception <a 'java/lang/ArrayIndexOutOfBoundsException'> (0x00000000ebf94058) thrown at [C:\src\android\AOSP-openjdk\external\jetbrains\jdk\hotspot\src\share\vm\runtime\sharedRuntime.cpp, line 605]
Event: 22.465 Thread 0x00000000178a8000 Implicit null exception at 0x0000000003a07dc8 to 0x0000000003a101d5
Event: 48.891 Thread 0x0000000002d4d800 Implicit null exception at 0x0000000003b2a5ac to 0x0000000003b2a5ce

Events (10 events):
Event: 51.896 Executing VM operation: ParallelGCFailedAllocation
Event: 53.536 Executing VM operation: ParallelGCFailedAllocation done
Event: 53.680 Executing VM operation: ParallelGCFailedAllocation
Event: 53.732 Executing VM operation: ParallelGCFailedAllocation done
Event: 54.015 Executing VM operation: ParallelGCFailedAllocation
Event: 54.108 Executing VM operation: ParallelGCFailedAllocation done
Event: 54.844 Executing VM operation: ParallelGCFailedAllocation
Event: 56.796 Executing VM operation: ParallelGCFailedAllocation done
Event: 57.065 Executing VM operation: ParallelGCFailedAllocation
Event: 57.108 Executing VM operation: ParallelGCFailedAllocation done


Dynamic libraries:
0x00007ff770fc0000 - 0x00007ff770ff1000 	C:\Program Files\Android\Android Studio\jre\bin\java.exe
0x00007ff8450a0000 - 0x00007ff845261000 	C:\WINDOWS\SYSTEM32\ntdll.dll
0x00007ff8424a0000 - 0x00007ff84254d000 	C:\WINDOWS\system32\KERNEL32.DLL
0x00007ff842030000 - 0x00007ff842218000 	C:\WINDOWS\system32\KERNELBASE.dll
0x00007ff844bc0000 - 0x00007ff844c67000 	C:\WINDOWS\system32\ADVAPI32.dll
0x00007ff843b80000 - 0x00007ff843c1d000 	C:\WINDOWS\system32\msvcrt.dll
0x00007ff844b60000 - 0x00007ff844bbb000 	C:\WINDOWS\system32\sechost.dll
0x00007ff844900000 - 0x00007ff844a1c000 	C:\WINDOWS\system32\RPCRT4.dll
0x00007ff843e20000 - 0x00007ff843f76000 	C:\WINDOWS\system32\USER32.dll
0x00007ff843c20000 - 0x00007ff843da7000 	C:\WINDOWS\system32\GDI32.dll
0x00007ff83d630000 - 0x00007ff83d8a4000 	C:\WINDOWS\WinSxS\amd64_microsoft.windows.common-controls_6595b64144ccf1df_6.0.10586.839_none_a2ddba30a539a2ae\COMCTL32.dll
0x00007ff844170000 - 0x00007ff8443ee000 	C:\WINDOWS\system32\combase.dll
0x00007ff842360000 - 0x00007ff8423ca000 	C:\WINDOWS\system32\bcryptPrimitives.dll
0x00007ff8440b0000 - 0x00007ff8440eb000 	C:\WINDOWS\system32\IMM32.DLL
0x0000000068740000 - 0x0000000068812000 	C:\Program Files\Android\Android Studio\jre\jre\bin\msvcr100.dll
0x0000000068820000 - 0x000000006905c000 	C:\Program Files\Android\Android Studio\jre\jre\bin\server\jvm.dll
0x00007ff843b70000 - 0x00007ff843b78000 	C:\WINDOWS\system32\PSAPI.DLL
0x00007ff83f8f0000 - 0x00007ff83f913000 	C:\WINDOWS\SYSTEM32\WINMM.dll
0x00007ff838950000 - 0x00007ff83895a000 	C:\WINDOWS\SYSTEM32\VERSION.dll
0x00007ff839010000 - 0x00007ff839019000 	C:\WINDOWS\SYSTEM32\WSOCK32.dll
0x00007ff843db0000 - 0x00007ff843e1b000 	C:\WINDOWS\system32\WS2_32.dll
0x00007ff83f8c0000 - 0x00007ff83f8ec000 	C:\WINDOWS\SYSTEM32\WINMMBASE.dll
0x00007ff8422b0000 - 0x00007ff8422f3000 	C:\WINDOWS\system32\cfgmgr32.dll
0x00007ff831f50000 - 0x00007ff831f5f000 	C:\Program Files\Android\Android Studio\jre\jre\bin\verify.dll
0x00007ff82dd70000 - 0x00007ff82dd99000 	C:\Program Files\Android\Android Studio\jre\jre\bin\java.dll
0x00007ff82db60000 - 0x00007ff82db76000 	C:\Program Files\Android\Android Studio\jre\jre\bin\zip.dll
0x00007ff842550000 - 0x00007ff843aac000 	C:\WINDOWS\system32\SHELL32.dll
0x00007ff8419e0000 - 0x00007ff842024000 	C:\WINDOWS\system32\windows.storage.dll
0x00007ff843b10000 - 0x00007ff843b62000 	C:\WINDOWS\system32\shlwapi.dll
0x00007ff8416e0000 - 0x00007ff8416ef000 	C:\WINDOWS\system32\kernel.appcore.dll
0x00007ff841750000 - 0x00007ff841805000 	C:\WINDOWS\system32\shcore.dll
0x00007ff8416f0000 - 0x00007ff84173b000 	C:\WINDOWS\system32\powrprof.dll
0x00007ff8416c0000 - 0x00007ff8416d4000 	C:\WINDOWS\system32\profapi.dll

VM Arguments:
jvm_args: -Djava.awt.headless=true -Xmx1024M -Dfile.encoding=windows-1252 -Duser.country=GB -Duser.language=en -Duser.variant 
java_command: com.android.dx.command.Main --dex --num-threads=4 --multi-dex --main-dex-list C:\Users\Thomas\AndroidStudioProjects\MrWhemps\app\build\intermediates\multi-dex\release\maindexlist.txt --output C:\Users\Thomas\AndroidStudioProjects\MrWhemps\app\build\intermediates\transforms\dex\release\folders\1000\1f\main C:\Users\Thomas\AndroidStudioProjects\MrWhemps\app\build\intermediates\transforms\jarMerging\release\jars\1\1f\combined.jar
java_class_path (initial): C:\Users\Thomas\AppData\Local\Android\sdk\build-tools\25.0.0\lib\dx.jar
Launcher Type: SUN_STANDARD

Environment Variables:
PATH=C:\Program Files (x86)\Intel\iCLS Client\;C:\Program Files\Intel\iCLS Client\;C:\Windows\system32;C:\Windows;C:\Windows\System32\Wbem;C:\Windows\System32\WindowsPowerShell\v1.0\;C:\Program Files (x86)\Intel\OpenCL SDK\2.0\bin\x86;C:\Program Files (x86)\Intel\OpenCL SDK\2.0\bin\x64;C:\Program Files\Intel\Intel(R) Management Engine Components\DAL;C:\Program Files\Intel\Intel(R) Management Engine Components\IPT;C:\Program Files (x86)\Intel\Intel(R) Management Engine Components\DAL;C:\Program Files (x86)\Intel\Intel(R) Management Engine Components\IPT;C:\Program Files (x86)\Windows Live\Shared;C:\Users\Thomas\AppData\Local\Smartbar\Application\;C:\WINDOWS\system32;C:\WINDOWS;C:\WINDOWS\System32\Wbem;C:\WINDOWS\System32\WindowsPowerShell\v1.0\;C:\Program Files\Microsoft SQL Server\110\Tools\Binn\;C:\Program Files\Microsoft SQL Server\120\Tools\Binn\;C:\Program Files\MiKTeX 2.9\miktex\bin\;C:\Program Files\MiKTeX 2.9\gs\gs8.71\bin\;C:\Program Files\Git\cmd;C:\Program Files (x86)\Skype\Phone\;C:\Program Files\Microsoft SQL Server\130\Tools\Binn\;C:\Program Files (x86)\Windows Kits\10\Windows Performance Toolkit\;C:\Program Files
USERNAME=Thomas
OS=Windows_NT
PROCESSOR_IDENTIFIER=Intel64 Family 6 Model 42 Stepping 7, GenuineIntel



---------------  S Y S T E M  ---------------

OS: Windows 10.0 , 64 bit Build 10586 (10.0.10586.589)

CPU:total 4 (2 cores per cpu, 2 threads per core) family 6 model 42 stepping 7, cmov, cx8, fxsr, mmx, sse, sse2, sse3, ssse3, sse4.1, sse4.2, popcnt, avx, clmul, ht, tsc, tscinvbit

Memory: 4k page, physical 4075196k(169120k free), swap 6565564k(11272k free)

vm_info: OpenJDK 64-Bit Server VM (25.112-b06) for windows-amd64 JRE (1.8.0_112-release-b06), built on Dec  8 2016 00:54:26 by "builder" with MS VC++ 10.0 (VS2010)

time: Thu Sep 07 20:37:57 2017
elapsed time: 61 seconds (0d 0h 1m 1s)

