#
# There is insufficient memory for the Java Runtime Environment to continue.
# Native memory allocation (malloc) failed to allocate 114656 bytes for Chunk::new
# Possible reasons:
#   The system is out of physical RAM or swap space
#   In 32 bit mode, the process size limit was hit
# Possible solutions:
#   Reduce memory load on the system
#   Increase physical memory or swap space
#   Check if swap backing store is full
#   Use 64 bit Java on a 64 bit OS
#   Decrease Java heap size (-Xmx/-Xms)
#   Decrease number of Java threads
#   Decrease Java thread stack sizes (-Xss)
#   Set larger code cache with -XX:ReservedCodeCacheSize=
# This output file may be truncated or incomplete.
#
#  Out of Memory Error (allocation.cpp:390), pid=2996, tid=0x0000000000003880
#
# JRE version: OpenJDK Runtime Environment (8.0_76-b03) (build 1.8.0_76-release-b03)
# Java VM: OpenJDK 64-Bit Server VM (25.76-b03 mixed mode windows-amd64 compressed oops)
# Failed to write core dump. Minidumps are not enabled by default on client versions of Windows
#

---------------  T H R E A D  ---------------

Current thread (0x000000001535e800):  JavaThread "C2 CompilerThread1" daemon [_thread_in_native, id=14464, stack(0x0000000016a90000,0x0000000016b90000)]

Stack: [0x0000000016a90000,0x0000000016b90000]
[error occurred during error reporting (printing stack bounds), id 0xc0000005]

Native frames: (J=compiled Java code, j=interpreted, Vv=VM code, C=native code)


Current CompileTask:
C2:   1644 1178       4       com.android.dx.ssa.SCCP::addBlockToWorklist (47 bytes)


---------------  P R O C E S S  ---------------

Java Threads: ( => current thread )
  0x0000000016e58800 JavaThread "pool-2-thread-4" [_thread_in_Java, id=7232, stack(0x0000000017690000,0x0000000017790000)]
  0x0000000016dd7000 JavaThread "pool-2-thread-3" [_thread_blocked, id=10124, stack(0x0000000017590000,0x0000000017690000)]
  0x0000000016dd4800 JavaThread "pool-2-thread-2" [_thread_in_Java, id=11780, stack(0x0000000017490000,0x0000000017590000)]
  0x0000000016e75000 JavaThread "pool-3-thread-1" [_thread_blocked, id=12168, stack(0x0000000017390000,0x0000000017490000)]
  0x0000000016e74000 JavaThread "pool-2-thread-1" [_thread_in_Java, id=8784, stack(0x0000000017290000,0x0000000017390000)]
  0x0000000016b9c000 JavaThread "Service Thread" daemon [_thread_blocked, id=12436, stack(0x0000000017090000,0x0000000017190000)]
  0x0000000016b98800 JavaThread "C1 CompilerThread2" daemon [_thread_in_vm, id=9348, stack(0x0000000016f90000,0x0000000017090000)]
=>0x000000001535e800 JavaThread "C2 CompilerThread1" daemon [_thread_in_native, id=14464, stack(0x0000000016a90000,0x0000000016b90000)]
  0x000000001535b800 JavaThread "C2 CompilerThread0" daemon [_thread_in_native, id=11104, stack(0x0000000016990000,0x0000000016a90000)]
  0x000000001535a000 JavaThread "Attach Listener" daemon [_thread_blocked, id=13068, stack(0x0000000016890000,0x0000000016990000)]
  0x0000000015359000 JavaThread "Signal Dispatcher" daemon [_thread_blocked, id=6132, stack(0x0000000016790000,0x0000000016890000)]
  0x0000000015348800 JavaThread "Finalizer" daemon [_thread_blocked, id=760, stack(0x00000000165b0000,0x00000000166b0000)]
  0x0000000002c80800 JavaThread "Reference Handler" daemon [_thread_blocked, id=5668, stack(0x00000000164b0000,0x00000000165b0000)]
  0x0000000002abd800 JavaThread "main" [_thread_in_Java, id=9700, stack(0x0000000002990000,0x0000000002a90000)]

Other Threads:
  0x0000000015325000 VMThread [stack: 0x00000000163b0000,0x00000000164b0000] [id=6712]
  0x0000000016b9d800 WatcherThread [stack: 0x0000000017190000,0x0000000017290000] [id=14476]

VM state:not at safepoint (normal execution)

VM Mutex/Monitor currently owned by a thread: None

Heap:
 PSYoungGen      total 18944K, used 7786K [0x00000000eab00000, 0x00000000ec000000, 0x0000000100000000)
  eden space 16384K, 32% used [0x00000000eab00000,0x00000000eb0228d8,0x00000000ebb00000)
  from space 2560K, 98% used [0x00000000ebd80000,0x00000000ebff8018,0x00000000ec000000)
  to   space 2560K, 0% used [0x00000000ebb00000,0x00000000ebb00000,0x00000000ebd80000)
 ParOldGen       total 32256K, used 2359K [0x00000000c0000000, 0x00000000c1f80000, 0x00000000eab00000)
  object space 32256K, 7% used [0x00000000c0000000,0x00000000c024df98,0x00000000c1f80000)
 Metaspace       used 5910K, capacity 6896K, committed 7040K, reserved 1058816K
  class space    used 573K, capacity 616K, committed 640K, reserved 1048576K

Card table byte_map: [0x0000000012050000,0x0000000012260000] byte_map_base: 0x0000000011a50000

Marking Bits: (ParMarkBitMap*) 0x00000000665d9d00
 Begin Bits: [0x00000000127c0000, 0x00000000137c0000)
 End Bits:   [0x00000000137c0000, 0x00000000147c0000)

Polling page: 0x0000000001240000

CodeCache: size=245760Kb used=4663Kb max_used=4663Kb free=241096Kb
 bounds [0x0000000002c90000, 0x0000000003130000, 0x0000000011c90000]
 total_blobs=1442 nmethods=1174 adapters=181
 compilation: enabled

Compilation events (10 events):
Event: 1.520 Thread 0x0000000016b98800 1169       3       com.android.dx.rop.cst.CstNat::getFieldType (11 bytes)
Event: 1.520 Thread 0x0000000016b98800 nmethod 1169 0x0000000003114b10 code [0x0000000003114c80, 0x0000000003114ea8]
Event: 1.520 Thread 0x0000000016b98800 1166       3       com.android.dx.rop.cst.CstLiteral64::equals (36 bytes)
Event: 1.521 Thread 0x000000001535e800 nmethod 1165 0x0000000003117850 code [0x00000000031179a0, 0x0000000003117b18]
Event: 1.568 Thread 0x000000001535b800 nmethod 1170 0x0000000003120550 code [0x0000000003120740, 0x0000000003121af8]
Event: 1.637 Thread 0x000000001535e800 1178       4       com.android.dx.ssa.SCCP::addBlockToWorklist (47 bytes)
Event: 1.639 Thread 0x000000001535b800 1179       4       java.util.ArrayList::subListRangeCheck (110 bytes)
Event: 1.640 Thread 0x000000001535b800 nmethod 1179 0x00000000031175d0 code [0x0000000003117700, 0x0000000003117798]
Event: 1.640 Thread 0x000000001535b800 1180       4       java.util.ArrayList$SubList::<init> (46 bytes)
Event: 1.641 Thread 0x000000001535b800 nmethod 1180 0x000000000311a3d0 code [0x000000000311a500, 0x000000000311a598]

GC Heap History (6 events):
Event: 0.468 GC heap before
{Heap before GC invocations=1 (full 0):
 PSYoungGen      total 18944K, used 6611K [0x00000000eab00000, 0x00000000ec000000, 0x0000000100000000)
  eden space 16384K, 40% used [0x00000000eab00000,0x00000000eb174e38,0x00000000ebb00000)
  from space 2560K, 0% used [0x00000000ebd80000,0x00000000ebd80000,0x00000000ec000000)
  to   space 2560K, 0% used [0x00000000ebb00000,0x00000000ebb00000,0x00000000ebd80000)
 ParOldGen       total 44032K, used 0K [0x00000000c0000000, 0x00000000c2b00000, 0x00000000eab00000)
  object space 44032K, 0% used [0x00000000c0000000,0x00000000c0000000,0x00000000c2b00000)
 Metaspace       used 4175K, capacity 5296K, committed 5376K, reserved 1060864K
  class space    used 451K, capacity 488K, committed 512K, reserved 1048576K
Event: 0.475 GC heap after
Heap after GC invocations=1 (full 0):
 PSYoungGen      total 18944K, used 1728K [0x00000000eab00000, 0x00000000ec000000, 0x0000000100000000)
  eden space 16384K, 0% used [0x00000000eab00000,0x00000000eab00000,0x00000000ebb00000)
  from space 2560K, 67% used [0x00000000ebb00000,0x00000000ebcb0070,0x00000000ebd80000)
  to   space 2560K, 0% used [0x00000000ebd80000,0x00000000ebd80000,0x00000000ec000000)
 ParOldGen       total 44032K, used 8K [0x00000000c0000000, 0x00000000c2b00000, 0x00000000eab00000)
  object space 44032K, 0% used [0x00000000c0000000,0x00000000c0002000,0x00000000c2b00000)
 Metaspace       used 4175K, capacity 5296K, committed 5376K, reserved 1060864K
  class space    used 451K, capacity 488K, committed 512K, reserved 1048576K
}
Event: 0.475 GC heap before
{Heap before GC invocations=2 (full 1):
 PSYoungGen      total 18944K, used 1728K [0x00000000eab00000, 0x00000000ec000000, 0x0000000100000000)
  eden space 16384K, 0% used [0x00000000eab00000,0x00000000eab00000,0x00000000ebb00000)
  from space 2560K, 67% used [0x00000000ebb00000,0x00000000ebcb0070,0x00000000ebd80000)
  to   space 2560K, 0% used [0x00000000ebd80000,0x00000000ebd80000,0x00000000ec000000)
 ParOldGen       total 44032K, used 8K [0x00000000c0000000, 0x00000000c2b00000, 0x00000000eab00000)
  object space 44032K, 0% used [0x00000000c0000000,0x00000000c0002000,0x00000000c2b00000)
 Metaspace       used 4175K, capacity 5296K, committed 5376K, reserved 1060864K
  class space    used 451K, capacity 488K, committed 512K, reserved 1048576K
Event: 0.508 GC heap after
Heap after GC invocations=2 (full 1):
 PSYoungGen      total 18944K, used 0K [0x00000000eab00000, 0x00000000ec000000, 0x0000000100000000)
  eden space 16384K, 0% used [0x00000000eab00000,0x00000000eab00000,0x00000000ebb00000)
  from space 2560K, 0% used [0x00000000ebb00000,0x00000000ebb00000,0x00000000ebd80000)
  to   space 2560K, 0% used [0x00000000ebd80000,0x00000000ebd80000,0x00000000ec000000)
 ParOldGen       total 32256K, used 1603K [0x00000000c0000000, 0x00000000c1f80000, 0x00000000eab00000)
  object space 32256K, 4% used [0x00000000c0000000,0x00000000c0190fd8,0x00000000c1f80000)
 Metaspace       used 4175K, capacity 5296K, committed 5376K, reserved 1058816K
  class space    used 451K, capacity 488K, committed 512K, reserved 1048576K
}
Event: 1.417 GC heap before
{Heap before GC invocations=3 (full 1):
 PSYoungGen      total 18944K, used 16384K [0x00000000eab00000, 0x00000000ec000000, 0x0000000100000000)
  eden space 16384K, 100% used [0x00000000eab00000,0x00000000ebb00000,0x00000000ebb00000)
  from space 2560K, 0% used [0x00000000ebb00000,0x00000000ebb00000,0x00000000ebd80000)
  to   space 2560K, 0% used [0x00000000ebd80000,0x00000000ebd80000,0x00000000ec000000)
 ParOldGen       total 32256K, used 1603K [0x00000000c0000000, 0x00000000c1f80000, 0x00000000eab00000)
  object space 32256K, 4% used [0x00000000c0000000,0x00000000c0190fd8,0x00000000c1f80000)
 Metaspace       used 5834K, capacity 6832K, committed 7040K, reserved 1058816K
  class space    used 573K, capacity 616K, committed 640K, reserved 1048576K
Event: 1.423 GC heap after
Heap after GC invocations=3 (full 1):
 PSYoungGen      total 18944K, used 2528K [0x00000000eab00000, 0x00000000ec000000, 0x0000000100000000)
  eden space 16384K, 0% used [0x00000000eab00000,0x00000000eab00000,0x00000000ebb00000)
  from space 2560K, 98% used [0x00000000ebd80000,0x00000000ebff8018,0x00000000ec000000)
  to   space 2560K, 0% used [0x00000000ebb00000,0x00000000ebb00000,0x00000000ebd80000)
 ParOldGen       total 32256K, used 2359K [0x00000000c0000000, 0x00000000c1f80000, 0x00000000eab00000)
  object space 32256K, 7% used [0x00000000c0000000,0x00000000c024df98,0x00000000c1f80000)
 Metaspace       used 5834K, capacity 6832K, committed 7040K, reserved 1058816K
  class space    used 573K, capacity 616K, committed 640K, reserved 1048576K
}

Deoptimization events (4 events):
Event: 0.377 Thread 0x0000000002abd800 Uncommon trap: reason=unstable_if action=reinterpret pc=0x0000000002dd73d0 method=java.lang.String.indexOf(II)I @ 49
Event: 1.096 Thread 0x0000000002abd800 Uncommon trap: reason=bimorphic action=maybe_recompile pc=0x0000000002f1fdb0 method=java.util.HashMap.getNode(ILjava/lang/Object;)Ljava/util/HashMap$Node; @ 126
Event: 1.442 Thread 0x0000000016dd4800 Uncommon trap: reason=bimorphic action=maybe_recompile pc=0x0000000002ed245c method=java.util.HashMap.getNode(ILjava/lang/Object;)Ljava/util/HashMap$Node; @ 126
Event: 1.514 Thread 0x0000000016e74000 Uncommon trap: reason=unstable_if action=reinterpret pc=0x00000000030aad1c method=com.android.dx.ssa.SsaMethod.updateOneDefinition(Lcom/android/dx/ssa/SsaInsn;Lcom/android/dx/rop/code/RegisterSpec;)V @ 4

Internal exceptions (2 events):
Event: 0.055 Thread 0x0000000002abd800 Exception <a 'java/lang/NoSuchMethodError': Method sun.misc.Unsafe.defineClass(Ljava/lang/String;[BII)Ljava/lang/Class; name or signature does not match> (0x00000000eab07cc0) thrown at [C:\src\android\AOSP-openjdk\external\jetbrains\jdk\hotspot\src\share\v)+ютм?
Event: 0.055 Thread 0x0000000002abd800 Exception <a 'java/lang/NoSuchMethodError': Method sun.misc.Unsafe.prefetchRead(Ljava/lang/Object;J)V name or signature does not match> (0x00000000eab07fa8) thrown at [C:\src\android\AOSP-openjdk\external\jetbrains\jdk\hotspot\src\share\vm\prims\jni.cpp, l

Events (10 events):
Event: 1.417 Executing VM operation: ParallelGCFailedAllocation
Event: 1.423 Executing VM operation: ParallelGCFailedAllocation done
Event: 1.442 Thread 0x0000000016dd4800 Uncommon trap: trap_request=0xffffffc6 fr.pc=0x0000000002ed245c
Event: 1.442 Thread 0x0000000016dd4800 DEOPT PACKING pc=0x0000000002ed245c sp=0x000000001758e970
Event: 1.442 Thread 0x0000000016dd4800 DEOPT UNPACKING pc=0x0000000002cd556a sp=0x000000001758e8f0 mode 2
Event: 1.513 loading class com/android/dx/rop/code/RegOps
Event: 1.513 loading class com/android/dx/rop/code/RegOps done
Event: 1.514 Thread 0x0000000016e74000 Uncommon trap: trap_request=0xffffff65 fr.pc=0x00000000030aad1c
Event: 1.514 Thread 0x0000000016e74000 DEOPT PACKING pc=0x00000000030aad1c sp=0x000000001738e550
Event: 1.514 Thread 0x0000000016e74000 DEOPT UNPACKING pc=0x0000000002cd556a sp=0x000000001738e4f8 mode 2


Dynamic libraries:
0x00007ff7a0c80000 - 0x00007ff7a0cb1000 	C:\Program Files\Android\Android Studio\jre\bin\java.exe
0x00007ffad9aa0000 - 0x00007ffad9c61000 	C:\WINDOWS\SYSTEM32\ntdll.dll
0x00007ffad7000000 - 0x00007ffad70ad000 	C:\WINDOWS\system32\KERNEL32.DLL
0x00007ffad6520000 - 0x00007ffad6708000 	C:\WINDOWS\system32\KERNELBASE.dll
0x00007ffad9430000 - 0x00007ffad94d7000 	C:\WINDOWS\system32\ADVAPI32.dll
0x00007ffad9130000 - 0x00007ffad91cd000 	C:\WINDOWS\system32\msvcrt.dll
0x00007ffad90d0000 - 0x00007ffad912b000 	C:\WINDOWS\system32\sechost.dll
0x00007ffad98b0000 - 0x00007ffad99cc000 	C:\WINDOWS\system32\RPCRT4.dll
0x00007ffad8ba0000 - 0x00007ffad8cf6000 	C:\WINDOWS\system32\USER32.dll
0x00007ffad92a0000 - 0x00007ffad9426000 	C:\WINDOWS\system32\GDI32.dll
0x00007ffacf3a0000 - 0x00007ffacf614000 	C:\WINDOWS\WinSxS\amd64_microsoft.windows.common-controls_6595b64144ccf1df_6.0.10586.672_none_a2d6b3cea53ff843\COMCTL32.dll
0x00007ffad9520000 - 0x00007ffad979d000 	C:\WINDOWS\system32\combase.dll
0x00007ffad63d0000 - 0x00007ffad643a000 	C:\WINDOWS\system32\bcryptPrimitives.dll
0x00007ffad94e0000 - 0x00007ffad951b000 	C:\WINDOWS\system32\IMM32.DLL
0x0000000064c50000 - 0x0000000064d22000 	C:\Program Files\Android\Android Studio\jre\jre\bin\msvcr100.dll
0x0000000065e20000 - 0x0000000066654000 	C:\Program Files\Android\Android Studio\jre\jre\bin\server\jvm.dll
0x00007ffad90b0000 - 0x00007ffad90b8000 	C:\WINDOWS\system32\PSAPI.DLL
0x00007ffad2d40000 - 0x00007ffad2d49000 	C:\WINDOWS\SYSTEM32\WSOCK32.dll
0x00007ffad34f0000 - 0x00007ffad3513000 	C:\WINDOWS\SYSTEM32\WINMM.dll
0x00007ffad9040000 - 0x00007ffad90ab000 	C:\WINDOWS\system32\WS2_32.dll
0x00007ffacd380000 - 0x00007ffacd38a000 	C:\WINDOWS\SYSTEM32\VERSION.dll
0x00007ffad3490000 - 0x00007ffad34bc000 	C:\WINDOWS\SYSTEM32\WINMMBASE.dll
0x00007ffad6440000 - 0x00007ffad6483000 	C:\WINDOWS\system32\cfgmgr32.dll
0x00007ffacf080000 - 0x00007ffacf08f000 	C:\Program Files\Android\Android Studio\jre\jre\bin\verify.dll
0x00007ffaca960000 - 0x00007ffaca989000 	C:\Program Files\Android\Android Studio\jre\jre\bin\java.dll
0x00007ffacefe0000 - 0x00007ffaceff6000 	C:\Program Files\Android\Android Studio\jre\jre\bin\zip.dll
0x00007ffad74f0000 - 0x00007ffad8a4c000 	C:\WINDOWS\system32\SHELL32.dll
0x00007ffad67d0000 - 0x00007ffad6e15000 	C:\WINDOWS\system32\windows.storage.dll
0x00007ffad91d0000 - 0x00007ffad9222000 	C:\WINDOWS\system32\shlwapi.dll
0x00007ffad6140000 - 0x00007ffad614f000 	C:\WINDOWS\system32\kernel.appcore.dll
0x00007ffad6710000 - 0x00007ffad67c5000 	C:\WINDOWS\system32\shcore.dll
0x00007ffad60f0000 - 0x00007ffad613b000 	C:\WINDOWS\system32\powrprof.dll
0x00007ffad60d0000 - 0x00007ffad60e4000 	C:\WINDOWS\system32\profapi.dll

VM Arguments:
jvm_args: -Djava.awt.headless=true -Xmx1024M -Dfile.encoding=windows-1252 -Duser.country=GB -Duser.language=en -Duser.variant 
java_command: com.android.dx.command.Main --dex --force-jumbo --num-threads=4 --multi-dex --output C:\Users\Thomas\AndroidStudioProjects\MrWhemps\app\build\intermediates\transforms\dex\debug\folders\1000\10\com.google.android.gms-play-services-location-9.4.0_e06f6cf79435e584e60ac726e920d264c85b4c97 C:\Users\Thomas\AndroidStudioProjects\MrWhemps\app\build\intermediates\exploded-aar\com.google.android.gms\play-services-location\9.4.0\jars\classes.jar
java_class_path (initial): C:\Users\Thomas\AppData\Local\Android\sdk\build-tools\23.0.2\lib\dx.jar
Launcher Type: SUN_STANDARD

Environment Variables:
PATH=C:\Program Files (x86)\Intel\iCLS Client\;C:\Program Files\Intel\iCLS Client\;C:\Windows\system32;C:\Windows;C:\Windows\System32\Wbem;C:\Windows\System32\WindowsPowerShell\v1.0\;C:\Program Files (x86)\Intel\OpenCL SDK\2.0\bin\x86;C:\Program Files (x86)\Intel\OpenCL SDK\2.0\bin\x64;C:\Program Files\Intel\Intel(R) Management Engine Components\DAL;C:\Program Files\Intel\Intel(R) Management Engine Components\IPT;C:\Program Files (x86)\Intel\Intel(R) Management Engine Components\DAL;C:\Program Files (x86)\Intel\Intel(R) Management Engine Components\IPT;C:\Program Files (x86)\Windows Live\Shared;C:\Users\Thomas\AppData\Local\Smartbar\Application\;C:\WINDOWS\system32;C:\WINDOWS;C:\WINDOWS\System32\Wbem;C:\WINDOWS\System32\WindowsPowerShell\v1.0\;D:\Programs\bin;C:\Program Files\Microsoft SQL Server\110\Tools\Binn\;C:\Program Files\Microsoft SQL Server\120\Tools\Binn\;C:\Program Files\MiKTeX 2.9\miktex\bin\;C:\Program Files\MiKTeX 2.9\gs\gs8.71\bin\;C:\Program Files\Git\cmd;C:\Program Files (x86)\Skype\Phone\;C:\Program Files\Microsoft SQL Server\130\Tools\Binn\;C:\Program Files (x86)\Windows Kits\10\Windows Performance Toolkit\;C:\Program Files
USERNAME=Thomas
OS=Windows_NT
PROCESSOR_IDENTIFIER=Intel64 Family 6 Model 42 Stepping 7, GenuineIntel



---------------  S Y S T E M  ---------------

OS: Windows 10.0 , 64 bit Build 10586 (10.0.10586.589)

CPU:total 4 (2 cores per cpu, 2 threads per core) family 6 model 42 stepping 7, cmov, cx8, fxsr, mmx, sse, sse2, sse3, ssse3, sse4.1, sse4.2, popcnt, avx, clmul, ht, tsc, tscinvbit

Memory: 4k page, physical 4075172k(551960k free), swap 6565540k(1784k free)

vm_info: OpenJDK 64-Bit Server VM (25.76-b03) for windows-amd64 JRE (1.8.0_76-release-b03), built on Jun 29 2016 19:09:20 by "ralucas" with MS VC++ 10.0 (VS2010)

time: Sun Jan 15 17:37:11 2017
elapsed time: 1 seconds (0d 0h 0m 1s)

