#
# There is insufficient memory for the Java Runtime Environment to continue.
# Native memory allocation (malloc) failed to allocate 1023056 bytes for Chunk::new
# Possible reasons:
#   The system is out of physical RAM or swap space
#   In 32 bit mode, the process size limit was hit
# Possible solutions:
#   Reduce memory load on the system
#   Increase physical memory or swap space
#   Check if swap backing store is full
#   Use 64 bit Java on a 64 bit OS
#   Decrease Java heap size (-Xmx/-Xms)
#   Decrease number of Java threads
#   Decrease Java thread stack sizes (-Xss)
#   Set larger code cache with -XX:ReservedCodeCacheSize=
# This output file may be truncated or incomplete.
#
#  Out of Memory Error (allocation.cpp:390), pid=5360, tid=0x0000000000001f50
#
# JRE version: OpenJDK Runtime Environment (8.0_112-b06) (build 1.8.0_112-release-b06)
# Java VM: OpenJDK 64-Bit Server VM (25.112-b06 mixed mode windows-amd64 compressed oops)
# Failed to write core dump. Minidumps are not enabled by default on client versions of Windows
#

---------------  T H R E A D  ---------------

Current thread (0x000000001bdbd000):  JavaThread "C2 CompilerThread0" daemon [_thread_in_native, id=8016, stack(0x000000001d410000,0x000000001d510000)]

Stack: [0x000000001d410000,0x000000001d510000]
[error occurred during error reporting (printing stack bounds), id 0xc0000005]

Native frames: (J=compiled Java code, j=interpreted, Vv=VM code, C=native code)


Current CompileTask:
C2:  41087 2633   !   4       com.android.dx.cf.code.BytecodeArray::parseInstruction (2764 bytes)


---------------  P R O C E S S  ---------------

Java Threads: ( => current thread )
  0x000000001e073800 JavaThread "pool-2-thread-4" [_thread_blocked, id=9928, stack(0x000000001e910000,0x000000001ea10000)]
  0x000000001e073000 JavaThread "pool-2-thread-3" [_thread_blocked, id=8676, stack(0x000000001e810000,0x000000001e910000)]
  0x000000001da8b800 JavaThread "pool-2-thread-2" [_thread_blocked, id=224, stack(0x000000001e710000,0x000000001e810000)]
  0x000000001da23000 JavaThread "pool-3-thread-1" [_thread_blocked, id=8996, stack(0x000000001e610000,0x000000001e710000)]
  0x000000001da48800 JavaThread "pool-2-thread-1" [_thread_blocked, id=8120, stack(0x000000001e510000,0x000000001e610000)]
  0x000000001d738800 JavaThread "Service Thread" daemon [_thread_blocked, id=8956, stack(0x000000001db10000,0x000000001dc10000)]
  0x000000001bdc3800 JavaThread "C1 CompilerThread2" daemon [_thread_blocked, id=9732, stack(0x000000001d610000,0x000000001d710000)]
  0x000000001bdc0000 JavaThread "C2 CompilerThread1" daemon [_thread_in_native, id=9540, stack(0x000000001d510000,0x000000001d610000)]
=>0x000000001bdbd000 JavaThread "C2 CompilerThread0" daemon [_thread_in_native, id=8016, stack(0x000000001d410000,0x000000001d510000)]
  0x000000001bdbc000 JavaThread "Attach Listener" daemon [_thread_blocked, id=4328, stack(0x000000001d310000,0x000000001d410000)]
  0x000000001bdb8800 JavaThread "Signal Dispatcher" daemon [_thread_blocked, id=4608, stack(0x000000001d210000,0x000000001d310000)]
  0x000000001bda8800 JavaThread "Finalizer" daemon [_thread_blocked, id=4960, stack(0x000000001d030000,0x000000001d130000)]
  0x000000001bd86800 JavaThread "Reference Handler" daemon [_thread_blocked, id=9056, stack(0x000000001cf30000,0x000000001d030000)]
  0x0000000000c8d800 JavaThread "main" [_thread_blocked, id=8252, stack(0x00000000024f0000,0x00000000025f0000)]

Other Threads:
  0x000000001bd85000 VMThread [stack: 0x000000001ce30000,0x000000001cf30000] [id=9488]
  0x000000001d73d000 WatcherThread [stack: 0x000000001dc10000,0x000000001dd10000] [id=5268]

VM state:at safepoint (normal execution)

VM Mutex/Monitor currently owned by a thread:  ([mutex/lock_event])
[0x0000000000c8c300] Threads_lock - owner thread: 0x000000001bd85000
[0x0000000000c8cc00] Heap_lock - owner thread: 0x000000001da8b800

Heap:
 PSYoungGen      total 341504K, used 278528K [0x000000076ab00000, 0x0000000785980000, 0x00000007c0000000)
  eden space 278528K, 100% used [0x000000076ab00000,0x000000077bb00000,0x000000077bb00000)
  from space 62976K, 0% used [0x0000000781c00000,0x0000000781c00000,0x0000000785980000)
  to   space 59392K, 0% used [0x000000077bb00000,0x000000077bb00000,0x000000077f500000)
 ParOldGen       total 267776K, used 267731K [0x00000006c0000000, 0x00000006d0580000, 0x000000076ab00000)
  object space 267776K, 99% used [0x00000006c0000000,0x00000006d0574c30,0x00000006d0580000)
 Metaspace       used 6444K, capacity 7280K, committed 7552K, reserved 1056768K
  class space    used 586K, capacity 616K, committed 640K, reserved 1048576K

Card table byte_map: [0x0000000011ab0000,0x00000000122c0000] byte_map_base: 0x000000000e4b0000

Marking Bits: (ParMarkBitMap*) 0x00000000560218f0
 Begin Bits: [0x0000000012c20000, 0x0000000016c20000)
 End Bits:   [0x0000000016c20000, 0x000000001ac20000)

Polling page: 0x0000000000cc0000

CodeCache: size=245760Kb used=10023Kb max_used=12509Kb free=235736Kb
 bounds [0x00000000026f0000, 0x0000000003350000, 0x00000000116f0000]
 total_blobs=2372 nmethods=2109 adapters=176
 compilation: enabled

Compilation events (10 events):
Event: 40.287 Thread 0x000000001bdc0000 nmethod 2642 0x0000000002c48d10 code [0x0000000002c48ee0, 0x0000000002c49b08]
Event: 40.288 Thread 0x000000001bdc0000 2644   !   4       com.android.dx.cf.code.Ropper::doit (126 bytes)
Event: 40.306 Thread 0x000000001bdc3800 2645       2       com.android.dx.ssa.Dominators$DfsWalker::<init> (6 bytes)
Event: 40.306 Thread 0x000000001bdc3800 nmethod 2645 0x0000000002928d90 code [0x0000000002928ee0, 0x0000000002929050]
Event: 40.307 Thread 0x000000001bdc3800 2646       2       com.android.dx.ssa.Dominators$DfsWalker::<init> (15 bytes)
Event: 40.307 Thread 0x000000001bdc3800 nmethod 2646 0x000000000294ab50 code [0x000000000294aca0, 0x000000000294ae10]
Event: 40.424 Thread 0x000000001bdc3800 2649       2       com.android.dx.ssa.back.RegisterAllocator::insertMoveBefore (240 bytes)
Event: 40.427 Thread 0x000000001bdc3800 nmethod 2649 0x0000000002d80690 code [0x0000000002d809c0, 0x0000000002d819e8]
Event: 40.594 Thread 0x000000001bdc0000 nmethod 2644 0x0000000002a50290 code [0x0000000002a507a0, 0x0000000002a54a20]
Event: 40.594 Thread 0x000000001bdc0000 2647   !   4       com.android.dx.cf.code.Ropper::processBlock (1101 bytes)

GC Heap History (10 events):
Event: 29.608 GC heap before
{Heap before GC invocations=21 (full 4):
 PSYoungGen      total 341504K, used 341484K [0x000000076ab00000, 0x0000000785980000, 0x00000007c0000000)
  eden space 278528K, 100% used [0x000000076ab00000,0x000000077bb00000,0x000000077bb00000)
  from space 62976K, 99% used [0x0000000781c00000,0x000000078597b120,0x0000000785980000)
  to   space 59392K, 99% used [0x000000077bb00000,0x000000077f4fcb60,0x000000077f500000)
 ParOldGen       total 267776K, used 267774K [0x00000006c0000000, 0x00000006d0580000, 0x000000076ab00000)
  object space 267776K, 99% used [0x00000006c0000000,0x00000006d057fa30,0x00000006d0580000)
 Metaspace       used 6435K, capacity 7280K, committed 7552K, reserved 1056768K
  class space    used 585K, capacity 616K, committed 640K, reserved 1048576K
Event: 32.290 GC heap after
Heap after GC invocations=21 (full 4):
 PSYoungGen      total 341504K, used 0K [0x000000076ab00000, 0x0000000785980000, 0x00000007c0000000)
  eden space 278528K, 0% used [0x000000076ab00000,0x000000076ab00000,0x000000077bb00000)
  from space 62976K, 0% used [0x0000000781c00000,0x0000000781c00000,0x0000000785980000)
  to   space 59392K, 94% used [0x000000077bb00000,0x000000077f1bc9c8,0x000000077f500000)
 ParOldGen       total 267776K, used 267428K [0x00000006c0000000, 0x00000006d0580000, 0x000000076ab00000)
  object space 267776K, 99% used [0x00000006c0000000,0x00000006d0529140,0x00000006d0580000)
 Metaspace       used 6435K, capacity 7280K, committed 7552K, reserved 1056768K
  class space    used 585K, capacity 616K, committed 640K, reserved 1048576K
}
Event: 32.324 GC heap before
{Heap before GC invocations=22 (full 5):
 PSYoungGen      total 341504K, used 35076K [0x000000076ab00000, 0x0000000785980000, 0x00000007c0000000)
  eden space 278528K, 12% used [0x000000076ab00000,0x000000076cd410f0,0x000000077bb00000)
  from space 62976K, 0% used [0x0000000781c00000,0x0000000781c00000,0x0000000785980000)
  to   space 59392K, 94% used [0x000000077bb00000,0x000000077f1bc9c8,0x000000077f500000)
 ParOldGen       total 267776K, used 267428K [0x00000006c0000000, 0x00000006d0580000, 0x000000076ab00000)
  object space 267776K, 99% used [0x00000006c0000000,0x00000006d0529140,0x00000006d0580000)
 Metaspace       used 6435K, capacity 7280K, committed 7552K, reserved 1056768K
  class space    used 585K, capacity 616K, committed 640K, reserved 1048576K
Event: 33.080 GC heap after
Heap after GC invocations=22 (full 5):
 PSYoungGen      total 341504K, used 74154K [0x000000076ab00000, 0x0000000785980000, 0x00000007c0000000)
  eden space 278528K, 26% used [0x000000076ab00000,0x000000076f36aaa0,0x000000077bb00000)
  from space 62976K, 0% used [0x0000000781c00000,0x0000000781c00000,0x0000000785980000)
  to   space 59392K, 0% used [0x000000077bb00000,0x000000077bb00000,0x000000077f500000)
 ParOldGen       total 267776K, used 267696K [0x00000006c0000000, 0x00000006d0580000, 0x000000076ab00000)
  object space 267776K, 99% used [0x00000006c0000000,0x00000006d056c0e8,0x00000006d0580000)
 Metaspace       used 6435K, capacity 7280K, committed 7552K, reserved 1056768K
  class space    used 585K, capacity 616K, committed 640K, reserved 1048576K
}
Event: 33.857 GC heap before
{Heap before GC invocations=23 (full 6):
 PSYoungGen      total 341504K, used 278528K [0x000000076ab00000, 0x0000000785980000, 0x00000007c0000000)
  eden space 278528K, 100% used [0x000000076ab00000,0x000000077bb00000,0x000000077bb00000)
  from space 62976K, 0% used [0x0000000781c00000,0x0000000781c00000,0x0000000785980000)
  to   space 59392K, 0% used [0x000000077bb00000,0x000000077bb00000,0x000000077f500000)
 ParOldGen       total 267776K, used 267696K [0x00000006c0000000, 0x00000006d0580000, 0x000000076ab00000)
  object space 267776K, 99% used [0x00000006c0000000,0x00000006d056c0e8,0x00000006d0580000)
 Metaspace       used 6444K, capacity 7280K, committed 7552K, reserved 1056768K
  class space    used 586K, capacity 616K, committed 640K, reserved 1048576K
Event: 35.585 GC heap after
Heap after GC invocations=23 (full 6):
 PSYoungGen      total 341504K, used 151626K [0x000000076ab00000, 0x0000000785980000, 0x00000007c0000000)
  eden space 278528K, 54% used [0x000000076ab00000,0x0000000773f12ba0,0x000000077bb00000)
  from space 62976K, 0% used [0x0000000781c00000,0x0000000781c00000,0x0000000785980000)
  to   space 59392K, 0% used [0x000000077bb00000,0x000000077bb00000,0x000000077f500000)
 ParOldGen       total 267776K, used 267643K [0x00000006c0000000, 0x00000006d0580000, 0x000000076ab00000)
  object space 267776K, 99% used [0x00000006c0000000,0x00000006d055edc8,0x00000006d0580000)
 Metaspace       used 6444K, capacity 7280K, committed 7552K, reserved 1056768K
  class space    used 586K, capacity 616K, committed 640K, reserved 1048576K
}
Event: 35.952 GC heap before
{Heap before GC invocations=24 (full 7):
 PSYoungGen      total 341504K, used 278528K [0x000000076ab00000, 0x0000000785980000, 0x00000007c0000000)
  eden space 278528K, 100% used [0x000000076ab00000,0x000000077bb00000,0x000000077bb00000)
  from space 62976K, 0% used [0x0000000781c00000,0x0000000781c00000,0x0000000785980000)
  to   space 59392K, 0% used [0x000000077bb00000,0x000000077bb00000,0x000000077f500000)
 ParOldGen       total 267776K, used 267643K [0x00000006c0000000, 0x00000006d0580000, 0x000000076ab00000)
  object space 267776K, 99% used [0x00000006c0000000,0x00000006d055edc8,0x00000006d0580000)
 Metaspace       used 6444K, capacity 7280K, committed 7552K, reserved 1056768K
  class space    used 586K, capacity 616K, committed 640K, reserved 1048576K
Event: 37.402 GC heap after
Heap after GC invocations=24 (full 7):
 PSYoungGen      total 341504K, used 155308K [0x000000076ab00000, 0x0000000785980000, 0x00000007c0000000)
  eden space 278528K, 55% used [0x000000076ab00000,0x00000007742ab190,0x000000077bb00000)
  from space 62976K, 0% used [0x0000000781c00000,0x0000000781c00000,0x0000000785980000)
  to   space 59392K, 0% used [0x000000077bb00000,0x000000077bb00000,0x000000077f500000)
 ParOldGen       total 267776K, used 267624K [0x00000006c0000000, 0x00000006d0580000, 0x000000076ab00000)
  object space 267776K, 99% used [0x00000006c0000000,0x00000006d055a1a8,0x00000006d0580000)
 Metaspace       used 6444K, capacity 7280K, committed 7552K, reserved 1056768K
  class space    used 586K, capacity 616K, committed 640K, reserved 1048576K
}
Event: 38.037 GC heap before
{Heap before GC invocations=25 (full 8):
 PSYoungGen      total 341504K, used 278528K [0x000000076ab00000, 0x0000000785980000, 0x00000007c0000000)
  eden space 278528K, 100% used [0x000000076ab00000,0x000000077bb00000,0x000000077bb00000)
  from space 62976K, 0% used [0x0000000781c00000,0x0000000781c00000,0x0000000785980000)
  to   space 59392K, 0% used [0x000000077bb00000,0x000000077bb00000,0x000000077f500000)
 ParOldGen       total 267776K, used 267624K [0x00000006c0000000, 0x00000006d0580000, 0x000000076ab00000)
  object space 267776K, 99% used [0x00000006c0000000,0x00000006d055a1a8,0x00000006d0580000)
 Metaspace       used 6444K, capacity 7280K, committed 7552K, reserved 1056768K
  class space    used 586K, capacity 616K, committed 640K, reserved 1048576K
Event: 39.672 GC heap after
Heap after GC invocations=25 (full 8):
 PSYoungGen      total 341504K, used 105875K [0x000000076ab00000, 0x0000000785980000, 0x00000007c0000000)
  eden space 278528K, 38% used [0x000000076ab00000,0x0000000771264d48,0x000000077bb00000)
  from space 62976K, 0% used [0x0000000781c00000,0x0000000781c00000,0x0000000785980000)
  to   space 59392K, 0% used [0x000000077bb00000,0x000000077bb00000,0x000000077f500000)
 ParOldGen       total 267776K, used 267731K [0x00000006c0000000, 0x00000006d0580000, 0x000000076ab00000)
  object space 267776K, 99% used [0x00000006c0000000,0x00000006d0574c30,0x00000006d0580000)
 Metaspace       used 6444K, capacity 7280K, committed 7552K, reserved 1056768K
  class space    used 586K, capacity 616K, committed 640K, reserved 1048576K
}

Deoptimization events (10 events):
Event: 35.699 Thread 0x000000001da8b800 Uncommon trap: reason=class_check action=maybe_recompile pc=0x00000000031c3bb4 method=com.android.dx.ssa.back.InterferenceGraph.mergeInterferenceSet(ILcom/android/dx/util/IntSet;)V @ 20
Event: 35.705 Thread 0x000000001da8b800 Uncommon trap: reason=class_check action=maybe_recompile pc=0x000000000316ca84 method=com.android.dx.ssa.back.InterferenceGraph.mergeInterferenceSet(ILcom/android/dx/util/IntSet;)V @ 20
Event: 35.705 Thread 0x000000001da8b800 Uncommon trap: reason=class_check action=maybe_recompile pc=0x00000000031c3bb4 method=com.android.dx.ssa.back.InterferenceGraph.mergeInterferenceSet(ILcom/android/dx/util/IntSet;)V @ 20
Event: 37.556 Thread 0x000000001da48800 Uncommon trap: reason=class_check action=maybe_recompile pc=0x00000000032f617c method=com.android.dx.ssa.back.InterferenceGraph.add(II)V @ 19
Event: 37.556 Thread 0x000000001da48800 Uncommon trap: reason=class_check action=maybe_recompile pc=0x00000000032f617c method=com.android.dx.ssa.back.InterferenceGraph.add(II)V @ 19
Event: 37.556 Thread 0x000000001da48800 Uncommon trap: reason=class_check action=maybe_recompile pc=0x00000000032f617c method=com.android.dx.ssa.back.InterferenceGraph.add(II)V @ 19
Event: 37.556 Thread 0x000000001da48800 Uncommon trap: reason=class_check action=maybe_recompile pc=0x00000000032f617c method=com.android.dx.ssa.back.InterferenceGraph.add(II)V @ 19
Event: 40.033 Thread 0x0000000000c8d800 Uncommon trap: reason=class_check action=maybe_recompile pc=0x0000000003149e68 method=com.android.dx.cf.code.BytecodeArray.parseInstruction(ILcom/android/dx/cf/code/BytecodeArray$Visitor;)I @ 2017
Event: 40.033 Thread 0x0000000000c8d800 Uncommon trap: reason=class_check action=maybe_recompile pc=0x0000000003149e68 method=com.android.dx.cf.code.BytecodeArray.parseInstruction(ILcom/android/dx/cf/code/BytecodeArray$Visitor;)I @ 2017
Event: 40.406 Thread 0x0000000000c8d800 Uncommon trap: reason=class_check action=maybe_recompile pc=0x0000000003256f24 method=com.android.dx.cf.code.Ropper.processBlock(Lcom/android/dx/cf/code/ByteBlock;Lcom/android/dx/cf/code/Frame;[I)V @ 711

Internal exceptions (10 events):
Event: 0.118 Thread 0x0000000000c8d800 Exception <a 'java/lang/NoSuchMethodError': Method sun.misc.Unsafe.prefetchRead(Ljava/lang/Object;J)V name or signature does not match> (0x000000076ab07f60) thrown at [C:\src\android\AOSP-openjdk\external\jetbrains\jdk\hotspot\src\share\vm\prims\jni.cpp, l£WÈ Š @
Event: 8.270 Thread 0x000000001e073000 Implicit null exception at 0x0000000002a4fa22 to 0x0000000002a4fb29
Event: 8.812 Thread 0x000000001da8b800 Implicit null exception at 0x0000000002b95a5c to 0x0000000002b98125
Event: 8.944 Thread 0x0000000000c8d800 Implicit null exception at 0x0000000002b60c78 to 0x0000000002b634ed
Event: 9.066 Thread 0x000000001da8b800 Implicit null exception at 0x0000000002c74ee3 to 0x0000000002c75059
Event: 9.386 Thread 0x000000001da48800 Exception <a 'java/lang/ArrayIndexOutOfBoundsException': 18> (0x000000076c48bc58) thrown at [C:\src\android\AOSP-openjdk\external\jetbrains\jdk\hotspot\src\share\vm\interpreter\interpreterRuntime.cpp, line 366]
Event: 9.387 Thread 0x000000001da48800 Exception <a 'java/lang/ArrayIndexOutOfBoundsException': 145> (0x000000076c48d7d8) thrown at [C:\src\android\AOSP-openjdk\external\jetbrains\jdk\hotspot\src\share\vm\interpreter\interpreterRuntime.cpp, line 366]
Event: 9.452 Thread 0x000000001da48800 Exception <a 'java/lang/ArrayIndexOutOfBoundsException'> (0x000000076c48eac0) thrown at [C:\src\android\AOSP-openjdk\external\jetbrains\jdk\hotspot\src\share\vm\runtime\sharedRuntime.cpp, line 605]
Event: 14.287 Thread 0x000000001e073800 Implicit null exception at 0x0000000003005840 to 0x000000000300a20d
Event: 26.201 Thread 0x000000001da48800 Implicit null exception at 0x0000000002c5aadd to 0x0000000002c5bc99

Events (10 events):
Event: 40.033 Thread 0x0000000000c8d800 Uncommon trap: trap_request=0xffffffde fr.pc=0x0000000003149e68
Event: 40.033 Thread 0x0000000000c8d800 DEOPT PACKING pc=0x0000000003149e68 sp=0x00000000025edf60
Event: 40.033 Thread 0x0000000000c8d800 DEOPT UNPACKING pc=0x000000000273556a sp=0x00000000025edf18 mode 2
Event: 40.406 Thread 0x0000000000c8d800 Uncommon trap: trap_request=0xffffffde fr.pc=0x0000000003256f24
Event: 40.406 Thread 0x0000000000c8d800 DEOPT PACKING pc=0x0000000003256f24 sp=0x00000000025ee080
Event: 40.406 Thread 0x0000000000c8d800 DEOPT UNPACKING pc=0x000000000273556a sp=0x00000000025ee070 mode 2
Event: 40.424 Thread 0x0000000000c8d800 DEOPT PACKING pc=0x0000000003321e25 sp=0x00000000025edf20
Event: 40.424 Thread 0x0000000000c8d800 DEOPT UNPACKING pc=0x00000000027375bf sp=0x00000000025edd50 mode 0
Event: 40.709 Thread 0x0000000000c8d800 DEOPT PACKING pc=0x0000000003321e25 sp=0x00000000025edfd0
Event: 40.709 Thread 0x0000000000c8d800 DEOPT UNPACKING pc=0x00000000027375bf sp=0x00000000025ede00 mode 0


Dynamic libraries:
0x00007ff6f9e60000 - 0x00007ff6f9e91000 	C:\Program Files\Android\Android Studio\jre\bin\java.exe
0x00007ffb52ea0000 - 0x00007ffb53061000 	C:\WINDOWS\SYSTEM32\ntdll.dll
0x00007ffb528f0000 - 0x00007ffb5299d000 	C:\WINDOWS\system32\KERNEL32.DLL
0x00007ffb4fed0000 - 0x00007ffb500b8000 	C:\WINDOWS\system32\KERNELBASE.dll
0x00007ffb52c60000 - 0x00007ffb52d07000 	C:\WINDOWS\system32\ADVAPI32.dll
0x00007ffb51a20000 - 0x00007ffb51abd000 	C:\WINDOWS\system32\msvcrt.dll
0x00007ffb502a0000 - 0x00007ffb502fb000 	C:\WINDOWS\system32\sechost.dll
0x00007ffb51f90000 - 0x00007ffb520ac000 	C:\WINDOWS\system32\RPCRT4.dll
0x00007ffb52790000 - 0x00007ffb528e6000 	C:\WINDOWS\system32\USER32.dll
0x00007ffb52ad0000 - 0x00007ffb52c57000 	C:\WINDOWS\system32\GDI32.dll
0x00007ffb49b90000 - 0x00007ffb49e04000 	C:\WINDOWS\WinSxS\amd64_microsoft.windows.common-controls_6595b64144ccf1df_6.0.10586.839_none_a2ddba30a539a2ae\COMCTL32.dll
0x00007ffb51ac0000 - 0x00007ffb51d3e000 	C:\WINDOWS\system32\combase.dll
0x00007ffb4fe60000 - 0x00007ffb4feca000 	C:\WINDOWS\system32\bcryptPrimitives.dll
0x00007ffb51f50000 - 0x00007ffb51f8b000 	C:\WINDOWS\system32\IMM32.DLL
0x0000000056930000 - 0x0000000056a02000 	C:\Program Files\Android\Android Studio\jre\jre\bin\msvcr100.dll
0x0000000055860000 - 0x000000005609c000 	C:\Program Files\Android\Android Studio\jre\jre\bin\server\jvm.dll
0x00007ffb52e90000 - 0x00007ffb52e98000 	C:\WINDOWS\system32\PSAPI.DLL
0x00007ffb4db90000 - 0x00007ffb4dbb3000 	C:\WINDOWS\SYSTEM32\WINMM.dll
0x00007ffb4ac60000 - 0x00007ffb4ac6a000 	C:\WINDOWS\SYSTEM32\VERSION.dll
0x00007ffb43cb0000 - 0x00007ffb43cb9000 	C:\WINDOWS\SYSTEM32\WSOCK32.dll
0x00007ffb520b0000 - 0x00007ffb5211b000 	C:\WINDOWS\system32\WS2_32.dll
0x0000000000c90000 - 0x0000000000cbc000 	C:\WINDOWS\SYSTEM32\WINMMBASE.dll
0x00007ffb50250000 - 0x00007ffb50293000 	C:\WINDOWS\system32\cfgmgr32.dll
0x00007ffb4cd30000 - 0x00007ffb4cd3f000 	C:\Program Files\Android\Android Studio\jre\jre\bin\verify.dll
0x00007ffb423e0000 - 0x00007ffb42409000 	C:\Program Files\Android\Android Studio\jre\jre\bin\java.dll
0x00007ffb462f0000 - 0x00007ffb46306000 	C:\Program Files\Android\Android Studio\jre\jre\bin\zip.dll
0x00007ffb50370000 - 0x00007ffb518cc000 	C:\WINDOWS\system32\SHELL32.dll
0x00007ffb4f810000 - 0x00007ffb4fe54000 	C:\WINDOWS\system32\windows.storage.dll
0x00007ffb526b0000 - 0x00007ffb52702000 	C:\WINDOWS\system32\shlwapi.dll
0x00007ffb4f4e0000 - 0x00007ffb4f4ef000 	C:\WINDOWS\system32\kernel.appcore.dll
0x00007ffb500c0000 - 0x00007ffb50175000 	C:\WINDOWS\system32\shcore.dll
0x00007ffb4f4f0000 - 0x00007ffb4f53b000 	C:\WINDOWS\system32\powrprof.dll
0x00007ffb4f4c0000 - 0x00007ffb4f4d4000 	C:\WINDOWS\system32\profapi.dll

VM Arguments:
jvm_args: -Djava.awt.headless=true -Xmx4g -Dfile.encoding=windows-1252 -Duser.country=GB -Duser.language=en -Duser.variant 
java_command: com.android.dx.command.Main --dex --num-threads=4 --multi-dex --main-dex-list C:\Users\Thomas\AndroidStudioProjects\MrWhemps\app\build\intermediates\multi-dex\release\maindexlist.txt --output C:\Users\Thomas\AndroidStudioProjects\MrWhemps\app\build\intermediates\transforms\dex\release\folders\1000\1f\main C:\Users\Thomas\AndroidStudioProjects\MrWhemps\app\build\intermediates\transforms\jarMerging\release\jars\1\1f\combined.jar
java_class_path (initial): C:\Users\Thomas\AppData\Local\Android\sdk\build-tools\25.0.0\lib\dx.jar
Launcher Type: SUN_STANDARD

Environment Variables:
PATH=C:\Program Files (x86)\Intel\iCLS Client\;C:\Program Files\Intel\iCLS Client\;C:\Windows\system32;C:\Windows;C:\Windows\System32\Wbem;C:\Windows\System32\WindowsPowerShell\v1.0\;C:\Program Files (x86)\Intel\OpenCL SDK\2.0\bin\x86;C:\Program Files (x86)\Intel\OpenCL SDK\2.0\bin\x64;C:\Program Files\Intel\Intel(R) Management Engine Components\DAL;C:\Program Files\Intel\Intel(R) Management Engine Components\IPT;C:\Program Files (x86)\Intel\Intel(R) Management Engine Components\DAL;C:\Program Files (x86)\Intel\Intel(R) Management Engine Components\IPT;C:\Program Files (x86)\Windows Live\Shared;C:\Users\Thomas\AppData\Local\Smartbar\Application\;C:\WINDOWS\system32;C:\WINDOWS;C:\WINDOWS\System32\Wbem;C:\WINDOWS\System32\WindowsPowerShell\v1.0\;C:\Program Files\Microsoft SQL Server\110\Tools\Binn\;C:\Program Files\Microsoft SQL Server\120\Tools\Binn\;C:\Program Files\MiKTeX 2.9\miktex\bin\;C:\Program Files\MiKTeX 2.9\gs\gs8.71\bin\;C:\Program Files\Git\cmd;C:\Program Files (x86)\Skype\Phone\;C:\Program Files\Microsoft SQL Server\130\Tools\Binn\;C:\Program Files (x86)\Windows Kits\10\Windows Performance Toolkit\;C:\Program Files
USERNAME=Thomas
OS=Windows_NT
PROCESSOR_IDENTIFIER=Intel64 Family 6 Model 42 Stepping 7, GenuineIntel



---------------  S Y S T E M  ---------------

OS: Windows 10.0 , 64 bit Build 10586 (10.0.10586.589)

CPU:total 4 (2 cores per cpu, 2 threads per core) family 6 model 42 stepping 7, cmov, cx8, fxsr, mmx, sse, sse2, sse3, ssse3, sse4.1, sse4.2, popcnt, avx, clmul, ht, tsc, tscinvbit

Memory: 4k page, physical 4075196k(267508k free), swap 6565564k(4840k free)

vm_info: OpenJDK 64-Bit Server VM (25.112-b06) for windows-amd64 JRE (1.8.0_112-release-b06), built on Dec  8 2016 00:54:26 by "builder" with MS VC++ 10.0 (VS2010)

time: Wed Sep 06 21:47:56 2017
elapsed time: 41 seconds (0d 0h 0m 41s)

