#
# There is insufficient memory for the Java Runtime Environment to continue.
# Native memory allocation (malloc) failed to allocate 32744 bytes for ChunkPool::allocate
# Possible reasons:
#   The system is out of physical RAM or swap space
#   In 32 bit mode, the process size limit was hit
# Possible solutions:
#   Reduce memory load on the system
#   Increase physical memory or swap space
#   Check if swap backing store is full
#   Use 64 bit Java on a 64 bit OS
#   Decrease Java heap size (-Xmx/-Xms)
#   Decrease number of Java threads
#   Decrease Java thread stack sizes (-Xss)
#   Set larger code cache with -XX:ReservedCodeCacheSize=
# This output file may be truncated or incomplete.
#
#  Out of Memory Error (allocation.cpp:273), pid=9128, tid=0x00000000000034b8
#
# JRE version: OpenJDK Runtime Environment (8.0_76-b03) (build 1.8.0_76-release-b03)
# Java VM: OpenJDK 64-Bit Server VM (25.76-b03 mixed mode windows-amd64 compressed oops)
# Failed to write core dump. Minidumps are not enabled by default on client versions of Windows
#

---------------  T H R E A D  ---------------

Current thread (0x0000000014c2b000):  JavaThread "C1 CompilerThread2" daemon [_thread_in_native, id=13496, stack(0x0000000016420000,0x0000000016520000)]

Stack: [0x0000000016420000,0x0000000016520000]
[error occurred during error reporting (printing stack bounds), id 0xc0000005]

Native frames: (J=compiled Java code, j=interpreted, Vv=VM code, C=native code)


Current CompileTask:
C1:   1107  434   !   3       com.android.dx.cf.code.BytecodeArray::parseInstruction (2764 bytes)


---------------  P R O C E S S  ---------------

Java Threads: ( => current thread )
  0x0000000016784000 JavaThread "pool-2-thread-4" [_thread_in_Java, id=11180, stack(0x0000000016f20000,0x0000000017020000)]
  0x0000000016783000 JavaThread "pool-2-thread-3" [_thread_in_Java, id=8580, stack(0x0000000016e20000,0x0000000016f20000)]
  0x0000000016773800 JavaThread "pool-2-thread-2" [_thread_in_Java, id=11552, stack(0x0000000016d20000,0x0000000016e20000)]
  0x00000000166b3800 JavaThread "pool-3-thread-1" [_thread_blocked, id=12132, stack(0x0000000016c20000,0x0000000016d20000)]
  0x0000000016777800 JavaThread "pool-2-thread-1" [_thread_in_Java, id=3664, stack(0x0000000016b20000,0x0000000016c20000)]
  0x000000001652b800 JavaThread "Service Thread" daemon [_thread_blocked, id=15188, stack(0x0000000016920000,0x0000000016a20000)]
=>0x0000000014c2b000 JavaThread "C1 CompilerThread2" daemon [_thread_in_native, id=13496, stack(0x0000000016420000,0x0000000016520000)]
  0x0000000014bce800 JavaThread "C2 CompilerThread1" daemon [_thread_in_vm, id=14608, stack(0x0000000016320000,0x0000000016420000)]
  0x0000000014bcb800 JavaThread "C2 CompilerThread0" daemon [_thread_in_native, id=13632, stack(0x0000000016220000,0x0000000016320000)]
  0x0000000014bca000 JavaThread "Attach Listener" daemon [_thread_blocked, id=3392, stack(0x0000000016120000,0x0000000016220000)]
  0x0000000014bc9000 JavaThread "Signal Dispatcher" daemon [_thread_blocked, id=14256, stack(0x0000000016020000,0x0000000016120000)]
  0x0000000014bb8800 JavaThread "Finalizer" daemon [_thread_blocked, id=15284, stack(0x0000000015e40000,0x0000000015f40000)]
  0x00000000024f0800 JavaThread "Reference Handler" daemon [_thread_blocked, id=14340, stack(0x0000000015d40000,0x0000000015e40000)]
  0x00000000022fd800 JavaThread "main" [_thread_blocked, id=9468, stack(0x0000000002300000,0x0000000002400000)]

Other Threads:
  0x0000000014b95000 VMThread [stack: 0x0000000015c40000,0x0000000015d40000] [id=3380]
  0x000000001652d800 WatcherThread [stack: 0x0000000016a20000,0x0000000016b20000] [id=5476]

VM state:not at safepoint (normal execution)

VM Mutex/Monitor currently owned by a thread: None

Heap:
 PSYoungGen      total 18944K, used 10498K [0x00000000eab00000, 0x00000000ec000000, 0x0000000100000000)
  eden space 16384K, 64% used [0x00000000eab00000,0x00000000eb5408c0,0x00000000ebb00000)
  from space 2560K, 0% used [0x00000000ebd80000,0x00000000ebd80000,0x00000000ec000000)
  to   space 2560K, 0% used [0x00000000ebb00000,0x00000000ebb00000,0x00000000ebd80000)
 ParOldGen       total 44032K, used 0K [0x00000000c0000000, 0x00000000c2b00000, 0x00000000eab00000)
  object space 44032K, 0% used [0x00000000c0000000,0x00000000c0000000,0x00000000c2b00000)
 Metaspace       used 5342K, capacity 6352K, committed 6528K, reserved 1056768K
  class space    used 565K, capacity 584K, committed 640K, reserved 1048576K

Card table byte_map: [0x00000000118c0000,0x0000000011ad0000] byte_map_base: 0x00000000112c0000

Marking Bits: (ParMarkBitMap*) 0x00000000665d9d00
 Begin Bits: [0x0000000012030000, 0x0000000013030000)
 End Bits:   [0x0000000013030000, 0x0000000014030000)

Polling page: 0x00000000020f0000

CodeCache: size=245760Kb used=1914Kb max_used=1925Kb free=243845Kb
 bounds [0x0000000002500000, 0x0000000002770000, 0x0000000011500000]
 total_blobs=706 nmethods=439 adapters=181
 compilation: enabled

Compilation events (10 events):
Event: 1.091 Thread 0x0000000014bce800 nmethod 445 0x00000000026e0dd0 code [0x00000000026e0f20, 0x00000000026e1038]
Event: 1.095 Thread 0x0000000014bce800  455       4       com.android.dx.rop.type.Type::getCategory (36 bytes)
Event: 1.096 Thread 0x0000000014bce800 nmethod 455 0x00000000026d9690 code [0x00000000026d97c0, 0x00000000026d9838]
Event: 1.098 Thread 0x0000000014bcb800 nmethod 447 0x00000000026defd0 code [0x00000000026df140, 0x00000000026df588]
Event: 1.099 Thread 0x0000000014bce800  457       4       com.android.dx.util.Bits::set (19 bytes)
Event: 1.099 Thread 0x0000000014bcb800  458   !   4       com.android.dx.util.FixedSizeList::get0 (47 bytes)
Event: 1.100 Thread 0x0000000014bce800 nmethod 457 0x00000000026e12d0 code [0x00000000026e1400, 0x00000000026e1498]
Event: 1.101 Thread 0x0000000014bcb800 nmethod 458 0x00000000026ded10 code [0x00000000026dee40, 0x00000000026deef8]
Event: 1.102 Thread 0x0000000014bce800  463       4       java.lang.Long::bitCount (61 bytes)
Event: 1.103 Thread 0x0000000014bce800 nmethod 463 0x00000000026dead0 code [0x00000000026dec00, 0x00000000026decb8]

GC Heap History (0 events):
No events

Deoptimization events (2 events):
Event: 0.481 Thread 0x00000000022fd800 Uncommon trap: reason=unstable_if action=reinterpret pc=0x0000000002640d54 method=java.lang.String.indexOf(II)I @ 49
Event: 1.098 Thread 0x0000000016773800 Uncommon trap: reason=unstable_if action=reinterpret pc=0x00000000026df480 method=java.util.HashMap.getNode(ILjava/lang/Object;)Ljava/util/HashMap$Node; @ 129

Internal exceptions (2 events):
Event: 0.061 Thread 0x00000000022fd800 Exception <a 'java/lang/NoSuchMethodError': Method sun.misc.Unsafe.defineClass(Ljava/lang/String;[BII)Ljava/lang/Class; name or signature does not match> (0x00000000eab07cc0) thrown at [C:\src\android\AOSP-openjdk\external\jetbrains\jdk\hotspot\src\share\vª&$2+¯?
Event: 0.062 Thread 0x00000000022fd800 Exception <a 'java/lang/NoSuchMethodError': Method sun.misc.Unsafe.prefetchRead(Ljava/lang/Object;J)V name or signature does not match> (0x00000000eab07fa8) thrown at [C:\src\android\AOSP-openjdk\external\jetbrains\jdk\hotspot\src\share\vm\prims\jni.cpp, l

Events (10 events):
Event: 1.080 loading class java/util/HashMap$ValueIterator done
Event: 1.083 loading class com/android/dx/ssa/PhiInsn$Operand
Event: 1.083 loading class com/android/dx/ssa/PhiInsn$Operand done
Event: 1.094 loading class com/android/dx/ssa/back/FirstFitLocalCombiningAllocator$Multiset
Event: 1.094 loading class com/android/dx/ssa/back/FirstFitLocalCombiningAllocator$Multiset done
Event: 1.097 loading class java/util/DualPivotQuicksort
Event: 1.097 loading class java/util/DualPivotQuicksort done
Event: 1.098 Thread 0x0000000016773800 Uncommon trap: trap_request=0xffffff65 fr.pc=0x00000000026df480
Event: 1.098 Thread 0x0000000016773800 DEOPT PACKING pc=0x00000000026df480 sp=0x0000000016e1ea10
Event: 1.098 Thread 0x0000000016773800 DEOPT UNPACKING pc=0x000000000254556a sp=0x0000000016e1e998 mode 2


Dynamic libraries:
0x00007ff7a0c80000 - 0x00007ff7a0cb1000 	C:\Program Files\Android\Android Studio\jre\bin\java.exe
0x00007ffad9aa0000 - 0x00007ffad9c61000 	C:\WINDOWS\SYSTEM32\ntdll.dll
0x00007ffad7000000 - 0x00007ffad70ad000 	C:\WINDOWS\system32\KERNEL32.DLL
0x00007ffad6520000 - 0x00007ffad6708000 	C:\WINDOWS\system32\KERNELBASE.dll
0x00007ffad9430000 - 0x00007ffad94d7000 	C:\WINDOWS\system32\ADVAPI32.dll
0x00007ffad9130000 - 0x00007ffad91cd000 	C:\WINDOWS\system32\msvcrt.dll
0x00007ffad90d0000 - 0x00007ffad912b000 	C:\WINDOWS\system32\sechost.dll
0x00007ffad98b0000 - 0x00007ffad99cc000 	C:\WINDOWS\system32\RPCRT4.dll
0x00007ffad8ba0000 - 0x00007ffad8cf6000 	C:\WINDOWS\system32\USER32.dll
0x00007ffad92a0000 - 0x00007ffad9426000 	C:\WINDOWS\system32\GDI32.dll
0x00007ffacf3a0000 - 0x00007ffacf614000 	C:\WINDOWS\WinSxS\amd64_microsoft.windows.common-controls_6595b64144ccf1df_6.0.10586.672_none_a2d6b3cea53ff843\COMCTL32.dll
0x00007ffad9520000 - 0x00007ffad979d000 	C:\WINDOWS\system32\combase.dll
0x00007ffad63d0000 - 0x00007ffad643a000 	C:\WINDOWS\system32\bcryptPrimitives.dll
0x00007ffad94e0000 - 0x00007ffad951b000 	C:\WINDOWS\system32\IMM32.DLL
0x0000000064c50000 - 0x0000000064d22000 	C:\Program Files\Android\Android Studio\jre\jre\bin\msvcr100.dll
0x0000000065e20000 - 0x0000000066654000 	C:\Program Files\Android\Android Studio\jre\jre\bin\server\jvm.dll
0x00007ffad90b0000 - 0x00007ffad90b8000 	C:\WINDOWS\system32\PSAPI.DLL
0x00007ffad2d40000 - 0x00007ffad2d49000 	C:\WINDOWS\SYSTEM32\WSOCK32.dll
0x00007ffad9040000 - 0x00007ffad90ab000 	C:\WINDOWS\system32\WS2_32.dll
0x00007ffacd380000 - 0x00007ffacd38a000 	C:\WINDOWS\SYSTEM32\VERSION.dll
0x00007ffad34f0000 - 0x00007ffad3513000 	C:\WINDOWS\SYSTEM32\WINMM.dll
0x0000000002120000 - 0x000000000214c000 	C:\WINDOWS\SYSTEM32\WINMMBASE.dll
0x00007ffad6440000 - 0x00007ffad6483000 	C:\WINDOWS\system32\cfgmgr32.dll
0x00007ffacf080000 - 0x00007ffacf08f000 	C:\Program Files\Android\Android Studio\jre\jre\bin\verify.dll
0x00007ffaca960000 - 0x00007ffaca989000 	C:\Program Files\Android\Android Studio\jre\jre\bin\java.dll
0x00007ffacefe0000 - 0x00007ffaceff6000 	C:\Program Files\Android\Android Studio\jre\jre\bin\zip.dll
0x00007ffad74f0000 - 0x00007ffad8a4c000 	C:\WINDOWS\system32\SHELL32.dll
0x00007ffad67d0000 - 0x00007ffad6e15000 	C:\WINDOWS\system32\windows.storage.dll
0x00007ffad91d0000 - 0x00007ffad9222000 	C:\WINDOWS\system32\shlwapi.dll
0x00007ffad6140000 - 0x00007ffad614f000 	C:\WINDOWS\system32\kernel.appcore.dll
0x00007ffad6710000 - 0x00007ffad67c5000 	C:\WINDOWS\system32\shcore.dll
0x00007ffad60f0000 - 0x00007ffad613b000 	C:\WINDOWS\system32\powrprof.dll
0x00007ffad60d0000 - 0x00007ffad60e4000 	C:\WINDOWS\system32\profapi.dll

VM Arguments:
jvm_args: -Djava.awt.headless=true -Xmx1024M -Dfile.encoding=windows-1252 -Duser.country=GB -Duser.language=en -Duser.variant 
java_command: com.android.dx.command.Main --dex --force-jumbo --num-threads=4 --multi-dex --output C:\Users\Thomas\AndroidStudioProjects\MrWhemps\app\build\intermediates\transforms\dex\debug\folders\1000\10\com.google.android.gms-play-services-iid-9.4.0_00bd4488ecc11cae37b1bc604f0c6fb44a696d64 C:\Users\Thomas\AndroidStudioProjects\MrWhemps\app\build\intermediates\exploded-aar\com.google.android.gms\play-services-iid\9.4.0\jars\classes.jar
java_class_path (initial): C:\Users\Thomas\AppData\Local\Android\sdk\build-tools\23.0.2\lib\dx.jar
Launcher Type: SUN_STANDARD

Environment Variables:
PATH=C:\Program Files (x86)\Intel\iCLS Client\;C:\Program Files\Intel\iCLS Client\;C:\Windows\system32;C:\Windows;C:\Windows\System32\Wbem;C:\Windows\System32\WindowsPowerShell\v1.0\;C:\Program Files (x86)\Intel\OpenCL SDK\2.0\bin\x86;C:\Program Files (x86)\Intel\OpenCL SDK\2.0\bin\x64;C:\Program Files\Intel\Intel(R) Management Engine Components\DAL;C:\Program Files\Intel\Intel(R) Management Engine Components\IPT;C:\Program Files (x86)\Intel\Intel(R) Management Engine Components\DAL;C:\Program Files (x86)\Intel\Intel(R) Management Engine Components\IPT;C:\Program Files (x86)\Windows Live\Shared;C:\Users\Thomas\AppData\Local\Smartbar\Application\;C:\WINDOWS\system32;C:\WINDOWS;C:\WINDOWS\System32\Wbem;C:\WINDOWS\System32\WindowsPowerShell\v1.0\;D:\Programs\bin;C:\Program Files\Microsoft SQL Server\110\Tools\Binn\;C:\Program Files\Microsoft SQL Server\120\Tools\Binn\;C:\Program Files\MiKTeX 2.9\miktex\bin\;C:\Program Files\MiKTeX 2.9\gs\gs8.71\bin\;C:\Program Files\Git\cmd;C:\Program Files (x86)\Skype\Phone\;C:\Program Files\Microsoft SQL Server\130\Tools\Binn\;C:\Program Files (x86)\Windows Kits\10\Windows Performance Toolkit\;C:\Program Files
USERNAME=Thomas
OS=Windows_NT
PROCESSOR_IDENTIFIER=Intel64 Family 6 Model 42 Stepping 7, GenuineIntel



---------------  S Y S T E M  ---------------

OS: Windows 10.0 , 64 bit Build 10586 (10.0.10586.589)

CPU:total 4 (2 cores per cpu, 2 threads per core) family 6 model 42 stepping 7, cmov, cx8, fxsr, mmx, sse, sse2, sse3, ssse3, sse4.1, sse4.2, popcnt, avx, clmul, ht, tsc, tscinvbit

Memory: 4k page, physical 4075172k(595700k free), swap 6565540k(376k free)

vm_info: OpenJDK 64-Bit Server VM (25.76-b03) for windows-amd64 JRE (1.8.0_76-release-b03), built on Jun 29 2016 19:09:20 by "ralucas" with MS VC++ 10.0 (VS2010)

time: Sun Jan 15 17:37:08 2017
elapsed time: 1 seconds (0d 0h 0m 1s)

