#
# There is insufficient memory for the Java Runtime Environment to continue.
# Native memory allocation (malloc) failed to allocate 191216 bytes for Chunk::new
# Possible reasons:
#   The system is out of physical RAM or swap space
#   In 32 bit mode, the process size limit was hit
# Possible solutions:
#   Reduce memory load on the system
#   Increase physical memory or swap space
#   Check if swap backing store is full
#   Use 64 bit Java on a 64 bit OS
#   Decrease Java heap size (-Xmx/-Xms)
#   Decrease number of Java threads
#   Decrease Java thread stack sizes (-Xss)
#   Set larger code cache with -XX:ReservedCodeCacheSize=
# This output file may be truncated or incomplete.
#
#  Out of Memory Error (allocation.cpp:390), pid=12892, tid=0x00000000000025ec
#
# JRE version: OpenJDK Runtime Environment (8.0_76-b03) (build 1.8.0_76-release-b03)
# Java VM: OpenJDK 64-Bit Server VM (25.76-b03 mixed mode windows-amd64 compressed oops)
# Failed to write core dump. Minidumps are not enabled by default on client versions of Windows
#

---------------  T H R E A D  ---------------

Current thread (0x0000000015107800):  JavaThread "C2 CompilerThread0" daemon [_thread_in_native, id=9708, stack(0x0000000016730000,0x0000000016830000)]

Stack: [0x0000000016730000,0x0000000016830000]
[error occurred during error reporting (printing stack bounds), id 0xc0000005]

Native frames: (J=compiled Java code, j=interpreted, Vv=VM code, C=native code)


Current CompileTask:
C2:   2628 1038       4       com.android.dx.ssa.SsaMethod::deleteInsns (239 bytes)


---------------  P R O C E S S  ---------------

Java Threads: ( => current thread )
  0x0000000016b7a800 JavaThread "pool-2-thread-4" [_thread_in_Java, id=5924, stack(0x0000000017430000,0x0000000017530000)]
  0x0000000016ac5800 JavaThread "pool-2-thread-3" [_thread_in_Java, id=8980, stack(0x0000000017330000,0x0000000017430000)]
  0x0000000016ac3000 JavaThread "pool-2-thread-2" [_thread_in_vm, id=12968, stack(0x0000000017230000,0x0000000017330000)]
  0x0000000016ac0000 JavaThread "pool-3-thread-1" [_thread_blocked, id=6316, stack(0x0000000017130000,0x0000000017230000)]
  0x0000000016abf800 JavaThread "pool-2-thread-1" [_thread_in_vm, id=13328, stack(0x0000000017030000,0x0000000017130000)]
  0x000000001693c000 JavaThread "Service Thread" daemon [_thread_blocked, id=13768, stack(0x0000000016e30000,0x0000000016f30000)]
  0x0000000016938800 JavaThread "C1 CompilerThread2" daemon [_thread_in_native, id=9724, stack(0x0000000016d30000,0x0000000016e30000)]
  0x000000001514d800 JavaThread "C2 CompilerThread1" daemon [_thread_in_native, id=8488, stack(0x0000000016830000,0x0000000016930000)]
=>0x0000000015107800 JavaThread "C2 CompilerThread0" daemon [_thread_in_native, id=9708, stack(0x0000000016730000,0x0000000016830000)]
  0x0000000015106000 JavaThread "Attach Listener" daemon [_thread_blocked, id=9340, stack(0x0000000016630000,0x0000000016730000)]
  0x0000000015104800 JavaThread "Signal Dispatcher" daemon [_thread_blocked, id=8852, stack(0x0000000016530000,0x0000000016630000)]
  0x0000000002a2b800 JavaThread "Finalizer" daemon [_thread_blocked, id=2532, stack(0x0000000016350000,0x0000000016450000)]
  0x0000000002a20800 JavaThread "Reference Handler" daemon [_thread_blocked, id=2712, stack(0x0000000016250000,0x0000000016350000)]
  0x000000000282d800 JavaThread "main" [_thread_in_vm, id=11860, stack(0x00000000026d0000,0x00000000027d0000)]

Other Threads:
  0x00000000150c5000 VMThread [stack: 0x0000000016150000,0x0000000016250000] [id=13320]
  0x000000001693d800 WatcherThread [stack: 0x0000000016f30000,0x0000000017030000] [id=6476]

VM state:not at safepoint (normal execution)

VM Mutex/Monitor currently owned by a thread: None

Heap:
 PSYoungGen      total 18944K, used 8945K [0x00000000eab00000, 0x00000000ec000000, 0x0000000100000000)
  eden space 16384K, 39% used [0x00000000eab00000,0x00000000eb13e860,0x00000000ebb00000)
  from space 2560K, 99% used [0x00000000ebb00000,0x00000000ebd7dc78,0x00000000ebd80000)
  to   space 2560K, 0% used [0x00000000ebd80000,0x00000000ebd80000,0x00000000ec000000)
 ParOldGen       total 44032K, used 1558K [0x00000000c0000000, 0x00000000c2b00000, 0x00000000eab00000)
  object space 44032K, 3% used [0x00000000c0000000,0x00000000c0185860,0x00000000c2b00000)
 Metaspace       used 5774K, capacity 6768K, committed 7040K, reserved 1056768K
  class space    used 571K, capacity 616K, committed 640K, reserved 1048576K

Card table byte_map: [0x0000000011df0000,0x0000000012000000] byte_map_base: 0x00000000117f0000

Marking Bits: (ParMarkBitMap*) 0x000000005c809d00
 Begin Bits: [0x0000000012560000, 0x0000000013560000)
 End Bits:   [0x0000000013560000, 0x0000000014560000)

Polling page: 0x0000000001090000

CodeCache: size=245760Kb used=4031Kb max_used=4035Kb free=241728Kb
 bounds [0x0000000002a30000, 0x0000000002e30000, 0x0000000011a30000]
 total_blobs=1305 nmethods=1038 adapters=181
 compilation: enabled

Compilation events (10 events):
Event: 2.607 Thread 0x0000000016938800 1037       3       com.android.dx.ssa.SsaConverter::placePhiFunctions (394 bytes)
Event: 2.610 Thread 0x000000001514d800 nmethod 1036 0x0000000002e10490 code [0x0000000002e105e0, 0x0000000002e10818]
Event: 2.612 Thread 0x0000000015107800 1038       4       com.android.dx.ssa.SsaMethod::deleteInsns (239 bytes)
Event: 2.613 Thread 0x0000000016938800 nmethod 1037 0x0000000002e17850 code [0x0000000002e17e00, 0x0000000002e1b448]
Event: 2.613 Thread 0x0000000016938800 1039       3       com.android.dx.ssa.SsaMethod::forEachBlockDepthFirst (194 bytes)
Event: 2.617 Thread 0x0000000016938800 nmethod 1039 0x0000000002e1ec10 code [0x0000000002e1f080, 0x0000000002e22448]
Event: 2.618 Thread 0x0000000016938800 1040       3       com.android.dx.cf.code.Ropper::getSpecialLabel (20 bytes)
Event: 2.619 Thread 0x0000000016938800 nmethod 1040 0x0000000002e0fdd0 code [0x0000000002e0ff40, 0x0000000002e10310]
Event: 2.621 Thread 0x000000001514d800 1041       4       com.android.dx.rop.cst.CstMemberRef::compareTo0 (49 bytes)
Event: 2.625 Thread 0x000000001514d800 nmethod 1041 0x0000000002e16fd0 code [0x0000000002e17120, 0x0000000002e17438]

GC Heap History (2 events):
Event: 1.900 GC heap before
{Heap before GC invocations=1 (full 0):
 PSYoungGen      total 18944K, used 16384K [0x00000000eab00000, 0x00000000ec000000, 0x0000000100000000)
  eden space 16384K, 100% used [0x00000000eab00000,0x00000000ebb00000,0x00000000ebb00000)
  from space 2560K, 0% used [0x00000000ebd80000,0x00000000ebd80000,0x00000000ec000000)
  to   space 2560K, 0% used [0x00000000ebb00000,0x00000000ebb00000,0x00000000ebd80000)
 ParOldGen       total 44032K, used 0K [0x00000000c0000000, 0x00000000c2b00000, 0x00000000eab00000)
  object space 44032K, 0% used [0x00000000c0000000,0x00000000c0000000,0x00000000c2b00000)
 Metaspace       used 5685K, capacity 6704K, committed 6784K, reserved 1056768K
  class space    used 569K, capacity 616K, committed 640K, reserved 1048576K
Event: 2.163 GC heap after
Heap after GC invocations=1 (full 0):
 PSYoungGen      total 18944K, used 2551K [0x00000000eab00000, 0x00000000ec000000, 0x0000000100000000)
  eden space 16384K, 0% used [0x00000000eab00000,0x00000000eab00000,0x00000000ebb00000)
  from space 2560K, 99% used [0x00000000ebb00000,0x00000000ebd7dc78,0x00000000ebd80000)
  to   space 2560K, 0% used [0x00000000ebd80000,0x00000000ebd80000,0x00000000ec000000)
 ParOldGen       total 44032K, used 1558K [0x00000000c0000000, 0x00000000c2b00000, 0x00000000eab00000)
  object space 44032K, 3% used [0x00000000c0000000,0x00000000c0185860,0x00000000c2b00000)
 Metaspace       used 5685K, capacity 6704K, committed 6784K, reserved 1056768K
  class space    used 569K, capacity 616K, committed 640K, reserved 1048576K
}

Deoptimization events (2 events):
Event: 0.649 Thread 0x000000000282d800 Uncommon trap: reason=unstable_if action=reinterpret pc=0x0000000002b6b350 method=java.lang.String.indexOf(II)I @ 49
Event: 2.227 Thread 0x0000000016b7a800 Uncommon trap: reason=unstable_if action=reinterpret pc=0x0000000002c362b0 method=java.util.BitSet.nextSetBit(I)I @ 87

Internal exceptions (2 events):
Event: 0.080 Thread 0x000000000282d800 Exception <a 'java/lang/NoSuchMethodError': Method sun.misc.Unsafe.defineClass(Ljava/lang/String;[BII)Ljava/lang/Class; name or signature does not match> (0x00000000eab07cc0) thrown at [C:\src\android\AOSP-openjdk\external\jetbrains\jdk\hotspot\src\share\v°©÷‹´?
Event: 0.080 Thread 0x000000000282d800 Exception <a 'java/lang/NoSuchMethodError': Method sun.misc.Unsafe.prefetchRead(Ljava/lang/Object;J)V name or signature does not match> (0x00000000eab07fa8) thrown at [C:\src\android\AOSP-openjdk\external\jetbrains\jdk\hotspot\src\share\vm\prims\jni.cpp, l

Events (10 events):
Event: 2.163 Executing VM operation: ParallelGCFailedAllocation done
Event: 2.217 loading class com/android/dx/cf/code/Ropper$ExceptionHandlerSetup
Event: 2.217 loading class com/android/dx/cf/code/Ropper$ExceptionHandlerSetup done
Event: 2.218 loading class java/util/HashMap$Values
Event: 2.218 loading class java/util/HashMap$Values done
Event: 2.218 loading class java/util/HashMap$ValueIterator
Event: 2.218 loading class java/util/HashMap$ValueIterator done
Event: 2.227 Thread 0x0000000016b7a800 Uncommon trap: trap_request=0xffffff65 fr.pc=0x0000000002c362b0
Event: 2.227 Thread 0x0000000016b7a800 DEOPT PACKING pc=0x0000000002c362b0 sp=0x000000001752ed70
Event: 2.227 Thread 0x0000000016b7a800 DEOPT UNPACKING pc=0x0000000002a7556a sp=0x000000001752ed08 mode 2


Dynamic libraries:
0x00007ff6c7d80000 - 0x00007ff6c7db1000 	C:\Program Files\Android\Android Studio\jre\bin\java.exe
0x00007ffd40960000 - 0x00007ffd40b21000 	C:\WINDOWS\SYSTEM32\ntdll.dll
0x00007ffd3e080000 - 0x00007ffd3e12d000 	C:\WINDOWS\system32\KERNEL32.DLL
0x00007ffd3dab0000 - 0x00007ffd3dc98000 	C:\WINDOWS\system32\KERNELBASE.dll
0x00007ffd40460000 - 0x00007ffd40507000 	C:\WINDOWS\system32\ADVAPI32.dll
0x00007ffd3e980000 - 0x00007ffd3ea1d000 	C:\WINDOWS\system32\msvcrt.dll
0x00007ffd3e8b0000 - 0x00007ffd3e90b000 	C:\WINDOWS\system32\sechost.dll
0x00007ffd3e130000 - 0x00007ffd3e24c000 	C:\WINDOWS\system32\RPCRT4.dll
0x00007ffd3df20000 - 0x00007ffd3e076000 	C:\WINDOWS\system32\USER32.dll
0x00007ffd3dd80000 - 0x00007ffd3df06000 	C:\WINDOWS\system32\GDI32.dll
0x00007ffd38ad0000 - 0x00007ffd38d44000 	C:\WINDOWS\WinSxS\amd64_microsoft.windows.common-controls_6595b64144ccf1df_6.0.10586.672_none_a2d6b3cea53ff843\COMCTL32.dll
0x00007ffd3e250000 - 0x00007ffd3e4cd000 	C:\WINDOWS\system32\combase.dll
0x00007ffd3d8b0000 - 0x00007ffd3d91a000 	C:\WINDOWS\system32\bcryptPrimitives.dll
0x00007ffd40510000 - 0x00007ffd4054b000 	C:\WINDOWS\system32\IMM32.DLL
0x000000005be90000 - 0x000000005bf62000 	C:\Program Files\Android\Android Studio\jre\jre\bin\msvcr100.dll
0x000000005c050000 - 0x000000005c884000 	C:\Program Files\Android\Android Studio\jre\jre\bin\server\jvm.dll
0x00007ffd3df10000 - 0x00007ffd3df18000 	C:\WINDOWS\system32\PSAPI.DLL
0x00007ffd32730000 - 0x00007ffd32739000 	C:\WINDOWS\SYSTEM32\WSOCK32.dll
0x00007ffd3e910000 - 0x00007ffd3e97b000 	C:\WINDOWS\system32\WS2_32.dll
0x00007ffd39a80000 - 0x00007ffd39aa3000 	C:\WINDOWS\SYSTEM32\WINMM.dll
0x00007ffd33a10000 - 0x00007ffd33a1a000 	C:\WINDOWS\SYSTEM32\VERSION.dll
0x00007ffd39a50000 - 0x00007ffd39a7c000 	C:\WINDOWS\SYSTEM32\WINMMBASE.dll
0x00007ffd3d920000 - 0x00007ffd3d963000 	C:\WINDOWS\system32\cfgmgr32.dll
0x00007ffd34130000 - 0x00007ffd3413f000 	C:\Program Files\Android\Android Studio\jre\jre\bin\verify.dll
0x00007ffd32f70000 - 0x00007ffd32f99000 	C:\Program Files\Android\Android Studio\jre\jre\bin\java.dll
0x00007ffd2ffd0000 - 0x00007ffd2ffe6000 	C:\Program Files\Android\Android Studio\jre\jre\bin\zip.dll
0x00007ffd3ef00000 - 0x00007ffd4045c000 	C:\WINDOWS\system32\SHELL32.dll
0x00007ffd3d090000 - 0x00007ffd3d6d5000 	C:\WINDOWS\system32\windows.storage.dll
0x00007ffd406d0000 - 0x00007ffd40722000 	C:\WINDOWS\system32\shlwapi.dll
0x00007ffd3d000000 - 0x00007ffd3d00f000 	C:\WINDOWS\system32\kernel.appcore.dll
0x00007ffd3dca0000 - 0x00007ffd3dd55000 	C:\WINDOWS\system32\shcore.dll
0x00007ffd3cfb0000 - 0x00007ffd3cffb000 	C:\WINDOWS\system32\powrprof.dll
0x00007ffd3cf90000 - 0x00007ffd3cfa4000 	C:\WINDOWS\system32\profapi.dll

VM Arguments:
jvm_args: -Djava.awt.headless=true -Xmx1024M -Dfile.encoding=windows-1252 -Duser.country=GB -Duser.language=en -Duser.variant 
java_command: com.android.dx.command.Main --dex --force-jumbo --num-threads=4 --multi-dex --output C:\Users\Thomas\AndroidStudioProjects\MrWhemps\app\build\intermediates\transforms\dex\debug\folders\1000\10\com.google.android.gms-play-services-appindexing-9.4.0_4dd72e1d032968dba07a4f4ad3196a6474b19ebb C:\Users\Thomas\AndroidStudioProjects\MrWhemps\app\build\intermediates\exploded-aar\com.google.android.gms\play-services-appindexing\9.4.0\jars\classes.jar
java_class_path (initial): C:\Users\Thomas\AppData\Local\Android\sdk\build-tools\23.0.2\lib\dx.jar
Launcher Type: SUN_STANDARD

Environment Variables:
PATH=C:\Program Files (x86)\Intel\iCLS Client\;C:\Program Files\Intel\iCLS Client\;C:\Windows\system32;C:\Windows;C:\Windows\System32\Wbem;C:\Windows\System32\WindowsPowerShell\v1.0\;C:\Program Files (x86)\Intel\OpenCL SDK\2.0\bin\x86;C:\Program Files (x86)\Intel\OpenCL SDK\2.0\bin\x64;C:\Program Files\Intel\Intel(R) Management Engine Components\DAL;C:\Program Files\Intel\Intel(R) Management Engine Components\IPT;C:\Program Files (x86)\Intel\Intel(R) Management Engine Components\DAL;C:\Program Files (x86)\Intel\Intel(R) Management Engine Components\IPT;C:\Program Files (x86)\Windows Live\Shared;C:\Users\Thomas\AppData\Local\Smartbar\Application\;C:\WINDOWS\system32;C:\WINDOWS;C:\WINDOWS\System32\Wbem;C:\WINDOWS\System32\WindowsPowerShell\v1.0\;D:\Programs\bin;C:\Program Files\Microsoft SQL Server\110\Tools\Binn\;C:\Program Files\Microsoft SQL Server\120\Tools\Binn\;C:\Program Files\MiKTeX 2.9\miktex\bin\;C:\Program Files\MiKTeX 2.9\gs\gs8.71\bin\;C:\Program Files\Git\cmd;C:\Program Files (x86)\Skype\Phone\;C:\Program Files\Microsoft SQL Server\130\Tools\Binn\;C:\Program Files (x86)\Windows Kits\10\Windows Performance Toolkit\;C:\Program Files
USERNAME=Thomas
OS=Windows_NT
PROCESSOR_IDENTIFIER=Intel64 Family 6 Model 42 Stepping 7, GenuineIntel



---------------  S Y S T E M  ---------------

OS: Windows 10.0 , 64 bit Build 10586 (10.0.10586.589)

CPU:total 4 (2 cores per cpu, 2 threads per core) family 6 model 42 stepping 7, cmov, cx8, fxsr, mmx, sse, sse2, sse3, ssse3, sse4.1, sse4.2, popcnt, avx, clmul, ht, tsc, tscinvbit

Memory: 4k page, physical 4075172k(938088k free), swap 6565540k(2060k free)

vm_info: OpenJDK 64-Bit Server VM (25.76-b03) for windows-amd64 JRE (1.8.0_76-release-b03), built on Jun 29 2016 19:09:20 by "ralucas" with MS VC++ 10.0 (VS2010)

time: Sun Jan 22 13:01:32 2017
elapsed time: 2 seconds (0d 0h 0m 2s)

