#
# There is insufficient memory for the Java Runtime Environment to continue.
# Native memory allocation (malloc) failed to allocate 32744 bytes for ChunkPool::allocate
# Possible reasons:
#   The system is out of physical RAM or swap space
#   In 32 bit mode, the process size limit was hit
# Possible solutions:
#   Reduce memory load on the system
#   Increase physical memory or swap space
#   Check if swap backing store is full
#   Use 64 bit Java on a 64 bit OS
#   Decrease Java heap size (-Xmx/-Xms)
#   Decrease number of Java threads
#   Decrease Java thread stack sizes (-Xss)
#   Set larger code cache with -XX:ReservedCodeCacheSize=
# This output file may be truncated or incomplete.
#
#  Out of Memory Error (allocation.cpp:273), pid=11408, tid=0x00000000000031a4
#
# JRE version: OpenJDK Runtime Environment (8.0_76-b03) (build 1.8.0_76-release-b03)
# Java VM: OpenJDK 64-Bit Server VM (25.76-b03 mixed mode windows-amd64 compressed oops)
# Failed to write core dump. Minidumps are not enabled by default on client versions of Windows
#

---------------  T H R E A D  ---------------

Current thread (0x0000000014a6e800):  JavaThread "C2 CompilerThread1" daemon [_thread_in_native, id=12708, stack(0x00000000161b0000,0x00000000162b0000)]

Stack: [0x00000000161b0000,0x00000000162b0000]
[error occurred during error reporting (printing stack bounds), id 0xc0000005]

Native frames: (J=compiled Java code, j=interpreted, Vv=VM code, C=native code)


Current CompileTask:
C2:   1597 1177   !   4       com.android.dx.cf.code.BytecodeArray::parseInstruction (2764 bytes)


---------------  P R O C E S S  ---------------

Java Threads: ( => current thread )
  0x00000000166fd000 JavaThread "pool-2-thread-4" [_thread_in_Java, id=14656, stack(0x0000000016db0000,0x0000000016eb0000)]
  0x0000000016700800 JavaThread "pool-2-thread-3" [_thread_in_Java, id=10636, stack(0x0000000016cb0000,0x0000000016db0000)]
  0x00000000166d9000 JavaThread "pool-2-thread-2" [_thread_in_Java, id=13428, stack(0x0000000016bb0000,0x0000000016cb0000)]
  0x00000000166ac800 JavaThread "pool-3-thread-1" [_thread_blocked, id=9736, stack(0x0000000016ab0000,0x0000000016bb0000)]
  0x00000000166b3800 JavaThread "pool-2-thread-1" [_thread_in_Java, id=1712, stack(0x00000000169b0000,0x0000000016ab0000)]
  0x00000000163c9800 JavaThread "Service Thread" daemon [_thread_blocked, id=3440, stack(0x00000000167b0000,0x00000000168b0000)]
  0x0000000014a72000 JavaThread "C1 CompilerThread2" daemon [_thread_in_native, id=14412, stack(0x00000000162b0000,0x00000000163b0000)]
=>0x0000000014a6e800 JavaThread "C2 CompilerThread1" daemon [_thread_in_native, id=12708, stack(0x00000000161b0000,0x00000000162b0000)]
  0x0000000014a6b800 JavaThread "C2 CompilerThread0" daemon [_thread_in_native, id=11180, stack(0x00000000160b0000,0x00000000161b0000)]
  0x0000000014a6a000 JavaThread "Attach Listener" daemon [_thread_blocked, id=8580, stack(0x0000000015fb0000,0x00000000160b0000)]
  0x0000000014a69000 JavaThread "Signal Dispatcher" daemon [_thread_blocked, id=11552, stack(0x0000000015eb0000,0x0000000015fb0000)]
  0x0000000014a58800 JavaThread "Finalizer" daemon [_thread_blocked, id=12132, stack(0x0000000015cd0000,0x0000000015dd0000)]
  0x0000000002390800 JavaThread "Reference Handler" daemon [_thread_blocked, id=3664, stack(0x0000000015bd0000,0x0000000015cd0000)]
  0x000000000229d800 JavaThread "main" [_thread_in_Java, id=14064, stack(0x00000000020d0000,0x00000000021d0000)]

Other Threads:
  0x0000000014a35000 VMThread [stack: 0x0000000015ad0000,0x0000000015bd0000] [id=5476]
  0x00000000163cb800 WatcherThread [stack: 0x00000000168b0000,0x00000000169b0000] [id=9160]

VM state:not at safepoint (normal execution)

VM Mutex/Monitor currently owned by a thread: None

Heap:
 PSYoungGen      total 18944K, used 9410K [0x00000000eab00000, 0x00000000ec000000, 0x0000000100000000)
  eden space 16384K, 41% used [0x00000000eab00000,0x00000000eb1b2100,0x00000000ebb00000)
  from space 2560K, 99% used [0x00000000ebd80000,0x00000000ebffeab0,0x00000000ec000000)
  to   space 2560K, 0% used [0x00000000ebb00000,0x00000000ebb00000,0x00000000ebd80000)
 ParOldGen       total 44032K, used 3402K [0x00000000c0000000, 0x00000000c2b00000, 0x00000000eab00000)
  object space 44032K, 7% used [0x00000000c0000000,0x00000000c0352818,0x00000000c2b00000)
 Metaspace       used 5970K, capacity 6960K, committed 7040K, reserved 1056768K
  class space    used 573K, capacity 616K, committed 640K, reserved 1048576K

Card table byte_map: [0x0000000011760000,0x0000000011970000] byte_map_base: 0x0000000011160000

Marking Bits: (ParMarkBitMap*) 0x00000000665d9d00
 Begin Bits: [0x0000000011ed0000, 0x0000000012ed0000)
 End Bits:   [0x0000000012ed0000, 0x0000000013ed0000)

Polling page: 0x00000000009f0000

CodeCache: size=245760Kb used=5003Kb max_used=5003Kb free=240756Kb
 bounds [0x00000000023a0000, 0x0000000002890000, 0x00000000113a0000]
 total_blobs=1512 nmethods=1245 adapters=181
 compilation: enabled

Compilation events (10 events):
Event: 1.590 Thread 0x0000000014a72000 nmethod 1247 0x0000000002885810 code [0x0000000002885960, 0x0000000002885b50]
Event: 1.590 Thread 0x0000000014a72000 1248       3       com.android.dx.rop.type.Prototype::intern (31 bytes)
Event: 1.591 Thread 0x0000000014a72000 nmethod 1248 0x0000000002885c10 code [0x0000000002885da0, 0x0000000002886128]
Event: 1.591 Thread 0x0000000014a72000 1249       3       com.android.dx.cf.iface.StdMethodList::set (7 bytes)
Event: 1.592 Thread 0x0000000014a72000 nmethod 1249 0x0000000002886290 code [0x0000000002886460, 0x0000000002886c48]
Event: 1.592 Thread 0x0000000014a72000 1250       1       com.android.dx.rop.annotation.NameValuePair::getValue (5 bytes)
Event: 1.592 Thread 0x0000000014a72000 nmethod 1250 0x00000000028495d0 code [0x0000000002849720, 0x0000000002849830]
Event: 1.592 Thread 0x0000000014a72000 1252       3       java.util.HashMap$HashIterator::hasNext (13 bytes)
Event: 1.592 Thread 0x0000000014a72000 nmethod 1252 0x0000000002878b10 code [0x0000000002878c60, 0x0000000002878e10]
Event: 1.593 Thread 0x0000000014a72000 1253       3       com.android.dx.ssa.SsaConverter::edgeSplitMoveExceptionsAndResults (157 bytes)

GC Heap History (4 events):
Event: 0.966 GC heap before
{Heap before GC invocations=1 (full 0):
 PSYoungGen      total 18944K, used 16384K [0x00000000eab00000, 0x00000000ec000000, 0x0000000100000000)
  eden space 16384K, 100% used [0x00000000eab00000,0x00000000ebb00000,0x00000000ebb00000)
  from space 2560K, 0% used [0x00000000ebd80000,0x00000000ebd80000,0x00000000ec000000)
  to   space 2560K, 0% used [0x00000000ebb00000,0x00000000ebb00000,0x00000000ebd80000)
 ParOldGen       total 44032K, used 0K [0x00000000c0000000, 0x00000000c2b00000, 0x00000000eab00000)
  object space 44032K, 0% used [0x00000000c0000000,0x00000000c0000000,0x00000000c2b00000)
 Metaspace       used 5605K, capacity 6640K, committed 6784K, reserved 1056768K
  class space    used 571K, capacity 616K, committed 640K, reserved 1048576K
Event: 0.973 GC heap after
Heap after GC invocations=1 (full 0):
 PSYoungGen      total 18944K, used 2551K [0x00000000eab00000, 0x00000000ec000000, 0x0000000100000000)
  eden space 16384K, 0% used [0x00000000eab00000,0x00000000eab00000,0x00000000ebb00000)
  from space 2560K, 99% used [0x00000000ebb00000,0x00000000ebd7dc78,0x00000000ebd80000)
  to   space 2560K, 0% used [0x00000000ebd80000,0x00000000ebd80000,0x00000000ec000000)
 ParOldGen       total 44032K, used 1405K [0x00000000c0000000, 0x00000000c2b00000, 0x00000000eab00000)
  object space 44032K, 3% used [0x00000000c0000000,0x00000000c015f6e8,0x00000000c2b00000)
 Metaspace       used 5605K, capacity 6640K, committed 6784K, reserved 1056768K
  class space    used 571K, capacity 616K, committed 640K, reserved 1048576K
}
Event: 1.406 GC heap before
{Heap before GC invocations=2 (full 0):
 PSYoungGen      total 18944K, used 18935K [0x00000000eab00000, 0x00000000ec000000, 0x0000000100000000)
  eden space 16384K, 100% used [0x00000000eab00000,0x00000000ebb00000,0x00000000ebb00000)
  from space 2560K, 99% used [0x00000000ebb00000,0x00000000ebd7dc78,0x00000000ebd80000)
  to   space 2560K, 0% used [0x00000000ebd80000,0x00000000ebd80000,0x00000000ec000000)
 ParOldGen       total 44032K, used 1405K [0x00000000c0000000, 0x00000000c2b00000, 0x00000000eab00000)
  object space 44032K, 3% used [0x00000000c0000000,0x00000000c015f6e8,0x00000000c2b00000)
 Metaspace       used 5907K, capacity 6896K, committed 7040K, reserved 1056768K
  class space    used 573K, capacity 616K, committed 640K, reserved 1048576K
Event: 1.415 GC heap after
Heap after GC invocations=2 (full 0):
 PSYoungGen      total 18944K, used 2554K [0x00000000eab00000, 0x00000000ec000000, 0x0000000100000000)
  eden space 16384K, 0% used [0x00000000eab00000,0x00000000eab00000,0x00000000ebb00000)
  from space 2560K, 99% used [0x00000000ebd80000,0x00000000ebffeab0,0x00000000ec000000)
  to   space 2560K, 0% used [0x00000000ebb00000,0x00000000ebb00000,0x00000000ebd80000)
 ParOldGen       total 44032K, used 3402K [0x00000000c0000000, 0x00000000c2b00000, 0x00000000eab00000)
  object space 44032K, 7% used [0x00000000c0000000,0x00000000c0352818,0x00000000c2b00000)
 Metaspace       used 5907K, capacity 6896K, committed 7040K, reserved 1056768K
  class space    used 573K, capacity 616K, committed 640K, reserved 1048576K
}

Deoptimization events (8 events):
Event: 0.844 Thread 0x0000000016700800 Uncommon trap: reason=unstable_if action=reinterpret pc=0x00000000025ac8a4 method=java.util.HashMap.getNode(ILjava/lang/Object;)Ljava/util/HashMap$Node; @ 62
Event: 0.914 Thread 0x00000000166d9000 Uncommon trap: reason=unstable_if action=reinterpret pc=0x00000000025ee52c method=java.util.HashMap.getNode(ILjava/lang/Object;)Ljava/util/HashMap$Node; @ 129
Event: 1.220 Thread 0x00000000166d9000 Uncommon trap: reason=class_check action=maybe_recompile pc=0x0000000002645b18 method=com.android.dx.ssa.NormalSsaInsn.accept(Lcom/android/dx/ssa/SsaInsn$Visitor;)V @ 9
Event: 1.419 Thread 0x00000000166b3800 Uncommon trap: reason=unstable_if action=reinterpret pc=0x00000000027e491c method=com.android.dx.ssa.SsaMethod.updateOneDefinition(Lcom/android/dx/ssa/SsaInsn;Lcom/android/dx/rop/code/RegisterSpec;)V @ 4
Event: 1.446 Thread 0x0000000016700800 Uncommon trap: reason=class_check action=maybe_recompile pc=0x0000000002645b18 method=com.android.dx.ssa.NormalSsaInsn.accept(Lcom/android/dx/ssa/SsaInsn$Visitor;)V @ 9
Event: 1.446 Thread 0x0000000016700800 Uncommon trap: reason=class_check action=maybe_recompile pc=0x0000000002645b18 method=com.android.dx.ssa.NormalSsaInsn.accept(Lcom/android/dx/ssa/SsaInsn$Visitor;)V @ 9
Event: 1.446 Thread 0x0000000016700800 Uncommon trap: reason=class_check action=maybe_recompile pc=0x0000000002645b18 method=com.android.dx.ssa.NormalSsaInsn.accept(Lcom/android/dx/ssa/SsaInsn$Visitor;)V @ 9
Event: 1.481 Thread 0x00000000166d9000 Uncommon trap: reason=class_check action=maybe_recompile pc=0x00000000025e1830 method=com.android.dx.ssa.NormalSsaInsn.accept(Lcom/android/dx/ssa/SsaInsn$Visitor;)V @ 9

Internal exceptions (2 events):
Event: 0.301 Thread 0x000000000229d800 Exception <a 'java/lang/NoSuchMethodError': Method sun.misc.Unsafe.defineClass(Ljava/lang/String;[BII)Ljava/lang/Class; name or signature does not match> (0x00000000eab07cc0) thrown at [C:\src\android\AOSP-openjdk\external\jetbrains\jdk\hotspot\src\share\vwê8‚X@”?
Event: 0.301 Thread 0x000000000229d800 Exception <a 'java/lang/NoSuchMethodError': Method sun.misc.Unsafe.prefetchRead(Ljava/lang/Object;J)V name or signature does not match> (0x00000000eab07fa8) thrown at [C:\src\android\AOSP-openjdk\external\jetbrains\jdk\hotspot\src\share\vm\prims\jni.cpp, l

Events (10 events):
Event: 1.446 Thread 0x0000000016700800 DEOPT PACKING pc=0x0000000002645b18 sp=0x0000000016daec10
Event: 1.446 Thread 0x0000000016700800 DEOPT UNPACKING pc=0x00000000023e556a sp=0x0000000016daeb60 mode 2
Event: 1.446 Thread 0x0000000016700800 Uncommon trap: trap_request=0xffffffde fr.pc=0x0000000002645b18
Event: 1.446 Thread 0x0000000016700800 DEOPT PACKING pc=0x0000000002645b18 sp=0x0000000016daec10
Event: 1.446 Thread 0x0000000016700800 DEOPT UNPACKING pc=0x00000000023e556a sp=0x0000000016daeb60 mode 2
Event: 1.465 Thread 0x00000000166d9000 DEOPT PACKING pc=0x000000000275bded sp=0x0000000016caeba0
Event: 1.465 Thread 0x00000000166d9000 DEOPT UNPACKING pc=0x00000000023e75bf sp=0x0000000016cae938 mode 0
Event: 1.481 Thread 0x00000000166d9000 Uncommon trap: trap_request=0xffffffde fr.pc=0x00000000025e1830
Event: 1.481 Thread 0x00000000166d9000 DEOPT PACKING pc=0x00000000025e1830 sp=0x0000000016caeac0
Event: 1.481 Thread 0x00000000166d9000 DEOPT UNPACKING pc=0x00000000023e556a sp=0x0000000016caea50 mode 2


Dynamic libraries:
0x00007ff7a0c80000 - 0x00007ff7a0cb1000 	C:\Program Files\Android\Android Studio\jre\bin\java.exe
0x00007ffad9aa0000 - 0x00007ffad9c61000 	C:\WINDOWS\SYSTEM32\ntdll.dll
0x00007ffad7000000 - 0x00007ffad70ad000 	C:\WINDOWS\system32\KERNEL32.DLL
0x00007ffad6520000 - 0x00007ffad6708000 	C:\WINDOWS\system32\KERNELBASE.dll
0x00007ffad9430000 - 0x00007ffad94d7000 	C:\WINDOWS\system32\ADVAPI32.dll
0x00007ffad9130000 - 0x00007ffad91cd000 	C:\WINDOWS\system32\msvcrt.dll
0x00007ffad90d0000 - 0x00007ffad912b000 	C:\WINDOWS\system32\sechost.dll
0x00007ffad98b0000 - 0x00007ffad99cc000 	C:\WINDOWS\system32\RPCRT4.dll
0x00007ffad8ba0000 - 0x00007ffad8cf6000 	C:\WINDOWS\system32\USER32.dll
0x00007ffad92a0000 - 0x00007ffad9426000 	C:\WINDOWS\system32\GDI32.dll
0x00007ffacf3a0000 - 0x00007ffacf614000 	C:\WINDOWS\WinSxS\amd64_microsoft.windows.common-controls_6595b64144ccf1df_6.0.10586.672_none_a2d6b3cea53ff843\COMCTL32.dll
0x00007ffad9520000 - 0x00007ffad979d000 	C:\WINDOWS\system32\combase.dll
0x00007ffad63d0000 - 0x00007ffad643a000 	C:\WINDOWS\system32\bcryptPrimitives.dll
0x00007ffad94e0000 - 0x00007ffad951b000 	C:\WINDOWS\system32\IMM32.DLL
0x0000000064c50000 - 0x0000000064d22000 	C:\Program Files\Android\Android Studio\jre\jre\bin\msvcr100.dll
0x0000000065e20000 - 0x0000000066654000 	C:\Program Files\Android\Android Studio\jre\jre\bin\server\jvm.dll
0x00007ffad90b0000 - 0x00007ffad90b8000 	C:\WINDOWS\system32\PSAPI.DLL
0x00007ffad2d40000 - 0x00007ffad2d49000 	C:\WINDOWS\SYSTEM32\WSOCK32.dll
0x00007ffad9040000 - 0x00007ffad90ab000 	C:\WINDOWS\system32\WS2_32.dll
0x00007ffad34f0000 - 0x00007ffad3513000 	C:\WINDOWS\SYSTEM32\WINMM.dll
0x00007ffacd380000 - 0x00007ffacd38a000 	C:\WINDOWS\SYSTEM32\VERSION.dll
0x00007ffad3490000 - 0x00007ffad34bc000 	C:\WINDOWS\SYSTEM32\WINMMBASE.dll
0x00007ffad6440000 - 0x00007ffad6483000 	C:\WINDOWS\system32\cfgmgr32.dll
0x00007ffacf080000 - 0x00007ffacf08f000 	C:\Program Files\Android\Android Studio\jre\jre\bin\verify.dll
0x00007ffaca960000 - 0x00007ffaca989000 	C:\Program Files\Android\Android Studio\jre\jre\bin\java.dll
0x00007ffacefe0000 - 0x00007ffaceff6000 	C:\Program Files\Android\Android Studio\jre\jre\bin\zip.dll
0x00007ffad74f0000 - 0x00007ffad8a4c000 	C:\WINDOWS\system32\SHELL32.dll
0x00007ffad67d0000 - 0x00007ffad6e15000 	C:\WINDOWS\system32\windows.storage.dll
0x00007ffad91d0000 - 0x00007ffad9222000 	C:\WINDOWS\system32\shlwapi.dll
0x00007ffad6140000 - 0x00007ffad614f000 	C:\WINDOWS\system32\kernel.appcore.dll
0x00007ffad6710000 - 0x00007ffad67c5000 	C:\WINDOWS\system32\shcore.dll
0x00007ffad60f0000 - 0x00007ffad613b000 	C:\WINDOWS\system32\powrprof.dll
0x00007ffad60d0000 - 0x00007ffad60e4000 	C:\WINDOWS\system32\profapi.dll

VM Arguments:
jvm_args: -Djava.awt.headless=true -Xmx1024M -Dfile.encoding=windows-1252 -Duser.country=GB -Duser.language=en -Duser.variant 
java_command: com.android.dx.command.Main --dex --force-jumbo --num-threads=4 --multi-dex --output C:\Users\Thomas\AndroidStudioProjects\MrWhemps\app\build\intermediates\transforms\dex\debug\folders\1000\10\com.google.android.gms-play-services-cast-framework-9.4.0_3385263dfa711af85de23d85869f2db59e64f08d C:\Users\Thomas\AndroidStudioProjects\MrWhemps\app\build\intermediates\exploded-aar\com.google.android.gms\play-services-cast-framework\9.4.0\jars\classes.jar
java_class_path (initial): C:\Users\Thomas\AppData\Local\Android\sdk\build-tools\23.0.2\lib\dx.jar
Launcher Type: SUN_STANDARD

Environment Variables:
PATH=C:\Program Files (x86)\Intel\iCLS Client\;C:\Program Files\Intel\iCLS Client\;C:\Windows\system32;C:\Windows;C:\Windows\System32\Wbem;C:\Windows\System32\WindowsPowerShell\v1.0\;C:\Program Files (x86)\Intel\OpenCL SDK\2.0\bin\x86;C:\Program Files (x86)\Intel\OpenCL SDK\2.0\bin\x64;C:\Program Files\Intel\Intel(R) Management Engine Components\DAL;C:\Program Files\Intel\Intel(R) Management Engine Components\IPT;C:\Program Files (x86)\Intel\Intel(R) Management Engine Components\DAL;C:\Program Files (x86)\Intel\Intel(R) Management Engine Components\IPT;C:\Program Files (x86)\Windows Live\Shared;C:\Users\Thomas\AppData\Local\Smartbar\Application\;C:\WINDOWS\system32;C:\WINDOWS;C:\WINDOWS\System32\Wbem;C:\WINDOWS\System32\WindowsPowerShell\v1.0\;D:\Programs\bin;C:\Program Files\Microsoft SQL Server\110\Tools\Binn\;C:\Program Files\Microsoft SQL Server\120\Tools\Binn\;C:\Program Files\MiKTeX 2.9\miktex\bin\;C:\Program Files\MiKTeX 2.9\gs\gs8.71\bin\;C:\Program Files\Git\cmd;C:\Program Files (x86)\Skype\Phone\;C:\Program Files\Microsoft SQL Server\130\Tools\Binn\;C:\Program Files (x86)\Windows Kits\10\Windows Performance Toolkit\;C:\Program Files
USERNAME=Thomas
OS=Windows_NT
PROCESSOR_IDENTIFIER=Intel64 Family 6 Model 42 Stepping 7, GenuineIntel



---------------  S Y S T E M  ---------------

OS: Windows 10.0 , 64 bit Build 10586 (10.0.10586.589)

CPU:total 4 (2 cores per cpu, 2 threads per core) family 6 model 42 stepping 7, cmov, cx8, fxsr, mmx, sse, sse2, sse3, ssse3, sse4.1, sse4.2, popcnt, avx, clmul, ht, tsc, tscinvbit

Memory: 4k page, physical 4075172k(557408k free), swap 6565540k(4112k free)

vm_info: OpenJDK 64-Bit Server VM (25.76-b03) for windows-amd64 JRE (1.8.0_76-release-b03), built on Jun 29 2016 19:09:20 by "ralucas" with MS VC++ 10.0 (VS2010)

time: Sun Jan 15 17:37:22 2017
elapsed time: 1 seconds (0d 0h 0m 1s)

