#
# There is insufficient memory for the Java Runtime Environment to continue.
# Native memory allocation (malloc) failed to allocate 1293296 bytes for Chunk::new
# Possible reasons:
#   The system is out of physical RAM or swap space
#   In 32 bit mode, the process size limit was hit
# Possible solutions:
#   Reduce memory load on the system
#   Increase physical memory or swap space
#   Check if swap backing store is full
#   Use 64 bit Java on a 64 bit OS
#   Decrease Java heap size (-Xmx/-Xms)
#   Decrease number of Java threads
#   Decrease Java thread stack sizes (-Xss)
#   Set larger code cache with -XX:ReservedCodeCacheSize=
# This output file may be truncated or incomplete.
#
#  Out of Memory Error (allocation.cpp:390), pid=888, tid=0x000000000000275c
#
# JRE version: OpenJDK Runtime Environment (8.0_76-b03) (build 1.8.0_76-release-b03)
# Java VM: OpenJDK 64-Bit Server VM (25.76-b03 mixed mode windows-amd64 compressed oops)
# Failed to write core dump. Minidumps are not enabled by default on client versions of Windows
#

---------------  T H R E A D  ---------------

Current thread (0x0000000014d6b800):  JavaThread "C2 CompilerThread0" daemon [_thread_in_native, id=10076, stack(0x00000000163b0000,0x00000000164b0000)]

Stack: [0x00000000163b0000,0x00000000164b0000]
[error occurred during error reporting (printing stack bounds), id 0xc0000005]

Native frames: (J=compiled Java code, j=interpreted, Vv=VM code, C=native code)


Current CompileTask:
C2:   7182 1896       4       com.android.dx.dex.code.RopToDop::dopFor (792 bytes)


---------------  P R O C E S S  ---------------

Java Threads: ( => current thread )
  0x0000000016a34000 JavaThread "pool-2-thread-4" [_thread_in_Java, id=2032, stack(0x00000000170b0000,0x00000000171b0000)]
  0x0000000016a25000 JavaThread "pool-2-thread-3" [_thread_in_Java, id=8416, stack(0x0000000016fb0000,0x00000000170b0000)]
  0x000000001698d000 JavaThread "pool-2-thread-2" [_thread_in_Java, id=9692, stack(0x0000000016eb0000,0x0000000016fb0000)]
  0x0000000016937000 JavaThread "pool-3-thread-1" [_thread_blocked, id=4504, stack(0x0000000016db0000,0x0000000016eb0000)]
  0x00000000169b2800 JavaThread "pool-2-thread-1" [_thread_in_Java, id=10088, stack(0x0000000016cb0000,0x0000000016db0000)]
  0x00000000166b4800 JavaThread "Service Thread" daemon [_thread_blocked, id=3400, stack(0x0000000016ab0000,0x0000000016bb0000)]
  0x0000000014dc8000 JavaThread "C1 CompilerThread2" daemon [_thread_blocked, id=11860, stack(0x00000000165b0000,0x00000000166b0000)]
  0x0000000014d6e800 JavaThread "C2 CompilerThread1" daemon [_thread_in_native, id=9420, stack(0x00000000164b0000,0x00000000165b0000)]
=>0x0000000014d6b800 JavaThread "C2 CompilerThread0" daemon [_thread_in_native, id=10076, stack(0x00000000163b0000,0x00000000164b0000)]
  0x0000000014d6a000 JavaThread "Attach Listener" daemon [_thread_blocked, id=7336, stack(0x00000000162b0000,0x00000000163b0000)]
  0x0000000014d69000 JavaThread "Signal Dispatcher" daemon [_thread_blocked, id=4620, stack(0x00000000161b0000,0x00000000162b0000)]
  0x0000000002696000 JavaThread "Finalizer" daemon [_thread_blocked, id=7668, stack(0x0000000015fd0000,0x00000000160d0000)]
  0x0000000014d37000 JavaThread "Reference Handler" daemon [_thread_blocked, id=8312, stack(0x0000000015ed0000,0x0000000015fd0000)]
  0x000000000259d800 JavaThread "main" [_thread_in_Java, id=9408, stack(0x0000000002410000,0x0000000002510000)]

Other Threads:
  0x0000000014d35000 VMThread [stack: 0x0000000015dd0000,0x0000000015ed0000] [id=6236]
  0x00000000166b6800 WatcherThread [stack: 0x0000000016bb0000,0x0000000016cb0000] [id=7332]

VM state:not at safepoint (normal execution)

VM Mutex/Monitor currently owned by a thread: None

Heap:
 PSYoungGen      total 72704K, used 36045K [0x00000000eab00000, 0x00000000efd00000, 0x0000000100000000)
  eden space 64512K, 43% used [0x00000000eab00000,0x00000000ec63b430,0x00000000eea00000)
  from space 8192K, 99% used [0x00000000ef300000,0x00000000efaf8038,0x00000000efb00000)
  to   space 9216K, 0% used [0x00000000eea00000,0x00000000eea00000,0x00000000ef300000)
 ParOldGen       total 44032K, used 32231K [0x00000000c0000000, 0x00000000c2b00000, 0x00000000eab00000)
  object space 44032K, 73% used [0x00000000c0000000,0x00000000c1f79f88,0x00000000c2b00000)
 Metaspace       used 6409K, capacity 7218K, committed 7296K, reserved 1056768K
  class space    used 596K, capacity 618K, committed 640K, reserved 1048576K

Card table byte_map: [0x0000000011a60000,0x0000000011c70000] byte_map_base: 0x0000000011460000

Marking Bits: (ParMarkBitMap*) 0x000000005e1a9d00
 Begin Bits: [0x00000000121d0000, 0x00000000131d0000)
 End Bits:   [0x00000000131d0000, 0x00000000141d0000)

Polling page: 0x0000000000bc0000

CodeCache: size=245760Kb used=7885Kb max_used=7885Kb free=237874Kb
 bounds [0x00000000026a0000, 0x0000000002e60000, 0x00000000116a0000]
 total_blobs=2158 nmethods=1889 adapters=182
 compilation: enabled

Compilation events (10 events):
Event: 6.806 Thread 0x0000000014dc8000 2013   !   2       com.android.dx.rop.code.RegisterSpec::intern (70 bytes)
Event: 6.807 Thread 0x0000000014dc8000 nmethod 2013 0x0000000002e36a90 code [0x0000000002e36c40, 0x0000000002e371a8]
Event: 6.822 Thread 0x0000000014dc8000 2019       2       com.android.dx.cf.code.RopperMachine::jopToRopOpcode (1103 bytes)
Event: 6.824 Thread 0x0000000014dc8000 nmethod 2019 0x0000000002e530d0 code [0x0000000002e53340, 0x0000000002e54118]
Event: 6.837 Thread 0x0000000014dc8000 2023       1       java.util.concurrent.ThreadPoolExecutor::workerCountOf (5 bytes)
Event: 6.837 Thread 0x0000000014dc8000 nmethod 2023 0x0000000002d51950 code [0x0000000002d51aa0, 0x0000000002d51b90]
Event: 6.871 Thread 0x0000000014dc8000 2028   !   2       java.util.concurrent.ArrayBlockingQueue::take (46 bytes)
Event: 6.872 Thread 0x0000000014dc8000 nmethod 2028 0x0000000002e52650 code [0x0000000002e52820, 0x0000000002e52c38]
Event: 6.889 Thread 0x0000000014dc8000 2030       2       com.android.dx.ssa.SCCP::simulateBranch (666 bytes)
Event: 6.893 Thread 0x0000000014dc8000 nmethod 2030 0x0000000002e58e10 code [0x0000000002e59120, 0x0000000002e5a0d8]

GC Heap History (10 events):
Event: 2.044 GC heap before
{Heap before GC invocations=4 (full 0):
 PSYoungGen      total 18944K, used 18918K [0x00000000eab00000, 0x00000000ed000000, 0x0000000100000000)
  eden space 16384K, 100% used [0x00000000eab00000,0x00000000ebb00000,0x00000000ebb00000)
  from space 2560K, 99% used [0x00000000ebb00000,0x00000000ebd79b30,0x00000000ebd80000)
  to   space 2560K, 0% used [0x00000000ecd80000,0x00000000ecd80000,0x00000000ed000000)
 ParOldGen       total 44032K, used 5957K [0x00000000c0000000, 0x00000000c2b00000, 0x00000000eab00000)
  object space 44032K, 13% used [0x00000000c0000000,0x00000000c05d1490,0x00000000c2b00000)
 Metaspace       used 6122K, capacity 7088K, committed 7296K, reserved 1056768K
  class space    used 577K, capacity 616K, committed 640K, reserved 1048576K
Event: 2.104 GC heap after
Heap after GC invocations=4 (full 0):
 PSYoungGen      total 35328K, used 2538K [0x00000000eab00000, 0x00000000ed000000, 0x0000000100000000)
  eden space 32768K, 0% used [0x00000000eab00000,0x00000000eab00000,0x00000000ecb00000)
  from space 2560K, 99% used [0x00000000ecd80000,0x00000000ecffaae0,0x00000000ed000000)
  to   space 2560K, 0% used [0x00000000ecb00000,0x00000000ecb00000,0x00000000ecd80000)
 ParOldGen       total 44032K, used 8675K [0x00000000c0000000, 0x00000000c2b00000, 0x00000000eab00000)
  object space 44032K, 19% used [0x00000000c0000000,0x00000000c0878f50,0x00000000c2b00000)
 Metaspace       used 6122K, capacity 7088K, committed 7296K, reserved 1056768K
  class space    used 577K, capacity 616K, committed 640K, reserved 1048576K
}
Event: 2.462 GC heap before
{Heap before GC invocations=5 (full 0):
 PSYoungGen      total 35328K, used 35306K [0x00000000eab00000, 0x00000000ed000000, 0x0000000100000000)
  eden space 32768K, 100% used [0x00000000eab00000,0x00000000ecb00000,0x00000000ecb00000)
  from space 2560K, 99% used [0x00000000ecd80000,0x00000000ecffaae0,0x00000000ed000000)
  to   space 2560K, 0% used [0x00000000ecb00000,0x00000000ecb00000,0x00000000ecd80000)
 ParOldGen       total 44032K, used 8675K [0x00000000c0000000, 0x00000000c2b00000, 0x00000000eab00000)
  object space 44032K, 19% used [0x00000000c0000000,0x00000000c0878f50,0x00000000c2b00000)
 Metaspace       used 6204K, capacity 7152K, committed 7296K, reserved 1056768K
  class space    used 577K, capacity 616K, committed 640K, reserved 1048576K
Event: 2.493 GC heap after
Heap after GC invocations=5 (full 0):
 PSYoungGen      total 35328K, used 2534K [0x00000000eab00000, 0x00000000efb00000, 0x0000000100000000)
  eden space 32768K, 0% used [0x00000000eab00000,0x00000000eab00000,0x00000000ecb00000)
  from space 2560K, 99% used [0x00000000ecb00000,0x00000000ecd79b30,0x00000000ecd80000)
  to   space 8192K, 0% used [0x00000000ef300000,0x00000000ef300000,0x00000000efb00000)
 ParOldGen       total 44032K, used 13977K [0x00000000c0000000, 0x00000000c2b00000, 0x00000000eab00000)
  object space 44032K, 31% used [0x00000000c0000000,0x00000000c0da66f0,0x00000000c2b00000)
 Metaspace       used 6204K, capacity 7152K, committed 7296K, reserved 1056768K
  class space    used 577K, capacity 616K, committed 640K, reserved 1048576K
}
Event: 2.956 GC heap before
{Heap before GC invocations=6 (full 0):
 PSYoungGen      total 35328K, used 35302K [0x00000000eab00000, 0x00000000efb00000, 0x0000000100000000)
  eden space 32768K, 100% used [0x00000000eab00000,0x00000000ecb00000,0x00000000ecb00000)
  from space 2560K, 99% used [0x00000000ecb00000,0x00000000ecd79b30,0x00000000ecd80000)
  to   space 8192K, 0% used [0x00000000ef300000,0x00000000ef300000,0x00000000efb00000)
 ParOldGen       total 44032K, used 13977K [0x00000000c0000000, 0x00000000c2b00000, 0x00000000eab00000)
  object space 44032K, 31% used [0x00000000c0000000,0x00000000c0da66f0,0x00000000c2b00000)
 Metaspace       used 6228K, capacity 7152K, committed 7296K, reserved 1056768K
  class space    used 577K, capacity 616K, committed 640K, reserved 1048576K
Event: 3.016 GC heap after
Heap after GC invocations=6 (full 0):
 PSYoungGen      total 72704K, used 7732K [0x00000000eab00000, 0x00000000efd00000, 0x0000000100000000)
  eden space 64512K, 0% used [0x00000000eab00000,0x00000000eab00000,0x00000000eea00000)
  from space 8192K, 94% used [0x00000000ef300000,0x00000000efa8d008,0x00000000efb00000)
  to   space 9216K, 0% used [0x00000000eea00000,0x00000000eea00000,0x00000000ef300000)
 ParOldGen       total 44032K, used 13977K [0x00000000c0000000, 0x00000000c2b00000, 0x00000000eab00000)
  object space 44032K, 31% used [0x00000000c0000000,0x00000000c0da66f0,0x00000000c2b00000)
 Metaspace       used 6228K, capacity 7152K, committed 7296K, reserved 1056768K
  class space    used 577K, capacity 616K, committed 640K, reserved 1048576K
}
Event: 4.018 GC heap before
{Heap before GC invocations=7 (full 0):
 PSYoungGen      total 72704K, used 72244K [0x00000000eab00000, 0x00000000efd00000, 0x0000000100000000)
  eden space 64512K, 100% used [0x00000000eab00000,0x00000000eea00000,0x00000000eea00000)
  from space 8192K, 94% used [0x00000000ef300000,0x00000000efa8d008,0x00000000efb00000)
  to   space 9216K, 0% used [0x00000000eea00000,0x00000000eea00000,0x00000000ef300000)
 ParOldGen       total 44032K, used 13977K [0x00000000c0000000, 0x00000000c2b00000, 0x00000000eab00000)
  object space 44032K, 31% used [0x00000000c0000000,0x00000000c0da66f0,0x00000000c2b00000)
 Metaspace       used 6347K, capacity 7154K, committed 7296K, reserved 1056768K
  class space    used 596K, capacity 618K, committed 640K, reserved 1048576K
Event: 4.092 GC heap after
Heap after GC invocations=7 (full 0):
 PSYoungGen      total 73728K, used 9196K [0x00000000eab00000, 0x00000000efd00000, 0x0000000100000000)
  eden space 64512K, 0% used [0x00000000eab00000,0x00000000eab00000,0x00000000eea00000)
  from space 9216K, 99% used [0x00000000eea00000,0x00000000ef2fb3b8,0x00000000ef300000)
  to   space 8192K, 0% used [0x00000000ef300000,0x00000000ef300000,0x00000000efb00000)
 ParOldGen       total 44032K, used 21425K [0x00000000c0000000, 0x00000000c2b00000, 0x00000000eab00000)
  object space 44032K, 48% used [0x00000000c0000000,0x00000000c14ec7a0,0x00000000c2b00000)
 Metaspace       used 6347K, capacity 7154K, committed 7296K, reserved 1056768K
  class space    used 596K, capacity 618K, committed 640K, reserved 1048576K
}
Event: 5.984 GC heap before
{Heap before GC invocations=8 (full 0):
 PSYoungGen      total 73728K, used 73708K [0x00000000eab00000, 0x00000000efd00000, 0x0000000100000000)
  eden space 64512K, 100% used [0x00000000eab00000,0x00000000eea00000,0x00000000eea00000)
  from space 9216K, 99% used [0x00000000eea00000,0x00000000ef2fb3b8,0x00000000ef300000)
  to   space 8192K, 0% used [0x00000000ef300000,0x00000000ef300000,0x00000000efb00000)
 ParOldGen       total 44032K, used 21425K [0x00000000c0000000, 0x00000000c2b00000, 0x00000000eab00000)
  object space 44032K, 48% used [0x00000000c0000000,0x00000000c14ec7a0,0x00000000c2b00000)
 Metaspace       used 6402K, capacity 7218K, committed 7296K, reserved 1056768K
  class space    used 596K, capacity 618K, committed 640K, reserved 1048576K
Event: 6.206 GC heap after
Heap after GC invocations=8 (full 0):
 PSYoungGen      total 72704K, used 8160K [0x00000000eab00000, 0x00000000efd00000, 0x0000000100000000)
  eden space 64512K, 0% used [0x00000000eab00000,0x00000000eab00000,0x00000000eea00000)
  from space 8192K, 99% used [0x00000000ef300000,0x00000000efaf8038,0x00000000efb00000)
  to   space 9216K, 0% used [0x00000000eea00000,0x00000000eea00000,0x00000000ef300000)
 ParOldGen       total 44032K, used 32231K [0x00000000c0000000, 0x00000000c2b00000, 0x00000000eab00000)
  object space 44032K, 73% used [0x00000000c0000000,0x00000000c1f79f88,0x00000000c2b00000)
 Metaspace       used 6402K, capacity 7218K, committed 7296K, reserved 1056768K
  class space    used 596K, capacity 618K, committed 640K, reserved 1048576K
}

Deoptimization events (10 events):
Event: 3.873 Thread 0x0000000016a34000 Uncommon trap: reason=bimorphic action=maybe_recompile pc=0x0000000002d1a834 method=com.android.dx.rop.code.RegisterSpec.withSimpleType()Lcom/android/dx/rop/code/RegisterSpec; @ 21
Event: 4.106 Thread 0x00000000169b2800 Uncommon trap: reason=bimorphic action=maybe_recompile pc=0x0000000002d2452c method=com.android.dx.ssa.LiteralOpUpgrader.tryReplacingWithConstant(Lcom/android/dx/ssa/NormalSsaInsn;)Z @ 62
Event: 4.141 Thread 0x0000000016a25000 Uncommon trap: reason=unstable_if action=reinterpret pc=0x0000000002d05fd4 method=com.android.dx.ssa.MoveParamCombiner$1.visitNonMoveInsn(Lcom/android/dx/ssa/NormalSsaInsn;)V @ 27
Event: 4.274 Thread 0x0000000016a25000 Uncommon trap: reason=unstable_if action=reinterpret pc=0x0000000002d95834 method=com.android.dx.rop.code.DexTranslationAdvice.hasConstantOperation(Lcom/android/dx/rop/code/Rop;Lcom/android/dx/rop/code/RegisterSpec;Lcom/android/dx/rop/code/RegisterSpec;)Z ÊBO {é@
Event: 4.728 Thread 0x0000000016a25000 Uncommon trap: reason=bimorphic action=maybe_recompile pc=0x0000000002d1a834 method=com.android.dx.rop.code.RegisterSpec.withSimpleType()Lcom/android/dx/rop/code/RegisterSpec; @ 21
Event: 4.865 Thread 0x0000000016a25000 Uncommon trap: reason=bimorphic action=maybe_recompile pc=0x0000000002d1a834 method=com.android.dx.rop.code.RegisterSpec.withSimpleType()Lcom/android/dx/rop/code/RegisterSpec; @ 21
Event: 6.803 Thread 0x00000000169b2800 Uncommon trap: reason=unstable_if action=reinterpret pc=0x0000000002e39c6c method=java.util.HashMap.putVal(ILjava/lang/Object;Ljava/lang/Object;ZZ)Ljava/lang/Object; @ 109
Event: 6.803 Thread 0x00000000169b2800 Uncommon trap: reason=unstable_if action=reinterpret pc=0x00000000028ff344 method=java.util.HashMap.getNode(ILjava/lang/Object;)Ljava/util/HashMap$Node; @ 84
Event: 6.819 Thread 0x00000000169b2800 Uncommon trap: reason=unstable_if action=reinterpret pc=0x0000000002dbb02c method=com.android.dx.rop.cst.CstNat.equals(Ljava/lang/Object;)Z @ 25
Event: 6.889 Thread 0x000000001698d000 Uncommon trap: reason=unstable_if action=reinterpret pc=0x0000000002cb4c10 method=com.android.dx.ssa.SCCP.simulateBranch(Lcom/android/dx/ssa/SsaInsn;)V @ 548

Internal exceptions (6 events):
Event: 0.321 Thread 0x000000000259d800 Exception <a 'java/lang/NoSuchMethodError': Method sun.misc.Unsafe.defineClass(Ljava/lang/String;[BII)Ljava/lang/Class; name or signature does not match> (0x00000000eab07cc0) thrown at [C:\src\android\AOSP-openjdk\external\jetbrains\jdk\hotspot\src\share\v±ÚÖ«¶‘Ô?
Event: 0.321 Thread 0x000000000259d800 Exception <a 'java/lang/NoSuchMethodError': Method sun.misc.Unsafe.prefetchRead(Ljava/lang/Object;J)V name or signature does not match> (0x00000000eab07fa8) thrown at [C:\src\android\AOSP-openjdk\external\jetbrains\jdk\hotspot\src\share\vm\prims\jni.cpp, l™×j?ò?
Event: 1.130 Thread 0x0000000016a25000 Implicit null exception at 0x00000000029745e2 to 0x00000000029746d2
Event: 3.635 Thread 0x000000001698d000 Exception <a 'java/lang/ArrayIndexOutOfBoundsException': 18> (0x00000000ed176ee0) thrown at [C:\src\android\AOSP-openjdk\external\jetbrains\jdk\hotspot\src\share\vm\interpreter\interpreterRuntime.cpp, line 366]
Event: 3.636 Thread 0x000000001698d000 Exception <a 'java/lang/ArrayIndexOutOfBoundsException': 145> (0x00000000ed178a60) thrown at [C:\src\android\AOSP-openjdk\external\jetbrains\jdk\hotspot\src\share\vm\interpreter\interpreterRuntime.cpp, line 366]
Event: 3.729 Thread 0x000000001698d000 Exception <a 'java/lang/ArrayIndexOutOfBoundsException'> (0x00000000ed179d48) thrown at [C:\src\android\AOSP-openjdk\external\jetbrains\jdk\hotspot\src\share\vm\runtime\sharedRuntime.cpp, line 605]

Events (10 events):
Event: 6.803 Thread 0x00000000169b2800 DEOPT PACKING pc=0x00000000028ff344 sp=0x0000000016dad7a0
Event: 6.803 Thread 0x00000000169b2800 DEOPT UNPACKING pc=0x00000000026e556a sp=0x0000000016dad6c0 mode 2
Event: 6.819 Thread 0x00000000169b2800 Uncommon trap: trap_request=0xffffff65 fr.pc=0x0000000002dbb02c
Event: 6.819 Thread 0x00000000169b2800 DEOPT PACKING pc=0x0000000002dbb02c sp=0x0000000016dad9b0
Event: 6.819 Thread 0x00000000169b2800 DEOPT UNPACKING pc=0x00000000026e556a sp=0x0000000016dad8d0 mode 2
Event: 6.865 Thread 0x000000001698d000 DEOPT PACKING pc=0x0000000002b984cd sp=0x0000000016fae800
Event: 6.865 Thread 0x000000001698d000 DEOPT UNPACKING pc=0x00000000026e75bf sp=0x0000000016fae568 mode 0
Event: 6.889 Thread 0x000000001698d000 Uncommon trap: trap_request=0xffffff65 fr.pc=0x0000000002cb4c10
Event: 6.889 Thread 0x000000001698d000 DEOPT PACKING pc=0x0000000002cb4c10 sp=0x0000000016fae4f0
Event: 6.889 Thread 0x000000001698d000 DEOPT UNPACKING pc=0x00000000026e556a sp=0x0000000016fae4f8 mode 2


Dynamic libraries:
0x00007ff6091e0000 - 0x00007ff609211000 	C:\Program Files\Android\Android Studio\jre\bin\java.exe
0x00007fff314c0000 - 0x00007fff31681000 	C:\WINDOWS\SYSTEM32\ntdll.dll
0x00007fff2eaa0000 - 0x00007fff2eb4d000 	C:\WINDOWS\system32\KERNEL32.DLL
0x00007fff2e030000 - 0x00007fff2e218000 	C:\WINDOWS\system32\KERNELBASE.dll
0x00007fff30780000 - 0x00007fff30827000 	C:\WINDOWS\system32\ADVAPI32.dll
0x00007fff31140000 - 0x00007fff311dd000 	C:\WINDOWS\system32\msvcrt.dll
0x00007fff30b70000 - 0x00007fff30bcb000 	C:\WINDOWS\system32\sechost.dll
0x00007fff2e8c0000 - 0x00007fff2e9dc000 	C:\WINDOWS\system32\RPCRT4.dll
0x00007fff2ef80000 - 0x00007fff2f0d6000 	C:\WINDOWS\system32\USER32.dll
0x00007fff30fb0000 - 0x00007fff31136000 	C:\WINDOWS\system32\GDI32.dll
0x00007fff257a0000 - 0x00007fff25a14000 	C:\WINDOWS\WinSxS\amd64_microsoft.windows.common-controls_6595b64144ccf1df_6.0.10586.672_none_a2d6b3cea53ff843\COMCTL32.dll
0x00007fff30bd0000 - 0x00007fff30e4d000 	C:\WINDOWS\system32\combase.dll
0x00007fff2dc60000 - 0x00007fff2dcca000 	C:\WINDOWS\system32\bcryptPrimitives.dll
0x00007fff30980000 - 0x00007fff309bb000 	C:\WINDOWS\system32\IMM32.DLL
0x000000005eea0000 - 0x000000005ef72000 	C:\Program Files\Android\Android Studio\jre\jre\bin\msvcr100.dll
0x000000005d9f0000 - 0x000000005e224000 	C:\Program Files\Android\Android Studio\jre\jre\bin\server\jvm.dll
0x00007fff30660000 - 0x00007fff30668000 	C:\WINDOWS\system32\PSAPI.DLL
0x00007fff1ce30000 - 0x00007fff1ce39000 	C:\WINDOWS\SYSTEM32\WSOCK32.dll
0x00007fff30aa0000 - 0x00007fff30b0b000 	C:\WINDOWS\system32\WS2_32.dll
0x00007fff2bd30000 - 0x00007fff2bd53000 	C:\WINDOWS\SYSTEM32\WINMM.dll
0x00007fff242a0000 - 0x00007fff242aa000 	C:\WINDOWS\SYSTEM32\VERSION.dll
0x00007fff2bd00000 - 0x00007fff2bd2c000 	C:\WINDOWS\SYSTEM32\WINMMBASE.dll
0x00007fff2e220000 - 0x00007fff2e263000 	C:\WINDOWS\system32\cfgmgr32.dll
0x00007fff2af00000 - 0x00007fff2af0f000 	C:\Program Files\Android\Android Studio\jre\jre\bin\verify.dll
0x00007fff2ad20000 - 0x00007fff2ad49000 	C:\Program Files\Android\Android Studio\jre\jre\bin\java.dll
0x00007fff2aee0000 - 0x00007fff2aef6000 	C:\Program Files\Android\Android Studio\jre\jre\bin\zip.dll
0x00007fff2f0e0000 - 0x00007fff3063c000 	C:\WINDOWS\system32\SHELL32.dll
0x00007fff2e270000 - 0x00007fff2e8b5000 	C:\WINDOWS\system32\windows.storage.dll
0x00007fff312b0000 - 0x00007fff31302000 	C:\WINDOWS\system32\shlwapi.dll
0x00007fff2db30000 - 0x00007fff2db3f000 	C:\WINDOWS\system32\kernel.appcore.dll
0x00007fff2dcd0000 - 0x00007fff2dd85000 	C:\WINDOWS\system32\shcore.dll
0x00007fff2dae0000 - 0x00007fff2db2b000 	C:\WINDOWS\system32\powrprof.dll
0x00007fff2db50000 - 0x00007fff2db64000 	C:\WINDOWS\system32\profapi.dll

VM Arguments:
jvm_args: -Djava.awt.headless=true -Xmx1024M -Dfile.encoding=windows-1252 -Duser.country=GB -Duser.language=en -Duser.variant 
java_command: com.android.dx.command.Main --dex --force-jumbo --num-threads=4 --multi-dex --output C:\Users\Thomas\AndroidStudioProjects\MrWhemps\app\build\intermediates\transforms\dex\debug\folders\1000\10\com.android.support-appcompat-v7-23.4.0_18d49f025b27cf49f21e577fc18b152f8b9249b3 C:\Users\Thomas\AndroidStudioProjects\MrWhemps\app\build\intermediates\exploded-aar\com.android.support\appcompat-v7\23.4.0\jars\classes.jar
java_class_path (initial): C:\Users\Thomas\AppData\Local\Android\sdk\build-tools\23.0.2\lib\dx.jar
Launcher Type: SUN_STANDARD

Environment Variables:
PATH=C:\Program Files (x86)\Intel\iCLS Client\;C:\Program Files\Intel\iCLS Client\;C:\Windows\system32;C:\Windows;C:\Windows\System32\Wbem;C:\Windows\System32\WindowsPowerShell\v1.0\;C:\Program Files (x86)\Intel\OpenCL SDK\2.0\bin\x86;C:\Program Files (x86)\Intel\OpenCL SDK\2.0\bin\x64;C:\Program Files\Intel\Intel(R) Management Engine Components\DAL;C:\Program Files\Intel\Intel(R) Management Engine Components\IPT;C:\Program Files (x86)\Intel\Intel(R) Management Engine Components\DAL;C:\Program Files (x86)\Intel\Intel(R) Management Engine Components\IPT;C:\Program Files (x86)\Windows Live\Shared;C:\Users\Thomas\AppData\Local\Smartbar\Application\;C:\WINDOWS\system32;C:\WINDOWS;C:\WINDOWS\System32\Wbem;C:\WINDOWS\System32\WindowsPowerShell\v1.0\;D:\Programs\bin;C:\Program Files\Microsoft SQL Server\110\Tools\Binn\;C:\Program Files\Microsoft SQL Server\120\Tools\Binn\;C:\Program Files\MiKTeX 2.9\miktex\bin\;C:\Program Files\MiKTeX 2.9\gs\gs8.71\bin\;C:\Program Files\Git\cmd;C:\Program Files (x86)\Skype\Phone\;C:\Program Files\Microsoft SQL Server\130\Tools\Binn\;C:\Program Files (x86)\Windows Kits\10\Windows Performance Toolkit\;C:\Program Files
USERNAME=Thomas
OS=Windows_NT
PROCESSOR_IDENTIFIER=Intel64 Family 6 Model 42 Stepping 7, GenuineIntel



---------------  S Y S T E M  ---------------

OS: Windows 10.0 , 64 bit Build 10586 (10.0.10586.589)

CPU:total 4 (2 cores per cpu, 2 threads per core) family 6 model 42 stepping 7, cmov, cx8, fxsr, mmx, sse, sse2, sse3, ssse3, sse4.1, sse4.2, popcnt, avx, clmul, ht, tsc, tscinvbit

Memory: 4k page, physical 4075172k(232572k free), swap 6565540k(5212k free)

vm_info: OpenJDK 64-Bit Server VM (25.76-b03) for windows-amd64 JRE (1.8.0_76-release-b03), built on Jun 29 2016 19:09:20 by "ralucas" with MS VC++ 10.0 (VS2010)

time: Sun Jan 01 17:02:23 2017
elapsed time: 7 seconds (0d 0h 0m 7s)

