#
# There is insufficient memory for the Java Runtime Environment to continue.
# Native memory allocation (malloc) failed to allocate 32744 bytes for ChunkPool::allocate
# Possible reasons:
#   The system is out of physical RAM or swap space
#   In 32 bit mode, the process size limit was hit
# Possible solutions:
#   Reduce memory load on the system
#   Increase physical memory or swap space
#   Check if swap backing store is full
#   Use 64 bit Java on a 64 bit OS
#   Decrease Java heap size (-Xmx/-Xms)
#   Decrease number of Java threads
#   Decrease Java thread stack sizes (-Xss)
#   Set larger code cache with -XX:ReservedCodeCacheSize=
# This output file may be truncated or incomplete.
#
#  Out of Memory Error (allocation.cpp:273), pid=3616, tid=0x0000000000002424
#
# JRE version: OpenJDK Runtime Environment (8.0_76-b03) (build 1.8.0_76-release-b03)
# Java VM: OpenJDK 64-Bit Server VM (25.76-b03 mixed mode windows-amd64 compressed oops)
# Failed to write core dump. Minidumps are not enabled by default on client versions of Windows
#

---------------  T H R E A D  ---------------

Current thread (0x000000001517f800):  JavaThread "C2 CompilerThread1" daemon [_thread_in_native, id=9252, stack(0x00000000168b0000,0x00000000169b0000)]

Stack: [0x00000000168b0000,0x00000000169b0000]
[error occurred during error reporting (printing stack bounds), id 0xc0000005]

Native frames: (J=compiled Java code, j=interpreted, Vv=VM code, C=native code)


Current CompileTask:
C2:    521  129       4       java.util.regex.Pattern::compile (406 bytes)


---------------  P R O C E S S  ---------------

Java Threads: ( => current thread )
  0x0000000016ab4800 JavaThread "Service Thread" daemon [_thread_blocked, id=9244, stack(0x0000000016eb0000,0x0000000016fb0000)]
  0x00000000151d9000 JavaThread "C1 CompilerThread2" daemon [_thread_blocked, id=988, stack(0x00000000169b0000,0x0000000016ab0000)]
=>0x000000001517f800 JavaThread "C2 CompilerThread1" daemon [_thread_in_native, id=9252, stack(0x00000000168b0000,0x00000000169b0000)]
  0x000000001517c800 JavaThread "C2 CompilerThread0" daemon [_thread_blocked, id=9328, stack(0x00000000167b0000,0x00000000168b0000)]
  0x000000001517b000 JavaThread "Attach Listener" daemon [_thread_blocked, id=5092, stack(0x00000000166b0000,0x00000000167b0000)]
  0x000000001517a000 JavaThread "Signal Dispatcher" daemon [_thread_blocked, id=11376, stack(0x00000000165b0000,0x00000000166b0000)]
  0x0000000002aa6000 JavaThread "Finalizer" daemon [_thread_blocked, id=8220, stack(0x00000000163d0000,0x00000000164d0000)]
  0x0000000015147000 JavaThread "Reference Handler" daemon [_thread_blocked, id=9720, stack(0x00000000162d0000,0x00000000163d0000)]
  0x0000000000f6d800 JavaThread "main" [_thread_in_vm, id=9640, stack(0x0000000002810000,0x0000000002910000)]

Other Threads:
  0x0000000015145000 VMThread [stack: 0x00000000161d0000,0x00000000162d0000] [id=9768]
  0x0000000016ab6800 WatcherThread [stack: 0x0000000016fb0000,0x00000000170b0000] [id=2000]

VM state:not at safepoint (normal execution)

VM Mutex/Monitor currently owned by a thread:  ([mutex/lock_event])
[0x0000000000f6c6d0] AdapterHandlerLibrary_lock - owner thread: 0x0000000000f6d800

Heap:
 PSYoungGen      total 18944K, used 7610K [0x00000000eab00000, 0x00000000ec000000, 0x0000000100000000)
  eden space 16384K, 46% used [0x00000000eab00000,0x00000000eb26ea18,0x00000000ebb00000)
  from space 2560K, 0% used [0x00000000ebd80000,0x00000000ebd80000,0x00000000ec000000)
  to   space 2560K, 0% used [0x00000000ebb00000,0x00000000ebb00000,0x00000000ebd80000)
 ParOldGen       total 44032K, used 0K [0x00000000c0000000, 0x00000000c2b00000, 0x00000000eab00000)
  object space 44032K, 0% used [0x00000000c0000000,0x00000000c0000000,0x00000000c2b00000)
 Metaspace       used 3326K, capacity 4720K, committed 4864K, reserved 1056768K
  class space    used 351K, capacity 424K, committed 512K, reserved 1048576K

Card table byte_map: [0x0000000011e70000,0x0000000012080000] byte_map_base: 0x0000000011870000

Marking Bits: (ParMarkBitMap*) 0x000000005e1a9d00
 Begin Bits: [0x00000000125e0000, 0x00000000135e0000)
 End Bits:   [0x00000000135e0000, 0x00000000145e0000)

Polling page: 0x0000000000f30000

CodeCache: size=245760Kb used=1344Kb max_used=1356Kb free=244415Kb
 bounds [0x0000000002ab0000, 0x0000000002d20000, 0x0000000011ab0000]
 total_blobs=374 nmethods=132 adapters=156
 compilation: enabled

Compilation events (10 events):
Event: 0.475 Thread 0x000000001517c800 nmethod 127 0x0000000002c00a10 code [0x0000000002c00b80, 0x0000000002c01138]
Event: 0.475 Thread 0x000000001517c800  132       4       java.lang.String::replace (127 bytes)
Event: 0.489 Thread 0x000000001517c800 nmethod 132 0x0000000002c01450 code [0x0000000002c015a0, 0x0000000002c01a18]
Event: 0.489 Thread 0x000000001517c800  131       4       java.util.regex.Pattern::newSlice (181 bytes)
Event: 0.492 Thread 0x000000001517f800 nmethod 128 0x0000000002c01bd0 code [0x0000000002c01d40, 0x0000000002c02358]
Event: 0.492 Thread 0x000000001517f800  129       4       java.util.regex.Pattern::compile (406 bytes)
Event: 0.497 Thread 0x000000001517c800 nmethod 131 0x0000000002c02850 code [0x0000000002c029a0, 0x0000000002c02c98]
Event: 0.498 Thread 0x000000001517c800  130       4       java.lang.String::compareTo (78 bytes)
Event: 0.502 Thread 0x000000001517c800 nmethod 130 0x0000000002bfd790 code [0x0000000002bfd8e0, 0x0000000002bfdab8]
Event: 0.502 Thread 0x000000001517c800  133       4       java.util.regex.Pattern$BnM::match (161 bytes)

GC Heap History (0 events):
No events

Deoptimization events (0 events):
No events

Internal exceptions (2 events):
Event: 0.058 Thread 0x0000000000f6d800 Exception <a 'java/lang/NoSuchMethodError': Method sun.misc.Unsafe.defineClass(Ljava/lang/String;[BII)Ljava/lang/Class; name or signature does not match> (0x00000000eab07cc0) thrown at [C:\src\android\AOSP-openjdk\external\jetbrains\jdk\hotspot\src\share\vÊGå∞≠?
Event: 0.058 Thread 0x0000000000f6d800 Exception <a 'java/lang/NoSuchMethodError': Method sun.misc.Unsafe.prefetchRead(Ljava/lang/Object;J)V name or signature does not match> (0x00000000eab07fa8) thrown at [C:\src\android\AOSP-openjdk\external\jetbrains\jdk\hotspot\src\share\vm\prims\jni.cpp, l

Events (10 events):
Event: 0.485 Thread 0x0000000000f6d800 DEOPT PACKING pc=0x0000000002bd0ab2 sp=0x000000000290ec90
Event: 0.485 Thread 0x0000000000f6d800 DEOPT UNPACKING pc=0x0000000002af75bf sp=0x000000000290e990 mode 0
Event: 0.486 Thread 0x0000000000f6d800 DEOPT PACKING pc=0x0000000002bd0ab2 sp=0x000000000290ed30
Event: 0.486 Thread 0x0000000000f6d800 DEOPT UNPACKING pc=0x0000000002af75bf sp=0x000000000290ea30 mode 0
Event: 0.486 Thread 0x0000000000f6d800 DEOPT PACKING pc=0x0000000002bd0ab2 sp=0x000000000290ed30
Event: 0.486 Thread 0x0000000000f6d800 DEOPT UNPACKING pc=0x0000000002af75bf sp=0x000000000290ea30 mode 0
Event: 0.487 Thread 0x0000000000f6d800 DEOPT PACKING pc=0x0000000002bd0ab2 sp=0x000000000290ed30
Event: 0.487 Thread 0x0000000000f6d800 DEOPT UNPACKING pc=0x0000000002af75bf sp=0x000000000290ea30 mode 0
Event: 0.489 Thread 0x0000000000f6d800 DEOPT PACKING pc=0x0000000002bd0ab2 sp=0x000000000290ed30
Event: 0.489 Thread 0x0000000000f6d800 DEOPT UNPACKING pc=0x0000000002af75bf sp=0x000000000290ea30 mode 0


Dynamic libraries:
0x00007ff6091e0000 - 0x00007ff609211000 	C:\Program Files\Android\Android Studio\jre\bin\java.exe
0x00007fff314c0000 - 0x00007fff31681000 	C:\WINDOWS\SYSTEM32\ntdll.dll
0x00007fff2eaa0000 - 0x00007fff2eb4d000 	C:\WINDOWS\system32\KERNEL32.DLL
0x00007fff2e030000 - 0x00007fff2e218000 	C:\WINDOWS\system32\KERNELBASE.dll
0x00007fff30780000 - 0x00007fff30827000 	C:\WINDOWS\system32\ADVAPI32.dll
0x00007fff31140000 - 0x00007fff311dd000 	C:\WINDOWS\system32\msvcrt.dll
0x00007fff30b70000 - 0x00007fff30bcb000 	C:\WINDOWS\system32\sechost.dll
0x00007fff2e8c0000 - 0x00007fff2e9dc000 	C:\WINDOWS\system32\RPCRT4.dll
0x00007fff2ef80000 - 0x00007fff2f0d6000 	C:\WINDOWS\system32\USER32.dll
0x00007fff30fb0000 - 0x00007fff31136000 	C:\WINDOWS\system32\GDI32.dll
0x00007fff257a0000 - 0x00007fff25a14000 	C:\WINDOWS\WinSxS\amd64_microsoft.windows.common-controls_6595b64144ccf1df_6.0.10586.672_none_a2d6b3cea53ff843\COMCTL32.dll
0x00007fff30bd0000 - 0x00007fff30e4d000 	C:\WINDOWS\system32\combase.dll
0x00007fff2dc60000 - 0x00007fff2dcca000 	C:\WINDOWS\system32\bcryptPrimitives.dll
0x00007fff30980000 - 0x00007fff309bb000 	C:\WINDOWS\system32\IMM32.DLL
0x000000005eea0000 - 0x000000005ef72000 	C:\Program Files\Android\Android Studio\jre\jre\bin\msvcr100.dll
0x000000005d9f0000 - 0x000000005e224000 	C:\Program Files\Android\Android Studio\jre\jre\bin\server\jvm.dll
0x00007fff30660000 - 0x00007fff30668000 	C:\WINDOWS\system32\PSAPI.DLL
0x00007fff1ce30000 - 0x00007fff1ce39000 	C:\WINDOWS\SYSTEM32\WSOCK32.dll
0x00007fff30aa0000 - 0x00007fff30b0b000 	C:\WINDOWS\system32\WS2_32.dll
0x00007fff2bd30000 - 0x00007fff2bd53000 	C:\WINDOWS\SYSTEM32\WINMM.dll
0x00007fff242a0000 - 0x00007fff242aa000 	C:\WINDOWS\SYSTEM32\VERSION.dll
0x00007fff2bd00000 - 0x00007fff2bd2c000 	C:\WINDOWS\SYSTEM32\WINMMBASE.dll
0x00007fff2e220000 - 0x00007fff2e263000 	C:\WINDOWS\system32\cfgmgr32.dll
0x00007fff2af00000 - 0x00007fff2af0f000 	C:\Program Files\Android\Android Studio\jre\jre\bin\verify.dll
0x00007fff2ad20000 - 0x00007fff2ad49000 	C:\Program Files\Android\Android Studio\jre\jre\bin\java.dll
0x00007fff2aee0000 - 0x00007fff2aef6000 	C:\Program Files\Android\Android Studio\jre\jre\bin\zip.dll
0x00007fff2f0e0000 - 0x00007fff3063c000 	C:\WINDOWS\system32\SHELL32.dll
0x00007fff2e270000 - 0x00007fff2e8b5000 	C:\WINDOWS\system32\windows.storage.dll
0x00007fff312b0000 - 0x00007fff31302000 	C:\WINDOWS\system32\shlwapi.dll
0x00007fff2db30000 - 0x00007fff2db3f000 	C:\WINDOWS\system32\kernel.appcore.dll
0x00007fff2dcd0000 - 0x00007fff2dd85000 	C:\WINDOWS\system32\shcore.dll
0x00007fff2dae0000 - 0x00007fff2db2b000 	C:\WINDOWS\system32\powrprof.dll
0x00007fff2db50000 - 0x00007fff2db64000 	C:\WINDOWS\system32\profapi.dll

VM Arguments:
jvm_args: -Djava.awt.headless=true -Xmx1024M -Dfile.encoding=windows-1252 -Duser.country=GB -Duser.language=en -Duser.variant 
java_command: com.android.dx.command.Main --dex --force-jumbo --num-threads=4 --multi-dex --output C:\Users\Thomas\AndroidStudioProjects\MrWhemps\app\build\intermediates\transforms\dex\debug\folders\1000\10\internal_impl-23.4.0_4d260ee55c06ed957a3bff056f2161f651ca0f81 C:\Users\Thomas\AndroidStudioProjects\MrWhemps\app\build\intermediates\exploded-aar\com.android.support\support-v4\23.4.0\jars\libs\internal_impl-23.4.0.jar
java_class_path (initial): C:\Users\Thomas\AppData\Local\Android\sdk\build-tools\23.0.2\lib\dx.jar
Launcher Type: SUN_STANDARD

Environment Variables:
PATH=C:\Program Files (x86)\Intel\iCLS Client\;C:\Program Files\Intel\iCLS Client\;C:\Windows\system32;C:\Windows;C:\Windows\System32\Wbem;C:\Windows\System32\WindowsPowerShell\v1.0\;C:\Program Files (x86)\Intel\OpenCL SDK\2.0\bin\x86;C:\Program Files (x86)\Intel\OpenCL SDK\2.0\bin\x64;C:\Program Files\Intel\Intel(R) Management Engine Components\DAL;C:\Program Files\Intel\Intel(R) Management Engine Components\IPT;C:\Program Files (x86)\Intel\Intel(R) Management Engine Components\DAL;C:\Program Files (x86)\Intel\Intel(R) Management Engine Components\IPT;C:\Program Files (x86)\Windows Live\Shared;C:\Users\Thomas\AppData\Local\Smartbar\Application\;C:\WINDOWS\system32;C:\WINDOWS;C:\WINDOWS\System32\Wbem;C:\WINDOWS\System32\WindowsPowerShell\v1.0\;D:\Programs\bin;C:\Program Files\Microsoft SQL Server\110\Tools\Binn\;C:\Program Files\Microsoft SQL Server\120\Tools\Binn\;C:\Program Files\MiKTeX 2.9\miktex\bin\;C:\Program Files\MiKTeX 2.9\gs\gs8.71\bin\;C:\Program Files\Git\cmd;C:\Program Files (x86)\Skype\Phone\;C:\Program Files\Microsoft SQL Server\130\Tools\Binn\;C:\Program Files (x86)\Windows Kits\10\Windows Performance Toolkit\;C:\Program Files
USERNAME=Thomas
OS=Windows_NT
PROCESSOR_IDENTIFIER=Intel64 Family 6 Model 42 Stepping 7, GenuineIntel



---------------  S Y S T E M  ---------------

OS: Windows 10.0 , 64 bit Build 10586 (10.0.10586.589)

CPU:total 4 (2 cores per cpu, 2 threads per core) family 6 model 42 stepping 7, cmov, cx8, fxsr, mmx, sse, sse2, sse3, ssse3, sse4.1, sse4.2, popcnt, avx, clmul, ht, tsc, tscinvbit

Memory: 4k page, physical 4075172k(643860k free), swap 6565540k(1676k free)

vm_info: OpenJDK 64-Bit Server VM (25.76-b03) for windows-amd64 JRE (1.8.0_76-release-b03), built on Jun 29 2016 19:09:20 by "ralucas" with MS VC++ 10.0 (VS2010)

time: Sun Jan 01 17:02:27 2017
elapsed time: 0 seconds (0d 0h 0m 0s)

