#
# There is insufficient memory for the Java Runtime Environment to continue.
# Native memory allocation (malloc) failed to allocate 894016 bytes for Chunk::new
# Possible reasons:
#   The system is out of physical RAM or swap space
#   In 32 bit mode, the process size limit was hit
# Possible solutions:
#   Reduce memory load on the system
#   Increase physical memory or swap space
#   Check if swap backing store is full
#   Use 64 bit Java on a 64 bit OS
#   Decrease Java heap size (-Xmx/-Xms)
#   Decrease number of Java threads
#   Decrease Java thread stack sizes (-Xss)
#   Set larger code cache with -XX:ReservedCodeCacheSize=
# This output file may be truncated or incomplete.
#
#  Out of Memory Error (allocation.cpp:390), pid=8832, tid=0x0000000000001ca8
#
# JRE version: OpenJDK Runtime Environment (8.0_112-b06) (build 1.8.0_112-release-b06)
# Java VM: OpenJDK 64-Bit Server VM (25.112-b06 mixed mode windows-amd64 compressed oops)
# Failed to write core dump. Minidumps are not enabled by default on client versions of Windows
#

---------------  T H R E A D  ---------------

Current thread (0x000000001c049000):  JavaThread "C2 CompilerThread1" daemon [_thread_in_native, id=7336, stack(0x000000001d780000,0x000000001d880000)]

Stack: [0x000000001d780000,0x000000001d880000]
[error occurred during error reporting (printing stack bounds), id 0xc0000005]

Native frames: (J=compiled Java code, j=interpreted, Vv=VM code, C=native code)


Current CompileTask:
C2:  28003 1984   !   4       com.android.dx.cf.code.Ropper::processBlock (1101 bytes)


---------------  P R O C E S S  ---------------

Java Threads: ( => current thread )
  0x000000001dc8c800 JavaThread "pool-2-thread-3" [_thread_blocked, id=8860, stack(0x000000001e280000,0x000000001e380000)]
  0x000000001dd2e000 JavaThread "pool-2-thread-2" [_thread_blocked, id=5244, stack(0x000000001e180000,0x000000001e280000)]
  0x000000001dd2d800 JavaThread "pool-3-thread-1" [_thread_blocked, id=3828, stack(0x000000001e080000,0x000000001e180000)]
  0x000000001dd32000 JavaThread "pool-2-thread-1" [_thread_blocked, id=10016, stack(0x000000001df80000,0x000000001e080000)]
  0x000000001c09a000 JavaThread "Service Thread" daemon [_thread_blocked, id=8320, stack(0x000000001d980000,0x000000001da80000)]
  0x000000001c04c800 JavaThread "C1 CompilerThread2" daemon [_thread_blocked, id=7544, stack(0x000000001d880000,0x000000001d980000)]
=>0x000000001c049000 JavaThread "C2 CompilerThread1" daemon [_thread_in_native, id=7336, stack(0x000000001d780000,0x000000001d880000)]
  0x000000001c058800 JavaThread "C2 CompilerThread0" daemon [_thread_in_native, id=7404, stack(0x000000001d680000,0x000000001d780000)]
  0x000000001c057000 JavaThread "Attach Listener" daemon [_thread_blocked, id=7808, stack(0x000000001d580000,0x000000001d680000)]
  0x000000001c055800 JavaThread "Signal Dispatcher" daemon [_thread_blocked, id=7136, stack(0x000000001d480000,0x000000001d580000)]
  0x000000001c038800 JavaThread "Finalizer" daemon [_thread_blocked, id=6540, stack(0x000000001d2a0000,0x000000001d3a0000)]
  0x000000001c016800 JavaThread "Reference Handler" daemon [_thread_blocked, id=9768, stack(0x000000001d1a0000,0x000000001d2a0000)]
  0x000000000287d800 JavaThread "main" [_thread_blocked, id=10228, stack(0x0000000002700000,0x0000000002800000)]

Other Threads:
  0x000000001c015000 VMThread [stack: 0x000000001d0a0000,0x000000001d1a0000] [id=296]
  0x000000001c09b800 WatcherThread [stack: 0x000000001da80000,0x000000001db80000] [id=7020]

VM state:at safepoint (normal execution)

VM Mutex/Monitor currently owned by a thread:  ([mutex/lock_event])
[0x000000000287cf50] Threads_lock - owner thread: 0x000000001c015000
[0x000000000287c750] Heap_lock - owner thread: 0x000000001dd32000

Heap:
 PSYoungGen      total 145408K, used 21473K [0x000000076ab00000, 0x0000000775400000, 0x00000007c0000000)
  eden space 123904K, 0% used [0x000000076ab00000,0x000000076ab00000,0x0000000772400000)
  from space 21504K, 99% used [0x0000000772400000,0x00000007738f8460,0x0000000773900000)
  to   space 15360K, 0% used [0x0000000773900000,0x0000000773900000,0x0000000774800000)
 ParOldGen       total 44032K, used 42774K [0x00000006c0000000, 0x00000006c2b00000, 0x000000076ab00000)
  object space 44032K, 97% used [0x00000006c0000000,0x00000006c29c5aa8,0x00000006c2b00000)
 Metaspace       used 6461K, capacity 7218K, committed 7296K, reserved 1056768K
  class space    used 595K, capacity 618K, committed 640K, reserved 1048576K

Card table byte_map: [0x0000000011d40000,0x0000000012550000] byte_map_base: 0x000000000e740000

Marking Bits: (ParMarkBitMap*) 0x00000000560218f0
 Begin Bits: [0x0000000012eb0000, 0x0000000016eb0000)
 End Bits:   [0x0000000016eb0000, 0x000000001aeb0000)

Polling page: 0x0000000000aa0000

CodeCache: size=245760Kb used=7906Kb max_used=7906Kb free=237853Kb
 bounds [0x0000000002980000, 0x0000000003150000, 0x0000000011980000]
 total_blobs=2234 nmethods=1966 adapters=181
 compilation: enabled

Compilation events (10 events):
Event: 27.310 Thread 0x000000001c04c800 2062       1       com.android.dx.rop.code.SwitchInsn::getCases (5 bytes)
Event: 27.310 Thread 0x000000001c04c800 nmethod 2062 0x000000000313eb90 code [0x000000000313ece0, 0x000000000313edf0]
Event: 27.310 Thread 0x000000001c04c800 2063       1       com.android.dx.dex.code.BlockAddresses::getStart (7 bytes)
Event: 27.310 Thread 0x000000001c04c800 nmethod 2063 0x000000000313ee50 code [0x000000000313efa0, 0x000000000313f0d0]
Event: 27.310 Thread 0x000000001c04c800 2064       1       com.android.dx.dex.code.SwitchData::isPacked (5 bytes)
Event: 27.311 Thread 0x000000001c04c800 nmethod 2064 0x000000000313f190 code [0x000000000313f2e0, 0x000000000313f3f0]
Event: 27.312 Thread 0x000000001c04c800 2065       2       com.android.dx.cf.code.SwitchList::removeSuperfluousDefaults (149 bytes)
Event: 27.313 Thread 0x000000001c04c800 nmethod 2065 0x000000000313f450 code [0x000000000313f640, 0x000000000313fb98]
Event: 27.315 Thread 0x000000001c04c800 2067       2       com.android.dx.rop.code.Rop::<init> (15 bytes)
Event: 27.315 Thread 0x000000001c04c800 nmethod 2067 0x0000000003140050 code [0x00000000031401c0, 0x0000000003140348]

GC Heap History (10 events):
Event: 24.052 GC heap after
Heap after GC invocations=5 (full 0):
 PSYoungGen      total 35328K, used 2528K [0x000000076ab00000, 0x000000076fc00000, 0x00000007c0000000)
  eden space 32768K, 0% used [0x000000076ab00000,0x000000076ab00000,0x000000076cb00000)
  from space 2560K, 98% used [0x000000076cb00000,0x000000076cd78010,0x000000076cd80000)
  to   space 8704K, 0% used [0x000000076f380000,0x000000076f380000,0x000000076fc00000)
 ParOldGen       total 44032K, used 13017K [0x00000006c0000000, 0x00000006c2b00000, 0x000000076ab00000)
  object space 44032K, 29% used [0x00000006c0000000,0x00000006c0cb66a8,0x00000006c2b00000)
 Metaspace       used 6205K, capacity 7088K, committed 7296K, reserved 1056768K
  class space    used 574K, capacity 616K, committed 640K, reserved 1048576K
}
Event: 24.328 GC heap before
{Heap before GC invocations=6 (full 0):
 PSYoungGen      total 35328K, used 35296K [0x000000076ab00000, 0x000000076fc00000, 0x00000007c0000000)
  eden space 32768K, 100% used [0x000000076ab00000,0x000000076cb00000,0x000000076cb00000)
  from space 2560K, 98% used [0x000000076cb00000,0x000000076cd78010,0x000000076cd80000)
  to   space 8704K, 0% used [0x000000076f380000,0x000000076f380000,0x000000076fc00000)
 ParOldGen       total 44032K, used 13017K [0x00000006c0000000, 0x00000006c2b00000, 0x000000076ab00000)
  object space 44032K, 29% used [0x00000006c0000000,0x00000006c0cb66a8,0x00000006c2b00000)
 Metaspace       used 6243K, capacity 7152K, committed 7296K, reserved 1056768K
  class space    used 575K, capacity 616K, committed 640K, reserved 1048576K
Event: 24.366 GC heap after
Heap after GC invocations=6 (full 0):
 PSYoungGen      total 73728K, used 7312K [0x000000076ab00000, 0x000000076fd00000, 0x00000007c0000000)
  eden space 65024K, 0% used [0x000000076ab00000,0x000000076ab00000,0x000000076ea80000)
  from space 8704K, 84% used [0x000000076f380000,0x000000076faa4020,0x000000076fc00000)
  to   space 9216K, 0% used [0x000000076ea80000,0x000000076ea80000,0x000000076f380000)
 ParOldGen       total 44032K, used 13017K [0x00000006c0000000, 0x00000006c2b00000, 0x000000076ab00000)
  object space 44032K, 29% used [0x00000006c0000000,0x00000006c0cb66a8,0x00000006c2b00000)
 Metaspace       used 6243K, capacity 7152K, committed 7296K, reserved 1056768K
  class space    used 575K, capacity 616K, committed 640K, reserved 1048576K
}
Event: 25.529 GC heap before
{Heap before GC invocations=7 (full 0):
 PSYoungGen      total 73728K, used 72336K [0x000000076ab00000, 0x000000076fd00000, 0x00000007c0000000)
  eden space 65024K, 100% used [0x000000076ab00000,0x000000076ea80000,0x000000076ea80000)
  from space 8704K, 84% used [0x000000076f380000,0x000000076faa4020,0x000000076fc00000)
  to   space 9216K, 0% used [0x000000076ea80000,0x000000076ea80000,0x000000076f380000)
 ParOldGen       total 44032K, used 13017K [0x00000006c0000000, 0x00000006c2b00000, 0x000000076ab00000)
  object space 44032K, 29% used [0x00000006c0000000,0x00000006c0cb66a8,0x00000006c2b00000)
 Metaspace       used 6363K, capacity 7154K, committed 7296K, reserved 1056768K
  class space    used 593K, capacity 618K, committed 640K, reserved 1048576K
Event: 25.572 GC heap after
Heap after GC invocations=7 (full 0):
 PSYoungGen      total 74240K, used 9200K [0x000000076ab00000, 0x0000000774800000, 0x00000007c0000000)
  eden space 65024K, 0% used [0x000000076ab00000,0x000000076ab00000,0x000000076ea80000)
  from space 9216K, 99% used [0x000000076ea80000,0x000000076f37c020,0x000000076f380000)
  to   space 15360K, 0% used [0x0000000773900000,0x0000000773900000,0x0000000774800000)
 ParOldGen       total 44032K, used 22193K [0x00000006c0000000, 0x00000006c2b00000, 0x000000076ab00000)
  object space 44032K, 50% used [0x00000006c0000000,0x00000006c15ac5d0,0x00000006c2b00000)
 Metaspace       used 6363K, capacity 7154K, committed 7296K, reserved 1056768K
  class space    used 593K, capacity 618K, committed 640K, reserved 1048576K
}
Event: 25.998 GC heap before
{Heap before GC invocations=8 (full 0):
 PSYoungGen      total 74240K, used 74224K [0x000000076ab00000, 0x0000000774800000, 0x00000007c0000000)
  eden space 65024K, 100% used [0x000000076ab00000,0x000000076ea80000,0x000000076ea80000)
  from space 9216K, 99% used [0x000000076ea80000,0x000000076f37c020,0x000000076f380000)
  to   space 15360K, 0% used [0x0000000773900000,0x0000000773900000,0x0000000774800000)
 ParOldGen       total 44032K, used 22193K [0x00000006c0000000, 0x00000006c2b00000, 0x000000076ab00000)
  object space 44032K, 50% used [0x00000006c0000000,0x00000006c15ac5d0,0x00000006c2b00000)
 Metaspace       used 6419K, capacity 7154K, committed 7296K, reserved 1056768K
  class space    used 594K, capacity 618K, committed 640K, reserved 1048576K
Event: 26.057 GC heap after
Heap after GC invocations=8 (full 0):
 PSYoungGen      total 139264K, used 15329K [0x000000076ab00000, 0x0000000775400000, 0x00000007c0000000)
  eden space 123904K, 0% used [0x000000076ab00000,0x000000076ab00000,0x0000000772400000)
  from space 15360K, 99% used [0x0000000773900000,0x00000007747f8460,0x0000000774800000)
  to   space 21504K, 0% used [0x0000000772400000,0x0000000772400000,0x0000000773900000)
 ParOldGen       total 44032K, used 30382K [0x00000006c0000000, 0x00000006c2b00000, 0x000000076ab00000)
  object space 44032K, 69% used [0x00000006c0000000,0x00000006c1dab878,0x00000006c2b00000)
 Metaspace       used 6419K, capacity 7154K, committed 7296K, reserved 1056768K
  class space    used 594K, capacity 618K, committed 640K, reserved 1048576K
}
Event: 27.321 GC heap before
{Heap before GC invocations=9 (full 0):
 PSYoungGen      total 139264K, used 139233K [0x000000076ab00000, 0x0000000775400000, 0x00000007c0000000)
  eden space 123904K, 100% used [0x000000076ab00000,0x0000000772400000,0x0000000772400000)
  from space 15360K, 99% used [0x0000000773900000,0x00000007747f8460,0x0000000774800000)
  to   space 21504K, 0% used [0x0000000772400000,0x0000000772400000,0x0000000773900000)
 ParOldGen       total 44032K, used 30382K [0x00000006c0000000, 0x00000006c2b00000, 0x000000076ab00000)
  object space 44032K, 69% used [0x00000006c0000000,0x00000006c1dab878,0x00000006c2b00000)
 Metaspace       used 6461K, capacity 7218K, committed 7296K, reserved 1056768K
  class space    used 595K, capacity 618K, committed 640K, reserved 1048576K
Event: 27.401 GC heap after
Heap after GC invocations=9 (full 0):
 PSYoungGen      total 145408K, used 21473K [0x000000076ab00000, 0x0000000775400000, 0x00000007c0000000)
  eden space 123904K, 0% used [0x000000076ab00000,0x000000076ab00000,0x0000000772400000)
  from space 21504K, 99% used [0x0000000772400000,0x00000007738f8460,0x0000000773900000)
  to   space 15360K, 0% used [0x0000000773900000,0x0000000773900000,0x0000000774800000)
 ParOldGen       total 44032K, used 42774K [0x00000006c0000000, 0x00000006c2b00000, 0x000000076ab00000)
  object space 44032K, 97% used [0x00000006c0000000,0x00000006c29c5aa8,0x00000006c2b00000)
 Metaspace       used 6461K, capacity 7218K, committed 7296K, reserved 1056768K
  class space    used 595K, capacity 618K, committed 640K, reserved 1048576K
}
Event: 27.401 GC heap before
{Heap before GC invocations=10 (full 1):
 PSYoungGen      total 145408K, used 21473K [0x000000076ab00000, 0x0000000775400000, 0x00000007c0000000)
  eden space 123904K, 0% used [0x000000076ab00000,0x000000076ab00000,0x0000000772400000)
  from space 21504K, 99% used [0x0000000772400000,0x00000007738f8460,0x0000000773900000)
  to   space 15360K, 0% used [0x0000000773900000,0x0000000773900000,0x0000000774800000)
 ParOldGen       total 44032K, used 42774K [0x00000006c0000000, 0x00000006c2b00000, 0x000000076ab00000)
  object space 44032K, 97% used [0x00000006c0000000,0x00000006c29c5aa8,0x00000006c2b00000)
 Metaspace       used 6461K, capacity 7218K, committed 7296K, reserved 1056768K
  class space    used 595K, capacity 618K, committed 640K, reserved 1048576K

Deoptimization events (10 events):
Event: 24.003 Thread 0x000000001dd2e000 Uncommon trap: reason=unstable_if action=reinterpret pc=0x0000000002dbe4d4 method=com.android.dx.ssa.SsaMethod.deleteInsns(Ljava/util/Set;)V @ 130
Event: 24.016 Thread 0x000000000287d800 Uncommon trap: reason=uninitialized action=reinterpret pc=0x0000000002f46b00 method=com.android.dx.cf.code.BytecodeArray.parseInstruction(ILcom/android/dx/cf/code/BytecodeArray$Visitor;)I @ 1047
Event: 24.720 Thread 0x000000000287d800 Uncommon trap: reason=unstable_if action=reinterpret pc=0x0000000002ce124c method=java.util.HashMap.putVal(ILjava/lang/Object;Ljava/lang/Object;ZZ)Ljava/lang/Object; @ 162
Event: 25.825 Thread 0x000000001dc8d000 Uncommon trap: reason=class_check action=maybe_recompile pc=0x00000000030a8674 method=com.android.dx.ssa.SCCP.simulateBranch(Lcom/android/dx/ssa/SsaInsn;)V @ 145
Event: 25.836 Thread 0x000000001dc8d000 Uncommon trap: reason=unstable_if action=reinterpret pc=0x00000000030a8080 method=com.android.dx.ssa.SCCP.simulateBranch(Lcom/android/dx/ssa/SsaInsn;)V @ 334
Event: 26.496 Thread 0x000000001dc8d000 Uncommon trap: reason=bimorphic action=maybe_recompile pc=0x0000000003004c48 method=com.android.dx.ssa.SCCP.setLatticeValueTo(IILcom/android/dx/rop/cst/Constant;)Z @ 43
Event: 26.496 Thread 0x000000001dc8d000 Uncommon trap: reason=bimorphic action=maybe_recompile pc=0x0000000003004c48 method=com.android.dx.ssa.SCCP.setLatticeValueTo(IILcom/android/dx/rop/cst/Constant;)Z @ 43
Event: 26.496 Thread 0x000000001dc8d000 Uncommon trap: reason=bimorphic action=maybe_recompile pc=0x0000000003004c48 method=com.android.dx.ssa.SCCP.setLatticeValueTo(IILcom/android/dx/rop/cst/Constant;)Z @ 43
Event: 26.496 Thread 0x000000001dc8d000 Uncommon trap: reason=bimorphic action=maybe_recompile pc=0x0000000003004c48 method=com.android.dx.ssa.SCCP.setLatticeValueTo(IILcom/android/dx/rop/cst/Constant;)Z @ 43
Event: 27.304 Thread 0x000000001dc8c800 Uncommon trap: reason=bimorphic action=maybe_recompile pc=0x000000000306a76c method=com.android.dx.cf.code.RopperMachine.run(Lcom/android/dx/cf/code/Frame;II)V @ 988

Internal exceptions (6 events):
Event: 0.921 Thread 0x000000000287d800 Exception <a 'java/lang/NoSuchMethodError': Method sun.misc.Unsafe.defineClass(Ljava/lang/String;[BII)Ljava/lang/Class; name or signature does not match> (0x000000076ab07c78) thrown at [C:\src\android\AOSP-openjdk\external\jetbrains\jdk\hotspot\src\share\vÆ+ÐQví?
Event: 0.921 Thread 0x000000000287d800 Exception <a 'java/lang/NoSuchMethodError': Method sun.misc.Unsafe.prefetchRead(Ljava/lang/Object;J)V name or signature does not match> (0x000000076ab07f60) thrown at [C:\src\android\AOSP-openjdk\external\jetbrains\jdk\hotspot\src\share\vm\prims\jni.cpp, lþÖsyÜ[7@
Event: 23.359 Thread 0x000000001dd2e000 Implicit null exception at 0x0000000002cb2f22 to 0x0000000002cb301a
Event: 25.206 Thread 0x000000000287d800 Exception <a 'java/lang/ArrayIndexOutOfBoundsException': 18> (0x000000076dc022f0) thrown at [C:\src\android\AOSP-openjdk\external\jetbrains\jdk\hotspot\src\share\vm\interpreter\interpreterRuntime.cpp, line 366]
Event: 25.207 Thread 0x000000000287d800 Exception <a 'java/lang/ArrayIndexOutOfBoundsException': 145> (0x000000076dc03e70) thrown at [C:\src\android\AOSP-openjdk\external\jetbrains\jdk\hotspot\src\share\vm\interpreter\interpreterRuntime.cpp, line 366]
Event: 25.395 Thread 0x000000000287d800 Exception <a 'java/lang/ArrayIndexOutOfBoundsException'> (0x000000076dc05158) thrown at [C:\src\android\AOSP-openjdk\external\jetbrains\jdk\hotspot\src\share\vm\runtime\sharedRuntime.cpp, line 605]

Events (10 events):
Event: 27.292 loading class java/util/HashMap$KeySet done
Event: 27.292 loading class java/util/HashMap$KeyIterator
Event: 27.292 loading class java/util/HashMap$KeyIterator done
Event: 27.304 Thread 0x000000001dc8c800 Uncommon trap: trap_request=0xffffffc6 fr.pc=0x000000000306a76c
Event: 27.304 Thread 0x000000001dc8c800 DEOPT PACKING pc=0x000000000306a76c sp=0x000000001e37df50
Event: 27.304 Thread 0x000000001dc8c800 DEOPT UNPACKING pc=0x00000000029c556a sp=0x000000001e37df08 mode 2
Event: 27.321 Executing VM operation: RevokeBias
Event: 27.321 Executing VM operation: RevokeBias done
Event: 27.321 Thread 0x000000001dc8d000 Thread exited: 0x000000001dc8d000
Event: 27.321 Executing VM operation: ParallelGCFailedAllocation


Dynamic libraries:
0x00007ff6f9e60000 - 0x00007ff6f9e91000 	C:\Program Files\Android\Android Studio\jre\bin\java.exe
0x00007ffb52ea0000 - 0x00007ffb53061000 	C:\WINDOWS\SYSTEM32\ntdll.dll
0x00007ffb528f0000 - 0x00007ffb5299d000 	C:\WINDOWS\system32\KERNEL32.DLL
0x00007ffb4fed0000 - 0x00007ffb500b8000 	C:\WINDOWS\system32\KERNELBASE.dll
0x00007ffb52c60000 - 0x00007ffb52d07000 	C:\WINDOWS\system32\ADVAPI32.dll
0x00007ffb51a20000 - 0x00007ffb51abd000 	C:\WINDOWS\system32\msvcrt.dll
0x00007ffb502a0000 - 0x00007ffb502fb000 	C:\WINDOWS\system32\sechost.dll
0x00007ffb51f90000 - 0x00007ffb520ac000 	C:\WINDOWS\system32\RPCRT4.dll
0x00007ffb52790000 - 0x00007ffb528e6000 	C:\WINDOWS\system32\USER32.dll
0x00007ffb52ad0000 - 0x00007ffb52c57000 	C:\WINDOWS\system32\GDI32.dll
0x00007ffb49b90000 - 0x00007ffb49e04000 	C:\WINDOWS\WinSxS\amd64_microsoft.windows.common-controls_6595b64144ccf1df_6.0.10586.839_none_a2ddba30a539a2ae\COMCTL32.dll
0x00007ffb51ac0000 - 0x00007ffb51d3e000 	C:\WINDOWS\system32\combase.dll
0x00007ffb4fe60000 - 0x00007ffb4feca000 	C:\WINDOWS\system32\bcryptPrimitives.dll
0x00007ffb51f50000 - 0x00007ffb51f8b000 	C:\WINDOWS\system32\IMM32.DLL
0x0000000056930000 - 0x0000000056a02000 	C:\Program Files\Android\Android Studio\jre\jre\bin\msvcr100.dll
0x0000000055860000 - 0x000000005609c000 	C:\Program Files\Android\Android Studio\jre\jre\bin\server\jvm.dll
0x00007ffb52e90000 - 0x00007ffb52e98000 	C:\WINDOWS\system32\PSAPI.DLL
0x00007ffb4db90000 - 0x00007ffb4dbb3000 	C:\WINDOWS\SYSTEM32\WINMM.dll
0x00007ffb4ac60000 - 0x00007ffb4ac6a000 	C:\WINDOWS\SYSTEM32\VERSION.dll
0x00007ffb43cb0000 - 0x00007ffb43cb9000 	C:\WINDOWS\SYSTEM32\WSOCK32.dll
0x00007ffb520b0000 - 0x00007ffb5211b000 	C:\WINDOWS\system32\WS2_32.dll
0x00007ffb4da50000 - 0x00007ffb4da7c000 	C:\WINDOWS\SYSTEM32\WINMMBASE.dll
0x00007ffb50250000 - 0x00007ffb50293000 	C:\WINDOWS\system32\cfgmgr32.dll
0x00007ffb4cd30000 - 0x00007ffb4cd3f000 	C:\Program Files\Android\Android Studio\jre\jre\bin\verify.dll
0x00007ffb423e0000 - 0x00007ffb42409000 	C:\Program Files\Android\Android Studio\jre\jre\bin\java.dll
0x00007ffb462f0000 - 0x00007ffb46306000 	C:\Program Files\Android\Android Studio\jre\jre\bin\zip.dll
0x00007ffb50370000 - 0x00007ffb518cc000 	C:\WINDOWS\system32\SHELL32.dll
0x00007ffb4f810000 - 0x00007ffb4fe54000 	C:\WINDOWS\system32\windows.storage.dll
0x00007ffb526b0000 - 0x00007ffb52702000 	C:\WINDOWS\system32\shlwapi.dll
0x00007ffb4f4e0000 - 0x00007ffb4f4ef000 	C:\WINDOWS\system32\kernel.appcore.dll
0x00007ffb500c0000 - 0x00007ffb50175000 	C:\WINDOWS\system32\shcore.dll
0x00007ffb4f4f0000 - 0x00007ffb4f53b000 	C:\WINDOWS\system32\powrprof.dll
0x00007ffb4f4c0000 - 0x00007ffb4f4d4000 	C:\WINDOWS\system32\profapi.dll

VM Arguments:
jvm_args: -Djava.awt.headless=true -Xmx4g -Dfile.encoding=windows-1252 -Duser.country=GB -Duser.language=en -Duser.variant 
java_command: com.android.dx.command.Main --dex --force-jumbo --num-threads=4 --multi-dex --output C:\Users\Thomas\AndroidStudioProjects\MrWhemps\app\build\intermediates\transforms\dex\debug\folders\1000\10\classes_18a1c141bb1aa3600013606ff9764a5373c43ee2 C:\Users\Thomas\.android\build-cache\a8d224e6f6cf578175e7c7bdcf4e35299ea5e039\output\jars\classes.jar
java_class_path (initial): C:\Users\Thomas\AppData\Local\Android\sdk\build-tools\25.0.0\lib\dx.jar
Launcher Type: SUN_STANDARD

Environment Variables:
PATH=C:\Program Files (x86)\Intel\iCLS Client\;C:\Program Files\Intel\iCLS Client\;C:\Windows\system32;C:\Windows;C:\Windows\System32\Wbem;C:\Windows\System32\WindowsPowerShell\v1.0\;C:\Program Files (x86)\Intel\OpenCL SDK\2.0\bin\x86;C:\Program Files (x86)\Intel\OpenCL SDK\2.0\bin\x64;C:\Program Files\Intel\Intel(R) Management Engine Components\DAL;C:\Program Files\Intel\Intel(R) Management Engine Components\IPT;C:\Program Files (x86)\Intel\Intel(R) Management Engine Components\DAL;C:\Program Files (x86)\Intel\Intel(R) Management Engine Components\IPT;C:\Program Files (x86)\Windows Live\Shared;C:\Users\Thomas\AppData\Local\Smartbar\Application\;C:\WINDOWS\system32;C:\WINDOWS;C:\WINDOWS\System32\Wbem;C:\WINDOWS\System32\WindowsPowerShell\v1.0\;C:\Program Files\Microsoft SQL Server\110\Tools\Binn\;C:\Program Files\Microsoft SQL Server\120\Tools\Binn\;C:\Program Files\MiKTeX 2.9\miktex\bin\;C:\Program Files\MiKTeX 2.9\gs\gs8.71\bin\;C:\Program Files\Git\cmd;C:\Program Files (x86)\Skype\Phone\;C:\Program Files\Microsoft SQL Server\130\Tools\Binn\;C:\Program Files (x86)\Windows Kits\10\Windows Performance Toolkit\;C:\Program Files
USERNAME=Thomas
OS=Windows_NT
PROCESSOR_IDENTIFIER=Intel64 Family 6 Model 42 Stepping 7, GenuineIntel



---------------  S Y S T E M  ---------------

OS: Windows 10.0 , 64 bit Build 10586 (10.0.10586.589)

CPU:total 4 (2 cores per cpu, 2 threads per core) family 6 model 42 stepping 7, cmov, cx8, fxsr, mmx, sse, sse2, sse3, ssse3, sse4.1, sse4.2, popcnt, avx, clmul, ht, tsc, tscinvbit

Memory: 4k page, physical 4075196k(272860k free), swap 6565564k(1052k free)

vm_info: OpenJDK 64-Bit Server VM (25.112-b06) for windows-amd64 JRE (1.8.0_112-release-b06), built on Dec  8 2016 00:54:26 by "builder" with MS VC++ 10.0 (VS2010)

time: Wed Sep 06 19:32:23 2017
elapsed time: 28 seconds (0d 0h 0m 28s)

