#
# There is insufficient memory for the Java Runtime Environment to continue.
# Native memory allocation (malloc) failed to allocate 32744 bytes for ChunkPool::allocate
# Possible reasons:
#   The system is out of physical RAM or swap space
#   In 32 bit mode, the process size limit was hit
# Possible solutions:
#   Reduce memory load on the system
#   Increase physical memory or swap space
#   Check if swap backing store is full
#   Use 64 bit Java on a 64 bit OS
#   Decrease Java heap size (-Xmx/-Xms)
#   Decrease number of Java threads
#   Decrease Java thread stack sizes (-Xss)
#   Set larger code cache with -XX:ReservedCodeCacheSize=
# This output file may be truncated or incomplete.
#
#  Out of Memory Error (allocation.cpp:273), pid=8396, tid=0x0000000000002ed8
#
# JRE version: OpenJDK Runtime Environment (8.0_76-b03) (build 1.8.0_76-release-b03)
# Java VM: OpenJDK 64-Bit Server VM (25.76-b03 mixed mode windows-amd64 compressed oops)
# Failed to write core dump. Minidumps are not enabled by default on client versions of Windows
#

---------------  T H R E A D  ---------------

Current thread (0x000000001521b000):  JavaThread "C1 CompilerThread2" daemon [_thread_in_native, id=11992, stack(0x0000000016a10000,0x0000000016b10000)]

Stack: [0x0000000016a10000,0x0000000016b10000]
[error occurred during error reporting (printing stack bounds), id 0xc0000005]

Native frames: (J=compiled Java code, j=interpreted, Vv=VM code, C=native code)


Current CompileTask:
C1:    776  486   !   3       com.android.dx.cf.code.BytecodeArray::parseInstruction (2764 bytes)


---------------  P R O C E S S  ---------------

Java Threads: ( => current thread )
  0x0000000016c8a000 JavaThread "pool-2-thread-4" [_thread_in_Java, id=13752, stack(0x0000000017510000,0x0000000017610000)]
  0x0000000016c72000 JavaThread "pool-2-thread-3" [_thread_blocked, id=7300, stack(0x0000000017410000,0x0000000017510000)]
  0x0000000016c7d000 JavaThread "pool-2-thread-2" [_thread_blocked, id=8464, stack(0x0000000017310000,0x0000000017410000)]
  0x0000000016c75000 JavaThread "pool-3-thread-1" [_thread_blocked, id=8388, stack(0x0000000017210000,0x0000000017310000)]
  0x0000000016c6c000 JavaThread "pool-2-thread-1" [_thread_blocked, id=13660, stack(0x0000000017110000,0x0000000017210000)]
  0x0000000016b2b800 JavaThread "Service Thread" daemon [_thread_blocked, id=4864, stack(0x0000000016f10000,0x0000000017010000)]
=>0x000000001521b000 JavaThread "C1 CompilerThread2" daemon [_thread_in_native, id=11992, stack(0x0000000016a10000,0x0000000016b10000)]
  0x00000000151be800 JavaThread "C2 CompilerThread1" daemon [_thread_blocked, id=12940, stack(0x0000000016910000,0x0000000016a10000)]
  0x00000000151bb800 JavaThread "C2 CompilerThread0" daemon [_thread_blocked, id=8424, stack(0x0000000016810000,0x0000000016910000)]
  0x00000000151ba000 JavaThread "Attach Listener" daemon [_thread_blocked, id=7496, stack(0x0000000016710000,0x0000000016810000)]
  0x00000000151b9000 JavaThread "Signal Dispatcher" daemon [_thread_blocked, id=6096, stack(0x0000000016610000,0x0000000016710000)]
  0x00000000151a8800 JavaThread "Finalizer" daemon [_thread_blocked, id=11752, stack(0x0000000016430000,0x0000000016530000)]
  0x0000000002ae0800 JavaThread "Reference Handler" daemon [_thread_blocked, id=6456, stack(0x0000000016330000,0x0000000016430000)]
  0x00000000029ed800 JavaThread "main" [_thread_in_Java, id=1880, stack(0x0000000002850000,0x0000000002950000)]

Other Threads:
  0x0000000015185000 VMThread [stack: 0x0000000016230000,0x0000000016330000] [id=12724]
  0x0000000016b2d800 WatcherThread [stack: 0x0000000017010000,0x0000000017110000] [id=2544]

VM state:not at safepoint (normal execution)

VM Mutex/Monitor currently owned by a thread:  ([mutex/lock_event])
[0x00000000029f0350] MethodData_lock - owner thread: 0x0000000000000000
[0x00000000029f08d0] MethodCompileQueue_lock - owner thread: 0x0000000000000000

Heap:
 PSYoungGen      total 18944K, used 10869K [0x00000000eab00000, 0x00000000ec000000, 0x0000000100000000)
  eden space 16384K, 66% used [0x00000000eab00000,0x00000000eb59d718,0x00000000ebb00000)
  from space 2560K, 0% used [0x00000000ebd80000,0x00000000ebd80000,0x00000000ec000000)
  to   space 2560K, 0% used [0x00000000ebb00000,0x00000000ebb00000,0x00000000ebd80000)
 ParOldGen       total 44032K, used 0K [0x00000000c0000000, 0x00000000c2b00000, 0x00000000eab00000)
  object space 44032K, 0% used [0x00000000c0000000,0x00000000c0000000,0x00000000c2b00000)
 Metaspace       used 5383K, capacity 6448K, committed 6528K, reserved 1058816K
  class space    used 567K, capacity 616K, committed 640K, reserved 1048576K

Card table byte_map: [0x0000000011eb0000,0x00000000120c0000] byte_map_base: 0x00000000118b0000

Marking Bits: (ParMarkBitMap*) 0x000000005c809d00
 Begin Bits: [0x0000000012620000, 0x0000000013620000)
 End Bits:   [0x0000000013620000, 0x0000000014620000)

Polling page: 0x00000000027a0000

CodeCache: size=245760Kb used=1993Kb max_used=1993Kb free=243766Kb
 bounds [0x0000000002af0000, 0x0000000002d60000, 0x0000000011af0000]
 total_blobs=752 nmethods=485 adapters=181
 compilation: enabled

Compilation events (10 events):
Event: 0.759 Thread 0x000000001521b000 nmethod 480 0x0000000002ce1710 code [0x0000000002ce1880, 0x0000000002ce1a08]
Event: 0.759 Thread 0x000000001521b000  482       3       com.android.dx.rop.code.Rop::hashCode (54 bytes)
Event: 0.760 Thread 0x000000001521b000 nmethod 482 0x0000000002ce1e50 code [0x0000000002ce1fe0, 0x0000000002ce24a8]
Event: 0.760 Thread 0x000000001521b000  483       3       com.android.dx.cf.code.ConcreteMethod::getCatches (8 bytes)
Event: 0.760 Thread 0x000000001521b000 nmethod 483 0x0000000002ce2650 code [0x0000000002ce27a0, 0x0000000002ce2990]
Event: 0.760 Thread 0x000000001521b000  484       3       com.android.dx.rop.code.PlainInsn::<init> (73 bytes)
Event: 0.761 Thread 0x000000001521b000 nmethod 484 0x0000000002ce2a50 code [0x0000000002ce2be0, 0x0000000002ce30a8]
Event: 0.761 Thread 0x000000001521b000  485       1       com.android.dx.rop.cst.CstMemberRef::getDefiningClass (5 bytes)
Event: 0.761 Thread 0x000000001521b000 nmethod 485 0x0000000002ce3250 code [0x0000000002ce33a0, 0x0000000002ce34b0]
Event: 0.761 Thread 0x000000001521b000  486   !   3       com.android.dx.cf.code.BytecodeArray::parseInstruction (2764 bytes)

GC Heap History (0 events):
No events

Deoptimization events (1 events):
Event: 0.402 Thread 0x00000000029ed800 Uncommon trap: reason=unstable_if action=reinterpret pc=0x0000000002c35d50 method=java.lang.String.indexOf(II)I @ 49

Internal exceptions (4 events):
Event: 0.092 Thread 0x00000000029ed800 Exception <a 'java/lang/NoSuchMethodError': Method sun.misc.Unsafe.defineClass(Ljava/lang/String;[BII)Ljava/lang/Class; name or signature does not match> (0x00000000eab07cc0) thrown at [C:\src\android\AOSP-openjdk\external\jetbrains\jdk\hotspot\src\share\v-ŽRl‘·?
Event: 0.092 Thread 0x00000000029ed800 Exception <a 'java/lang/NoSuchMethodError': Method sun.misc.Unsafe.prefetchRead(Ljava/lang/Object;J)V name or signature does not match> (0x00000000eab07fa8) thrown at [C:\src\android\AOSP-openjdk\external\jetbrains\jdk\hotspot\src\share\vm\prims\jni.cpp, lþæ$on1å?
Event: 0.662 Thread 0x0000000016c72000 Exception <a 'java/lang/OutOfMemoryError'> (0x00000000eb1c5528) thrown at [C:\src\android\AOSP-openjdk\external\jetbrains\jdk\hotspot\src\share\vm\prims\jni.cpp, line 735]
Event: 0.662 Thread 0x0000000016c72000 Exception <a 'java/lang/OutOfMemoryError'> (0x00000000eb1c5528) thrown at [C:\src\android\AOSP-openjdk\external\jetbrains\jdk\hotspot\src\share\vm\prims\jvm.cpp, line 1390]

Events (10 events):
Event: 0.711 loading class com/android/dx/ssa/PhiInsn$Operand
Event: 0.711 loading class com/android/dx/ssa/PhiInsn$Operand done
Event: 0.719 loading class com/android/dx/dex/file/MethodAnnotationStruct
Event: 0.719 loading class com/android/dx/dex/file/MethodAnnotationStruct done
Event: 0.720 loading class java/util/TreeMap$EntrySet
Event: 0.720 loading class java/util/TreeMap$EntrySet done
Event: 0.720 loading class java/util/TreeMap$EntryIterator
Event: 0.720 loading class java/util/TreeMap$EntryIterator done
Event: 0.720 loading class com/android/dx/ssa/back/FirstFitLocalCombiningAllocator$Multiset
Event: 0.720 loading class com/android/dx/ssa/back/FirstFitLocalCombiningAllocator$Multiset done


Dynamic libraries:
0x00007ff6c7d80000 - 0x00007ff6c7db1000 	C:\Program Files\Android\Android Studio\jre\bin\java.exe
0x00007ffd40960000 - 0x00007ffd40b21000 	C:\WINDOWS\SYSTEM32\ntdll.dll
0x00007ffd3e080000 - 0x00007ffd3e12d000 	C:\WINDOWS\system32\KERNEL32.DLL
0x00007ffd3dab0000 - 0x00007ffd3dc98000 	C:\WINDOWS\system32\KERNELBASE.dll
0x00007ffd40460000 - 0x00007ffd40507000 	C:\WINDOWS\system32\ADVAPI32.dll
0x00007ffd3e980000 - 0x00007ffd3ea1d000 	C:\WINDOWS\system32\msvcrt.dll
0x00007ffd3e8b0000 - 0x00007ffd3e90b000 	C:\WINDOWS\system32\sechost.dll
0x00007ffd3e130000 - 0x00007ffd3e24c000 	C:\WINDOWS\system32\RPCRT4.dll
0x00007ffd3df20000 - 0x00007ffd3e076000 	C:\WINDOWS\system32\USER32.dll
0x00007ffd3dd80000 - 0x00007ffd3df06000 	C:\WINDOWS\system32\GDI32.dll
0x00007ffd38ad0000 - 0x00007ffd38d44000 	C:\WINDOWS\WinSxS\amd64_microsoft.windows.common-controls_6595b64144ccf1df_6.0.10586.672_none_a2d6b3cea53ff843\COMCTL32.dll
0x00007ffd3e250000 - 0x00007ffd3e4cd000 	C:\WINDOWS\system32\combase.dll
0x00007ffd3d8b0000 - 0x00007ffd3d91a000 	C:\WINDOWS\system32\bcryptPrimitives.dll
0x00007ffd40510000 - 0x00007ffd4054b000 	C:\WINDOWS\system32\IMM32.DLL
0x000000005be90000 - 0x000000005bf62000 	C:\Program Files\Android\Android Studio\jre\jre\bin\msvcr100.dll
0x000000005c050000 - 0x000000005c884000 	C:\Program Files\Android\Android Studio\jre\jre\bin\server\jvm.dll
0x00007ffd3df10000 - 0x00007ffd3df18000 	C:\WINDOWS\system32\PSAPI.DLL
0x00007ffd32730000 - 0x00007ffd32739000 	C:\WINDOWS\SYSTEM32\WSOCK32.dll
0x00007ffd3e910000 - 0x00007ffd3e97b000 	C:\WINDOWS\system32\WS2_32.dll
0x00007ffd39a80000 - 0x00007ffd39aa3000 	C:\WINDOWS\SYSTEM32\WINMM.dll
0x00007ffd33a10000 - 0x00007ffd33a1a000 	C:\WINDOWS\SYSTEM32\VERSION.dll
0x00007ffd39a50000 - 0x00007ffd39a7c000 	C:\WINDOWS\SYSTEM32\WINMMBASE.dll
0x00007ffd3d920000 - 0x00007ffd3d963000 	C:\WINDOWS\system32\cfgmgr32.dll
0x00007ffd34130000 - 0x00007ffd3413f000 	C:\Program Files\Android\Android Studio\jre\jre\bin\verify.dll
0x00007ffd32f70000 - 0x00007ffd32f99000 	C:\Program Files\Android\Android Studio\jre\jre\bin\java.dll
0x00007ffd2ffd0000 - 0x00007ffd2ffe6000 	C:\Program Files\Android\Android Studio\jre\jre\bin\zip.dll
0x00007ffd3ef00000 - 0x00007ffd4045c000 	C:\WINDOWS\system32\SHELL32.dll
0x00007ffd3d090000 - 0x00007ffd3d6d5000 	C:\WINDOWS\system32\windows.storage.dll
0x00007ffd406d0000 - 0x00007ffd40722000 	C:\WINDOWS\system32\shlwapi.dll
0x00007ffd3d000000 - 0x00007ffd3d00f000 	C:\WINDOWS\system32\kernel.appcore.dll
0x00007ffd3dca0000 - 0x00007ffd3dd55000 	C:\WINDOWS\system32\shcore.dll
0x00007ffd3cfb0000 - 0x00007ffd3cffb000 	C:\WINDOWS\system32\powrprof.dll
0x00007ffd3cf90000 - 0x00007ffd3cfa4000 	C:\WINDOWS\system32\profapi.dll

VM Arguments:
jvm_args: -Djava.awt.headless=true -Xmx1024M -Dfile.encoding=windows-1252 -Duser.country=GB -Duser.language=en -Duser.variant 
java_command: com.android.dx.command.Main --dex --force-jumbo --num-threads=4 --multi-dex --output C:\Users\Thomas\AndroidStudioProjects\MrWhemps\app\build\intermediates\transforms\dex\debug\folders\1000\10\com.google.android.gms-play-services-identity-9.4.0_cddf6f6266dfc103e381f6aee4fbcbb2bba7f63a C:\Users\Thomas\AndroidStudioProjects\MrWhemps\app\build\intermediates\exploded-aar\com.google.android.gms\play-services-identity\9.4.0\jars\classes.jar
java_class_path (initial): C:\Users\Thomas\AppData\Local\Android\sdk\build-tools\23.0.2\lib\dx.jar
Launcher Type: SUN_STANDARD

Environment Variables:
PATH=C:\Program Files (x86)\Intel\iCLS Client\;C:\Program Files\Intel\iCLS Client\;C:\Windows\system32;C:\Windows;C:\Windows\System32\Wbem;C:\Windows\System32\WindowsPowerShell\v1.0\;C:\Program Files (x86)\Intel\OpenCL SDK\2.0\bin\x86;C:\Program Files (x86)\Intel\OpenCL SDK\2.0\bin\x64;C:\Program Files\Intel\Intel(R) Management Engine Components\DAL;C:\Program Files\Intel\Intel(R) Management Engine Components\IPT;C:\Program Files (x86)\Intel\Intel(R) Management Engine Components\DAL;C:\Program Files (x86)\Intel\Intel(R) Management Engine Components\IPT;C:\Program Files (x86)\Windows Live\Shared;C:\Users\Thomas\AppData\Local\Smartbar\Application\;C:\WINDOWS\system32;C:\WINDOWS;C:\WINDOWS\System32\Wbem;C:\WINDOWS\System32\WindowsPowerShell\v1.0\;D:\Programs\bin;C:\Program Files\Microsoft SQL Server\110\Tools\Binn\;C:\Program Files\Microsoft SQL Server\120\Tools\Binn\;C:\Program Files\MiKTeX 2.9\miktex\bin\;C:\Program Files\MiKTeX 2.9\gs\gs8.71\bin\;C:\Program Files\Git\cmd;C:\Program Files (x86)\Skype\Phone\;C:\Program Files\Microsoft SQL Server\130\Tools\Binn\;C:\Program Files (x86)\Windows Kits\10\Windows Performance Toolkit\;C:\Program Files
USERNAME=Thomas
OS=Windows_NT
PROCESSOR_IDENTIFIER=Intel64 Family 6 Model 42 Stepping 7, GenuineIntel



---------------  S Y S T E M  ---------------

OS: Windows 10.0 , 64 bit Build 10586 (10.0.10586.589)

CPU:total 4 (2 cores per cpu, 2 threads per core) family 6 model 42 stepping 7, cmov, cx8, fxsr, mmx, sse, sse2, sse3, ssse3, sse4.1, sse4.2, popcnt, avx, clmul, ht, tsc, tscinvbit

Memory: 4k page, physical 4075172k(857828k free), swap 6565540k(1168k free)

vm_info: OpenJDK 64-Bit Server VM (25.76-b03) for windows-amd64 JRE (1.8.0_76-release-b03), built on Jun 29 2016 19:09:20 by "ralucas" with MS VC++ 10.0 (VS2010)

time: Sun Jan 22 13:01:34 2017
elapsed time: 0 seconds (0d 0h 0m 0s)

