#
# There is insufficient memory for the Java Runtime Environment to continue.
# Native memory allocation (malloc) failed to allocate 65552 bytes for Chunk::new
# Possible reasons:
#   The system is out of physical RAM or swap space
#   In 32 bit mode, the process size limit was hit
# Possible solutions:
#   Reduce memory load on the system
#   Increase physical memory or swap space
#   Check if swap backing store is full
#   Use 64 bit Java on a 64 bit OS
#   Decrease Java heap size (-Xmx/-Xms)
#   Decrease number of Java threads
#   Decrease Java thread stack sizes (-Xss)
#   Set larger code cache with -XX:ReservedCodeCacheSize=
# This output file may be truncated or incomplete.
#
#  Out of Memory Error (allocation.cpp:390), pid=3420, tid=0x0000000000001af4
#
# JRE version: OpenJDK Runtime Environment (8.0_76-b03) (build 1.8.0_76-release-b03)
# Java VM: OpenJDK 64-Bit Server VM (25.76-b03 mixed mode windows-amd64 compressed oops)
# Failed to write core dump. Minidumps are not enabled by default on client versions of Windows
#

---------------  T H R E A D  ---------------

Current thread (0x0000000015168000):  JavaThread "C2 CompilerThread0" daemon [_thread_in_native, id=6900, stack(0x00000000167b0000,0x00000000168b0000)]

Stack: [0x00000000167b0000,0x00000000168b0000]
[error occurred during error reporting (printing stack bounds), id 0xc0000005]

Native frames: (J=compiled Java code, j=interpreted, Vv=VM code, C=native code)


Current CompileTask:
C2:   4786  867       4       com.android.dx.ssa.back.LivenessAnalyzer::handleTailRecursion (94 bytes)


---------------  P R O C E S S  ---------------

Java Threads: ( => current thread )
  0x0000000016f04000 JavaThread "pool-2-thread-4" [_thread_blocked, id=8248, stack(0x00000000174b0000,0x00000000175b0000)]
  0x0000000016eff000 JavaThread "pool-2-thread-3" [_thread_blocked, id=11584, stack(0x00000000173b0000,0x00000000174b0000)]
  0x0000000016efc800 JavaThread "pool-2-thread-2" [_thread_blocked, id=6688, stack(0x00000000172b0000,0x00000000173b0000)]
  0x0000000016ef7000 JavaThread "pool-3-thread-1" [_thread_blocked, id=11460, stack(0x00000000171b0000,0x00000000172b0000)]
  0x0000000016ef6000 JavaThread "pool-2-thread-1" [_thread_blocked, id=12488, stack(0x00000000170b0000,0x00000000171b0000)]
  0x00000000151ac800 JavaThread "Service Thread" daemon [_thread_blocked, id=11900, stack(0x0000000016ab0000,0x0000000016bb0000)]
  0x000000001516f000 JavaThread "C1 CompilerThread2" daemon [_thread_in_native, id=13692, stack(0x00000000169b0000,0x0000000016ab0000)]
  0x000000001516b000 JavaThread "C2 CompilerThread1" daemon [_thread_blocked, id=4152, stack(0x00000000168b0000,0x00000000169b0000)]
=>0x0000000015168000 JavaThread "C2 CompilerThread0" daemon [_thread_in_native, id=6900, stack(0x00000000167b0000,0x00000000168b0000)]
  0x0000000015176000 JavaThread "Attach Listener" daemon [_thread_blocked, id=1872, stack(0x00000000166b0000,0x00000000167b0000)]
  0x0000000015174800 JavaThread "Signal Dispatcher" daemon [_thread_blocked, id=15008, stack(0x00000000165b0000,0x00000000166b0000)]
  0x0000000002a6b800 JavaThread "Finalizer" daemon [_thread_blocked, id=9888, stack(0x00000000163c0000,0x00000000164c0000)]
  0x0000000002a60800 JavaThread "Reference Handler" daemon [_thread_blocked, id=10996, stack(0x00000000162c0000,0x00000000163c0000)]
  0x00000000009ed800 JavaThread "main" [_thread_blocked, id=14656, stack(0x0000000002850000,0x0000000002950000)]

Other Threads:
  0x0000000015135000 VMThread [stack: 0x00000000161c0000,0x00000000162c0000] [id=2292]
  0x00000000151b1000 WatcherThread [stack: 0x0000000016bb0000,0x0000000016cb0000] [id=5492]

VM state:at safepoint (normal execution)

VM Mutex/Monitor currently owned by a thread:  ([mutex/lock_event])
[0x00000000009ec7b0] Threads_lock - owner thread: 0x0000000015135000
[0x00000000009ec2b0] Heap_lock - owner thread: 0x0000000016efc800
[0x0000000002970fd0] MethodData_lock - owner thread: 0x0000000016efc800

Heap:
 PSYoungGen      total 18944K, used 3561K [0x00000000eab00000, 0x00000000ec000000, 0x0000000100000000)
  eden space 16384K, 6% used [0x00000000eab00000,0x00000000eabfc7e8,0x00000000ebb00000)
  from space 2560K, 99% used [0x00000000ebb00000,0x00000000ebd7dc78,0x00000000ebd80000)
  to   space 2560K, 99% used [0x00000000ebd80000,0x00000000ebffaaa8,0x00000000ec000000)
 ParOldGen       total 44032K, used 1762K [0x00000000c0000000, 0x00000000c2b00000, 0x00000000eab00000)
  object space 44032K, 4% used [0x00000000c0000000,0x00000000c01b8878,0x00000000c2b00000)
 Metaspace       used 5704K, capacity 6704K, committed 6784K, reserved 1060864K
  class space    used 571K, capacity 616K, committed 640K, reserved 1048576K

Card table byte_map: [0x0000000011e40000,0x0000000012050000] byte_map_base: 0x0000000011840000

Marking Bits: (ParMarkBitMap*) 0x00000000665d9d00
 Begin Bits: [0x00000000125b0000, 0x00000000135b0000)
 End Bits:   [0x00000000135b0000, 0x00000000145b0000)

Polling page: 0x0000000002950000

CodeCache: size=245760Kb used=3440Kb max_used=3451Kb free=242319Kb
 bounds [0x0000000002a80000, 0x0000000002df0000, 0x0000000011a80000]
 total_blobs=1122 nmethods=855 adapters=181
 compilation: enabled

Compilation events (10 events):
Event: 4.623 Thread 0x000000001516f000 nmethod 851 0x0000000002ddab50 code [0x0000000002ddae20, 0x0000000002ddc128]
Event: 4.623 Thread 0x000000001516f000  857   !   3       com.android.dx.cf.code.Ropper::processBlock (1101 bytes)
Event: 4.624 Thread 0x0000000015168000  867       4       com.android.dx.ssa.back.LivenessAnalyzer::handleTailRecursion (94 bytes)
Event: 4.625 Thread 0x000000001516b000  871       4       com.android.dx.util.Bits::get (25 bytes)
Event: 4.625 Thread 0x000000001516b000 nmethod 871 0x0000000002dd7dd0 code [0x0000000002dd7f00, 0x0000000002dd7f98]
Event: 4.628 Thread 0x000000001516b000  873   !   4       com.android.dx.rop.cst.StdConstantPool::getOrNull (13 bytes)
Event: 4.629 Thread 0x000000001516b000 nmethod 873 0x0000000002dd62d0 code [0x0000000002dd6400, 0x0000000002dd6498]
Event: 4.753 Thread 0x000000001516b000  875       4       com.android.dx.ssa.NormalSsaInsn::isNormalMoveInsn (20 bytes)
Event: 4.754 Thread 0x000000001516b000 nmethod 875 0x0000000002ddda50 code [0x0000000002dddb80, 0x0000000002dddc18]
Event: 4.755 Thread 0x000000001516b000  879       4       com.android.dx.rop.code.RegisterSpec::withReg (23 bytes)

GC Heap History (2 events):
Event: 4.638 GC heap before
{Heap before GC invocations=1 (full 0):
 PSYoungGen      total 18944K, used 16384K [0x00000000eab00000, 0x00000000ec000000, 0x0000000100000000)
  eden space 16384K, 100% used [0x00000000eab00000,0x00000000ebb00000,0x00000000ebb00000)
  from space 2560K, 0% used [0x00000000ebd80000,0x00000000ebd80000,0x00000000ec000000)
  to   space 2560K, 0% used [0x00000000ebb00000,0x00000000ebb00000,0x00000000ebd80000)
 ParOldGen       total 44032K, used 0K [0x00000000c0000000, 0x00000000c2b00000, 0x00000000eab00000)
  object space 44032K, 0% used [0x00000000c0000000,0x00000000c0000000,0x00000000c2b00000)
 Metaspace       used 5704K, capacity 6704K, committed 6784K, reserved 1056768K
  class space    used 571K, capacity 616K, committed 640K, reserved 1048576K
Event: 4.753 GC heap after
Heap after GC invocations=1 (full 0):
 PSYoungGen      total 18944K, used 2551K [0x00000000eab00000, 0x00000000ec000000, 0x0000000100000000)
  eden space 16384K, 0% used [0x00000000eab00000,0x00000000eab00000,0x00000000ebb00000)
  from space 2560K, 99% used [0x00000000ebb00000,0x00000000ebd7dc78,0x00000000ebd80000)
  to   space 2560K, 0% used [0x00000000ebd80000,0x00000000ebd80000,0x00000000ec000000)
 ParOldGen       total 44032K, used 1658K [0x00000000c0000000, 0x00000000c2b00000, 0x00000000eab00000)
  object space 44032K, 3% used [0x00000000c0000000,0x00000000c019e878,0x00000000c2b00000)
 Metaspace       used 5704K, capacity 6704K, committed 6784K, reserved 1056768K
  class space    used 571K, capacity 616K, committed 640K, reserved 1048576K
}

Deoptimization events (7 events):
Event: 2.576 Thread 0x00000000009ed800 Uncommon trap: reason=unstable_if action=reinterpret pc=0x0000000002bcb550 method=java.lang.String.indexOf(II)I @ 49
Event: 4.073 Thread 0x0000000016efc800 Uncommon trap: reason=unstable_if action=reinterpret pc=0x0000000002c8e5b0 method=java.util.BitSet.nextSetBit(I)I @ 87
Event: 4.252 Thread 0x00000000009ed800 Uncommon trap: reason=unstable_if action=reinterpret pc=0x0000000002c8bfc0 method=java.util.HashMap.getNode(ILjava/lang/Object;)Ljava/util/HashMap$Node; @ 129
Event: 4.636 Thread 0x0000000016f04000 Uncommon trap: reason=class_check action=maybe_recompile pc=0x0000000002d2cc34 method=com.android.dx.ssa.NormalSsaInsn.accept(Lcom/android/dx/ssa/SsaInsn$Visitor;)V @ 9
Event: 4.636 Thread 0x0000000016f04000 Uncommon trap: reason=class_check action=maybe_recompile pc=0x0000000002cbeeb0 method=com.android.dx.ssa.NormalSsaInsn.accept(Lcom/android/dx/ssa/SsaInsn$Visitor;)V @ 9
Event: 4.636 Thread 0x0000000016f04000 Uncommon trap: reason=class_check action=maybe_recompile pc=0x0000000002cbeeb0 method=com.android.dx.ssa.NormalSsaInsn.accept(Lcom/android/dx/ssa/SsaInsn$Visitor;)V @ 9
Event: 4.638 Thread 0x0000000016f04000 Uncommon trap: reason=class_check action=maybe_recompile pc=0x0000000002cbeeb0 method=com.android.dx.ssa.NormalSsaInsn.accept(Lcom/android/dx/ssa/SsaInsn$Visitor;)V @ 9

Internal exceptions (2 events):
Event: 0.068 Thread 0x00000000009ed800 Exception <a 'java/lang/NoSuchMethodError': Method sun.misc.Unsafe.defineClass(Ljava/lang/String;[BII)Ljava/lang/Class; name or signature does not match> (0x00000000eab07cc0) thrown at [C:\src\android\AOSP-openjdk\external\jetbrains\jdk\hotspot\src\share\vT#,	„±?
Event: 0.068 Thread 0x00000000009ed800 Exception <a 'java/lang/NoSuchMethodError': Method sun.misc.Unsafe.prefetchRead(Ljava/lang/Object;J)V name or signature does not match> (0x00000000eab07fa8) thrown at [C:\src\android\AOSP-openjdk\external\jetbrains\jdk\hotspot\src\share\vm\prims\jni.cpp, l

Events (10 events):
Event: 4.636 Thread 0x0000000016f04000 DEOPT PACKING pc=0x0000000002cbeeb0 sp=0x00000000175ae680
Event: 4.636 Thread 0x0000000016f04000 DEOPT UNPACKING pc=0x0000000002ac556a sp=0x00000000175ae620 mode 2
Event: 4.636 Thread 0x0000000016f04000 Uncommon trap: trap_request=0xffffffde fr.pc=0x0000000002cbeeb0
Event: 4.636 Thread 0x0000000016f04000 DEOPT PACKING pc=0x0000000002cbeeb0 sp=0x00000000175ae680
Event: 4.636 Thread 0x0000000016f04000 DEOPT UNPACKING pc=0x0000000002ac556a sp=0x00000000175ae620 mode 2
Event: 4.636 Thread 0x0000000016f04000 Uncommon trap: trap_request=0xffffffde fr.pc=0x0000000002cbeeb0
Event: 4.638 Thread 0x0000000016f04000 DEOPT PACKING pc=0x0000000002cbeeb0 sp=0x00000000175ae680
Event: 4.638 Thread 0x0000000016f04000 DEOPT UNPACKING pc=0x0000000002ac556a sp=0x00000000175ae620 mode 2
Event: 4.638 Executing VM operation: ParallelGCFailedAllocation
Event: 4.753 Executing VM operation: ParallelGCFailedAllocation done


Dynamic libraries:
0x00007ff6d2bb0000 - 0x00007ff6d2be1000 	C:\Program Files\Android\Android Studio\jre\bin\java.exe
0x00007ffad9aa0000 - 0x00007ffad9c61000 	C:\WINDOWS\SYSTEM32\ntdll.dll
0x00007ffad7000000 - 0x00007ffad70ad000 	C:\WINDOWS\system32\KERNEL32.DLL
0x00007ffad6520000 - 0x00007ffad6708000 	C:\WINDOWS\system32\KERNELBASE.dll
0x00007ffad9430000 - 0x00007ffad94d7000 	C:\WINDOWS\system32\ADVAPI32.dll
0x00007ffad9130000 - 0x00007ffad91cd000 	C:\WINDOWS\system32\msvcrt.dll
0x00007ffad90d0000 - 0x00007ffad912b000 	C:\WINDOWS\system32\sechost.dll
0x00007ffad98b0000 - 0x00007ffad99cc000 	C:\WINDOWS\system32\RPCRT4.dll
0x00007ffad8ba0000 - 0x00007ffad8cf6000 	C:\WINDOWS\system32\USER32.dll
0x00007ffad92a0000 - 0x00007ffad9426000 	C:\WINDOWS\system32\GDI32.dll
0x00007ffacf3a0000 - 0x00007ffacf614000 	C:\WINDOWS\WinSxS\amd64_microsoft.windows.common-controls_6595b64144ccf1df_6.0.10586.672_none_a2d6b3cea53ff843\COMCTL32.dll
0x00007ffad9520000 - 0x00007ffad979d000 	C:\WINDOWS\system32\combase.dll
0x00007ffad63d0000 - 0x00007ffad643a000 	C:\WINDOWS\system32\bcryptPrimitives.dll
0x00007ffad94e0000 - 0x00007ffad951b000 	C:\WINDOWS\system32\IMM32.DLL
0x0000000065d40000 - 0x0000000065e12000 	C:\Program Files\Android\Android Studio\jre\jre\bin\msvcr100.dll
0x0000000065e20000 - 0x0000000066654000 	C:\Program Files\Android\Android Studio\jre\jre\bin\server\jvm.dll
0x00007ffad90b0000 - 0x00007ffad90b8000 	C:\WINDOWS\system32\PSAPI.DLL
0x00007ffad2d40000 - 0x00007ffad2d49000 	C:\WINDOWS\SYSTEM32\WSOCK32.dll
0x00007ffacd380000 - 0x00007ffacd38a000 	C:\WINDOWS\SYSTEM32\VERSION.dll
0x00007ffad34f0000 - 0x00007ffad3513000 	C:\WINDOWS\SYSTEM32\WINMM.dll
0x00007ffad3490000 - 0x00007ffad34bc000 	C:\WINDOWS\SYSTEM32\WINMMBASE.dll
0x00007ffad6440000 - 0x00007ffad6483000 	C:\WINDOWS\system32\cfgmgr32.dll
0x00007ffad9040000 - 0x00007ffad90ab000 	C:\WINDOWS\system32\WS2_32.dll
0x00007ffacf080000 - 0x00007ffacf08f000 	C:\Program Files\Android\Android Studio\jre\jre\bin\verify.dll
0x00007ffaca960000 - 0x00007ffaca989000 	C:\Program Files\Android\Android Studio\jre\jre\bin\java.dll
0x00007ffacefe0000 - 0x00007ffaceff6000 	C:\Program Files\Android\Android Studio\jre\jre\bin\zip.dll
0x00007ffad74f0000 - 0x00007ffad8a4c000 	C:\WINDOWS\system32\SHELL32.dll
0x00007ffad67d0000 - 0x00007ffad6e15000 	C:\WINDOWS\system32\windows.storage.dll
0x00007ffad91d0000 - 0x00007ffad9222000 	C:\WINDOWS\system32\shlwapi.dll
0x00007ffad6140000 - 0x00007ffad614f000 	C:\WINDOWS\system32\kernel.appcore.dll
0x00007ffad6710000 - 0x00007ffad67c5000 	C:\WINDOWS\system32\shcore.dll
0x00007ffad60f0000 - 0x00007ffad613b000 	C:\WINDOWS\system32\powrprof.dll
0x00007ffad60d0000 - 0x00007ffad60e4000 	C:\WINDOWS\system32\profapi.dll

VM Arguments:
jvm_args: -Djava.awt.headless=true -Xmx1024M -Dfile.encoding=windows-1252 -Duser.country=GB -Duser.language=en -Duser.variant 
java_command: com.android.dx.command.Main --dex --force-jumbo --num-threads=4 --multi-dex --output C:\Users\Thomas\AndroidStudioProjects\MrWhemps\app\build\intermediates\transforms\dex\debug\folders\1000\10\com.google.android.gms-play-services-gcm-9.4.0_aa4b0f150628f485f29a8aaab06cbd2c8e03e91e C:\Users\Thomas\AndroidStudioProjects\MrWhemps\app\build\intermediates\exploded-aar\com.google.android.gms\play-services-gcm\9.4.0\jars\classes.jar
java_class_path (initial): C:\Users\Thomas\AppData\Local\Android\sdk\build-tools\23.0.2\lib\dx.jar
Launcher Type: SUN_STANDARD

Environment Variables:
PATH=C:\Program Files (x86)\Intel\iCLS Client\;C:\Program Files\Intel\iCLS Client\;C:\Windows\system32;C:\Windows;C:\Windows\System32\Wbem;C:\Windows\System32\WindowsPowerShell\v1.0\;C:\Program Files (x86)\Intel\OpenCL SDK\2.0\bin\x86;C:\Program Files (x86)\Intel\OpenCL SDK\2.0\bin\x64;C:\Program Files\Intel\Intel(R) Management Engine Components\DAL;C:\Program Files\Intel\Intel(R) Management Engine Components\IPT;C:\Program Files (x86)\Intel\Intel(R) Management Engine Components\DAL;C:\Program Files (x86)\Intel\Intel(R) Management Engine Components\IPT;C:\Program Files (x86)\Windows Live\Shared;C:\Users\Thomas\AppData\Local\Smartbar\Application\;C:\WINDOWS\system32;C:\WINDOWS;C:\WINDOWS\System32\Wbem;C:\WINDOWS\System32\WindowsPowerShell\v1.0\;D:\Programs\bin;C:\Program Files\Microsoft SQL Server\110\Tools\Binn\;C:\Program Files\Microsoft SQL Server\120\Tools\Binn\;C:\Program Files\MiKTeX 2.9\miktex\bin\;C:\Program Files\MiKTeX 2.9\gs\gs8.71\bin\;C:\Program Files\Git\cmd;C:\Program Files (x86)\Skype\Phone\;C:\Program Files\Microsoft SQL Server\130\Tools\Binn\;C:\Program Files (x86)\Windows Kits\10\Windows Performance Toolkit\;C:\Program Files
USERNAME=Thomas
OS=Windows_NT
PROCESSOR_IDENTIFIER=Intel64 Family 6 Model 42 Stepping 7, GenuineIntel



---------------  S Y S T E M  ---------------

OS: Windows 10.0 , 64 bit Build 10586 (10.0.10586.589)

CPU:total 4 (2 cores per cpu, 2 threads per core) family 6 model 42 stepping 7, cmov, cx8, fxsr, mmx, sse, sse2, sse3, ssse3, sse4.1, sse4.2, popcnt, avx, clmul, ht, tsc, tscinvbit

Memory: 4k page, physical 4075172k(419576k free), swap 6565540k(3216k free)

vm_info: OpenJDK 64-Bit Server VM (25.76-b03) for windows-amd64 JRE (1.8.0_76-release-b03), built on Jun 29 2016 19:09:20 by "ralucas" with MS VC++ 10.0 (VS2010)

time: Sun Jan 15 13:16:34 2017
elapsed time: 4 seconds (0d 0h 0m 4s)

