#
# There is insufficient memory for the Java Runtime Environment to continue.
# Native memory allocation (malloc) failed to allocate 886736 bytes for Chunk::new
# Possible reasons:
#   The system is out of physical RAM or swap space
#   In 32 bit mode, the process size limit was hit
# Possible solutions:
#   Reduce memory load on the system
#   Increase physical memory or swap space
#   Check if swap backing store is full
#   Use 64 bit Java on a 64 bit OS
#   Decrease Java heap size (-Xmx/-Xms)
#   Decrease number of Java threads
#   Decrease Java thread stack sizes (-Xss)
#   Set larger code cache with -XX:ReservedCodeCacheSize=
# This output file may be truncated or incomplete.
#
#  Out of Memory Error (allocation.cpp:390), pid=9092, tid=0x0000000000002790
#
# JRE version: OpenJDK Runtime Environment (8.0_76-b03) (build 1.8.0_76-release-b03)
# Java VM: OpenJDK 64-Bit Server VM (25.76-b03 mixed mode windows-amd64 compressed oops)
# Failed to write core dump. Minidumps are not enabled by default on client versions of Windows
#

---------------  T H R E A D  ---------------

Current thread (0x0000000015458800):  JavaThread "C2 CompilerThread0" daemon [_thread_in_native, id=10128, stack(0x00000000169a0000,0x0000000016aa0000)]

Stack: [0x00000000169a0000,0x0000000016aa0000]
[error occurred during error reporting (printing stack bounds), id 0xc0000005]

Native frames: (J=compiled Java code, j=interpreted, Vv=VM code, C=native code)


Current CompileTask:
C2:  11049 2141   !   4       com.android.dx.cf.code.BytecodeArray::parseInstruction (2764 bytes)


---------------  P R O C E S S  ---------------

Java Threads: ( => current thread )
  0x0000000016eed000 JavaThread "pool-2-thread-4" [_thread_in_vm, id=13000, stack(0x00000000176a0000,0x00000000177a0000)]
  0x0000000016eec000 JavaThread "pool-2-thread-3" [_thread_in_Java, id=13220, stack(0x00000000175a0000,0x00000000176a0000)]
  0x0000000016eeb000 JavaThread "pool-2-thread-2" [_thread_in_Java, id=11276, stack(0x00000000174a0000,0x00000000175a0000)]
  0x0000000016ee5000 JavaThread "pool-3-thread-1" [_thread_blocked, id=7052, stack(0x00000000173a0000,0x00000000174a0000)]
  0x0000000016df8000 JavaThread "pool-2-thread-1" [_thread_in_Java, id=3484, stack(0x00000000172a0000,0x00000000173a0000)]
  0x0000000016bb2000 JavaThread "Service Thread" daemon [_thread_blocked, id=456, stack(0x00000000170a0000,0x00000000171a0000)]
  0x0000000016ba8800 JavaThread "C1 CompilerThread2" daemon [_thread_blocked, id=1500, stack(0x0000000016fa0000,0x00000000170a0000)]
  0x0000000015449000 JavaThread "C2 CompilerThread1" daemon [_thread_in_native, id=5400, stack(0x0000000016aa0000,0x0000000016ba0000)]
=>0x0000000015458800 JavaThread "C2 CompilerThread0" daemon [_thread_in_native, id=10128, stack(0x00000000169a0000,0x0000000016aa0000)]
  0x0000000015457800 JavaThread "Attach Listener" daemon [_thread_blocked, id=5024, stack(0x00000000168a0000,0x00000000169a0000)]
  0x0000000015456800 JavaThread "Signal Dispatcher" daemon [_thread_blocked, id=7584, stack(0x00000000167a0000,0x00000000168a0000)]
  0x0000000015438000 JavaThread "Finalizer" daemon [_thread_blocked, id=10784, stack(0x00000000166a0000,0x00000000167a0000)]
  0x0000000002d72800 JavaThread "Reference Handler" daemon [_thread_blocked, id=6516, stack(0x00000000165a0000,0x00000000166a0000)]
  0x00000000012ad800 JavaThread "main" [_thread_in_Java, id=7876, stack(0x0000000002ac0000,0x0000000002bc0000)]

Other Threads:
  0x0000000015415800 VMThread [stack: 0x00000000164a0000,0x00000000165a0000] [id=10912]
  0x0000000016bb4000 WatcherThread [stack: 0x00000000171a0000,0x00000000172a0000] [id=10252]

VM state:not at safepoint (normal execution)

VM Mutex/Monitor currently owned by a thread: None

Heap:
 PSYoungGen      total 74240K, used 53756K [0x00000000eab00000, 0x00000000f0c80000, 0x0000000100000000)
  eden space 55296K, 62% used [0x00000000eab00000,0x00000000ecd01300,0x00000000ee100000)
  from space 18944K, 99% used [0x00000000ee100000,0x00000000ef37de50,0x00000000ef380000)
  to   space 16896K, 0% used [0x00000000ef380000,0x00000000ef380000,0x00000000f0400000)
 ParOldGen       total 100352K, used 43493K [0x00000000c0000000, 0x00000000c6200000, 0x00000000eab00000)
  object space 100352K, 43% used [0x00000000c0000000,0x00000000c2a79538,0x00000000c6200000)
 Metaspace       used 6492K, capacity 7218K, committed 7296K, reserved 1056768K
  class space    used 598K, capacity 618K, committed 640K, reserved 1048576K

Card table byte_map: [0x0000000012140000,0x0000000012350000] byte_map_base: 0x0000000011b40000

Marking Bits: (ParMarkBitMap*) 0x000000005c809d00
 Begin Bits: [0x00000000128b0000, 0x00000000138b0000)
 End Bits:   [0x00000000138b0000, 0x00000000148b0000)

Polling page: 0x0000000000f20000

CodeCache: size=245760Kb used=9191Kb max_used=9200Kb free=236568Kb
 bounds [0x0000000002d80000, 0x0000000003690000, 0x0000000011d80000]
 total_blobs=2367 nmethods=2098 adapters=182
 compilation: enabled

Compilation events (10 events):
Event: 10.789 Thread 0x0000000016ba8800 2157       2       com.android.dx.ssa.back.FirstFitLocalCombiningAllocator::ssaSetToSpecs (57 bytes)
Event: 10.791 Thread 0x0000000016ba8800 nmethod 2157 0x000000000366a7d0 code [0x000000000366a9e0, 0x000000000366b1d8]
Event: 10.797 Thread 0x0000000016ba8800 2158       2       com.android.dx.rop.code.Rops::opConv (231 bytes)
Event: 10.799 Thread 0x0000000016ba8800 nmethod 2158 0x0000000003668c90 code [0x0000000003668f20, 0x0000000003669ab8]
Event: 10.845 Thread 0x0000000016ba8800 2161       2       java.util.TimSort::binarySort (223 bytes)
Event: 10.845 Thread 0x0000000016ba8800 nmethod 2161 0x0000000003668090 code [0x0000000003668240, 0x0000000003668818]
Event: 10.897 Thread 0x0000000016ba8800 2163       2       com.android.dx.rop.code.RegisterSpecList::indexOfRegister (38 bytes)
Event: 10.897 Thread 0x0000000016ba8800 nmethod 2163 0x0000000003667b10 code [0x0000000003667c80, 0x0000000003667ee8]
Event: 10.904 Thread 0x0000000016ba8800 2164       2       java.io.DataInputStream::readUnsignedByte (22 bytes)
Event: 10.905 Thread 0x0000000016ba8800 nmethod 2164 0x00000000036676d0 code [0x0000000003667840, 0x0000000003667a18]

GC Heap History (10 events):
Event: 7.133 GC heap before
{Heap before GC invocations=7 (full 1):
 PSYoungGen      total 52224K, used 2545K [0x00000000eab00000, 0x00000000f4f00000, 0x0000000100000000)
  eden space 49664K, 0% used [0x00000000eab00000,0x00000000eab00000,0x00000000edb80000)
  from space 2560K, 99% used [0x00000000eed80000,0x00000000eeffc7a0,0x00000000ef000000)
  to   space 18432K, 0% used [0x00000000edb80000,0x00000000edb80000,0x00000000eed80000)
 ParOldGen       total 44032K, used 36430K [0x00000000c0000000, 0x00000000c2b00000, 0x00000000eab00000)
  object space 44032K, 82% used [0x00000000c0000000,0x00000000c2393990,0x00000000c2b00000)
 Metaspace       used 6320K, capacity 7216K, committed 7296K, reserved 1056768K
  class space    used 579K, capacity 616K, committed 640K, reserved 1048576K
Event: 7.805 GC heap after
Heap after GC invocations=7 (full 1):
 PSYoungGen      total 52224K, used 0K [0x00000000eab00000, 0x00000000f4f00000, 0x0000000100000000)
  eden space 49664K, 0% used [0x00000000eab00000,0x00000000eab00000,0x00000000edb80000)
  from space 2560K, 0% used [0x00000000eed80000,0x00000000eed80000,0x00000000ef000000)
  to   space 18432K, 0% used [0x00000000edb80000,0x00000000edb80000,0x00000000eed80000)
 ParOldGen       total 44032K, used 32999K [0x00000000c0000000, 0x00000000c2b00000, 0x00000000eab00000)
  object space 44032K, 74% used [0x00000000c0000000,0x00000000c2039f78,0x00000000c2b00000)
 Metaspace       used 6320K, capacity 7216K, committed 7296K, reserved 1056768K
  class space    used 579K, capacity 616K, committed 640K, reserved 1048576K
}
Event: 8.250 GC heap before
{Heap before GC invocations=8 (full 2):
 PSYoungGen      total 52224K, used 49664K [0x00000000eab00000, 0x00000000f4f00000, 0x0000000100000000)
  eden space 49664K, 100% used [0x00000000eab00000,0x00000000edb80000,0x00000000edb80000)
  from space 2560K, 0% used [0x00000000eed80000,0x00000000eed80000,0x00000000ef000000)
  to   space 18432K, 0% used [0x00000000edb80000,0x00000000edb80000,0x00000000eed80000)
 ParOldGen       total 44032K, used 32999K [0x00000000c0000000, 0x00000000c2b00000, 0x00000000eab00000)
  object space 44032K, 74% used [0x00000000c0000000,0x00000000c2039f78,0x00000000c2b00000)
 Metaspace       used 6347K, capacity 7216K, committed 7296K, reserved 1056768K
  class space    used 579K, capacity 616K, committed 640K, reserved 1048576K
Event: 8.946 GC heap after
Heap after GC invocations=8 (full 2):
 PSYoungGen      total 52224K, used 0K [0x00000000eab00000, 0x00000000f4f00000, 0x0000000100000000)
  eden space 49664K, 0% used [0x00000000eab00000,0x00000000eab00000,0x00000000edb80000)
  from space 2560K, 0% used [0x00000000eed80000,0x00000000eed80000,0x00000000ef000000)
  to   space 18432K, 0% used [0x00000000edb80000,0x00000000edb80000,0x00000000eed80000)
 ParOldGen       total 100352K, used 39549K [0x00000000c0000000, 0x00000000c6200000, 0x00000000eab00000)
  object space 100352K, 39% used [0x00000000c0000000,0x00000000c269f5c8,0x00000000c6200000)
 Metaspace       used 6347K, capacity 7216K, committed 7296K, reserved 1056768K
  class space    used 579K, capacity 616K, committed 640K, reserved 1048576K
}
Event: 9.363 GC heap before
{Heap before GC invocations=9 (full 2):
 PSYoungGen      total 52224K, used 49664K [0x00000000eab00000, 0x00000000f4f00000, 0x0000000100000000)
  eden space 49664K, 100% used [0x00000000eab00000,0x00000000edb80000,0x00000000edb80000)
  from space 2560K, 0% used [0x00000000eed80000,0x00000000eed80000,0x00000000ef000000)
  to   space 18432K, 0% used [0x00000000edb80000,0x00000000edb80000,0x00000000eed80000)
 ParOldGen       total 100352K, used 39549K [0x00000000c0000000, 0x00000000c6200000, 0x00000000eab00000)
  object space 100352K, 39% used [0x00000000c0000000,0x00000000c269f5c8,0x00000000c6200000)
 Metaspace       used 6474K, capacity 7218K, committed 7296K, reserved 1056768K
  class space    used 598K, capacity 618K, committed 640K, reserved 1048576K
Event: 9.388 GC heap after
Heap after GC invocations=9 (full 2):
 PSYoungGen      total 68096K, used 7616K [0x00000000eab00000, 0x00000000f0400000, 0x0000000100000000)
  eden space 49664K, 0% used [0x00000000eab00000,0x00000000eab00000,0x00000000edb80000)
  from space 18432K, 41% used [0x00000000edb80000,0x00000000ee2f0000,0x00000000eed80000)
  to   space 16896K, 0% used [0x00000000ef380000,0x00000000ef380000,0x00000000f0400000)
 ParOldGen       total 100352K, used 39557K [0x00000000c0000000, 0x00000000c6200000, 0x00000000eab00000)
  object space 100352K, 39% used [0x00000000c0000000,0x00000000c26a15c8,0x00000000c6200000)
 Metaspace       used 6474K, capacity 7218K, committed 7296K, reserved 1056768K
  class space    used 598K, capacity 618K, committed 640K, reserved 1048576K
}
Event: 9.711 GC heap before
{Heap before GC invocations=10 (full 2):
 PSYoungGen      total 68096K, used 57280K [0x00000000eab00000, 0x00000000f0400000, 0x0000000100000000)
  eden space 49664K, 100% used [0x00000000eab00000,0x00000000edb80000,0x00000000edb80000)
  from space 18432K, 41% used [0x00000000edb80000,0x00000000ee2f0000,0x00000000eed80000)
  to   space 16896K, 0% used [0x00000000ef380000,0x00000000ef380000,0x00000000f0400000)
 ParOldGen       total 100352K, used 39557K [0x00000000c0000000, 0x00000000c6200000, 0x00000000eab00000)
  object space 100352K, 39% used [0x00000000c0000000,0x00000000c26a15c8,0x00000000c6200000)
 Metaspace       used 6481K, capacity 7218K, committed 7296K, reserved 1056768K
  class space    used 598K, capacity 618K, committed 640K, reserved 1048576K
Event: 9.828 GC heap after
Heap after GC invocations=10 (full 2):
 PSYoungGen      total 72192K, used 14848K [0x00000000eab00000, 0x00000000f0c80000, 0x0000000100000000)
  eden space 55296K, 0% used [0x00000000eab00000,0x00000000eab00000,0x00000000ee100000)
  from space 16896K, 87% used [0x00000000ef380000,0x00000000f0200380,0x00000000f0400000)
  to   space 18944K, 0% used [0x00000000ee100000,0x00000000ee100000,0x00000000ef380000)
 ParOldGen       total 100352K, used 39557K [0x00000000c0000000, 0x00000000c6200000, 0x00000000eab00000)
  object space 100352K, 39% used [0x00000000c0000000,0x00000000c26a15c8,0x00000000c6200000)
 Metaspace       used 6481K, capacity 7218K, committed 7296K, reserved 1056768K
  class space    used 598K, capacity 618K, committed 640K, reserved 1048576K
}
Event: 10.603 GC heap before
{Heap before GC invocations=11 (full 2):
 PSYoungGen      total 72192K, used 70144K [0x00000000eab00000, 0x00000000f0c80000, 0x0000000100000000)
  eden space 55296K, 100% used [0x00000000eab00000,0x00000000ee100000,0x00000000ee100000)
  from space 16896K, 87% used [0x00000000ef380000,0x00000000f0200380,0x00000000f0400000)
  to   space 18944K, 0% used [0x00000000ee100000,0x00000000ee100000,0x00000000ef380000)
 ParOldGen       total 100352K, used 39557K [0x00000000c0000000, 0x00000000c6200000, 0x00000000eab00000)
  object space 100352K, 39% used [0x00000000c0000000,0x00000000c26a15c8,0x00000000c6200000)
 Metaspace       used 6488K, capacity 7218K, committed 7296K, reserved 1056768K
  class space    used 598K, capacity 618K, committed 640K, reserved 1048576K
Event: 10.742 GC heap after
Heap after GC invocations=11 (full 2):
 PSYoungGen      total 74240K, used 18935K [0x00000000eab00000, 0x00000000f0c80000, 0x0000000100000000)
  eden space 55296K, 0% used [0x00000000eab00000,0x00000000eab00000,0x00000000ee100000)
  from space 18944K, 99% used [0x00000000ee100000,0x00000000ef37de50,0x00000000ef380000)
  to   space 16896K, 0% used [0x00000000ef380000,0x00000000ef380000,0x00000000f0400000)
 ParOldGen       total 100352K, used 43493K [0x00000000c0000000, 0x00000000c6200000, 0x00000000eab00000)
  object space 100352K, 43% used [0x00000000c0000000,0x00000000c2a79538,0x00000000c6200000)
 Metaspace       used 6488K, capacity 7218K, committed 7296K, reserved 1056768K
  class space    used 598K, capacity 618K, committed 640K, reserved 1048576K
}

Deoptimization events (10 events):
Event: 7.035 Thread 0x0000000016eec000 Uncommon trap: reason=unstable_if action=reinterpret pc=0x00000000033401e0 method=com.android.dx.rop.code.LocalItem.compareHandlesNulls(Lcom/android/dx/rop/cst/CstString;Lcom/android/dx/rop/cst/CstString;)I @ 14
Event: 8.959 Thread 0x0000000016eeb000 Uncommon trap: reason=unstable_if action=reinterpret pc=0x0000000003088f48 method=java.util.HashMap.putVal(ILjava/lang/Object;Ljava/lang/Object;ZZ)Ljava/lang/Object; @ 162
Event: 8.980 Thread 0x0000000016eeb000 Uncommon trap: reason=unstable_if action=reinterpret pc=0x000000000347ca58 method=java.util.HashMap.getNode(ILjava/lang/Object;)Ljava/util/HashMap$Node; @ 84
Event: 9.035 Thread 0x0000000016eec000 Uncommon trap: reason=unstable_if action=reinterpret pc=0x00000000032e5f8c method=com.android.dx.ssa.MoveParamCombiner$1.visitNonMoveInsn(Lcom/android/dx/ssa/NormalSsaInsn;)V @ 27
Event: 9.189 Thread 0x00000000012ad800 Uncommon trap: reason=bimorphic action=maybe_recompile pc=0x0000000003369c7c method=com.android.dx.ssa.LiteralOpUpgrader.tryReplacingWithConstant(Lcom/android/dx/ssa/NormalSsaInsn;)Z @ 62
Event: 9.189 Thread 0x00000000012ad800 Uncommon trap: reason=unstable_if action=reinterpret pc=0x00000000034b55c0 method=com.android.dx.ssa.LiteralOpUpgrader$1.visitNonMoveInsn(Lcom/android/dx/ssa/NormalSsaInsn;)V @ 24
Event: 9.194 Thread 0x00000000012ad800 Uncommon trap: reason=bimorphic action=maybe_recompile pc=0x0000000003369c7c method=com.android.dx.ssa.LiteralOpUpgrader.tryReplacingWithConstant(Lcom/android/dx/ssa/NormalSsaInsn;)Z @ 62
Event: 9.425 Thread 0x0000000016eeb000 Uncommon trap: reason=unstable_if action=reinterpret pc=0x00000000035fcd2c method=java.util.HashMap.putVal(ILjava/lang/Object;Ljava/lang/Object;ZZ)Ljava/lang/Object; @ 109
Event: 9.951 Thread 0x00000000012ad800 Uncommon trap: reason=bimorphic action=maybe_recompile pc=0x000000000363e3d4 method=com.android.dx.cf.code.BytecodeArray.parseInstruction(ILcom/android/dx/cf/code/BytecodeArray$Visitor;)I @ 1035
Event: 9.951 Thread 0x00000000012ad800 Uncommon trap: reason=bimorphic action=maybe_recompile pc=0x000000000363e3d4 method=com.android.dx.cf.code.BytecodeArray.parseInstruction(ILcom/android/dx/cf/code/BytecodeArray$Visitor;)I @ 1035

Internal exceptions (7 events):
Event: 0.055 Thread 0x00000000012ad800 Exception <a 'java/lang/NoSuchMethodError': Method sun.misc.Unsafe.defineClass(Ljava/lang/String;[BII)Ljava/lang/Class; name or signature does not match> (0x00000000eab07cc0) thrown at [C:\src\android\AOSP-openjdk\external\jetbrains\jdk\hotspot\src\share\vAÈo©lY¬?
Event: 0.055 Thread 0x00000000012ad800 Exception <a 'java/lang/NoSuchMethodError': Method sun.misc.Unsafe.prefetchRead(Ljava/lang/Object;J)V name or signature does not match> (0x00000000eab07fa8) thrown at [C:\src\android\AOSP-openjdk\external\jetbrains\jdk\hotspot\src\share\vm\prims\jni.cpp, lÈÑø)D@
Event: 5.317 Thread 0x0000000016df8000 Implicit null exception at 0x0000000003072b37 to 0x0000000003074fbd
Event: 7.035 Thread 0x0000000016eec000 Implicit null exception at 0x000000000333ee80 to 0x00000000033401b9
Event: 8.962 Thread 0x0000000016eeb000 Exception <a 'java/lang/ArrayIndexOutOfBoundsException': 18> (0x00000000eacd9138) thrown at [C:\src\android\AOSP-openjdk\external\jetbrains\jdk\hotspot\src\share\vm\interpreter\interpreterRuntime.cpp, line 366]
Event: 8.963 Thread 0x0000000016eeb000 Exception <a 'java/lang/ArrayIndexOutOfBoundsException'> (0x00000000eacdacb8) thrown at [C:\src\android\AOSP-openjdk\external\jetbrains\jdk\hotspot\src\share\vm\runtime\sharedRuntime.cpp, line 605]
Event: 8.979 Thread 0x0000000016eeb000 Exception <a 'java/lang/ArrayIndexOutOfBoundsException'> (0x00000000eacdbfa0) thrown at [C:\src\android\AOSP-openjdk\external\jetbrains\jdk\hotspot\src\share\vm\runtime\sharedRuntime.cpp, line 605]

Events (10 events):
Event: 9.692 Executing VM operation: ParallelGCFailedAllocation
Event: 9.828 Executing VM operation: ParallelGCFailedAllocation done
Event: 9.951 Thread 0x00000000012ad800 Uncommon trap: trap_request=0xffffffc6 fr.pc=0x000000000363e3d4
Event: 9.951 Thread 0x00000000012ad800 DEOPT PACKING pc=0x000000000363e3d4 sp=0x0000000002bbe330
Event: 9.951 Thread 0x00000000012ad800 DEOPT UNPACKING pc=0x0000000002dc556a sp=0x0000000002bbe308 mode 2
Event: 9.951 Thread 0x00000000012ad800 Uncommon trap: trap_request=0xffffffc6 fr.pc=0x000000000363e3d4
Event: 9.951 Thread 0x00000000012ad800 DEOPT PACKING pc=0x000000000363e3d4 sp=0x0000000002bbe330
Event: 9.951 Thread 0x00000000012ad800 DEOPT UNPACKING pc=0x0000000002dc556a sp=0x0000000002bbe308 mode 2
Event: 10.602 Executing VM operation: ParallelGCFailedAllocation
Event: 10.742 Executing VM operation: ParallelGCFailedAllocation done


Dynamic libraries:
0x00007ff6c7d80000 - 0x00007ff6c7db1000 	C:\Program Files\Android\Android Studio\jre\bin\java.exe
0x00007ffd40960000 - 0x00007ffd40b21000 	C:\WINDOWS\SYSTEM32\ntdll.dll
0x00007ffd3e080000 - 0x00007ffd3e12d000 	C:\WINDOWS\system32\KERNEL32.DLL
0x00007ffd3dab0000 - 0x00007ffd3dc98000 	C:\WINDOWS\system32\KERNELBASE.dll
0x00007ffd40460000 - 0x00007ffd40507000 	C:\WINDOWS\system32\ADVAPI32.dll
0x00007ffd3e980000 - 0x00007ffd3ea1d000 	C:\WINDOWS\system32\msvcrt.dll
0x00007ffd3e8b0000 - 0x00007ffd3e90b000 	C:\WINDOWS\system32\sechost.dll
0x00007ffd3e130000 - 0x00007ffd3e24c000 	C:\WINDOWS\system32\RPCRT4.dll
0x00007ffd3df20000 - 0x00007ffd3e076000 	C:\WINDOWS\system32\USER32.dll
0x00007ffd3dd80000 - 0x00007ffd3df06000 	C:\WINDOWS\system32\GDI32.dll
0x00007ffd38ad0000 - 0x00007ffd38d44000 	C:\WINDOWS\WinSxS\amd64_microsoft.windows.common-controls_6595b64144ccf1df_6.0.10586.672_none_a2d6b3cea53ff843\COMCTL32.dll
0x00007ffd3e250000 - 0x00007ffd3e4cd000 	C:\WINDOWS\system32\combase.dll
0x00007ffd3d8b0000 - 0x00007ffd3d91a000 	C:\WINDOWS\system32\bcryptPrimitives.dll
0x00007ffd40510000 - 0x00007ffd4054b000 	C:\WINDOWS\system32\IMM32.DLL
0x000000005be90000 - 0x000000005bf62000 	C:\Program Files\Android\Android Studio\jre\jre\bin\msvcr100.dll
0x000000005c050000 - 0x000000005c884000 	C:\Program Files\Android\Android Studio\jre\jre\bin\server\jvm.dll
0x00007ffd3df10000 - 0x00007ffd3df18000 	C:\WINDOWS\system32\PSAPI.DLL
0x00007ffd32730000 - 0x00007ffd32739000 	C:\WINDOWS\SYSTEM32\WSOCK32.dll
0x00007ffd3e910000 - 0x00007ffd3e97b000 	C:\WINDOWS\system32\WS2_32.dll
0x00007ffd39a80000 - 0x00007ffd39aa3000 	C:\WINDOWS\SYSTEM32\WINMM.dll
0x00007ffd33a10000 - 0x00007ffd33a1a000 	C:\WINDOWS\SYSTEM32\VERSION.dll
0x00007ffd39a50000 - 0x00007ffd39a7c000 	C:\WINDOWS\SYSTEM32\WINMMBASE.dll
0x00007ffd3d920000 - 0x00007ffd3d963000 	C:\WINDOWS\system32\cfgmgr32.dll
0x00007ffd34130000 - 0x00007ffd3413f000 	C:\Program Files\Android\Android Studio\jre\jre\bin\verify.dll
0x00007ffd32f70000 - 0x00007ffd32f99000 	C:\Program Files\Android\Android Studio\jre\jre\bin\java.dll
0x00007ffd2ffd0000 - 0x00007ffd2ffe6000 	C:\Program Files\Android\Android Studio\jre\jre\bin\zip.dll
0x00007ffd3ef00000 - 0x00007ffd4045c000 	C:\WINDOWS\system32\SHELL32.dll
0x00007ffd3d090000 - 0x00007ffd3d6d5000 	C:\WINDOWS\system32\windows.storage.dll
0x00007ffd406d0000 - 0x00007ffd40722000 	C:\WINDOWS\system32\shlwapi.dll
0x00007ffd3d000000 - 0x00007ffd3d00f000 	C:\WINDOWS\system32\kernel.appcore.dll
0x00007ffd3dca0000 - 0x00007ffd3dd55000 	C:\WINDOWS\system32\shcore.dll
0x00007ffd3cfb0000 - 0x00007ffd3cffb000 	C:\WINDOWS\system32\powrprof.dll
0x00007ffd3cf90000 - 0x00007ffd3cfa4000 	C:\WINDOWS\system32\profapi.dll

VM Arguments:
jvm_args: -Djava.awt.headless=true -Xmx1024M -Dfile.encoding=windows-1252 -Duser.country=GB -Duser.language=en -Duser.variant 
java_command: com.android.dx.command.Main --dex --force-jumbo --num-threads=4 --multi-dex --output C:\Users\Thomas\AndroidStudioProjects\MrWhemps\app\build\intermediates\transforms\dex\debug\folders\1000\10\com.android.support-support-v4-23.4.0_3342e5d3ccd37400c4c8d36aadf003a6717e68e4 C:\Users\Thomas\AndroidStudioProjects\MrWhemps\app\build\intermediates\exploded-aar\com.android.support\support-v4\23.4.0\jars\classes.jar
java_class_path (initial): C:\Users\Thomas\AppData\Local\Android\sdk\build-tools\23.0.2\lib\dx.jar
Launcher Type: SUN_STANDARD

Environment Variables:
PATH=C:\Program Files (x86)\Intel\iCLS Client\;C:\Program Files\Intel\iCLS Client\;C:\Windows\system32;C:\Windows;C:\Windows\System32\Wbem;C:\Windows\System32\WindowsPowerShell\v1.0\;C:\Program Files (x86)\Intel\OpenCL SDK\2.0\bin\x86;C:\Program Files (x86)\Intel\OpenCL SDK\2.0\bin\x64;C:\Program Files\Intel\Intel(R) Management Engine Components\DAL;C:\Program Files\Intel\Intel(R) Management Engine Components\IPT;C:\Program Files (x86)\Intel\Intel(R) Management Engine Components\DAL;C:\Program Files (x86)\Intel\Intel(R) Management Engine Components\IPT;C:\Program Files (x86)\Windows Live\Shared;C:\Users\Thomas\AppData\Local\Smartbar\Application\;C:\WINDOWS\system32;C:\WINDOWS;C:\WINDOWS\System32\Wbem;C:\WINDOWS\System32\WindowsPowerShell\v1.0\;D:\Programs\bin;C:\Program Files\Microsoft SQL Server\110\Tools\Binn\;C:\Program Files\Microsoft SQL Server\120\Tools\Binn\;C:\Program Files\MiKTeX 2.9\miktex\bin\;C:\Program Files\MiKTeX 2.9\gs\gs8.71\bin\;C:\Program Files\Git\cmd;C:\Program Files (x86)\Skype\Phone\;C:\Program Files\Microsoft SQL Server\130\Tools\Binn\;C:\Program Files (x86)\Windows Kits\10\Windows Performance Toolkit\;C:\Program Files
USERNAME=Thomas
OS=Windows_NT
PROCESSOR_IDENTIFIER=Intel64 Family 6 Model 42 Stepping 7, GenuineIntel



---------------  S Y S T E M  ---------------

OS: Windows 10.0 , 64 bit Build 10586 (10.0.10586.589)

CPU:total 4 (2 cores per cpu, 2 threads per core) family 6 model 42 stepping 7, cmov, cx8, fxsr, mmx, sse, sse2, sse3, ssse3, sse4.1, sse4.2, popcnt, avx, clmul, ht, tsc, tscinvbit

Memory: 4k page, physical 4075172k(860652k free), swap 6565540k(5240k free)

vm_info: OpenJDK 64-Bit Server VM (25.76-b03) for windows-amd64 JRE (1.8.0_76-release-b03), built on Jun 29 2016 19:09:20 by "ralucas" with MS VC++ 10.0 (VS2010)

time: Sun Jan 22 12:54:29 2017
elapsed time: 11 seconds (0d 0h 0m 11s)

