#
# There is insufficient memory for the Java Runtime Environment to continue.
# Native memory allocation (malloc) failed to allocate 44176 bytes for Chunk::new
# Possible reasons:
#   The system is out of physical RAM or swap space
#   In 32 bit mode, the process size limit was hit
# Possible solutions:
#   Reduce memory load on the system
#   Increase physical memory or swap space
#   Check if swap backing store is full
#   Use 64 bit Java on a 64 bit OS
#   Decrease Java heap size (-Xmx/-Xms)
#   Decrease number of Java threads
#   Decrease Java thread stack sizes (-Xss)
#   Set larger code cache with -XX:ReservedCodeCacheSize=
# This output file may be truncated or incomplete.
#
#  Out of Memory Error (allocation.cpp:390), pid=7136, tid=0x00000000000012b8
#
# JRE version: OpenJDK Runtime Environment (8.0_112-b06) (build 1.8.0_112-release-b06)
# Java VM: OpenJDK 64-Bit Server VM (25.112-b06 mixed mode windows-amd64 compressed oops)
# Failed to write core dump. Minidumps are not enabled by default on client versions of Windows
#

---------------  T H R E A D  ---------------

Current thread (0x000000001bf2e800):  JavaThread "C2 CompilerThread1" daemon [_thread_in_native, id=4792, stack(0x000000001d670000,0x000000001d770000)]

Stack: [0x000000001d670000,0x000000001d770000]
[error occurred during error reporting (printing stack bounds), id 0xc0000005]

Native frames: (J=compiled Java code, j=interpreted, Vv=VM code, C=native code)


Current CompileTask:
C2:  10832 1775 %     4       com.android.dx.util.Bits::or @ 2 (24 bytes)


---------------  P R O C E S S  ---------------

Java Threads: ( => current thread )
  0x000000001dace800 JavaThread "pool-2-thread-4" [_thread_in_Java, id=5388, stack(0x000000001e270000,0x000000001e370000)]
  0x000000001dac9000 JavaThread "pool-2-thread-3" [_thread_in_Java, id=6748, stack(0x000000001e170000,0x000000001e270000)]
  0x000000001dbc6000 JavaThread "pool-2-thread-2" [_thread_blocked, id=6400, stack(0x000000001e070000,0x000000001e170000)]
  0x000000001dbbf000 JavaThread "pool-3-thread-1" [_thread_blocked, id=1728, stack(0x000000001df70000,0x000000001e070000)]
  0x000000001dbb8000 JavaThread "pool-2-thread-1" [_thread_blocked, id=5612, stack(0x000000001de70000,0x000000001df70000)]
  0x000000001d873800 JavaThread "Service Thread" daemon [_thread_blocked, id=8760, stack(0x000000001dc70000,0x000000001dd70000)]
  0x000000001bf8b000 JavaThread "C1 CompilerThread2" daemon [_thread_blocked, id=3896, stack(0x000000001d770000,0x000000001d870000)]
=>0x000000001bf2e800 JavaThread "C2 CompilerThread1" daemon [_thread_in_native, id=4792, stack(0x000000001d670000,0x000000001d770000)]
  0x000000001bf2b800 JavaThread "C2 CompilerThread0" daemon [_thread_in_native, id=10116, stack(0x000000001d570000,0x000000001d670000)]
  0x000000001bf2a000 JavaThread "Attach Listener" daemon [_thread_blocked, id=8048, stack(0x000000001d470000,0x000000001d570000)]
  0x000000001bf29000 JavaThread "Signal Dispatcher" daemon [_thread_blocked, id=9900, stack(0x000000001d370000,0x000000001d470000)]
  0x000000001bf18000 JavaThread "Finalizer" daemon [_thread_blocked, id=9948, stack(0x000000001d190000,0x000000001d290000)]
  0x000000001bef6800 JavaThread "Reference Handler" daemon [_thread_blocked, id=10144, stack(0x000000001d090000,0x000000001d190000)]
  0x00000000025cd800 JavaThread "main" [_thread_in_Java, id=7776, stack(0x0000000002660000,0x0000000002760000)]

Other Threads:
  0x000000001bef5000 VMThread [stack: 0x000000001cf90000,0x000000001d090000] [id=8788]
  0x000000001d875800 WatcherThread [stack: 0x000000001dd70000,0x000000001de70000] [id=7796]

VM state:synchronizing (normal execution)

VM Mutex/Monitor currently owned by a thread:  ([mutex/lock_event])
[0x00000000025cd050] Safepoint_lock - owner thread: 0x000000001bef5000
[0x00000000025cc5d0] Threads_lock - owner thread: 0x000000001bef5000
[0x00000000025ccd50] Heap_lock - owner thread: 0x000000001dbb8000

Heap:
 PSYoungGen      total 35328K, used 35303K [0x000000076ab00000, 0x000000076d000000, 0x00000007c0000000)
  eden space 32768K, 100% used [0x000000076ab00000,0x000000076cb00000,0x000000076cb00000)
  from space 2560K, 99% used [0x000000076cd80000,0x000000076cff9f08,0x000000076d000000)
  to   space 2560K, 0% used [0x000000076cb00000,0x000000076cb00000,0x000000076cd80000)
 ParOldGen       total 44032K, used 16500K [0x00000006c0000000, 0x00000006c2b00000, 0x000000076ab00000)
  object space 44032K, 37% used [0x00000006c0000000,0x00000006c101d088,0x00000006c2b00000)
 Metaspace       used 6292K, capacity 7090K, committed 7296K, reserved 1056768K
  class space    used 594K, capacity 618K, committed 640K, reserved 1048576K

Card table byte_map: [0x0000000011c20000,0x0000000012430000] byte_map_base: 0x000000000e620000

Marking Bits: (ParMarkBitMap*) 0x00000000560218f0
 Begin Bits: [0x0000000012d90000, 0x0000000016d90000)
 End Bits:   [0x0000000016d90000, 0x000000001ad90000)

Polling page: 0x0000000000c70000

CodeCache: size=245760Kb used=7762Kb max_used=7762Kb free=237998Kb
 bounds [0x0000000002860000, 0x0000000003000000, 0x0000000011860000]
 total_blobs=2026 nmethods=1758 adapters=181
 compilation: enabled

Compilation events (10 events):
Event: 10.586 Thread 0x000000001bf8b000 1772   !   3       sun.reflect.generics.parser.SignatureParser::current (40 bytes)
Event: 10.587 Thread 0x000000001bf8b000 nmethod 1772 0x0000000002fcbb90 code [0x0000000002fcbd00, 0x0000000002fcbed0]
Event: 10.729 Thread 0x000000001bf8b000 1773       3       java.util.HashMap::get (23 bytes)
Event: 10.730 Thread 0x000000001bf8b000 nmethod 1773 0x0000000002fcb490 code [0x0000000002fcb620, 0x0000000002fcba38]
Event: 10.732 Thread 0x000000001bf8b000 1774   !   3       com.android.dx.rop.code.RegisterSpec::intern (70 bytes)
Event: 10.733 Thread 0x000000001bf8b000 nmethod 1774 0x0000000002fc71d0 code [0x0000000002fc7400, 0x0000000002fc8108]
Event: 10.734 Thread 0x000000001bf2e800 1775 %     4       com.android.dx.util.Bits::or @ 2 (24 bytes)
Event: 10.735 Thread 0x000000001bf2b800 1776       4       com.android.dx.rop.cst.CstFieldRef::compareTo0 (43 bytes)
Event: 10.741 Thread 0x000000001bf2b800 nmethod 1776 0x0000000002fca750 code [0x0000000002fca8c0, 0x0000000002fcad58]
Event: 10.741 Thread 0x000000001bf2b800 1778       4       com.android.dx.ssa.back.SsaToRop::convertInsns (53 bytes)

GC Heap History (10 events):
Event: 5.856 GC heap before
{Heap before GC invocations=2 (full 0):
 PSYoungGen      total 18944K, used 18915K [0x000000076ab00000, 0x000000076c000000, 0x00000007c0000000)
  eden space 16384K, 100% used [0x000000076ab00000,0x000000076bb00000,0x000000076bb00000)
  from space 2560K, 98% used [0x000000076bb00000,0x000000076bd78c70,0x000000076bd80000)
  to   space 2560K, 0% used [0x000000076bd80000,0x000000076bd80000,0x000000076c000000)
 ParOldGen       total 44032K, used 373K [0x00000006c0000000, 0x00000006c2b00000, 0x000000076ab00000)
  object space 44032K, 0% used [0x00000006c0000000,0x00000006c005d620,0x00000006c2b00000)
 Metaspace       used 5914K, capacity 6896K, committed 7040K, reserved 1056768K
  class space    used 574K, capacity 616K, committed 640K, reserved 1048576K
Event: 5.979 GC heap after
Heap after GC invocations=2 (full 0):
 PSYoungGen      total 18944K, used 2554K [0x000000076ab00000, 0x000000076d000000, 0x00000007c0000000)
  eden space 16384K, 0% used [0x000000076ab00000,0x000000076ab00000,0x000000076bb00000)
  from space 2560K, 99% used [0x000000076bd80000,0x000000076bffeaa0,0x000000076c000000)
  to   space 2560K, 0% used [0x000000076bb00000,0x000000076bb00000,0x000000076bd80000)
 ParOldGen       total 44032K, used 1943K [0x00000006c0000000, 0x00000006c2b00000, 0x000000076ab00000)
  object space 44032K, 4% used [0x00000006c0000000,0x00000006c01e5dc0,0x00000006c2b00000)
 Metaspace       used 5914K, capacity 6896K, committed 7040K, reserved 1056768K
  class space    used 574K, capacity 616K, committed 640K, reserved 1048576K
}
Event: 6.929 GC heap before
{Heap before GC invocations=3 (full 0):
 PSYoungGen      total 18944K, used 18938K [0x000000076ab00000, 0x000000076d000000, 0x00000007c0000000)
  eden space 16384K, 100% used [0x000000076ab00000,0x000000076bb00000,0x000000076bb00000)
  from space 2560K, 99% used [0x000000076bd80000,0x000000076bffeaa0,0x000000076c000000)
  to   space 2560K, 0% used [0x000000076bb00000,0x000000076bb00000,0x000000076bd80000)
 ParOldGen       total 44032K, used 1943K [0x00000006c0000000, 0x00000006c2b00000, 0x000000076ab00000)
  object space 44032K, 4% used [0x00000006c0000000,0x00000006c01e5dc0,0x00000006c2b00000)
 Metaspace       used 6018K, capacity 6960K, committed 7040K, reserved 1056768K
  class space    used 574K, capacity 616K, committed 640K, reserved 1048576K
Event: 6.964 GC heap after
Heap after GC invocations=3 (full 0):
 PSYoungGen      total 18944K, used 2544K [0x000000076ab00000, 0x000000076d000000, 0x00000007c0000000)
  eden space 16384K, 0% used [0x000000076ab00000,0x000000076ab00000,0x000000076bb00000)
  from space 2560K, 99% used [0x000000076bb00000,0x000000076bd7c010,0x000000076bd80000)
  to   space 2560K, 0% used [0x000000076cd80000,0x000000076cd80000,0x000000076d000000)
 ParOldGen       total 44032K, used 4439K [0x00000006c0000000, 0x00000006c2b00000, 0x000000076ab00000)
  object space 44032K, 10% used [0x00000006c0000000,0x00000006c0455fc8,0x00000006c2b00000)
 Metaspace       used 6018K, capacity 6960K, committed 7040K, reserved 1056768K
  class space    used 574K, capacity 616K, committed 640K, reserved 1048576K
}
Event: 8.366 GC heap before
{Heap before GC invocations=4 (full 0):
 PSYoungGen      total 18944K, used 18928K [0x000000076ab00000, 0x000000076d000000, 0x00000007c0000000)
  eden space 16384K, 100% used [0x000000076ab00000,0x000000076bb00000,0x000000076bb00000)
  from space 2560K, 99% used [0x000000076bb00000,0x000000076bd7c010,0x000000076bd80000)
  to   space 2560K, 0% used [0x000000076cd80000,0x000000076cd80000,0x000000076d000000)
 ParOldGen       total 44032K, used 4439K [0x00000006c0000000, 0x00000006c2b00000, 0x000000076ab00000)
  object space 44032K, 10% used [0x00000006c0000000,0x00000006c0455fc8,0x00000006c2b00000)
 Metaspace       used 6059K, capacity 7024K, committed 7296K, reserved 1056768K
  class space    used 574K, capacity 616K, committed 640K, reserved 1048576K
Event: 8.488 GC heap after
Heap after GC invocations=4 (full 0):
 PSYoungGen      total 35328K, used 2528K [0x000000076ab00000, 0x000000076d000000, 0x00000007c0000000)
  eden space 32768K, 0% used [0x000000076ab00000,0x000000076ab00000,0x000000076cb00000)
  from space 2560K, 98% used [0x000000076cd80000,0x000000076cff8020,0x000000076d000000)
  to   space 2560K, 0% used [0x000000076cb00000,0x000000076cb00000,0x000000076cd80000)
 ParOldGen       total 44032K, used 6889K [0x00000006c0000000, 0x00000006c2b00000, 0x000000076ab00000)
  object space 44032K, 15% used [0x00000006c0000000,0x00000006c06ba670,0x00000006c2b00000)
 Metaspace       used 6059K, capacity 7024K, committed 7296K, reserved 1056768K
  class space    used 574K, capacity 616K, committed 640K, reserved 1048576K
}
Event: 9.746 GC heap before
{Heap before GC invocations=5 (full 0):
 PSYoungGen      total 35328K, used 35296K [0x000000076ab00000, 0x000000076d000000, 0x00000007c0000000)
  eden space 32768K, 100% used [0x000000076ab00000,0x000000076cb00000,0x000000076cb00000)
  from space 2560K, 98% used [0x000000076cd80000,0x000000076cff8020,0x000000076d000000)
  to   space 2560K, 0% used [0x000000076cb00000,0x000000076cb00000,0x000000076cd80000)
 ParOldGen       total 44032K, used 6889K [0x00000006c0000000, 0x00000006c2b00000, 0x000000076ab00000)
  object space 44032K, 15% used [0x00000006c0000000,0x00000006c06ba670,0x00000006c2b00000)
 Metaspace       used 6147K, capacity 7088K, committed 7296K, reserved 1056768K
  class space    used 574K, capacity 616K, committed 640K, reserved 1048576K
Event: 9.773 GC heap after
Heap after GC invocations=5 (full 0):
 PSYoungGen      total 35328K, used 2560K [0x000000076ab00000, 0x000000076d000000, 0x00000007c0000000)
  eden space 32768K, 0% used [0x000000076ab00000,0x000000076ab00000,0x000000076cb00000)
  from space 2560K, 100% used [0x000000076cb00000,0x000000076cd80000,0x000000076cd80000)
  to   space 2560K, 0% used [0x000000076cd80000,0x000000076cd80000,0x000000076d000000)
 ParOldGen       total 44032K, used 11959K [0x00000006c0000000, 0x00000006c2b00000, 0x000000076ab00000)
  object space 44032K, 27% used [0x00000006c0000000,0x00000006c0badd48,0x00000006c2b00000)
 Metaspace       used 6147K, capacity 7088K, committed 7296K, reserved 1056768K
  class space    used 574K, capacity 616K, committed 640K, reserved 1048576K
}
Event: 10.091 GC heap before
{Heap before GC invocations=6 (full 0):
 PSYoungGen      total 35328K, used 35328K [0x000000076ab00000, 0x000000076d000000, 0x00000007c0000000)
  eden space 32768K, 100% used [0x000000076ab00000,0x000000076cb00000,0x000000076cb00000)
  from space 2560K, 100% used [0x000000076cb00000,0x000000076cd80000,0x000000076cd80000)
  to   space 2560K, 0% used [0x000000076cd80000,0x000000076cd80000,0x000000076d000000)
 ParOldGen       total 44032K, used 11959K [0x00000006c0000000, 0x00000006c2b00000, 0x000000076ab00000)
  object space 44032K, 27% used [0x00000006c0000000,0x00000006c0badd48,0x00000006c2b00000)
 Metaspace       used 6186K, capacity 7088K, committed 7296K, reserved 1056768K
  class space    used 574K, capacity 616K, committed 640K, reserved 1048576K
Event: 10.118 GC heap after
Heap after GC invocations=6 (full 0):
 PSYoungGen      total 35328K, used 2535K [0x000000076ab00000, 0x000000076d000000, 0x00000007c0000000)
  eden space 32768K, 0% used [0x000000076ab00000,0x000000076ab00000,0x000000076cb00000)
  from space 2560K, 99% used [0x000000076cd80000,0x000000076cff9f08,0x000000076d000000)
  to   space 2560K, 0% used [0x000000076cb00000,0x000000076cb00000,0x000000076cd80000)
 ParOldGen       total 44032K, used 16500K [0x00000006c0000000, 0x00000006c2b00000, 0x000000076ab00000)
  object space 44032K, 37% used [0x00000006c0000000,0x00000006c101d088,0x00000006c2b00000)
 Metaspace       used 6186K, capacity 7088K, committed 7296K, reserved 1056768K
  class space    used 574K, capacity 616K, committed 640K, reserved 1048576K
}

Deoptimization events (10 events):
Event: 9.474 Thread 0x000000001dbb8000 Uncommon trap: reason=bimorphic action=maybe_recompile pc=0x0000000002ee8818 method=com.android.dx.cf.code.BytecodeArray.parseInstruction(ILcom/android/dx/cf/code/BytecodeArray$Visitor;)I @ 2484
Event: 9.853 Thread 0x000000001dace800 Uncommon trap: reason=unstable_if action=reinterpret pc=0x0000000002e22b0c method=com.android.dx.util.BitIntSet.has(I)Z @ 8
Event: 9.853 Thread 0x000000001dace800 Uncommon trap: reason=unstable_if action=reinterpret pc=0x0000000002f7cdfc method=com.android.dx.util.BitIntSet.has(I)Z @ 8
Event: 9.868 Thread 0x000000001dace800 Uncommon trap: reason=unstable_if action=reinterpret pc=0x0000000002e48a98 method=com.android.dx.util.BitIntSet.has(I)Z @ 8
Event: 10.016 Thread 0x000000001dbc6000 Uncommon trap: reason=speculate_class_check action=maybe_recompile pc=0x0000000002faf6ec method=com.android.dx.rop.cst.TypedConstant.getBasicType()I @ 1
Event: 10.016 Thread 0x000000001dbc6000 Uncommon trap: reason=speculate_class_check action=maybe_recompile pc=0x0000000002faf6ec method=com.android.dx.rop.cst.TypedConstant.getBasicType()I @ 1
Event: 10.048 Thread 0x00000000025cd800 Uncommon trap: reason=speculate_class_check action=maybe_recompile pc=0x0000000002faf6ec method=com.android.dx.rop.cst.TypedConstant.getBasicType()I @ 1
Event: 10.048 Thread 0x00000000025cd800 Uncommon trap: reason=speculate_class_check action=maybe_recompile pc=0x0000000002faf6ec method=com.android.dx.rop.cst.TypedConstant.getBasicType()I @ 1
Event: 10.268 Thread 0x000000001dbb8000 Uncommon trap: reason=unstable_if action=reinterpret pc=0x0000000002be85a4 method=java.util.HashMap.putVal(ILjava/lang/Object;Ljava/lang/Object;ZZ)Ljava/lang/Object; @ 162
Event: 10.729 Thread 0x000000001dbb8000 Uncommon trap: reason=unstable_if action=reinterpret pc=0x0000000002e8cba8 method=java.util.HashMap.getNode(ILjava/lang/Object;)Ljava/util/HashMap$Node; @ 84

Internal exceptions (5 events):
Event: 0.310 Thread 0x00000000025cd800 Exception <a 'java/lang/NoSuchMethodError': Method sun.misc.Unsafe.defineClass(Ljava/lang/String;[BII)Ljava/lang/Class; name or signature does not match> (0x000000076ab07c78) thrown at [C:\src\android\AOSP-openjdk\external\jetbrains\jdk\hotspot\src\share\vßPÈDç–”?
Event: 0.310 Thread 0x00000000025cd800 Exception <a 'java/lang/NoSuchMethodError': Method sun.misc.Unsafe.prefetchRead(Ljava/lang/Object;J)V name or signature does not match> (0x000000076ab07f60) thrown at [C:\src\android\AOSP-openjdk\external\jetbrains\jdk\hotspot\src\share\vm\prims\jni.cpp, l€-k˛+%@
Event: 10.586 Thread 0x000000001dbb8000 Exception <a 'java/lang/ArrayIndexOutOfBoundsException': 18> (0x000000076bc84128) thrown at [C:\src\android\AOSP-openjdk\external\jetbrains\jdk\hotspot\src\share\vm\interpreter\interpreterRuntime.cpp, line 366]
Event: 10.586 Thread 0x000000001dbb8000 Exception <a 'java/lang/ArrayIndexOutOfBoundsException': 145> (0x000000076bc85ca8) thrown at [C:\src\android\AOSP-openjdk\external\jetbrains\jdk\hotspot\src\share\vm\interpreter\interpreterRuntime.cpp, line 366]
Event: 10.588 Thread 0x000000001dbb8000 Exception <a 'java/lang/ArrayIndexOutOfBoundsException'> (0x000000076bc86f90) thrown at [C:\src\android\AOSP-openjdk\external\jetbrains\jdk\hotspot\src\share\vm\runtime\sharedRuntime.cpp, line 605]

Events (10 events):
Event: 10.588 loading class sun/reflect/generics/reflectiveObjects/ParameterizedTypeImpl done
Event: 10.588 loading class java/lang/reflect/TypeVariable
Event: 10.588 loading class java/lang/reflect/TypeVariable done
Event: 10.588 loading class sun/reflect/generics/reflectiveObjects/TypeVariableImpl
Event: 10.729 loading class sun/reflect/generics/reflectiveObjects/LazyReflectiveObjectGenerator
Event: 10.729 loading class sun/reflect/generics/reflectiveObjects/LazyReflectiveObjectGenerator done
Event: 10.729 loading class sun/reflect/generics/reflectiveObjects/TypeVariableImpl done
Event: 10.729 Thread 0x000000001dbb8000 Uncommon trap: trap_request=0xffffff65 fr.pc=0x0000000002e8cba8
Event: 10.729 Thread 0x000000001dbb8000 DEOPT PACKING pc=0x0000000002e8cba8 sp=0x000000001df6e4a0
Event: 10.729 Thread 0x000000001dbb8000 DEOPT UNPACKING pc=0x00000000028a556a sp=0x000000001df6e3c0 mode 2


Dynamic libraries:
0x00007ff6f9e60000 - 0x00007ff6f9e91000 	C:\Program Files\Android\Android Studio\jre\bin\java.exe
0x00007ffb52ea0000 - 0x00007ffb53061000 	C:\WINDOWS\SYSTEM32\ntdll.dll
0x00007ffb528f0000 - 0x00007ffb5299d000 	C:\WINDOWS\system32\KERNEL32.DLL
0x00007ffb4fed0000 - 0x00007ffb500b8000 	C:\WINDOWS\system32\KERNELBASE.dll
0x00007ffb52c60000 - 0x00007ffb52d07000 	C:\WINDOWS\system32\ADVAPI32.dll
0x00007ffb51a20000 - 0x00007ffb51abd000 	C:\WINDOWS\system32\msvcrt.dll
0x00007ffb502a0000 - 0x00007ffb502fb000 	C:\WINDOWS\system32\sechost.dll
0x00007ffb51f90000 - 0x00007ffb520ac000 	C:\WINDOWS\system32\RPCRT4.dll
0x00007ffb52790000 - 0x00007ffb528e6000 	C:\WINDOWS\system32\USER32.dll
0x00007ffb52ad0000 - 0x00007ffb52c57000 	C:\WINDOWS\system32\GDI32.dll
0x00007ffb49b90000 - 0x00007ffb49e04000 	C:\WINDOWS\WinSxS\amd64_microsoft.windows.common-controls_6595b64144ccf1df_6.0.10586.839_none_a2ddba30a539a2ae\COMCTL32.dll
0x00007ffb51ac0000 - 0x00007ffb51d3e000 	C:\WINDOWS\system32\combase.dll
0x00007ffb4fe60000 - 0x00007ffb4feca000 	C:\WINDOWS\system32\bcryptPrimitives.dll
0x00007ffb51f50000 - 0x00007ffb51f8b000 	C:\WINDOWS\system32\IMM32.DLL
0x0000000056930000 - 0x0000000056a02000 	C:\Program Files\Android\Android Studio\jre\jre\bin\msvcr100.dll
0x0000000055860000 - 0x000000005609c000 	C:\Program Files\Android\Android Studio\jre\jre\bin\server\jvm.dll
0x00007ffb52e90000 - 0x00007ffb52e98000 	C:\WINDOWS\system32\PSAPI.DLL
0x00007ffb43cb0000 - 0x00007ffb43cb9000 	C:\WINDOWS\SYSTEM32\WSOCK32.dll
0x00007ffb520b0000 - 0x00007ffb5211b000 	C:\WINDOWS\system32\WS2_32.dll
0x00007ffb4db90000 - 0x00007ffb4dbb3000 	C:\WINDOWS\SYSTEM32\WINMM.dll
0x00007ffb4ac60000 - 0x00007ffb4ac6a000 	C:\WINDOWS\SYSTEM32\VERSION.dll
0x00007ffb4da50000 - 0x00007ffb4da7c000 	C:\WINDOWS\SYSTEM32\WINMMBASE.dll
0x00007ffb50250000 - 0x00007ffb50293000 	C:\WINDOWS\system32\cfgmgr32.dll
0x00007ffb4cd30000 - 0x00007ffb4cd3f000 	C:\Program Files\Android\Android Studio\jre\jre\bin\verify.dll
0x00007ffb423e0000 - 0x00007ffb42409000 	C:\Program Files\Android\Android Studio\jre\jre\bin\java.dll
0x00007ffb462f0000 - 0x00007ffb46306000 	C:\Program Files\Android\Android Studio\jre\jre\bin\zip.dll
0x00007ffb50370000 - 0x00007ffb518cc000 	C:\WINDOWS\system32\SHELL32.dll
0x00007ffb4f810000 - 0x00007ffb4fe54000 	C:\WINDOWS\system32\windows.storage.dll
0x00007ffb526b0000 - 0x00007ffb52702000 	C:\WINDOWS\system32\shlwapi.dll
0x00007ffb4f4e0000 - 0x00007ffb4f4ef000 	C:\WINDOWS\system32\kernel.appcore.dll
0x00007ffb500c0000 - 0x00007ffb50175000 	C:\WINDOWS\system32\shcore.dll
0x00007ffb4f4f0000 - 0x00007ffb4f53b000 	C:\WINDOWS\system32\powrprof.dll
0x00007ffb4f4c0000 - 0x00007ffb4f4d4000 	C:\WINDOWS\system32\profapi.dll

VM Arguments:
jvm_args: -Djava.awt.headless=true -Xmx4g -Dfile.encoding=windows-1252 -Duser.country=GB -Duser.language=en -Duser.variant 
java_command: com.android.dx.command.Main --dex --force-jumbo --num-threads=4 --multi-dex --output C:\Users\Thomas\AndroidStudioProjects\MrWhemps\app\build\intermediates\transforms\dex\debug\folders\1000\10\classes_876dc4ee1fbadcf1e2ea75247e5bdce15bd370c7 C:\Users\Thomas\.android\build-cache\d983e928f475a371fe17abe76ff9b41eeeeeb559\output\jars\classes.jar
java_class_path (initial): C:\Users\Thomas\AppData\Local\Android\sdk\build-tools\25.0.0\lib\dx.jar
Launcher Type: SUN_STANDARD

Environment Variables:
PATH=C:\Program Files (x86)\Intel\iCLS Client\;C:\Program Files\Intel\iCLS Client\;C:\Windows\system32;C:\Windows;C:\Windows\System32\Wbem;C:\Windows\System32\WindowsPowerShell\v1.0\;C:\Program Files (x86)\Intel\OpenCL SDK\2.0\bin\x86;C:\Program Files (x86)\Intel\OpenCL SDK\2.0\bin\x64;C:\Program Files\Intel\Intel(R) Management Engine Components\DAL;C:\Program Files\Intel\Intel(R) Management Engine Components\IPT;C:\Program Files (x86)\Intel\Intel(R) Management Engine Components\DAL;C:\Program Files (x86)\Intel\Intel(R) Management Engine Components\IPT;C:\Program Files (x86)\Windows Live\Shared;C:\Users\Thomas\AppData\Local\Smartbar\Application\;C:\WINDOWS\system32;C:\WINDOWS;C:\WINDOWS\System32\Wbem;C:\WINDOWS\System32\WindowsPowerShell\v1.0\;C:\Program Files\Microsoft SQL Server\110\Tools\Binn\;C:\Program Files\Microsoft SQL Server\120\Tools\Binn\;C:\Program Files\MiKTeX 2.9\miktex\bin\;C:\Program Files\MiKTeX 2.9\gs\gs8.71\bin\;C:\Program Files\Git\cmd;C:\Program Files (x86)\Skype\Phone\;C:\Program Files\Microsoft SQL Server\130\Tools\Binn\;C:\Program Files (x86)\Windows Kits\10\Windows Performance Toolkit\;C:\Program Files
USERNAME=Thomas
OS=Windows_NT
PROCESSOR_IDENTIFIER=Intel64 Family 6 Model 42 Stepping 7, GenuineIntel



---------------  S Y S T E M  ---------------

OS: Windows 10.0 , 64 bit Build 10586 (10.0.10586.589)

CPU:total 4 (2 cores per cpu, 2 threads per core) family 6 model 42 stepping 7, cmov, cx8, fxsr, mmx, sse, sse2, sse3, ssse3, sse4.1, sse4.2, popcnt, avx, clmul, ht, tsc, tscinvbit

Memory: 4k page, physical 4075196k(414180k free), swap 6565564k(2332k free)

vm_info: OpenJDK 64-Bit Server VM (25.112-b06) for windows-amd64 JRE (1.8.0_112-release-b06), built on Dec  8 2016 00:54:26 by "builder" with MS VC++ 10.0 (VS2010)

time: Wed Sep 06 16:43:14 2017
elapsed time: 11 seconds (0d 0h 0m 11s)

