#
# There is insufficient memory for the Java Runtime Environment to continue.
# Native memory allocation (malloc) failed to allocate 32744 bytes for ChunkPool::allocate
# Possible reasons:
#   The system is out of physical RAM or swap space
#   In 32 bit mode, the process size limit was hit
# Possible solutions:
#   Reduce memory load on the system
#   Increase physical memory or swap space
#   Check if swap backing store is full
#   Use 64 bit Java on a 64 bit OS
#   Decrease Java heap size (-Xmx/-Xms)
#   Decrease number of Java threads
#   Decrease Java thread stack sizes (-Xss)
#   Set larger code cache with -XX:ReservedCodeCacheSize=
# This output file may be truncated or incomplete.
#
#  Out of Memory Error (allocation.cpp:273), pid=8316, tid=0x00000000000026e8
#
# JRE version: OpenJDK Runtime Environment (8.0_76-b03) (build 1.8.0_76-release-b03)
# Java VM: OpenJDK 64-Bit Server VM (25.76-b03 mixed mode windows-amd64 compressed oops)
# Failed to write core dump. Minidumps are not enabled by default on client versions of Windows
#

---------------  T H R E A D  ---------------

Current thread (0x000000001565e800):  JavaThread "C2 CompilerThread1" daemon [_thread_in_native, id=9960, stack(0x0000000016d90000,0x0000000016e90000)]

Stack: [0x0000000016d90000,0x0000000016e90000]
[error occurred during error reporting (printing stack bounds), id 0xc0000005]

Native frames: (J=compiled Java code, j=interpreted, Vv=VM code, C=native code)


Current CompileTask:
C2:   3699 1078       4       com.android.dx.ssa.SCCP::simulatePhi (169 bytes)


---------------  P R O C E S S  ---------------

Java Threads: ( => current thread )
  0x0000000016fe2800 JavaThread "pool-2-thread-3" [_thread_in_vm, id=7660, stack(0x0000000017890000,0x0000000017990000)]
  0x0000000016fe5000 JavaThread "pool-3-thread-1" [_thread_blocked, id=4440, stack(0x0000000017690000,0x0000000017790000)]
  0x0000000016e9c800 JavaThread "Service Thread" daemon [_thread_blocked, id=552, stack(0x0000000017390000,0x0000000017490000)]
  0x00000000156bc800 JavaThread "C1 CompilerThread2" daemon [_thread_blocked, id=936, stack(0x0000000017290000,0x0000000017390000)]
=>0x000000001565e800 JavaThread "C2 CompilerThread1" daemon [_thread_in_native, id=9960, stack(0x0000000016d90000,0x0000000016e90000)]
  0x000000001565b800 JavaThread "C2 CompilerThread0" daemon [_thread_in_native, id=8368, stack(0x0000000016c90000,0x0000000016d90000)]
  0x000000001565a000 JavaThread "Attach Listener" daemon [_thread_blocked, id=8076, stack(0x0000000016b90000,0x0000000016c90000)]
  0x0000000015659000 JavaThread "Signal Dispatcher" daemon [_thread_blocked, id=9788, stack(0x0000000016a90000,0x0000000016b90000)]
  0x0000000002ee6000 JavaThread "Finalizer" daemon [_thread_blocked, id=7188, stack(0x00000000168b0000,0x00000000169b0000)]
  0x0000000015627000 JavaThread "Reference Handler" daemon [_thread_blocked, id=8176, stack(0x00000000167b0000,0x00000000168b0000)]
  0x0000000002f8d800 JavaThread "main" [_thread_blocked, id=8928, stack(0x0000000002c60000,0x0000000002d60000)]

Other Threads:
  0x0000000015625000 VMThread [stack: 0x00000000166b0000,0x00000000167b0000] [id=3312]
  0x0000000016e9e000 WatcherThread [stack: 0x0000000017490000,0x0000000017590000] [id=84]

VM state:not at safepoint (normal execution)

VM Mutex/Monitor currently owned by a thread: None

Heap:
 PSYoungGen      total 18944K, used 10090K [0x00000000eab00000, 0x00000000ed000000, 0x0000000100000000)
  eden space 16384K, 46% used [0x00000000eab00000,0x00000000eb262ab8,0x00000000ebb00000)
  from space 2560K, 98% used [0x00000000ebb00000,0x00000000ebd78038,0x00000000ebd80000)
  to   space 2560K, 0% used [0x00000000ecd80000,0x00000000ecd80000,0x00000000ed000000)
 ParOldGen       total 44032K, used 1578K [0x00000000c0000000, 0x00000000c2b00000, 0x00000000eab00000)
  object space 44032K, 3% used [0x00000000c0000000,0x00000000c018aa48,0x00000000c2b00000)
 Metaspace       used 5773K, capacity 6768K, committed 7040K, reserved 1056768K
  class space    used 568K, capacity 616K, committed 640K, reserved 1048576K

Card table byte_map: [0x0000000012350000,0x0000000012560000] byte_map_base: 0x0000000011d50000

Marking Bits: (ParMarkBitMap*) 0x000000005eef9d00
 Begin Bits: [0x0000000012ac0000, 0x0000000013ac0000)
 End Bits:   [0x0000000013ac0000, 0x0000000014ac0000)

Polling page: 0x0000000001120000

CodeCache: size=245760Kb used=4325Kb max_used=4337Kb free=241434Kb
 bounds [0x0000000002f90000, 0x00000000033e0000, 0x0000000011f90000]
 total_blobs=1344 nmethods=1076 adapters=181
 compilation: enabled

Compilation events (10 events):
Event: 3.643 Thread 0x00000000156bc800 nmethod 1073 0x00000000033c1150 code [0x00000000033c12a0, 0x00000000033c1450]
Event: 3.644 Thread 0x00000000156bc800 1074       3       com.android.dx.cf.code.OneLocalsArray::merge (22 bytes)
Event: 3.645 Thread 0x00000000156bc800 nmethod 1074 0x00000000033ca050 code [0x00000000033ca220, 0x00000000033ca958]
Event: 3.645 Thread 0x00000000156bc800 1075       3       com.android.dx.util.IntList::equals (82 bytes)
Event: 3.645 Thread 0x00000000156bc800 nmethod 1075 0x00000000033c9690 code [0x00000000033c9820, 0x00000000033c9dd0]
Event: 3.645 Thread 0x00000000156bc800 1076       3       com.android.dx.rop.cst.CstType::hashCode (8 bytes)
Event: 3.646 Thread 0x00000000156bc800 nmethod 1076 0x00000000033c0b90 code [0x00000000033c0d00, 0x00000000033c0fe8]
Event: 3.647 Thread 0x000000001565e800 1077       4       com.android.dx.ssa.SsaRenamer$BlockRenamer::processResultReg (56 bytes)
Event: 3.657 Thread 0x000000001565e800 nmethod 1077 0x00000000033bddd0 code [0x00000000033bdf20, 0x00000000033be228]
Event: 3.658 Thread 0x000000001565e800 1078       4       com.android.dx.ssa.SCCP::simulatePhi (169 bytes)

GC Heap History (2 events):
Event: 2.763 GC heap before
{Heap before GC invocations=1 (full 0):
 PSYoungGen      total 18944K, used 16384K [0x00000000eab00000, 0x00000000ec000000, 0x0000000100000000)
  eden space 16384K, 100% used [0x00000000eab00000,0x00000000ebb00000,0x00000000ebb00000)
  from space 2560K, 0% used [0x00000000ebd80000,0x00000000ebd80000,0x00000000ec000000)
  to   space 2560K, 0% used [0x00000000ebb00000,0x00000000ebb00000,0x00000000ebd80000)
 ParOldGen       total 44032K, used 0K [0x00000000c0000000, 0x00000000c2b00000, 0x00000000eab00000)
  object space 44032K, 0% used [0x00000000c0000000,0x00000000c0000000,0x00000000c2b00000)
 Metaspace       used 5692K, capacity 6704K, committed 6784K, reserved 1056768K
  class space    used 566K, capacity 616K, committed 640K, reserved 1048576K
Event: 2.847 GC heap after
Heap after GC invocations=1 (full 0):
 PSYoungGen      total 18944K, used 2528K [0x00000000eab00000, 0x00000000ed000000, 0x0000000100000000)
  eden space 16384K, 0% used [0x00000000eab00000,0x00000000eab00000,0x00000000ebb00000)
  from space 2560K, 98% used [0x00000000ebb00000,0x00000000ebd78038,0x00000000ebd80000)
  to   space 2560K, 0% used [0x00000000ecd80000,0x00000000ecd80000,0x00000000ed000000)
 ParOldGen       total 44032K, used 1578K [0x00000000c0000000, 0x00000000c2b00000, 0x00000000eab00000)
  object space 44032K, 3% used [0x00000000c0000000,0x00000000c018aa48,0x00000000c2b00000)
 Metaspace       used 5692K, capacity 6704K, committed 6784K, reserved 1056768K
  class space    used 566K, capacity 616K, committed 640K, reserved 1048576K
}

Deoptimization events (6 events):
Event: 1.995 Thread 0x0000000016fe2800 Uncommon trap: reason=unstable_if action=reinterpret pc=0x0000000003191f88 method=java.util.HashMap.getNode(ILjava/lang/Object;)Ljava/util/HashMap$Node; @ 129
Event: 2.483 Thread 0x0000000016fe2800 Uncommon trap: reason=class_check action=maybe_recompile pc=0x00000000032bcbb0 method=com.android.dx.ssa.NormalSsaInsn.accept(Lcom/android/dx/ssa/SsaInsn$Visitor;)V @ 9
Event: 2.975 Thread 0x00000000170f1800 Uncommon trap: reason=class_check action=maybe_recompile pc=0x00000000032bcbb0 method=com.android.dx.ssa.NormalSsaInsn.accept(Lcom/android/dx/ssa/SsaInsn$Visitor;)V @ 9
Event: 2.975 Thread 0x00000000170f1800 Uncommon trap: reason=class_check action=maybe_recompile pc=0x0000000003275930 method=com.android.dx.ssa.NormalSsaInsn.accept(Lcom/android/dx/ssa/SsaInsn$Visitor;)V @ 9
Event: 3.334 Thread 0x0000000016fe2800 Uncommon trap: reason=class_check action=maybe_recompile pc=0x00000000032bcbb0 method=com.android.dx.ssa.NormalSsaInsn.accept(Lcom/android/dx/ssa/SsaInsn$Visitor;)V @ 9
Event: 3.644 Thread 0x0000000016fe2800 Uncommon trap: reason=unstable_if action=reinterpret pc=0x0000000003353d68 method=com.android.dx.util.IntList.binarysearch(I)I @ 105

Internal exceptions (2 events):
Event: 0.640 Thread 0x0000000002f8d800 Exception <a 'java/lang/NoSuchMethodError': Method sun.misc.Unsafe.defineClass(Ljava/lang/String;[BII)Ljava/lang/Class; name or signature does not match> (0x00000000eab07cc0) thrown at [C:\src\android\AOSP-openjdk\external\jetbrains\jdk\hotspot\src\share\v¿púCy‰?
Event: 0.640 Thread 0x0000000002f8d800 Exception <a 'java/lang/NoSuchMethodError': Method sun.misc.Unsafe.prefetchRead(Ljava/lang/Object;J)V name or signature does not match> (0x00000000eab07fa8) thrown at [C:\src\android\AOSP-openjdk\external\jetbrains\jdk\hotspot\src\share\vm\prims\jni.cpp, l

Events (10 events):
Event: 2.975 Thread 0x00000000170f1800 DEOPT UNPACKING pc=0x0000000002fd556a sp=0x000000001768eba0 mode 2
Event: 3.045 Thread 0x00000000170f1800 DEOPT PACKING pc=0x0000000003289c57 sp=0x000000001768ece0
Event: 3.045 Thread 0x00000000170f1800 DEOPT UNPACKING pc=0x0000000002fd75bf sp=0x000000001768eac0 mode 0
Event: 3.115 Thread 0x00000000170f1800 Thread exited: 0x00000000170f1800
Event: 3.334 Thread 0x0000000016fe2800 Uncommon trap: trap_request=0xffffffde fr.pc=0x00000000032bcbb0
Event: 3.335 Thread 0x0000000016fe2800 DEOPT PACKING pc=0x00000000032bcbb0 sp=0x000000001798eb70
Event: 3.335 Thread 0x0000000016fe2800 DEOPT UNPACKING pc=0x0000000002fd556a sp=0x000000001798eab0 mode 2
Event: 3.644 Thread 0x0000000016fe2800 Uncommon trap: trap_request=0xffffff65 fr.pc=0x0000000003353d68
Event: 3.644 Thread 0x0000000016fe2800 DEOPT PACKING pc=0x0000000003353d68 sp=0x000000001798eb40
Event: 3.644 Thread 0x0000000016fe2800 DEOPT UNPACKING pc=0x0000000002fd556a sp=0x000000001798eab8 mode 2


Dynamic libraries:
0x00007ff65aea0000 - 0x00007ff65aed1000 	C:\Program Files\Android\Android Studio\jre\bin\java.exe
0x00007fff314c0000 - 0x00007fff31681000 	C:\WINDOWS\SYSTEM32\ntdll.dll
0x00007fff2eaa0000 - 0x00007fff2eb4d000 	C:\WINDOWS\system32\KERNEL32.DLL
0x00007fff2e030000 - 0x00007fff2e218000 	C:\WINDOWS\system32\KERNELBASE.dll
0x00007fff30780000 - 0x00007fff30827000 	C:\WINDOWS\system32\ADVAPI32.dll
0x00007fff31140000 - 0x00007fff311dd000 	C:\WINDOWS\system32\msvcrt.dll
0x00007fff30b70000 - 0x00007fff30bcb000 	C:\WINDOWS\system32\sechost.dll
0x00007fff2e8c0000 - 0x00007fff2e9dc000 	C:\WINDOWS\system32\RPCRT4.dll
0x00007fff2ef80000 - 0x00007fff2f0d6000 	C:\WINDOWS\system32\USER32.dll
0x00007fff30fb0000 - 0x00007fff31136000 	C:\WINDOWS\system32\GDI32.dll
0x00007fff257a0000 - 0x00007fff25a14000 	C:\WINDOWS\WinSxS\amd64_microsoft.windows.common-controls_6595b64144ccf1df_6.0.10586.672_none_a2d6b3cea53ff843\COMCTL32.dll
0x00007fff30bd0000 - 0x00007fff30e4d000 	C:\WINDOWS\system32\combase.dll
0x00007fff2dc60000 - 0x00007fff2dcca000 	C:\WINDOWS\system32\bcryptPrimitives.dll
0x00007fff30980000 - 0x00007fff309bb000 	C:\WINDOWS\system32\IMM32.DLL
0x000000005e580000 - 0x000000005e652000 	C:\Program Files\Android\Android Studio\jre\jre\bin\msvcr100.dll
0x000000005e740000 - 0x000000005ef74000 	C:\Program Files\Android\Android Studio\jre\jre\bin\server\jvm.dll
0x00007fff30660000 - 0x00007fff30668000 	C:\WINDOWS\system32\PSAPI.DLL
0x00007fff1ce30000 - 0x00007fff1ce39000 	C:\WINDOWS\SYSTEM32\WSOCK32.dll
0x00007fff30aa0000 - 0x00007fff30b0b000 	C:\WINDOWS\system32\WS2_32.dll
0x00007fff2bd30000 - 0x00007fff2bd53000 	C:\WINDOWS\SYSTEM32\WINMM.dll
0x00007fff242a0000 - 0x00007fff242aa000 	C:\WINDOWS\SYSTEM32\VERSION.dll
0x00007fff2bd00000 - 0x00007fff2bd2c000 	C:\WINDOWS\SYSTEM32\WINMMBASE.dll
0x00007fff2e220000 - 0x00007fff2e263000 	C:\WINDOWS\system32\cfgmgr32.dll
0x00007fff27930000 - 0x00007fff2793f000 	C:\Program Files\Android\Android Studio\jre\jre\bin\verify.dll
0x00007fff15570000 - 0x00007fff15599000 	C:\Program Files\Android\Android Studio\jre\jre\bin\java.dll
0x00007fff1ed80000 - 0x00007fff1ed96000 	C:\Program Files\Android\Android Studio\jre\jre\bin\zip.dll
0x00007fff2f0e0000 - 0x00007fff3063c000 	C:\WINDOWS\system32\SHELL32.dll
0x00007fff2e270000 - 0x00007fff2e8b5000 	C:\WINDOWS\system32\windows.storage.dll
0x00007fff312b0000 - 0x00007fff31302000 	C:\WINDOWS\system32\shlwapi.dll
0x00007fff2db30000 - 0x00007fff2db3f000 	C:\WINDOWS\system32\kernel.appcore.dll
0x00007fff2dcd0000 - 0x00007fff2dd85000 	C:\WINDOWS\system32\shcore.dll
0x00007fff2dae0000 - 0x00007fff2db2b000 	C:\WINDOWS\system32\powrprof.dll
0x00007fff2db50000 - 0x00007fff2db64000 	C:\WINDOWS\system32\profapi.dll

VM Arguments:
jvm_args: -Djava.awt.headless=true -Xmx1024M -Dfile.encoding=windows-1252 -Duser.country=GB -Duser.language=en -Duser.variant 
java_command: com.android.dx.command.Main --dex --force-jumbo --num-threads=4 --multi-dex --output C:\Users\Thomas\AndroidStudioProjects\MrWhemps\app\build\intermediates\transforms\dex\debug\folders\1000\10\com.google.android.gms-play-services-iid-9.4.0_00bd4488ecc11cae37b1bc604f0c6fb44a696d64 C:\Users\Thomas\AndroidStudioProjects\MrWhemps\app\build\intermediates\exploded-aar\com.google.android.gms\play-services-iid\9.4.0\jars\classes.jar
java_class_path (initial): C:\Users\Thomas\AppData\Local\Android\sdk\build-tools\23.0.2\lib\dx.jar
Launcher Type: SUN_STANDARD

Environment Variables:
PATH=C:\Program Files (x86)\Intel\iCLS Client\;C:\Program Files\Intel\iCLS Client\;C:\Windows\system32;C:\Windows;C:\Windows\System32\Wbem;C:\Windows\System32\WindowsPowerShell\v1.0\;C:\Program Files (x86)\Intel\OpenCL SDK\2.0\bin\x86;C:\Program Files (x86)\Intel\OpenCL SDK\2.0\bin\x64;C:\Program Files\Intel\Intel(R) Management Engine Components\DAL;C:\Program Files\Intel\Intel(R) Management Engine Components\IPT;C:\Program Files (x86)\Intel\Intel(R) Management Engine Components\DAL;C:\Program Files (x86)\Intel\Intel(R) Management Engine Components\IPT;C:\Program Files (x86)\Windows Live\Shared;C:\Users\Thomas\AppData\Local\Smartbar\Application\;C:\WINDOWS\system32;C:\WINDOWS;C:\WINDOWS\System32\Wbem;C:\WINDOWS\System32\WindowsPowerShell\v1.0\;D:\Programs\bin;C:\Program Files\Microsoft SQL Server\110\Tools\Binn\;C:\Program Files\Microsoft SQL Server\120\Tools\Binn\;C:\Program Files\MiKTeX 2.9\miktex\bin\;C:\Program Files\MiKTeX 2.9\gs\gs8.71\bin\;C:\Program Files\Git\cmd;C:\Program Files (x86)\Skype\Phone\;C:\WINDOWS\system32\config\systemprofile\.dnx\bin;C:\Program Files\Microsoft DNX\Dnvm\;C:\Program Files\Microsoft SQL Server\130\Tools\Binn\;C:\Program Files (x86)\Windows Kits\10\Windows Performance Toolkit\;C:\Program Files
USERNAME=Thomas
OS=Windows_NT
PROCESSOR_IDENTIFIER=Intel64 Family 6 Model 42 Stepping 7, GenuineIntel



---------------  S Y S T E M  ---------------

OS: Windows 10.0 , 64 bit Build 10586 (10.0.10586.589)

CPU:total 4 (2 cores per cpu, 2 threads per core) family 6 model 42 stepping 7, cmov, cx8, fxsr, mmx, sse, sse2, sse3, ssse3, sse4.1, sse4.2, popcnt, avx, clmul, ht, tsc, tscinvbit

Memory: 4k page, physical 4075172k(286224k free), swap 6565540k(5136k free)

vm_info: OpenJDK 64-Bit Server VM (25.76-b03) for windows-amd64 JRE (1.8.0_76-release-b03), built on Jun 29 2016 19:09:20 by "ralucas" with MS VC++ 10.0 (VS2010)

time: Sat Dec 31 02:22:19 2016
elapsed time: 3 seconds (0d 0h 0m 3s)

