#
# There is insufficient memory for the Java Runtime Environment to continue.
# Native memory allocation (malloc) failed to allocate 79056 bytes for Chunk::new
# Possible reasons:
#   The system is out of physical RAM or swap space
#   In 32 bit mode, the process size limit was hit
# Possible solutions:
#   Reduce memory load on the system
#   Increase physical memory or swap space
#   Check if swap backing store is full
#   Use 64 bit Java on a 64 bit OS
#   Decrease Java heap size (-Xmx/-Xms)
#   Decrease number of Java threads
#   Decrease Java thread stack sizes (-Xss)
#   Set larger code cache with -XX:ReservedCodeCacheSize=
# This output file may be truncated or incomplete.
#
#  Out of Memory Error (allocation.cpp:390), pid=11568, tid=0x00000000000017a8
#
# JRE version: OpenJDK Runtime Environment (8.0_76-b03) (build 1.8.0_76-release-b03)
# Java VM: OpenJDK 64-Bit Server VM (25.76-b03 mixed mode windows-amd64 compressed oops)
# Failed to write core dump. Minidumps are not enabled by default on client versions of Windows
#

---------------  T H R E A D  ---------------

Current thread (0x00000000156ab800):  JavaThread "C2 CompilerThread0" daemon [_thread_in_native, id=6056, stack(0x0000000016c00000,0x0000000016d00000)]

Stack: [0x0000000016c00000,0x0000000016d00000]
[error occurred during error reporting (printing stack bounds), id 0xc0000005]

Native frames: (J=compiled Java code, j=interpreted, Vv=VM code, C=native code)


Current CompileTask:
C2:  26900 2684       4       com.android.dx.dex.file.ProtoIdsSection::indexOf (49 bytes)


---------------  P R O C E S S  ---------------

Java Threads: ( => current thread )
  0x0000000017145000 JavaThread "pool-1-thread-1" [_thread_in_vm, id=3736, stack(0x000000001a1a0000,0x000000001a2a0000)]
  0x0000000016f01800 JavaThread "Service Thread" daemon [_thread_blocked, id=6080, stack(0x0000000017300000,0x0000000017400000)]
  0x0000000015708000 JavaThread "C1 CompilerThread2" daemon [_thread_in_vm, id=10516, stack(0x0000000016e00000,0x0000000016f00000)]
  0x0000000015704800 JavaThread "C2 CompilerThread1" daemon [_thread_in_native, id=4460, stack(0x0000000016d00000,0x0000000016e00000)]
=>0x00000000156ab800 JavaThread "C2 CompilerThread0" daemon [_thread_in_native, id=6056, stack(0x0000000016c00000,0x0000000016d00000)]
  0x00000000156aa000 JavaThread "Attach Listener" daemon [_thread_blocked, id=12952, stack(0x0000000016b00000,0x0000000016c00000)]
  0x00000000156a9000 JavaThread "Signal Dispatcher" daemon [_thread_blocked, id=11924, stack(0x0000000016a00000,0x0000000016b00000)]
  0x0000000015698800 JavaThread "Finalizer" daemon [_thread_blocked, id=6680, stack(0x0000000016900000,0x0000000016a00000)]
  0x0000000002fd0800 JavaThread "Reference Handler" daemon [_thread_blocked, id=10752, stack(0x0000000016800000,0x0000000016900000)]
  0x0000000002edd800 JavaThread "main" [_thread_blocked, id=7492, stack(0x0000000002ce0000,0x0000000002de0000)]

Other Threads:
  0x0000000015675000 VMThread [stack: 0x0000000016700000,0x0000000016800000] [id=5708]
  0x0000000016f03800 WatcherThread [stack: 0x0000000017400000,0x0000000017500000] [id=13828]

VM state:not at safepoint (normal execution)

VM Mutex/Monitor currently owned by a thread: None

Heap:
 PSYoungGen      total 140288K, used 131471K [0x00000000eab00000, 0x00000000f5400000, 0x0000000100000000)
  eden space 122880K, 92% used [0x00000000eab00000,0x00000000f1a68a88,0x00000000f2300000)
  from space 17408K, 99% used [0x00000000f3900000,0x00000000f49fb368,0x00000000f4a00000)
  to   space 22528K, 0% used [0x00000000f2300000,0x00000000f2300000,0x00000000f3900000)
 ParOldGen       total 44032K, used 30364K [0x00000000c0000000, 0x00000000c2b00000, 0x00000000eab00000)
  object space 44032K, 68% used [0x00000000c0000000,0x00000000c1da7280,0x00000000c2b00000)
 Metaspace       used 6726K, capacity 7472K, committed 7552K, reserved 1056768K
  class space    used 596K, capacity 616K, committed 640K, reserved 1048576K

Card table byte_map: [0x00000000123a0000,0x00000000125b0000] byte_map_base: 0x0000000011da0000

Marking Bits: (ParMarkBitMap*) 0x000000005c809d00
 Begin Bits: [0x0000000012b10000, 0x0000000013b10000)
 End Bits:   [0x0000000013b10000, 0x0000000014b10000)

Polling page: 0x00000000013c0000

CodeCache: size=245760Kb used=10047Kb max_used=10516Kb free=235712Kb
 bounds [0x0000000002fe0000, 0x0000000003a50000, 0x0000000011fe0000]
 total_blobs=2518 nmethods=2250 adapters=181
 compilation: enabled

Compilation events (10 events):
Event: 26.864 Thread 0x0000000015704800 2682       4       com.android.dx.dex.file.MemberIdItem::writeTo (231 bytes)
Event: 26.868 Thread 0x00000000156ab800 2683       4       com.android.dx.dex.file.MethodIdItem::getTypoidIdx (17 bytes)
Event: 26.871 Thread 0x0000000015708000 2685       3       com.android.dx.dex.file.AnnotationsDirectoryItem::isEmpty (34 bytes)
Event: 26.872 Thread 0x0000000015708000 nmethod 2685 0x0000000003180f10 code [0x0000000003181080, 0x00000000031812f0]
Event: 26.873 Thread 0x0000000015708000 2687       3       com.android.dx.dex.file.ClassDefItem::writeTo (616 bytes)
Event: 26.885 Thread 0x0000000015708000 nmethod 2687 0x00000000037eff90 code [0x00000000037f0a60, 0x00000000037f84b8]
Event: 26.886 Thread 0x00000000156ab800 nmethod 2683 0x00000000033ce2d0 code [0x00000000033ce460, 0x00000000033cea98]
Event: 26.886 Thread 0x00000000156ab800 2686       4       com.android.dx.dex.file.OffsettedItem::getAbsoluteOffset (29 bytes)
Event: 26.887 Thread 0x00000000156ab800 nmethod 2686 0x0000000003174810 code [0x0000000003174940, 0x00000000031749f8]
Event: 26.887 Thread 0x00000000156ab800 2684       4       com.android.dx.dex.file.ProtoIdsSection::indexOf (49 bytes)

GC Heap History (10 events):
Event: 5.473 GC heap before
{Heap before GC invocations=4 (full 0):
 PSYoungGen      total 18944K, used 18912K [0x00000000eab00000, 0x00000000ed000000, 0x0000000100000000)
  eden space 16384K, 100% used [0x00000000eab00000,0x00000000ebb00000,0x00000000ebb00000)
  from space 2560K, 98% used [0x00000000ebb00000,0x00000000ebd78018,0x00000000ebd80000)
  to   space 2560K, 0% used [0x00000000ecd80000,0x00000000ecd80000,0x00000000ed000000)
 ParOldGen       total 44032K, used 4791K [0x00000000c0000000, 0x00000000c2b00000, 0x00000000eab00000)
  object space 44032K, 10% used [0x00000000c0000000,0x00000000c04adde8,0x00000000c2b00000)
 Metaspace       used 6084K, capacity 7024K, committed 7296K, reserved 1056768K
  class space    used 570K, capacity 616K, committed 640K, reserved 1048576K
Event: 5.647 GC heap after
Heap after GC invocations=4 (full 0):
 PSYoungGen      total 35328K, used 2528K [0x00000000eab00000, 0x00000000ed000000, 0x0000000100000000)
  eden space 32768K, 0% used [0x00000000eab00000,0x00000000eab00000,0x00000000ecb00000)
  from space 2560K, 98% used [0x00000000ecd80000,0x00000000ecff8018,0x00000000ed000000)
  to   space 2560K, 0% used [0x00000000ecb00000,0x00000000ecb00000,0x00000000ecd80000)
 ParOldGen       total 44032K, used 7351K [0x00000000c0000000, 0x00000000c2b00000, 0x00000000eab00000)
  object space 44032K, 16% used [0x00000000c0000000,0x00000000c072de90,0x00000000c2b00000)
 Metaspace       used 6084K, capacity 7024K, committed 7296K, reserved 1056768K
  class space    used 570K, capacity 616K, committed 640K, reserved 1048576K
}
Event: 8.363 GC heap before
{Heap before GC invocations=5 (full 0):
 PSYoungGen      total 35328K, used 35296K [0x00000000eab00000, 0x00000000ed000000, 0x0000000100000000)
  eden space 32768K, 100% used [0x00000000eab00000,0x00000000ecb00000,0x00000000ecb00000)
  from space 2560K, 98% used [0x00000000ecd80000,0x00000000ecff8018,0x00000000ed000000)
  to   space 2560K, 0% used [0x00000000ecb00000,0x00000000ecb00000,0x00000000ecd80000)
 ParOldGen       total 44032K, used 7351K [0x00000000c0000000, 0x00000000c2b00000, 0x00000000eab00000)
  object space 44032K, 16% used [0x00000000c0000000,0x00000000c072de90,0x00000000c2b00000)
 Metaspace       used 6189K, capacity 7088K, committed 7296K, reserved 1056768K
  class space    used 575K, capacity 616K, committed 640K, reserved 1048576K
Event: 8.388 GC heap after
Heap after GC invocations=5 (full 0):
 PSYoungGen      total 35328K, used 2557K [0x00000000eab00000, 0x00000000efb00000, 0x0000000100000000)
  eden space 32768K, 0% used [0x00000000eab00000,0x00000000eab00000,0x00000000ecb00000)
  from space 2560K, 99% used [0x00000000ecb00000,0x00000000ecd7f7b0,0x00000000ecd80000)
  to   space 8192K, 0% used [0x00000000ef300000,0x00000000ef300000,0x00000000efb00000)
 ParOldGen       total 44032K, used 13027K [0x00000000c0000000, 0x00000000c2b00000, 0x00000000eab00000)
  object space 44032K, 29% used [0x00000000c0000000,0x00000000c0cb8dd0,0x00000000c2b00000)
 Metaspace       used 6189K, capacity 7088K, committed 7296K, reserved 1056768K
  class space    used 575K, capacity 616K, committed 640K, reserved 1048576K
}
Event: 11.089 GC heap before
{Heap before GC invocations=6 (full 0):
 PSYoungGen      total 35328K, used 35325K [0x00000000eab00000, 0x00000000efb00000, 0x0000000100000000)
  eden space 32768K, 100% used [0x00000000eab00000,0x00000000ecb00000,0x00000000ecb00000)
  from space 2560K, 99% used [0x00000000ecb00000,0x00000000ecd7f7b0,0x00000000ecd80000)
  to   space 8192K, 0% used [0x00000000ef300000,0x00000000ef300000,0x00000000efb00000)
 ParOldGen       total 44032K, used 13027K [0x00000000c0000000, 0x00000000c2b00000, 0x00000000eab00000)
  object space 44032K, 29% used [0x00000000c0000000,0x00000000c0cb8dd0,0x00000000c2b00000)
 Metaspace       used 6284K, capacity 7152K, committed 7296K, reserved 1056768K
  class space    used 575K, capacity 616K, committed 640K, reserved 1048576K
Event: 11.347 GC heap after
Heap after GC invocations=6 (full 0):
 PSYoungGen      total 72192K, used 8165K [0x00000000eab00000, 0x00000000efe00000, 0x0000000100000000)
  eden space 64000K, 0% used [0x00000000eab00000,0x00000000eab00000,0x00000000ee980000)
  from space 8192K, 99% used [0x00000000ef300000,0x00000000efaf9430,0x00000000efb00000)
  to   space 9728K, 0% used [0x00000000ee980000,0x00000000ee980000,0x00000000ef300000)
 ParOldGen       total 44032K, used 13339K [0x00000000c0000000, 0x00000000c2b00000, 0x00000000eab00000)
  object space 44032K, 30% used [0x00000000c0000000,0x00000000c0d06e90,0x00000000c2b00000)
 Metaspace       used 6284K, capacity 7152K, committed 7296K, reserved 1056768K
  class space    used 575K, capacity 616K, committed 640K, reserved 1048576K
}
Event: 12.298 GC heap before
{Heap before GC invocations=7 (full 0):
 PSYoungGen      total 72192K, used 72165K [0x00000000eab00000, 0x00000000efe00000, 0x0000000100000000)
  eden space 64000K, 100% used [0x00000000eab00000,0x00000000ee980000,0x00000000ee980000)
  from space 8192K, 99% used [0x00000000ef300000,0x00000000efaf9430,0x00000000efb00000)
  to   space 9728K, 0% used [0x00000000ee980000,0x00000000ee980000,0x00000000ef300000)
 ParOldGen       total 44032K, used 13339K [0x00000000c0000000, 0x00000000c2b00000, 0x00000000eab00000)
  object space 44032K, 30% used [0x00000000c0000000,0x00000000c0d06e90,0x00000000c2b00000)
 Metaspace       used 6319K, capacity 7152K, committed 7296K, reserved 1056768K
  class space    used 577K, capacity 616K, committed 640K, reserved 1048576K
Event: 12.348 GC heap after
Heap after GC invocations=7 (full 0):
 PSYoungGen      total 73728K, used 9708K [0x00000000eab00000, 0x00000000f4a00000, 0x0000000100000000)
  eden space 64000K, 0% used [0x00000000eab00000,0x00000000eab00000,0x00000000ee980000)
  from space 9728K, 99% used [0x00000000ee980000,0x00000000ef2fb358,0x00000000ef300000)
  to   space 17408K, 0% used [0x00000000f3900000,0x00000000f3900000,0x00000000f4a00000)
 ParOldGen       total 44032K, used 25789K [0x00000000c0000000, 0x00000000c2b00000, 0x00000000eab00000)
  object space 44032K, 58% used [0x00000000c0000000,0x00000000c192f650,0x00000000c2b00000)
 Metaspace       used 6319K, capacity 7152K, committed 7296K, reserved 1056768K
  class space    used 577K, capacity 616K, committed 640K, reserved 1048576K
}
Event: 13.296 GC heap before
{Heap before GC invocations=8 (full 0):
 PSYoungGen      total 73728K, used 73708K [0x00000000eab00000, 0x00000000f4a00000, 0x0000000100000000)
  eden space 64000K, 100% used [0x00000000eab00000,0x00000000ee980000,0x00000000ee980000)
  from space 9728K, 99% used [0x00000000ee980000,0x00000000ef2fb358,0x00000000ef300000)
  to   space 17408K, 0% used [0x00000000f3900000,0x00000000f3900000,0x00000000f4a00000)
 ParOldGen       total 44032K, used 25789K [0x00000000c0000000, 0x00000000c2b00000, 0x00000000eab00000)
  object space 44032K, 58% used [0x00000000c0000000,0x00000000c192f650,0x00000000c2b00000)
 Metaspace       used 6335K, capacity 7152K, committed 7296K, reserved 1056768K
  class space    used 578K, capacity 616K, committed 640K, reserved 1048576K
Event: 13.634 GC heap after
Heap after GC invocations=8 (full 0):
 PSYoungGen      total 140288K, used 17388K [0x00000000eab00000, 0x00000000f5400000, 0x0000000100000000)
  eden space 122880K, 0% used [0x00000000eab00000,0x00000000eab00000,0x00000000f2300000)
  from space 17408K, 99% used [0x00000000f3900000,0x00000000f49fb368,0x00000000f4a00000)
  to   space 22528K, 0% used [0x00000000f2300000,0x00000000f2300000,0x00000000f3900000)
 ParOldGen       total 44032K, used 30364K [0x00000000c0000000, 0x00000000c2b00000, 0x00000000eab00000)
  object space 44032K, 68% used [0x00000000c0000000,0x00000000c1da7280,0x00000000c2b00000)
 Metaspace       used 6335K, capacity 7152K, committed 7296K, reserved 1056768K
  class space    used 578K, capacity 616K, committed 640K, reserved 1048576K
}

Deoptimization events (10 events):
Event: 23.012 Thread 0x0000000017145000 Uncommon trap: reason=speculate_class_check action=maybe_recompile pc=0x0000000003407fc8 method=com.android.dx.util.FixedSizeList.equals(Ljava/lang/Object;)Z @ 25
Event: 23.012 Thread 0x0000000017145000 Uncommon trap: reason=speculate_class_check action=maybe_recompile pc=0x0000000003407fc8 method=com.android.dx.util.FixedSizeList.equals(Ljava/lang/Object;)Z @ 25
Event: 23.012 Thread 0x0000000017145000 Uncommon trap: reason=speculate_class_check action=maybe_recompile pc=0x0000000003407fc8 method=com.android.dx.util.FixedSizeList.equals(Ljava/lang/Object;)Z @ 25
Event: 23.012 Thread 0x0000000017145000 Uncommon trap: reason=speculate_class_check action=maybe_recompile pc=0x0000000003407fc8 method=com.android.dx.util.FixedSizeList.equals(Ljava/lang/Object;)Z @ 25
Event: 23.351 Thread 0x0000000017145000 Uncommon trap: reason=unstable_if action=reinterpret pc=0x000000000371de08 method=java.util.TreeMap.put(Ljava/lang/Object;Ljava/lang/Object;)Ljava/lang/Object; @ 163
Event: 23.817 Thread 0x0000000017145000 Uncommon trap: reason=unstable_if action=reinterpret pc=0x00000000038be940 method=com.android.dx.dex.code.StdCatchBuilder.handlersFor(Lcom/android/dx/rop/code/BasicBlock;Lcom/android/dx/dex/code/BlockAddresses;)Lcom/android/dx/dex/code/CatchHandlerList; @ ÃOZ°_Z:@
Event: 26.353 Thread 0x0000000017145000 Uncommon trap: reason=class_check action=maybe_recompile pc=0x000000000357cd3c method=com.android.dx.dex.code.OutputFinisher.massageInstructions([Lcom/android/dx/dex/code/Dop;)V @ 63
Event: 26.358 Thread 0x0000000017145000 Uncommon trap: reason=class_check action=maybe_recompile pc=0x000000000357cd3c method=com.android.dx.dex.code.OutputFinisher.massageInstructions([Lcom/android/dx/dex/code/Dop;)V @ 63
Event: 26.744 Thread 0x0000000017145000 Uncommon trap: reason=unstable_if action=reinterpret pc=0x000000000349315c method=com.android.dx.util.ByteArrayAnnotatedOutput.ensureCapacity(I)V @ 6
Event: 26.777 Thread 0x0000000017145000 Uncommon trap: reason=unstable_if action=reinterpret pc=0x0000000003638384 method=com.android.dx.util.ByteArrayAnnotatedOutput.writeByte(I)V @ 13

Internal exceptions (4 events):
Event: 0.693 Thread 0x0000000002edd800 Exception <a 'java/lang/NoSuchMethodError': Method sun.misc.Unsafe.defineClass(Ljava/lang/String;[BII)Ljava/lang/Class; name or signature does not match> (0x00000000eab07cc0) thrown at [C:\src\android\AOSP-openjdk\external\jetbrains\jdk\hotspot\src\share\v®^†O.æ?
Event: 0.693 Thread 0x0000000002edd800 Exception <a 'java/lang/NoSuchMethodError': Method sun.misc.Unsafe.prefetchRead(Ljava/lang/Object;J)V name or signature does not match> (0x00000000eab07fa8) thrown at [C:\src\android\AOSP-openjdk\external\jetbrains\jdk\hotspot\src\share\vm\prims\jni.cpp, lyqÄÿsê@
Event: 4.229 Thread 0x0000000017184800 Implicit null exception at 0x00000000032baa22 to 0x00000000032bab12
Event: 4.229 Thread 0x0000000017184800 Implicit null exception at 0x00000000033a2978 to 0x00000000033a2b71

Events (10 events):
Event: 26.744 Thread 0x0000000017145000 Uncommon trap: trap_request=0xffffff65 fr.pc=0x000000000349315c
Event: 26.745 Thread 0x0000000017145000 DEOPT PACKING pc=0x000000000349315c sp=0x000000001a29ed30
Event: 26.745 Thread 0x0000000017145000 DEOPT UNPACKING pc=0x000000000302556a sp=0x000000001a29ecb8 mode 2
Event: 26.761 loading class com/android/dx/dex/file/MapItem
Event: 26.761 loading class com/android/dx/dex/file/MapItem done
Event: 26.776 loading class com/android/dex/DexFormat
Event: 26.776 loading class com/android/dex/DexFormat done
Event: 26.777 Thread 0x0000000017145000 Uncommon trap: trap_request=0xffffff65 fr.pc=0x0000000003638384
Event: 26.777 Thread 0x0000000017145000 DEOPT PACKING pc=0x0000000003638384 sp=0x000000001a29ef90
Event: 26.777 Thread 0x0000000017145000 DEOPT UNPACKING pc=0x000000000302556a sp=0x000000001a29ef48 mode 2


Dynamic libraries:
0x00007ff6c7d80000 - 0x00007ff6c7db1000 	C:\Program Files\Android\Android Studio\jre\bin\java.exe
0x00007ffd40960000 - 0x00007ffd40b21000 	C:\WINDOWS\SYSTEM32\ntdll.dll
0x00007ffd3e080000 - 0x00007ffd3e12d000 	C:\WINDOWS\system32\KERNEL32.DLL
0x00007ffd3dab0000 - 0x00007ffd3dc98000 	C:\WINDOWS\system32\KERNELBASE.dll
0x00007ffd40460000 - 0x00007ffd40507000 	C:\WINDOWS\system32\ADVAPI32.dll
0x00007ffd3e980000 - 0x00007ffd3ea1d000 	C:\WINDOWS\system32\msvcrt.dll
0x00007ffd3e8b0000 - 0x00007ffd3e90b000 	C:\WINDOWS\system32\sechost.dll
0x00007ffd3e130000 - 0x00007ffd3e24c000 	C:\WINDOWS\system32\RPCRT4.dll
0x00007ffd3df20000 - 0x00007ffd3e076000 	C:\WINDOWS\system32\USER32.dll
0x00007ffd3dd80000 - 0x00007ffd3df06000 	C:\WINDOWS\system32\GDI32.dll
0x00007ffd38ad0000 - 0x00007ffd38d44000 	C:\WINDOWS\WinSxS\amd64_microsoft.windows.common-controls_6595b64144ccf1df_6.0.10586.672_none_a2d6b3cea53ff843\COMCTL32.dll
0x00007ffd3e250000 - 0x00007ffd3e4cd000 	C:\WINDOWS\system32\combase.dll
0x00007ffd3d8b0000 - 0x00007ffd3d91a000 	C:\WINDOWS\system32\bcryptPrimitives.dll
0x00007ffd40510000 - 0x00007ffd4054b000 	C:\WINDOWS\system32\IMM32.DLL
0x000000005be90000 - 0x000000005bf62000 	C:\Program Files\Android\Android Studio\jre\jre\bin\msvcr100.dll
0x000000005c050000 - 0x000000005c884000 	C:\Program Files\Android\Android Studio\jre\jre\bin\server\jvm.dll
0x00007ffd3df10000 - 0x00007ffd3df18000 	C:\WINDOWS\system32\PSAPI.DLL
0x00007ffd32730000 - 0x00007ffd32739000 	C:\WINDOWS\SYSTEM32\WSOCK32.dll
0x00007ffd3e910000 - 0x00007ffd3e97b000 	C:\WINDOWS\system32\WS2_32.dll
0x00007ffd39a80000 - 0x00007ffd39aa3000 	C:\WINDOWS\SYSTEM32\WINMM.dll
0x00007ffd33a10000 - 0x00007ffd33a1a000 	C:\WINDOWS\SYSTEM32\VERSION.dll
0x00007ffd39a50000 - 0x00007ffd39a7c000 	C:\WINDOWS\SYSTEM32\WINMMBASE.dll
0x00007ffd3d920000 - 0x00007ffd3d963000 	C:\WINDOWS\system32\cfgmgr32.dll
0x00007ffd34130000 - 0x00007ffd3413f000 	C:\Program Files\Android\Android Studio\jre\jre\bin\verify.dll
0x00007ffd32f70000 - 0x00007ffd32f99000 	C:\Program Files\Android\Android Studio\jre\jre\bin\java.dll
0x00007ffd2ffd0000 - 0x00007ffd2ffe6000 	C:\Program Files\Android\Android Studio\jre\jre\bin\zip.dll
0x00007ffd3ef00000 - 0x00007ffd4045c000 	C:\WINDOWS\system32\SHELL32.dll
0x00007ffd3d090000 - 0x00007ffd3d6d5000 	C:\WINDOWS\system32\windows.storage.dll
0x00007ffd406d0000 - 0x00007ffd40722000 	C:\WINDOWS\system32\shlwapi.dll
0x00007ffd3d000000 - 0x00007ffd3d00f000 	C:\WINDOWS\system32\kernel.appcore.dll
0x00007ffd3dca0000 - 0x00007ffd3dd55000 	C:\WINDOWS\system32\shcore.dll
0x00007ffd3cfb0000 - 0x00007ffd3cffb000 	C:\WINDOWS\system32\powrprof.dll
0x00007ffd3cf90000 - 0x00007ffd3cfa4000 	C:\WINDOWS\system32\profapi.dll

VM Arguments:
jvm_args: -Djava.awt.headless=true -Xmx1024M -Dfile.encoding=windows-1252 -Duser.country=GB -Duser.language=en -Duser.variant 
java_command: com.android.dx.command.Main --dex --force-jumbo --num-threads=4 --multi-dex --output C:\Users\Thomas\AndroidStudioProjects\MrWhemps\app\build\intermediates\transforms\dex\debug\folders\1000\10\com.google.android.gms-play-services-games-9.4.0_61e697869d747ae5c6f9c44d0253ed334c72f86c C:\Users\Thomas\AndroidStudioProjects\MrWhemps\app\build\intermediates\exploded-aar\com.google.android.gms\play-services-games\9.4.0\jars\classes.jar
java_class_path (initial): C:\Users\Thomas\AppData\Local\Android\sdk\build-tools\23.0.2\lib\dx.jar
Launcher Type: SUN_STANDARD

Environment Variables:
PATH=C:\Program Files (x86)\Intel\iCLS Client\;C:\Program Files\Intel\iCLS Client\;C:\Windows\system32;C:\Windows;C:\Windows\System32\Wbem;C:\Windows\System32\WindowsPowerShell\v1.0\;C:\Program Files (x86)\Intel\OpenCL SDK\2.0\bin\x86;C:\Program Files (x86)\Intel\OpenCL SDK\2.0\bin\x64;C:\Program Files\Intel\Intel(R) Management Engine Components\DAL;C:\Program Files\Intel\Intel(R) Management Engine Components\IPT;C:\Program Files (x86)\Intel\Intel(R) Management Engine Components\DAL;C:\Program Files (x86)\Intel\Intel(R) Management Engine Components\IPT;C:\Program Files (x86)\Windows Live\Shared;C:\Users\Thomas\AppData\Local\Smartbar\Application\;C:\WINDOWS\system32;C:\WINDOWS;C:\WINDOWS\System32\Wbem;C:\WINDOWS\System32\WindowsPowerShell\v1.0\;D:\Programs\bin;C:\Program Files\Microsoft SQL Server\110\Tools\Binn\;C:\Program Files\Microsoft SQL Server\120\Tools\Binn\;C:\Program Files\MiKTeX 2.9\miktex\bin\;C:\Program Files\MiKTeX 2.9\gs\gs8.71\bin\;C:\Program Files\Git\cmd;C:\Program Files (x86)\Skype\Phone\;C:\Program Files\Microsoft SQL Server\130\Tools\Binn\;C:\Program Files (x86)\Windows Kits\10\Windows Performance Toolkit\;C:\Program Files
USERNAME=Thomas
OS=Windows_NT
PROCESSOR_IDENTIFIER=Intel64 Family 6 Model 42 Stepping 7, GenuineIntel



---------------  S Y S T E M  ---------------

OS: Windows 10.0 , 64 bit Build 10586 (10.0.10586.589)

CPU:total 4 (2 cores per cpu, 2 threads per core) family 6 model 42 stepping 7, cmov, cx8, fxsr, mmx, sse, sse2, sse3, ssse3, sse4.1, sse4.2, popcnt, avx, clmul, ht, tsc, tscinvbit

Memory: 4k page, physical 4075172k(232136k free), swap 6565540k(5208k free)

vm_info: OpenJDK 64-Bit Server VM (25.76-b03) for windows-amd64 JRE (1.8.0_76-release-b03), built on Jun 29 2016 19:09:20 by "ralucas" with MS VC++ 10.0 (VS2010)

time: Sun Jan 22 12:53:49 2017
elapsed time: 26 seconds (0d 0h 0m 26s)

