#
# There is insufficient memory for the Java Runtime Environment to continue.
# Native memory allocation (malloc) failed to allocate 1163056 bytes for Chunk::new
# Possible reasons:
#   The system is out of physical RAM or swap space
#   In 32 bit mode, the process size limit was hit
# Possible solutions:
#   Reduce memory load on the system
#   Increase physical memory or swap space
#   Check if swap backing store is full
#   Use 64 bit Java on a 64 bit OS
#   Decrease Java heap size (-Xmx/-Xms)
#   Decrease number of Java threads
#   Decrease Java thread stack sizes (-Xss)
#   Set larger code cache with -XX:ReservedCodeCacheSize=
# This output file may be truncated or incomplete.
#
#  Out of Memory Error (allocation.cpp:390), pid=11272, tid=0x00000000000014b0
#
# JRE version: OpenJDK Runtime Environment (8.0_76-b03) (build 1.8.0_76-release-b03)
# Java VM: OpenJDK 64-Bit Server VM (25.76-b03 mixed mode windows-amd64 compressed oops)
# Failed to write core dump. Minidumps are not enabled by default on client versions of Windows
#

---------------  T H R E A D  ---------------

Current thread (0x00000000154a5800):  JavaThread "C2 CompilerThread1" daemon [_thread_in_native, id=5296, stack(0x0000000016b90000,0x0000000016c90000)]

Stack: [0x0000000016b90000,0x0000000016c90000]
[error occurred during error reporting (printing stack bounds), id 0xc0000005]

Native frames: (J=compiled Java code, j=interpreted, Vv=VM code, C=native code)


Current CompileTask:
C2:  13282 2015       4       com.android.dx.rop.code.Rops::ropFor (771 bytes)


---------------  P R O C E S S  ---------------

Java Threads: ( => current thread )
  0x000000001702c000 JavaThread "pool-1-thread-1" [_thread_in_vm, id=2636, stack(0x0000000019060000,0x0000000019160000)]
  0x0000000016d93800 JavaThread "Service Thread" daemon [_thread_blocked, id=2292, stack(0x0000000017190000,0x0000000017290000)]
  0x00000000154ab800 JavaThread "C1 CompilerThread2" daemon [_thread_blocked, id=9240, stack(0x0000000016c90000,0x0000000016d90000)]
=>0x00000000154a5800 JavaThread "C2 CompilerThread1" daemon [_thread_in_native, id=5296, stack(0x0000000016b90000,0x0000000016c90000)]
  0x0000000015457800 JavaThread "C2 CompilerThread0" daemon [_thread_in_native, id=9460, stack(0x0000000016a90000,0x0000000016b90000)]
  0x0000000015456000 JavaThread "Attach Listener" daemon [_thread_blocked, id=7960, stack(0x0000000016990000,0x0000000016a90000)]
  0x0000000015454800 JavaThread "Signal Dispatcher" daemon [_thread_blocked, id=4456, stack(0x0000000016890000,0x0000000016990000)]
  0x0000000002d7b800 JavaThread "Finalizer" daemon [_thread_blocked, id=12092, stack(0x00000000166b0000,0x00000000167b0000)]
  0x0000000015417000 JavaThread "Reference Handler" daemon [_thread_blocked, id=2608, stack(0x00000000165b0000,0x00000000166b0000)]
  0x0000000002aad800 JavaThread "main" [_thread_blocked, id=11096, stack(0x0000000002b80000,0x0000000002c80000)]

Other Threads:
  0x0000000015415000 VMThread [stack: 0x00000000164b0000,0x00000000165b0000] [id=3860]
  0x0000000016d95800 WatcherThread [stack: 0x0000000017290000,0x0000000017390000] [id=7436]

VM state:not at safepoint (normal execution)

VM Mutex/Monitor currently owned by a thread: None

Heap:
 PSYoungGen      total 128000K, used 55424K [0x00000000eab00000, 0x00000000f8f80000, 0x0000000100000000)
  eden space 112640K, 35% used [0x00000000eab00000,0x00000000ed2231e0,0x00000000f1900000)
  from space 15360K, 99% used [0x00000000f3a00000,0x00000000f48fd100,0x00000000f4900000)
  to   space 33792K, 0% used [0x00000000f1900000,0x00000000f1900000,0x00000000f3a00000)
 ParOldGen       total 87552K, used 55671K [0x00000000c0000000, 0x00000000c5580000, 0x00000000eab00000)
  object space 87552K, 63% used [0x00000000c0000000,0x00000000c365df18,0x00000000c5580000)
 Metaspace       used 6798K, capacity 7480K, committed 7552K, reserved 1056768K
  class space    used 617K, capacity 624K, committed 640K, reserved 1048576K

Card table byte_map: [0x0000000012140000,0x0000000012350000] byte_map_base: 0x0000000011b40000

Marking Bits: (ParMarkBitMap*) 0x000000005eef9d00
 Begin Bits: [0x00000000128b0000, 0x00000000138b0000)
 End Bits:   [0x00000000138b0000, 0x00000000148b0000)

Polling page: 0x00000000013d0000

CodeCache: size=245760Kb used=10344Kb max_used=10344Kb free=235415Kb
 bounds [0x0000000002d80000, 0x00000000037b0000, 0x0000000011d80000]
 total_blobs=2718 nmethods=2449 adapters=182
 compilation: enabled

Compilation events (10 events):
Event: 13.250 Thread 0x00000000154ab800 2588       2       com.android.dx.util.ByteArrayAnnotatedOutput::ensureCapacity (39 bytes)
Event: 13.250 Thread 0x00000000154ab800 nmethod 2588 0x000000000379c550 code [0x000000000379c6c0, 0x000000000379c988]
Event: 13.253 Thread 0x00000000154ab800 2589       2       com.android.dx.dex.code.form.Form22t::isCompatible (72 bytes)
Event: 13.254 Thread 0x00000000154ab800 nmethod 2589 0x000000000379ca90 code [0x000000000379cc40, 0x000000000379d158]
Event: 13.263 Thread 0x00000000154ab800 2590 %     3       java.util.TreeMap::put @ 132 (247 bytes)
Event: 13.265 Thread 0x00000000154ab800 nmethod 2590% 0x000000000379d610 code [0x000000000379d880, 0x000000000379eb78]
Event: 13.265 Thread 0x00000000154ab800 2591       3       java.util.TreeMap::put (247 bytes)
Event: 13.267 Thread 0x00000000154ab800 nmethod 2591 0x000000000379f2d0 code [0x000000000379f540, 0x00000000037a0718]
Event: 13.273 Thread 0x00000000154ab800 2592       1       com.android.dx.dex.code.form.Form23x::codeSize (2 bytes)
Event: 13.274 Thread 0x00000000154ab800 nmethod 2592 0x00000000037a0e50 code [0x00000000037a0fa0, 0x00000000037a10b0]

GC Heap History (10 events):
Event: 6.669 GC heap before
{Heap before GC invocations=5 (full 0):
 PSYoungGen      total 68096K, used 68068K [0x00000000eab00000, 0x00000000ef000000, 0x0000000100000000)
  eden space 65536K, 100% used [0x00000000eab00000,0x00000000eeb00000,0x00000000eeb00000)
  from space 2560K, 98% used [0x00000000eed80000,0x00000000eeff9110,0x00000000ef000000)
  to   space 2560K, 0% used [0x00000000eeb00000,0x00000000eeb00000,0x00000000eed80000)
 ParOldGen       total 44032K, used 13483K [0x00000000c0000000, 0x00000000c2b00000, 0x00000000eab00000)
  object space 44032K, 30% used [0x00000000c0000000,0x00000000c0d2aeb0,0x00000000c2b00000)
 Metaspace       used 6243K, capacity 7152K, committed 7296K, reserved 1056768K
  class space    used 579K, capacity 616K, committed 640K, reserved 1048576K
Event: 6.697 GC heap after
Heap after GC invocations=5 (full 0):
 PSYoungGen      total 68096K, used 2538K [0x00000000eab00000, 0x00000000f4900000, 0x0000000100000000)
  eden space 65536K, 0% used [0x00000000eab00000,0x00000000eab00000,0x00000000eeb00000)
  from space 2560K, 99% used [0x00000000eeb00000,0x00000000eed7a908,0x00000000eed80000)
  to   space 15360K, 0% used [0x00000000f3a00000,0x00000000f3a00000,0x00000000f4900000)
 ParOldGen       total 44032K, used 24074K [0x00000000c0000000, 0x00000000c2b00000, 0x00000000eab00000)
  object space 44032K, 54% used [0x00000000c0000000,0x00000000c17829f8,0x00000000c2b00000)
 Metaspace       used 6243K, capacity 7152K, committed 7296K, reserved 1056768K
  class space    used 579K, capacity 616K, committed 640K, reserved 1048576K
}
Event: 7.634 GC heap before
{Heap before GC invocations=6 (full 0):
 PSYoungGen      total 68096K, used 68074K [0x00000000eab00000, 0x00000000f4900000, 0x0000000100000000)
  eden space 65536K, 100% used [0x00000000eab00000,0x00000000eeb00000,0x00000000eeb00000)
  from space 2560K, 99% used [0x00000000eeb00000,0x00000000eed7a908,0x00000000eed80000)
  to   space 15360K, 0% used [0x00000000f3a00000,0x00000000f3a00000,0x00000000f4900000)
 ParOldGen       total 44032K, used 24074K [0x00000000c0000000, 0x00000000c2b00000, 0x00000000eab00000)
  object space 44032K, 54% used [0x00000000c0000000,0x00000000c17829f8,0x00000000c2b00000)
 Metaspace       used 6315K, capacity 7152K, committed 7296K, reserved 1056768K
  class space    used 579K, capacity 616K, committed 640K, reserved 1048576K
Event: 7.684 GC heap after
Heap after GC invocations=6 (full 0):
 PSYoungGen      total 144384K, used 13251K [0x00000000eab00000, 0x00000000f4d00000, 0x0000000100000000)
  eden space 129024K, 0% used [0x00000000eab00000,0x00000000eab00000,0x00000000f2900000)
  from space 15360K, 86% used [0x00000000f3a00000,0x00000000f46f0d28,0x00000000f4900000)
  to   space 17408K, 0% used [0x00000000f2900000,0x00000000f2900000,0x00000000f3a00000)
 ParOldGen       total 44032K, used 24074K [0x00000000c0000000, 0x00000000c2b00000, 0x00000000eab00000)
  object space 44032K, 54% used [0x00000000c0000000,0x00000000c17829f8,0x00000000c2b00000)
 Metaspace       used 6315K, capacity 7152K, committed 7296K, reserved 1056768K
  class space    used 579K, capacity 616K, committed 640K, reserved 1048576K
}
Event: 8.597 GC heap before
{Heap before GC invocations=7 (full 0):
 PSYoungGen      total 144384K, used 142275K [0x00000000eab00000, 0x00000000f4d00000, 0x0000000100000000)
  eden space 129024K, 100% used [0x00000000eab00000,0x00000000f2900000,0x00000000f2900000)
  from space 15360K, 86% used [0x00000000f3a00000,0x00000000f46f0d28,0x00000000f4900000)
  to   space 17408K, 0% used [0x00000000f2900000,0x00000000f2900000,0x00000000f3a00000)
 ParOldGen       total 44032K, used 24074K [0x00000000c0000000, 0x00000000c2b00000, 0x00000000eab00000)
  object space 44032K, 54% used [0x00000000c0000000,0x00000000c17829f8,0x00000000c2b00000)
 Metaspace       used 6471K, capacity 7218K, committed 7296K, reserved 1056768K
  class space    used 598K, capacity 618K, committed 640K, reserved 1048576K
Event: 8.705 GC heap after
Heap after GC invocations=7 (full 0):
 PSYoungGen      total 146432K, used 17397K [0x00000000eab00000, 0x00000000f4d00000, 0x0000000100000000)
  eden space 129024K, 0% used [0x00000000eab00000,0x00000000eab00000,0x00000000f2900000)
  from space 17408K, 99% used [0x00000000f2900000,0x00000000f39fd568,0x00000000f3a00000)
  to   space 15360K, 0% used [0x00000000f3a00000,0x00000000f3a00000,0x00000000f4900000)
 ParOldGen       total 44032K, used 39447K [0x00000000c0000000, 0x00000000c2b00000, 0x00000000eab00000)
  object space 44032K, 89% used [0x00000000c0000000,0x00000000c2685e68,0x00000000c2b00000)
 Metaspace       used 6471K, capacity 7218K, committed 7296K, reserved 1056768K
  class space    used 598K, capacity 618K, committed 640K, reserved 1048576K
}
Event: 8.705 GC heap before
{Heap before GC invocations=8 (full 1):
 PSYoungGen      total 146432K, used 17397K [0x00000000eab00000, 0x00000000f4d00000, 0x0000000100000000)
  eden space 129024K, 0% used [0x00000000eab00000,0x00000000eab00000,0x00000000f2900000)
  from space 17408K, 99% used [0x00000000f2900000,0x00000000f39fd568,0x00000000f3a00000)
  to   space 15360K, 0% used [0x00000000f3a00000,0x00000000f3a00000,0x00000000f4900000)
 ParOldGen       total 44032K, used 39447K [0x00000000c0000000, 0x00000000c2b00000, 0x00000000eab00000)
  object space 44032K, 89% used [0x00000000c0000000,0x00000000c2685e68,0x00000000c2b00000)
 Metaspace       used 6471K, capacity 7218K, committed 7296K, reserved 1056768K
  class space    used 598K, capacity 618K, committed 640K, reserved 1048576K
Event: 9.804 GC heap after
Heap after GC invocations=8 (full 1):
 PSYoungGen      total 146432K, used 8670K [0x00000000eab00000, 0x00000000f4d00000, 0x0000000100000000)
  eden space 129024K, 0% used [0x00000000eab00000,0x00000000eab00000,0x00000000f2900000)
  from space 17408K, 49% used [0x00000000f2900000,0x00000000f3177bb0,0x00000000f3a00000)
  to   space 15360K, 0% used [0x00000000f3a00000,0x00000000f3a00000,0x00000000f4900000)
 ParOldGen       total 87552K, used 43558K [0x00000000c0000000, 0x00000000c5580000, 0x00000000eab00000)
  object space 87552K, 49% used [0x00000000c0000000,0x00000000c2a89840,0x00000000c5580000)
 Metaspace       used 6471K, capacity 7218K, committed 7296K, reserved 1056768K
  class space    used 598K, capacity 618K, committed 640K, reserved 1048576K
}
Event: 12.072 GC heap before
{Heap before GC invocations=9 (full 1):
 PSYoungGen      total 146432K, used 137694K [0x00000000eab00000, 0x00000000f4d00000, 0x0000000100000000)
  eden space 129024K, 100% used [0x00000000eab00000,0x00000000f2900000,0x00000000f2900000)
  from space 17408K, 49% used [0x00000000f2900000,0x00000000f3177bb0,0x00000000f3a00000)
  to   space 15360K, 0% used [0x00000000f3a00000,0x00000000f3a00000,0x00000000f4900000)
 ParOldGen       total 87552K, used 43558K [0x00000000c0000000, 0x00000000c5580000, 0x00000000eab00000)
  object space 87552K, 49% used [0x00000000c0000000,0x00000000c2a89840,0x00000000c5580000)
 Metaspace       used 6494K, capacity 7218K, committed 7296K, reserved 1056768K
  class space    used 598K, capacity 618K, committed 640K, reserved 1048576K
Event: 12.157 GC heap after
Heap after GC invocations=9 (full 1):
 PSYoungGen      total 128000K, used 15348K [0x00000000eab00000, 0x00000000f8f80000, 0x0000000100000000)
  eden space 112640K, 0% used [0x00000000eab00000,0x00000000eab00000,0x00000000f1900000)
  from space 15360K, 99% used [0x00000000f3a00000,0x00000000f48fd100,0x00000000f4900000)
  to   space 33792K, 0% used [0x00000000f1900000,0x00000000f1900000,0x00000000f3a00000)
 ParOldGen       total 87552K, used 55671K [0x00000000c0000000, 0x00000000c5580000, 0x00000000eab00000)
  object space 87552K, 63% used [0x00000000c0000000,0x00000000c365df18,0x00000000c5580000)
 Metaspace       used 6494K, capacity 7218K, committed 7296K, reserved 1056768K
  class space    used 598K, capacity 618K, committed 640K, reserved 1048576K
}

Deoptimization events (10 events):
Event: 12.349 Thread 0x000000001702c000 Uncommon trap: reason=class_check action=maybe_recompile pc=0x000000000326e7c8 method=java.util.Arrays.hashCode([Ljava/lang/Object;)I @ 43
Event: 12.349 Thread 0x000000001702c000 Uncommon trap: reason=class_check action=maybe_recompile pc=0x0000000003272bf4 method=java.util.Arrays.hashCode([Ljava/lang/Object;)I @ 43
Event: 12.822 Thread 0x000000001702c000 Uncommon trap: reason=speculate_class_check action=maybe_recompile pc=0x0000000003144b54 method=com.android.dx.util.FixedSizeList.equals(Ljava/lang/Object;)Z @ 25
Event: 12.822 Thread 0x000000001702c000 Uncommon trap: reason=class_check action=maybe_recompile pc=0x0000000003131420 method=java.util.Arrays.equals([Ljava/lang/Object;[Ljava/lang/Object;)Z @ 62
Event: 12.822 Thread 0x000000001702c000 Uncommon trap: reason=speculate_class_check action=maybe_recompile pc=0x0000000003144b54 method=com.android.dx.util.FixedSizeList.equals(Ljava/lang/Object;)Z @ 25
Event: 12.822 Thread 0x000000001702c000 Uncommon trap: reason=class_check action=maybe_recompile pc=0x0000000003131420 method=java.util.Arrays.equals([Ljava/lang/Object;[Ljava/lang/Object;)Z @ 62
Event: 12.822 Thread 0x000000001702c000 Uncommon trap: reason=speculate_class_check action=maybe_recompile pc=0x0000000003144b54 method=com.android.dx.util.FixedSizeList.equals(Ljava/lang/Object;)Z @ 25
Event: 12.822 Thread 0x000000001702c000 Uncommon trap: reason=unstable_if action=reinterpret pc=0x00000000031313f8 method=java.util.Arrays.equals([Ljava/lang/Object;[Ljava/lang/Object;)Z @ 23
Event: 12.823 Thread 0x000000001702c000 Uncommon trap: reason=speculate_class_check action=maybe_recompile pc=0x0000000003144b54 method=com.android.dx.util.FixedSizeList.equals(Ljava/lang/Object;)Z @ 25
Event: 12.823 Thread 0x000000001702c000 Uncommon trap: reason=unstable_if action=reinterpret pc=0x00000000036942ec method=java.util.TreeMap.put(Ljava/lang/Object;Ljava/lang/Object;)Ljava/lang/Object; @ 163

Internal exceptions (6 events):
Event: 0.082 Thread 0x0000000002aad800 Exception <a 'java/lang/NoSuchMethodError': Method sun.misc.Unsafe.defineClass(Ljava/lang/String;[BII)Ljava/lang/Class; name or signature does not match> (0x00000000eab07cc0) thrown at [C:\src\android\AOSP-openjdk\external\jetbrains\jdk\hotspot\src\share\v[üçê/	µ?
Event: 0.082 Thread 0x0000000002aad800 Exception <a 'java/lang/NoSuchMethodError': Method sun.misc.Unsafe.prefetchRead(Ljava/lang/Object;J)V name or signature does not match> (0x00000000eab07fa8) thrown at [C:\src\android\AOSP-openjdk\external\jetbrains\jdk\hotspot\src\share\vm\prims\jni.cpp, loUqéΩñ@
Event: 7.397 Thread 0x0000000017029000 Implicit null exception at 0x00000000034e35b9 to 0x00000000034e4add
Event: 8.063 Thread 0x0000000016fd3800 Exception <a 'java/lang/ArrayIndexOutOfBoundsException': 18> (0x00000000edf9d1d8) thrown at [C:\src\android\AOSP-openjdk\external\jetbrains\jdk\hotspot\src\share\vm\interpreter\interpreterRuntime.cpp, line 366]
Event: 8.064 Thread 0x0000000016fd3800 Exception <a 'java/lang/ArrayIndexOutOfBoundsException'> (0x00000000edf9ed58) thrown at [C:\src\android\AOSP-openjdk\external\jetbrains\jdk\hotspot\src\share\vm\runtime\sharedRuntime.cpp, line 605]
Event: 8.066 Thread 0x0000000016fd3800 Exception <a 'java/lang/ArrayIndexOutOfBoundsException'> (0x00000000edfa0040) thrown at [C:\src\android\AOSP-openjdk\external\jetbrains\jdk\hotspot\src\share\vm\runtime\sharedRuntime.cpp, line 605]

Events (10 events):
Event: 12.932 Thread 0x000000001702c000 DEOPT PACKING pc=0x00000000037394cd sp=0x000000001915ec40
Event: 12.932 Thread 0x000000001702c000 DEOPT UNPACKING pc=0x0000000002dc75bf sp=0x000000001915e998 mode 0
Event: 12.938 Thread 0x000000001702c000 DEOPT PACKING pc=0x000000000373b391 sp=0x000000001915ebb0
Event: 12.938 Thread 0x000000001702c000 DEOPT UNPACKING pc=0x0000000002dc75bf sp=0x000000001915e938 mode 0
Event: 12.958 Thread 0x000000001702c000 DEOPT PACKING pc=0x0000000003736e38 sp=0x000000001915eb80
Event: 12.958 Thread 0x000000001702c000 DEOPT UNPACKING pc=0x0000000002dc75bf sp=0x000000001915e8e0 mode 0
Event: 13.168 Thread 0x000000001702c000 DEOPT PACKING pc=0x000000000372f480 sp=0x000000001915eaa0
Event: 13.168 Thread 0x000000001702c000 DEOPT UNPACKING pc=0x0000000002dc75bf sp=0x000000001915e7c8 mode 0
Event: 13.210 Thread 0x000000001702c000 DEOPT PACKING pc=0x0000000003744022 sp=0x000000001915ea30
Event: 13.210 Thread 0x000000001702c000 DEOPT UNPACKING pc=0x0000000002dc75bf sp=0x000000001915e7b0 mode 0


Dynamic libraries:
0x00007ff65aea0000 - 0x00007ff65aed1000 	C:\Program Files\Android\Android Studio\jre\bin\java.exe
0x00007fff314c0000 - 0x00007fff31681000 	C:\WINDOWS\SYSTEM32\ntdll.dll
0x00007fff2eaa0000 - 0x00007fff2eb4d000 	C:\WINDOWS\system32\KERNEL32.DLL
0x00007fff2e030000 - 0x00007fff2e218000 	C:\WINDOWS\system32\KERNELBASE.dll
0x00007fff30780000 - 0x00007fff30827000 	C:\WINDOWS\system32\ADVAPI32.dll
0x00007fff31140000 - 0x00007fff311dd000 	C:\WINDOWS\system32\msvcrt.dll
0x00007fff30b70000 - 0x00007fff30bcb000 	C:\WINDOWS\system32\sechost.dll
0x00007fff2e8c0000 - 0x00007fff2e9dc000 	C:\WINDOWS\system32\RPCRT4.dll
0x00007fff2ef80000 - 0x00007fff2f0d6000 	C:\WINDOWS\system32\USER32.dll
0x00007fff30fb0000 - 0x00007fff31136000 	C:\WINDOWS\system32\GDI32.dll
0x00007fff257a0000 - 0x00007fff25a14000 	C:\WINDOWS\WinSxS\amd64_microsoft.windows.common-controls_6595b64144ccf1df_6.0.10586.672_none_a2d6b3cea53ff843\COMCTL32.dll
0x00007fff30bd0000 - 0x00007fff30e4d000 	C:\WINDOWS\system32\combase.dll
0x00007fff2dc60000 - 0x00007fff2dcca000 	C:\WINDOWS\system32\bcryptPrimitives.dll
0x00007fff30980000 - 0x00007fff309bb000 	C:\WINDOWS\system32\IMM32.DLL
0x000000005e580000 - 0x000000005e652000 	C:\Program Files\Android\Android Studio\jre\jre\bin\msvcr100.dll
0x000000005e740000 - 0x000000005ef74000 	C:\Program Files\Android\Android Studio\jre\jre\bin\server\jvm.dll
0x00007fff30660000 - 0x00007fff30668000 	C:\WINDOWS\system32\PSAPI.DLL
0x00007fff1ce30000 - 0x00007fff1ce39000 	C:\WINDOWS\SYSTEM32\WSOCK32.dll
0x00007fff30aa0000 - 0x00007fff30b0b000 	C:\WINDOWS\system32\WS2_32.dll
0x00007fff2bd30000 - 0x00007fff2bd53000 	C:\WINDOWS\SYSTEM32\WINMM.dll
0x00007fff242a0000 - 0x00007fff242aa000 	C:\WINDOWS\SYSTEM32\VERSION.dll
0x00007fff2bd00000 - 0x00007fff2bd2c000 	C:\WINDOWS\SYSTEM32\WINMMBASE.dll
0x00007fff2e220000 - 0x00007fff2e263000 	C:\WINDOWS\system32\cfgmgr32.dll
0x00007fff27930000 - 0x00007fff2793f000 	C:\Program Files\Android\Android Studio\jre\jre\bin\verify.dll
0x00007fff15570000 - 0x00007fff15599000 	C:\Program Files\Android\Android Studio\jre\jre\bin\java.dll
0x00007fff1ed80000 - 0x00007fff1ed96000 	C:\Program Files\Android\Android Studio\jre\jre\bin\zip.dll
0x00007fff2f0e0000 - 0x00007fff3063c000 	C:\WINDOWS\system32\SHELL32.dll
0x00007fff2e270000 - 0x00007fff2e8b5000 	C:\WINDOWS\system32\windows.storage.dll
0x00007fff312b0000 - 0x00007fff31302000 	C:\WINDOWS\system32\shlwapi.dll
0x00007fff2db30000 - 0x00007fff2db3f000 	C:\WINDOWS\system32\kernel.appcore.dll
0x00007fff2dcd0000 - 0x00007fff2dd85000 	C:\WINDOWS\system32\shcore.dll
0x00007fff2dae0000 - 0x00007fff2db2b000 	C:\WINDOWS\system32\powrprof.dll
0x00007fff2db50000 - 0x00007fff2db64000 	C:\WINDOWS\system32\profapi.dll

VM Arguments:
jvm_args: -Djava.awt.headless=true -Xmx1024M -Dfile.encoding=windows-1252 -Duser.country=GB -Duser.language=en -Duser.variant 
java_command: com.android.dx.command.Main --dex --force-jumbo --num-threads=4 --multi-dex --output C:\Users\Thomas\AndroidStudioProjects\MrWhemps\app\build\intermediates\transforms\dex\debug\folders\1000\10\com.android.support-support-v4-23.4.0_3342e5d3ccd37400c4c8d36aadf003a6717e68e4 C:\Users\Thomas\AndroidStudioProjects\MrWhemps\app\build\intermediates\exploded-aar\com.android.support\support-v4\23.4.0\jars\classes.jar
java_class_path (initial): C:\Users\Thomas\AppData\Local\Android\sdk\build-tools\23.0.2\lib\dx.jar
Launcher Type: SUN_STANDARD

Environment Variables:
PATH=C:\Program Files (x86)\Intel\iCLS Client\;C:\Program Files\Intel\iCLS Client\;C:\Windows\system32;C:\Windows;C:\Windows\System32\Wbem;C:\Windows\System32\WindowsPowerShell\v1.0\;C:\Program Files (x86)\Intel\OpenCL SDK\2.0\bin\x86;C:\Program Files (x86)\Intel\OpenCL SDK\2.0\bin\x64;C:\Program Files\Intel\Intel(R) Management Engine Components\DAL;C:\Program Files\Intel\Intel(R) Management Engine Components\IPT;C:\Program Files (x86)\Intel\Intel(R) Management Engine Components\DAL;C:\Program Files (x86)\Intel\Intel(R) Management Engine Components\IPT;C:\Program Files (x86)\Windows Live\Shared;C:\Users\Thomas\AppData\Local\Smartbar\Application\;C:\WINDOWS\system32;C:\WINDOWS;C:\WINDOWS\System32\Wbem;C:\WINDOWS\System32\WindowsPowerShell\v1.0\;D:\Programs\bin;C:\Program Files\Microsoft SQL Server\110\Tools\Binn\;C:\Program Files\Microsoft SQL Server\120\Tools\Binn\;C:\Program Files\MiKTeX 2.9\miktex\bin\;C:\Program Files\MiKTeX 2.9\gs\gs8.71\bin\;C:\Program Files\Git\cmd;C:\Program Files (x86)\Skype\Phone\;C:\WINDOWS\system32\config\systemprofile\.dnx\bin;C:\Program Files\Microsoft DNX\Dnvm\;C:\Program Files\Microsoft SQL Server\130\Tools\Binn\;C:\Program Files (x86)\Windows Kits\10\Windows Performance Toolkit\;C:\Program Files
USERNAME=Thomas
OS=Windows_NT
PROCESSOR_IDENTIFIER=Intel64 Family 6 Model 42 Stepping 7, GenuineIntel



---------------  S Y S T E M  ---------------

OS: Windows 10.0 , 64 bit Build 10586 (10.0.10586.589)

CPU:total 4 (2 cores per cpu, 2 threads per core) family 6 model 42 stepping 7, cmov, cx8, fxsr, mmx, sse, sse2, sse3, ssse3, sse4.1, sse4.2, popcnt, avx, clmul, ht, tsc, tscinvbit

Memory: 4k page, physical 4075172k(325368k free), swap 6565540k(3996k free)

vm_info: OpenJDK 64-Bit Server VM (25.76-b03) for windows-amd64 JRE (1.8.0_76-release-b03), built on Jun 29 2016 19:09:20 by "ralucas" with MS VC++ 10.0 (VS2010)

time: Sat Dec 31 02:22:20 2016
elapsed time: 13 seconds (0d 0h 0m 13s)

