#
# There is insufficient memory for the Java Runtime Environment to continue.
# Native memory allocation (malloc) failed to allocate 527376 bytes for Chunk::new
# Possible reasons:
#   The system is out of physical RAM or swap space
#   In 32 bit mode, the process size limit was hit
# Possible solutions:
#   Reduce memory load on the system
#   Increase physical memory or swap space
#   Check if swap backing store is full
#   Use 64 bit Java on a 64 bit OS
#   Decrease Java heap size (-Xmx/-Xms)
#   Decrease number of Java threads
#   Decrease Java thread stack sizes (-Xss)
#   Set larger code cache with -XX:ReservedCodeCacheSize=
# This output file may be truncated or incomplete.
#
#  Out of Memory Error (allocation.cpp:390), pid=12108, tid=0x0000000000003624
#
# JRE version: OpenJDK Runtime Environment (8.0_76-b03) (build 1.8.0_76-release-b03)
# Java VM: OpenJDK 64-Bit Server VM (25.76-b03 mixed mode windows-amd64 compressed oops)
# Failed to write core dump. Minidumps are not enabled by default on client versions of Windows
#

---------------  T H R E A D  ---------------

Current thread (0x000000001556e800):  JavaThread "C2 CompilerThread1" daemon [_thread_in_native, id=13860, stack(0x0000000016cb0000,0x0000000016db0000)]

Stack: [0x0000000016cb0000,0x0000000016db0000]
[error occurred during error reporting (printing stack bounds), id 0xc0000005]

Native frames: (J=compiled Java code, j=interpreted, Vv=VM code, C=native code)


Current CompileTask:
C2:    953  682       4       com.android.dx.ssa.SsaBasicBlock::forEachInsn (37 bytes)


---------------  P R O C E S S  ---------------

Java Threads: ( => current thread )
  0x0000000017139000 JavaThread "pool-2-thread-4" [_thread_in_vm, id=4496, stack(0x00000000178b0000,0x00000000179b0000)]
  0x0000000017136800 JavaThread "pool-2-thread-2" [_thread_in_Java, id=1660, stack(0x00000000176b0000,0x00000000177b0000)]
  0x0000000017007000 JavaThread "pool-3-thread-1" [_thread_blocked, id=11740, stack(0x00000000175b0000,0x00000000176b0000)]
  0x000000001700b000 JavaThread "pool-2-thread-1" [_thread_in_vm, id=8836, stack(0x00000000174b0000,0x00000000175b0000)]
  0x0000000016ec9800 JavaThread "Service Thread" daemon [_thread_blocked, id=11696, stack(0x00000000172b0000,0x00000000173b0000)]
  0x00000000155c0000 JavaThread "C1 CompilerThread2" daemon [_thread_blocked, id=14848, stack(0x0000000016db0000,0x0000000016eb0000)]
=>0x000000001556e800 JavaThread "C2 CompilerThread1" daemon [_thread_in_native, id=13860, stack(0x0000000016cb0000,0x0000000016db0000)]
  0x000000001556b800 JavaThread "C2 CompilerThread0" daemon [_thread_in_native, id=11364, stack(0x0000000016bb0000,0x0000000016cb0000)]
  0x000000001556a000 JavaThread "Attach Listener" daemon [_thread_blocked, id=10204, stack(0x0000000016ab0000,0x0000000016bb0000)]
  0x0000000015569000 JavaThread "Signal Dispatcher" daemon [_thread_blocked, id=4064, stack(0x00000000169b0000,0x0000000016ab0000)]
  0x0000000015558800 JavaThread "Finalizer" daemon [_thread_blocked, id=11484, stack(0x00000000167d0000,0x00000000168d0000)]
  0x0000000002e90800 JavaThread "Reference Handler" daemon [_thread_blocked, id=7504, stack(0x00000000166d0000,0x00000000167d0000)]
  0x0000000002bcd800 JavaThread "main" [_thread_blocked, id=11336, stack(0x0000000002ca0000,0x0000000002da0000)]

Other Threads:
  0x0000000015536000 VMThread [stack: 0x00000000165d0000,0x00000000166d0000] [id=13708]
  0x0000000016ecb000 WatcherThread [stack: 0x00000000173b0000,0x00000000174b0000] [id=14096]

VM state:synchronizing (normal execution)

VM Mutex/Monitor currently owned by a thread:  ([mutex/lock_event])
[0x0000000002bcc600] Safepoint_lock - owner thread: 0x0000000015536000
[0x0000000002bcc680] Threads_lock - owner thread: 0x0000000015536000
[0x0000000002bcc880] CompiledIC_lock - owner thread: 0x000000001700b000

Heap:
 PSYoungGen      total 18944K, used 4905K [0x00000000eab00000, 0x00000000ec000000, 0x0000000100000000)
  eden space 16384K, 29% used [0x00000000eab00000,0x00000000eafca7f0,0x00000000ebb00000)
  from space 2560K, 0% used [0x00000000ebb00000,0x00000000ebb00000,0x00000000ebd80000)
  to   space 2560K, 0% used [0x00000000ebd80000,0x00000000ebd80000,0x00000000ec000000)
 ParOldGen       total 33280K, used 2374K [0x00000000c0000000, 0x00000000c2080000, 0x00000000eab00000)
  object space 33280K, 7% used [0x00000000c0000000,0x00000000c0251a48,0x00000000c2080000)
 Metaspace       used 5629K, capacity 6704K, committed 6784K, reserved 1058816K
  class space    used 573K, capacity 616K, committed 640K, reserved 1048576K

Card table byte_map: [0x0000000012260000,0x0000000012470000] byte_map_base: 0x0000000011c60000

Marking Bits: (ParMarkBitMap*) 0x00000000665d9d00
 Begin Bits: [0x00000000129d0000, 0x00000000139d0000)
 End Bits:   [0x00000000139d0000, 0x00000000149d0000)

Polling page: 0x0000000002b50000

CodeCache: size=245760Kb used=2916Kb max_used=2916Kb free=242843Kb
 bounds [0x0000000002ea0000, 0x0000000003180000, 0x0000000011ea0000]
 total_blobs=1001 nmethods=733 adapters=182
 compilation: enabled

Compilation events (10 events):
Event: 0.902 Thread 0x00000000155c0000 nmethod 723 0x000000000316e150 code [0x000000000316e320, 0x000000000316eb78]
Event: 0.902 Thread 0x00000000155c0000  741       3       com.android.dx.rop.code.Rop::<init> (137 bytes)
Event: 0.903 Thread 0x00000000155c0000 nmethod 741 0x000000000316ef90 code [0x000000000316f180, 0x000000000316f9d8]
Event: 0.903 Thread 0x00000000155c0000  742       3       com.android.dx.cf.code.ExecutionStack::peek (42 bytes)
Event: 0.904 Thread 0x00000000155c0000 nmethod 742 0x000000000316fd90 code [0x000000000316ffa0, 0x0000000003170988]
Event: 0.904 Thread 0x00000000155c0000  747       3       com.android.dx.cf.code.RopperMachine::getSources (264 bytes)
Event: 0.910 Thread 0x00000000155c0000 nmethod 747 0x0000000003170f10 code [0x0000000003171520, 0x0000000003175eb8]
Event: 0.910 Thread 0x00000000155c0000  749       3       com.android.dx.cf.code.BaseMachine::storeResults (90 bytes)
Event: 0.911 Thread 0x00000000155c0000 nmethod 749 0x00000000031794d0 code [0x00000000031796c0, 0x000000000317a188]
Event: 0.911 Thread 0x00000000155c0000  751   !   3       com.android.dx.cf.code.RopperMachine::run (1550 bytes)

GC Heap History (4 events):
Event: 0.554 GC heap before
{Heap before GC invocations=1 (full 0):
 PSYoungGen      total 18944K, used 8292K [0x00000000eab00000, 0x00000000ec000000, 0x0000000100000000)
  eden space 16384K, 50% used [0x00000000eab00000,0x00000000eb319050,0x00000000ebb00000)
  from space 2560K, 0% used [0x00000000ebd80000,0x00000000ebd80000,0x00000000ec000000)
  to   space 2560K, 0% used [0x00000000ebb00000,0x00000000ebb00000,0x00000000ebd80000)
 ParOldGen       total 44032K, used 0K [0x00000000c0000000, 0x00000000c2b00000, 0x00000000eab00000)
  object space 44032K, 0% used [0x00000000c0000000,0x00000000c0000000,0x00000000c2b00000)
 Metaspace       used 5083K, capacity 6160K, committed 6272K, reserved 1060864K
  class space    used 548K, capacity 584K, committed 640K, reserved 1048576K
Event: 0.559 GC heap after
Heap after GC invocations=1 (full 0):
 PSYoungGen      total 18944K, used 2520K [0x00000000eab00000, 0x00000000ec000000, 0x0000000100000000)
  eden space 16384K, 0% used [0x00000000eab00000,0x00000000eab00000,0x00000000ebb00000)
  from space 2560K, 98% used [0x00000000ebb00000,0x00000000ebd76138,0x00000000ebd80000)
  to   space 2560K, 0% used [0x00000000ebd80000,0x00000000ebd80000,0x00000000ec000000)
 ParOldGen       total 44032K, used 8K [0x00000000c0000000, 0x00000000c2b00000, 0x00000000eab00000)
  object space 44032K, 0% used [0x00000000c0000000,0x00000000c0002000,0x00000000c2b00000)
 Metaspace       used 5083K, capacity 6160K, committed 6272K, reserved 1060864K
  class space    used 548K, capacity 584K, committed 640K, reserved 1048576K
}
Event: 0.559 GC heap before
{Heap before GC invocations=2 (full 1):
 PSYoungGen      total 18944K, used 2520K [0x00000000eab00000, 0x00000000ec000000, 0x0000000100000000)
  eden space 16384K, 0% used [0x00000000eab00000,0x00000000eab00000,0x00000000ebb00000)
  from space 2560K, 98% used [0x00000000ebb00000,0x00000000ebd76138,0x00000000ebd80000)
  to   space 2560K, 0% used [0x00000000ebd80000,0x00000000ebd80000,0x00000000ec000000)
 ParOldGen       total 44032K, used 8K [0x00000000c0000000, 0x00000000c2b00000, 0x00000000eab00000)
  object space 44032K, 0% used [0x00000000c0000000,0x00000000c0002000,0x00000000c2b00000)
 Metaspace       used 5083K, capacity 6160K, committed 6272K, reserved 1060864K
  class space    used 548K, capacity 584K, committed 640K, reserved 1048576K
Event: 0.591 GC heap after
Heap after GC invocations=2 (full 1):
 PSYoungGen      total 18944K, used 0K [0x00000000eab00000, 0x00000000ec000000, 0x0000000100000000)
  eden space 16384K, 0% used [0x00000000eab00000,0x00000000eab00000,0x00000000ebb00000)
  from space 2560K, 0% used [0x00000000ebb00000,0x00000000ebb00000,0x00000000ebd80000)
  to   space 2560K, 0% used [0x00000000ebd80000,0x00000000ebd80000,0x00000000ec000000)
 ParOldGen       total 33280K, used 2374K [0x00000000c0000000, 0x00000000c2080000, 0x00000000eab00000)
  object space 33280K, 7% used [0x00000000c0000000,0x00000000c0251a48,0x00000000c2080000)
 Metaspace       used 5083K, capacity 6160K, committed 6272K, reserved 1058816K
  class space    used 548K, capacity 584K, committed 640K, reserved 1048576K
}

Deoptimization events (2 events):
Event: 0.368 Thread 0x0000000002bcd800 Uncommon trap: reason=unstable_if action=reinterpret pc=0x0000000002fe3a94 method=java.lang.String.indexOf(II)I @ 49
Event: 0.676 Thread 0x0000000017022000 Uncommon trap: reason=unstable_if action=reinterpret pc=0x00000000030928bc method=java.util.HashMap.getNode(ILjava/lang/Object;)Ljava/util/HashMap$Node; @ 62

Internal exceptions (2 events):
Event: 0.047 Thread 0x0000000002bcd800 Exception <a 'java/lang/NoSuchMethodError': Method sun.misc.Unsafe.defineClass(Ljava/lang/String;[BII)Ljava/lang/Class; name or signature does not match> (0x00000000eab07cc0) thrown at [C:\src\android\AOSP-openjdk\external\jetbrains\jdk\hotspot\src\share\vY?ŒH.\¨?
Event: 0.048 Thread 0x0000000002bcd800 Exception <a 'java/lang/NoSuchMethodError': Method sun.misc.Unsafe.prefetchRead(Ljava/lang/Object;J)V name or signature does not match> (0x00000000eab07fa8) thrown at [C:\src\android\AOSP-openjdk\external\jetbrains\jdk\hotspot\src\share\vm\prims\jni.cpp, l

Events (10 events):
Event: 0.705 loading class com/android/dx/ssa/back/FirstFitLocalCombiningAllocator$Multiset
Event: 0.705 loading class com/android/dx/ssa/back/FirstFitLocalCombiningAllocator$Multiset done
Event: 0.744 Thread 0x0000000017022000 Thread exited: 0x0000000017022000
Event: 0.846 loading class java/util/ArrayList$1
Event: 0.847 loading class java/util/ArrayList$1 done
Event: 0.890 loading class java/util/TreeMap$EntrySet
Event: 0.890 loading class java/util/TreeMap$EntrySet done
Event: 0.890 loading class java/util/TreeMap$EntryIterator
Event: 0.890 loading class java/util/TreeMap$EntryIterator done
Event: 0.939 Executing VM operation: ForceSafepoint


Dynamic libraries:
0x00007ff7a0c80000 - 0x00007ff7a0cb1000 	C:\Program Files\Android\Android Studio\jre\bin\java.exe
0x00007ffad9aa0000 - 0x00007ffad9c61000 	C:\WINDOWS\SYSTEM32\ntdll.dll
0x00007ffad7000000 - 0x00007ffad70ad000 	C:\WINDOWS\system32\KERNEL32.DLL
0x00007ffad6520000 - 0x00007ffad6708000 	C:\WINDOWS\system32\KERNELBASE.dll
0x00007ffad9430000 - 0x00007ffad94d7000 	C:\WINDOWS\system32\ADVAPI32.dll
0x00007ffad9130000 - 0x00007ffad91cd000 	C:\WINDOWS\system32\msvcrt.dll
0x00007ffad90d0000 - 0x00007ffad912b000 	C:\WINDOWS\system32\sechost.dll
0x00007ffad98b0000 - 0x00007ffad99cc000 	C:\WINDOWS\system32\RPCRT4.dll
0x00007ffad8ba0000 - 0x00007ffad8cf6000 	C:\WINDOWS\system32\USER32.dll
0x00007ffad92a0000 - 0x00007ffad9426000 	C:\WINDOWS\system32\GDI32.dll
0x00007ffacf3a0000 - 0x00007ffacf614000 	C:\WINDOWS\WinSxS\amd64_microsoft.windows.common-controls_6595b64144ccf1df_6.0.10586.672_none_a2d6b3cea53ff843\COMCTL32.dll
0x00007ffad9520000 - 0x00007ffad979d000 	C:\WINDOWS\system32\combase.dll
0x00007ffad63d0000 - 0x00007ffad643a000 	C:\WINDOWS\system32\bcryptPrimitives.dll
0x00007ffad94e0000 - 0x00007ffad951b000 	C:\WINDOWS\system32\IMM32.DLL
0x0000000064c50000 - 0x0000000064d22000 	C:\Program Files\Android\Android Studio\jre\jre\bin\msvcr100.dll
0x0000000065e20000 - 0x0000000066654000 	C:\Program Files\Android\Android Studio\jre\jre\bin\server\jvm.dll
0x00007ffad90b0000 - 0x00007ffad90b8000 	C:\WINDOWS\system32\PSAPI.DLL
0x00007ffad2d40000 - 0x00007ffad2d49000 	C:\WINDOWS\SYSTEM32\WSOCK32.dll
0x00007ffad34f0000 - 0x00007ffad3513000 	C:\WINDOWS\SYSTEM32\WINMM.dll
0x00007ffad9040000 - 0x00007ffad90ab000 	C:\WINDOWS\system32\WS2_32.dll
0x00007ffacd380000 - 0x00007ffacd38a000 	C:\WINDOWS\SYSTEM32\VERSION.dll
0x00007ffad3490000 - 0x00007ffad34bc000 	C:\WINDOWS\SYSTEM32\WINMMBASE.dll
0x00007ffad6440000 - 0x00007ffad6483000 	C:\WINDOWS\system32\cfgmgr32.dll
0x00007ffacf080000 - 0x00007ffacf08f000 	C:\Program Files\Android\Android Studio\jre\jre\bin\verify.dll
0x00007ffaca960000 - 0x00007ffaca989000 	C:\Program Files\Android\Android Studio\jre\jre\bin\java.dll
0x00007ffacefe0000 - 0x00007ffaceff6000 	C:\Program Files\Android\Android Studio\jre\jre\bin\zip.dll
0x00007ffad74f0000 - 0x00007ffad8a4c000 	C:\WINDOWS\system32\SHELL32.dll
0x00007ffad67d0000 - 0x00007ffad6e15000 	C:\WINDOWS\system32\windows.storage.dll
0x00007ffad91d0000 - 0x00007ffad9222000 	C:\WINDOWS\system32\shlwapi.dll
0x00007ffad6140000 - 0x00007ffad614f000 	C:\WINDOWS\system32\kernel.appcore.dll
0x00007ffad6710000 - 0x00007ffad67c5000 	C:\WINDOWS\system32\shcore.dll
0x00007ffad60f0000 - 0x00007ffad613b000 	C:\WINDOWS\system32\powrprof.dll
0x00007ffad60d0000 - 0x00007ffad60e4000 	C:\WINDOWS\system32\profapi.dll

VM Arguments:
jvm_args: -Djava.awt.headless=true -Xmx1024M -Dfile.encoding=windows-1252 -Duser.country=GB -Duser.language=en -Duser.variant 
java_command: com.android.dx.command.Main --dex --force-jumbo --num-threads=4 --multi-dex --output C:\Users\Thomas\AndroidStudioProjects\MrWhemps\app\build\intermediates\transforms\dex\debug\folders\1000\10\com.android.support-multidex-1.0.1_8c4e20970e72d9797928c44d6036f44a6698a489 C:\Users\Thomas\AndroidStudioProjects\MrWhemps\app\build\intermediates\exploded-aar\com.android.support\multidex\1.0.1\jars\classes.jar
java_class_path (initial): C:\Users\Thomas\AppData\Local\Android\sdk\build-tools\23.0.2\lib\dx.jar
Launcher Type: SUN_STANDARD

Environment Variables:
PATH=C:\Program Files (x86)\Intel\iCLS Client\;C:\Program Files\Intel\iCLS Client\;C:\Windows\system32;C:\Windows;C:\Windows\System32\Wbem;C:\Windows\System32\WindowsPowerShell\v1.0\;C:\Program Files (x86)\Intel\OpenCL SDK\2.0\bin\x86;C:\Program Files (x86)\Intel\OpenCL SDK\2.0\bin\x64;C:\Program Files\Intel\Intel(R) Management Engine Components\DAL;C:\Program Files\Intel\Intel(R) Management Engine Components\IPT;C:\Program Files (x86)\Intel\Intel(R) Management Engine Components\DAL;C:\Program Files (x86)\Intel\Intel(R) Management Engine Components\IPT;C:\Program Files (x86)\Windows Live\Shared;C:\Users\Thomas\AppData\Local\Smartbar\Application\;C:\WINDOWS\system32;C:\WINDOWS;C:\WINDOWS\System32\Wbem;C:\WINDOWS\System32\WindowsPowerShell\v1.0\;D:\Programs\bin;C:\Program Files\Microsoft SQL Server\110\Tools\Binn\;C:\Program Files\Microsoft SQL Server\120\Tools\Binn\;C:\Program Files\MiKTeX 2.9\miktex\bin\;C:\Program Files\MiKTeX 2.9\gs\gs8.71\bin\;C:\Program Files\Git\cmd;C:\Program Files (x86)\Skype\Phone\;C:\Program Files\Microsoft SQL Server\130\Tools\Binn\;C:\Program Files (x86)\Windows Kits\10\Windows Performance Toolkit\;C:\Program Files
USERNAME=Thomas
OS=Windows_NT
PROCESSOR_IDENTIFIER=Intel64 Family 6 Model 42 Stepping 7, GenuineIntel



---------------  S Y S T E M  ---------------

OS: Windows 10.0 , 64 bit Build 10586 (10.0.10586.589)

CPU:total 4 (2 cores per cpu, 2 threads per core) family 6 model 42 stepping 7, cmov, cx8, fxsr, mmx, sse, sse2, sse3, ssse3, sse4.1, sse4.2, popcnt, avx, clmul, ht, tsc, tscinvbit

Memory: 4k page, physical 4075172k(543096k free), swap 6565540k(5144k free)

vm_info: OpenJDK 64-Bit Server VM (25.76-b03) for windows-amd64 JRE (1.8.0_76-release-b03), built on Jun 29 2016 19:09:20 by "ralucas" with MS VC++ 10.0 (VS2010)

time: Sun Jan 15 17:37:18 2017
elapsed time: 0 seconds (0d 0h 0m 0s)

