#
# There is insufficient memory for the Java Runtime Environment to continue.
# Native memory allocation (malloc) failed to allocate 32744 bytes for ChunkPool::allocate
# Possible reasons:
#   The system is out of physical RAM or swap space
#   In 32 bit mode, the process size limit was hit
# Possible solutions:
#   Reduce memory load on the system
#   Increase physical memory or swap space
#   Check if swap backing store is full
#   Use 64 bit Java on a 64 bit OS
#   Decrease Java heap size (-Xmx/-Xms)
#   Decrease number of Java threads
#   Decrease Java thread stack sizes (-Xss)
#   Set larger code cache with -XX:ReservedCodeCacheSize=
# This output file may be truncated or incomplete.
#
#  Out of Memory Error (allocation.cpp:273), pid=10244, tid=0x00000000000035ac
#
# JRE version: OpenJDK Runtime Environment (8.0_76-b03) (build 1.8.0_76-release-b03)
# Java VM: OpenJDK 64-Bit Server VM (25.76-b03 mixed mode windows-amd64 compressed oops)
# Failed to write core dump. Minidumps are not enabled by default on client versions of Windows
#

---------------  T H R E A D  ---------------

Current thread (0x000000001527c000):  JavaThread "C1 CompilerThread2" daemon [_thread_in_native, id=13740, stack(0x0000000016a60000,0x0000000016b60000)]

Stack: [0x0000000016a60000,0x0000000016b60000]
[error occurred during error reporting (printing stack bounds), id 0xc0000005]

Native frames: (J=compiled Java code, j=interpreted, Vv=VM code, C=native code)


Current CompileTask:
C1:   2758  347       3       java.util.zip.ZipEntry::setExtra0 (360 bytes)


---------------  P R O C E S S  ---------------

Java Threads: ( => current thread )
  0x0000000016dd3000 JavaThread "pool-2-thread-4" [_thread_blocked, id=7740, stack(0x0000000017560000,0x0000000017660000)]
  0x0000000016d85800 JavaThread "pool-2-thread-3" [_thread_blocked, id=9664, stack(0x0000000017460000,0x0000000017560000)]
  0x0000000016d85000 JavaThread "pool-2-thread-2" [_thread_blocked, id=2948, stack(0x0000000017360000,0x0000000017460000)]
  0x0000000016d7d800 JavaThread "pool-3-thread-1" [_thread_blocked, id=12732, stack(0x0000000017260000,0x0000000017360000)]
  0x0000000016d56000 JavaThread "pool-2-thread-1" [_thread_in_Java, id=9932, stack(0x0000000017160000,0x0000000017260000)]
  0x0000000016b6b800 JavaThread "Service Thread" daemon [_thread_blocked, id=7640, stack(0x0000000016f60000,0x0000000017060000)]
=>0x000000001527c000 JavaThread "C1 CompilerThread2" daemon [_thread_in_native, id=13740, stack(0x0000000016a60000,0x0000000016b60000)]
  0x0000000015218000 JavaThread "C2 CompilerThread1" daemon [_thread_blocked, id=3672, stack(0x0000000016960000,0x0000000016a60000)]
  0x0000000015227800 JavaThread "C2 CompilerThread0" daemon [_thread_blocked, id=13412, stack(0x0000000016860000,0x0000000016960000)]
  0x0000000015226000 JavaThread "Attach Listener" daemon [_thread_blocked, id=13768, stack(0x0000000016760000,0x0000000016860000)]
  0x0000000015224800 JavaThread "Signal Dispatcher" daemon [_thread_blocked, id=10464, stack(0x0000000016660000,0x0000000016760000)]
  0x0000000002b4b800 JavaThread "Finalizer" daemon [_thread_blocked, id=9340, stack(0x0000000016480000,0x0000000016580000)]
  0x0000000002b40800 JavaThread "Reference Handler" daemon [_thread_blocked, id=13328, stack(0x0000000016380000,0x0000000016480000)]
  0x000000000294d800 JavaThread "main" [_thread_blocked, id=3816, stack(0x0000000002950000,0x0000000002a50000)]

Other Threads:
  0x00000000151e5000 VMThread [stack: 0x0000000016280000,0x0000000016380000] [id=416]
  0x0000000016b6d800 WatcherThread [stack: 0x0000000017060000,0x0000000017160000] [id=6268]

VM state:not at safepoint (normal execution)

VM Mutex/Monitor currently owned by a thread: None

Heap:
 PSYoungGen      total 18944K, used 9239K [0x00000000eab00000, 0x00000000ec000000, 0x0000000100000000)
  eden space 16384K, 56% used [0x00000000eab00000,0x00000000eb405f80,0x00000000ebb00000)
  from space 2560K, 0% used [0x00000000ebd80000,0x00000000ebd80000,0x00000000ec000000)
  to   space 2560K, 0% used [0x00000000ebb00000,0x00000000ebb00000,0x00000000ebd80000)
 ParOldGen       total 44032K, used 0K [0x00000000c0000000, 0x00000000c2b00000, 0x00000000eab00000)
  object space 44032K, 0% used [0x00000000c0000000,0x00000000c0000000,0x00000000c2b00000)
 Metaspace       used 4968K, capacity 6096K, committed 6272K, reserved 1056768K
  class space    used 536K, capacity 584K, committed 640K, reserved 1048576K

Card table byte_map: [0x0000000011f10000,0x0000000012120000] byte_map_base: 0x0000000011910000

Marking Bits: (ParMarkBitMap*) 0x000000005c809d00
 Begin Bits: [0x0000000012680000, 0x0000000013680000)
 End Bits:   [0x0000000013680000, 0x0000000014680000)

Polling page: 0x0000000000b80000

CodeCache: size=245760Kb used=1806Kb max_used=1806Kb free=243953Kb
 bounds [0x0000000002b50000, 0x0000000002dc0000, 0x0000000011b50000]
 total_blobs=612 nmethods=346 adapters=180
 compilation: enabled

Compilation events (10 events):
Event: 2.744 Thread 0x000000001527c000 nmethod 339 0x0000000002d124d0 code [0x0000000002d12620, 0x0000000002d12730]
Event: 2.744 Thread 0x000000001527c000  340       1       com.android.dx.rop.code.Insn::getResult (5 bytes)
Event: 2.744 Thread 0x000000001527c000 nmethod 340 0x0000000002d12790 code [0x0000000002d128e0, 0x0000000002d129f0]
Event: 2.744 Thread 0x000000001527c000  342       3       com.android.dx.rop.code.InsnList::get (9 bytes)
Event: 2.745 Thread 0x000000001527c000 nmethod 342 0x0000000002d12a50 code [0x0000000002d12bc0, 0x0000000002d12ea8]
Event: 2.745 Thread 0x000000001527c000  343       3       com.android.dx.ssa.SsaBasicBlock::setReachable (6 bytes)
Event: 2.745 Thread 0x000000001527c000 nmethod 343 0x0000000002d12f50 code [0x0000000002d130a0, 0x0000000002d131f0]
Event: 2.745 Thread 0x000000001527c000  344       1       com.android.dx.rop.code.BasicBlock::getSuccessors (5 bytes)
Event: 2.745 Thread 0x000000001527c000 nmethod 344 0x0000000002d13290 code [0x0000000002d133e0, 0x0000000002d134f0]
Event: 2.749 Thread 0x000000001527c000  347       3       java.util.zip.ZipEntry::setExtra0 (360 bytes)

GC Heap History (0 events):
No events

Deoptimization events (0 events):
No events

Internal exceptions (2 events):
Event: 0.114 Thread 0x000000000294d800 Exception <a 'java/lang/NoSuchMethodError': Method sun.misc.Unsafe.defineClass(Ljava/lang/String;[BII)Ljava/lang/Class; name or signature does not match> (0x00000000eab07cc0) thrown at [C:\src\android\AOSP-openjdk\external\jetbrains\jdk\hotspot\src\share\vl’‡$ZR½?
Event: 0.115 Thread 0x000000000294d800 Exception <a 'java/lang/NoSuchMethodError': Method sun.misc.Unsafe.prefetchRead(Ljava/lang/Object;J)V name or signature does not match> (0x00000000eab07fa8) thrown at [C:\src\android\AOSP-openjdk\external\jetbrains\jdk\hotspot\src\share\vm\prims\jni.cpp, l

Events (10 events):
Event: 2.750 loading class com/android/dx/dex/code/CatchBuilder
Event: 2.750 loading class com/android/dx/dex/code/CatchBuilder done
Event: 2.751 loading class com/android/dx/dex/code/DalvInsn
Event: 2.751 loading class com/android/dx/dex/code/DalvInsn done
Event: 2.751 loading class com/android/dx/dex/code/CodeAddress
Event: 2.751 loading class com/android/dx/dex/code/CodeAddress done
Event: 2.752 loading class com/android/dx/dex/code/ZeroSizeInsn
Event: 2.752 loading class com/android/dx/dex/code/ZeroSizeInsn done
Event: 2.752 loading class com/android/dx/dex/code/LocalSnapshot
Event: 2.752 loading class com/android/dx/dex/code/LocalSnapshot done


Dynamic libraries:
0x00007ff6c7d80000 - 0x00007ff6c7db1000 	C:\Program Files\Android\Android Studio\jre\bin\java.exe
0x00007ffd40960000 - 0x00007ffd40b21000 	C:\WINDOWS\SYSTEM32\ntdll.dll
0x00007ffd3e080000 - 0x00007ffd3e12d000 	C:\WINDOWS\system32\KERNEL32.DLL
0x00007ffd3dab0000 - 0x00007ffd3dc98000 	C:\WINDOWS\system32\KERNELBASE.dll
0x00007ffd40460000 - 0x00007ffd40507000 	C:\WINDOWS\system32\ADVAPI32.dll
0x00007ffd3e980000 - 0x00007ffd3ea1d000 	C:\WINDOWS\system32\msvcrt.dll
0x00007ffd3e8b0000 - 0x00007ffd3e90b000 	C:\WINDOWS\system32\sechost.dll
0x00007ffd3e130000 - 0x00007ffd3e24c000 	C:\WINDOWS\system32\RPCRT4.dll
0x00007ffd3df20000 - 0x00007ffd3e076000 	C:\WINDOWS\system32\USER32.dll
0x00007ffd3dd80000 - 0x00007ffd3df06000 	C:\WINDOWS\system32\GDI32.dll
0x00007ffd38ad0000 - 0x00007ffd38d44000 	C:\WINDOWS\WinSxS\amd64_microsoft.windows.common-controls_6595b64144ccf1df_6.0.10586.672_none_a2d6b3cea53ff843\COMCTL32.dll
0x00007ffd3e250000 - 0x00007ffd3e4cd000 	C:\WINDOWS\system32\combase.dll
0x00007ffd3d8b0000 - 0x00007ffd3d91a000 	C:\WINDOWS\system32\bcryptPrimitives.dll
0x00007ffd40510000 - 0x00007ffd4054b000 	C:\WINDOWS\system32\IMM32.DLL
0x000000005be90000 - 0x000000005bf62000 	C:\Program Files\Android\Android Studio\jre\jre\bin\msvcr100.dll
0x000000005c050000 - 0x000000005c884000 	C:\Program Files\Android\Android Studio\jre\jre\bin\server\jvm.dll
0x00007ffd3df10000 - 0x00007ffd3df18000 	C:\WINDOWS\system32\PSAPI.DLL
0x00007ffd32730000 - 0x00007ffd32739000 	C:\WINDOWS\SYSTEM32\WSOCK32.dll
0x00007ffd3e910000 - 0x00007ffd3e97b000 	C:\WINDOWS\system32\WS2_32.dll
0x00007ffd33a10000 - 0x00007ffd33a1a000 	C:\WINDOWS\SYSTEM32\VERSION.dll
0x00007ffd39a80000 - 0x00007ffd39aa3000 	C:\WINDOWS\SYSTEM32\WINMM.dll
0x00007ffd39a50000 - 0x00007ffd39a7c000 	C:\WINDOWS\SYSTEM32\WINMMBASE.dll
0x00007ffd3d920000 - 0x00007ffd3d963000 	C:\WINDOWS\system32\cfgmgr32.dll
0x00007ffd34130000 - 0x00007ffd3413f000 	C:\Program Files\Android\Android Studio\jre\jre\bin\verify.dll
0x00007ffd32f70000 - 0x00007ffd32f99000 	C:\Program Files\Android\Android Studio\jre\jre\bin\java.dll
0x00007ffd2ffd0000 - 0x00007ffd2ffe6000 	C:\Program Files\Android\Android Studio\jre\jre\bin\zip.dll
0x00007ffd3ef00000 - 0x00007ffd4045c000 	C:\WINDOWS\system32\SHELL32.dll
0x00007ffd3d090000 - 0x00007ffd3d6d5000 	C:\WINDOWS\system32\windows.storage.dll
0x00007ffd406d0000 - 0x00007ffd40722000 	C:\WINDOWS\system32\shlwapi.dll
0x00007ffd3d000000 - 0x00007ffd3d00f000 	C:\WINDOWS\system32\kernel.appcore.dll
0x00007ffd3dca0000 - 0x00007ffd3dd55000 	C:\WINDOWS\system32\shcore.dll
0x00007ffd3cfb0000 - 0x00007ffd3cffb000 	C:\WINDOWS\system32\powrprof.dll
0x00007ffd3cf90000 - 0x00007ffd3cfa4000 	C:\WINDOWS\system32\profapi.dll

VM Arguments:
jvm_args: -Djava.awt.headless=true -Xmx1024M -Dfile.encoding=windows-1252 -Duser.country=GB -Duser.language=en -Duser.variant 
java_command: com.android.dx.command.Main --dex --force-jumbo --num-threads=4 --multi-dex --output C:\Users\Thomas\AndroidStudioProjects\MrWhemps\app\build\intermediates\transforms\dex\debug\folders\1000\10\com.google.android.gms-play-services-plus-9.4.0_90ea2bee447c77e550fb74499f82914b5c844938 C:\Users\Thomas\AndroidStudioProjects\MrWhemps\app\build\intermediates\exploded-aar\com.google.android.gms\play-services-plus\9.4.0\jars\classes.jar
java_class_path (initial): C:\Users\Thomas\AppData\Local\Android\sdk\build-tools\23.0.2\lib\dx.jar
Launcher Type: SUN_STANDARD

Environment Variables:
PATH=C:\Program Files (x86)\Intel\iCLS Client\;C:\Program Files\Intel\iCLS Client\;C:\Windows\system32;C:\Windows;C:\Windows\System32\Wbem;C:\Windows\System32\WindowsPowerShell\v1.0\;C:\Program Files (x86)\Intel\OpenCL SDK\2.0\bin\x86;C:\Program Files (x86)\Intel\OpenCL SDK\2.0\bin\x64;C:\Program Files\Intel\Intel(R) Management Engine Components\DAL;C:\Program Files\Intel\Intel(R) Management Engine Components\IPT;C:\Program Files (x86)\Intel\Intel(R) Management Engine Components\DAL;C:\Program Files (x86)\Intel\Intel(R) Management Engine Components\IPT;C:\Program Files (x86)\Windows Live\Shared;C:\Users\Thomas\AppData\Local\Smartbar\Application\;C:\WINDOWS\system32;C:\WINDOWS;C:\WINDOWS\System32\Wbem;C:\WINDOWS\System32\WindowsPowerShell\v1.0\;D:\Programs\bin;C:\Program Files\Microsoft SQL Server\110\Tools\Binn\;C:\Program Files\Microsoft SQL Server\120\Tools\Binn\;C:\Program Files\MiKTeX 2.9\miktex\bin\;C:\Program Files\MiKTeX 2.9\gs\gs8.71\bin\;C:\Program Files\Git\cmd;C:\Program Files (x86)\Skype\Phone\;C:\Program Files\Microsoft SQL Server\130\Tools\Binn\;C:\Program Files (x86)\Windows Kits\10\Windows Performance Toolkit\;C:\Program Files
USERNAME=Thomas
OS=Windows_NT
PROCESSOR_IDENTIFIER=Intel64 Family 6 Model 42 Stepping 7, GenuineIntel



---------------  S Y S T E M  ---------------

OS: Windows 10.0 , 64 bit Build 10586 (10.0.10586.589)

CPU:total 4 (2 cores per cpu, 2 threads per core) family 6 model 42 stepping 7, cmov, cx8, fxsr, mmx, sse, sse2, sse3, ssse3, sse4.1, sse4.2, popcnt, avx, clmul, ht, tsc, tscinvbit

Memory: 4k page, physical 4075172k(650612k free), swap 6565540k(2036k free)

vm_info: OpenJDK 64-Bit Server VM (25.76-b03) for windows-amd64 JRE (1.8.0_76-release-b03), built on Jun 29 2016 19:09:20 by "ralucas" with MS VC++ 10.0 (VS2010)

time: Sun Jan 22 12:54:03 2017
elapsed time: 2 seconds (0d 0h 0m 2s)

