#
# There is insufficient memory for the Java Runtime Environment to continue.
# Native memory allocation (malloc) failed to allocate 395216 bytes for Chunk::new
# Possible reasons:
#   The system is out of physical RAM or swap space
#   In 32 bit mode, the process size limit was hit
# Possible solutions:
#   Reduce memory load on the system
#   Increase physical memory or swap space
#   Check if swap backing store is full
#   Use 64 bit Java on a 64 bit OS
#   Decrease Java heap size (-Xmx/-Xms)
#   Decrease number of Java threads
#   Decrease Java thread stack sizes (-Xss)
#   Set larger code cache with -XX:ReservedCodeCacheSize=
# This output file may be truncated or incomplete.
#
#  Out of Memory Error (allocation.cpp:390), pid=12612, tid=0x000000000000298c
#
# JRE version: OpenJDK Runtime Environment (8.0_76-b03) (build 1.8.0_76-release-b03)
# Java VM: OpenJDK 64-Bit Server VM (25.76-b03 mixed mode windows-amd64 compressed oops)
# Failed to write core dump. Minidumps are not enabled by default on client versions of Windows
#

---------------  T H R E A D  ---------------

Current thread (0x000000001536c800):  JavaThread "C2 CompilerThread0" daemon [_thread_in_native, id=10636, stack(0x00000000168d0000,0x00000000169d0000)]

Stack: [0x00000000168d0000,0x00000000169d0000]
[error occurred during error reporting (printing stack bounds), id 0xc0000005]

Native frames: (J=compiled Java code, j=interpreted, Vv=VM code, C=native code)


Current CompileTask:
C2:   3410 1492       4       com.android.dx.ssa.SCCP::simulateBlock (54 bytes)


---------------  P R O C E S S  ---------------

Java Threads: ( => current thread )
  0x0000000016db8000 JavaThread "pool-2-thread-4" [_thread_in_Java, id=3432, stack(0x00000000175d0000,0x00000000176d0000)]
  0x0000000016db7000 JavaThread "pool-2-thread-3" [_thread_blocked, id=4400, stack(0x00000000174d0000,0x00000000175d0000)]
  0x0000000016db2000 JavaThread "pool-2-thread-2" [_thread_blocked, id=7700, stack(0x00000000173d0000,0x00000000174d0000)]
  0x0000000016db1800 JavaThread "pool-3-thread-1" [_thread_blocked, id=6320, stack(0x00000000172d0000,0x00000000173d0000)]
  0x0000000016db0800 JavaThread "pool-2-thread-1" [_thread_blocked, id=6740, stack(0x00000000171d0000,0x00000000172d0000)]
  0x0000000016ad5800 JavaThread "Service Thread" daemon [_thread_blocked, id=6292, stack(0x0000000016fd0000,0x00000000170d0000)]
  0x00000000153cc800 JavaThread "C1 CompilerThread2" daemon [_thread_in_vm, id=14924, stack(0x0000000016ed0000,0x0000000016fd0000)]
  0x00000000153c5800 JavaThread "C2 CompilerThread1" daemon [_thread_in_native, id=13656, stack(0x00000000169d0000,0x0000000016ad0000)]
=>0x000000001536c800 JavaThread "C2 CompilerThread0" daemon [_thread_in_native, id=10636, stack(0x00000000168d0000,0x00000000169d0000)]
  0x000000001536b000 JavaThread "Attach Listener" daemon [_thread_blocked, id=3864, stack(0x00000000167d0000,0x00000000168d0000)]
  0x000000001536a000 JavaThread "Signal Dispatcher" daemon [_thread_blocked, id=7424, stack(0x00000000166d0000,0x00000000167d0000)]
  0x0000000015358800 JavaThread "Finalizer" daemon [_thread_blocked, id=3840, stack(0x00000000165d0000,0x00000000166d0000)]
  0x0000000002c90800 JavaThread "Reference Handler" daemon [_thread_blocked, id=14260, stack(0x00000000164d0000,0x00000000165d0000)]
  0x0000000002a9d800 JavaThread "main" [_thread_blocked, id=10348, stack(0x0000000002aa0000,0x0000000002ba0000)]

Other Threads:
  0x0000000015335000 VMThread [stack: 0x00000000163d0000,0x00000000164d0000] [id=9076]
  0x0000000016ad7800 WatcherThread [stack: 0x00000000170d0000,0x00000000171d0000] [id=4256]

VM state:not at safepoint (normal execution)

VM Mutex/Monitor currently owned by a thread: None

Heap:
 PSYoungGen      total 35328K, used 12025K [0x00000000eab00000, 0x00000000ed980000, 0x0000000100000000)
  eden space 32768K, 28% used [0x00000000eab00000,0x00000000eb46ce88,0x00000000ecb00000)
  from space 2560K, 100% used [0x00000000ed700000,0x00000000ed980000,0x00000000ed980000)
  to   space 2560K, 0% used [0x00000000ecb00000,0x00000000ecb00000,0x00000000ecd80000)
 ParOldGen       total 31744K, used 9825K [0x00000000c0000000, 0x00000000c1f00000, 0x00000000eab00000)
  object space 31744K, 30% used [0x00000000c0000000,0x00000000c0998538,0x00000000c1f00000)
 Metaspace       used 6185K, capacity 7088K, committed 7296K, reserved 1058816K
  class space    used 574K, capacity 616K, committed 640K, reserved 1048576K

Card table byte_map: [0x0000000012060000,0x0000000012270000] byte_map_base: 0x0000000011a60000

Marking Bits: (ParMarkBitMap*) 0x00000000665d9d00
 Begin Bits: [0x00000000127d0000, 0x00000000137d0000)
 End Bits:   [0x00000000137d0000, 0x00000000147d0000)

Polling page: 0x00000000009c0000

CodeCache: size=245760Kb used=6326Kb max_used=6326Kb free=239434Kb
 bounds [0x0000000002ca0000, 0x00000000032e0000, 0x0000000011ca0000]
 total_blobs=1888 nmethods=1621 adapters=181
 compilation: enabled

Compilation events (10 events):
Event: 3.394 Thread 0x00000000153cc800 1638       2       com.android.dx.rop.cst.CstLiteral64::equals (36 bytes)
Event: 3.394 Thread 0x00000000153cc800 nmethod 1638 0x00000000032d0b10 code [0x00000000032d0c60, 0x00000000032d0e50]
Event: 3.399 Thread 0x00000000153cc800 1639       2       java.util.concurrent.ThreadPoolExecutor::runStateOf (5 bytes)
Event: 3.399 Thread 0x00000000153cc800 nmethod 1639 0x00000000032d0f50 code [0x00000000032d10a0, 0x00000000032d11d0]
Event: 3.401 Thread 0x00000000153cc800 1640       2       java.lang.Boolean::valueOf (14 bytes)
Event: 3.401 Thread 0x00000000153cc800 nmethod 1640 0x00000000032d1250 code [0x00000000032d13a0, 0x00000000032d14f0]
Event: 3.401 Thread 0x00000000153cc800 1641       2       com.android.dx.ssa.SsaMethod::makeNewSsaReg (26 bytes)
Event: 3.402 Thread 0x00000000153cc800 nmethod 1641 0x00000000032d1550 code [0x00000000032d16a0, 0x00000000032d1830]
Event: 3.402 Thread 0x00000000153cc800 1642       2       com.android.dx.dex.file.AnnotationItem::<init> (41 bytes)
Event: 3.403 Thread 0x00000000153cc800 nmethod 1642 0x00000000032d18d0 code [0x00000000032d1a60, 0x00000000032d1d78]

GC Heap History (10 events):
Event: 1.203 GC heap before
{Heap before GC invocations=1 (full 0):
 PSYoungGen      total 18944K, used 16384K [0x00000000eab00000, 0x00000000ec000000, 0x0000000100000000)
  eden space 16384K, 100% used [0x00000000eab00000,0x00000000ebb00000,0x00000000ebb00000)
  from space 2560K, 0% used [0x00000000ebd80000,0x00000000ebd80000,0x00000000ec000000)
  to   space 2560K, 0% used [0x00000000ebb00000,0x00000000ebb00000,0x00000000ebd80000)
 ParOldGen       total 44032K, used 0K [0x00000000c0000000, 0x00000000c2b00000, 0x00000000eab00000)
  object space 44032K, 0% used [0x00000000c0000000,0x00000000c0000000,0x00000000c2b00000)
 Metaspace       used 5337K, capacity 6384K, committed 6528K, reserved 1056768K
  class space    used 564K, capacity 616K, committed 640K, reserved 1048576K
Event: 1.269 GC heap after
Heap after GC invocations=1 (full 0):
 PSYoungGen      total 18944K, used 2533K [0x00000000eab00000, 0x00000000ed000000, 0x0000000100000000)
  eden space 16384K, 0% used [0x00000000eab00000,0x00000000eab00000,0x00000000ebb00000)
  from space 2560K, 98% used [0x00000000ebb00000,0x00000000ebd79608,0x00000000ebd80000)
  to   space 2560K, 0% used [0x00000000ecd80000,0x00000000ecd80000,0x00000000ed000000)
 ParOldGen       total 44032K, used 588K [0x00000000c0000000, 0x00000000c2b00000, 0x00000000eab00000)
  object space 44032K, 1% used [0x00000000c0000000,0x00000000c0093190,0x00000000c2b00000)
 Metaspace       used 5337K, capacity 6384K, committed 6528K, reserved 1056768K
  class space    used 564K, capacity 616K, committed 640K, reserved 1048576K
}
Event: 1.731 GC heap before
{Heap before GC invocations=2 (full 0):
 PSYoungGen      total 18944K, used 8412K [0x00000000eab00000, 0x00000000ed000000, 0x0000000100000000)
  eden space 16384K, 35% used [0x00000000eab00000,0x00000000eb0bdc68,0x00000000ebb00000)
  from space 2560K, 98% used [0x00000000ebb00000,0x00000000ebd79608,0x00000000ebd80000)
  to   space 2560K, 0% used [0x00000000ecd80000,0x00000000ecd80000,0x00000000ed000000)
 ParOldGen       total 44032K, used 588K [0x00000000c0000000, 0x00000000c2b00000, 0x00000000eab00000)
  object space 44032K, 1% used [0x00000000c0000000,0x00000000c0093190,0x00000000c2b00000)
 Metaspace       used 5738K, capacity 6704K, committed 6784K, reserved 1060864K
  class space    used 573K, capacity 616K, committed 640K, reserved 1048576K
Event: 1.738 GC heap after
Heap after GC invocations=2 (full 0):
 PSYoungGen      total 35328K, used 2554K [0x00000000eab00000, 0x00000000ed000000, 0x0000000100000000)
  eden space 32768K, 0% used [0x00000000eab00000,0x00000000eab00000,0x00000000ecb00000)
  from space 2560K, 99% used [0x00000000ecd80000,0x00000000ecffea98,0x00000000ed000000)
  to   space 2560K, 0% used [0x00000000ecb00000,0x00000000ecb00000,0x00000000ecd80000)
 ParOldGen       total 44032K, used 596K [0x00000000c0000000, 0x00000000c2b00000, 0x00000000eab00000)
  object space 44032K, 1% used [0x00000000c0000000,0x00000000c0095190,0x00000000c2b00000)
 Metaspace       used 5738K, capacity 6704K, committed 6784K, reserved 1060864K
  class space    used 573K, capacity 616K, committed 640K, reserved 1048576K
}
Event: 1.738 GC heap before
{Heap before GC invocations=3 (full 1):
 PSYoungGen      total 35328K, used 2554K [0x00000000eab00000, 0x00000000ed000000, 0x0000000100000000)
  eden space 32768K, 0% used [0x00000000eab00000,0x00000000eab00000,0x00000000ecb00000)
  from space 2560K, 99% used [0x00000000ecd80000,0x00000000ecffea98,0x00000000ed000000)
  to   space 2560K, 0% used [0x00000000ecb00000,0x00000000ecb00000,0x00000000ecd80000)
 ParOldGen       total 44032K, used 596K [0x00000000c0000000, 0x00000000c2b00000, 0x00000000eab00000)
  object space 44032K, 1% used [0x00000000c0000000,0x00000000c0095190,0x00000000c2b00000)
 Metaspace       used 5738K, capacity 6704K, committed 6784K, reserved 1060864K
  class space    used 573K, capacity 616K, committed 640K, reserved 1048576K
Event: 1.888 GC heap after
Heap after GC invocations=3 (full 1):
 PSYoungGen      total 35328K, used 0K [0x00000000eab00000, 0x00000000ed000000, 0x0000000100000000)
  eden space 32768K, 0% used [0x00000000eab00000,0x00000000eab00000,0x00000000ecb00000)
  from space 2560K, 0% used [0x00000000ecd80000,0x00000000ecd80000,0x00000000ed000000)
  to   space 2560K, 0% used [0x00000000ecb00000,0x00000000ecb00000,0x00000000ecd80000)
 ParOldGen       total 31744K, used 2491K [0x00000000c0000000, 0x00000000c1f00000, 0x00000000eab00000)
  object space 31744K, 7% used [0x00000000c0000000,0x00000000c026ed88,0x00000000c1f00000)
 Metaspace       used 5738K, capacity 6704K, committed 6784K, reserved 1058816K
  class space    used 573K, capacity 616K, committed 640K, reserved 1048576K
}
Event: 2.658 GC heap before
{Heap before GC invocations=4 (full 1):
 PSYoungGen      total 35328K, used 32768K [0x00000000eab00000, 0x00000000ed000000, 0x0000000100000000)
  eden space 32768K, 100% used [0x00000000eab00000,0x00000000ecb00000,0x00000000ecb00000)
  from space 2560K, 0% used [0x00000000ecd80000,0x00000000ecd80000,0x00000000ed000000)
  to   space 2560K, 0% used [0x00000000ecb00000,0x00000000ecb00000,0x00000000ecd80000)
 ParOldGen       total 31744K, used 2491K [0x00000000c0000000, 0x00000000c1f00000, 0x00000000eab00000)
  object space 31744K, 7% used [0x00000000c0000000,0x00000000c026ed88,0x00000000c1f00000)
 Metaspace       used 6076K, capacity 7024K, committed 7296K, reserved 1058816K
  class space    used 574K, capacity 616K, committed 640K, reserved 1048576K
Event: 2.689 GC heap after
Heap after GC invocations=4 (full 1):
 PSYoungGen      total 35328K, used 2560K [0x00000000eab00000, 0x00000000ed980000, 0x0000000100000000)
  eden space 32768K, 0% used [0x00000000eab00000,0x00000000eab00000,0x00000000ecb00000)
  from space 2560K, 100% used [0x00000000ecb00000,0x00000000ecd80000,0x00000000ecd80000)
  to   space 2560K, 0% used [0x00000000ed700000,0x00000000ed700000,0x00000000ed980000)
 ParOldGen       total 31744K, used 4983K [0x00000000c0000000, 0x00000000c1f00000, 0x00000000eab00000)
  object space 31744K, 15% used [0x00000000c0000000,0x00000000c04dde28,0x00000000c1f00000)
 Metaspace       used 6076K, capacity 7024K, committed 7296K, reserved 1058816K
  class space    used 574K, capacity 616K, committed 640K, reserved 1048576K
}
Event: 3.307 GC heap before
{Heap before GC invocations=5 (full 1):
 PSYoungGen      total 35328K, used 35328K [0x00000000eab00000, 0x00000000ed980000, 0x0000000100000000)
  eden space 32768K, 100% used [0x00000000eab00000,0x00000000ecb00000,0x00000000ecb00000)
  from space 2560K, 100% used [0x00000000ecb00000,0x00000000ecd80000,0x00000000ecd80000)
  to   space 2560K, 0% used [0x00000000ed700000,0x00000000ed700000,0x00000000ed980000)
 ParOldGen       total 31744K, used 4983K [0x00000000c0000000, 0x00000000c1f00000, 0x00000000eab00000)
  object space 31744K, 15% used [0x00000000c0000000,0x00000000c04dde28,0x00000000c1f00000)
 Metaspace       used 6180K, capacity 7088K, committed 7296K, reserved 1058816K
  class space    used 574K, capacity 616K, committed 640K, reserved 1048576K
Event: 3.353 GC heap after
Heap after GC invocations=5 (full 1):
 PSYoungGen      total 35328K, used 2560K [0x00000000eab00000, 0x00000000ed980000, 0x0000000100000000)
  eden space 32768K, 0% used [0x00000000eab00000,0x00000000eab00000,0x00000000ecb00000)
  from space 2560K, 100% used [0x00000000ed700000,0x00000000ed980000,0x00000000ed980000)
  to   space 2560K, 0% used [0x00000000ecb00000,0x00000000ecb00000,0x00000000ecd80000)
 ParOldGen       total 31744K, used 9825K [0x00000000c0000000, 0x00000000c1f00000, 0x00000000eab00000)
  object space 31744K, 30% used [0x00000000c0000000,0x00000000c0998538,0x00000000c1f00000)
 Metaspace       used 6180K, capacity 7088K, committed 7296K, reserved 1058816K
  class space    used 574K, capacity 616K, committed 640K, reserved 1048576K
}

Deoptimization events (10 events):
Event: 1.333 Thread 0x0000000016db2000 Uncommon trap: reason=unstable_if action=reinterpret pc=0x0000000002ed2ef0 method=java.util.BitSet.nextSetBit(I)I @ 87
Event: 1.496 Thread 0x0000000016db7000 Uncommon trap: reason=unstable_if action=reinterpret pc=0x0000000002ed4f34 method=java.util.BitSet.ensureCapacity(I)V @ 6
Event: 2.149 Thread 0x0000000002a9d800 Uncommon trap: reason=null_check action=make_not_entrant pc=0x0000000002ff6860 method=com.android.dx.rop.type.Type.equals(Ljava/lang/Object;)Z @ 8
Event: 2.392 Thread 0x0000000016db2000 Uncommon trap: reason=unstable_if action=reinterpret pc=0x0000000003120874 method=java.util.HashMap.putVal(ILjava/lang/Object;Ljava/lang/Object;ZZ)Ljava/lang/Object; @ 162
Event: 2.392 Thread 0x0000000016db2000 Uncommon trap: reason=unstable_if action=reinterpret pc=0x0000000002ed7ed8 method=java.util.HashMap.getNode(ILjava/lang/Object;)Ljava/util/HashMap$Node; @ 84
Event: 2.392 Thread 0x0000000016db2000 Uncommon trap: reason=unstable_if action=reinterpret pc=0x0000000002ed9604 method=java.util.HashMap.getNode(ILjava/lang/Object;)Ljava/util/HashMap$Node; @ 84
Event: 2.696 Thread 0x0000000016db2000 Uncommon trap: reason=unstable_if action=reinterpret pc=0x00000000030a8a1c method=com.android.dx.ssa.SsaMethod.updateOneDefinition(Lcom/android/dx/ssa/SsaInsn;Lcom/android/dx/rop/code/RegisterSpec;)V @ 4
Event: 3.154 Thread 0x0000000016db0800 Uncommon trap: reason=unstable_if action=reinterpret pc=0x00000000032762a0 method=com.android.dx.ssa.SCCP.simulateBranch(Lcom/android/dx/ssa/SsaInsn;)V @ 548
Event: 3.262 Thread 0x0000000002a9d800 Uncommon trap: reason=unstable_if action=reinterpret pc=0x0000000002f19a88 method=java.lang.String.<init>([CII)V @ 18
Event: 3.264 Thread 0x0000000002a9d800 Uncommon trap: reason=unstable_if action=reinterpret pc=0x0000000002e9a91c method=java.lang.String.<init>([CII)V @ 18

Internal exceptions (3 events):
Event: 0.179 Thread 0x0000000002a9d800 Exception <a 'java/lang/NoSuchMethodError': Method sun.misc.Unsafe.defineClass(Ljava/lang/String;[BII)Ljava/lang/Class; name or signature does not match> (0x00000000eab07cc0) thrown at [C:\src\android\AOSP-openjdk\external\jetbrains\jdk\hotspot\src\share\vQ+µ¥ŒÜÆ?
Event: 0.179 Thread 0x0000000002a9d800 Exception <a 'java/lang/NoSuchMethodError': Method sun.misc.Unsafe.prefetchRead(Ljava/lang/Object;J)V name or signature does not match> (0x00000000eab07fa8) thrown at [C:\src\android\AOSP-openjdk\external\jetbrains\jdk\hotspot\src\share\vm\prims\jni.cpp, ly,ÃÆ0@
Event: 2.149 Thread 0x0000000002a9d800 Implicit null exception at 0x0000000002ff6762 to 0x0000000002ff6852

Events (10 events):
Event: 3.154 Thread 0x0000000016db0800 DEOPT PACKING pc=0x00000000032762a0 sp=0x00000000172ce600
Event: 3.154 Thread 0x0000000016db0800 DEOPT UNPACKING pc=0x0000000002ce556a sp=0x00000000172ce5f8 mode 2
Event: 3.262 Thread 0x0000000002a9d800 Uncommon trap: trap_request=0xffffff65 fr.pc=0x0000000002f19a88
Event: 3.262 Thread 0x0000000002a9d800 DEOPT PACKING pc=0x0000000002f19a88 sp=0x0000000002b9e2d0
Event: 3.263 Thread 0x0000000002a9d800 DEOPT UNPACKING pc=0x0000000002ce556a sp=0x0000000002b9e200 mode 2
Event: 3.264 Thread 0x0000000002a9d800 Uncommon trap: trap_request=0xffffff65 fr.pc=0x0000000002e9a91c
Event: 3.264 Thread 0x0000000002a9d800 DEOPT PACKING pc=0x0000000002e9a91c sp=0x0000000002b9e210
Event: 3.264 Thread 0x0000000002a9d800 DEOPT UNPACKING pc=0x0000000002ce556a sp=0x0000000002b9e1f8 mode 2
Event: 3.271 Executing VM operation: ParallelGCFailedAllocation
Event: 3.353 Executing VM operation: ParallelGCFailedAllocation done


Dynamic libraries:
0x00007ff6d2bb0000 - 0x00007ff6d2be1000 	C:\Program Files\Android\Android Studio\jre\bin\java.exe
0x00007ffad9aa0000 - 0x00007ffad9c61000 	C:\WINDOWS\SYSTEM32\ntdll.dll
0x00007ffad7000000 - 0x00007ffad70ad000 	C:\WINDOWS\system32\KERNEL32.DLL
0x00007ffad6520000 - 0x00007ffad6708000 	C:\WINDOWS\system32\KERNELBASE.dll
0x00007ffad9430000 - 0x00007ffad94d7000 	C:\WINDOWS\system32\ADVAPI32.dll
0x00007ffad9130000 - 0x00007ffad91cd000 	C:\WINDOWS\system32\msvcrt.dll
0x00007ffad90d0000 - 0x00007ffad912b000 	C:\WINDOWS\system32\sechost.dll
0x00007ffad98b0000 - 0x00007ffad99cc000 	C:\WINDOWS\system32\RPCRT4.dll
0x00007ffad8ba0000 - 0x00007ffad8cf6000 	C:\WINDOWS\system32\USER32.dll
0x00007ffad92a0000 - 0x00007ffad9426000 	C:\WINDOWS\system32\GDI32.dll
0x00007ffacf3a0000 - 0x00007ffacf614000 	C:\WINDOWS\WinSxS\amd64_microsoft.windows.common-controls_6595b64144ccf1df_6.0.10586.672_none_a2d6b3cea53ff843\COMCTL32.dll
0x00007ffad9520000 - 0x00007ffad979d000 	C:\WINDOWS\system32\combase.dll
0x00007ffad63d0000 - 0x00007ffad643a000 	C:\WINDOWS\system32\bcryptPrimitives.dll
0x00007ffad94e0000 - 0x00007ffad951b000 	C:\WINDOWS\system32\IMM32.DLL
0x0000000065d40000 - 0x0000000065e12000 	C:\Program Files\Android\Android Studio\jre\jre\bin\msvcr100.dll
0x0000000065e20000 - 0x0000000066654000 	C:\Program Files\Android\Android Studio\jre\jre\bin\server\jvm.dll
0x00007ffad90b0000 - 0x00007ffad90b8000 	C:\WINDOWS\system32\PSAPI.DLL
0x00007ffad34f0000 - 0x00007ffad3513000 	C:\WINDOWS\SYSTEM32\WINMM.dll
0x00007ffad2d40000 - 0x00007ffad2d49000 	C:\WINDOWS\SYSTEM32\WSOCK32.dll
0x00007ffad9040000 - 0x00007ffad90ab000 	C:\WINDOWS\system32\WS2_32.dll
0x00007ffacd380000 - 0x00007ffacd38a000 	C:\WINDOWS\SYSTEM32\VERSION.dll
0x00000000011e0000 - 0x000000000120c000 	C:\WINDOWS\SYSTEM32\WINMMBASE.dll
0x00007ffad6440000 - 0x00007ffad6483000 	C:\WINDOWS\system32\cfgmgr32.dll
0x00007ffacf080000 - 0x00007ffacf08f000 	C:\Program Files\Android\Android Studio\jre\jre\bin\verify.dll
0x00007ffaca960000 - 0x00007ffaca989000 	C:\Program Files\Android\Android Studio\jre\jre\bin\java.dll
0x00007ffacefe0000 - 0x00007ffaceff6000 	C:\Program Files\Android\Android Studio\jre\jre\bin\zip.dll
0x00007ffad74f0000 - 0x00007ffad8a4c000 	C:\WINDOWS\system32\SHELL32.dll
0x00007ffad67d0000 - 0x00007ffad6e15000 	C:\WINDOWS\system32\windows.storage.dll
0x00007ffad91d0000 - 0x00007ffad9222000 	C:\WINDOWS\system32\shlwapi.dll
0x00007ffad6140000 - 0x00007ffad614f000 	C:\WINDOWS\system32\kernel.appcore.dll
0x00007ffad6710000 - 0x00007ffad67c5000 	C:\WINDOWS\system32\shcore.dll
0x00007ffad60f0000 - 0x00007ffad613b000 	C:\WINDOWS\system32\powrprof.dll
0x00007ffad60d0000 - 0x00007ffad60e4000 	C:\WINDOWS\system32\profapi.dll

VM Arguments:
jvm_args: -Djava.awt.headless=true -Xmx1024M -Dfile.encoding=windows-1252 -Duser.country=GB -Duser.language=en -Duser.variant 
java_command: com.android.dx.command.Main --dex --force-jumbo --num-threads=4 --multi-dex --output C:\Users\Thomas\AndroidStudioProjects\MrWhemps\app\build\intermediates\transforms\dex\debug\folders\1000\10\com.google.android.gms-play-services-basement-9.4.0_823c5257cbc4308c2adce0061ecc4ecb66600de1 C:\Users\Thomas\AndroidStudioProjects\MrWhemps\app\build\intermediates\exploded-aar\com.google.android.gms\play-services-basement\9.4.0\jars\classes.jar
java_class_path (initial): C:\Users\Thomas\AppData\Local\Android\sdk\build-tools\23.0.2\lib\dx.jar
Launcher Type: SUN_STANDARD

Environment Variables:
PATH=C:\Program Files (x86)\Intel\iCLS Client\;C:\Program Files\Intel\iCLS Client\;C:\Windows\system32;C:\Windows;C:\Windows\System32\Wbem;C:\Windows\System32\WindowsPowerShell\v1.0\;C:\Program Files (x86)\Intel\OpenCL SDK\2.0\bin\x86;C:\Program Files (x86)\Intel\OpenCL SDK\2.0\bin\x64;C:\Program Files\Intel\Intel(R) Management Engine Components\DAL;C:\Program Files\Intel\Intel(R) Management Engine Components\IPT;C:\Program Files (x86)\Intel\Intel(R) Management Engine Components\DAL;C:\Program Files (x86)\Intel\Intel(R) Management Engine Components\IPT;C:\Program Files (x86)\Windows Live\Shared;C:\Users\Thomas\AppData\Local\Smartbar\Application\;C:\WINDOWS\system32;C:\WINDOWS;C:\WINDOWS\System32\Wbem;C:\WINDOWS\System32\WindowsPowerShell\v1.0\;D:\Programs\bin;C:\Program Files\Microsoft SQL Server\110\Tools\Binn\;C:\Program Files\Microsoft SQL Server\120\Tools\Binn\;C:\Program Files\MiKTeX 2.9\miktex\bin\;C:\Program Files\MiKTeX 2.9\gs\gs8.71\bin\;C:\Program Files\Git\cmd;C:\Program Files (x86)\Skype\Phone\;C:\Program Files\Microsoft SQL Server\130\Tools\Binn\;C:\Program Files (x86)\Windows Kits\10\Windows Performance Toolkit\;C:\Program Files
USERNAME=Thomas
OS=Windows_NT
PROCESSOR_IDENTIFIER=Intel64 Family 6 Model 42 Stepping 7, GenuineIntel



---------------  S Y S T E M  ---------------

OS: Windows 10.0 , 64 bit Build 10586 (10.0.10586.589)

CPU:total 4 (2 cores per cpu, 2 threads per core) family 6 model 42 stepping 7, cmov, cx8, fxsr, mmx, sse, sse2, sse3, ssse3, sse4.1, sse4.2, popcnt, avx, clmul, ht, tsc, tscinvbit

Memory: 4k page, physical 4075172k(498632k free), swap 6565540k(5472k free)

vm_info: OpenJDK 64-Bit Server VM (25.76-b03) for windows-amd64 JRE (1.8.0_76-release-b03), built on Jun 29 2016 19:09:20 by "ralucas" with MS VC++ 10.0 (VS2010)

time: Sun Jan 15 13:26:33 2017
elapsed time: 3 seconds (0d 0h 0m 3s)

