#
# There is insufficient memory for the Java Runtime Environment to continue.
# Native memory allocation (malloc) failed to allocate 851696 bytes for Chunk::new
# Possible reasons:
#   The system is out of physical RAM or swap space
#   In 32 bit mode, the process size limit was hit
# Possible solutions:
#   Reduce memory load on the system
#   Increase physical memory or swap space
#   Check if swap backing store is full
#   Use 64 bit Java on a 64 bit OS
#   Decrease Java heap size (-Xmx/-Xms)
#   Decrease number of Java threads
#   Decrease Java thread stack sizes (-Xss)
#   Set larger code cache with -XX:ReservedCodeCacheSize=
# This output file may be truncated or incomplete.
#
#  Out of Memory Error (allocation.cpp:390), pid=9392, tid=0x0000000000001b8c
#
# JRE version: OpenJDK Runtime Environment (8.0_76-b03) (build 1.8.0_76-release-b03)
# Java VM: OpenJDK 64-Bit Server VM (25.76-b03 mixed mode windows-amd64 compressed oops)
# Failed to write core dump. Minidumps are not enabled by default on client versions of Windows
#

---------------  T H R E A D  ---------------

Current thread (0x00000000155df800):  JavaThread "C2 CompilerThread1" daemon [_thread_in_native, id=7052, stack(0x0000000016d20000,0x0000000016e20000)]

Stack: [0x0000000016d20000,0x0000000016e20000]
[error occurred during error reporting (printing stack bounds), id 0xc0000005]

Native frames: (J=compiled Java code, j=interpreted, Vv=VM code, C=native code)


Current CompileTask:
C2:   2743 1143   !   4       com.android.dx.cf.code.RopperMachine::run (1550 bytes)


---------------  P R O C E S S  ---------------

Java Threads: ( => current thread )
  0x0000000017210800 JavaThread "pool-2-thread-4" [_thread_in_Java, id=14484, stack(0x0000000017920000,0x0000000017a20000)]
  0x00000000171e4800 JavaThread "pool-2-thread-3" [_thread_in_Java, id=12108, stack(0x0000000017820000,0x0000000017920000)]
  0x00000000170cd000 JavaThread "pool-2-thread-2" [_thread_in_Java, id=13708, stack(0x0000000017720000,0x0000000017820000)]
  0x000000001705c000 JavaThread "pool-3-thread-1" [_thread_blocked, id=7400, stack(0x0000000017620000,0x0000000017720000)]
  0x000000001705b800 JavaThread "pool-2-thread-1" [_thread_in_Java, id=11160, stack(0x0000000017520000,0x0000000017620000)]
  0x0000000016f24000 JavaThread "Service Thread" daemon [_thread_blocked, id=8428, stack(0x0000000017320000,0x0000000017420000)]
  0x000000001563c000 JavaThread "C1 CompilerThread2" daemon [_thread_blocked, id=12416, stack(0x0000000016e20000,0x0000000016f20000)]
=>0x00000000155df800 JavaThread "C2 CompilerThread1" daemon [_thread_in_native, id=7052, stack(0x0000000016d20000,0x0000000016e20000)]
  0x00000000155dc000 JavaThread "C2 CompilerThread0" daemon [_thread_in_native, id=11336, stack(0x0000000016c20000,0x0000000016d20000)]
  0x00000000155db000 JavaThread "Attach Listener" daemon [_thread_blocked, id=12232, stack(0x0000000016b20000,0x0000000016c20000)]
  0x00000000155da000 JavaThread "Signal Dispatcher" daemon [_thread_blocked, id=12140, stack(0x0000000016a20000,0x0000000016b20000)]
  0x00000000155c8800 JavaThread "Finalizer" daemon [_thread_blocked, id=8960, stack(0x0000000016840000,0x0000000016940000)]
  0x0000000002f01800 JavaThread "Reference Handler" daemon [_thread_blocked, id=14624, stack(0x0000000016740000,0x0000000016840000)]
  0x0000000002d0d800 JavaThread "main" [_thread_in_Java, id=11348, stack(0x0000000002d10000,0x0000000002e10000)]

Other Threads:
  0x00000000155a5000 VMThread [stack: 0x0000000016640000,0x0000000016740000] [id=14900]
  0x0000000016f26000 WatcherThread [stack: 0x0000000017420000,0x0000000017520000] [id=5840]

VM state:not at safepoint (normal execution)

VM Mutex/Monitor currently owned by a thread: None

Heap:
 PSYoungGen      total 18944K, used 14801K [0x00000000eab00000, 0x00000000ec000000, 0x0000000100000000)
  eden space 16384K, 74% used [0x00000000eab00000,0x00000000eb6f4cc8,0x00000000ebb00000)
  from space 2560K, 99% used [0x00000000ebb00000,0x00000000ebd7fa50,0x00000000ebd80000)
  to   space 2560K, 0% used [0x00000000ebd80000,0x00000000ebd80000,0x00000000ec000000)
 ParOldGen       total 44032K, used 12577K [0x00000000c0000000, 0x00000000c2b00000, 0x00000000eab00000)
  object space 44032K, 28% used [0x00000000c0000000,0x00000000c0c484e0,0x00000000c2b00000)
 Metaspace       used 5668K, capacity 6832K, committed 7040K, reserved 1056768K
  class space    used 555K, capacity 616K, committed 640K, reserved 1048576K

Card table byte_map: [0x00000000122d0000,0x00000000124e0000] byte_map_base: 0x0000000011cd0000

Marking Bits: (ParMarkBitMap*) 0x00000000665d9d00
 Begin Bits: [0x0000000012a40000, 0x0000000013a40000)
 End Bits:   [0x0000000013a40000, 0x0000000014a40000)

Polling page: 0x0000000001220000

CodeCache: size=245760Kb used=4806Kb max_used=4806Kb free=240953Kb
 bounds [0x0000000002f10000, 0x00000000033d0000, 0x0000000011f10000]
 total_blobs=1426 nmethods=1165 adapters=175
 compilation: enabled

Compilation events (10 events):
Event: 2.609 Thread 0x000000001563c000 1176       3       com.android.dx.ssa.SsaMethod::forEachBlockDepthFirst (194 bytes)
Event: 2.613 Thread 0x000000001563c000 nmethod 1176 0x00000000033bdad0 code [0x00000000033bdf40, 0x00000000033c1308]
Event: 2.615 Thread 0x000000001563c000 1178       2       com.android.dx.rop.code.SourcePosition::equals (46 bytes)
Event: 2.616 Thread 0x000000001563c000 nmethod 1178 0x00000000033b24d0 code [0x00000000033b2640, 0x00000000033b2888]
Event: 2.622 Thread 0x000000001563c000 1179 %     3       com.android.dx.ssa.SsaMethod::mapRegisters @ 8 (87 bytes)
Event: 2.624 Thread 0x000000001563c000 nmethod 1179% 0x00000000033c3350 code [0x00000000033c35c0, 0x00000000033c47f8]
Event: 2.624 Thread 0x000000001563c000 1180       3       com.android.dx.ssa.SsaMethod::mapRegisters (87 bytes)
Event: 2.625 Thread 0x000000001563c000 nmethod 1180 0x00000000033c4fd0 code [0x00000000033c5240, 0x00000000033c63a8]
Event: 2.729 Thread 0x000000001563c000 1182       2       com.android.dx.ssa.SsaConverter::needsNewSuccessor (53 bytes)
Event: 2.730 Thread 0x000000001563c000 nmethod 1182 0x00000000033b1b90 code [0x00000000033b1d40, 0x00000000033b2078]

GC Heap History (6 events):
Event: 1.824 GC heap before
{Heap before GC invocations=1 (full 0):
 PSYoungGen      total 18944K, used 16384K [0x00000000eab00000, 0x00000000ec000000, 0x0000000100000000)
  eden space 16384K, 100% used [0x00000000eab00000,0x00000000ebb00000,0x00000000ebb00000)
  from space 2560K, 0% used [0x00000000ebd80000,0x00000000ebd80000,0x00000000ec000000)
  to   space 2560K, 0% used [0x00000000ebb00000,0x00000000ebb00000,0x00000000ebd80000)
 ParOldGen       total 44032K, used 0K [0x00000000c0000000, 0x00000000c2b00000, 0x00000000eab00000)
  object space 44032K, 0% used [0x00000000c0000000,0x00000000c0000000,0x00000000c2b00000)
 Metaspace       used 5522K, capacity 6768K, committed 7040K, reserved 1056768K
  class space    used 550K, capacity 616K, committed 640K, reserved 1048576K
Event: 1.833 GC heap after
Heap after GC invocations=1 (full 0):
 PSYoungGen      total 18944K, used 2551K [0x00000000eab00000, 0x00000000ec000000, 0x0000000100000000)
  eden space 16384K, 0% used [0x00000000eab00000,0x00000000eab00000,0x00000000ebb00000)
  from space 2560K, 99% used [0x00000000ebb00000,0x00000000ebd7df68,0x00000000ebd80000)
  to   space 2560K, 0% used [0x00000000ebd80000,0x00000000ebd80000,0x00000000ec000000)
 ParOldGen       total 44032K, used 1743K [0x00000000c0000000, 0x00000000c2b00000, 0x00000000eab00000)
  object space 44032K, 3% used [0x00000000c0000000,0x00000000c01b3fb8,0x00000000c2b00000)
 Metaspace       used 5522K, capacity 6768K, committed 7040K, reserved 1056768K
  class space    used 550K, capacity 616K, committed 640K, reserved 1048576K
}
Event: 2.303 GC heap before
{Heap before GC invocations=2 (full 0):
 PSYoungGen      total 18944K, used 18935K [0x00000000eab00000, 0x00000000ec000000, 0x0000000100000000)
  eden space 16384K, 100% used [0x00000000eab00000,0x00000000ebb00000,0x00000000ebb00000)
  from space 2560K, 99% used [0x00000000ebb00000,0x00000000ebd7df68,0x00000000ebd80000)
  to   space 2560K, 0% used [0x00000000ebd80000,0x00000000ebd80000,0x00000000ec000000)
 ParOldGen       total 44032K, used 1743K [0x00000000c0000000, 0x00000000c2b00000, 0x00000000eab00000)
  object space 44032K, 3% used [0x00000000c0000000,0x00000000c01b3fb8,0x00000000c2b00000)
 Metaspace       used 5642K, capacity 6832K, committed 7040K, reserved 1056768K
  class space    used 553K, capacity 616K, committed 640K, reserved 1048576K
Event: 2.327 GC heap after
Heap after GC invocations=2 (full 0):
 PSYoungGen      total 18944K, used 2549K [0x00000000eab00000, 0x00000000ec000000, 0x0000000100000000)
  eden space 16384K, 0% used [0x00000000eab00000,0x00000000eab00000,0x00000000ebb00000)
  from space 2560K, 99% used [0x00000000ebd80000,0x00000000ebffd6d0,0x00000000ec000000)
  to   space 2560K, 0% used [0x00000000ebb00000,0x00000000ebb00000,0x00000000ebd80000)
 ParOldGen       total 44032K, used 4635K [0x00000000c0000000, 0x00000000c2b00000, 0x00000000eab00000)
  object space 44032K, 10% used [0x00000000c0000000,0x00000000c0486fd0,0x00000000c2b00000)
 Metaspace       used 5642K, capacity 6832K, committed 7040K, reserved 1056768K
  class space    used 553K, capacity 616K, committed 640K, reserved 1048576K
}
Event: 2.522 GC heap before
{Heap before GC invocations=3 (full 0):
 PSYoungGen      total 18944K, used 18933K [0x00000000eab00000, 0x00000000ec000000, 0x0000000100000000)
  eden space 16384K, 100% used [0x00000000eab00000,0x00000000ebb00000,0x00000000ebb00000)
  from space 2560K, 99% used [0x00000000ebd80000,0x00000000ebffd6d0,0x00000000ec000000)
  to   space 2560K, 0% used [0x00000000ebb00000,0x00000000ebb00000,0x00000000ebd80000)
 ParOldGen       total 44032K, used 4635K [0x00000000c0000000, 0x00000000c2b00000, 0x00000000eab00000)
  object space 44032K, 10% used [0x00000000c0000000,0x00000000c0486fd0,0x00000000c2b00000)
 Metaspace       used 5667K, capacity 6832K, committed 7040K, reserved 1056768K
  class space    used 555K, capacity 616K, committed 640K, reserved 1048576K
Event: 2.538 GC heap after
Heap after GC invocations=3 (full 0):
 PSYoungGen      total 18944K, used 2558K [0x00000000eab00000, 0x00000000ec000000, 0x0000000100000000)
  eden space 16384K, 0% used [0x00000000eab00000,0x00000000eab00000,0x00000000ebb00000)
  from space 2560K, 99% used [0x00000000ebb00000,0x00000000ebd7fa50,0x00000000ebd80000)
  to   space 2560K, 0% used [0x00000000ebd80000,0x00000000ebd80000,0x00000000ec000000)
 ParOldGen       total 44032K, used 12577K [0x00000000c0000000, 0x00000000c2b00000, 0x00000000eab00000)
  object space 44032K, 28% used [0x00000000c0000000,0x00000000c0c484e0,0x00000000c2b00000)
 Metaspace       used 5667K, capacity 6832K, committed 7040K, reserved 1056768K
  class space    used 555K, capacity 616K, committed 640K, reserved 1048576K
}

Deoptimization events (10 events):
Event: 1.835 Thread 0x0000000002d0d800 Uncommon trap: reason=class_check action=maybe_recompile pc=0x0000000003259114 method=java.util.Collections$UnmodifiableCollection$1.hasNext()Z @ 4
Event: 1.844 Thread 0x00000000171e4800 Uncommon trap: reason=null_check action=make_not_entrant pc=0x0000000003229b70 method=com.android.dx.rop.type.Type.equals(Ljava/lang/Object;)Z @ 8
Event: 1.850 Thread 0x00000000171e4800 Uncommon trap: reason=unstable_if action=reinterpret pc=0x0000000003210aa4 method=com.android.dx.rop.code.RegisterSpec.equals(ILcom/android/dx/rop/type/TypeBearer;Lcom/android/dx/rop/code/LocalItem;)Z @ 16
Event: 1.856 Thread 0x0000000002d0d800 Uncommon trap: reason=unstable_if action=reinterpret pc=0x000000000326092c method=com.android.dx.rop.code.RegisterSpec.equals(ILcom/android/dx/rop/type/TypeBearer;Lcom/android/dx/rop/code/LocalItem;)Z @ 16
Event: 1.856 Thread 0x0000000002d0d800 Uncommon trap: reason=unstable_if action=reinterpret pc=0x0000000003158194 method=java.util.HashMap.getNode(ILjava/lang/Object;)Ljava/util/HashMap$Node; @ 129
Event: 2.000 Thread 0x000000001705b800 Uncommon trap: reason=unstable_if action=reinterpret pc=0x00000000032d0de4 method=com.android.dx.rop.code.RegisterSpecSet.put(Lcom/android/dx/rop/code/RegisterSpec;)V @ 77
Event: 2.020 Thread 0x0000000002d0d800 Uncommon trap: reason=unstable_if action=reinterpret pc=0x00000000031a557c method=com.android.dx.rop.code.RegisterSpec.equals(ILcom/android/dx/rop/type/TypeBearer;Lcom/android/dx/rop/code/LocalItem;)Z @ 16
Event: 2.023 Thread 0x0000000002d0d800 Uncommon trap: reason=class_check action=maybe_recompile pc=0x00000000032cffb0 method=com.android.dx.rop.type.Type.equals(Ljava/lang/Object;)Z @ 8
Event: 2.618 Thread 0x000000001705b800 Uncommon trap: reason=class_check action=maybe_recompile pc=0x000000000339ce64 method=com.android.dx.cf.code.BytecodeArray.parseInstruction(ILcom/android/dx/cf/code/BytecodeArray$Visitor;)I @ 1099
Event: 2.618 Thread 0x000000001705b800 Uncommon trap: reason=class_check action=maybe_recompile pc=0x000000000339ce64 method=com.android.dx.cf.code.BytecodeArray.parseInstruction(ILcom/android/dx/cf/code/BytecodeArray$Visitor;)I @ 1099

Internal exceptions (3 events):
Event: 0.209 Thread 0x0000000002d0d800 Exception <a 'java/lang/NoSuchMethodError': Method sun.misc.Unsafe.defineClass(Ljava/lang/String;[BII)Ljava/lang/Class; name or signature does not match> (0x00000000eab07cc0) thrown at [C:\src\android\AOSP-openjdk\external\jetbrains\jdk\hotspot\src\share\vÎE˚„.∏ ?
Event: 0.209 Thread 0x0000000002d0d800 Exception <a 'java/lang/NoSuchMethodError': Method sun.misc.Unsafe.prefetchRead(Ljava/lang/Object;J)V name or signature does not match> (0x00000000eab07fa8) thrown at [C:\src\android\AOSP-openjdk\external\jetbrains\jdk\hotspot\src\share\vm\prims\jni.cpp, l‚.:ı#Å˝?
Event: 1.844 Thread 0x00000000171e4800 Implicit null exception at 0x0000000003229a62 to 0x0000000003229b61

Events (10 events):
Event: 2.618 Thread 0x000000001705b800 Uncommon trap: trap_request=0xffffffde fr.pc=0x000000000339ce64
Event: 2.618 Thread 0x000000001705b800 DEOPT PACKING pc=0x000000000339ce64 sp=0x000000001761e670
Event: 2.618 Thread 0x000000001705b800 DEOPT UNPACKING pc=0x0000000002f5556a sp=0x000000001761e608 mode 2
Event: 2.618 Thread 0x000000001705b800 Uncommon trap: trap_request=0xffffffde fr.pc=0x000000000339ce64
Event: 2.618 Thread 0x000000001705b800 DEOPT PACKING pc=0x000000000339ce64 sp=0x000000001761e670
Event: 2.618 Thread 0x000000001705b800 DEOPT UNPACKING pc=0x0000000002f5556a sp=0x000000001761e608 mode 2
Event: 2.625 Thread 0x000000001705b800 DEOPT PACKING pc=0x000000000338abeb sp=0x000000001761e630
Event: 2.626 Thread 0x000000001705b800 DEOPT UNPACKING pc=0x0000000002f575bf sp=0x000000001761e3c0 mode 0
Event: 2.729 Thread 0x00000000170cd000 DEOPT PACKING pc=0x000000000321570c sp=0x000000001781ecf0
Event: 2.729 Thread 0x00000000170cd000 DEOPT UNPACKING pc=0x0000000002f575bf sp=0x000000001781ea18 mode 0


Dynamic libraries:
0x00007ff7a0c80000 - 0x00007ff7a0cb1000 	C:\Program Files\Android\Android Studio\jre\bin\java.exe
0x00007ffad9aa0000 - 0x00007ffad9c61000 	C:\WINDOWS\SYSTEM32\ntdll.dll
0x00007ffad7000000 - 0x00007ffad70ad000 	C:\WINDOWS\system32\KERNEL32.DLL
0x00007ffad6520000 - 0x00007ffad6708000 	C:\WINDOWS\system32\KERNELBASE.dll
0x00007ffad9430000 - 0x00007ffad94d7000 	C:\WINDOWS\system32\ADVAPI32.dll
0x00007ffad9130000 - 0x00007ffad91cd000 	C:\WINDOWS\system32\msvcrt.dll
0x00007ffad90d0000 - 0x00007ffad912b000 	C:\WINDOWS\system32\sechost.dll
0x00007ffad98b0000 - 0x00007ffad99cc000 	C:\WINDOWS\system32\RPCRT4.dll
0x00007ffad8ba0000 - 0x00007ffad8cf6000 	C:\WINDOWS\system32\USER32.dll
0x00007ffad92a0000 - 0x00007ffad9426000 	C:\WINDOWS\system32\GDI32.dll
0x00007ffacf3a0000 - 0x00007ffacf614000 	C:\WINDOWS\WinSxS\amd64_microsoft.windows.common-controls_6595b64144ccf1df_6.0.10586.672_none_a2d6b3cea53ff843\COMCTL32.dll
0x00007ffad9520000 - 0x00007ffad979d000 	C:\WINDOWS\system32\combase.dll
0x00007ffad63d0000 - 0x00007ffad643a000 	C:\WINDOWS\system32\bcryptPrimitives.dll
0x00007ffad94e0000 - 0x00007ffad951b000 	C:\WINDOWS\system32\IMM32.DLL
0x0000000064c50000 - 0x0000000064d22000 	C:\Program Files\Android\Android Studio\jre\jre\bin\msvcr100.dll
0x0000000065e20000 - 0x0000000066654000 	C:\Program Files\Android\Android Studio\jre\jre\bin\server\jvm.dll
0x00007ffad90b0000 - 0x00007ffad90b8000 	C:\WINDOWS\system32\PSAPI.DLL
0x00007ffad2d40000 - 0x00007ffad2d49000 	C:\WINDOWS\SYSTEM32\WSOCK32.dll
0x00007ffad9040000 - 0x00007ffad90ab000 	C:\WINDOWS\system32\WS2_32.dll
0x00007ffad34f0000 - 0x00007ffad3513000 	C:\WINDOWS\SYSTEM32\WINMM.dll
0x00007ffacd380000 - 0x00007ffacd38a000 	C:\WINDOWS\SYSTEM32\VERSION.dll
0x00007ffad3490000 - 0x00007ffad34bc000 	C:\WINDOWS\SYSTEM32\WINMMBASE.dll
0x00007ffad6440000 - 0x00007ffad6483000 	C:\WINDOWS\system32\cfgmgr32.dll
0x00007ffacf080000 - 0x00007ffacf08f000 	C:\Program Files\Android\Android Studio\jre\jre\bin\verify.dll
0x00007ffaca960000 - 0x00007ffaca989000 	C:\Program Files\Android\Android Studio\jre\jre\bin\java.dll
0x00007ffacefe0000 - 0x00007ffaceff6000 	C:\Program Files\Android\Android Studio\jre\jre\bin\zip.dll
0x00007ffad74f0000 - 0x00007ffad8a4c000 	C:\WINDOWS\system32\SHELL32.dll
0x00007ffad67d0000 - 0x00007ffad6e15000 	C:\WINDOWS\system32\windows.storage.dll
0x00007ffad91d0000 - 0x00007ffad9222000 	C:\WINDOWS\system32\shlwapi.dll
0x00007ffad6140000 - 0x00007ffad614f000 	C:\WINDOWS\system32\kernel.appcore.dll
0x00007ffad6710000 - 0x00007ffad67c5000 	C:\WINDOWS\system32\shcore.dll
0x00007ffad60f0000 - 0x00007ffad613b000 	C:\WINDOWS\system32\powrprof.dll
0x00007ffad60d0000 - 0x00007ffad60e4000 	C:\WINDOWS\system32\profapi.dll

VM Arguments:
jvm_args: -Djava.awt.headless=true -Xmx1024M -Dfile.encoding=windows-1252 -Duser.country=GB -Duser.language=en -Duser.variant 
java_command: com.android.dx.command.Main --dex --force-jumbo --num-threads=4 --multi-dex --output C:\Users\Thomas\AndroidStudioProjects\MrWhemps\app\build\intermediates\transforms\dex\debug\folders\1000\5\slice_8 C:\Users\Thomas\AndroidStudioProjects\MrWhemps\app\build\intermediates\transforms\instantRunSlicer\debug\folders\1\5\slice_8
java_class_path (initial): C:\Users\Thomas\AppData\Local\Android\sdk\build-tools\23.0.2\lib\dx.jar
Launcher Type: SUN_STANDARD

Environment Variables:
PATH=C:\Program Files (x86)\Intel\iCLS Client\;C:\Program Files\Intel\iCLS Client\;C:\Windows\system32;C:\Windows;C:\Windows\System32\Wbem;C:\Windows\System32\WindowsPowerShell\v1.0\;C:\Program Files (x86)\Intel\OpenCL SDK\2.0\bin\x86;C:\Program Files (x86)\Intel\OpenCL SDK\2.0\bin\x64;C:\Program Files\Intel\Intel(R) Management Engine Components\DAL;C:\Program Files\Intel\Intel(R) Management Engine Components\IPT;C:\Program Files (x86)\Intel\Intel(R) Management Engine Components\DAL;C:\Program Files (x86)\Intel\Intel(R) Management Engine Components\IPT;C:\Program Files (x86)\Windows Live\Shared;C:\Users\Thomas\AppData\Local\Smartbar\Application\;C:\WINDOWS\system32;C:\WINDOWS;C:\WINDOWS\System32\Wbem;C:\WINDOWS\System32\WindowsPowerShell\v1.0\;D:\Programs\bin;C:\Program Files\Microsoft SQL Server\110\Tools\Binn\;C:\Program Files\Microsoft SQL Server\120\Tools\Binn\;C:\Program Files\MiKTeX 2.9\miktex\bin\;C:\Program Files\MiKTeX 2.9\gs\gs8.71\bin\;C:\Program Files\Git\cmd;C:\Program Files (x86)\Skype\Phone\;C:\Program Files\Microsoft SQL Server\130\Tools\Binn\;C:\Program Files (x86)\Windows Kits\10\Windows Performance Toolkit\;C:\Program Files
USERNAME=Thomas
OS=Windows_NT
PROCESSOR_IDENTIFIER=Intel64 Family 6 Model 42 Stepping 7, GenuineIntel



---------------  S Y S T E M  ---------------

OS: Windows 10.0 , 64 bit Build 10586 (10.0.10586.589)

CPU:total 4 (2 cores per cpu, 2 threads per core) family 6 model 42 stepping 7, cmov, cx8, fxsr, mmx, sse, sse2, sse3, ssse3, sse4.1, sse4.2, popcnt, avx, clmul, ht, tsc, tscinvbit

Memory: 4k page, physical 4075172k(667360k free), swap 6565540k(5368k free)

vm_info: OpenJDK 64-Bit Server VM (25.76-b03) for windows-amd64 JRE (1.8.0_76-release-b03), built on Jun 29 2016 19:09:20 by "ralucas" with MS VC++ 10.0 (VS2010)

time: Sun Jan 15 17:36:51 2017
elapsed time: 2 seconds (0d 0h 0m 2s)

