#
# There is insufficient memory for the Java Runtime Environment to continue.
# Native memory allocation (malloc) failed to allocate 208096 bytes for Chunk::new
# Possible reasons:
#   The system is out of physical RAM or swap space
#   In 32 bit mode, the process size limit was hit
# Possible solutions:
#   Reduce memory load on the system
#   Increase physical memory or swap space
#   Check if swap backing store is full
#   Use 64 bit Java on a 64 bit OS
#   Decrease Java heap size (-Xmx/-Xms)
#   Decrease number of Java threads
#   Decrease Java thread stack sizes (-Xss)
#   Set larger code cache with -XX:ReservedCodeCacheSize=
# This output file may be truncated or incomplete.
#
#  Out of Memory Error (allocation.cpp:390), pid=11196, tid=0x0000000000003058
#
# JRE version: OpenJDK Runtime Environment (8.0_76-b03) (build 1.8.0_76-release-b03)
# Java VM: OpenJDK 64-Bit Server VM (25.76-b03 mixed mode windows-amd64 compressed oops)
# Failed to write core dump. Minidumps are not enabled by default on client versions of Windows
#

---------------  T H R E A D  ---------------

Current thread (0x0000000014e27800):  JavaThread "C2 CompilerThread0" daemon [_thread_in_native, id=12376, stack(0x0000000016390000,0x0000000016490000)]

Stack: [0x0000000016390000,0x0000000016490000]
[error occurred during error reporting (printing stack bounds), id 0xc0000005]

Native frames: (J=compiled Java code, j=interpreted, Vv=VM code, C=native code)


Current CompileTask:
C2:   1000  713   !   4       com.android.dx.rop.code.RegisterSpec::intern (70 bytes)


---------------  P R O C E S S  ---------------

Java Threads: ( => current thread )
  0x0000000016831800 JavaThread "pool-2-thread-4" [_thread_in_vm, id=8952, stack(0x0000000017090000,0x0000000017190000)]
  0x0000000016830000 JavaThread "pool-2-thread-3" [_thread_in_Java, id=12680, stack(0x0000000016f90000,0x0000000017090000)]
  0x00000000167f6800 JavaThread "pool-2-thread-2" [_thread_in_Java, id=11836, stack(0x0000000016e90000,0x0000000016f90000)]
  0x00000000167f1800 JavaThread "pool-3-thread-1" [_thread_blocked, id=9048, stack(0x0000000016d90000,0x0000000016e90000)]
  0x00000000167f1000 JavaThread "pool-2-thread-1" [_thread_in_Java, id=11612, stack(0x0000000016c90000,0x0000000016d90000)]
  0x0000000014e7e000 JavaThread "Service Thread" daemon [_thread_blocked, id=15272, stack(0x0000000016a90000,0x0000000016b90000)]
  0x00000000165a0800 JavaThread "C1 CompilerThread2" daemon [_thread_in_native, id=15168, stack(0x0000000016990000,0x0000000016a90000)]
  0x0000000014e18000 JavaThread "C2 CompilerThread1" daemon [_thread_in_native, id=7528, stack(0x0000000016490000,0x0000000016590000)]
=>0x0000000014e27800 JavaThread "C2 CompilerThread0" daemon [_thread_in_native, id=12376, stack(0x0000000016390000,0x0000000016490000)]
  0x0000000014e26000 JavaThread "Attach Listener" daemon [_thread_blocked, id=12492, stack(0x0000000016290000,0x0000000016390000)]
  0x0000000014e24800 JavaThread "Signal Dispatcher" daemon [_thread_blocked, id=4940, stack(0x0000000016190000,0x0000000016290000)]
  0x000000000274b800 JavaThread "Finalizer" daemon [_thread_blocked, id=13380, stack(0x0000000016090000,0x0000000016190000)]
  0x0000000002740800 JavaThread "Reference Handler" daemon [_thread_blocked, id=7748, stack(0x0000000015f90000,0x0000000016090000)]
  0x000000000264d800 JavaThread "main" [_thread_in_Java, id=13768, stack(0x0000000002460000,0x0000000002560000)]

Other Threads:
  0x0000000014de5000 VMThread [stack: 0x0000000015e90000,0x0000000015f90000] [id=9456]
  0x00000000165ac800 WatcherThread [stack: 0x0000000016b90000,0x0000000016c90000] [id=6120]

VM state:not at safepoint (normal execution)

VM Mutex/Monitor currently owned by a thread: None

Heap:
 PSYoungGen      total 18944K, used 15150K [0x00000000eab00000, 0x00000000ec000000, 0x0000000100000000)
  eden space 16384K, 92% used [0x00000000eab00000,0x00000000eb9cba08,0x00000000ebb00000)
  from space 2560K, 0% used [0x00000000ebd80000,0x00000000ebd80000,0x00000000ec000000)
  to   space 2560K, 0% used [0x00000000ebb00000,0x00000000ebb00000,0x00000000ebd80000)
 ParOldGen       total 44032K, used 0K [0x00000000c0000000, 0x00000000c2b00000, 0x00000000eab00000)
  object space 44032K, 0% used [0x00000000c0000000,0x00000000c0000000,0x00000000c2b00000)
 Metaspace       used 5620K, capacity 6640K, committed 6784K, reserved 1056768K
  class space    used 570K, capacity 616K, committed 640K, reserved 1048576K

Card table byte_map: [0x0000000011b10000,0x0000000011d20000] byte_map_base: 0x0000000011510000

Marking Bits: (ParMarkBitMap*) 0x00000000665d9d00
 Begin Bits: [0x0000000012280000, 0x0000000013280000)
 End Bits:   [0x0000000013280000, 0x0000000014280000)

Polling page: 0x0000000000ab0000

CodeCache: size=245760Kb used=2645Kb max_used=2657Kb free=243114Kb
 bounds [0x0000000002750000, 0x00000000029f0000, 0x0000000011750000]
 total_blobs=959 nmethods=692 adapters=181
 compilation: enabled

Compilation events (10 events):
Event: 0.987 Thread 0x0000000014e27800 nmethod 711 0x00000000029cf910 code [0x00000000029cfa40, 0x00000000029cfaf8]
Event: 0.987 Thread 0x0000000014e27800  713   !   4       com.android.dx.rop.code.RegisterSpec::intern (70 bytes)
Event: 0.987 Thread 0x0000000014e18000 nmethod 712 0x00000000029e11d0 code [0x00000000029e1300, 0x00000000029e1358]
Event: 0.990 Thread 0x0000000014e18000  716       4       com.android.dx.rop.cst.Constant::compareTo (9 bytes)
Event: 0.991 Thread 0x0000000014e18000 nmethod 716 0x00000000029e0e50 code [0x00000000029e0fa0, 0x00000000029e1098]
Event: 0.995 Thread 0x0000000014e18000  718       4       java.util.ArrayList::<init> (12 bytes)
Event: 0.996 Thread 0x0000000014e18000 nmethod 718 0x00000000029e0c50 code [0x00000000029e0d80, 0x00000000029e0df8]
Event: 0.996 Thread 0x0000000014e18000  719       4       com.android.dx.ssa.NormalSsaInsn::isNormalMoveInsn (20 bytes)
Event: 0.997 Thread 0x0000000014e18000 nmethod 719 0x00000000029e09d0 code [0x00000000029e0b00, 0x00000000029e0b98]
Event: 0.997 Thread 0x0000000014e18000  720       4       java.util.Arrays::copyOf (46 bytes)

GC Heap History (0 events):
No events

Deoptimization events (0 events):
No events

Internal exceptions (2 events):
Event: 0.053 Thread 0x000000000264d800 Exception <a 'java/lang/NoSuchMethodError': Method sun.misc.Unsafe.defineClass(Ljava/lang/String;[BII)Ljava/lang/Class; name or signature does not match> (0x00000000eab07cc0) thrown at [C:\src\android\AOSP-openjdk\external\jetbrains\jdk\hotspot\src\share\vùB¯m7«?
Event: 0.053 Thread 0x000000000264d800 Exception <a 'java/lang/NoSuchMethodError': Method sun.misc.Unsafe.prefetchRead(Ljava/lang/Object;J)V name or signature does not match> (0x00000000eab07fa8) thrown at [C:\src\android\AOSP-openjdk\external\jetbrains\jdk\hotspot\src\share\vm\prims\jni.cpp, l

Events (10 events):
Event: 0.813 loading class java/util/TreeMap$EntrySet
Event: 0.813 loading class java/util/TreeMap$EntrySet done
Event: 0.813 loading class java/util/TreeMap$EntryIterator
Event: 0.813 loading class java/util/TreeMap$EntryIterator done
Event: 0.822 loading class java/util/DualPivotQuicksort
Event: 0.822 loading class java/util/DualPivotQuicksort done
Event: 0.930 loading class java/util/ArrayList$1
Event: 0.930 loading class java/util/ArrayList$1 done
Event: 0.971 loading class com/android/dx/rop/code/LocalItem
Event: 0.971 loading class com/android/dx/rop/code/LocalItem done


Dynamic libraries:
0x00007ff7a0c80000 - 0x00007ff7a0cb1000 	C:\Program Files\Android\Android Studio\jre\bin\java.exe
0x00007ffad9aa0000 - 0x00007ffad9c61000 	C:\WINDOWS\SYSTEM32\ntdll.dll
0x00007ffad7000000 - 0x00007ffad70ad000 	C:\WINDOWS\system32\KERNEL32.DLL
0x00007ffad6520000 - 0x00007ffad6708000 	C:\WINDOWS\system32\KERNELBASE.dll
0x00007ffad9430000 - 0x00007ffad94d7000 	C:\WINDOWS\system32\ADVAPI32.dll
0x00007ffad9130000 - 0x00007ffad91cd000 	C:\WINDOWS\system32\msvcrt.dll
0x00007ffad90d0000 - 0x00007ffad912b000 	C:\WINDOWS\system32\sechost.dll
0x00007ffad98b0000 - 0x00007ffad99cc000 	C:\WINDOWS\system32\RPCRT4.dll
0x00007ffad8ba0000 - 0x00007ffad8cf6000 	C:\WINDOWS\system32\USER32.dll
0x00007ffad92a0000 - 0x00007ffad9426000 	C:\WINDOWS\system32\GDI32.dll
0x00007ffacf3a0000 - 0x00007ffacf614000 	C:\WINDOWS\WinSxS\amd64_microsoft.windows.common-controls_6595b64144ccf1df_6.0.10586.672_none_a2d6b3cea53ff843\COMCTL32.dll
0x00007ffad9520000 - 0x00007ffad979d000 	C:\WINDOWS\system32\combase.dll
0x00007ffad63d0000 - 0x00007ffad643a000 	C:\WINDOWS\system32\bcryptPrimitives.dll
0x00007ffad94e0000 - 0x00007ffad951b000 	C:\WINDOWS\system32\IMM32.DLL
0x0000000064c50000 - 0x0000000064d22000 	C:\Program Files\Android\Android Studio\jre\jre\bin\msvcr100.dll
0x0000000065e20000 - 0x0000000066654000 	C:\Program Files\Android\Android Studio\jre\jre\bin\server\jvm.dll
0x00007ffad90b0000 - 0x00007ffad90b8000 	C:\WINDOWS\system32\PSAPI.DLL
0x00007ffad2d40000 - 0x00007ffad2d49000 	C:\WINDOWS\SYSTEM32\WSOCK32.dll
0x00007ffad9040000 - 0x00007ffad90ab000 	C:\WINDOWS\system32\WS2_32.dll
0x00007ffad34f0000 - 0x00007ffad3513000 	C:\WINDOWS\SYSTEM32\WINMM.dll
0x00007ffacd380000 - 0x00007ffacd38a000 	C:\WINDOWS\SYSTEM32\VERSION.dll
0x00007ffad3490000 - 0x00007ffad34bc000 	C:\WINDOWS\SYSTEM32\WINMMBASE.dll
0x00007ffad6440000 - 0x00007ffad6483000 	C:\WINDOWS\system32\cfgmgr32.dll
0x00007ffacf080000 - 0x00007ffacf08f000 	C:\Program Files\Android\Android Studio\jre\jre\bin\verify.dll
0x00007ffaca960000 - 0x00007ffaca989000 	C:\Program Files\Android\Android Studio\jre\jre\bin\java.dll
0x00007ffacefe0000 - 0x00007ffaceff6000 	C:\Program Files\Android\Android Studio\jre\jre\bin\zip.dll
0x00007ffad74f0000 - 0x00007ffad8a4c000 	C:\WINDOWS\system32\SHELL32.dll
0x00007ffad67d0000 - 0x00007ffad6e15000 	C:\WINDOWS\system32\windows.storage.dll
0x00007ffad91d0000 - 0x00007ffad9222000 	C:\WINDOWS\system32\shlwapi.dll
0x00007ffad6140000 - 0x00007ffad614f000 	C:\WINDOWS\system32\kernel.appcore.dll
0x00007ffad6710000 - 0x00007ffad67c5000 	C:\WINDOWS\system32\shcore.dll
0x00007ffad60f0000 - 0x00007ffad613b000 	C:\WINDOWS\system32\powrprof.dll
0x00007ffad60d0000 - 0x00007ffad60e4000 	C:\WINDOWS\system32\profapi.dll

VM Arguments:
jvm_args: -Djava.awt.headless=true -Xmx1024M -Dfile.encoding=windows-1252 -Duser.country=GB -Duser.language=en -Duser.variant 
java_command: com.android.dx.command.Main --dex --force-jumbo --num-threads=4 --multi-dex --output C:\Users\Thomas\AndroidStudioProjects\MrWhemps\app\build\intermediates\transforms\dex\debug\folders\1000\10\com.google.android.gms-play-services-places-9.4.0_dfd4a542444dea09e8fe188301d083affe8b165d C:\Users\Thomas\AndroidStudioProjects\MrWhemps\app\build\intermediates\exploded-aar\com.google.android.gms\play-services-places\9.4.0\jars\classes.jar
java_class_path (initial): C:\Users\Thomas\AppData\Local\Android\sdk\build-tools\23.0.2\lib\dx.jar
Launcher Type: SUN_STANDARD

Environment Variables:
PATH=C:\Program Files (x86)\Intel\iCLS Client\;C:\Program Files\Intel\iCLS Client\;C:\Windows\system32;C:\Windows;C:\Windows\System32\Wbem;C:\Windows\System32\WindowsPowerShell\v1.0\;C:\Program Files (x86)\Intel\OpenCL SDK\2.0\bin\x86;C:\Program Files (x86)\Intel\OpenCL SDK\2.0\bin\x64;C:\Program Files\Intel\Intel(R) Management Engine Components\DAL;C:\Program Files\Intel\Intel(R) Management Engine Components\IPT;C:\Program Files (x86)\Intel\Intel(R) Management Engine Components\DAL;C:\Program Files (x86)\Intel\Intel(R) Management Engine Components\IPT;C:\Program Files (x86)\Windows Live\Shared;C:\Users\Thomas\AppData\Local\Smartbar\Application\;C:\WINDOWS\system32;C:\WINDOWS;C:\WINDOWS\System32\Wbem;C:\WINDOWS\System32\WindowsPowerShell\v1.0\;D:\Programs\bin;C:\Program Files\Microsoft SQL Server\110\Tools\Binn\;C:\Program Files\Microsoft SQL Server\120\Tools\Binn\;C:\Program Files\MiKTeX 2.9\miktex\bin\;C:\Program Files\MiKTeX 2.9\gs\gs8.71\bin\;C:\Program Files\Git\cmd;C:\Program Files (x86)\Skype\Phone\;C:\Program Files\Microsoft SQL Server\130\Tools\Binn\;C:\Program Files (x86)\Windows Kits\10\Windows Performance Toolkit\;C:\Program Files
USERNAME=Thomas
OS=Windows_NT
PROCESSOR_IDENTIFIER=Intel64 Family 6 Model 42 Stepping 7, GenuineIntel



---------------  S Y S T E M  ---------------

OS: Windows 10.0 , 64 bit Build 10586 (10.0.10586.589)

CPU:total 4 (2 cores per cpu, 2 threads per core) family 6 model 42 stepping 7, cmov, cx8, fxsr, mmx, sse, sse2, sse3, ssse3, sse4.1, sse4.2, popcnt, avx, clmul, ht, tsc, tscinvbit

Memory: 4k page, physical 4075172k(549260k free), swap 6565540k(5144k free)

vm_info: OpenJDK 64-Bit Server VM (25.76-b03) for windows-amd64 JRE (1.8.0_76-release-b03), built on Jun 29 2016 19:09:20 by "ralucas" with MS VC++ 10.0 (VS2010)

time: Sun Jan 15 17:37:19 2017
elapsed time: 1 seconds (0d 0h 0m 1s)

