#
# There is insufficient memory for the Java Runtime Environment to continue.
# Native memory allocation (malloc) failed to allocate 131088 bytes for Chunk::new
# Possible reasons:
#   The system is out of physical RAM or swap space
#   In 32 bit mode, the process size limit was hit
# Possible solutions:
#   Reduce memory load on the system
#   Increase physical memory or swap space
#   Check if swap backing store is full
#   Use 64 bit Java on a 64 bit OS
#   Decrease Java heap size (-Xmx/-Xms)
#   Decrease number of Java threads
#   Decrease Java thread stack sizes (-Xss)
#   Set larger code cache with -XX:ReservedCodeCacheSize=
# This output file may be truncated or incomplete.
#
#  Out of Memory Error (allocation.cpp:390), pid=12184, tid=0x00000000000023cc
#
# JRE version: OpenJDK Runtime Environment (8.0_76-b03) (build 1.8.0_76-release-b03)
# Java VM: OpenJDK 64-Bit Server VM (25.76-b03 mixed mode windows-amd64 compressed oops)
# Failed to write core dump. Minidumps are not enabled by default on client versions of Windows
#

---------------  T H R E A D  ---------------

Current thread (0x00000000150c8000):  JavaThread "C2 CompilerThread1" daemon [_thread_in_native, id=9164, stack(0x00000000167a0000,0x00000000168a0000)]

Stack: [0x00000000167a0000,0x00000000168a0000]
[error occurred during error reporting (printing stack bounds), id 0xc0000005]

Native frames: (J=compiled Java code, j=interpreted, Vv=VM code, C=native code)


Current CompileTask:
C2:   5274 1483       4       com.android.dx.rop.code.Rops::ropFor (771 bytes)


---------------  P R O C E S S  ---------------

Java Threads: ( => current thread )
  0x0000000016c2a000 JavaThread "pool-2-thread-4" [_thread_in_Java, id=6256, stack(0x00000000173a0000,0x00000000174a0000)]
  0x0000000016c14800 JavaThread "pool-2-thread-3" [_thread_in_Java, id=8948, stack(0x00000000172a0000,0x00000000173a0000)]
  0x0000000016c12000 JavaThread "pool-2-thread-2" [_thread_in_Java, id=5708, stack(0x00000000171a0000,0x00000000172a0000)]
  0x0000000016c0f800 JavaThread "pool-3-thread-1" [_thread_blocked, id=8020, stack(0x00000000170a0000,0x00000000171a0000)]
  0x0000000016be2000 JavaThread "pool-2-thread-1" [_thread_in_Java, id=4184, stack(0x0000000016fa0000,0x00000000170a0000)]
  0x00000000169a4800 JavaThread "Service Thread" daemon [_thread_blocked, id=9104, stack(0x0000000016da0000,0x0000000016ea0000)]
  0x00000000150cb800 JavaThread "C1 CompilerThread2" daemon [_thread_blocked, id=1268, stack(0x00000000168a0000,0x00000000169a0000)]
=>0x00000000150c8000 JavaThread "C2 CompilerThread1" daemon [_thread_in_native, id=9164, stack(0x00000000167a0000,0x00000000168a0000)]
  0x0000000015077800 JavaThread "C2 CompilerThread0" daemon [_thread_in_native, id=12220, stack(0x00000000166a0000,0x00000000167a0000)]
  0x0000000015076000 JavaThread "Attach Listener" daemon [_thread_blocked, id=9384, stack(0x00000000165a0000,0x00000000166a0000)]
  0x0000000015074800 JavaThread "Signal Dispatcher" daemon [_thread_blocked, id=11716, stack(0x00000000164a0000,0x00000000165a0000)]
  0x000000000299b800 JavaThread "Finalizer" daemon [_thread_blocked, id=2948, stack(0x00000000162c0000,0x00000000163c0000)]
  0x0000000015037000 JavaThread "Reference Handler" daemon [_thread_blocked, id=2080, stack(0x00000000161c0000,0x00000000162c0000)]
  0x000000000272d800 JavaThread "main" [_thread_blocked, id=9240, stack(0x00000000027a0000,0x00000000028a0000)]

Other Threads:
  0x0000000015035000 VMThread [stack: 0x00000000160c0000,0x00000000161c0000] [id=3232]
  0x00000000169a6800 WatcherThread [stack: 0x0000000016ea0000,0x0000000016fa0000] [id=11280]

VM state:not at safepoint (normal execution)

VM Mutex/Monitor currently owned by a thread: None

Heap:
 PSYoungGen      total 35328K, used 30897K [0x00000000eab00000, 0x00000000ed000000, 0x0000000100000000)
  eden space 32768K, 86% used [0x00000000eab00000,0x00000000ec6adc70,0x00000000ecb00000)
  from space 2560K, 99% used [0x00000000ecd80000,0x00000000ecffeab8,0x00000000ed000000)
  to   space 2560K, 0% used [0x00000000ecb00000,0x00000000ecb00000,0x00000000ecd80000)
 ParOldGen       total 44032K, used 3824K [0x00000000c0000000, 0x00000000c2b00000, 0x00000000eab00000)
  object space 44032K, 8% used [0x00000000c0000000,0x00000000c03bc300,0x00000000c2b00000)
 Metaspace       used 6132K, capacity 7088K, committed 7296K, reserved 1056768K
  class space    used 575K, capacity 616K, committed 640K, reserved 1048576K

Card table byte_map: [0x0000000011d60000,0x0000000011f70000] byte_map_base: 0x0000000011760000

Marking Bits: (ParMarkBitMap*) 0x000000005eef9d00
 Begin Bits: [0x00000000124d0000, 0x00000000134d0000)
 End Bits:   [0x00000000134d0000, 0x00000000144d0000)

Polling page: 0x0000000000c10000

CodeCache: size=245760Kb used=6153Kb max_used=6153Kb free=239606Kb
 bounds [0x00000000029a0000, 0x0000000002fb0000, 0x00000000119a0000]
 total_blobs=1800 nmethods=1532 adapters=181
 compilation: disabled (not enough contiguous free space left)

Compilation events (10 events):
Event: 5.123 Thread 0x00000000150cb800 1514       3       com.android.dx.cf.attrib.RawAttribute::byteLength (11 bytes)
Event: 5.124 Thread 0x00000000150cb800 nmethod 1514 0x0000000002f95590 code [0x0000000002f956e0, 0x0000000002f958d0]
Event: 5.126 Thread 0x00000000150cb800 1515       3       com.android.dx.command.dexer.Main::access$1700 (4 bytes)
Event: 5.126 Thread 0x00000000150cb800 nmethod 1515 0x0000000002f95990 code [0x0000000002f95ae0, 0x0000000002f95c30]
Event: 5.130 Thread 0x00000000150cb800 1516       1       com.android.dx.cf.direct.DirectClassFile$DcfTypeList::isMutable (2 bytes)
Event: 5.130 Thread 0x00000000150cb800 nmethod 1516 0x0000000002f95c90 code [0x0000000002f95de0, 0x0000000002f95ef0]
Event: 5.149 Thread 0x00000000150cb800 1518       1       com.android.dx.cf.attrib.AttExceptions::getExceptions (5 bytes)
Event: 5.149 Thread 0x00000000150cb800 nmethod 1518 0x0000000002f95f50 code [0x0000000002f960a0, 0x0000000002f961b0]
Event: 5.152 Thread 0x00000000150cb800 1519       3       java.util.Collections$UnmodifiableCollection::size (10 bytes)
Event: 5.152 Thread 0x00000000150cb800 nmethod 1519 0x0000000002f96210 code [0x0000000002f96380, 0x0000000002f965a8]

GC Heap History (4 events):
Event: 2.305 GC heap before
{Heap before GC invocations=1 (full 0):
 PSYoungGen      total 18944K, used 16384K [0x00000000eab00000, 0x00000000ec000000, 0x0000000100000000)
  eden space 16384K, 100% used [0x00000000eab00000,0x00000000ebb00000,0x00000000ebb00000)
  from space 2560K, 0% used [0x00000000ebd80000,0x00000000ebd80000,0x00000000ec000000)
  to   space 2560K, 0% used [0x00000000ebb00000,0x00000000ebb00000,0x00000000ebd80000)
 ParOldGen       total 44032K, used 0K [0x00000000c0000000, 0x00000000c2b00000, 0x00000000eab00000)
  object space 44032K, 0% used [0x00000000c0000000,0x00000000c0000000,0x00000000c2b00000)
 Metaspace       used 5744K, capacity 6768K, committed 7040K, reserved 1056768K
  class space    used 572K, capacity 616K, committed 640K, reserved 1048576K
Event: 2.581 GC heap after
Heap after GC invocations=1 (full 0):
 PSYoungGen      total 18944K, used 2535K [0x00000000eab00000, 0x00000000ed000000, 0x0000000100000000)
  eden space 16384K, 0% used [0x00000000eab00000,0x00000000eab00000,0x00000000ebb00000)
  from space 2560K, 99% used [0x00000000ebb00000,0x00000000ebd79c88,0x00000000ebd80000)
  to   space 2560K, 0% used [0x00000000ecd80000,0x00000000ecd80000,0x00000000ed000000)
 ParOldGen       total 44032K, used 1632K [0x00000000c0000000, 0x00000000c2b00000, 0x00000000eab00000)
  object space 44032K, 3% used [0x00000000c0000000,0x00000000c0198140,0x00000000c2b00000)
 Metaspace       used 5744K, capacity 6768K, committed 7040K, reserved 1056768K
  class space    used 572K, capacity 616K, committed 640K, reserved 1048576K
}
Event: 4.013 GC heap before
{Heap before GC invocations=2 (full 0):
 PSYoungGen      total 18944K, used 18919K [0x00000000eab00000, 0x00000000ed000000, 0x0000000100000000)
  eden space 16384K, 100% used [0x00000000eab00000,0x00000000ebb00000,0x00000000ebb00000)
  from space 2560K, 99% used [0x00000000ebb00000,0x00000000ebd79c88,0x00000000ebd80000)
  to   space 2560K, 0% used [0x00000000ecd80000,0x00000000ecd80000,0x00000000ed000000)
 ParOldGen       total 44032K, used 1632K [0x00000000c0000000, 0x00000000c2b00000, 0x00000000eab00000)
  object space 44032K, 3% used [0x00000000c0000000,0x00000000c0198140,0x00000000c2b00000)
 Metaspace       used 6012K, capacity 6960K, committed 7040K, reserved 1056768K
  class space    used 575K, capacity 616K, committed 640K, reserved 1048576K
Event: 4.073 GC heap after
Heap after GC invocations=2 (full 0):
 PSYoungGen      total 35328K, used 2554K [0x00000000eab00000, 0x00000000ed000000, 0x0000000100000000)
  eden space 32768K, 0% used [0x00000000eab00000,0x00000000eab00000,0x00000000ecb00000)
  from space 2560K, 99% used [0x00000000ecd80000,0x00000000ecffeab8,0x00000000ed000000)
  to   space 2560K, 0% used [0x00000000ecb00000,0x00000000ecb00000,0x00000000ecd80000)
 ParOldGen       total 44032K, used 3824K [0x00000000c0000000, 0x00000000c2b00000, 0x00000000eab00000)
  object space 44032K, 8% used [0x00000000c0000000,0x00000000c03bc300,0x00000000c2b00000)
 Metaspace       used 6012K, capacity 6960K, committed 7040K, reserved 1056768K
  class space    used 575K, capacity 616K, committed 640K, reserved 1048576K
}

Deoptimization events (10 events):
Event: 2.857 Thread 0x0000000016c14800 Uncommon trap: reason=bimorphic action=maybe_recompile pc=0x0000000002c081f0 method=java.util.HashMap.getNode(ILjava/lang/Object;)Ljava/util/HashMap$Node; @ 126
Event: 2.882 Thread 0x0000000016be2000 Uncommon trap: reason=bimorphic action=maybe_recompile pc=0x0000000002c081f0 method=java.util.HashMap.getNode(ILjava/lang/Object;)Ljava/util/HashMap$Node; @ 126
Event: 2.910 Thread 0x0000000016c14800 Uncommon trap: reason=bimorphic action=maybe_recompile pc=0x0000000002c081f0 method=java.util.HashMap.getNode(ILjava/lang/Object;)Ljava/util/HashMap$Node; @ 126
Event: 3.136 Thread 0x0000000016c12000 Uncommon trap: reason=unstable_if action=reinterpret pc=0x0000000002d9361c method=com.android.dx.ssa.SsaMethod.updateOneDefinition(Lcom/android/dx/ssa/SsaInsn;Lcom/android/dx/rop/code/RegisterSpec;)V @ 4
Event: 3.980 Thread 0x0000000016c2a000 Uncommon trap: reason=unstable_if action=reinterpret pc=0x0000000002d5bcb8 method=com.android.dx.cf.code.Ropper.labelToResultIndex(I)I @ 34
Event: 3.992 Thread 0x0000000016be2000 Uncommon trap: reason=unstable_if action=reinterpret pc=0x0000000002eaa384 method=com.android.dx.ssa.SCCP.simulateStmt(Lcom/android/dx/ssa/SsaInsn;)V @ 53
Event: 4.530 Thread 0x0000000016be2000 Uncommon trap: reason=unstable_if action=reinterpret pc=0x0000000002e83e2c method=com.android.dx.util.LabeledList.set(ILcom/android/dx/util/LabeledItem;)V @ 16
Event: 4.530 Thread 0x0000000016be2000 Uncommon trap: reason=unstable_if action=reinterpret pc=0x0000000002d86e30 method=com.android.dx.util.LabeledList.set(ILcom/android/dx/util/LabeledItem;)V @ 16
Event: 4.715 Thread 0x0000000016be2000 Uncommon trap: reason=unstable_if action=reinterpret pc=0x0000000002d8f7bc method=com.android.dx.util.IntList.binarysearch(I)I @ 105
Event: 5.128 Thread 0x0000000016c2a000 Uncommon trap: reason=null_check action=make_not_entrant pc=0x0000000002d5aea0 method=com.android.dx.rop.type.Type.equals(Ljava/lang/Object;)Z @ 8

Internal exceptions (3 events):
Event: 0.505 Thread 0x000000000272d800 Exception <a 'java/lang/NoSuchMethodError': Method sun.misc.Unsafe.defineClass(Ljava/lang/String;[BII)Ljava/lang/Class; name or signature does not match> (0x00000000eab07cc0) thrown at [C:\src\android\AOSP-openjdk\external\jetbrains\jdk\hotspot\src\share\vdŸa)à?
Event: 0.505 Thread 0x000000000272d800 Exception <a 'java/lang/NoSuchMethodError': Method sun.misc.Unsafe.prefetchRead(Ljava/lang/Object;J)V name or signature does not match> (0x00000000eab07fa8) thrown at [C:\src\android\AOSP-openjdk\external\jetbrains\jdk\hotspot\src\share\vm\prims\jni.cpp, l$:¾²
ƒ@
Event: 5.128 Thread 0x0000000016c2a000 Implicit null exception at 0x0000000002d5ada2 to 0x0000000002d5ae92

Events (10 events):
Event: 4.530 Thread 0x0000000016be2000 DEOPT PACKING pc=0x0000000002d86e30 sp=0x000000001709e9c0
Event: 4.530 Thread 0x0000000016be2000 DEOPT UNPACKING pc=0x00000000029e556a sp=0x000000001709e9c0 mode 2
Event: 4.715 Thread 0x0000000016be2000 Uncommon trap: trap_request=0xffffff65 fr.pc=0x0000000002d8f7bc
Event: 4.715 Thread 0x0000000016be2000 DEOPT PACKING pc=0x0000000002d8f7bc sp=0x000000001709ea40
Event: 4.715 Thread 0x0000000016be2000 DEOPT UNPACKING pc=0x00000000029e556a sp=0x000000001709e9b8 mode 2
Event: 4.730 Executing VM operation: EnableBiasedLocking
Event: 5.075 Executing VM operation: EnableBiasedLocking done
Event: 5.128 Thread 0x0000000016c2a000 Uncommon trap: trap_request=0xfffffff4 fr.pc=0x0000000002d5aea0
Event: 5.128 Thread 0x0000000016c2a000 DEOPT PACKING pc=0x0000000002d5aea0 sp=0x000000001749e7b0
Event: 5.128 Thread 0x0000000016c2a000 DEOPT UNPACKING pc=0x00000000029e556a sp=0x000000001749e738 mode 2


Dynamic libraries:
0x00007ff65aea0000 - 0x00007ff65aed1000 	C:\Program Files\Android\Android Studio\jre\bin\java.exe
0x00007fff314c0000 - 0x00007fff31681000 	C:\WINDOWS\SYSTEM32\ntdll.dll
0x00007fff2eaa0000 - 0x00007fff2eb4d000 	C:\WINDOWS\system32\KERNEL32.DLL
0x00007fff2e030000 - 0x00007fff2e218000 	C:\WINDOWS\system32\KERNELBASE.dll
0x00007fff30780000 - 0x00007fff30827000 	C:\WINDOWS\system32\ADVAPI32.dll
0x00007fff31140000 - 0x00007fff311dd000 	C:\WINDOWS\system32\msvcrt.dll
0x00007fff30b70000 - 0x00007fff30bcb000 	C:\WINDOWS\system32\sechost.dll
0x00007fff2e8c0000 - 0x00007fff2e9dc000 	C:\WINDOWS\system32\RPCRT4.dll
0x00007fff2ef80000 - 0x00007fff2f0d6000 	C:\WINDOWS\system32\USER32.dll
0x00007fff30fb0000 - 0x00007fff31136000 	C:\WINDOWS\system32\GDI32.dll
0x00007fff257a0000 - 0x00007fff25a14000 	C:\WINDOWS\WinSxS\amd64_microsoft.windows.common-controls_6595b64144ccf1df_6.0.10586.672_none_a2d6b3cea53ff843\COMCTL32.dll
0x00007fff30bd0000 - 0x00007fff30e4d000 	C:\WINDOWS\system32\combase.dll
0x00007fff2dc60000 - 0x00007fff2dcca000 	C:\WINDOWS\system32\bcryptPrimitives.dll
0x00007fff30980000 - 0x00007fff309bb000 	C:\WINDOWS\system32\IMM32.DLL
0x000000005e580000 - 0x000000005e652000 	C:\Program Files\Android\Android Studio\jre\jre\bin\msvcr100.dll
0x000000005e740000 - 0x000000005ef74000 	C:\Program Files\Android\Android Studio\jre\jre\bin\server\jvm.dll
0x00007fff30660000 - 0x00007fff30668000 	C:\WINDOWS\system32\PSAPI.DLL
0x00007fff1ce30000 - 0x00007fff1ce39000 	C:\WINDOWS\SYSTEM32\WSOCK32.dll
0x00007fff30aa0000 - 0x00007fff30b0b000 	C:\WINDOWS\system32\WS2_32.dll
0x00007fff2bd30000 - 0x00007fff2bd53000 	C:\WINDOWS\SYSTEM32\WINMM.dll
0x00007fff242a0000 - 0x00007fff242aa000 	C:\WINDOWS\SYSTEM32\VERSION.dll
0x00007fff2bd00000 - 0x00007fff2bd2c000 	C:\WINDOWS\SYSTEM32\WINMMBASE.dll
0x00007fff2e220000 - 0x00007fff2e263000 	C:\WINDOWS\system32\cfgmgr32.dll
0x00007fff27930000 - 0x00007fff2793f000 	C:\Program Files\Android\Android Studio\jre\jre\bin\verify.dll
0x00007fff15570000 - 0x00007fff15599000 	C:\Program Files\Android\Android Studio\jre\jre\bin\java.dll
0x00007fff1ed80000 - 0x00007fff1ed96000 	C:\Program Files\Android\Android Studio\jre\jre\bin\zip.dll
0x00007fff2f0e0000 - 0x00007fff3063c000 	C:\WINDOWS\system32\SHELL32.dll
0x00007fff2e270000 - 0x00007fff2e8b5000 	C:\WINDOWS\system32\windows.storage.dll
0x00007fff312b0000 - 0x00007fff31302000 	C:\WINDOWS\system32\shlwapi.dll
0x00007fff2db30000 - 0x00007fff2db3f000 	C:\WINDOWS\system32\kernel.appcore.dll
0x00007fff2dcd0000 - 0x00007fff2dd85000 	C:\WINDOWS\system32\shcore.dll
0x00007fff2dae0000 - 0x00007fff2db2b000 	C:\WINDOWS\system32\powrprof.dll
0x00007fff2db50000 - 0x00007fff2db64000 	C:\WINDOWS\system32\profapi.dll

VM Arguments:
jvm_args: -Djava.awt.headless=true -Xmx1024M -Dfile.encoding=windows-1252 -Duser.country=GB -Duser.language=en -Duser.variant 
java_command: com.android.dx.command.Main --dex --force-jumbo --num-threads=4 --multi-dex --output C:\Users\Thomas\AndroidStudioProjects\MrWhemps\app\build\intermediates\transforms\dex\debug\folders\1000\10\com.google.android.gms-play-services-location-9.4.0_e06f6cf79435e584e60ac726e920d264c85b4c97 C:\Users\Thomas\AndroidStudioProjects\MrWhemps\app\build\intermediates\exploded-aar\com.google.android.gms\play-services-location\9.4.0\jars\classes.jar
java_class_path (initial): C:\Users\Thomas\AppData\Local\Android\sdk\build-tools\23.0.2\lib\dx.jar
Launcher Type: SUN_STANDARD

Environment Variables:
PATH=C:\Program Files (x86)\Intel\iCLS Client\;C:\Program Files\Intel\iCLS Client\;C:\Windows\system32;C:\Windows;C:\Windows\System32\Wbem;C:\Windows\System32\WindowsPowerShell\v1.0\;C:\Program Files (x86)\Intel\OpenCL SDK\2.0\bin\x86;C:\Program Files (x86)\Intel\OpenCL SDK\2.0\bin\x64;C:\Program Files\Intel\Intel(R) Management Engine Components\DAL;C:\Program Files\Intel\Intel(R) Management Engine Components\IPT;C:\Program Files (x86)\Intel\Intel(R) Management Engine Components\DAL;C:\Program Files (x86)\Intel\Intel(R) Management Engine Components\IPT;C:\Program Files (x86)\Windows Live\Shared;C:\Users\Thomas\AppData\Local\Smartbar\Application\;C:\WINDOWS\system32;C:\WINDOWS;C:\WINDOWS\System32\Wbem;C:\WINDOWS\System32\WindowsPowerShell\v1.0\;D:\Programs\bin;C:\Program Files\Microsoft SQL Server\110\Tools\Binn\;C:\Program Files\Microsoft SQL Server\120\Tools\Binn\;C:\Program Files\MiKTeX 2.9\miktex\bin\;C:\Program Files\MiKTeX 2.9\gs\gs8.71\bin\;C:\Program Files\Git\cmd;C:\Program Files (x86)\Skype\Phone\;C:\WINDOWS\system32\config\systemprofile\.dnx\bin;C:\Program Files\Microsoft DNX\Dnvm\;C:\Program Files\Microsoft SQL Server\130\Tools\Binn\;C:\Program Files (x86)\Windows Kits\10\Windows Performance Toolkit\;C:\Program Files
USERNAME=Thomas
OS=Windows_NT
PROCESSOR_IDENTIFIER=Intel64 Family 6 Model 42 Stepping 7, GenuineIntel



---------------  S Y S T E M  ---------------

OS: Windows 10.0 , 64 bit Build 10586 (10.0.10586.589)

CPU:total 4 (2 cores per cpu, 2 threads per core) family 6 model 42 stepping 7, cmov, cx8, fxsr, mmx, sse, sse2, sse3, ssse3, sse4.1, sse4.2, popcnt, avx, clmul, ht, tsc, tscinvbit

Memory: 4k page, physical 4075172k(340928k free), swap 6565540k(4092k free)

vm_info: OpenJDK 64-Bit Server VM (25.76-b03) for windows-amd64 JRE (1.8.0_76-release-b03), built on Jun 29 2016 19:09:20 by "ralucas" with MS VC++ 10.0 (VS2010)

time: Sat Dec 31 02:45:03 2016
elapsed time: 5 seconds (0d 0h 0m 5s)

