#
# There is insufficient memory for the Java Runtime Environment to continue.
# Native memory allocation (malloc) failed to allocate 1403216 bytes for Chunk::new
# Possible reasons:
#   The system is out of physical RAM or swap space
#   In 32 bit mode, the process size limit was hit
# Possible solutions:
#   Reduce memory load on the system
#   Increase physical memory or swap space
#   Check if swap backing store is full
#   Use 64 bit Java on a 64 bit OS
#   Decrease Java heap size (-Xmx/-Xms)
#   Decrease number of Java threads
#   Decrease Java thread stack sizes (-Xss)
#   Set larger code cache with -XX:ReservedCodeCacheSize=
# This output file may be truncated or incomplete.
#
#  Out of Memory Error (allocation.cpp:390), pid=8796, tid=0x0000000000000d84
#
# JRE version: OpenJDK Runtime Environment (8.0_76-b03) (build 1.8.0_76-release-b03)
# Java VM: OpenJDK 64-Bit Server VM (25.76-b03 mixed mode windows-amd64 compressed oops)
# Failed to write core dump. Minidumps are not enabled by default on client versions of Windows
#

---------------  T H R E A D  ---------------

Current thread (0x000000001530b800):  JavaThread "C2 CompilerThread0" daemon [_thread_in_native, id=3460, stack(0x0000000016880000,0x0000000016980000)]

Stack: [0x0000000016880000,0x0000000016980000]
[error occurred during error reporting (printing stack bounds), id 0xc0000005]

Native frames: (J=compiled Java code, j=interpreted, Vv=VM code, C=native code)


Current CompileTask:
C2:  16034 1912   !   4       com.android.dx.cf.code.Ropper::processBlock (1101 bytes)


---------------  P R O C E S S  ---------------

Java Threads: ( => current thread )
  0x0000000016e38800 JavaThread "pool-2-thread-4" [_thread_in_Java, id=828, stack(0x0000000017580000,0x0000000017680000)]
  0x0000000016e33000 JavaThread "pool-2-thread-3" [_thread_in_Java, id=11652, stack(0x0000000017480000,0x0000000017580000)]
  0x0000000016e31000 JavaThread "pool-2-thread-2" [_thread_blocked, id=9724, stack(0x0000000017380000,0x0000000017480000)]
  0x0000000016e2a800 JavaThread "pool-3-thread-1" [_thread_blocked, id=10472, stack(0x0000000017280000,0x0000000017380000)]
  0x0000000016ddd800 JavaThread "pool-2-thread-1" [_thread_in_Java, id=5220, stack(0x0000000017180000,0x0000000017280000)]
  0x0000000016b84800 JavaThread "Service Thread" daemon [_thread_blocked, id=11740, stack(0x0000000016f80000,0x0000000017080000)]
  0x000000001536b800 JavaThread "C1 CompilerThread2" daemon [_thread_blocked, id=7608, stack(0x0000000016a80000,0x0000000016b80000)]
  0x000000001534d800 JavaThread "C2 CompilerThread1" daemon [_thread_in_native, id=2084, stack(0x0000000016980000,0x0000000016a80000)]
=>0x000000001530b800 JavaThread "C2 CompilerThread0" daemon [_thread_in_native, id=3460, stack(0x0000000016880000,0x0000000016980000)]
  0x000000001530a000 JavaThread "Attach Listener" daemon [_thread_blocked, id=11428, stack(0x0000000016780000,0x0000000016880000)]
  0x0000000015309000 JavaThread "Signal Dispatcher" daemon [_thread_blocked, id=10656, stack(0x0000000016680000,0x0000000016780000)]
  0x0000000002c36000 JavaThread "Finalizer" daemon [_thread_blocked, id=8076, stack(0x0000000016580000,0x0000000016680000)]
  0x00000000152d7000 JavaThread "Reference Handler" daemon [_thread_blocked, id=11404, stack(0x0000000016480000,0x0000000016580000)]
  0x000000000283d800 JavaThread "main" [_thread_in_Java, id=11508, stack(0x0000000002940000,0x0000000002a40000)]

Other Threads:
  0x00000000152d5000 VMThread [stack: 0x0000000016380000,0x0000000016480000] [id=9404]
  0x0000000016b86800 WatcherThread [stack: 0x0000000017080000,0x0000000017180000] [id=11932]

VM state:not at safepoint (normal execution)

VM Mutex/Monitor currently owned by a thread: None

Heap:
 PSYoungGen      total 35328K, used 8096K [0x00000000eab00000, 0x00000000ef780000, 0x0000000100000000)
  eden space 32768K, 17% used [0x00000000eab00000,0x00000000eb07d8f8,0x00000000ecb00000)
  from space 2560K, 100% used [0x00000000ecb00000,0x00000000ecd80000,0x00000000ecd80000)
  to   space 16384K, 0% used [0x00000000ee780000,0x00000000ee780000,0x00000000ef780000)
 ParOldGen       total 70144K, used 47189K [0x00000000c0000000, 0x00000000c4480000, 0x00000000eab00000)
  object space 70144K, 67% used [0x00000000c0000000,0x00000000c2e156a8,0x00000000c4480000)
 Metaspace       used 6320K, capacity 7154K, committed 7296K, reserved 1056768K
  class space    used 595K, capacity 618K, committed 640K, reserved 1048576K

Card table byte_map: [0x0000000012000000,0x0000000012210000] byte_map_base: 0x0000000011a00000

Marking Bits: (ParMarkBitMap*) 0x000000005eef9d00
 Begin Bits: [0x0000000012770000, 0x0000000013770000)
 End Bits:   [0x0000000013770000, 0x0000000014770000)

Polling page: 0x00000000009f0000

CodeCache: size=245760Kb used=8738Kb max_used=8738Kb free=237022Kb
 bounds [0x0000000002c40000, 0x00000000034e0000, 0x0000000011c40000]
 total_blobs=2123 nmethods=1855 adapters=181
 compilation: enabled

Compilation events (10 events):
Event: 15.944 Thread 0x000000001534d800 nmethod 1910 0x0000000003468550 code [0x00000000034686a0, 0x0000000003468798]
Event: 15.983 Thread 0x000000001534d800 1962       4       com.android.dx.cf.code.BaseMachine::auxIntArg (6 bytes)
Event: 15.983 Thread 0x000000001534d800 nmethod 1962 0x00000000030f4850 code [0x00000000030f4980, 0x00000000030f49d8]
Event: 15.984 Thread 0x000000001534d800 1963       4       com.android.dx.cf.code.Ropper::mergeAndWorkAsNecessary (102 bytes)
Event: 16.020 Thread 0x000000001536b800 1970 %     3       java.util.HashMap::resize @ 238 (359 bytes)
Event: 16.022 Thread 0x000000001536b800 nmethod 1970% 0x00000000034a38d0 code [0x00000000034a3b40, 0x00000000034a4f28]
Event: 16.022 Thread 0x000000001536b800 1971 %     3       java.util.HashMap::resize @ 154 (359 bytes)
Event: 16.024 Thread 0x000000001536b800 nmethod 1971% 0x00000000034cd650 code [0x00000000034cd8c0, 0x00000000034cebc8]
Event: 16.024 Thread 0x000000001536b800 1972       3       java.util.HashMap::resize (359 bytes)
Event: 16.026 Thread 0x000000001536b800 nmethod 1972 0x00000000034d2d10 code [0x00000000034d2f60, 0x00000000034d4188]

GC Heap History (10 events):
Event: 11.149 GC heap before
{Heap before GC invocations=6 (full 0):
 PSYoungGen      total 35328K, used 35328K [0x00000000eab00000, 0x00000000ed000000, 0x0000000100000000)
  eden space 32768K, 100% used [0x00000000eab00000,0x00000000ecb00000,0x00000000ecb00000)
  from space 2560K, 100% used [0x00000000ecb00000,0x00000000ecd80000,0x00000000ecd80000)
  to   space 2560K, 0% used [0x00000000ecd80000,0x00000000ecd80000,0x00000000ed000000)
 ParOldGen       total 44032K, used 11861K [0x00000000c0000000, 0x00000000c2b00000, 0x00000000eab00000)
  object space 44032K, 26% used [0x00000000c0000000,0x00000000c0b95780,0x00000000c2b00000)
 Metaspace       used 6159K, capacity 7088K, committed 7296K, reserved 1056768K
  class space    used 575K, capacity 616K, committed 640K, reserved 1048576K
Event: 11.350 GC heap after
Heap after GC invocations=6 (full 0):
 PSYoungGen      total 35328K, used 2544K [0x00000000eab00000, 0x00000000ed000000, 0x0000000100000000)
  eden space 32768K, 0% used [0x00000000eab00000,0x00000000eab00000,0x00000000ecb00000)
  from space 2560K, 99% used [0x00000000ecd80000,0x00000000ecffc010,0x00000000ed000000)
  to   space 2560K, 0% used [0x00000000ecb00000,0x00000000ecb00000,0x00000000ecd80000)
 ParOldGen       total 44032K, used 17137K [0x00000000c0000000, 0x00000000c2b00000, 0x00000000eab00000)
  object space 44032K, 38% used [0x00000000c0000000,0x00000000c10bc490,0x00000000c2b00000)
 Metaspace       used 6159K, capacity 7088K, committed 7296K, reserved 1056768K
  class space    used 575K, capacity 616K, committed 640K, reserved 1048576K
}
Event: 12.353 GC heap before
{Heap before GC invocations=7 (full 0):
 PSYoungGen      total 35328K, used 35312K [0x00000000eab00000, 0x00000000ed000000, 0x0000000100000000)
  eden space 32768K, 100% used [0x00000000eab00000,0x00000000ecb00000,0x00000000ecb00000)
  from space 2560K, 99% used [0x00000000ecd80000,0x00000000ecffc010,0x00000000ed000000)
  to   space 2560K, 0% used [0x00000000ecb00000,0x00000000ecb00000,0x00000000ecd80000)
 ParOldGen       total 44032K, used 17137K [0x00000000c0000000, 0x00000000c2b00000, 0x00000000eab00000)
  object space 44032K, 38% used [0x00000000c0000000,0x00000000c10bc490,0x00000000c2b00000)
 Metaspace       used 6273K, capacity 7090K, committed 7296K, reserved 1056768K
  class space    used 594K, capacity 618K, committed 640K, reserved 1048576K
Event: 12.418 GC heap after
Heap after GC invocations=7 (full 0):
 PSYoungGen      total 35328K, used 2548K [0x00000000eab00000, 0x00000000ed000000, 0x0000000100000000)
  eden space 32768K, 0% used [0x00000000eab00000,0x00000000eab00000,0x00000000ecb00000)
  from space 2560K, 99% used [0x00000000ecb00000,0x00000000ecd7d098,0x00000000ecd80000)
  to   space 2560K, 0% used [0x00000000ecd80000,0x00000000ecd80000,0x00000000ed000000)
 ParOldGen       total 44032K, used 22059K [0x00000000c0000000, 0x00000000c2b00000, 0x00000000eab00000)
  object space 44032K, 50% used [0x00000000c0000000,0x00000000c158acd0,0x00000000c2b00000)
 Metaspace       used 6273K, capacity 7090K, committed 7296K, reserved 1056768K
  class space    used 594K, capacity 618K, committed 640K, reserved 1048576K
}
Event: 13.037 GC heap before
{Heap before GC invocations=8 (full 0):
 PSYoungGen      total 35328K, used 35316K [0x00000000eab00000, 0x00000000ed000000, 0x0000000100000000)
  eden space 32768K, 100% used [0x00000000eab00000,0x00000000ecb00000,0x00000000ecb00000)
  from space 2560K, 99% used [0x00000000ecb00000,0x00000000ecd7d098,0x00000000ecd80000)
  to   space 2560K, 0% used [0x00000000ecd80000,0x00000000ecd80000,0x00000000ed000000)
 ParOldGen       total 44032K, used 22059K [0x00000000c0000000, 0x00000000c2b00000, 0x00000000eab00000)
  object space 44032K, 50% used [0x00000000c0000000,0x00000000c158acd0,0x00000000c2b00000)
 Metaspace       used 6287K, capacity 7090K, committed 7296K, reserved 1056768K
  class space    used 594K, capacity 618K, committed 640K, reserved 1048576K
Event: 13.155 GC heap after
Heap after GC invocations=8 (full 0):
 PSYoungGen      total 35328K, used 2553K [0x00000000eab00000, 0x00000000ed000000, 0x0000000100000000)
  eden space 32768K, 0% used [0x00000000eab00000,0x00000000eab00000,0x00000000ecb00000)
  from space 2560K, 99% used [0x00000000ecd80000,0x00000000ecffe6d8,0x00000000ed000000)
  to   space 2560K, 0% used [0x00000000ecb00000,0x00000000ecb00000,0x00000000ecd80000)
 ParOldGen       total 44032K, used 36593K [0x00000000c0000000, 0x00000000c2b00000, 0x00000000eab00000)
  object space 44032K, 83% used [0x00000000c0000000,0x00000000c23bc7d8,0x00000000c2b00000)
 Metaspace       used 6287K, capacity 7090K, committed 7296K, reserved 1056768K
  class space    used 594K, capacity 618K, committed 640K, reserved 1048576K
}
Event: 13.155 GC heap before
{Heap before GC invocations=9 (full 1):
 PSYoungGen      total 35328K, used 2553K [0x00000000eab00000, 0x00000000ed000000, 0x0000000100000000)
  eden space 32768K, 0% used [0x00000000eab00000,0x00000000eab00000,0x00000000ecb00000)
  from space 2560K, 99% used [0x00000000ecd80000,0x00000000ecffe6d8,0x00000000ed000000)
  to   space 2560K, 0% used [0x00000000ecb00000,0x00000000ecb00000,0x00000000ecd80000)
 ParOldGen       total 44032K, used 36593K [0x00000000c0000000, 0x00000000c2b00000, 0x00000000eab00000)
  object space 44032K, 83% used [0x00000000c0000000,0x00000000c23bc7d8,0x00000000c2b00000)
 Metaspace       used 6287K, capacity 7090K, committed 7296K, reserved 1056768K
  class space    used 594K, capacity 618K, committed 640K, reserved 1048576K
Event: 14.086 GC heap after
Heap after GC invocations=9 (full 1):
 PSYoungGen      total 35328K, used 0K [0x00000000eab00000, 0x00000000ed000000, 0x0000000100000000)
  eden space 32768K, 0% used [0x00000000eab00000,0x00000000eab00000,0x00000000ecb00000)
  from space 2560K, 0% used [0x00000000ecd80000,0x00000000ecd80000,0x00000000ed000000)
  to   space 2560K, 0% used [0x00000000ecb00000,0x00000000ecb00000,0x00000000ecd80000)
 ParOldGen       total 70144K, used 36380K [0x00000000c0000000, 0x00000000c4480000, 0x00000000eab00000)
  object space 70144K, 51% used [0x00000000c0000000,0x00000000c23872a8,0x00000000c4480000)
 Metaspace       used 6287K, capacity 7090K, committed 7296K, reserved 1056768K
  class space    used 594K, capacity 618K, committed 640K, reserved 1048576K
}
Event: 15.452 GC heap before
{Heap before GC invocations=10 (full 1):
 PSYoungGen      total 35328K, used 32768K [0x00000000eab00000, 0x00000000ed000000, 0x0000000100000000)
  eden space 32768K, 100% used [0x00000000eab00000,0x00000000ecb00000,0x00000000ecb00000)
  from space 2560K, 0% used [0x00000000ecd80000,0x00000000ecd80000,0x00000000ed000000)
  to   space 2560K, 0% used [0x00000000ecb00000,0x00000000ecb00000,0x00000000ecd80000)
 ParOldGen       total 70144K, used 36380K [0x00000000c0000000, 0x00000000c4480000, 0x00000000eab00000)
  object space 70144K, 51% used [0x00000000c0000000,0x00000000c23872a8,0x00000000c4480000)
 Metaspace       used 6316K, capacity 7154K, committed 7296K, reserved 1056768K
  class space    used 595K, capacity 618K, committed 640K, reserved 1048576K
Event: 15.559 GC heap after
Heap after GC invocations=10 (full 1):
 PSYoungGen      total 35328K, used 2560K [0x00000000eab00000, 0x00000000ef780000, 0x0000000100000000)
  eden space 32768K, 0% used [0x00000000eab00000,0x00000000eab00000,0x00000000ecb00000)
  from space 2560K, 100% used [0x00000000ecb00000,0x00000000ecd80000,0x00000000ecd80000)
  to   space 16384K, 0% used [0x00000000ee780000,0x00000000ee780000,0x00000000ef780000)
 ParOldGen       total 70144K, used 47189K [0x00000000c0000000, 0x00000000c4480000, 0x00000000eab00000)
  object space 70144K, 67% used [0x00000000c0000000,0x00000000c2e156a8,0x00000000c4480000)
 Metaspace       used 6316K, capacity 7154K, committed 7296K, reserved 1056768K
  class space    used 595K, capacity 618K, committed 640K, reserved 1048576K
}

Deoptimization events (10 events):
Event: 12.429 Thread 0x0000000016e33000 Uncommon trap: reason=bimorphic action=maybe_recompile pc=0x000000000325e964 method=com.android.dx.cf.code.BytecodeArray.parseInstruction(ILcom/android/dx/cf/code/BytecodeArray$Visitor;)I @ 2135
Event: 12.591 Thread 0x000000000283d800 Uncommon trap: reason=unstable_if action=reinterpret pc=0x00000000031dfc64 method=java.util.HashMap.putVal(ILjava/lang/Object;Ljava/lang/Object;ZZ)Ljava/lang/Object; @ 162
Event: 12.604 Thread 0x000000000283d800 Uncommon trap: reason=unstable_if action=reinterpret pc=0x00000000031ebfc4 method=com.android.dx.ssa.SCCP.simulateStmt(Lcom/android/dx/ssa/SsaInsn;)V @ 59
Event: 12.777 Thread 0x000000000283d800 Uncommon trap: reason=unstable_if action=reinterpret pc=0x000000000334bc40 method=com.android.dx.cf.code.Ropper.isSynchronized()Z @ 12
Event: 12.808 Thread 0x000000000283d800 Uncommon trap: reason=unstable_if action=reinterpret pc=0x00000000033136bc method=com.android.dx.cf.code.Merger.mergeType(Lcom/android/dx/rop/type/TypeBearer;Lcom/android/dx/rop/type/TypeBearer;)Lcom/android/dx/rop/type/TypeBearer; @ 52
Event: 14.155 Thread 0x000000000283d800 Uncommon trap: reason=class_check action=maybe_recompile pc=0x0000000003404bdc method=com.android.dx.cf.code.BytecodeArray.parseInstruction(ILcom/android/dx/cf/code/BytecodeArray$Visitor;)I @ 1687
Event: 14.157 Thread 0x000000000283d800 Uncommon trap: reason=bimorphic action=maybe_recompile pc=0x0000000003404770 method=com.android.dx.cf.code.BytecodeArray.parseInstruction(ILcom/android/dx/cf/code/BytecodeArray$Visitor;)I @ 1357
Event: 14.158 Thread 0x000000000283d800 Uncommon trap: reason=bimorphic action=maybe_recompile pc=0x0000000003404770 method=com.android.dx.cf.code.BytecodeArray.parseInstruction(ILcom/android/dx/cf/code/BytecodeArray$Visitor;)I @ 1357
Event: 14.372 Thread 0x000000000283d800 Uncommon trap: reason=null_check action=make_not_entrant pc=0x00000000031cbe58 method=com.android.dx.rop.cst.CstKnownNull.equals(Ljava/lang/Object;)Z @ 1
Event: 16.019 Thread 0x000000000283d800 Uncommon trap: reason=unstable_if action=reinterpret pc=0x000000000330710c method=java.util.HashMap.resize()[Ljava/util/HashMap$Node; @ 206

Internal exceptions (6 events):
Event: 4.349 Thread 0x000000000283d800 Exception <a 'java/lang/NoSuchMethodError': Method sun.misc.Unsafe.defineClass(Ljava/lang/String;[BII)Ljava/lang/Class; name or signature does not match> (0x00000000eab07cc0) thrown at [C:\src\android\AOSP-openjdk\external\jetbrains\jdk\hotspot\src\share\vów±~œe@
Event: 4.349 Thread 0x000000000283d800 Exception <a 'java/lang/NoSuchMethodError': Method sun.misc.Unsafe.prefetchRead(Ljava/lang/Object;J)V name or signature does not match> (0x00000000eab07fa8) thrown at [C:\src\android\AOSP-openjdk\external\jetbrains\jdk\hotspot\src\share\vm\prims\jni.cpp, lÒ¼2«¨(@
Event: 12.034 Thread 0x0000000016e38800 Exception <a 'java/lang/ArrayIndexOutOfBoundsException': 18> (0x00000000eb9d47b8) thrown at [C:\src\android\AOSP-openjdk\external\jetbrains\jdk\hotspot\src\share\vm\interpreter\interpreterRuntime.cpp, line 366]
Event: 12.035 Thread 0x0000000016e38800 Exception <a 'java/lang/ArrayIndexOutOfBoundsException': 145> (0x00000000eb9d6338) thrown at [C:\src\android\AOSP-openjdk\external\jetbrains\jdk\hotspot\src\share\vm\interpreter\interpreterRuntime.cpp, line 366]
Event: 12.036 Thread 0x0000000016e38800 Exception <a 'java/lang/ArrayIndexOutOfBoundsException'> (0x00000000eb9d7620) thrown at [C:\src\android\AOSP-openjdk\external\jetbrains\jdk\hotspot\src\share\vm\runtime\sharedRuntime.cpp, line 605]
Event: 14.372 Thread 0x000000000283d800 Implicit null exception at 0x00000000031cbe2c to 0x00000000031cbe4e

Events (10 events):
Event: 15.135 Thread 0x000000000283d800 DEOPT UNPACKING pc=0x0000000002c875bf sp=0x0000000002a3e440 mode 0
Event: 15.416 Thread 0x000000000283d800 DEOPT PACKING pc=0x00000000030c697d sp=0x0000000002a3df70
Event: 15.416 Thread 0x000000000283d800 DEOPT UNPACKING pc=0x0000000002c875bf sp=0x0000000002a3dca8 mode 0
Event: 15.420 Thread 0x000000000283d800 DEOPT PACKING pc=0x000000000308c946 sp=0x0000000002a3df30
Event: 15.420 Thread 0x000000000283d800 DEOPT UNPACKING pc=0x0000000002c875bf sp=0x0000000002a3dcf0 mode 0
Event: 15.447 Executing VM operation: ParallelGCFailedAllocation
Event: 15.559 Executing VM operation: ParallelGCFailedAllocation done
Event: 16.019 Thread 0x000000000283d800 Uncommon trap: trap_request=0xffffff65 fr.pc=0x000000000330710c
Event: 16.019 Thread 0x000000000283d800 DEOPT PACKING pc=0x000000000330710c sp=0x0000000002a3dbf0
Event: 16.019 Thread 0x000000000283d800 DEOPT UNPACKING pc=0x0000000002c8556a sp=0x0000000002a3db58 mode 2


Dynamic libraries:
0x00007ff65aea0000 - 0x00007ff65aed1000 	C:\Program Files\Android\Android Studio\jre\bin\java.exe
0x00007fff314c0000 - 0x00007fff31681000 	C:\WINDOWS\SYSTEM32\ntdll.dll
0x00007fff2eaa0000 - 0x00007fff2eb4d000 	C:\WINDOWS\system32\KERNEL32.DLL
0x00007fff2e030000 - 0x00007fff2e218000 	C:\WINDOWS\system32\KERNELBASE.dll
0x00007fff30780000 - 0x00007fff30827000 	C:\WINDOWS\system32\ADVAPI32.dll
0x00007fff31140000 - 0x00007fff311dd000 	C:\WINDOWS\system32\msvcrt.dll
0x00007fff30b70000 - 0x00007fff30bcb000 	C:\WINDOWS\system32\sechost.dll
0x00007fff2e8c0000 - 0x00007fff2e9dc000 	C:\WINDOWS\system32\RPCRT4.dll
0x00007fff2ef80000 - 0x00007fff2f0d6000 	C:\WINDOWS\system32\USER32.dll
0x00007fff30fb0000 - 0x00007fff31136000 	C:\WINDOWS\system32\GDI32.dll
0x00007fff257a0000 - 0x00007fff25a14000 	C:\WINDOWS\WinSxS\amd64_microsoft.windows.common-controls_6595b64144ccf1df_6.0.10586.672_none_a2d6b3cea53ff843\COMCTL32.dll
0x00007fff30bd0000 - 0x00007fff30e4d000 	C:\WINDOWS\system32\combase.dll
0x00007fff2dc60000 - 0x00007fff2dcca000 	C:\WINDOWS\system32\bcryptPrimitives.dll
0x00007fff30980000 - 0x00007fff309bb000 	C:\WINDOWS\system32\IMM32.DLL
0x000000005e580000 - 0x000000005e652000 	C:\Program Files\Android\Android Studio\jre\jre\bin\msvcr100.dll
0x000000005e740000 - 0x000000005ef74000 	C:\Program Files\Android\Android Studio\jre\jre\bin\server\jvm.dll
0x00007fff30660000 - 0x00007fff30668000 	C:\WINDOWS\system32\PSAPI.DLL
0x00007fff1ce30000 - 0x00007fff1ce39000 	C:\WINDOWS\SYSTEM32\WSOCK32.dll
0x00007fff30aa0000 - 0x00007fff30b0b000 	C:\WINDOWS\system32\WS2_32.dll
0x00007fff2bd30000 - 0x00007fff2bd53000 	C:\WINDOWS\SYSTEM32\WINMM.dll
0x00007fff242a0000 - 0x00007fff242aa000 	C:\WINDOWS\SYSTEM32\VERSION.dll
0x00007fff2bd00000 - 0x00007fff2bd2c000 	C:\WINDOWS\SYSTEM32\WINMMBASE.dll
0x00007fff2e220000 - 0x00007fff2e263000 	C:\WINDOWS\system32\cfgmgr32.dll
0x00007fff27930000 - 0x00007fff2793f000 	C:\Program Files\Android\Android Studio\jre\jre\bin\verify.dll
0x00007fff15570000 - 0x00007fff15599000 	C:\Program Files\Android\Android Studio\jre\jre\bin\java.dll
0x00007fff1ed80000 - 0x00007fff1ed96000 	C:\Program Files\Android\Android Studio\jre\jre\bin\zip.dll
0x00007fff2f0e0000 - 0x00007fff3063c000 	C:\WINDOWS\system32\SHELL32.dll
0x00007fff2e270000 - 0x00007fff2e8b5000 	C:\WINDOWS\system32\windows.storage.dll
0x00007fff312b0000 - 0x00007fff31302000 	C:\WINDOWS\system32\shlwapi.dll
0x00007fff2db30000 - 0x00007fff2db3f000 	C:\WINDOWS\system32\kernel.appcore.dll
0x00007fff2dcd0000 - 0x00007fff2dd85000 	C:\WINDOWS\system32\shcore.dll
0x00007fff2dae0000 - 0x00007fff2db2b000 	C:\WINDOWS\system32\powrprof.dll
0x00007fff2db50000 - 0x00007fff2db64000 	C:\WINDOWS\system32\profapi.dll

VM Arguments:
jvm_args: -Djava.awt.headless=true -Xmx1024M -Dfile.encoding=windows-1252 -Duser.country=GB -Duser.language=en -Duser.variant 
java_command: com.android.dx.command.Main --dex --force-jumbo --num-threads=4 --multi-dex --output C:\Users\Thomas\AndroidStudioProjects\MrWhemps\app\build\intermediates\transforms\dex\debug\folders\1000\10\com.google.android.gms-play-services-ads-9.4.0_66afef4fa8bf1a1cd67637876d9d6bc47bc16660 C:\Users\Thomas\AndroidStudioProjects\MrWhemps\app\build\intermediates\exploded-aar\com.google.android.gms\play-services-ads\9.4.0\jars\classes.jar
java_class_path (initial): C:\Users\Thomas\AppData\Local\Android\sdk\build-tools\23.0.2\lib\dx.jar
Launcher Type: SUN_STANDARD

Environment Variables:
PATH=C:\Program Files (x86)\Intel\iCLS Client\;C:\Program Files\Intel\iCLS Client\;C:\Windows\system32;C:\Windows;C:\Windows\System32\Wbem;C:\Windows\System32\WindowsPowerShell\v1.0\;C:\Program Files (x86)\Intel\OpenCL SDK\2.0\bin\x86;C:\Program Files (x86)\Intel\OpenCL SDK\2.0\bin\x64;C:\Program Files\Intel\Intel(R) Management Engine Components\DAL;C:\Program Files\Intel\Intel(R) Management Engine Components\IPT;C:\Program Files (x86)\Intel\Intel(R) Management Engine Components\DAL;C:\Program Files (x86)\Intel\Intel(R) Management Engine Components\IPT;C:\Program Files (x86)\Windows Live\Shared;C:\Users\Thomas\AppData\Local\Smartbar\Application\;C:\WINDOWS\system32;C:\WINDOWS;C:\WINDOWS\System32\Wbem;C:\WINDOWS\System32\WindowsPowerShell\v1.0\;D:\Programs\bin;C:\Program Files\Microsoft SQL Server\110\Tools\Binn\;C:\Program Files\Microsoft SQL Server\120\Tools\Binn\;C:\Program Files\MiKTeX 2.9\miktex\bin\;C:\Program Files\MiKTeX 2.9\gs\gs8.71\bin\;C:\Program Files\Git\cmd;C:\Program Files (x86)\Skype\Phone\;C:\WINDOWS\system32\config\systemprofile\.dnx\bin;C:\Program Files\Microsoft DNX\Dnvm\;C:\Program Files\Microsoft SQL Server\130\Tools\Binn\;C:\Program Files (x86)\Windows Kits\10\Windows Performance Toolkit\;C:\Program Files
USERNAME=Thomas
OS=Windows_NT
PROCESSOR_IDENTIFIER=Intel64 Family 6 Model 42 Stepping 7, GenuineIntel



---------------  S Y S T E M  ---------------

OS: Windows 10.0 , 64 bit Build 10586 (10.0.10586.589)

CPU:total 4 (2 cores per cpu, 2 threads per core) family 6 model 42 stepping 7, cmov, cx8, fxsr, mmx, sse, sse2, sse3, ssse3, sse4.1, sse4.2, popcnt, avx, clmul, ht, tsc, tscinvbit

Memory: 4k page, physical 4075172k(286996k free), swap 6565540k(5508k free)

vm_info: OpenJDK 64-Bit Server VM (25.76-b03) for windows-amd64 JRE (1.8.0_76-release-b03), built on Jun 29 2016 19:09:20 by "ralucas" with MS VC++ 10.0 (VS2010)

time: Sat Dec 31 02:21:40 2016
elapsed time: 16 seconds (0d 0h 0m 16s)

