#
# There is insufficient memory for the Java Runtime Environment to continue.
# Native memory allocation (malloc) failed to allocate 296016 bytes for Chunk::new
# Possible reasons:
#   The system is out of physical RAM or swap space
#   In 32 bit mode, the process size limit was hit
# Possible solutions:
#   Reduce memory load on the system
#   Increase physical memory or swap space
#   Check if swap backing store is full
#   Use 64 bit Java on a 64 bit OS
#   Decrease Java heap size (-Xmx/-Xms)
#   Decrease number of Java threads
#   Decrease Java thread stack sizes (-Xss)
#   Set larger code cache with -XX:ReservedCodeCacheSize=
# This output file may be truncated or incomplete.
#
#  Out of Memory Error (allocation.cpp:390), pid=12768, tid=0x00000000000030c0
#
# JRE version: OpenJDK Runtime Environment (8.0_76-b03) (build 1.8.0_76-release-b03)
# Java VM: OpenJDK 64-Bit Server VM (25.76-b03 mixed mode windows-amd64 compressed oops)
# Failed to write core dump. Minidumps are not enabled by default on client versions of Windows
#

---------------  T H R E A D  ---------------

Current thread (0x000000001576e800):  JavaThread "C2 CompilerThread1" daemon [_thread_in_native, id=12480, stack(0x0000000016ec0000,0x0000000016fc0000)]

Stack: [0x0000000016ec0000,0x0000000016fc0000]
[error occurred during error reporting (printing stack bounds), id 0xc0000005]

Native frames: (J=compiled Java code, j=interpreted, Vv=VM code, C=native code)


Current CompileTask:
C2:   4388  870       4       com.android.dx.ssa.back.LivenessAnalyzer::handleTailRecursion (94 bytes)


---------------  P R O C E S S  ---------------

Java Threads: ( => current thread )
  0x000000001723a000 JavaThread "pool-2-thread-4" [_thread_in_Java, id=10332, stack(0x0000000017ac0000,0x0000000017bc0000)]
  0x0000000017239000 JavaThread "pool-2-thread-3" [_thread_in_Java, id=2428, stack(0x00000000179c0000,0x0000000017ac0000)]
  0x0000000017238800 JavaThread "pool-2-thread-2" [_thread_in_vm, id=12004, stack(0x00000000178c0000,0x00000000179c0000)]
  0x0000000017235800 JavaThread "pool-3-thread-1" [_thread_blocked, id=2772, stack(0x00000000177c0000,0x00000000178c0000)]
  0x0000000017230000 JavaThread "pool-2-thread-1" [_thread_in_Java, id=11376, stack(0x00000000176c0000,0x00000000177c0000)]
  0x0000000016fd4800 JavaThread "Service Thread" daemon [_thread_blocked, id=6108, stack(0x00000000174c0000,0x00000000175c0000)]
  0x0000000016fc8800 JavaThread "C1 CompilerThread2" daemon [_thread_in_native, id=12884, stack(0x00000000173c0000,0x00000000174c0000)]
=>0x000000001576e800 JavaThread "C2 CompilerThread1" daemon [_thread_in_native, id=12480, stack(0x0000000016ec0000,0x0000000016fc0000)]
  0x000000001576b800 JavaThread "C2 CompilerThread0" daemon [_thread_in_native, id=9384, stack(0x0000000016dc0000,0x0000000016ec0000)]
  0x000000001576a000 JavaThread "Attach Listener" daemon [_thread_blocked, id=11428, stack(0x0000000016cc0000,0x0000000016dc0000)]
  0x0000000015769000 JavaThread "Signal Dispatcher" daemon [_thread_blocked, id=6456, stack(0x0000000016bc0000,0x0000000016cc0000)]
  0x0000000015758800 JavaThread "Finalizer" daemon [_thread_blocked, id=9908, stack(0x00000000169e0000,0x0000000016ae0000)]
  0x0000000003090800 JavaThread "Reference Handler" daemon [_thread_blocked, id=13848, stack(0x00000000168e0000,0x00000000169e0000)]
  0x0000000002e9d800 JavaThread "main" [_thread_in_native, id=11752, stack(0x0000000002ea0000,0x0000000002fa0000)]

Other Threads:
  0x0000000015735000 VMThread [stack: 0x00000000167e0000,0x00000000168e0000] [id=12724]
  0x0000000016fca800 WatcherThread [stack: 0x00000000175c0000,0x00000000176c0000] [id=7056]

VM state:not at safepoint (normal execution)

VM Mutex/Monitor currently owned by a thread: None

Heap:
 PSYoungGen      total 18944K, used 8033K [0x00000000eab00000, 0x00000000ed000000, 0x0000000100000000)
  eden space 16384K, 33% used [0x00000000eab00000,0x00000000eb05dac0,0x00000000ebb00000)
  from space 2560K, 99% used [0x00000000ebb00000,0x00000000ebd7aac8,0x00000000ebd80000)
  to   space 2560K, 0% used [0x00000000ecd80000,0x00000000ecd80000,0x00000000ed000000)
 ParOldGen       total 44032K, used 1449K [0x00000000c0000000, 0x00000000c2b00000, 0x00000000eab00000)
  object space 44032K, 3% used [0x00000000c0000000,0x00000000c016a518,0x00000000c2b00000)
 Metaspace       used 5758K, capacity 6768K, committed 7040K, reserved 1056768K
  class space    used 570K, capacity 616K, committed 640K, reserved 1048576K

Card table byte_map: [0x0000000012460000,0x0000000012670000] byte_map_base: 0x0000000011e60000

Marking Bits: (ParMarkBitMap*) 0x000000005c809d00
 Begin Bits: [0x0000000012bd0000, 0x0000000013bd0000)
 End Bits:   [0x0000000013bd0000, 0x0000000014bd0000)

Polling page: 0x0000000002de0000

CodeCache: size=245760Kb used=3667Kb max_used=3667Kb free=242092Kb
 bounds [0x00000000030a0000, 0x0000000003440000, 0x00000000120a0000]
 total_blobs=1212 nmethods=945 adapters=181
 compilation: enabled

Compilation events (10 events):
Event: 4.362 Thread 0x0000000016fc8800  939       3       com.android.dx.ssa.PhiInsn::getSources (95 bytes)
Event: 4.363 Thread 0x000000001576b800  955       4       com.android.dx.rop.code.PlainInsn::<init> (73 bytes)
Event: 4.363 Thread 0x0000000016fc8800 nmethod 939 0x0000000003418790 code [0x0000000003418a00, 0x0000000003419a18]
Event: 4.363 Thread 0x0000000016fc8800  954       3       com.android.dx.ssa.SsaBasicBlock::getRopLabelSuccessorList (57 bytes)
Event: 4.365 Thread 0x0000000016fc8800 nmethod 954 0x000000000341e150 code [0x000000000341e340, 0x000000000341ee28]
Event: 4.365 Thread 0x0000000016fc8800  941       3       com.android.dx.ssa.InterferenceRegisterMapper::addInterfence (62 bytes)
Event: 4.365 Thread 0x000000001576b800 nmethod 955 0x0000000003418390 code [0x00000000034184e0, 0x0000000003418638]
Event: 4.367 Thread 0x0000000016fc8800 nmethod 941 0x0000000003420d10 code [0x0000000003420fe0, 0x00000000034222c8]
Event: 4.367 Thread 0x0000000016fc8800  964   !   3       com.android.dx.cf.code.Ropper::processBlock (1101 bytes)
Event: 4.369 Thread 0x000000001576b800  969       4       com.android.dx.ssa.SsaMethod::deleteInsns (239 bytes)

GC Heap History (2 events):
Event: 4.107 GC heap before
{Heap before GC invocations=1 (full 0):
 PSYoungGen      total 18944K, used 16384K [0x00000000eab00000, 0x00000000ec000000, 0x0000000100000000)
  eden space 16384K, 100% used [0x00000000eab00000,0x00000000ebb00000,0x00000000ebb00000)
  from space 2560K, 0% used [0x00000000ebd80000,0x00000000ebd80000,0x00000000ec000000)
  to   space 2560K, 0% used [0x00000000ebb00000,0x00000000ebb00000,0x00000000ebd80000)
 ParOldGen       total 44032K, used 0K [0x00000000c0000000, 0x00000000c2b00000, 0x00000000eab00000)
  object space 44032K, 0% used [0x00000000c0000000,0x00000000c0000000,0x00000000c2b00000)
 Metaspace       used 5693K, capacity 6704K, committed 6784K, reserved 1056768K
  class space    used 570K, capacity 616K, committed 640K, reserved 1048576K
Event: 4.212 GC heap after
Heap after GC invocations=1 (full 0):
 PSYoungGen      total 18944K, used 2538K [0x00000000eab00000, 0x00000000ed000000, 0x0000000100000000)
  eden space 16384K, 0% used [0x00000000eab00000,0x00000000eab00000,0x00000000ebb00000)
  from space 2560K, 99% used [0x00000000ebb00000,0x00000000ebd7aac8,0x00000000ebd80000)
  to   space 2560K, 0% used [0x00000000ecd80000,0x00000000ecd80000,0x00000000ed000000)
 ParOldGen       total 44032K, used 1449K [0x00000000c0000000, 0x00000000c2b00000, 0x00000000eab00000)
  object space 44032K, 3% used [0x00000000c0000000,0x00000000c016a518,0x00000000c2b00000)
 Metaspace       used 5693K, capacity 6704K, committed 6784K, reserved 1056768K
  class space    used 570K, capacity 616K, committed 640K, reserved 1048576K
}

Deoptimization events (3 events):
Event: 4.085 Thread 0x0000000017239000 Uncommon trap: reason=class_check action=maybe_recompile pc=0x00000000033585f4 method=com.android.dx.ssa.NormalSsaInsn.accept(Lcom/android/dx/ssa/SsaInsn$Visitor;)V @ 9
Event: 4.085 Thread 0x0000000017239000 Uncommon trap: reason=class_check action=maybe_recompile pc=0x00000000032be030 method=com.android.dx.ssa.NormalSsaInsn.accept(Lcom/android/dx/ssa/SsaInsn$Visitor;)V @ 9
Event: 4.085 Thread 0x0000000017239000 Uncommon trap: reason=class_check action=maybe_recompile pc=0x00000000032be030 method=com.android.dx.ssa.NormalSsaInsn.accept(Lcom/android/dx/ssa/SsaInsn$Visitor;)V @ 9

Internal exceptions (2 events):
Event: 0.557 Thread 0x0000000002e9d800 Exception <a 'java/lang/NoSuchMethodError': Method sun.misc.Unsafe.defineClass(Ljava/lang/String;[BII)Ljava/lang/Class; name or signature does not match> (0x00000000eab07cc0) thrown at [C:\src\android\AOSP-openjdk\external\jetbrains\jdk\hotspot\src\share\v!íèis’·?
Event: 0.557 Thread 0x0000000002e9d800 Exception <a 'java/lang/NoSuchMethodError': Method sun.misc.Unsafe.prefetchRead(Ljava/lang/Object;J)V name or signature does not match> (0x00000000eab07fa8) thrown at [C:\src\android\AOSP-openjdk\external\jetbrains\jdk\hotspot\src\share\vm\prims\jni.cpp, l

Events (10 events):
Event: 4.085 Thread 0x0000000017239000 Uncommon trap: trap_request=0xffffffde fr.pc=0x00000000032be030
Event: 4.085 Thread 0x0000000017239000 DEOPT PACKING pc=0x00000000032be030 sp=0x0000000017abea40
Event: 4.085 Thread 0x0000000017239000 DEOPT UNPACKING pc=0x00000000030e556a sp=0x0000000017abe9e0 mode 2
Event: 4.085 Thread 0x0000000017239000 Uncommon trap: trap_request=0xffffffde fr.pc=0x00000000032be030
Event: 4.085 Thread 0x0000000017239000 DEOPT PACKING pc=0x00000000032be030 sp=0x0000000017abea40
Event: 4.085 Thread 0x0000000017239000 DEOPT UNPACKING pc=0x00000000030e556a sp=0x0000000017abe9e0 mode 2
Event: 4.105 Executing VM operation: ParallelGCFailedAllocation
Event: 4.212 Executing VM operation: ParallelGCFailedAllocation done
Event: 4.254 loading class com/android/dx/cf/code/SwitchList
Event: 4.254 loading class com/android/dx/cf/code/SwitchList done


Dynamic libraries:
0x00007ff6c7d80000 - 0x00007ff6c7db1000 	C:\Program Files\Android\Android Studio\jre\bin\java.exe
0x00007ffd40960000 - 0x00007ffd40b21000 	C:\WINDOWS\SYSTEM32\ntdll.dll
0x00007ffd3e080000 - 0x00007ffd3e12d000 	C:\WINDOWS\system32\KERNEL32.DLL
0x00007ffd3dab0000 - 0x00007ffd3dc98000 	C:\WINDOWS\system32\KERNELBASE.dll
0x00007ffd40460000 - 0x00007ffd40507000 	C:\WINDOWS\system32\ADVAPI32.dll
0x00007ffd3e980000 - 0x00007ffd3ea1d000 	C:\WINDOWS\system32\msvcrt.dll
0x00007ffd3e8b0000 - 0x00007ffd3e90b000 	C:\WINDOWS\system32\sechost.dll
0x00007ffd3e130000 - 0x00007ffd3e24c000 	C:\WINDOWS\system32\RPCRT4.dll
0x00007ffd3df20000 - 0x00007ffd3e076000 	C:\WINDOWS\system32\USER32.dll
0x00007ffd3dd80000 - 0x00007ffd3df06000 	C:\WINDOWS\system32\GDI32.dll
0x00007ffd38ad0000 - 0x00007ffd38d44000 	C:\WINDOWS\WinSxS\amd64_microsoft.windows.common-controls_6595b64144ccf1df_6.0.10586.672_none_a2d6b3cea53ff843\COMCTL32.dll
0x00007ffd3e250000 - 0x00007ffd3e4cd000 	C:\WINDOWS\system32\combase.dll
0x00007ffd3d8b0000 - 0x00007ffd3d91a000 	C:\WINDOWS\system32\bcryptPrimitives.dll
0x00007ffd40510000 - 0x00007ffd4054b000 	C:\WINDOWS\system32\IMM32.DLL
0x000000005be90000 - 0x000000005bf62000 	C:\Program Files\Android\Android Studio\jre\jre\bin\msvcr100.dll
0x000000005c050000 - 0x000000005c884000 	C:\Program Files\Android\Android Studio\jre\jre\bin\server\jvm.dll
0x00007ffd3df10000 - 0x00007ffd3df18000 	C:\WINDOWS\system32\PSAPI.DLL
0x00007ffd32730000 - 0x00007ffd32739000 	C:\WINDOWS\SYSTEM32\WSOCK32.dll
0x00007ffd3e910000 - 0x00007ffd3e97b000 	C:\WINDOWS\system32\WS2_32.dll
0x00007ffd39a80000 - 0x00007ffd39aa3000 	C:\WINDOWS\SYSTEM32\WINMM.dll
0x00007ffd33a10000 - 0x00007ffd33a1a000 	C:\WINDOWS\SYSTEM32\VERSION.dll
0x00007ffd39a50000 - 0x00007ffd39a7c000 	C:\WINDOWS\SYSTEM32\WINMMBASE.dll
0x00007ffd3d920000 - 0x00007ffd3d963000 	C:\WINDOWS\system32\cfgmgr32.dll
0x00007ffd34130000 - 0x00007ffd3413f000 	C:\Program Files\Android\Android Studio\jre\jre\bin\verify.dll
0x00007ffd32f70000 - 0x00007ffd32f99000 	C:\Program Files\Android\Android Studio\jre\jre\bin\java.dll
0x00007ffd2ffd0000 - 0x00007ffd2ffe6000 	C:\Program Files\Android\Android Studio\jre\jre\bin\zip.dll
0x00007ffd3ef00000 - 0x00007ffd4045c000 	C:\WINDOWS\system32\SHELL32.dll
0x00007ffd3d090000 - 0x00007ffd3d6d5000 	C:\WINDOWS\system32\windows.storage.dll
0x00007ffd406d0000 - 0x00007ffd40722000 	C:\WINDOWS\system32\shlwapi.dll
0x00007ffd3d000000 - 0x00007ffd3d00f000 	C:\WINDOWS\system32\kernel.appcore.dll
0x00007ffd3dca0000 - 0x00007ffd3dd55000 	C:\WINDOWS\system32\shcore.dll
0x00007ffd3cfb0000 - 0x00007ffd3cffb000 	C:\WINDOWS\system32\powrprof.dll
0x00007ffd3cf90000 - 0x00007ffd3cfa4000 	C:\WINDOWS\system32\profapi.dll

VM Arguments:
jvm_args: -Djava.awt.headless=true -Xmx1024M -Dfile.encoding=windows-1252 -Duser.country=GB -Duser.language=en -Duser.variant 
java_command: com.android.dx.command.Main --dex --force-jumbo --num-threads=4 --multi-dex --output C:\Users\Thomas\AndroidStudioProjects\MrWhemps\app\build\intermediates\transforms\dex\debug\folders\1000\10\com.google.android.gms-play-services-vision-9.4.0_c32d32f2f497e4a54784bec2ad1f73269b9e75a3 C:\Users\Thomas\AndroidStudioProjects\MrWhemps\app\build\intermediates\exploded-aar\com.google.android.gms\play-services-vision\9.4.0\jars\classes.jar
java_class_path (initial): C:\Users\Thomas\AppData\Local\Android\sdk\build-tools\23.0.2\lib\dx.jar
Launcher Type: SUN_STANDARD

Environment Variables:
PATH=C:\Program Files (x86)\Intel\iCLS Client\;C:\Program Files\Intel\iCLS Client\;C:\Windows\system32;C:\Windows;C:\Windows\System32\Wbem;C:\Windows\System32\WindowsPowerShell\v1.0\;C:\Program Files (x86)\Intel\OpenCL SDK\2.0\bin\x86;C:\Program Files (x86)\Intel\OpenCL SDK\2.0\bin\x64;C:\Program Files\Intel\Intel(R) Management Engine Components\DAL;C:\Program Files\Intel\Intel(R) Management Engine Components\IPT;C:\Program Files (x86)\Intel\Intel(R) Management Engine Components\DAL;C:\Program Files (x86)\Intel\Intel(R) Management Engine Components\IPT;C:\Program Files (x86)\Windows Live\Shared;C:\Users\Thomas\AppData\Local\Smartbar\Application\;C:\WINDOWS\system32;C:\WINDOWS;C:\WINDOWS\System32\Wbem;C:\WINDOWS\System32\WindowsPowerShell\v1.0\;D:\Programs\bin;C:\Program Files\Microsoft SQL Server\110\Tools\Binn\;C:\Program Files\Microsoft SQL Server\120\Tools\Binn\;C:\Program Files\MiKTeX 2.9\miktex\bin\;C:\Program Files\MiKTeX 2.9\gs\gs8.71\bin\;C:\Program Files\Git\cmd;C:\Program Files (x86)\Skype\Phone\;C:\Program Files\Microsoft SQL Server\130\Tools\Binn\;C:\Program Files (x86)\Windows Kits\10\Windows Performance Toolkit\;C:\Program Files
USERNAME=Thomas
OS=Windows_NT
PROCESSOR_IDENTIFIER=Intel64 Family 6 Model 42 Stepping 7, GenuineIntel



---------------  S Y S T E M  ---------------

OS: Windows 10.0 , 64 bit Build 10586 (10.0.10586.589)

CPU:total 4 (2 cores per cpu, 2 threads per core) family 6 model 42 stepping 7, cmov, cx8, fxsr, mmx, sse, sse2, sse3, ssse3, sse4.1, sse4.2, popcnt, avx, clmul, ht, tsc, tscinvbit

Memory: 4k page, physical 4075172k(930196k free), swap 6565540k(5308k free)

vm_info: OpenJDK 64-Bit Server VM (25.76-b03) for windows-amd64 JRE (1.8.0_76-release-b03), built on Jun 29 2016 19:09:20 by "ralucas" with MS VC++ 10.0 (VS2010)

time: Sun Jan 22 12:54:56 2017
elapsed time: 4 seconds (0d 0h 0m 4s)

