#
# There is insufficient memory for the Java Runtime Environment to continue.
# Native memory allocation (malloc) failed to allocate 625552 bytes for Chunk::new
# Possible reasons:
#   The system is out of physical RAM or swap space
#   In 32 bit mode, the process size limit was hit
# Possible solutions:
#   Reduce memory load on the system
#   Increase physical memory or swap space
#   Check if swap backing store is full
#   Use 64 bit Java on a 64 bit OS
#   Decrease Java heap size (-Xmx/-Xms)
#   Decrease number of Java threads
#   Decrease Java thread stack sizes (-Xss)
#   Set larger code cache with -XX:ReservedCodeCacheSize=
# This output file may be truncated or incomplete.
#
#  Out of Memory Error (allocation.cpp:390), pid=6348, tid=0x0000000000003854
#
# JRE version: OpenJDK Runtime Environment (8.0_76-b03) (build 1.8.0_76-release-b03)
# Java VM: OpenJDK 64-Bit Server VM (25.76-b03 mixed mode windows-amd64 compressed oops)
# Failed to write core dump. Minidumps are not enabled by default on client versions of Windows
#

---------------  T H R E A D  ---------------

Current thread (0x0000000014f27000):  JavaThread "C2 CompilerThread0" daemon [_thread_in_native, id=14420, stack(0x0000000016550000,0x0000000016650000)]

Stack: [0x0000000016550000,0x0000000016650000]
[error occurred during error reporting (printing stack bounds), id 0xc0000005]

Native frames: (J=compiled Java code, j=interpreted, Vv=VM code, C=native code)


Current CompileTask:
C2:   1915 1155   !   4       com.android.dx.cf.code.BytecodeArray::parseInstruction (2764 bytes)


---------------  P R O C E S S  ---------------

Java Threads: ( => current thread )
  0x00000000169ef800 JavaThread "pool-2-thread-4" [_thread_in_Java, id=2184, stack(0x0000000017250000,0x0000000017350000)]
  0x00000000169e8000 JavaThread "pool-2-thread-3" [_thread_in_Java, id=7748, stack(0x0000000017150000,0x0000000017250000)]
  0x00000000169e7800 JavaThread "pool-2-thread-2" [_thread_in_Java, id=10480, stack(0x0000000017050000,0x0000000017150000)]
  0x00000000169e0000 JavaThread "pool-3-thread-1" [_thread_blocked, id=12372, stack(0x0000000016f50000,0x0000000017050000)]
  0x00000000169df000 JavaThread "pool-2-thread-1" [_thread_in_Java, id=10312, stack(0x0000000016e50000,0x0000000016f50000)]
  0x0000000014f7b000 JavaThread "Service Thread" daemon [_thread_blocked, id=8780, stack(0x0000000016c50000,0x0000000016d50000)]
  0x0000000014f1e800 JavaThread "C1 CompilerThread2" daemon [_thread_blocked, id=4000, stack(0x0000000016750000,0x0000000016850000)]
  0x0000000014f18000 JavaThread "C2 CompilerThread1" daemon [_thread_in_native, id=9456, stack(0x0000000016650000,0x0000000016750000)]
=>0x0000000014f27000 JavaThread "C2 CompilerThread0" daemon [_thread_in_native, id=14420, stack(0x0000000016550000,0x0000000016650000)]
  0x0000000014f26000 JavaThread "Attach Listener" daemon [_thread_blocked, id=468, stack(0x0000000016450000,0x0000000016550000)]
  0x0000000014f24800 JavaThread "Signal Dispatcher" daemon [_thread_blocked, id=4320, stack(0x0000000016350000,0x0000000016450000)]
  0x0000000014f08800 JavaThread "Finalizer" daemon [_thread_blocked, id=6684, stack(0x0000000016170000,0x0000000016270000)]
  0x0000000002840800 JavaThread "Reference Handler" daemon [_thread_blocked, id=7360, stack(0x0000000016070000,0x0000000016170000)]
  0x000000000095d800 JavaThread "main" [_thread_blocked, id=10344, stack(0x00000000025a0000,0x00000000026a0000)]

Other Threads:
  0x0000000014ee5000 VMThread [stack: 0x0000000015f70000,0x0000000016070000] [id=14200]
  0x0000000014f7d000 WatcherThread [stack: 0x0000000016d50000,0x0000000016e50000] [id=10408]

VM state:not at safepoint (normal execution)

VM Mutex/Monitor currently owned by a thread: None

Heap:
 PSYoungGen      total 18944K, used 12841K [0x00000000eab00000, 0x00000000ec000000, 0x0000000100000000)
  eden space 16384K, 62% used [0x00000000eab00000,0x00000000eb511f00,0x00000000ebb00000)
  from space 2560K, 98% used [0x00000000ebd80000,0x00000000ebff8850,0x00000000ec000000)
  to   space 2560K, 0% used [0x00000000ebb00000,0x00000000ebb00000,0x00000000ebd80000)
 ParOldGen       total 44032K, used 4460K [0x00000000c0000000, 0x00000000c2b00000, 0x00000000eab00000)
  object space 44032K, 10% used [0x00000000c0000000,0x00000000c045b050,0x00000000c2b00000)
 Metaspace       used 5926K, capacity 6896K, committed 7040K, reserved 1056768K
  class space    used 576K, capacity 616K, committed 640K, reserved 1048576K

Card table byte_map: [0x0000000011c10000,0x0000000011e20000] byte_map_base: 0x0000000011610000

Marking Bits: (ParMarkBitMap*) 0x00000000665d9d00
 Begin Bits: [0x0000000012380000, 0x0000000013380000)
 End Bits:   [0x0000000013380000, 0x0000000014380000)

Polling page: 0x00000000005f0000

CodeCache: size=245760Kb used=5017Kb max_used=5029Kb free=240742Kb
 bounds [0x0000000002850000, 0x0000000002d40000, 0x0000000011850000]
 total_blobs=1500 nmethods=1232 adapters=182
 compilation: enabled

Compilation events (10 events):
Event: 1.876 Thread 0x0000000014f18000 nmethod 1203 0x0000000002d2fb90 code [0x0000000002d2fd00, 0x0000000002d30118]
Event: 1.876 Thread 0x0000000014f18000 1206       4       com.android.dx.rop.code.RegisterSpecSet::equals (106 bytes)
Event: 1.890 Thread 0x0000000014f18000 nmethod 1206 0x0000000002d2f390 code [0x0000000002d2f4e0, 0x0000000002d2f938]
Event: 1.890 Thread 0x0000000014f18000 1217       4       com.android.dx.util.BitIntSet::has (28 bytes)
Event: 1.891 Thread 0x0000000014f18000 nmethod 1217 0x0000000002d2f010 code [0x0000000002d2f140, 0x0000000002d2f1f8]
Event: 1.891 Thread 0x0000000014f18000 1199       4       com.android.dx.ssa.SsaMethod$2::visitNonMoveInsn (6 bytes)
Event: 1.892 Thread 0x0000000014f18000 nmethod 1199 0x0000000002ce1390 code [0x0000000002ce14e0, 0x0000000002ce1568]
Event: 1.892 Thread 0x0000000014f18000 1209       4       java.util.Collections$UnmodifiableCollection::iterator (9 bytes)
Event: 1.898 Thread 0x0000000014f18000 nmethod 1209 0x0000000002d3c050 code [0x0000000002d3c1c0, 0x0000000002d3c478]
Event: 1.898 Thread 0x0000000014f18000 1201       4       com.android.dx.util.LabeledList::set (45 bytes)

GC Heap History (4 events):
Event: 1.016 GC heap before
{Heap before GC invocations=1 (full 0):
 PSYoungGen      total 18944K, used 16384K [0x00000000eab00000, 0x00000000ec000000, 0x0000000100000000)
  eden space 16384K, 100% used [0x00000000eab00000,0x00000000ebb00000,0x00000000ebb00000)
  from space 2560K, 0% used [0x00000000ebd80000,0x00000000ebd80000,0x00000000ec000000)
  to   space 2560K, 0% used [0x00000000ebb00000,0x00000000ebb00000,0x00000000ebd80000)
 ParOldGen       total 44032K, used 0K [0x00000000c0000000, 0x00000000c2b00000, 0x00000000eab00000)
  object space 44032K, 0% used [0x00000000c0000000,0x00000000c0000000,0x00000000c2b00000)
 Metaspace       used 5702K, capacity 6704K, committed 6784K, reserved 1056768K
  class space    used 572K, capacity 616K, committed 640K, reserved 1048576K
Event: 1.026 GC heap after
Heap after GC invocations=1 (full 0):
 PSYoungGen      total 18944K, used 2554K [0x00000000eab00000, 0x00000000ec000000, 0x0000000100000000)
  eden space 16384K, 0% used [0x00000000eab00000,0x00000000eab00000,0x00000000ebb00000)
  from space 2560K, 99% used [0x00000000ebb00000,0x00000000ebd7eac0,0x00000000ebd80000)
  to   space 2560K, 0% used [0x00000000ebd80000,0x00000000ebd80000,0x00000000ec000000)
 ParOldGen       total 44032K, used 1899K [0x00000000c0000000, 0x00000000c2b00000, 0x00000000eab00000)
  object space 44032K, 4% used [0x00000000c0000000,0x00000000c01dac28,0x00000000c2b00000)
 Metaspace       used 5702K, capacity 6704K, committed 6784K, reserved 1056768K
  class space    used 572K, capacity 616K, committed 640K, reserved 1048576K
}
Event: 1.647 GC heap before
{Heap before GC invocations=2 (full 0):
 PSYoungGen      total 18944K, used 18938K [0x00000000eab00000, 0x00000000ec000000, 0x0000000100000000)
  eden space 16384K, 100% used [0x00000000eab00000,0x00000000ebb00000,0x00000000ebb00000)
  from space 2560K, 99% used [0x00000000ebb00000,0x00000000ebd7eac0,0x00000000ebd80000)
  to   space 2560K, 0% used [0x00000000ebd80000,0x00000000ebd80000,0x00000000ec000000)
 ParOldGen       total 44032K, used 1899K [0x00000000c0000000, 0x00000000c2b00000, 0x00000000eab00000)
  object space 44032K, 4% used [0x00000000c0000000,0x00000000c01dac28,0x00000000c2b00000)
 Metaspace       used 5882K, capacity 6896K, committed 7040K, reserved 1056768K
  class space    used 575K, capacity 616K, committed 640K, reserved 1048576K
Event: 1.763 GC heap after
Heap after GC invocations=2 (full 0):
 PSYoungGen      total 18944K, used 2530K [0x00000000eab00000, 0x00000000ec000000, 0x0000000100000000)
  eden space 16384K, 0% used [0x00000000eab00000,0x00000000eab00000,0x00000000ebb00000)
  from space 2560K, 98% used [0x00000000ebd80000,0x00000000ebff8850,0x00000000ec000000)
  to   space 2560K, 0% used [0x00000000ebb00000,0x00000000ebb00000,0x00000000ebd80000)
 ParOldGen       total 44032K, used 4460K [0x00000000c0000000, 0x00000000c2b00000, 0x00000000eab00000)
  object space 44032K, 10% used [0x00000000c0000000,0x00000000c045b050,0x00000000c2b00000)
 Metaspace       used 5882K, capacity 6896K, committed 7040K, reserved 1056768K
  class space    used 575K, capacity 616K, committed 640K, reserved 1048576K
}

Deoptimization events (8 events):
Event: 0.304 Thread 0x000000000095d800 Uncommon trap: reason=unstable_if action=reinterpret pc=0x00000000029879d0 method=java.lang.String.indexOf(II)I @ 49
Event: 0.692 Thread 0x00000000169e7800 Uncommon trap: reason=unstable_if action=reinterpret pc=0x0000000002a554d4 method=java.util.HashMap.getNode(ILjava/lang/Object;)Ljava/util/HashMap$Node; @ 129
Event: 1.006 Thread 0x00000000169df000 Uncommon trap: reason=unstable_if action=reinterpret pc=0x0000000002b2f650 method=com.android.dx.ssa.SsaInsn.getLocalAssignment()Lcom/android/dx/rop/code/RegisterSpec; @ 14
Event: 1.230 Thread 0x00000000169e8000 Uncommon trap: reason=null_check action=make_not_entrant pc=0x0000000002b4123c method=com.android.dx.ssa.SsaRenamer.getLocalForNewReg(I)Lcom/android/dx/rop/code/LocalItem; @ 19
Event: 1.231 Thread 0x00000000169e8000 Uncommon trap: reason=unstable_if action=reinterpret pc=0x0000000002b83e24 method=com.android.dx.ssa.SsaRenamer$BlockRenamer.addMapping(ILcom/android/dx/rop/code/RegisterSpec;)V @ 120
Event: 1.238 Thread 0x00000000169e8000 Uncommon trap: reason=bimorphic action=maybe_recompile pc=0x0000000002a6fe20 method=java.util.HashMap.getNode(ILjava/lang/Object;)Ljava/util/HashMap$Node; @ 126
Event: 1.318 Thread 0x00000000169ef800 Uncommon trap: reason=unstable_if action=reinterpret pc=0x0000000002c2211c method=com.android.dx.rop.cst.Constant.compareTo(Lcom/android/dx/rop/cst/Constant;)I @ 12
Event: 1.388 Thread 0x00000000169e7800 Uncommon trap: reason=unstable_if action=reinterpret pc=0x0000000002b84a1c method=com.android.dx.rop.code.RegisterSpec.equals(ILcom/android/dx/rop/type/TypeBearer;Lcom/android/dx/rop/code/LocalItem;)Z @ 42

Internal exceptions (3 events):
Event: 0.045 Thread 0x000000000095d800 Exception <a 'java/lang/NoSuchMethodError': Method sun.misc.Unsafe.defineClass(Ljava/lang/String;[BII)Ljava/lang/Class; name or signature does not match> (0x00000000eab07cc0) thrown at [C:\src\android\AOSP-openjdk\external\jetbrains\jdk\hotspot\src\share\vàd:72§?
Event: 0.045 Thread 0x000000000095d800 Exception <a 'java/lang/NoSuchMethodError': Method sun.misc.Unsafe.prefetchRead(Ljava/lang/Object;J)V name or signature does not match> (0x00000000eab07fa8) thrown at [C:\src\android\AOSP-openjdk\external\jetbrains\jdk\hotspot\src\share\vm\prims\jni.cpp, l3~)¬‰¯ó?
Event: 1.230 Thread 0x00000000169e8000 Implicit null exception at 0x0000000002b3eccf to 0x0000000002b411f1

Events (10 events):
Event: 1.790 loading class com/android/dx/cf/code/SwitchList
Event: 1.790 loading class com/android/dx/cf/code/SwitchList done
Event: 1.792 Thread 0x00000000169df000 DEOPT PACKING pc=0x0000000002bbcb3a sp=0x0000000016f4ebc0
Event: 1.792 Thread 0x00000000169df000 DEOPT UNPACKING pc=0x00000000028975bf sp=0x0000000016f4e928 mode 0
Event: 1.795 Thread 0x00000000169df000 DEOPT PACKING pc=0x0000000002bbcb3a sp=0x0000000016f4ebc0
Event: 1.795 Thread 0x00000000169df000 DEOPT UNPACKING pc=0x00000000028975bf sp=0x0000000016f4e928 mode 0
Event: 1.796 Thread 0x00000000169df000 DEOPT PACKING pc=0x0000000002bbcb3a sp=0x0000000016f4ebc0
Event: 1.796 Thread 0x00000000169df000 DEOPT UNPACKING pc=0x00000000028975bf sp=0x0000000016f4e928 mode 0
Event: 1.832 Thread 0x00000000169e7800 DEOPT PACKING pc=0x0000000002bbcb3a sp=0x000000001714e5f0
Event: 1.832 Thread 0x00000000169e7800 DEOPT UNPACKING pc=0x00000000028975bf sp=0x000000001714e358 mode 0


Dynamic libraries:
0x00007ff7a0c80000 - 0x00007ff7a0cb1000 	C:\Program Files\Android\Android Studio\jre\bin\java.exe
0x00007ffad9aa0000 - 0x00007ffad9c61000 	C:\WINDOWS\SYSTEM32\ntdll.dll
0x00007ffad7000000 - 0x00007ffad70ad000 	C:\WINDOWS\system32\KERNEL32.DLL
0x00007ffad6520000 - 0x00007ffad6708000 	C:\WINDOWS\system32\KERNELBASE.dll
0x00007ffad9430000 - 0x00007ffad94d7000 	C:\WINDOWS\system32\ADVAPI32.dll
0x00007ffad9130000 - 0x00007ffad91cd000 	C:\WINDOWS\system32\msvcrt.dll
0x00007ffad90d0000 - 0x00007ffad912b000 	C:\WINDOWS\system32\sechost.dll
0x00007ffad98b0000 - 0x00007ffad99cc000 	C:\WINDOWS\system32\RPCRT4.dll
0x00007ffad8ba0000 - 0x00007ffad8cf6000 	C:\WINDOWS\system32\USER32.dll
0x00007ffad92a0000 - 0x00007ffad9426000 	C:\WINDOWS\system32\GDI32.dll
0x00007ffacf3a0000 - 0x00007ffacf614000 	C:\WINDOWS\WinSxS\amd64_microsoft.windows.common-controls_6595b64144ccf1df_6.0.10586.672_none_a2d6b3cea53ff843\COMCTL32.dll
0x00007ffad9520000 - 0x00007ffad979d000 	C:\WINDOWS\system32\combase.dll
0x00007ffad63d0000 - 0x00007ffad643a000 	C:\WINDOWS\system32\bcryptPrimitives.dll
0x00007ffad94e0000 - 0x00007ffad951b000 	C:\WINDOWS\system32\IMM32.DLL
0x0000000064c50000 - 0x0000000064d22000 	C:\Program Files\Android\Android Studio\jre\jre\bin\msvcr100.dll
0x0000000065e20000 - 0x0000000066654000 	C:\Program Files\Android\Android Studio\jre\jre\bin\server\jvm.dll
0x00007ffad90b0000 - 0x00007ffad90b8000 	C:\WINDOWS\system32\PSAPI.DLL
0x00007ffacd380000 - 0x00007ffacd38a000 	C:\WINDOWS\SYSTEM32\VERSION.dll
0x00007ffad34f0000 - 0x00007ffad3513000 	C:\WINDOWS\SYSTEM32\WINMM.dll
0x00007ffad2d40000 - 0x00007ffad2d49000 	C:\WINDOWS\SYSTEM32\WSOCK32.dll
0x00007ffad3490000 - 0x00007ffad34bc000 	C:\WINDOWS\SYSTEM32\WINMMBASE.dll
0x00007ffad9040000 - 0x00007ffad90ab000 	C:\WINDOWS\system32\WS2_32.dll
0x00007ffad6440000 - 0x00007ffad6483000 	C:\WINDOWS\system32\cfgmgr32.dll
0x00007ffacf080000 - 0x00007ffacf08f000 	C:\Program Files\Android\Android Studio\jre\jre\bin\verify.dll
0x00007ffaca960000 - 0x00007ffaca989000 	C:\Program Files\Android\Android Studio\jre\jre\bin\java.dll
0x00007ffacefe0000 - 0x00007ffaceff6000 	C:\Program Files\Android\Android Studio\jre\jre\bin\zip.dll
0x00007ffad74f0000 - 0x00007ffad8a4c000 	C:\WINDOWS\system32\SHELL32.dll
0x00007ffad67d0000 - 0x00007ffad6e15000 	C:\WINDOWS\system32\windows.storage.dll
0x00007ffad91d0000 - 0x00007ffad9222000 	C:\WINDOWS\system32\shlwapi.dll
0x00007ffad6140000 - 0x00007ffad614f000 	C:\WINDOWS\system32\kernel.appcore.dll
0x00007ffad6710000 - 0x00007ffad67c5000 	C:\WINDOWS\system32\shcore.dll
0x00007ffad60f0000 - 0x00007ffad613b000 	C:\WINDOWS\system32\powrprof.dll
0x00007ffad60d0000 - 0x00007ffad60e4000 	C:\WINDOWS\system32\profapi.dll

VM Arguments:
jvm_args: -Djava.awt.headless=true -Xmx1024M -Dfile.encoding=windows-1252 -Duser.country=GB -Duser.language=en -Duser.variant 
java_command: com.android.dx.command.Main --dex --force-jumbo --num-threads=4 --multi-dex --output C:\Users\Thomas\AndroidStudioProjects\MrWhemps\app\build\intermediates\transforms\dex\debug\folders\1000\10\instant-run_e0af305dbe89ac79adf3905f4411e84258d9bb28 C:\Users\Thomas\AndroidStudioProjects\MrWhemps\app\build\intermediates\incremental-runtime-classes\debug\instant-run.jar
java_class_path (initial): C:\Users\Thomas\AppData\Local\Android\sdk\build-tools\23.0.2\lib\dx.jar
Launcher Type: SUN_STANDARD

Environment Variables:
PATH=C:\Program Files (x86)\Intel\iCLS Client\;C:\Program Files\Intel\iCLS Client\;C:\Windows\system32;C:\Windows;C:\Windows\System32\Wbem;C:\Windows\System32\WindowsPowerShell\v1.0\;C:\Program Files (x86)\Intel\OpenCL SDK\2.0\bin\x86;C:\Program Files (x86)\Intel\OpenCL SDK\2.0\bin\x64;C:\Program Files\Intel\Intel(R) Management Engine Components\DAL;C:\Program Files\Intel\Intel(R) Management Engine Components\IPT;C:\Program Files (x86)\Intel\Intel(R) Management Engine Components\DAL;C:\Program Files (x86)\Intel\Intel(R) Management Engine Components\IPT;C:\Program Files (x86)\Windows Live\Shared;C:\Users\Thomas\AppData\Local\Smartbar\Application\;C:\WINDOWS\system32;C:\WINDOWS;C:\WINDOWS\System32\Wbem;C:\WINDOWS\System32\WindowsPowerShell\v1.0\;D:\Programs\bin;C:\Program Files\Microsoft SQL Server\110\Tools\Binn\;C:\Program Files\Microsoft SQL Server\120\Tools\Binn\;C:\Program Files\MiKTeX 2.9\miktex\bin\;C:\Program Files\MiKTeX 2.9\gs\gs8.71\bin\;C:\Program Files\Git\cmd;C:\Program Files (x86)\Skype\Phone\;C:\Program Files\Microsoft SQL Server\130\Tools\Binn\;C:\Program Files (x86)\Windows Kits\10\Windows Performance Toolkit\;C:\Program Files
USERNAME=Thomas
OS=Windows_NT
PROCESSOR_IDENTIFIER=Intel64 Family 6 Model 42 Stepping 7, GenuineIntel



---------------  S Y S T E M  ---------------

OS: Windows 10.0 , 64 bit Build 10586 (10.0.10586.589)

CPU:total 4 (2 cores per cpu, 2 threads per core) family 6 model 42 stepping 7, cmov, cx8, fxsr, mmx, sse, sse2, sse3, ssse3, sse4.1, sse4.2, popcnt, avx, clmul, ht, tsc, tscinvbit

Memory: 4k page, physical 4075172k(590676k free), swap 6565540k(5472k free)

vm_info: OpenJDK 64-Bit Server VM (25.76-b03) for windows-amd64 JRE (1.8.0_76-release-b03), built on Jun 29 2016 19:09:20 by "ralucas" with MS VC++ 10.0 (VS2010)

time: Sun Jan 15 17:37:06 2017
elapsed time: 1 seconds (0d 0h 0m 1s)

