#
# There is insufficient memory for the Java Runtime Environment to continue.
# Native memory allocation (malloc) failed to allocate 544496 bytes for Chunk::new
# Possible reasons:
#   The system is out of physical RAM or swap space
#   In 32 bit mode, the process size limit was hit
# Possible solutions:
#   Reduce memory load on the system
#   Increase physical memory or swap space
#   Check if swap backing store is full
#   Use 64 bit Java on a 64 bit OS
#   Decrease Java heap size (-Xmx/-Xms)
#   Decrease number of Java threads
#   Decrease Java thread stack sizes (-Xss)
#   Set larger code cache with -XX:ReservedCodeCacheSize=
# This output file may be truncated or incomplete.
#
#  Out of Memory Error (allocation.cpp:390), pid=4836, tid=0x0000000000001260
#
# JRE version: OpenJDK Runtime Environment (8.0_76-b03) (build 1.8.0_76-release-b03)
# Java VM: OpenJDK 64-Bit Server VM (25.76-b03 mixed mode windows-amd64 compressed oops)
# Failed to write core dump. Minidumps are not enabled by default on client versions of Windows
#

---------------  T H R E A D  ---------------

Current thread (0x0000000014cce800):  JavaThread "C2 CompilerThread1" daemon [_thread_in_native, id=4704, stack(0x0000000016410000,0x0000000016510000)]

Stack: [0x0000000016410000,0x0000000016510000]
[error occurred during error reporting (printing stack bounds), id 0xc0000005]

Native frames: (J=compiled Java code, j=interpreted, Vv=VM code, C=native code)


Current CompileTask:
C2:   4687 1374       4       com.android.dx.rop.code.Rops::ropFor (771 bytes)


---------------  P R O C E S S  ---------------

Java Threads: ( => current thread )
  0x000000001687e000 JavaThread "pool-2-thread-4" [_thread_blocked, id=10216, stack(0x0000000017010000,0x0000000017110000)]
  0x0000000016805000 JavaThread "pool-2-thread-3" [_thread_in_Java, id=7852, stack(0x0000000016f10000,0x0000000017010000)]
  0x00000000167fe000 JavaThread "pool-2-thread-2" [_thread_in_Java, id=11732, stack(0x0000000016e10000,0x0000000016f10000)]
  0x00000000167fd000 JavaThread "pool-3-thread-1" [_thread_blocked, id=9800, stack(0x0000000016d10000,0x0000000016e10000)]
  0x00000000167fc800 JavaThread "pool-2-thread-1" [_thread_blocked, id=9476, stack(0x0000000016c10000,0x0000000016d10000)]
  0x0000000016613800 JavaThread "Service Thread" daemon [_thread_blocked, id=12160, stack(0x0000000016a10000,0x0000000016b10000)]
  0x0000000014d2b800 JavaThread "C1 CompilerThread2" daemon [_thread_in_native, id=10004, stack(0x0000000016510000,0x0000000016610000)]
=>0x0000000014cce800 JavaThread "C2 CompilerThread1" daemon [_thread_in_native, id=4704, stack(0x0000000016410000,0x0000000016510000)]
  0x0000000014ccb800 JavaThread "C2 CompilerThread0" daemon [_thread_blocked, id=8628, stack(0x0000000016310000,0x0000000016410000)]
  0x0000000014cca000 JavaThread "Attach Listener" daemon [_thread_blocked, id=10472, stack(0x0000000016210000,0x0000000016310000)]
  0x0000000014cc9000 JavaThread "Signal Dispatcher" daemon [_thread_blocked, id=5568, stack(0x0000000016110000,0x0000000016210000)]
  0x00000000025f6000 JavaThread "Finalizer" daemon [_thread_blocked, id=7592, stack(0x0000000015f30000,0x0000000016030000)]
  0x0000000014c97000 JavaThread "Reference Handler" daemon [_thread_blocked, id=200, stack(0x0000000015e30000,0x0000000015f30000)]
  0x0000000000c2d800 JavaThread "main" [_thread_blocked, id=4620, stack(0x0000000002380000,0x0000000002480000)]

Other Threads:
  0x0000000014c95000 VMThread [stack: 0x0000000015d30000,0x0000000015e30000] [id=6308]
  0x0000000016615800 WatcherThread [stack: 0x0000000016b10000,0x0000000016c10000] [id=6032]

VM state:not at safepoint (normal execution)

VM Mutex/Monitor currently owned by a thread:  ([mutex/lock_event])
[0x0000000000c28b80] CodeCache_lock - owner thread: 0x0000000014d2b800
[0x00000000025000d0] Compile_lock - owner thread: 0x0000000014d2b800
[0x0000000002500550] MethodCompileQueue_lock - owner thread: 0x0000000014d2b800

Heap:
 PSYoungGen      total 35328K, used 12933K [0x00000000eab00000, 0x00000000ed000000, 0x0000000100000000)
  eden space 32768K, 31% used [0x00000000eab00000,0x00000000eb526b98,0x00000000ecb00000)
  from space 2560K, 99% used [0x00000000ecd80000,0x00000000ecffaab8,0x00000000ed000000)
  to   space 2560K, 0% used [0x00000000ecb00000,0x00000000ecb00000,0x00000000ecd80000)
 ParOldGen       total 44032K, used 3846K [0x00000000c0000000, 0x00000000c2b00000, 0x00000000eab00000)
  object space 44032K, 8% used [0x00000000c0000000,0x00000000c03c19c0,0x00000000c2b00000)
 Metaspace       used 6055K, capacity 7024K, committed 7296K, reserved 1056768K
  class space    used 572K, capacity 616K, committed 640K, reserved 1048576K

Card table byte_map: [0x00000000119c0000,0x0000000011bd0000] byte_map_base: 0x00000000113c0000

Marking Bits: (ParMarkBitMap*) 0x000000005eef9d00
 Begin Bits: [0x0000000012130000, 0x0000000013130000)
 End Bits:   [0x0000000013130000, 0x0000000014130000)

Polling page: 0x0000000000660000

CodeCache: size=245760Kb used=5842Kb max_used=5842Kb free=239917Kb
 bounds [0x0000000002600000, 0x0000000002bc0000, 0x0000000011600000]
 total_blobs=1675 nmethods=1407 adapters=181
 compilation: enabled

Compilation events (10 events):
Event: 4.613 Thread 0x0000000014d2b800 nmethod 1398 0x0000000002b9fed0 code [0x0000000002ba0100, 0x0000000002ba0ed8]
Event: 4.617 Thread 0x0000000014d2b800 1399       3       com.android.dx.rop.annotation.Annotations::add (75 bytes)
Event: 4.619 Thread 0x0000000014d2b800 nmethod 1399 0x0000000002ba1490 code [0x0000000002ba1700, 0x0000000002ba2628]
Event: 4.626 Thread 0x0000000014d2b800 1400       3       com.android.dx.cf.direct.MemberListParser::getCount (17 bytes)
Event: 4.626 Thread 0x0000000014d2b800 nmethod 1400 0x0000000002ba2d10 code [0x0000000002ba2ea0, 0x0000000002ba32a8]
Event: 4.626 Thread 0x0000000014d2b800 1401       3       com.android.dx.cf.direct.MemberListParser::parseIfNecessary (12 bytes)
Event: 4.627 Thread 0x0000000014d2b800 nmethod 1401 0x0000000002b68d50 code [0x0000000002b68ec0, 0x0000000002b69088]
Event: 4.627 Thread 0x0000000014d2b800 1402       1       com.android.dx.command.dexer.Main$Arguments::access$1900 (5 bytes)
Event: 4.627 Thread 0x0000000014d2b800 nmethod 1402 0x0000000002b71f10 code [0x0000000002b72060, 0x0000000002b72150]
Event: 4.627 Thread 0x0000000014d2b800 1403       3       java.util.TreeMap$PrivateEntryIterator::nextEntry (54 bytes)

GC Heap History (4 events):
Event: 2.823 GC heap before
{Heap before GC invocations=1 (full 0):
 PSYoungGen      total 18944K, used 16384K [0x00000000eab00000, 0x00000000ec000000, 0x0000000100000000)
  eden space 16384K, 100% used [0x00000000eab00000,0x00000000ebb00000,0x00000000ebb00000)
  from space 2560K, 0% used [0x00000000ebd80000,0x00000000ebd80000,0x00000000ec000000)
  to   space 2560K, 0% used [0x00000000ebb00000,0x00000000ebb00000,0x00000000ebd80000)
 ParOldGen       total 44032K, used 0K [0x00000000c0000000, 0x00000000c2b00000, 0x00000000eab00000)
  object space 44032K, 0% used [0x00000000c0000000,0x00000000c0000000,0x00000000c2b00000)
 Metaspace       used 5714K, capacity 6704K, committed 6784K, reserved 1056768K
  class space    used 571K, capacity 616K, committed 640K, reserved 1048576K
Event: 3.025 GC heap after
Heap after GC invocations=1 (full 0):
 PSYoungGen      total 18944K, used 2538K [0x00000000eab00000, 0x00000000ed000000, 0x0000000100000000)
  eden space 16384K, 0% used [0x00000000eab00000,0x00000000eab00000,0x00000000ebb00000)
  from space 2560K, 99% used [0x00000000ebb00000,0x00000000ebd7aaa8,0x00000000ebd80000)
  to   space 2560K, 0% used [0x00000000ecd80000,0x00000000ecd80000,0x00000000ed000000)
 ParOldGen       total 44032K, used 1574K [0x00000000c0000000, 0x00000000c2b00000, 0x00000000eab00000)
  object space 44032K, 3% used [0x00000000c0000000,0x00000000c0189ac8,0x00000000c2b00000)
 Metaspace       used 5714K, capacity 6704K, committed 6784K, reserved 1056768K
  class space    used 571K, capacity 616K, committed 640K, reserved 1048576K
}
Event: 4.097 GC heap before
{Heap before GC invocations=2 (full 0):
 PSYoungGen      total 18944K, used 18922K [0x00000000eab00000, 0x00000000ed000000, 0x0000000100000000)
  eden space 16384K, 100% used [0x00000000eab00000,0x00000000ebb00000,0x00000000ebb00000)
  from space 2560K, 99% used [0x00000000ebb00000,0x00000000ebd7aaa8,0x00000000ebd80000)
  to   space 2560K, 0% used [0x00000000ecd80000,0x00000000ecd80000,0x00000000ed000000)
 ParOldGen       total 44032K, used 1574K [0x00000000c0000000, 0x00000000c2b00000, 0x00000000eab00000)
  object space 44032K, 3% used [0x00000000c0000000,0x00000000c0189ac8,0x00000000c2b00000)
 Metaspace       used 5972K, capacity 6960K, committed 7040K, reserved 1056768K
  class space    used 572K, capacity 616K, committed 640K, reserved 1048576K
Event: 4.376 GC heap after
Heap after GC invocations=2 (full 0):
 PSYoungGen      total 35328K, used 2538K [0x00000000eab00000, 0x00000000ed000000, 0x0000000100000000)
  eden space 32768K, 0% used [0x00000000eab00000,0x00000000eab00000,0x00000000ecb00000)
  from space 2560K, 99% used [0x00000000ecd80000,0x00000000ecffaab8,0x00000000ed000000)
  to   space 2560K, 0% used [0x00000000ecb00000,0x00000000ecb00000,0x00000000ecd80000)
 ParOldGen       total 44032K, used 3846K [0x00000000c0000000, 0x00000000c2b00000, 0x00000000eab00000)
  object space 44032K, 8% used [0x00000000c0000000,0x00000000c03c19c0,0x00000000c2b00000)
 Metaspace       used 5972K, capacity 6960K, committed 7040K, reserved 1056768K
  class space    used 572K, capacity 616K, committed 640K, reserved 1048576K
}

Deoptimization events (3 events):
Event: 3.039 Thread 0x000000001687e000 Uncommon trap: reason=unstable_if action=reinterpret pc=0x000000000280e2f0 method=java.util.BitSet.nextSetBit(I)I @ 87
Event: 4.537 Thread 0x00000000167fc800 Uncommon trap: reason=uninitialized action=reinterpret pc=0x0000000002a5c150 method=com.android.dx.cf.code.BytecodeArray.parseInstruction(ILcom/android/dx/cf/code/BytecodeArray$Visitor;)I @ 1079
Event: 4.538 Thread 0x00000000167fc800 Uncommon trap: reason=class_check action=maybe_recompile pc=0x0000000002aba68c method=java.util.HashMap.putVal(ILjava/lang/Object;Ljava/lang/Object;ZZ)Ljava/lang/Object; @ 203

Internal exceptions (2 events):
Event: 0.495 Thread 0x0000000000c2d800 Exception <a 'java/lang/NoSuchMethodError': Method sun.misc.Unsafe.defineClass(Ljava/lang/String;[BII)Ljava/lang/Class; name or signature does not match> (0x00000000eab07cc0) thrown at [C:\src\android\AOSP-openjdk\external\jetbrains\jdk\hotspot\src\share\v½Í'í§ß?
Event: 0.495 Thread 0x0000000000c2d800 Exception <a 'java/lang/NoSuchMethodError': Method sun.misc.Unsafe.prefetchRead(Ljava/lang/Object;J)V name or signature does not match> (0x00000000eab07fa8) thrown at [C:\src\android\AOSP-openjdk\external\jetbrains\jdk\hotspot\src\share\vm\prims\jni.cpp, l

Events (10 events):
Event: 4.056 Thread 0x000000001687e000 DEOPT PACKING pc=0x000000000285ecbc sp=0x000000001710e6b0
Event: 4.056 Thread 0x000000001687e000 DEOPT UNPACKING pc=0x00000000026475bf sp=0x000000001710e478 mode 0
Event: 4.097 Executing VM operation: ParallelGCFailedAllocation
Event: 4.376 Executing VM operation: ParallelGCFailedAllocation done
Event: 4.537 Thread 0x00000000167fc800 Uncommon trap: trap_request=0xffffffb5 fr.pc=0x0000000002a5c150
Event: 4.537 Thread 0x00000000167fc800 DEOPT PACKING pc=0x0000000002a5c150 sp=0x0000000016d0edc0
Event: 4.537 Thread 0x00000000167fc800 DEOPT UNPACKING pc=0x000000000264556a sp=0x0000000016d0ed30 mode 2
Event: 4.538 Thread 0x00000000167fc800 Uncommon trap: trap_request=0xffffffde fr.pc=0x0000000002aba68c
Event: 4.538 Thread 0x00000000167fc800 DEOPT PACKING pc=0x0000000002aba68c sp=0x0000000016d0ebb0
Event: 4.538 Thread 0x00000000167fc800 DEOPT UNPACKING pc=0x000000000264556a sp=0x0000000016d0eb28 mode 2


Dynamic libraries:
0x00007ff65aea0000 - 0x00007ff65aed1000 	C:\Program Files\Android\Android Studio\jre\bin\java.exe
0x00007fff314c0000 - 0x00007fff31681000 	C:\WINDOWS\SYSTEM32\ntdll.dll
0x00007fff2eaa0000 - 0x00007fff2eb4d000 	C:\WINDOWS\system32\KERNEL32.DLL
0x00007fff2e030000 - 0x00007fff2e218000 	C:\WINDOWS\system32\KERNELBASE.dll
0x00007fff30780000 - 0x00007fff30827000 	C:\WINDOWS\system32\ADVAPI32.dll
0x00007fff31140000 - 0x00007fff311dd000 	C:\WINDOWS\system32\msvcrt.dll
0x00007fff30b70000 - 0x00007fff30bcb000 	C:\WINDOWS\system32\sechost.dll
0x00007fff2e8c0000 - 0x00007fff2e9dc000 	C:\WINDOWS\system32\RPCRT4.dll
0x00007fff2ef80000 - 0x00007fff2f0d6000 	C:\WINDOWS\system32\USER32.dll
0x00007fff30fb0000 - 0x00007fff31136000 	C:\WINDOWS\system32\GDI32.dll
0x00007fff257a0000 - 0x00007fff25a14000 	C:\WINDOWS\WinSxS\amd64_microsoft.windows.common-controls_6595b64144ccf1df_6.0.10586.672_none_a2d6b3cea53ff843\COMCTL32.dll
0x00007fff30bd0000 - 0x00007fff30e4d000 	C:\WINDOWS\system32\combase.dll
0x00007fff2dc60000 - 0x00007fff2dcca000 	C:\WINDOWS\system32\bcryptPrimitives.dll
0x00007fff30980000 - 0x00007fff309bb000 	C:\WINDOWS\system32\IMM32.DLL
0x000000005e580000 - 0x000000005e652000 	C:\Program Files\Android\Android Studio\jre\jre\bin\msvcr100.dll
0x000000005e740000 - 0x000000005ef74000 	C:\Program Files\Android\Android Studio\jre\jre\bin\server\jvm.dll
0x00007fff30660000 - 0x00007fff30668000 	C:\WINDOWS\system32\PSAPI.DLL
0x00007fff1ce30000 - 0x00007fff1ce39000 	C:\WINDOWS\SYSTEM32\WSOCK32.dll
0x00007fff30aa0000 - 0x00007fff30b0b000 	C:\WINDOWS\system32\WS2_32.dll
0x00007fff2bd30000 - 0x00007fff2bd53000 	C:\WINDOWS\SYSTEM32\WINMM.dll
0x00007fff242a0000 - 0x00007fff242aa000 	C:\WINDOWS\SYSTEM32\VERSION.dll
0x00007fff2bd00000 - 0x00007fff2bd2c000 	C:\WINDOWS\SYSTEM32\WINMMBASE.dll
0x00007fff2e220000 - 0x00007fff2e263000 	C:\WINDOWS\system32\cfgmgr32.dll
0x00007fff27930000 - 0x00007fff2793f000 	C:\Program Files\Android\Android Studio\jre\jre\bin\verify.dll
0x00007fff15570000 - 0x00007fff15599000 	C:\Program Files\Android\Android Studio\jre\jre\bin\java.dll
0x00007fff1ed80000 - 0x00007fff1ed96000 	C:\Program Files\Android\Android Studio\jre\jre\bin\zip.dll
0x00007fff2f0e0000 - 0x00007fff3063c000 	C:\WINDOWS\system32\SHELL32.dll
0x00007fff2e270000 - 0x00007fff2e8b5000 	C:\WINDOWS\system32\windows.storage.dll
0x00007fff312b0000 - 0x00007fff31302000 	C:\WINDOWS\system32\shlwapi.dll
0x00007fff2db30000 - 0x00007fff2db3f000 	C:\WINDOWS\system32\kernel.appcore.dll
0x00007fff2dcd0000 - 0x00007fff2dd85000 	C:\WINDOWS\system32\shcore.dll
0x00007fff2dae0000 - 0x00007fff2db2b000 	C:\WINDOWS\system32\powrprof.dll
0x00007fff2db50000 - 0x00007fff2db64000 	C:\WINDOWS\system32\profapi.dll

VM Arguments:
jvm_args: -Djava.awt.headless=true -Xmx1024M -Dfile.encoding=windows-1252 -Duser.country=GB -Duser.language=en -Duser.variant 
java_command: com.android.dx.command.Main --dex --force-jumbo --num-threads=4 --multi-dex --output C:\Users\Thomas\AndroidStudioProjects\MrWhemps\app\build\intermediates\transforms\dex\debug\folders\1000\10\com.google.android.gms-play-services-appindexing-9.4.0_4dd72e1d032968dba07a4f4ad3196a6474b19ebb C:\Users\Thomas\AndroidStudioProjects\MrWhemps\app\build\intermediates\exploded-aar\com.google.android.gms\play-services-appindexing\9.4.0\jars\classes.jar
java_class_path (initial): C:\Users\Thomas\AppData\Local\Android\sdk\build-tools\23.0.2\lib\dx.jar
Launcher Type: SUN_STANDARD

Environment Variables:
PATH=C:\Program Files (x86)\Intel\iCLS Client\;C:\Program Files\Intel\iCLS Client\;C:\Windows\system32;C:\Windows;C:\Windows\System32\Wbem;C:\Windows\System32\WindowsPowerShell\v1.0\;C:\Program Files (x86)\Intel\OpenCL SDK\2.0\bin\x86;C:\Program Files (x86)\Intel\OpenCL SDK\2.0\bin\x64;C:\Program Files\Intel\Intel(R) Management Engine Components\DAL;C:\Program Files\Intel\Intel(R) Management Engine Components\IPT;C:\Program Files (x86)\Intel\Intel(R) Management Engine Components\DAL;C:\Program Files (x86)\Intel\Intel(R) Management Engine Components\IPT;C:\Program Files (x86)\Windows Live\Shared;C:\Users\Thomas\AppData\Local\Smartbar\Application\;C:\WINDOWS\system32;C:\WINDOWS;C:\WINDOWS\System32\Wbem;C:\WINDOWS\System32\WindowsPowerShell\v1.0\;D:\Programs\bin;C:\Program Files\Microsoft SQL Server\110\Tools\Binn\;C:\Program Files\Microsoft SQL Server\120\Tools\Binn\;C:\Program Files\MiKTeX 2.9\miktex\bin\;C:\Program Files\MiKTeX 2.9\gs\gs8.71\bin\;C:\Program Files\Git\cmd;C:\Program Files (x86)\Skype\Phone\;C:\WINDOWS\system32\config\systemprofile\.dnx\bin;C:\Program Files\Microsoft DNX\Dnvm\;C:\Program Files\Microsoft SQL Server\130\Tools\Binn\;C:\Program Files (x86)\Windows Kits\10\Windows Performance Toolkit\;C:\Program Files
USERNAME=Thomas
OS=Windows_NT
PROCESSOR_IDENTIFIER=Intel64 Family 6 Model 42 Stepping 7, GenuineIntel



---------------  S Y S T E M  ---------------

OS: Windows 10.0 , 64 bit Build 10586 (10.0.10586.589)

CPU:total 4 (2 cores per cpu, 2 threads per core) family 6 model 42 stepping 7, cmov, cx8, fxsr, mmx, sse, sse2, sse3, ssse3, sse4.1, sse4.2, popcnt, avx, clmul, ht, tsc, tscinvbit

Memory: 4k page, physical 4075172k(251524k free), swap 6565540k(4764k free)

vm_info: OpenJDK 64-Bit Server VM (25.76-b03) for windows-amd64 JRE (1.8.0_76-release-b03), built on Jun 29 2016 19:09:20 by "ralucas" with MS VC++ 10.0 (VS2010)

time: Sat Dec 31 02:50:11 2016
elapsed time: 4 seconds (0d 0h 0m 4s)

