#
# There is insufficient memory for the Java Runtime Environment to continue.
# Native memory allocation (malloc) failed to allocate 131088 bytes for Chunk::new
# Possible reasons:
#   The system is out of physical RAM or swap space
#   In 32 bit mode, the process size limit was hit
# Possible solutions:
#   Reduce memory load on the system
#   Increase physical memory or swap space
#   Check if swap backing store is full
#   Use 64 bit Java on a 64 bit OS
#   Decrease Java heap size (-Xmx/-Xms)
#   Decrease number of Java threads
#   Decrease Java thread stack sizes (-Xss)
#   Set larger code cache with -XX:ReservedCodeCacheSize=
# This output file may be truncated or incomplete.
#
#  Out of Memory Error (allocation.cpp:390), pid=8872, tid=0x0000000000001e4c
#
# JRE version: OpenJDK Runtime Environment (8.0_76-b03) (build 1.8.0_76-release-b03)
# Java VM: OpenJDK 64-Bit Server VM (25.76-b03 mixed mode windows-amd64 compressed oops)
# Failed to write core dump. Minidumps are not enabled by default on client versions of Windows
#

---------------  T H R E A D  ---------------

Current thread (0x0000000015759800):  JavaThread "C2 CompilerThread0" daemon [_thread_in_native, id=7756, stack(0x0000000016d80000,0x0000000016e80000)]

Stack: [0x0000000016d80000,0x0000000016e80000]
[error occurred during error reporting (printing stack bounds), id 0xc0000005]

Native frames: (J=compiled Java code, j=interpreted, Vv=VM code, C=native code)


Current CompileTask:
C2:   1304 1089   !   4       com.android.dx.cf.code.BytecodeArray::parseInstruction (2764 bytes)


---------------  P R O C E S S  ---------------

Java Threads: ( => current thread )
  0x0000000017389800 JavaThread "pool-2-thread-4" [_thread_in_Java, id=3592, stack(0x0000000017a80000,0x0000000017b80000)]
  0x0000000017388800 JavaThread "pool-2-thread-3" [_thread_blocked, id=7464, stack(0x0000000017980000,0x0000000017a80000)]
  0x00000000172e2800 JavaThread "pool-2-thread-2" [_thread_blocked, id=14668, stack(0x0000000017880000,0x0000000017980000)]
  0x00000000172c5800 JavaThread "pool-3-thread-1" [_thread_blocked, id=176, stack(0x0000000017780000,0x0000000017880000)]
  0x00000000173ea800 JavaThread "pool-2-thread-1" [_thread_in_Java, id=11048, stack(0x0000000017680000,0x0000000017780000)]
  0x00000000157ad800 JavaThread "Service Thread" daemon [_thread_blocked, id=10504, stack(0x0000000017480000,0x0000000017580000)]
  0x000000001574d000 JavaThread "C1 CompilerThread2" daemon [_thread_blocked, id=5136, stack(0x0000000016f80000,0x0000000017080000)]
  0x0000000015749800 JavaThread "C2 CompilerThread1" daemon [_thread_in_native, id=9820, stack(0x0000000016e80000,0x0000000016f80000)]
=>0x0000000015759800 JavaThread "C2 CompilerThread0" daemon [_thread_in_native, id=7756, stack(0x0000000016d80000,0x0000000016e80000)]
  0x0000000015758000 JavaThread "Attach Listener" daemon [_thread_blocked, id=1656, stack(0x0000000016c80000,0x0000000016d80000)]
  0x0000000015757000 JavaThread "Signal Dispatcher" daemon [_thread_blocked, id=7352, stack(0x0000000016b80000,0x0000000016c80000)]
  0x000000000307e800 JavaThread "Finalizer" daemon [_thread_blocked, id=8004, stack(0x00000000169a0000,0x0000000016aa0000)]
  0x0000000003072000 JavaThread "Reference Handler" daemon [_thread_blocked, id=13140, stack(0x00000000168a0000,0x00000000169a0000)]
  0x0000000002efd800 JavaThread "main" [_thread_in_vm, id=12792, stack(0x0000000002de0000,0x0000000002ee0000)]

Other Threads:
  0x0000000015715000 VMThread [stack: 0x00000000167a0000,0x00000000168a0000] [id=10456]
  0x00000000170a1800 WatcherThread [stack: 0x0000000017580000,0x0000000017680000] [id=7384]

VM state:not at safepoint (normal execution)

VM Mutex/Monitor currently owned by a thread: None

Heap:
 PSYoungGen      total 18944K, used 15601K [0x00000000eab00000, 0x00000000ec000000, 0x0000000100000000)
  eden space 16384K, 79% used [0x00000000eab00000,0x00000000eb7c1a30,0x00000000ebb00000)
  from space 2560K, 99% used [0x00000000ebb00000,0x00000000ebd7aaa8,0x00000000ebd80000)
  to   space 2560K, 0% used [0x00000000ebd80000,0x00000000ebd80000,0x00000000ec000000)
 ParOldGen       total 44032K, used 1441K [0x00000000c0000000, 0x00000000c2b00000, 0x00000000eab00000)
  object space 44032K, 3% used [0x00000000c0000000,0x00000000c0168600,0x00000000c2b00000)
 Metaspace       used 5893K, capacity 6832K, committed 7040K, reserved 1056768K
  class space    used 572K, capacity 616K, committed 640K, reserved 1048576K

Card table byte_map: [0x0000000012440000,0x0000000012650000] byte_map_base: 0x0000000011e40000

Marking Bits: (ParMarkBitMap*) 0x00000000665d9d00
 Begin Bits: [0x0000000012bb0000, 0x0000000013bb0000)
 End Bits:   [0x0000000013bb0000, 0x0000000014bb0000)

Polling page: 0x0000000001350000

CodeCache: size=245760Kb used=4508Kb max_used=4508Kb free=241251Kb
 bounds [0x0000000003080000, 0x00000000034f0000, 0x0000000012080000]
 total_blobs=1412 nmethods=1142 adapters=184
 compilation: enabled

Compilation events (10 events):
Event: 1.277 Thread 0x000000001574d000 1142       3       com.android.dx.ssa.back.LivenessAnalyzer::constructInterferenceGraph (47 bytes)
Event: 1.277 Thread 0x000000001574d000 nmethod 1142 0x00000000034d7d10 code [0x00000000034d7ec0, 0x00000000034d82f8]
Event: 1.277 Thread 0x000000001574d000 1146       3       com.android.dx.ssa.PhiInsn::predBlockIndexForSourcesIndex (15 bytes)
Event: 1.278 Thread 0x000000001574d000 nmethod 1146 0x00000000034dd690 code [0x00000000034dd840, 0x00000000034ddd18]
Event: 1.278 Thread 0x000000001574d000 1144       1       com.android.dx.ssa.back.FirstFitLocalCombiningAllocator$Multiset::getSize (5 bytes)
Event: 1.278 Thread 0x000000001574d000 nmethod 1144 0x00000000034d7a50 code [0x00000000034d7ba0, 0x00000000034d7cb0]
Event: 1.278 Thread 0x000000001574d000 1145       3       com.android.dx.ssa.BasicRegisterMapper::oldToNew (22 bytes)
Event: 1.278 Thread 0x000000001574d000 nmethod 1145 0x00000000034dd150 code [0x00000000034dd2c0, 0x00000000034dd5a8]
Event: 1.279 Thread 0x000000001574d000 1149       3       com.android.dx.cf.code.BytecodeArray::processWorkSet (50 bytes)
Event: 1.280 Thread 0x000000001574d000 nmethod 1149 0x00000000034dc790 code [0x00000000034dc940, 0x00000000034dceb8]

GC Heap History (2 events):
Event: 0.863 GC heap before
{Heap before GC invocations=1 (full 0):
 PSYoungGen      total 18944K, used 16384K [0x00000000eab00000, 0x00000000ec000000, 0x0000000100000000)
  eden space 16384K, 100% used [0x00000000eab00000,0x00000000ebb00000,0x00000000ebb00000)
  from space 2560K, 0% used [0x00000000ebd80000,0x00000000ebd80000,0x00000000ec000000)
  to   space 2560K, 0% used [0x00000000ebb00000,0x00000000ebb00000,0x00000000ebd80000)
 ParOldGen       total 44032K, used 0K [0x00000000c0000000, 0x00000000c2b00000, 0x00000000eab00000)
  object space 44032K, 0% used [0x00000000c0000000,0x00000000c0000000,0x00000000c2b00000)
 Metaspace       used 5656K, capacity 6640K, committed 6784K, reserved 1056768K
  class space    used 569K, capacity 616K, committed 640K, reserved 1048576K
Event: 0.871 GC heap after
Heap after GC invocations=1 (full 0):
 PSYoungGen      total 18944K, used 2538K [0x00000000eab00000, 0x00000000ec000000, 0x0000000100000000)
  eden space 16384K, 0% used [0x00000000eab00000,0x00000000eab00000,0x00000000ebb00000)
  from space 2560K, 99% used [0x00000000ebb00000,0x00000000ebd7aaa8,0x00000000ebd80000)
  to   space 2560K, 0% used [0x00000000ebd80000,0x00000000ebd80000,0x00000000ec000000)
 ParOldGen       total 44032K, used 1441K [0x00000000c0000000, 0x00000000c2b00000, 0x00000000eab00000)
  object space 44032K, 3% used [0x00000000c0000000,0x00000000c0168600,0x00000000c2b00000)
 Metaspace       used 5656K, capacity 6640K, committed 6784K, reserved 1056768K
  class space    used 569K, capacity 616K, committed 640K, reserved 1048576K
}

Deoptimization events (10 events):
Event: 0.929 Thread 0x0000000017389800 Uncommon trap: reason=bimorphic action=maybe_recompile pc=0x0000000003327430 method=java.util.HashMap.getNode(ILjava/lang/Object;)Ljava/util/HashMap$Node; @ 126
Event: 0.929 Thread 0x0000000017389800 Uncommon trap: reason=bimorphic action=maybe_recompile pc=0x0000000003327430 method=java.util.HashMap.getNode(ILjava/lang/Object;)Ljava/util/HashMap$Node; @ 126
Event: 0.929 Thread 0x0000000017389800 Uncommon trap: reason=bimorphic action=maybe_recompile pc=0x0000000003327430 method=java.util.HashMap.getNode(ILjava/lang/Object;)Ljava/util/HashMap$Node; @ 126
Event: 0.929 Thread 0x0000000017389800 Uncommon trap: reason=bimorphic action=maybe_recompile pc=0x0000000003327430 method=java.util.HashMap.getNode(ILjava/lang/Object;)Ljava/util/HashMap$Node; @ 126
Event: 0.929 Thread 0x0000000017389800 Uncommon trap: reason=bimorphic action=maybe_recompile pc=0x00000000032ad85c method=java.util.HashMap.getNode(ILjava/lang/Object;)Ljava/util/HashMap$Node; @ 126
Event: 0.986 Thread 0x00000000172e2800 Uncommon trap: reason=class_check action=maybe_recompile pc=0x000000000333d900 method=com.android.dx.ssa.NormalSsaInsn.accept(Lcom/android/dx/ssa/SsaInsn$Visitor;)V @ 9
Event: 0.986 Thread 0x00000000172e2800 Uncommon trap: reason=class_check action=maybe_recompile pc=0x00000000032e8670 method=com.android.dx.ssa.NormalSsaInsn.accept(Lcom/android/dx/ssa/SsaInsn$Visitor;)V @ 9
Event: 0.986 Thread 0x00000000172e2800 Uncommon trap: reason=class_check action=maybe_recompile pc=0x00000000032e8670 method=com.android.dx.ssa.NormalSsaInsn.accept(Lcom/android/dx/ssa/SsaInsn$Visitor;)V @ 9
Event: 1.007 Thread 0x00000000172e2800 Uncommon trap: reason=class_check action=maybe_recompile pc=0x000000000333d900 method=com.android.dx.ssa.NormalSsaInsn.accept(Lcom/android/dx/ssa/SsaInsn$Visitor;)V @ 9
Event: 1.007 Thread 0x00000000172e2800 Uncommon trap: reason=class_check action=maybe_recompile pc=0x00000000032e8670 method=com.android.dx.ssa.NormalSsaInsn.accept(Lcom/android/dx/ssa/SsaInsn$Visitor;)V @ 9

Internal exceptions (2 events):
Event: 0.063 Thread 0x0000000002efd800 Exception <a 'java/lang/NoSuchMethodError': Method sun.misc.Unsafe.defineClass(Ljava/lang/String;[BII)Ljava/lang/Class; name or signature does not match> (0x00000000eab07cc0) thrown at [C:\src\android\AOSP-openjdk\external\jetbrains\jdk\hotspot\src\share\vÞÐþ$°?
Event: 0.063 Thread 0x0000000002efd800 Exception <a 'java/lang/NoSuchMethodError': Method sun.misc.Unsafe.prefetchRead(Ljava/lang/Object;J)V name or signature does not match> (0x00000000eab07fa8) thrown at [C:\src\android\AOSP-openjdk\external\jetbrains\jdk\hotspot\src\share\vm\prims\jni.cpp, l

Events (10 events):
Event: 1.007 Thread 0x00000000172e2800 Uncommon trap: trap_request=0xffffffde fr.pc=0x000000000333d900
Event: 1.007 Thread 0x00000000172e2800 DEOPT PACKING pc=0x000000000333d900 sp=0x000000001797ede0
Event: 1.007 Thread 0x00000000172e2800 DEOPT UNPACKING pc=0x00000000030c556a sp=0x000000001797ed30 mode 2
Event: 1.007 Thread 0x00000000172e2800 Uncommon trap: trap_request=0xffffffde fr.pc=0x00000000032e8670
Event: 1.007 Thread 0x00000000172e2800 DEOPT PACKING pc=0x00000000032e8670 sp=0x000000001797ed80
Event: 1.007 Thread 0x00000000172e2800 DEOPT UNPACKING pc=0x00000000030c556a sp=0x000000001797ed20 mode 2
Event: 1.028 Thread 0x0000000017389800 DEOPT PACKING pc=0x0000000003309cc2 sp=0x0000000017b7ee50
Event: 1.028 Thread 0x0000000017389800 DEOPT UNPACKING pc=0x00000000030c75bf sp=0x0000000017b7ebc8 mode 0
Event: 1.278 loading class com/android/dx/cf/code/BytecodeArray$ConstantParserVisitor
Event: 1.278 loading class com/android/dx/cf/code/BytecodeArray$ConstantParserVisitor done


Dynamic libraries:
0x00007ff7a0c80000 - 0x00007ff7a0cb1000 	C:\Program Files\Android\Android Studio\jre\bin\java.exe
0x00007ffad9aa0000 - 0x00007ffad9c61000 	C:\WINDOWS\SYSTEM32\ntdll.dll
0x00007ffad7000000 - 0x00007ffad70ad000 	C:\WINDOWS\system32\KERNEL32.DLL
0x00007ffad6520000 - 0x00007ffad6708000 	C:\WINDOWS\system32\KERNELBASE.dll
0x00007ffad9430000 - 0x00007ffad94d7000 	C:\WINDOWS\system32\ADVAPI32.dll
0x00007ffad9130000 - 0x00007ffad91cd000 	C:\WINDOWS\system32\msvcrt.dll
0x00007ffad90d0000 - 0x00007ffad912b000 	C:\WINDOWS\system32\sechost.dll
0x00007ffad98b0000 - 0x00007ffad99cc000 	C:\WINDOWS\system32\RPCRT4.dll
0x00007ffad8ba0000 - 0x00007ffad8cf6000 	C:\WINDOWS\system32\USER32.dll
0x00007ffad92a0000 - 0x00007ffad9426000 	C:\WINDOWS\system32\GDI32.dll
0x00007ffacf3a0000 - 0x00007ffacf614000 	C:\WINDOWS\WinSxS\amd64_microsoft.windows.common-controls_6595b64144ccf1df_6.0.10586.672_none_a2d6b3cea53ff843\COMCTL32.dll
0x00007ffad9520000 - 0x00007ffad979d000 	C:\WINDOWS\system32\combase.dll
0x00007ffad63d0000 - 0x00007ffad643a000 	C:\WINDOWS\system32\bcryptPrimitives.dll
0x00007ffad94e0000 - 0x00007ffad951b000 	C:\WINDOWS\system32\IMM32.DLL
0x0000000064c50000 - 0x0000000064d22000 	C:\Program Files\Android\Android Studio\jre\jre\bin\msvcr100.dll
0x0000000065e20000 - 0x0000000066654000 	C:\Program Files\Android\Android Studio\jre\jre\bin\server\jvm.dll
0x00007ffad90b0000 - 0x00007ffad90b8000 	C:\WINDOWS\system32\PSAPI.DLL
0x00007ffad2d40000 - 0x00007ffad2d49000 	C:\WINDOWS\SYSTEM32\WSOCK32.dll
0x00007ffad9040000 - 0x00007ffad90ab000 	C:\WINDOWS\system32\WS2_32.dll
0x00007ffad34f0000 - 0x00007ffad3513000 	C:\WINDOWS\SYSTEM32\WINMM.dll
0x00007ffacd380000 - 0x00007ffacd38a000 	C:\WINDOWS\SYSTEM32\VERSION.dll
0x0000000001320000 - 0x000000000134c000 	C:\WINDOWS\SYSTEM32\WINMMBASE.dll
0x00007ffad6440000 - 0x00007ffad6483000 	C:\WINDOWS\system32\cfgmgr32.dll
0x00007ffacf080000 - 0x00007ffacf08f000 	C:\Program Files\Android\Android Studio\jre\jre\bin\verify.dll
0x00007ffaca960000 - 0x00007ffaca989000 	C:\Program Files\Android\Android Studio\jre\jre\bin\java.dll
0x00007ffacefe0000 - 0x00007ffaceff6000 	C:\Program Files\Android\Android Studio\jre\jre\bin\zip.dll
0x00007ffad74f0000 - 0x00007ffad8a4c000 	C:\WINDOWS\system32\SHELL32.dll
0x00007ffad67d0000 - 0x00007ffad6e15000 	C:\WINDOWS\system32\windows.storage.dll
0x00007ffad91d0000 - 0x00007ffad9222000 	C:\WINDOWS\system32\shlwapi.dll
0x00007ffad6140000 - 0x00007ffad614f000 	C:\WINDOWS\system32\kernel.appcore.dll
0x00007ffad6710000 - 0x00007ffad67c5000 	C:\WINDOWS\system32\shcore.dll
0x00007ffad60f0000 - 0x00007ffad613b000 	C:\WINDOWS\system32\powrprof.dll
0x00007ffad60d0000 - 0x00007ffad60e4000 	C:\WINDOWS\system32\profapi.dll

VM Arguments:
jvm_args: -Djava.awt.headless=true -Xmx1024M -Dfile.encoding=windows-1252 -Duser.country=GB -Duser.language=en -Duser.variant 
java_command: com.android.dx.command.Main --dex --force-jumbo --num-threads=4 --multi-dex --output C:\Users\Thomas\AndroidStudioProjects\MrWhemps\app\build\intermediates\transforms\dex\debug\folders\1000\10\com.google.android.gms-play-services-wearable-9.4.0_2d180d801bf8d4a4bef4827b5f73c958c3eb30a1 C:\Users\Thomas\AndroidStudioProjects\MrWhemps\app\build\intermediates\exploded-aar\com.google.android.gms\play-services-wearable\9.4.0\jars\classes.jar
java_class_path (initial): C:\Users\Thomas\AppData\Local\Android\sdk\build-tools\23.0.2\lib\dx.jar
Launcher Type: SUN_STANDARD

Environment Variables:
PATH=C:\Program Files (x86)\Intel\iCLS Client\;C:\Program Files\Intel\iCLS Client\;C:\Windows\system32;C:\Windows;C:\Windows\System32\Wbem;C:\Windows\System32\WindowsPowerShell\v1.0\;C:\Program Files (x86)\Intel\OpenCL SDK\2.0\bin\x86;C:\Program Files (x86)\Intel\OpenCL SDK\2.0\bin\x64;C:\Program Files\Intel\Intel(R) Management Engine Components\DAL;C:\Program Files\Intel\Intel(R) Management Engine Components\IPT;C:\Program Files (x86)\Intel\Intel(R) Management Engine Components\DAL;C:\Program Files (x86)\Intel\Intel(R) Management Engine Components\IPT;C:\Program Files (x86)\Windows Live\Shared;C:\Users\Thomas\AppData\Local\Smartbar\Application\;C:\WINDOWS\system32;C:\WINDOWS;C:\WINDOWS\System32\Wbem;C:\WINDOWS\System32\WindowsPowerShell\v1.0\;D:\Programs\bin;C:\Program Files\Microsoft SQL Server\110\Tools\Binn\;C:\Program Files\Microsoft SQL Server\120\Tools\Binn\;C:\Program Files\MiKTeX 2.9\miktex\bin\;C:\Program Files\MiKTeX 2.9\gs\gs8.71\bin\;C:\Program Files\Git\cmd;C:\Program Files (x86)\Skype\Phone\;C:\Program Files\Microsoft SQL Server\130\Tools\Binn\;C:\Program Files (x86)\Windows Kits\10\Windows Performance Toolkit\;C:\Program Files
USERNAME=Thomas
OS=Windows_NT
PROCESSOR_IDENTIFIER=Intel64 Family 6 Model 42 Stepping 7, GenuineIntel



---------------  S Y S T E M  ---------------

OS: Windows 10.0 , 64 bit Build 10586 (10.0.10586.589)

CPU:total 4 (2 cores per cpu, 2 threads per core) family 6 model 42 stepping 7, cmov, cx8, fxsr, mmx, sse, sse2, sse3, ssse3, sse4.1, sse4.2, popcnt, avx, clmul, ht, tsc, tscinvbit

Memory: 4k page, physical 4075172k(547200k free), swap 6565540k(5176k free)

vm_info: OpenJDK 64-Bit Server VM (25.76-b03) for windows-amd64 JRE (1.8.0_76-release-b03), built on Jun 29 2016 19:09:20 by "ralucas" with MS VC++ 10.0 (VS2010)

time: Sun Jan 15 17:37:15 2017
elapsed time: 1 seconds (0d 0h 0m 1s)

