#
# There is insufficient memory for the Java Runtime Environment to continue.
# Native memory allocation (malloc) failed to allocate 934736 bytes for Chunk::new
# Possible reasons:
#   The system is out of physical RAM or swap space
#   In 32 bit mode, the process size limit was hit
# Possible solutions:
#   Reduce memory load on the system
#   Increase physical memory or swap space
#   Check if swap backing store is full
#   Use 64 bit Java on a 64 bit OS
#   Decrease Java heap size (-Xmx/-Xms)
#   Decrease number of Java threads
#   Decrease Java thread stack sizes (-Xss)
#   Set larger code cache with -XX:ReservedCodeCacheSize=
# This output file may be truncated or incomplete.
#
#  Out of Memory Error (allocation.cpp:390), pid=7664, tid=0x0000000000002e38
#
# JRE version: OpenJDK Runtime Environment (8.0_112-b06) (build 1.8.0_112-release-b06)
# Java VM: OpenJDK 64-Bit Server VM (25.112-b06 mixed mode windows-amd64 compressed oops)
# Failed to write core dump. Minidumps are not enabled by default on client versions of Windows
#

---------------  T H R E A D  ---------------

Current thread (0x0000000015457800):  JavaThread "C2 CompilerThread0" daemon [_thread_in_native, id=11832, stack(0x0000000016a90000,0x0000000016b90000)]

Stack: [0x0000000016a90000,0x0000000016b90000]
[error occurred during error reporting (printing stack bounds), id 0xc0000005]

Native frames: (J=compiled Java code, j=interpreted, Vv=VM code, C=native code)


Current CompileTask:
C2:  64838 3180       4       com.android.dx.ssa.SsaConverter::placePhiFunctions (394 bytes)


---------------  P R O C E S S  ---------------

Java Threads: ( => current thread )
  0x0000000016fd0800 JavaThread "pool-2-thread-4" [_thread_in_Java, id=8164, stack(0x0000000018f60000,0x0000000019060000)]
  0x0000000016fd0000 JavaThread "pool-2-thread-3" [_thread_in_Java, id=11932, stack(0x0000000018e60000,0x0000000018f60000)]
  0x0000000016fcf000 JavaThread "pool-2-thread-2" [_thread_in_Java, id=796, stack(0x0000000018d60000,0x0000000018e60000)]
  0x00000000176f0800 JavaThread "pool-3-thread-1" [_thread_blocked, id=10928, stack(0x0000000018c60000,0x0000000018d60000)]
  0x00000000176ef800 JavaThread "pool-2-thread-1" [_thread_in_Java, id=9760, stack(0x0000000018b60000,0x0000000018c60000)]
  0x0000000016dc0800 JavaThread "Service Thread" daemon [_thread_blocked, id=8724, stack(0x0000000017190000,0x0000000017290000)]
  0x000000001544e000 JavaThread "C1 CompilerThread2" daemon [_thread_blocked, id=11476, stack(0x0000000016c90000,0x0000000016d90000)]
  0x000000001544b000 JavaThread "C2 CompilerThread1" daemon [_thread_in_native, id=4508, stack(0x0000000016b90000,0x0000000016c90000)]
=>0x0000000015457800 JavaThread "C2 CompilerThread0" daemon [_thread_in_native, id=11832, stack(0x0000000016a90000,0x0000000016b90000)]
  0x0000000015456000 JavaThread "Attach Listener" daemon [_thread_blocked, id=10728, stack(0x0000000016990000,0x0000000016a90000)]
  0x0000000015455000 JavaThread "Signal Dispatcher" daemon [_thread_blocked, id=6240, stack(0x0000000016890000,0x0000000016990000)]
  0x0000000002d7b800 JavaThread "Finalizer" daemon [_thread_blocked, id=6056, stack(0x00000000166b0000,0x00000000167b0000)]
  0x0000000015416800 JavaThread "Reference Handler" daemon [_thread_blocked, id=4332, stack(0x00000000165b0000,0x00000000166b0000)]
  0x0000000002abd800 JavaThread "main" [_thread_in_native, id=6360, stack(0x0000000002b80000,0x0000000002c80000)]

Other Threads:
  0x0000000015415000 VMThread [stack: 0x00000000164b0000,0x00000000165b0000] [id=7848]
  0x00000000154ab000 WatcherThread [stack: 0x0000000017290000,0x0000000017390000] [id=584]

VM state:not at safepoint (normal execution)

VM Mutex/Monitor currently owned by a thread: None

Heap:
 PSYoungGen      total 232960K, used 50726K [0x00000000eab00000, 0x0000000100000000, 0x0000000100000000)
  eden space 116736K, 5% used [0x00000000eab00000,0x00000000eb195020,0x00000000f1d00000)
  from space 116224K, 37% used [0x00000000f1d00000,0x00000000f47f4a40,0x00000000f8e80000)
  to   space 116224K, 0% used [0x00000000f8e80000,0x00000000f8e80000,0x0000000100000000)
 ParOldGen       total 699392K, used 578758K [0x00000000c0000000, 0x00000000eab00000, 0x00000000eab00000)
  object space 699392K, 82% used [0x00000000c0000000,0x00000000e3531880,0x00000000eab00000)
 Metaspace       used 6636K, capacity 7282K, committed 7552K, reserved 1056768K
  class space    used 602K, capacity 618K, committed 640K, reserved 1048576K

Card table byte_map: [0x0000000012140000,0x0000000012350000] byte_map_base: 0x0000000011b40000

Marking Bits: (ParMarkBitMap*) 0x00000000588d18f0
 Begin Bits: [0x00000000128b0000, 0x00000000138b0000)
 End Bits:   [0x00000000138b0000, 0x00000000148b0000)

Polling page: 0x00000000012c0000

CodeCache: size=245760Kb used=11893Kb max_used=13095Kb free=233866Kb
 bounds [0x0000000002d80000, 0x0000000003a60000, 0x0000000011d80000]
 total_blobs=2753 nmethods=2483 adapters=183
 compilation: enabled

Compilation events (10 events):
Event: 64.206 Thread 0x000000001544b000 nmethod 3197 0x0000000003629a10 code [0x0000000003629c00, 0x000000000362b148]
Event: 64.207 Thread 0x000000001544b000 3210       4       com.android.dx.ssa.InterferenceRegisterMapper::addInterfence (62 bytes)
Event: 64.384 Thread 0x000000001544b000 nmethod 3210 0x00000000030e3d90 code [0x00000000030e3f80, 0x00000000030e5638]
Event: 64.385 Thread 0x000000001544b000 3208       4       com.android.dx.util.BitIntSet::merge (148 bytes)
Event: 64.441 Thread 0x000000001544b000 nmethod 3208 0x0000000002f920d0 code [0x0000000002f92240, 0x0000000002f92978]
Event: 64.441 Thread 0x000000001544b000 3188       4       com.android.dx.ssa.SetFactory::makeInterferenceSet (26 bytes)
Event: 64.450 Thread 0x000000001544b000 nmethod 3188 0x000000000300a4d0 code [0x000000000300a640, 0x000000000300a978]
Event: 64.450 Thread 0x000000001544b000 3207       4       java.util.ArrayList::ensureCapacity (28 bytes)
Event: 64.457 Thread 0x000000001544b000 nmethod 3207 0x0000000003097610 code [0x0000000003097760, 0x00000000030979d8]
Event: 64.457 Thread 0x000000001544b000 3199       4       com.android.dx.util.ListIntSet::add (26 bytes)

GC Heap History (10 events):
Event: 60.799 GC heap before
{Heap before GC invocations=29 (full 5):
 PSYoungGen      total 232960K, used 170943K [0x00000000eab00000, 0x0000000100000000, 0x0000000100000000)
  eden space 116736K, 100% used [0x00000000eab00000,0x00000000f1d00000,0x00000000f1d00000)
  from space 116224K, 46% used [0x00000000f1d00000,0x00000000f51efd90,0x00000000f8e80000)
  to   space 116224K, 0% used [0x00000000f8e80000,0x00000000f8e80000,0x0000000100000000)
 ParOldGen       total 561152K, used 378171K [0x00000000c0000000, 0x00000000e2400000, 0x00000000eab00000)
  object space 561152K, 67% used [0x00000000c0000000,0x00000000d714ef60,0x00000000e2400000)
 Metaspace       used 6635K, capacity 7282K, committed 7552K, reserved 1056768K
  class space    used 602K, capacity 618K, committed 640K, reserved 1048576K
Event: 61.126 GC heap after
Heap after GC invocations=29 (full 5):
 PSYoungGen      total 232960K, used 88028K [0x00000000eab00000, 0x0000000100000000, 0x0000000100000000)
  eden space 116736K, 0% used [0x00000000eab00000,0x00000000eab00000,0x00000000f1d00000)
  from space 116224K, 75% used [0x00000000f8e80000,0x00000000fe477390,0x0000000100000000)
  to   space 116224K, 0% used [0x00000000f1d00000,0x00000000f1d00000,0x00000000f8e80000)
 ParOldGen       total 561152K, used 411103K [0x00000000c0000000, 0x00000000e2400000, 0x00000000eab00000)
  object space 561152K, 73% used [0x00000000c0000000,0x00000000d9177f60,0x00000000e2400000)
 Metaspace       used 6635K, capacity 7282K, committed 7552K, reserved 1056768K
  class space    used 602K, capacity 618K, committed 640K, reserved 1048576K
}
Event: 61.309 GC heap before
{Heap before GC invocations=30 (full 5):
 PSYoungGen      total 232960K, used 204764K [0x00000000eab00000, 0x0000000100000000, 0x0000000100000000)
  eden space 116736K, 100% used [0x00000000eab00000,0x00000000f1d00000,0x00000000f1d00000)
  from space 116224K, 75% used [0x00000000f8e80000,0x00000000fe477390,0x0000000100000000)
  to   space 116224K, 0% used [0x00000000f1d00000,0x00000000f1d00000,0x00000000f8e80000)
 ParOldGen       total 561152K, used 411103K [0x00000000c0000000, 0x00000000e2400000, 0x00000000eab00000)
  object space 561152K, 73% used [0x00000000c0000000,0x00000000d9177f60,0x00000000e2400000)
 Metaspace       used 6635K, capacity 7282K, committed 7552K, reserved 1056768K
  class space    used 602K, capacity 618K, committed 640K, reserved 1048576K
Event: 61.419 GC heap after
Heap after GC invocations=30 (full 5):
 PSYoungGen      total 232960K, used 44536K [0x00000000eab00000, 0x0000000100000000, 0x0000000100000000)
  eden space 116736K, 0% used [0x00000000eab00000,0x00000000eab00000,0x00000000f1d00000)
  from space 116224K, 38% used [0x00000000f1d00000,0x00000000f487e2d0,0x00000000f8e80000)
  to   space 116224K, 0% used [0x00000000f8e80000,0x00000000f8e80000,0x0000000100000000)
 ParOldGen       total 561152K, used 500287K [0x00000000c0000000, 0x00000000e2400000, 0x00000000eab00000)
  object space 561152K, 89% used [0x00000000c0000000,0x00000000de88fed0,0x00000000e2400000)
 Metaspace       used 6635K, capacity 7282K, committed 7552K, reserved 1056768K
  class space    used 602K, capacity 618K, committed 640K, reserved 1048576K
}
Event: 61.419 GC heap before
{Heap before GC invocations=31 (full 6):
 PSYoungGen      total 232960K, used 44536K [0x00000000eab00000, 0x0000000100000000, 0x0000000100000000)
  eden space 116736K, 0% used [0x00000000eab00000,0x00000000eab00000,0x00000000f1d00000)
  from space 116224K, 38% used [0x00000000f1d00000,0x00000000f487e2d0,0x00000000f8e80000)
  to   space 116224K, 0% used [0x00000000f8e80000,0x00000000f8e80000,0x0000000100000000)
 ParOldGen       total 561152K, used 500287K [0x00000000c0000000, 0x00000000e2400000, 0x00000000eab00000)
  object space 561152K, 89% used [0x00000000c0000000,0x00000000de88fed0,0x00000000e2400000)
 Metaspace       used 6635K, capacity 7282K, committed 7552K, reserved 1056768K
  class space    used 602K, capacity 618K, committed 640K, reserved 1048576K
Event: 63.453 GC heap after
Heap after GC invocations=31 (full 6):
 PSYoungGen      total 232960K, used 0K [0x00000000eab00000, 0x0000000100000000, 0x0000000100000000)
  eden space 116736K, 0% used [0x00000000eab00000,0x00000000eab00000,0x00000000f1d00000)
  from space 116224K, 0% used [0x00000000f1d00000,0x00000000f1d00000,0x00000000f8e80000)
  to   space 116224K, 0% used [0x00000000f8e80000,0x00000000f8e80000,0x0000000100000000)
 ParOldGen       total 699392K, used 539648K [0x00000000c0000000, 0x00000000eab00000, 0x00000000eab00000)
  object space 699392K, 77% used [0x00000000c0000000,0x00000000e0f00028,0x00000000eab00000)
 Metaspace       used 6635K, capacity 7282K, committed 7552K, reserved 1056768K
  class space    used 602K, capacity 618K, committed 640K, reserved 1048576K
}
Event: 63.796 GC heap before
{Heap before GC invocations=32 (full 6):
 PSYoungGen      total 232960K, used 116736K [0x00000000eab00000, 0x0000000100000000, 0x0000000100000000)
  eden space 116736K, 100% used [0x00000000eab00000,0x00000000f1d00000,0x00000000f1d00000)
  from space 116224K, 0% used [0x00000000f1d00000,0x00000000f1d00000,0x00000000f8e80000)
  to   space 116224K, 0% used [0x00000000f8e80000,0x00000000f8e80000,0x0000000100000000)
 ParOldGen       total 699392K, used 539648K [0x00000000c0000000, 0x00000000eab00000, 0x00000000eab00000)
  object space 699392K, 77% used [0x00000000c0000000,0x00000000e0f00028,0x00000000eab00000)
 Metaspace       used 6636K, capacity 7282K, committed 7552K, reserved 1056768K
  class space    used 602K, capacity 618K, committed 640K, reserved 1048576K
Event: 63.839 GC heap after
Heap after GC invocations=32 (full 6):
 PSYoungGen      total 232960K, used 41475K [0x00000000eab00000, 0x0000000100000000, 0x0000000100000000)
  eden space 116736K, 0% used [0x00000000eab00000,0x00000000eab00000,0x00000000f1d00000)
  from space 116224K, 35% used [0x00000000f8e80000,0x00000000fb700d08,0x0000000100000000)
  to   space 116224K, 0% used [0x00000000f1d00000,0x00000000f1d00000,0x00000000f8e80000)
 ParOldGen       total 699392K, used 539648K [0x00000000c0000000, 0x00000000eab00000, 0x00000000eab00000)
  object space 699392K, 77% used [0x00000000c0000000,0x00000000e0f00028,0x00000000eab00000)
 Metaspace       used 6636K, capacity 7282K, committed 7552K, reserved 1056768K
  class space    used 602K, capacity 618K, committed 640K, reserved 1048576K
}
Event: 64.281 GC heap before
{Heap before GC invocations=33 (full 6):
 PSYoungGen      total 232960K, used 158211K [0x00000000eab00000, 0x0000000100000000, 0x0000000100000000)
  eden space 116736K, 100% used [0x00000000eab00000,0x00000000f1d00000,0x00000000f1d00000)
  from space 116224K, 35% used [0x00000000f8e80000,0x00000000fb700d08,0x0000000100000000)
  to   space 116224K, 0% used [0x00000000f1d00000,0x00000000f1d00000,0x00000000f8e80000)
 ParOldGen       total 699392K, used 539648K [0x00000000c0000000, 0x00000000eab00000, 0x00000000eab00000)
  object space 699392K, 77% used [0x00000000c0000000,0x00000000e0f00028,0x00000000eab00000)
 Metaspace       used 6636K, capacity 7282K, committed 7552K, reserved 1056768K
  class space    used 602K, capacity 618K, committed 640K, reserved 1048576K
Event: 64.375 GC heap after
Heap after GC invocations=33 (full 6):
 PSYoungGen      total 232960K, used 43986K [0x00000000eab00000, 0x0000000100000000, 0x0000000100000000)
  eden space 116736K, 0% used [0x00000000eab00000,0x00000000eab00000,0x00000000f1d00000)
  from space 116224K, 37% used [0x00000000f1d00000,0x00000000f47f4a40,0x00000000f8e80000)
  to   space 116224K, 0% used [0x00000000f8e80000,0x00000000f8e80000,0x0000000100000000)
 ParOldGen       total 699392K, used 578758K [0x00000000c0000000, 0x00000000eab00000, 0x00000000eab00000)
  object space 699392K, 82% used [0x00000000c0000000,0x00000000e3531880,0x00000000eab00000)
 Metaspace       used 6636K, capacity 7282K, committed 7552K, reserved 1056768K
  class space    used 602K, capacity 618K, committed 640K, reserved 1048576K
}

Deoptimization events (10 events):
Event: 63.718 Thread 0x0000000016fcf000 Uncommon trap: reason=predicate action=maybe_recompile pc=0x0000000002f5b55c method=com.android.dx.ssa.back.InterferenceGraph.<init>(I)V @ 23
Event: 63.866 Thread 0x0000000016fcf000 Uncommon trap: reason=class_check action=maybe_recompile pc=0x000000000387bf04 method=com.android.dx.ssa.back.InterferenceGraph.mergeInterferenceSet(ILcom/android/dx/util/IntSet;)V @ 20
Event: 63.866 Thread 0x0000000016fcf000 Uncommon trap: reason=class_check action=maybe_recompile pc=0x00000000038ffa24 method=com.android.dx.util.BitIntSet.merge(Lcom/android/dx/util/IntSet;)V @ 1
Event: 63.867 Thread 0x0000000016fcf000 Uncommon trap: reason=class_check action=maybe_recompile pc=0x000000000387bf04 method=com.android.dx.ssa.back.InterferenceGraph.mergeInterferenceSet(ILcom/android/dx/util/IntSet;)V @ 20
Event: 63.867 Thread 0x0000000016fcf000 Uncommon trap: reason=class_check action=maybe_recompile pc=0x00000000038ffa24 method=com.android.dx.util.BitIntSet.merge(Lcom/android/dx/util/IntSet;)V @ 1
Event: 63.867 Thread 0x0000000016fcf000 Uncommon trap: reason=class_check action=maybe_recompile pc=0x000000000387bf04 method=com.android.dx.ssa.back.InterferenceGraph.mergeInterferenceSet(ILcom/android/dx/util/IntSet;)V @ 20
Event: 63.868 Thread 0x0000000016fcf000 Uncommon trap: reason=class_check action=maybe_recompile pc=0x00000000038ffa24 method=com.android.dx.util.BitIntSet.merge(Lcom/android/dx/util/IntSet;)V @ 1
Event: 63.874 Thread 0x0000000016fcf000 Uncommon trap: reason=class_check action=maybe_recompile pc=0x000000000382aaa8 method=com.android.dx.ssa.back.InterferenceGraph.mergeInterferenceSet(ILcom/android/dx/util/IntSet;)V @ 20
Event: 63.874 Thread 0x0000000016fcf000 Uncommon trap: reason=class_check action=maybe_recompile pc=0x00000000038ffa24 method=com.android.dx.util.BitIntSet.merge(Lcom/android/dx/util/IntSet;)V @ 1
Event: 63.874 Thread 0x0000000016fcf000 Uncommon trap: reason=class_check action=maybe_recompile pc=0x000000000387bf04 method=com.android.dx.ssa.back.InterferenceGraph.mergeInterferenceSet(ILcom/android/dx/util/IntSet;)V @ 20

Internal exceptions (7 events):
Event: 0.036 Thread 0x0000000002abd800 Exception <a 'java/lang/NoSuchMethodError': Method sun.misc.Unsafe.defineClass(Ljava/lang/String;[BII)Ljava/lang/Class; name or signature does not match> (0x00000000eab07c78) thrown at [C:\src\android\AOSP-openjdk\external\jetbrains\jdk\hotspot\src\share\v2Í×»ž¢?
Event: 0.036 Thread 0x0000000002abd800 Exception <a 'java/lang/NoSuchMethodError': Method sun.misc.Unsafe.prefetchRead(Ljava/lang/Object;J)V name or signature does not match> (0x00000000eab07f60) thrown at [C:\src\android\AOSP-openjdk\external\jetbrains\jdk\hotspot\src\share\vm\prims\jni.cpp, l@`A@
Event: 6.763 Thread 0x0000000016fcf000 Implicit null exception at 0x000000000318084d to 0x0000000003182f05
Event: 7.844 Thread 0x00000000176ef800 Exception <a 'java/lang/ArrayIndexOutOfBoundsException': 18> (0x00000000ee55d730) thrown at [C:\src\android\AOSP-openjdk\external\jetbrains\jdk\hotspot\src\share\vm\interpreter\interpreterRuntime.cpp, line 366]
Event: 7.845 Thread 0x00000000176ef800 Exception <a 'java/lang/ArrayIndexOutOfBoundsException': 145> (0x00000000ee55f2b0) thrown at [C:\src\android\AOSP-openjdk\external\jetbrains\jdk\hotspot\src\share\vm\interpreter\interpreterRuntime.cpp, line 366]
Event: 7.846 Thread 0x00000000176ef800 Exception <a 'java/lang/ArrayIndexOutOfBoundsException'> (0x00000000ee560598) thrown at [C:\src\android\AOSP-openjdk\external\jetbrains\jdk\hotspot\src\share\vm\runtime\sharedRuntime.cpp, line 605]
Event: 29.355 Thread 0x0000000016fd0800 Implicit null exception at 0x00000000038ac0e0 to 0x00000000038b092d

Events (10 events):
Event: 64.457 Thread 0x000000001544b000 flushing nmethod 0x0000000003245e10
Event: 64.457 Thread 0x000000001544b000 flushing nmethod 0x0000000003248290
Event: 64.457 Thread 0x000000001544b000 flushing nmethod 0x000000000324eb50
Event: 64.457 Thread 0x000000001544b000 flushing nmethod 0x0000000003265f10
Event: 64.457 Thread 0x000000001544b000 flushing nmethod 0x000000000326b910
Event: 64.457 Thread 0x000000001544b000 flushing nmethod 0x000000000326f290
Event: 64.457 Thread 0x000000001544b000 flushing nmethod 0x000000000326ff90
Event: 64.457 Thread 0x000000001544b000 flushing nmethod 0x0000000003280f90
Event: 64.457 Thread 0x000000001544b000 flushing nmethod 0x00000000032950d0
Event: 64.457 Thread 0x000000001544b000 flushing nmethod 0x00000000032981d0


Dynamic libraries:
0x00007ff6ddb90000 - 0x00007ff6ddbc1000 	C:\Program Files\Android\Android Studio\jre\bin\java.exe
0x00007ff97e420000 - 0x00007ff97e5e1000 	C:\WINDOWS\SYSTEM32\ntdll.dll
0x00007ff97d920000 - 0x00007ff97d9cd000 	C:\WINDOWS\system32\KERNEL32.DLL
0x00007ff97ac40000 - 0x00007ff97ae28000 	C:\WINDOWS\system32\KERNELBASE.dll
0x00007ff97d800000 - 0x00007ff97d8a7000 	C:\WINDOWS\system32\ADVAPI32.dll
0x00007ff97bb30000 - 0x00007ff97bbcd000 	C:\WINDOWS\system32\msvcrt.dll
0x00007ff97de20000 - 0x00007ff97de7b000 	C:\WINDOWS\system32\sechost.dll
0x00007ff97d130000 - 0x00007ff97d24c000 	C:\WINDOWS\system32\RPCRT4.dll
0x00007ff97e2b0000 - 0x00007ff97e406000 	C:\WINDOWS\system32\USER32.dll
0x00007ff97dc80000 - 0x00007ff97de07000 	C:\WINDOWS\system32\GDI32.dll
0x00007ff973f20000 - 0x00007ff974194000 	C:\WINDOWS\WinSxS\amd64_microsoft.windows.common-controls_6595b64144ccf1df_6.0.10586.839_none_a2ddba30a539a2ae\COMCTL32.dll
0x00007ff97e030000 - 0x00007ff97e2ae000 	C:\WINDOWS\system32\combase.dll
0x00007ff97ae30000 - 0x00007ff97ae9a000 	C:\WINDOWS\system32\bcryptPrimitives.dll
0x00007ff97baf0000 - 0x00007ff97bb2b000 	C:\WINDOWS\system32\IMM32.DLL
0x0000000058030000 - 0x0000000058102000 	C:\Program Files\Android\Android Studio\jre\jre\bin\msvcr100.dll
0x0000000058110000 - 0x000000005894c000 	C:\Program Files\Android\Android Studio\jre\jre\bin\server\jvm.dll
0x00007ff97de10000 - 0x00007ff97de18000 	C:\WINDOWS\system32\PSAPI.DLL
0x00007ff978990000 - 0x00007ff9789b3000 	C:\WINDOWS\SYSTEM32\WINMM.dll
0x00007ff96efd0000 - 0x00007ff96efd9000 	C:\WINDOWS\SYSTEM32\WSOCK32.dll
0x00007ff972a90000 - 0x00007ff972a9a000 	C:\WINDOWS\SYSTEM32\VERSION.dll
0x00007ff97db60000 - 0x00007ff97dbcb000 	C:\WINDOWS\system32\WS2_32.dll
0x0000000001290000 - 0x00000000012bc000 	C:\WINDOWS\SYSTEM32\WINMMBASE.dll
0x00007ff97aea0000 - 0x00007ff97aee3000 	C:\WINDOWS\system32\cfgmgr32.dll
0x00007ff976ec0000 - 0x00007ff976ecf000 	C:\Program Files\Android\Android Studio\jre\jre\bin\verify.dll
0x00007ff96aed0000 - 0x00007ff96aef9000 	C:\Program Files\Android\Android Studio\jre\jre\bin\java.dll
0x00007ff973510000 - 0x00007ff973526000 	C:\Program Files\Android\Android Studio\jre\jre\bin\zip.dll
0x00007ff97bbd0000 - 0x00007ff97d12c000 	C:\WINDOWS\system32\SHELL32.dll
0x00007ff97afa0000 - 0x00007ff97b5e4000 	C:\WINDOWS\system32\windows.storage.dll
0x00007ff97d7a0000 - 0x00007ff97d7f2000 	C:\WINDOWS\system32\shlwapi.dll
0x00007ff97aaa0000 - 0x00007ff97aaaf000 	C:\WINDOWS\system32\kernel.appcore.dll
0x00007ff97aad0000 - 0x00007ff97ab85000 	C:\WINDOWS\system32\shcore.dll
0x00007ff97aa40000 - 0x00007ff97aa8b000 	C:\WINDOWS\system32\powrprof.dll
0x00007ff97aab0000 - 0x00007ff97aac4000 	C:\WINDOWS\system32\profapi.dll

VM Arguments:
jvm_args: -Djava.awt.headless=true -Xmx1024M -Dfile.encoding=windows-1252 -Duser.country=GB -Duser.language=en -Duser.variant 
java_command: com.android.dx.command.Main --dex --num-threads=4 --multi-dex --main-dex-list C:\Users\Thomas\AndroidStudioProjects\MrWhemps\app\build\intermediates\multi-dex\release\maindexlist.txt --output C:\Users\Thomas\AndroidStudioProjects\MrWhemps\app\build\intermediates\transforms\dex\release\folders\1000\1f\main C:\Users\Thomas\AndroidStudioProjects\MrWhemps\app\build\intermediates\transforms\jarMerging\release\jars\1\1f\combined.jar
java_class_path (initial): C:\Users\Thomas\AppData\Local\Android\sdk\build-tools\25.0.0\lib\dx.jar
Launcher Type: SUN_STANDARD

Environment Variables:
PATH=C:\Program Files (x86)\Intel\iCLS Client\;C:\Program Files\Intel\iCLS Client\;C:\Windows\system32;C:\Windows;C:\Windows\System32\Wbem;C:\Windows\System32\WindowsPowerShell\v1.0\;C:\Program Files (x86)\Intel\OpenCL SDK\2.0\bin\x86;C:\Program Files (x86)\Intel\OpenCL SDK\2.0\bin\x64;C:\Program Files\Intel\Intel(R) Management Engine Components\DAL;C:\Program Files\Intel\Intel(R) Management Engine Components\IPT;C:\Program Files (x86)\Intel\Intel(R) Management Engine Components\DAL;C:\Program Files (x86)\Intel\Intel(R) Management Engine Components\IPT;C:\Program Files (x86)\Windows Live\Shared;C:\Users\Thomas\AppData\Local\Smartbar\Application\;C:\WINDOWS\system32;C:\WINDOWS;C:\WINDOWS\System32\Wbem;C:\WINDOWS\System32\WindowsPowerShell\v1.0\;C:\Program Files\Microsoft SQL Server\110\Tools\Binn\;C:\Program Files\Microsoft SQL Server\120\Tools\Binn\;C:\Program Files\MiKTeX 2.9\miktex\bin\;C:\Program Files\MiKTeX 2.9\gs\gs8.71\bin\;C:\Program Files\Git\cmd;C:\Program Files (x86)\Skype\Phone\;C:\Program Files\Microsoft SQL Server\130\Tools\Binn\;C:\Program Files (x86)\Windows Kits\10\Windows Performance Toolkit\;C:\Program Files
USERNAME=Thomas
OS=Windows_NT
PROCESSOR_IDENTIFIER=Intel64 Family 6 Model 42 Stepping 7, GenuineIntel



---------------  S Y S T E M  ---------------

OS: Windows 10.0 , 64 bit Build 10586 (10.0.10586.589)

CPU:total 4 (2 cores per cpu, 2 threads per core) family 6 model 42 stepping 7, cmov, cx8, fxsr, mmx, sse, sse2, sse3, ssse3, sse4.1, sse4.2, popcnt, avx, clmul, ht, tsc, tscinvbit

Memory: 4k page, physical 4075196k(197916k free), swap 6565564k(2512k free)

vm_info: OpenJDK 64-Bit Server VM (25.112-b06) for windows-amd64 JRE (1.8.0_112-release-b06), built on Dec  8 2016 00:54:26 by "builder" with MS VC++ 10.0 (VS2010)

time: Mon Oct 09 20:22:28 2017
elapsed time: 67 seconds (0d 0h 1m 7s)

