#
# There is insufficient memory for the Java Runtime Environment to continue.
# Native memory allocation (malloc) failed to allocate 32744 bytes for ChunkPool::allocate
# Possible reasons:
#   The system is out of physical RAM or swap space
#   In 32 bit mode, the process size limit was hit
# Possible solutions:
#   Reduce memory load on the system
#   Increase physical memory or swap space
#   Check if swap backing store is full
#   Use 64 bit Java on a 64 bit OS
#   Decrease Java heap size (-Xmx/-Xms)
#   Decrease number of Java threads
#   Decrease Java thread stack sizes (-Xss)
#   Set larger code cache with -XX:ReservedCodeCacheSize=
# This output file may be truncated or incomplete.
#
#  Out of Memory Error (allocation.cpp:273), pid=12992, tid=0x00000000000031e8
#
# JRE version: OpenJDK Runtime Environment (8.0_76-b03) (build 1.8.0_76-release-b03)
# Java VM: OpenJDK 64-Bit Server VM (25.76-b03 mixed mode windows-amd64 compressed oops)
# Failed to write core dump. Minidumps are not enabled by default on client versions of Windows
#

---------------  T H R E A D  ---------------

Current thread (0x000000001572f800):  JavaThread "C2 CompilerThread1" daemon [_thread_in_native, id=12776, stack(0x0000000016e70000,0x0000000016f70000)]

Stack: [0x0000000016e70000,0x0000000016f70000]
[error occurred during error reporting (printing stack bounds), id 0xc0000005]

Native frames: (J=compiled Java code, j=interpreted, Vv=VM code, C=native code)


Current CompileTask:
C2:   7306 1879   !   4       com.android.dx.cf.cst.ConstantPoolParser::parse0 (731 bytes)


---------------  P R O C E S S  ---------------

Java Threads: ( => current thread )
  0x0000000017104800 JavaThread "pool-1-thread-1" [_thread_in_native, id=9004, stack(0x000000001b610000,0x000000001b710000)]
  0x0000000017088800 JavaThread "Service Thread" daemon [_thread_blocked, id=11360, stack(0x0000000017470000,0x0000000017570000)]
  0x0000000015737000 JavaThread "C1 CompilerThread2" daemon [_thread_blocked, id=7140, stack(0x0000000016f70000,0x0000000017070000)]
=>0x000000001572f800 JavaThread "C2 CompilerThread1" daemon [_thread_in_native, id=12776, stack(0x0000000016e70000,0x0000000016f70000)]
  0x000000001572c800 JavaThread "C2 CompilerThread0" daemon [_thread_in_native, id=8960, stack(0x0000000016d70000,0x0000000016e70000)]
  0x000000001572b000 JavaThread "Attach Listener" daemon [_thread_blocked, id=9464, stack(0x0000000016c70000,0x0000000016d70000)]
  0x0000000015729800 JavaThread "Signal Dispatcher" daemon [_thread_blocked, id=6728, stack(0x0000000016b70000,0x0000000016c70000)]
  0x0000000015718800 JavaThread "Finalizer" daemon [_thread_blocked, id=12188, stack(0x0000000016990000,0x0000000016a90000)]
  0x0000000002ff0800 JavaThread "Reference Handler" daemon [_thread_blocked, id=7416, stack(0x0000000016890000,0x0000000016990000)]
  0x000000000305d800 JavaThread "main" [_thread_blocked, id=14252, stack(0x0000000002dd0000,0x0000000002ed0000)]

Other Threads:
  0x00000000156f4800 VMThread [stack: 0x0000000016790000,0x0000000016890000] [id=13416]
  0x000000001708a000 WatcherThread [stack: 0x0000000017570000,0x0000000017670000] [id=10420]

VM state:not at safepoint (normal execution)

VM Mutex/Monitor currently owned by a thread: None

Heap:
 PSYoungGen      total 137216K, used 74581K [0x00000000eab00000, 0x00000000f7800000, 0x0000000100000000)
  eden space 87552K, 49% used [0x00000000eab00000,0x00000000ed520d20,0x00000000f0080000)
  from space 49664K, 63% used [0x00000000f4780000,0x00000000f66347e8,0x00000000f7800000)
  to   space 48640K, 0% used [0x00000000f0080000,0x00000000f0080000,0x00000000f3000000)
 ParOldGen       total 121344K, used 66251K [0x00000000c0000000, 0x00000000c7680000, 0x00000000eab00000)
  object space 121344K, 54% used [0x00000000c0000000,0x00000000c40b2c10,0x00000000c7680000)
 Metaspace       used 5986K, capacity 7088K, committed 7296K, reserved 1056768K
  class space    used 559K, capacity 616K, committed 640K, reserved 1048576K

Card table byte_map: [0x0000000012420000,0x0000000012630000] byte_map_base: 0x0000000011e20000

Marking Bits: (ParMarkBitMap*) 0x00000000665d9d00
 Begin Bits: [0x0000000012b90000, 0x0000000013b90000)
 End Bits:   [0x0000000013b90000, 0x0000000014b90000)

Polling page: 0x0000000001690000

CodeCache: size=245760Kb used=8394Kb max_used=8394Kb free=237365Kb
 bounds [0x0000000003060000, 0x00000000038a0000, 0x0000000012060000]
 total_blobs=2077 nmethods=1816 adapters=175
 compilation: enabled

Compilation events (10 events):
Event: 6.988 Thread 0x0000000015737000 1909       2       com.android.dx.util.IntList::makeImmutable (25 bytes)
Event: 6.988 Thread 0x0000000015737000 nmethod 1909 0x0000000003869490 code [0x0000000003869600, 0x0000000003869808]
Event: 6.993 Thread 0x0000000015737000 1910       2       com.android.dx.dex.code.SwitchData::<init> (117 bytes)
Event: 6.994 Thread 0x0000000015737000 nmethod 1910 0x00000000038672d0 code [0x00000000038674c0, 0x0000000003867a68]
Event: 7.012 Thread 0x0000000015737000 1911       2       com.android.dx.dex.cf.CfTranslator::translate0 (259 bytes)
Event: 7.016 Thread 0x0000000015737000 nmethod 1911 0x0000000003864f90 code [0x0000000003865280, 0x0000000003865f98]
Event: 7.051 Thread 0x0000000015737000 1912       2       com.android.dx.rop.code.Rops::opConv (231 bytes)
Event: 7.053 Thread 0x0000000015737000 nmethod 1912 0x0000000003863390 code [0x0000000003863620, 0x00000000038641b8]
Event: 7.054 Thread 0x0000000015737000 1913       2       com.android.dx.cf.code.ValueAwareMachine::run (1142 bytes)
Event: 7.057 Thread 0x0000000015737000 nmethod 1913 0x0000000003890fd0 code [0x00000000038913a0, 0x0000000003892cf8]

GC Heap History (10 events):
Event: 3.594 GC heap before
{Heap before GC invocations=9 (full 1):
 PSYoungGen      total 77312K, used 77281K [0x00000000eab00000, 0x00000000f2580000, 0x0000000100000000)
  eden space 59392K, 100% used [0x00000000eab00000,0x00000000ee500000,0x00000000ee500000)
  from space 17920K, 99% used [0x00000000ee500000,0x00000000ef6785a8,0x00000000ef680000)
  to   space 22528K, 0% used [0x00000000f0f80000,0x00000000f0f80000,0x00000000f2580000)
 ParOldGen       total 67584K, used 31116K [0x00000000c0000000, 0x00000000c4200000, 0x00000000eab00000)
  object space 67584K, 46% used [0x00000000c0000000,0x00000000c1e63260,0x00000000c4200000)
 Metaspace       used 5892K, capacity 7024K, committed 7296K, reserved 1056768K
  class space    used 557K, capacity 616K, committed 640K, reserved 1048576K
Event: 3.638 GC heap after
Heap after GC invocations=9 (full 1):
 PSYoungGen      total 97280K, used 22502K [0x00000000eab00000, 0x00000000f3d00000, 0x0000000100000000)
  eden space 74752K, 0% used [0x00000000eab00000,0x00000000eab00000,0x00000000ef400000)
  from space 22528K, 99% used [0x00000000f0f80000,0x00000000f2579910,0x00000000f2580000)
  to   space 28160K, 0% used [0x00000000ef400000,0x00000000ef400000,0x00000000f0f80000)
 ParOldGen       total 67584K, used 36201K [0x00000000c0000000, 0x00000000c4200000, 0x00000000eab00000)
  object space 67584K, 53% used [0x00000000c0000000,0x00000000c235a728,0x00000000c4200000)
 Metaspace       used 5892K, capacity 7024K, committed 7296K, reserved 1056768K
  class space    used 557K, capacity 616K, committed 640K, reserved 1048576K
}
Event: 4.458 GC heap before
{Heap before GC invocations=10 (full 1):
 PSYoungGen      total 97280K, used 97254K [0x00000000eab00000, 0x00000000f3d00000, 0x0000000100000000)
  eden space 74752K, 100% used [0x00000000eab00000,0x00000000ef400000,0x00000000ef400000)
  from space 22528K, 99% used [0x00000000f0f80000,0x00000000f2579910,0x00000000f2580000)
  to   space 28160K, 0% used [0x00000000ef400000,0x00000000ef400000,0x00000000f0f80000)
 ParOldGen       total 67584K, used 36201K [0x00000000c0000000, 0x00000000c4200000, 0x00000000eab00000)
  object space 67584K, 53% used [0x00000000c0000000,0x00000000c235a728,0x00000000c4200000)
 Metaspace       used 5934K, capacity 7088K, committed 7296K, reserved 1056768K
  class space    used 557K, capacity 616K, committed 640K, reserved 1048576K
Event: 4.526 GC heap after
Heap after GC invocations=10 (full 1):
 PSYoungGen      total 102912K, used 28140K [0x00000000eab00000, 0x00000000f5380000, 0x0000000100000000)
  eden space 74752K, 0% used [0x00000000eab00000,0x00000000eab00000,0x00000000ef400000)
  from space 28160K, 99% used [0x00000000ef400000,0x00000000f0f7b260,0x00000000f0f80000)
  to   space 36352K, 0% used [0x00000000f3000000,0x00000000f3000000,0x00000000f5380000)
 ParOldGen       total 67584K, used 44573K [0x00000000c0000000, 0x00000000c4200000, 0x00000000eab00000)
  object space 67584K, 65% used [0x00000000c0000000,0x00000000c2b877a0,0x00000000c4200000)
 Metaspace       used 5934K, capacity 7088K, committed 7296K, reserved 1056768K
  class space    used 557K, capacity 616K, committed 640K, reserved 1048576K
}
Event: 5.049 GC heap before
{Heap before GC invocations=11 (full 1):
 PSYoungGen      total 102912K, used 102892K [0x00000000eab00000, 0x00000000f5380000, 0x0000000100000000)
  eden space 74752K, 100% used [0x00000000eab00000,0x00000000ef400000,0x00000000ef400000)
  from space 28160K, 99% used [0x00000000ef400000,0x00000000f0f7b260,0x00000000f0f80000)
  to   space 36352K, 0% used [0x00000000f3000000,0x00000000f3000000,0x00000000f5380000)
 ParOldGen       total 67584K, used 44573K [0x00000000c0000000, 0x00000000c4200000, 0x00000000eab00000)
  object space 67584K, 65% used [0x00000000c0000000,0x00000000c2b877a0,0x00000000c4200000)
 Metaspace       used 5945K, capacity 7088K, committed 7296K, reserved 1056768K
  class space    used 557K, capacity 616K, committed 640K, reserved 1048576K
Event: 5.150 GC heap after
Heap after GC invocations=11 (full 1):
 PSYoungGen      total 123904K, used 36343K [0x00000000eab00000, 0x00000000f6d80000, 0x0000000100000000)
  eden space 87552K, 0% used [0x00000000eab00000,0x00000000eab00000,0x00000000f0080000)
  from space 36352K, 99% used [0x00000000f3000000,0x00000000f537dfa0,0x00000000f5380000)
  to   space 48640K, 0% used [0x00000000f0080000,0x00000000f0080000,0x00000000f3000000)
 ParOldGen       total 67584K, used 63636K [0x00000000c0000000, 0x00000000c4200000, 0x00000000eab00000)
  object space 67584K, 94% used [0x00000000c0000000,0x00000000c3e25180,0x00000000c4200000)
 Metaspace       used 5945K, capacity 7088K, committed 7296K, reserved 1056768K
  class space    used 557K, capacity 616K, committed 640K, reserved 1048576K
}
Event: 5.150 GC heap before
{Heap before GC invocations=12 (full 2):
 PSYoungGen      total 123904K, used 36343K [0x00000000eab00000, 0x00000000f6d80000, 0x0000000100000000)
  eden space 87552K, 0% used [0x00000000eab00000,0x00000000eab00000,0x00000000f0080000)
  from space 36352K, 99% used [0x00000000f3000000,0x00000000f537dfa0,0x00000000f5380000)
  to   space 48640K, 0% used [0x00000000f0080000,0x00000000f0080000,0x00000000f3000000)
 ParOldGen       total 67584K, used 63636K [0x00000000c0000000, 0x00000000c4200000, 0x00000000eab00000)
  object space 67584K, 94% used [0x00000000c0000000,0x00000000c3e25180,0x00000000c4200000)
 Metaspace       used 5945K, capacity 7088K, committed 7296K, reserved 1056768K
  class space    used 557K, capacity 616K, committed 640K, reserved 1048576K
Event: 5.677 GC heap after
Heap after GC invocations=12 (full 2):
 PSYoungGen      total 123904K, used 0K [0x00000000eab00000, 0x00000000f6d80000, 0x0000000100000000)
  eden space 87552K, 0% used [0x00000000eab00000,0x00000000eab00000,0x00000000f0080000)
  from space 36352K, 0% used [0x00000000f3000000,0x00000000f3000000,0x00000000f5380000)
  to   space 48640K, 0% used [0x00000000f0080000,0x00000000f0080000,0x00000000f3000000)
 ParOldGen       total 121344K, used 66251K [0x00000000c0000000, 0x00000000c7680000, 0x00000000eab00000)
  object space 121344K, 54% used [0x00000000c0000000,0x00000000c40b2c10,0x00000000c7680000)
 Metaspace       used 5945K, capacity 7088K, committed 7296K, reserved 1056768K
  class space    used 557K, capacity 616K, committed 640K, reserved 1048576K
}
Event: 6.403 GC heap before
{Heap before GC invocations=13 (full 2):
 PSYoungGen      total 123904K, used 87552K [0x00000000eab00000, 0x00000000f6d80000, 0x0000000100000000)
  eden space 87552K, 100% used [0x00000000eab00000,0x00000000f0080000,0x00000000f0080000)
  from space 36352K, 0% used [0x00000000f3000000,0x00000000f3000000,0x00000000f5380000)
  to   space 48640K, 0% used [0x00000000f0080000,0x00000000f0080000,0x00000000f3000000)
 ParOldGen       total 121344K, used 66251K [0x00000000c0000000, 0x00000000c7680000, 0x00000000eab00000)
  object space 121344K, 54% used [0x00000000c0000000,0x00000000c40b2c10,0x00000000c7680000)
 Metaspace       used 5957K, capacity 7088K, committed 7296K, reserved 1056768K
  class space    used 557K, capacity 616K, committed 640K, reserved 1048576K
Event: 6.457 GC heap after
Heap after GC invocations=13 (full 2):
 PSYoungGen      total 136192K, used 29938K [0x00000000eab00000, 0x00000000f7800000, 0x0000000100000000)
  eden space 87552K, 0% used [0x00000000eab00000,0x00000000eab00000,0x00000000f0080000)
  from space 48640K, 61% used [0x00000000f0080000,0x00000000f1dbc948,0x00000000f3000000)
  to   space 49664K, 0% used [0x00000000f4780000,0x00000000f4780000,0x00000000f7800000)
 ParOldGen       total 121344K, used 66251K [0x00000000c0000000, 0x00000000c7680000, 0x00000000eab00000)
  object space 121344K, 54% used [0x00000000c0000000,0x00000000c40b2c10,0x00000000c7680000)
 Metaspace       used 5957K, capacity 7088K, committed 7296K, reserved 1056768K
  class space    used 557K, capacity 616K, committed 640K, reserved 1048576K
}

Deoptimization events (10 events):
Event: 6.260 Thread 0x0000000017311800 Uncommon trap: reason=class_check action=maybe_recompile pc=0x00000000033f1914 method=java.util.HashMap.putVal(ILjava/lang/Object;Ljava/lang/Object;ZZ)Ljava/lang/Object; @ 203
Event: 6.260 Thread 0x0000000017311800 Uncommon trap: reason=bimorphic action=maybe_recompile pc=0x00000000032e5f78 method=java.util.HashMap.getNode(ILjava/lang/Object;)Ljava/util/HashMap$Node; @ 126
Event: 6.260 Thread 0x0000000017311800 Uncommon trap: reason=class_check action=maybe_recompile pc=0x00000000033f1914 method=java.util.HashMap.putVal(ILjava/lang/Object;Ljava/lang/Object;ZZ)Ljava/lang/Object; @ 203
Event: 6.260 Thread 0x0000000017311800 Uncommon trap: reason=class_check action=maybe_recompile pc=0x00000000033f1914 method=java.util.HashMap.putVal(ILjava/lang/Object;Ljava/lang/Object;ZZ)Ljava/lang/Object; @ 203
Event: 6.260 Thread 0x0000000017311800 Uncommon trap: reason=bimorphic action=maybe_recompile pc=0x00000000034b2f90 method=java.util.HashMap.getNode(ILjava/lang/Object;)Ljava/util/HashMap$Node; @ 126
Event: 6.846 Thread 0x0000000017311800 Uncommon trap: reason=unstable_if action=reinterpret pc=0x0000000003768294 method=com.android.dx.cf.code.RopperMachine.run(Lcom/android/dx/cf/code/Frame;II)V @ 356
Event: 6.988 Thread 0x0000000017311800 Uncommon trap: reason=class_check action=maybe_recompile pc=0x00000000035877b8 method=com.android.dx.cf.code.BaseMachine.addResult(Lcom/android/dx/rop/type/TypeBearer;)V @ 23
Event: 7.050 Thread 0x0000000017311800 Uncommon trap: reason=class_check action=maybe_recompile pc=0x00000000035877b8 method=com.android.dx.cf.code.BaseMachine.addResult(Lcom/android/dx/rop/type/TypeBearer;)V @ 23
Event: 7.051 Thread 0x0000000017311800 Uncommon trap: reason=class_check action=maybe_recompile pc=0x00000000035877b8 method=com.android.dx.cf.code.BaseMachine.addResult(Lcom/android/dx/rop/type/TypeBearer;)V @ 23
Event: 7.053 Thread 0x0000000017311800 Uncommon trap: reason=class_check action=maybe_recompile pc=0x00000000035877b8 method=com.android.dx.cf.code.BaseMachine.addResult(Lcom/android/dx/rop/type/TypeBearer;)V @ 23

Internal exceptions (3 events):
Event: 0.034 Thread 0x000000000305d800 Exception <a 'java/lang/NoSuchMethodError': Method sun.misc.Unsafe.defineClass(Ljava/lang/String;[BII)Ljava/lang/Class; name or signature does not match> (0x00000000eab07cc0) thrown at [C:\src\android\AOSP-openjdk\external\jetbrains\jdk\hotspot\src\share\v[Å~ü<¥¡?
Event: 0.034 Thread 0x000000000305d800 Exception <a 'java/lang/NoSuchMethodError': Method sun.misc.Unsafe.prefetchRead(Ljava/lang/Object;J)V name or signature does not match> (0x00000000eab07fa8) thrown at [C:\src\android\AOSP-openjdk\external\jetbrains\jdk\hotspot\src\share\vm\prims\jni.cpp, lEã¨ªRó?
Event: 1.208 Thread 0x0000000017311800 Implicit null exception at 0x0000000003337262 to 0x0000000003337361

Events (10 events):
Event: 7.050 Thread 0x0000000017311800 Uncommon trap: trap_request=0xffffffde fr.pc=0x00000000035877b8
Event: 7.050 Thread 0x0000000017311800 DEOPT PACKING pc=0x00000000035877b8 sp=0x0000000017a6e400
Event: 7.050 Thread 0x0000000017311800 DEOPT UNPACKING pc=0x00000000030a556a sp=0x0000000017a6e398 mode 2
Event: 7.051 Thread 0x0000000017311800 Uncommon trap: trap_request=0xffffffde fr.pc=0x00000000035877b8
Event: 7.051 Thread 0x0000000017311800 DEOPT PACKING pc=0x00000000035877b8 sp=0x0000000017a6e400
Event: 7.051 Thread 0x0000000017311800 DEOPT UNPACKING pc=0x00000000030a556a sp=0x0000000017a6e398 mode 2
Event: 7.053 Thread 0x0000000017311800 Uncommon trap: trap_request=0xffffffde fr.pc=0x00000000035877b8
Event: 7.053 Thread 0x0000000017311800 DEOPT PACKING pc=0x00000000035877b8 sp=0x0000000017a6e400
Event: 7.053 Thread 0x0000000017311800 DEOPT UNPACKING pc=0x00000000030a556a sp=0x0000000017a6e398 mode 2
Event: 7.071 Thread 0x0000000017311800 Thread exited: 0x0000000017311800


Dynamic libraries:
0x00007ff6d2bb0000 - 0x00007ff6d2be1000 	C:\Program Files\Android\Android Studio\jre\bin\java.exe
0x00007ffad9aa0000 - 0x00007ffad9c61000 	C:\WINDOWS\SYSTEM32\ntdll.dll
0x00007ffad7000000 - 0x00007ffad70ad000 	C:\WINDOWS\system32\KERNEL32.DLL
0x00007ffad6520000 - 0x00007ffad6708000 	C:\WINDOWS\system32\KERNELBASE.dll
0x00007ffad9430000 - 0x00007ffad94d7000 	C:\WINDOWS\system32\ADVAPI32.dll
0x00007ffad9130000 - 0x00007ffad91cd000 	C:\WINDOWS\system32\msvcrt.dll
0x00007ffad90d0000 - 0x00007ffad912b000 	C:\WINDOWS\system32\sechost.dll
0x00007ffad98b0000 - 0x00007ffad99cc000 	C:\WINDOWS\system32\RPCRT4.dll
0x00007ffad8ba0000 - 0x00007ffad8cf6000 	C:\WINDOWS\system32\USER32.dll
0x00007ffad92a0000 - 0x00007ffad9426000 	C:\WINDOWS\system32\GDI32.dll
0x00007ffacf3a0000 - 0x00007ffacf614000 	C:\WINDOWS\WinSxS\amd64_microsoft.windows.common-controls_6595b64144ccf1df_6.0.10586.672_none_a2d6b3cea53ff843\COMCTL32.dll
0x00007ffad9520000 - 0x00007ffad979d000 	C:\WINDOWS\system32\combase.dll
0x00007ffad63d0000 - 0x00007ffad643a000 	C:\WINDOWS\system32\bcryptPrimitives.dll
0x00007ffad94e0000 - 0x00007ffad951b000 	C:\WINDOWS\system32\IMM32.DLL
0x0000000065d40000 - 0x0000000065e12000 	C:\Program Files\Android\Android Studio\jre\jre\bin\msvcr100.dll
0x0000000065e20000 - 0x0000000066654000 	C:\Program Files\Android\Android Studio\jre\jre\bin\server\jvm.dll
0x00007ffad90b0000 - 0x00007ffad90b8000 	C:\WINDOWS\system32\PSAPI.DLL
0x00007ffacd380000 - 0x00007ffacd38a000 	C:\WINDOWS\SYSTEM32\VERSION.dll
0x00007ffad2d40000 - 0x00007ffad2d49000 	C:\WINDOWS\SYSTEM32\WSOCK32.dll
0x00007ffad34f0000 - 0x00007ffad3513000 	C:\WINDOWS\SYSTEM32\WINMM.dll
0x00007ffad9040000 - 0x00007ffad90ab000 	C:\WINDOWS\system32\WS2_32.dll
0x00007ffad3490000 - 0x00007ffad34bc000 	C:\WINDOWS\SYSTEM32\WINMMBASE.dll
0x00007ffad6440000 - 0x00007ffad6483000 	C:\WINDOWS\system32\cfgmgr32.dll
0x00007ffacf080000 - 0x00007ffacf08f000 	C:\Program Files\Android\Android Studio\jre\jre\bin\verify.dll
0x00007ffaca960000 - 0x00007ffaca989000 	C:\Program Files\Android\Android Studio\jre\jre\bin\java.dll
0x00007ffacefe0000 - 0x00007ffaceff6000 	C:\Program Files\Android\Android Studio\jre\jre\bin\zip.dll
0x00007ffad74f0000 - 0x00007ffad8a4c000 	C:\WINDOWS\system32\SHELL32.dll
0x00007ffad67d0000 - 0x00007ffad6e15000 	C:\WINDOWS\system32\windows.storage.dll
0x00007ffad91d0000 - 0x00007ffad9222000 	C:\WINDOWS\system32\shlwapi.dll
0x00007ffad6140000 - 0x00007ffad614f000 	C:\WINDOWS\system32\kernel.appcore.dll
0x00007ffad6710000 - 0x00007ffad67c5000 	C:\WINDOWS\system32\shcore.dll
0x00007ffad60f0000 - 0x00007ffad613b000 	C:\WINDOWS\system32\powrprof.dll
0x00007ffad60d0000 - 0x00007ffad60e4000 	C:\WINDOWS\system32\profapi.dll

VM Arguments:
jvm_args: -Djava.awt.headless=true -Xmx1024M -Dfile.encoding=windows-1252 -Duser.country=GB -Duser.language=en -Duser.variant 
java_command: com.android.dx.command.Main --dex --force-jumbo --num-threads=4 --multi-dex --output C:\Users\Thomas\AndroidStudioProjects\MrWhemps\app\build\intermediates\transforms\dex\debug\folders\1000\5\slice_8 C:\Users\Thomas\AndroidStudioProjects\MrWhemps\app\build\intermediates\transforms\instantRunSlicer\debug\folders\1\5\slice_8
java_class_path (initial): C:\Users\Thomas\AppData\Local\Android\sdk\build-tools\23.0.2\lib\dx.jar
Launcher Type: SUN_STANDARD

Environment Variables:
PATH=C:\Program Files (x86)\Intel\iCLS Client\;C:\Program Files\Intel\iCLS Client\;C:\Windows\system32;C:\Windows;C:\Windows\System32\Wbem;C:\Windows\System32\WindowsPowerShell\v1.0\;C:\Program Files (x86)\Intel\OpenCL SDK\2.0\bin\x86;C:\Program Files (x86)\Intel\OpenCL SDK\2.0\bin\x64;C:\Program Files\Intel\Intel(R) Management Engine Components\DAL;C:\Program Files\Intel\Intel(R) Management Engine Components\IPT;C:\Program Files (x86)\Intel\Intel(R) Management Engine Components\DAL;C:\Program Files (x86)\Intel\Intel(R) Management Engine Components\IPT;C:\Program Files (x86)\Windows Live\Shared;C:\Users\Thomas\AppData\Local\Smartbar\Application\;C:\WINDOWS\system32;C:\WINDOWS;C:\WINDOWS\System32\Wbem;C:\WINDOWS\System32\WindowsPowerShell\v1.0\;D:\Programs\bin;C:\Program Files\Microsoft SQL Server\110\Tools\Binn\;C:\Program Files\Microsoft SQL Server\120\Tools\Binn\;C:\Program Files\MiKTeX 2.9\miktex\bin\;C:\Program Files\MiKTeX 2.9\gs\gs8.71\bin\;C:\Program Files\Git\cmd;C:\Program Files (x86)\Skype\Phone\;C:\Program Files\Microsoft SQL Server\130\Tools\Binn\;C:\Program Files (x86)\Windows Kits\10\Windows Performance Toolkit\;C:\Program Files
USERNAME=Thomas
OS=Windows_NT
PROCESSOR_IDENTIFIER=Intel64 Family 6 Model 42 Stepping 7, GenuineIntel



---------------  S Y S T E M  ---------------

OS: Windows 10.0 , 64 bit Build 10586 (10.0.10586.589)

CPU:total 4 (2 cores per cpu, 2 threads per core) family 6 model 42 stepping 7, cmov, cx8, fxsr, mmx, sse, sse2, sse3, ssse3, sse4.1, sse4.2, popcnt, avx, clmul, ht, tsc, tscinvbit

Memory: 4k page, physical 4075172k(288068k free), swap 6565540k(14036k free)

vm_info: OpenJDK 64-Bit Server VM (25.76-b03) for windows-amd64 JRE (1.8.0_76-release-b03), built on Jun 29 2016 19:09:20 by "ralucas" with MS VC++ 10.0 (VS2010)

time: Sun Jan 15 13:12:36 2017
elapsed time: 7 seconds (0d 0h 0m 7s)

