#
# There is insufficient memory for the Java Runtime Environment to continue.
# Native memory allocation (malloc) failed to allocate 300336 bytes for Chunk::new
# Possible reasons:
#   The system is out of physical RAM or swap space
#   In 32 bit mode, the process size limit was hit
# Possible solutions:
#   Reduce memory load on the system
#   Increase physical memory or swap space
#   Check if swap backing store is full
#   Use 64 bit Java on a 64 bit OS
#   Decrease Java heap size (-Xmx/-Xms)
#   Decrease number of Java threads
#   Decrease Java thread stack sizes (-Xss)
#   Set larger code cache with -XX:ReservedCodeCacheSize=
# This output file may be truncated or incomplete.
#
#  Out of Memory Error (allocation.cpp:390), pid=13256, tid=0x0000000000002a5c
#
# JRE version: OpenJDK Runtime Environment (8.0_76-b03) (build 1.8.0_76-release-b03)
# Java VM: OpenJDK 64-Bit Server VM (25.76-b03 mixed mode windows-amd64 compressed oops)
# Failed to write core dump. Minidumps are not enabled by default on client versions of Windows
#

---------------  T H R E A D  ---------------

Current thread (0x000000001519e800):  JavaThread "C2 CompilerThread1" daemon [_thread_in_native, id=10844, stack(0x0000000016900000,0x0000000016a00000)]

Stack: [0x0000000016900000,0x0000000016a00000]
[error occurred during error reporting (printing stack bounds), id 0xc0000005]

Native frames: (J=compiled Java code, j=interpreted, Vv=VM code, C=native code)


Current CompileTask:
C2:   1550 1071       4       com.android.dx.ssa.SsaMethod::forEachInsn (36 bytes)


---------------  P R O C E S S  ---------------

Java Threads: ( => current thread )
  0x0000000016d4d800 JavaThread "pool-2-thread-4" [_thread_in_Java, id=3392, stack(0x0000000017500000,0x0000000017600000)]
  0x0000000016c95800 JavaThread "pool-2-thread-3" [_thread_in_Java, id=992, stack(0x0000000017400000,0x0000000017500000)]
  0x0000000016d3e000 JavaThread "pool-2-thread-2" [_thread_in_Java, id=14024, stack(0x0000000017300000,0x0000000017400000)]
  0x0000000016c9a000 JavaThread "pool-3-thread-1" [_thread_blocked, id=9220, stack(0x0000000017200000,0x0000000017300000)]
  0x0000000016c8e000 JavaThread "pool-2-thread-1" [_thread_in_Java, id=14136, stack(0x0000000017100000,0x0000000017200000)]
  0x0000000016b21000 JavaThread "Service Thread" daemon [_thread_blocked, id=7640, stack(0x0000000016f00000,0x0000000017000000)]
  0x00000000151f5000 JavaThread "C1 CompilerThread2" daemon [_thread_in_native, id=9800, stack(0x0000000016a00000,0x0000000016b00000)]
=>0x000000001519e800 JavaThread "C2 CompilerThread1" daemon [_thread_in_native, id=10844, stack(0x0000000016900000,0x0000000016a00000)]
  0x000000001519b800 JavaThread "C2 CompilerThread0" daemon [_thread_in_native, id=5684, stack(0x0000000016800000,0x0000000016900000)]
  0x000000001519a000 JavaThread "Attach Listener" daemon [_thread_blocked, id=6724, stack(0x0000000016700000,0x0000000016800000)]
  0x0000000015199000 JavaThread "Signal Dispatcher" daemon [_thread_blocked, id=10188, stack(0x0000000016600000,0x0000000016700000)]
  0x0000000015188800 JavaThread "Finalizer" daemon [_thread_blocked, id=12580, stack(0x0000000016420000,0x0000000016520000)]
  0x0000000002ac0800 JavaThread "Reference Handler" daemon [_thread_blocked, id=10992, stack(0x0000000016320000,0x0000000016420000)]
  0x00000000029cd800 JavaThread "main" [_thread_in_Java, id=6852, stack(0x0000000002860000,0x0000000002960000)]

Other Threads:
  0x0000000015165000 VMThread [stack: 0x0000000016220000,0x0000000016320000] [id=5664]
  0x00000000151fb800 WatcherThread [stack: 0x0000000017000000,0x0000000017100000] [id=3328]

VM state:not at safepoint (normal execution)

VM Mutex/Monitor currently owned by a thread: None

Heap:
 PSYoungGen      total 18944K, used 13523K [0x00000000eab00000, 0x00000000ec000000, 0x0000000100000000)
  eden space 16384K, 66% used [0x00000000eab00000,0x00000000eb5b7098,0x00000000ebb00000)
  from space 2560K, 99% used [0x00000000ebb00000,0x00000000ebd7dc78,0x00000000ebd80000)
  to   space 2560K, 0% used [0x00000000ebd80000,0x00000000ebd80000,0x00000000ec000000)
 ParOldGen       total 44032K, used 1649K [0x00000000c0000000, 0x00000000c2b00000, 0x00000000eab00000)
  object space 44032K, 3% used [0x00000000c0000000,0x00000000c019c708,0x00000000c2b00000)
 Metaspace       used 5778K, capacity 6768K, committed 7040K, reserved 1056768K
  class space    used 566K, capacity 616K, committed 640K, reserved 1048576K

Card table byte_map: [0x0000000011e90000,0x00000000120a0000] byte_map_base: 0x0000000011890000

Marking Bits: (ParMarkBitMap*) 0x000000005c809d00
 Begin Bits: [0x0000000012600000, 0x0000000013600000)
 End Bits:   [0x0000000013600000, 0x0000000014600000)

Polling page: 0x00000000010a0000

CodeCache: size=245760Kb used=4247Kb max_used=4247Kb free=241512Kb
 bounds [0x0000000002ad0000, 0x0000000002f00000, 0x0000000011ad0000]
 total_blobs=1356 nmethods=1089 adapters=181
 compilation: enabled

Compilation events (10 events):
Event: 1.545 Thread 0x00000000151f5000 nmethod 1090 0x0000000002ef89d0 code [0x0000000002ef8b20, 0x0000000002ef8c30]
Event: 1.545 Thread 0x00000000151f5000 1095       1       com.android.dx.cf.code.RopperMachine::getReturnOp (5 bytes)
Event: 1.545 Thread 0x00000000151f5000 nmethod 1095 0x0000000002ef8c90 code [0x0000000002ef8de0, 0x0000000002ef8ef0]
Event: 1.545 Thread 0x00000000151f5000 1096       1       com.android.dx.cf.code.RopperMachine::getReturnPosition (5 bytes)
Event: 1.545 Thread 0x00000000151f5000 nmethod 1096 0x0000000002ef8f50 code [0x0000000002ef90a0, 0x0000000002ef91b0]
Event: 1.545 Thread 0x00000000151f5000 1097       1       com.android.dx.rop.code.Rop::getSources (5 bytes)
Event: 1.545 Thread 0x00000000151f5000 nmethod 1097 0x0000000002ef9210 code [0x0000000002ef9360, 0x0000000002ef9470]
Event: 1.546 Thread 0x00000000151f5000 1098       3       java.util.RegularEnumSet::contains (57 bytes)
Event: 1.546 Thread 0x00000000151f5000 nmethod 1098 0x0000000002ef94d0 code [0x0000000002ef9660, 0x0000000002ef9c08]
Event: 1.546 Thread 0x00000000151f5000 1099       3       com.android.dx.ssa.ConstCollector::getConstsSortedByCountUse (386 bytes)

GC Heap History (2 events):
Event: 1.198 GC heap before
{Heap before GC invocations=1 (full 0):
 PSYoungGen      total 18944K, used 16384K [0x00000000eab00000, 0x00000000ec000000, 0x0000000100000000)
  eden space 16384K, 100% used [0x00000000eab00000,0x00000000ebb00000,0x00000000ebb00000)
  from space 2560K, 0% used [0x00000000ebd80000,0x00000000ebd80000,0x00000000ec000000)
  to   space 2560K, 0% used [0x00000000ebb00000,0x00000000ebb00000,0x00000000ebd80000)
 ParOldGen       total 44032K, used 0K [0x00000000c0000000, 0x00000000c2b00000, 0x00000000eab00000)
  object space 44032K, 0% used [0x00000000c0000000,0x00000000c0000000,0x00000000c2b00000)
 Metaspace       used 5677K, capacity 6704K, committed 6784K, reserved 1056768K
  class space    used 566K, capacity 616K, committed 640K, reserved 1048576K
Event: 1.206 GC heap after
Heap after GC invocations=1 (full 0):
 PSYoungGen      total 18944K, used 2551K [0x00000000eab00000, 0x00000000ec000000, 0x0000000100000000)
  eden space 16384K, 0% used [0x00000000eab00000,0x00000000eab00000,0x00000000ebb00000)
  from space 2560K, 99% used [0x00000000ebb00000,0x00000000ebd7dc78,0x00000000ebd80000)
  to   space 2560K, 0% used [0x00000000ebd80000,0x00000000ebd80000,0x00000000ec000000)
 ParOldGen       total 44032K, used 1649K [0x00000000c0000000, 0x00000000c2b00000, 0x00000000eab00000)
  object space 44032K, 3% used [0x00000000c0000000,0x00000000c019c708,0x00000000c2b00000)
 Metaspace       used 5677K, capacity 6704K, committed 6784K, reserved 1056768K
  class space    used 566K, capacity 616K, committed 640K, reserved 1048576K
}

Deoptimization events (6 events):
Event: 1.228 Thread 0x0000000016c95800 Uncommon trap: reason=bimorphic action=maybe_recompile pc=0x0000000002d3fecc method=java.util.HashMap.getNode(ILjava/lang/Object;)Ljava/util/HashMap$Node; @ 126
Event: 1.229 Thread 0x0000000016c95800 Uncommon trap: reason=bimorphic action=maybe_recompile pc=0x0000000002d3fecc method=java.util.HashMap.getNode(ILjava/lang/Object;)Ljava/util/HashMap$Node; @ 126
Event: 1.229 Thread 0x0000000016c95800 Uncommon trap: reason=bimorphic action=maybe_recompile pc=0x0000000002d3fecc method=java.util.HashMap.getNode(ILjava/lang/Object;)Ljava/util/HashMap$Node; @ 126
Event: 1.229 Thread 0x0000000016c95800 Uncommon trap: reason=bimorphic action=maybe_recompile pc=0x0000000002d3fecc method=java.util.HashMap.getNode(ILjava/lang/Object;)Ljava/util/HashMap$Node; @ 126
Event: 1.229 Thread 0x0000000016c95800 Uncommon trap: reason=bimorphic action=maybe_recompile pc=0x0000000002cdc260 method=java.util.HashMap.getNode(ILjava/lang/Object;)Ljava/util/HashMap$Node; @ 126
Event: 1.404 Thread 0x00000000029cd800 Uncommon trap: reason=unstable_if action=reinterpret pc=0x0000000002eaeffc method=com.android.dx.util.IntList.binarysearch(I)I @ 105

Internal exceptions (2 events):
Event: 0.055 Thread 0x00000000029cd800 Exception <a 'java/lang/NoSuchMethodError': Method sun.misc.Unsafe.defineClass(Ljava/lang/String;[BII)Ljava/lang/Class; name or signature does not match> (0x00000000eab07cc0) thrown at [C:\src\android\AOSP-openjdk\external\jetbrains\jdk\hotspot\src\share\v×Èu¬?
Event: 0.055 Thread 0x00000000029cd800 Exception <a 'java/lang/NoSuchMethodError': Method sun.misc.Unsafe.prefetchRead(Ljava/lang/Object;J)V name or signature does not match> (0x00000000eab07fa8) thrown at [C:\src\android\AOSP-openjdk\external\jetbrains\jdk\hotspot\src\share\vm\prims\jni.cpp, l

Events (10 events):
Event: 1.229 Thread 0x0000000016c95800 DEOPT UNPACKING pc=0x0000000002b1556a sp=0x00000000174fe6d8 mode 2
Event: 1.229 Thread 0x0000000016c95800 Uncommon trap: trap_request=0xffffffc6 fr.pc=0x0000000002d3fecc
Event: 1.229 Thread 0x0000000016c95800 DEOPT PACKING pc=0x0000000002d3fecc sp=0x00000000174fe7b0
Event: 1.229 Thread 0x0000000016c95800 DEOPT UNPACKING pc=0x0000000002b1556a sp=0x00000000174fe6d8 mode 2
Event: 1.229 Thread 0x0000000016c95800 Uncommon trap: trap_request=0xffffffc6 fr.pc=0x0000000002cdc260
Event: 1.229 Thread 0x0000000016c95800 DEOPT PACKING pc=0x0000000002cdc260 sp=0x00000000174fe750
Event: 1.229 Thread 0x0000000016c95800 DEOPT UNPACKING pc=0x0000000002b1556a sp=0x00000000174fe6d8 mode 2
Event: 1.404 Thread 0x00000000029cd800 Uncommon trap: trap_request=0xffffff65 fr.pc=0x0000000002eaeffc
Event: 1.404 Thread 0x00000000029cd800 DEOPT PACKING pc=0x0000000002eaeffc sp=0x000000000295e4a0
Event: 1.404 Thread 0x00000000029cd800 DEOPT UNPACKING pc=0x0000000002b1556a sp=0x000000000295e418 mode 2


Dynamic libraries:
0x00007ff6c7d80000 - 0x00007ff6c7db1000 	C:\Program Files\Android\Android Studio\jre\bin\java.exe
0x00007ffd40960000 - 0x00007ffd40b21000 	C:\WINDOWS\SYSTEM32\ntdll.dll
0x00007ffd3e080000 - 0x00007ffd3e12d000 	C:\WINDOWS\system32\KERNEL32.DLL
0x00007ffd3dab0000 - 0x00007ffd3dc98000 	C:\WINDOWS\system32\KERNELBASE.dll
0x00007ffd40460000 - 0x00007ffd40507000 	C:\WINDOWS\system32\ADVAPI32.dll
0x00007ffd3e980000 - 0x00007ffd3ea1d000 	C:\WINDOWS\system32\msvcrt.dll
0x00007ffd3e8b0000 - 0x00007ffd3e90b000 	C:\WINDOWS\system32\sechost.dll
0x00007ffd3e130000 - 0x00007ffd3e24c000 	C:\WINDOWS\system32\RPCRT4.dll
0x00007ffd3df20000 - 0x00007ffd3e076000 	C:\WINDOWS\system32\USER32.dll
0x00007ffd3dd80000 - 0x00007ffd3df06000 	C:\WINDOWS\system32\GDI32.dll
0x00007ffd38ad0000 - 0x00007ffd38d44000 	C:\WINDOWS\WinSxS\amd64_microsoft.windows.common-controls_6595b64144ccf1df_6.0.10586.672_none_a2d6b3cea53ff843\COMCTL32.dll
0x00007ffd3e250000 - 0x00007ffd3e4cd000 	C:\WINDOWS\system32\combase.dll
0x00007ffd3d8b0000 - 0x00007ffd3d91a000 	C:\WINDOWS\system32\bcryptPrimitives.dll
0x00007ffd40510000 - 0x00007ffd4054b000 	C:\WINDOWS\system32\IMM32.DLL
0x000000005be90000 - 0x000000005bf62000 	C:\Program Files\Android\Android Studio\jre\jre\bin\msvcr100.dll
0x000000005c050000 - 0x000000005c884000 	C:\Program Files\Android\Android Studio\jre\jre\bin\server\jvm.dll
0x00007ffd3df10000 - 0x00007ffd3df18000 	C:\WINDOWS\system32\PSAPI.DLL
0x00007ffd32730000 - 0x00007ffd32739000 	C:\WINDOWS\SYSTEM32\WSOCK32.dll
0x00007ffd3e910000 - 0x00007ffd3e97b000 	C:\WINDOWS\system32\WS2_32.dll
0x00007ffd39a80000 - 0x00007ffd39aa3000 	C:\WINDOWS\SYSTEM32\WINMM.dll
0x00007ffd39a50000 - 0x00007ffd39a7c000 	C:\WINDOWS\SYSTEM32\WINMMBASE.dll
0x00007ffd33a10000 - 0x00007ffd33a1a000 	C:\WINDOWS\SYSTEM32\VERSION.dll
0x00007ffd3d920000 - 0x00007ffd3d963000 	C:\WINDOWS\system32\cfgmgr32.dll
0x00007ffd34130000 - 0x00007ffd3413f000 	C:\Program Files\Android\Android Studio\jre\jre\bin\verify.dll
0x00007ffd32f70000 - 0x00007ffd32f99000 	C:\Program Files\Android\Android Studio\jre\jre\bin\java.dll
0x00007ffd2ffd0000 - 0x00007ffd2ffe6000 	C:\Program Files\Android\Android Studio\jre\jre\bin\zip.dll
0x00007ffd3ef00000 - 0x00007ffd4045c000 	C:\WINDOWS\system32\SHELL32.dll
0x00007ffd3d090000 - 0x00007ffd3d6d5000 	C:\WINDOWS\system32\windows.storage.dll
0x00007ffd406d0000 - 0x00007ffd40722000 	C:\WINDOWS\system32\shlwapi.dll
0x00007ffd3d000000 - 0x00007ffd3d00f000 	C:\WINDOWS\system32\kernel.appcore.dll
0x00007ffd3dca0000 - 0x00007ffd3dd55000 	C:\WINDOWS\system32\shcore.dll
0x00007ffd3cfb0000 - 0x00007ffd3cffb000 	C:\WINDOWS\system32\powrprof.dll
0x00007ffd3cf90000 - 0x00007ffd3cfa4000 	C:\WINDOWS\system32\profapi.dll

VM Arguments:
jvm_args: -Djava.awt.headless=true -Xmx1024M -Dfile.encoding=windows-1252 -Duser.country=GB -Duser.language=en -Duser.variant 
java_command: com.android.dx.command.Main --dex --force-jumbo --num-threads=4 --multi-dex --output C:\Users\Thomas\AndroidStudioProjects\MrWhemps\app\build\intermediates\transforms\dex\debug\folders\1000\10\com.google.android.gms-play-services-clearcut-9.4.0_e805cb9b8024d5d589699361d9ebf4dde3a089c1 C:\Users\Thomas\AndroidStudioProjects\MrWhemps\app\build\intermediates\exploded-aar\com.google.android.gms\play-services-clearcut\9.4.0\jars\classes.jar
java_class_path (initial): C:\Users\Thomas\AppData\Local\Android\sdk\build-tools\23.0.2\lib\dx.jar
Launcher Type: SUN_STANDARD

Environment Variables:
PATH=C:\Program Files (x86)\Intel\iCLS Client\;C:\Program Files\Intel\iCLS Client\;C:\Windows\system32;C:\Windows;C:\Windows\System32\Wbem;C:\Windows\System32\WindowsPowerShell\v1.0\;C:\Program Files (x86)\Intel\OpenCL SDK\2.0\bin\x86;C:\Program Files (x86)\Intel\OpenCL SDK\2.0\bin\x64;C:\Program Files\Intel\Intel(R) Management Engine Components\DAL;C:\Program Files\Intel\Intel(R) Management Engine Components\IPT;C:\Program Files (x86)\Intel\Intel(R) Management Engine Components\DAL;C:\Program Files (x86)\Intel\Intel(R) Management Engine Components\IPT;C:\Program Files (x86)\Windows Live\Shared;C:\Users\Thomas\AppData\Local\Smartbar\Application\;C:\WINDOWS\system32;C:\WINDOWS;C:\WINDOWS\System32\Wbem;C:\WINDOWS\System32\WindowsPowerShell\v1.0\;D:\Programs\bin;C:\Program Files\Microsoft SQL Server\110\Tools\Binn\;C:\Program Files\Microsoft SQL Server\120\Tools\Binn\;C:\Program Files\MiKTeX 2.9\miktex\bin\;C:\Program Files\MiKTeX 2.9\gs\gs8.71\bin\;C:\Program Files\Git\cmd;C:\Program Files (x86)\Skype\Phone\;C:\Program Files\Microsoft SQL Server\130\Tools\Binn\;C:\Program Files (x86)\Windows Kits\10\Windows Performance Toolkit\;C:\Program Files
USERNAME=Thomas
OS=Windows_NT
PROCESSOR_IDENTIFIER=Intel64 Family 6 Model 42 Stepping 7, GenuineIntel



---------------  S Y S T E M  ---------------

OS: Windows 10.0 , 64 bit Build 10586 (10.0.10586.589)

CPU:total 4 (2 cores per cpu, 2 threads per core) family 6 model 42 stepping 7, cmov, cx8, fxsr, mmx, sse, sse2, sse3, ssse3, sse4.1, sse4.2, popcnt, avx, clmul, ht, tsc, tscinvbit

Memory: 4k page, physical 4075172k(588760k free), swap 6565540k(5136k free)

vm_info: OpenJDK 64-Bit Server VM (25.76-b03) for windows-amd64 JRE (1.8.0_76-release-b03), built on Jun 29 2016 19:09:20 by "ralucas" with MS VC++ 10.0 (VS2010)

time: Sun Jan 22 13:02:04 2017
elapsed time: 1 seconds (0d 0h 0m 1s)

