#
# There is insufficient memory for the Java Runtime Environment to continue.
# Native memory allocation (malloc) failed to allocate 286336 bytes for Chunk::new
# Possible reasons:
#   The system is out of physical RAM or swap space
#   In 32 bit mode, the process size limit was hit
# Possible solutions:
#   Reduce memory load on the system
#   Increase physical memory or swap space
#   Check if swap backing store is full
#   Use 64 bit Java on a 64 bit OS
#   Decrease Java heap size (-Xmx/-Xms)
#   Decrease number of Java threads
#   Decrease Java thread stack sizes (-Xss)
#   Set larger code cache with -XX:ReservedCodeCacheSize=
# This output file may be truncated or incomplete.
#
#  Out of Memory Error (allocation.cpp:390), pid=12016, tid=0x0000000000003840
#
# JRE version: OpenJDK Runtime Environment (8.0_76-b03) (build 1.8.0_76-release-b03)
# Java VM: OpenJDK 64-Bit Server VM (25.76-b03 mixed mode windows-amd64 compressed oops)
# Failed to write core dump. Minidumps are not enabled by default on client versions of Windows
#

---------------  T H R E A D  ---------------

Current thread (0x0000000014abe800):  JavaThread "C2 CompilerThread1" daemon [_thread_in_native, id=14400, stack(0x00000000161f0000,0x00000000162f0000)]

Stack: [0x00000000161f0000,0x00000000162f0000]
[error occurred during error reporting (printing stack bounds), id 0xc0000005]

Native frames: (J=compiled Java code, j=interpreted, Vv=VM code, C=native code)


Current CompileTask:
C2:   1720  686       4       com.android.dx.ssa.NormalSsaInsn::accept (25 bytes)


---------------  P R O C E S S  ---------------

Java Threads: ( => current thread )
  0x000000001665b000 JavaThread "pool-2-thread-4" [_thread_in_Java, id=12096, stack(0x0000000016df0000,0x0000000016ef0000)]
  0x0000000016657000 JavaThread "pool-2-thread-3" [_thread_in_Java, id=6180, stack(0x0000000016cf0000,0x0000000016df0000)]
  0x0000000016656000 JavaThread "pool-2-thread-2" [_thread_in_Java, id=12792, stack(0x0000000016bf0000,0x0000000016cf0000)]
  0x0000000016632800 JavaThread "pool-3-thread-1" [_thread_blocked, id=9948, stack(0x0000000016af0000,0x0000000016bf0000)]
  0x0000000016651800 JavaThread "pool-2-thread-1" [_thread_in_Java, id=4032, stack(0x00000000169f0000,0x0000000016af0000)]
  0x00000000163f3800 JavaThread "Service Thread" daemon [_thread_blocked, id=9552, stack(0x00000000167f0000,0x00000000168f0000)]
  0x0000000014b18000 JavaThread "C1 CompilerThread2" daemon [_thread_in_native, id=7188, stack(0x00000000162f0000,0x00000000163f0000)]
=>0x0000000014abe800 JavaThread "C2 CompilerThread1" daemon [_thread_in_native, id=14400, stack(0x00000000161f0000,0x00000000162f0000)]
  0x0000000014abb800 JavaThread "C2 CompilerThread0" daemon [_thread_blocked, id=9044, stack(0x00000000160f0000,0x00000000161f0000)]
  0x0000000014aba000 JavaThread "Attach Listener" daemon [_thread_blocked, id=6660, stack(0x0000000015ff0000,0x00000000160f0000)]
  0x0000000014ab9000 JavaThread "Signal Dispatcher" daemon [_thread_blocked, id=14588, stack(0x0000000015ef0000,0x0000000015ff0000)]
  0x0000000014aa8800 JavaThread "Finalizer" daemon [_thread_blocked, id=10584, stack(0x0000000015d10000,0x0000000015e10000)]
  0x0000000002320800 JavaThread "Reference Handler" daemon [_thread_blocked, id=3420, stack(0x0000000015c10000,0x0000000015d10000)]
  0x00000000023ed800 JavaThread "main" [_thread_in_Java, id=9620, stack(0x0000000002110000,0x0000000002210000)]

Other Threads:
  0x0000000014a85000 VMThread [stack: 0x0000000015b10000,0x0000000015c10000] [id=7256]
  0x00000000163f5800 WatcherThread [stack: 0x00000000168f0000,0x00000000169f0000] [id=11252]

VM state:not at safepoint (normal execution)

VM Mutex/Monitor currently owned by a thread: None

Heap:
 PSYoungGen      total 18944K, used 13548K [0x00000000eab00000, 0x00000000ec000000, 0x0000000100000000)
  eden space 16384K, 82% used [0x00000000eab00000,0x00000000eb83b318,0x00000000ebb00000)
  from space 2560K, 0% used [0x00000000ebd80000,0x00000000ebd80000,0x00000000ec000000)
  to   space 2560K, 0% used [0x00000000ebb00000,0x00000000ebb00000,0x00000000ebd80000)
 ParOldGen       total 44032K, used 0K [0x00000000c0000000, 0x00000000c2b00000, 0x00000000eab00000)
  object space 44032K, 0% used [0x00000000c0000000,0x00000000c0000000,0x00000000c2b00000)
 Metaspace       used 5574K, capacity 6640K, committed 6784K, reserved 1056768K
  class space    used 570K, capacity 616K, committed 640K, reserved 1048576K

Card table byte_map: [0x00000000117b0000,0x00000000119c0000] byte_map_base: 0x00000000111b0000

Marking Bits: (ParMarkBitMap*) 0x00000000665d9d00
 Begin Bits: [0x0000000011f20000, 0x0000000012f20000)
 End Bits:   [0x0000000012f20000, 0x0000000013f20000)

Polling page: 0x00000000008d0000

CodeCache: size=245760Kb used=2852Kb max_used=2852Kb free=242907Kb
 bounds [0x00000000023f0000, 0x00000000026c0000, 0x00000000113f0000]
 total_blobs=950 nmethods=682 adapters=182
 compilation: enabled

Compilation events (10 events):
Event: 1.706 Thread 0x0000000014b18000 nmethod 679 0x000000000268e1d0 code [0x000000000268f440, 0x000000000269e328]
Event: 1.706 Thread 0x0000000014b18000  683   !   3       com.android.dx.rop.type.Type::intern (319 bytes)
Event: 1.710 Thread 0x0000000014b18000 nmethod 683 0x00000000026acc10 code [0x00000000026ad080, 0x00000000026afac8]
Event: 1.710 Thread 0x0000000014b18000  680       3       com.android.dx.cf.code.ValueAwareMachine::run (1142 bytes)
Event: 1.715 Thread 0x0000000014b18000 nmethod 680 0x00000000026b1190 code [0x00000000026b1720, 0x00000000026b60f8]
Event: 1.715 Thread 0x0000000014b18000  681   !   3       java.util.BitSet::clone (49 bytes)
Event: 1.716 Thread 0x0000000014b18000 nmethod 681 0x000000000268ce10 code [0x000000000268d000, 0x000000000268d8d8]
Event: 1.716 Thread 0x0000000014b18000  682       3       com.android.dx.ssa.LiteralOpUpgrader::tryReplacingWithConstant (161 bytes)
Event: 1.718 Thread 0x0000000014b18000 nmethod 682 0x00000000026b8090 code [0x00000000026b8340, 0x00000000026b9878]
Event: 1.718 Thread 0x0000000014b18000  684       3       com.android.dx.rop.code.PlainInsn::withNewRegisters (18 bytes)

GC Heap History (0 events):
No events

Deoptimization events (6 events):
Event: 0.916 Thread 0x00000000023ed800 Uncommon trap: reason=unstable_if action=reinterpret pc=0x000000000252f9d0 method=java.lang.String.indexOf(II)I @ 49
Event: 1.591 Thread 0x0000000016656000 Uncommon trap: reason=unstable_if action=reinterpret pc=0x00000000025f697c method=java.util.HashMap.getNode(ILjava/lang/Object;)Ljava/util/HashMap$Node; @ 62
Event: 1.683 Thread 0x000000001665b000 Uncommon trap: reason=class_check action=maybe_recompile pc=0x0000000002676db0 method=com.android.dx.ssa.NormalSsaInsn.accept(Lcom/android/dx/ssa/SsaInsn$Visitor;)V @ 9
Event: 1.683 Thread 0x000000001665b000 Uncommon trap: reason=class_check action=maybe_recompile pc=0x0000000002676db0 method=com.android.dx.ssa.NormalSsaInsn.accept(Lcom/android/dx/ssa/SsaInsn$Visitor;)V @ 9
Event: 1.684 Thread 0x000000001665b000 Uncommon trap: reason=class_check action=maybe_recompile pc=0x0000000002676db0 method=com.android.dx.ssa.NormalSsaInsn.accept(Lcom/android/dx/ssa/SsaInsn$Visitor;)V @ 9
Event: 1.684 Thread 0x000000001665b000 Uncommon trap: reason=class_check action=maybe_recompile pc=0x0000000002676db0 method=com.android.dx.ssa.NormalSsaInsn.accept(Lcom/android/dx/ssa/SsaInsn$Visitor;)V @ 9

Internal exceptions (2 events):
Event: 0.062 Thread 0x00000000023ed800 Exception <a 'java/lang/NoSuchMethodError': Method sun.misc.Unsafe.defineClass(Ljava/lang/String;[BII)Ljava/lang/Class; name or signature does not match> (0x00000000eab07cc0) thrown at [C:\src\android\AOSP-openjdk\external\jetbrains\jdk\hotspot\src\share\v88g('ып?
Event: 0.062 Thread 0x00000000023ed800 Exception <a 'java/lang/NoSuchMethodError': Method sun.misc.Unsafe.prefetchRead(Ljava/lang/Object;J)V name or signature does not match> (0x00000000eab07fa8) thrown at [C:\src\android\AOSP-openjdk\external\jetbrains\jdk\hotspot\src\share\vm\prims\jni.cpp, l

Events (10 events):
Event: 1.683 Thread 0x000000001665b000 DEOPT UNPACKING pc=0x000000000243556a sp=0x0000000016eee970 mode 2
Event: 1.683 Thread 0x000000001665b000 Uncommon trap: trap_request=0xffffffde fr.pc=0x0000000002676db0
Event: 1.683 Thread 0x000000001665b000 DEOPT PACKING pc=0x0000000002676db0 sp=0x0000000016eee700
Event: 1.684 Thread 0x000000001665b000 DEOPT UNPACKING pc=0x000000000243556a sp=0x0000000016eee690 mode 2
Event: 1.684 Thread 0x000000001665b000 Uncommon trap: trap_request=0xffffffde fr.pc=0x0000000002676db0
Event: 1.684 Thread 0x000000001665b000 DEOPT PACKING pc=0x0000000002676db0 sp=0x0000000016eee610
Event: 1.684 Thread 0x000000001665b000 DEOPT UNPACKING pc=0x000000000243556a sp=0x0000000016eee5a0 mode 2
Event: 1.684 Thread 0x000000001665b000 Uncommon trap: trap_request=0xffffffde fr.pc=0x0000000002676db0
Event: 1.684 Thread 0x000000001665b000 DEOPT PACKING pc=0x0000000002676db0 sp=0x0000000016eee9b0
Event: 1.684 Thread 0x000000001665b000 DEOPT UNPACKING pc=0x000000000243556a sp=0x0000000016eee940 mode 2


Dynamic libraries:
0x00007ff7a0c80000 - 0x00007ff7a0cb1000 	C:\Program Files\Android\Android Studio\jre\bin\java.exe
0x00007ffad9aa0000 - 0x00007ffad9c61000 	C:\WINDOWS\SYSTEM32\ntdll.dll
0x00007ffad7000000 - 0x00007ffad70ad000 	C:\WINDOWS\system32\KERNEL32.DLL
0x00007ffad6520000 - 0x00007ffad6708000 	C:\WINDOWS\system32\KERNELBASE.dll
0x00007ffad9430000 - 0x00007ffad94d7000 	C:\WINDOWS\system32\ADVAPI32.dll
0x00007ffad9130000 - 0x00007ffad91cd000 	C:\WINDOWS\system32\msvcrt.dll
0x00007ffad90d0000 - 0x00007ffad912b000 	C:\WINDOWS\system32\sechost.dll
0x00007ffad98b0000 - 0x00007ffad99cc000 	C:\WINDOWS\system32\RPCRT4.dll
0x00007ffad8ba0000 - 0x00007ffad8cf6000 	C:\WINDOWS\system32\USER32.dll
0x00007ffad92a0000 - 0x00007ffad9426000 	C:\WINDOWS\system32\GDI32.dll
0x00007ffacf3a0000 - 0x00007ffacf614000 	C:\WINDOWS\WinSxS\amd64_microsoft.windows.common-controls_6595b64144ccf1df_6.0.10586.672_none_a2d6b3cea53ff843\COMCTL32.dll
0x00007ffad9520000 - 0x00007ffad979d000 	C:\WINDOWS\system32\combase.dll
0x00007ffad63d0000 - 0x00007ffad643a000 	C:\WINDOWS\system32\bcryptPrimitives.dll
0x00007ffad94e0000 - 0x00007ffad951b000 	C:\WINDOWS\system32\IMM32.DLL
0x0000000064c50000 - 0x0000000064d22000 	C:\Program Files\Android\Android Studio\jre\jre\bin\msvcr100.dll
0x0000000065e20000 - 0x0000000066654000 	C:\Program Files\Android\Android Studio\jre\jre\bin\server\jvm.dll
0x00007ffad90b0000 - 0x00007ffad90b8000 	C:\WINDOWS\system32\PSAPI.DLL
0x00007ffad34f0000 - 0x00007ffad3513000 	C:\WINDOWS\SYSTEM32\WINMM.dll
0x00007ffad2d40000 - 0x00007ffad2d49000 	C:\WINDOWS\SYSTEM32\WSOCK32.dll
0x00007ffad9040000 - 0x00007ffad90ab000 	C:\WINDOWS\system32\WS2_32.dll
0x00007ffad3490000 - 0x00007ffad34bc000 	C:\WINDOWS\SYSTEM32\WINMMBASE.dll
0x00007ffacd380000 - 0x00007ffacd38a000 	C:\WINDOWS\SYSTEM32\VERSION.dll
0x00007ffad6440000 - 0x00007ffad6483000 	C:\WINDOWS\system32\cfgmgr32.dll
0x00007ffacf080000 - 0x00007ffacf08f000 	C:\Program Files\Android\Android Studio\jre\jre\bin\verify.dll
0x00007ffaca960000 - 0x00007ffaca989000 	C:\Program Files\Android\Android Studio\jre\jre\bin\java.dll
0x00007ffacefe0000 - 0x00007ffaceff6000 	C:\Program Files\Android\Android Studio\jre\jre\bin\zip.dll
0x00007ffad74f0000 - 0x00007ffad8a4c000 	C:\WINDOWS\system32\SHELL32.dll
0x00007ffad67d0000 - 0x00007ffad6e15000 	C:\WINDOWS\system32\windows.storage.dll
0x00007ffad91d0000 - 0x00007ffad9222000 	C:\WINDOWS\system32\shlwapi.dll
0x00007ffad6140000 - 0x00007ffad614f000 	C:\WINDOWS\system32\kernel.appcore.dll
0x00007ffad6710000 - 0x00007ffad67c5000 	C:\WINDOWS\system32\shcore.dll
0x00007ffad60f0000 - 0x00007ffad613b000 	C:\WINDOWS\system32\powrprof.dll
0x00007ffad60d0000 - 0x00007ffad60e4000 	C:\WINDOWS\system32\profapi.dll

VM Arguments:
jvm_args: -Djava.awt.headless=true -Xmx1024M -Dfile.encoding=windows-1252 -Duser.country=GB -Duser.language=en -Duser.variant 
java_command: com.android.dx.command.Main --dex --force-jumbo --num-threads=4 --multi-dex --output C:\Users\Thomas\AndroidStudioProjects\MrWhemps\app\build\intermediates\transforms\dex\debug\folders\1000\10\com.android.support-recyclerview-v7-23.4.0_8e062966b18e0d1e71bf97e53dd536db6181d6d1 C:\Users\Thomas\AndroidStudioProjects\MrWhemps\app\build\intermediates\exploded-aar\com.android.support\recyclerview-v7\23.4.0\jars\classes.jar
java_class_path (initial): C:\Users\Thomas\AppData\Local\Android\sdk\build-tools\23.0.2\lib\dx.jar
Launcher Type: SUN_STANDARD

Environment Variables:
PATH=C:\Program Files (x86)\Intel\iCLS Client\;C:\Program Files\Intel\iCLS Client\;C:\Windows\system32;C:\Windows;C:\Windows\System32\Wbem;C:\Windows\System32\WindowsPowerShell\v1.0\;C:\Program Files (x86)\Intel\OpenCL SDK\2.0\bin\x86;C:\Program Files (x86)\Intel\OpenCL SDK\2.0\bin\x64;C:\Program Files\Intel\Intel(R) Management Engine Components\DAL;C:\Program Files\Intel\Intel(R) Management Engine Components\IPT;C:\Program Files (x86)\Intel\Intel(R) Management Engine Components\DAL;C:\Program Files (x86)\Intel\Intel(R) Management Engine Components\IPT;C:\Program Files (x86)\Windows Live\Shared;C:\Users\Thomas\AppData\Local\Smartbar\Application\;C:\WINDOWS\system32;C:\WINDOWS;C:\WINDOWS\System32\Wbem;C:\WINDOWS\System32\WindowsPowerShell\v1.0\;D:\Programs\bin;C:\Program Files\Microsoft SQL Server\110\Tools\Binn\;C:\Program Files\Microsoft SQL Server\120\Tools\Binn\;C:\Program Files\MiKTeX 2.9\miktex\bin\;C:\Program Files\MiKTeX 2.9\gs\gs8.71\bin\;C:\Program Files\Git\cmd;C:\Program Files (x86)\Skype\Phone\;C:\Program Files\Microsoft SQL Server\130\Tools\Binn\;C:\Program Files (x86)\Windows Kits\10\Windows Performance Toolkit\;C:\Program Files
USERNAME=Thomas
OS=Windows_NT
PROCESSOR_IDENTIFIER=Intel64 Family 6 Model 42 Stepping 7, GenuineIntel



---------------  S Y S T E M  ---------------

OS: Windows 10.0 , 64 bit Build 10586 (10.0.10586.589)

CPU:total 4 (2 cores per cpu, 2 threads per core) family 6 model 42 stepping 7, cmov, cx8, fxsr, mmx, sse, sse2, sse3, ssse3, sse4.1, sse4.2, popcnt, avx, clmul, ht, tsc, tscinvbit

Memory: 4k page, physical 4075172k(612748k free), swap 6565540k(4232k free)

vm_info: OpenJDK 64-Bit Server VM (25.76-b03) for windows-amd64 JRE (1.8.0_76-release-b03), built on Jun 29 2016 19:09:20 by "ralucas" with MS VC++ 10.0 (VS2010)

time: Sun Jan 15 17:37:01 2017
elapsed time: 1 seconds (0d 0h 0m 1s)

