#
# There is insufficient memory for the Java Runtime Environment to continue.
# Native memory allocation (malloc) failed to allocate 32744 bytes for ChunkPool::allocate
# Possible reasons:
#   The system is out of physical RAM or swap space
#   In 32 bit mode, the process size limit was hit
# Possible solutions:
#   Reduce memory load on the system
#   Increase physical memory or swap space
#   Check if swap backing store is full
#   Use 64 bit Java on a 64 bit OS
#   Decrease Java heap size (-Xmx/-Xms)
#   Decrease number of Java threads
#   Decrease Java thread stack sizes (-Xss)
#   Set larger code cache with -XX:ReservedCodeCacheSize=
# This output file may be truncated or incomplete.
#
#  Out of Memory Error (allocation.cpp:273), pid=536, tid=0x000000000000155c
#
# JRE version: OpenJDK Runtime Environment (8.0_76-b03) (build 1.8.0_76-release-b03)
# Java VM: OpenJDK 64-Bit Server VM (25.76-b03 mixed mode windows-amd64 compressed oops)
# Failed to write core dump. Minidumps are not enabled by default on client versions of Windows
#

---------------  T H R E A D  ---------------

Current thread (0x00000000155ce800):  JavaThread "C2 CompilerThread1" daemon [_thread_in_native, id=5468, stack(0x0000000016d00000,0x0000000016e00000)]

Stack: [0x0000000016d00000,0x0000000016e00000]
[error occurred during error reporting (printing stack bounds), id 0xc0000005]

Native frames: (J=compiled Java code, j=interpreted, Vv=VM code, C=native code)


Current CompileTask:
C2:   2637  216       4       com.android.dx.util.ByteArray::getUnsignedByte (14 bytes)


---------------  P R O C E S S  ---------------

Java Threads: ( => current thread )
  0x000000001709d800 JavaThread "pool-2-thread-4" [_thread_in_vm, id=4820, stack(0x0000000017900000,0x0000000017a00000)]
  0x0000000017098800 JavaThread "pool-2-thread-3" [_thread_blocked, id=10772, stack(0x0000000017800000,0x0000000017900000)]
  0x0000000017098000 JavaThread "pool-2-thread-2" [_thread_blocked, id=2672, stack(0x0000000017700000,0x0000000017800000)]
  0x0000000017095000 JavaThread "pool-3-thread-1" [_thread_in_native, id=6752, stack(0x0000000017600000,0x0000000017700000)]
  0x0000000017092800 JavaThread "pool-2-thread-1" [_thread_in_native, id=6956, stack(0x0000000017500000,0x0000000017600000)]
  0x0000000016f02800 JavaThread "Service Thread" daemon [_thread_blocked, id=1140, stack(0x0000000017300000,0x0000000017400000)]
  0x000000001560d800 JavaThread "C1 CompilerThread2" daemon [_thread_in_native, id=232, stack(0x0000000016e00000,0x0000000016f00000)]
=>0x00000000155ce800 JavaThread "C2 CompilerThread1" daemon [_thread_in_native, id=5468, stack(0x0000000016d00000,0x0000000016e00000)]
  0x00000000155cb800 JavaThread "C2 CompilerThread0" daemon [_thread_blocked, id=9768, stack(0x0000000016c00000,0x0000000016d00000)]
  0x00000000155ca000 JavaThread "Attach Listener" daemon [_thread_blocked, id=11096, stack(0x0000000016b00000,0x0000000016c00000)]
  0x00000000155c9000 JavaThread "Signal Dispatcher" daemon [_thread_blocked, id=3876, stack(0x0000000016a00000,0x0000000016b00000)]
  0x0000000002ed5800 JavaThread "Finalizer" daemon [_thread_blocked, id=9944, stack(0x0000000016820000,0x0000000016920000)]
  0x0000000015597000 JavaThread "Reference Handler" daemon [_thread_blocked, id=868, stack(0x0000000016720000,0x0000000016820000)]
  0x0000000002cbd800 JavaThread "main" [_thread_blocked, id=7324, stack(0x0000000002cc0000,0x0000000002dc0000)]

Other Threads:
  0x0000000015595000 VMThread [stack: 0x0000000016620000,0x0000000016720000] [id=1828]
  0x0000000016f04000 WatcherThread [stack: 0x0000000017400000,0x0000000017500000] [id=6024]

VM state:not at safepoint (normal execution)

VM Mutex/Monitor currently owned by a thread: None

Heap:
 PSYoungGen      total 18944K, used 5936K [0x00000000eab00000, 0x00000000ec000000, 0x0000000100000000)
  eden space 16384K, 36% used [0x00000000eab00000,0x00000000eb0cc1c8,0x00000000ebb00000)
  from space 2560K, 0% used [0x00000000ebd80000,0x00000000ebd80000,0x00000000ec000000)
  to   space 2560K, 0% used [0x00000000ebb00000,0x00000000ebb00000,0x00000000ebd80000)
 ParOldGen       total 44032K, used 0K [0x00000000c0000000, 0x00000000c2b00000, 0x00000000eab00000)
  object space 44032K, 0% used [0x00000000c0000000,0x00000000c0000000,0x00000000c2b00000)
 Metaspace       used 4020K, capacity 5232K, committed 5376K, reserved 1056768K
  class space    used 435K, capacity 488K, committed 512K, reserved 1048576K

Card table byte_map: [0x00000000122a0000,0x00000000124b0000] byte_map_base: 0x0000000011ca0000

Marking Bits: (ParMarkBitMap*) 0x000000005eef9d00
 Begin Bits: [0x0000000012a10000, 0x0000000013a10000)
 End Bits:   [0x0000000013a10000, 0x0000000014a10000)

Polling page: 0x0000000001030000

CodeCache: size=245760Kb used=1492Kb max_used=1503Kb free=244267Kb
 bounds [0x0000000002ee0000, 0x0000000003150000, 0x0000000011ee0000]
 total_blobs=465 nmethods=209 adapters=170
 compilation: enabled

Compilation events (10 events):
Event: 2.491 Thread 0x000000001560d800  205       1       com.android.dx.rop.cst.CstString::isCategory2 (2 bytes)
Event: 2.491 Thread 0x000000001560d800 nmethod 205 0x000000000304d350 code [0x000000000304d4a0, 0x000000000304d5b0]
Event: 2.492 Thread 0x000000001560d800  206       1       com.android.dx.util.ByteArray::size (5 bytes)
Event: 2.492 Thread 0x000000001560d800 nmethod 206 0x00000000030551d0 code [0x0000000003055320, 0x0000000003055430]
Event: 2.493 Thread 0x000000001560d800  207       3       com.android.dx.rop.cst.Constant::<init> (5 bytes)
Event: 2.493 Thread 0x000000001560d800 nmethod 207 0x0000000003054e10 code [0x0000000003054f60, 0x0000000003055110]
Event: 2.493 Thread 0x000000001560d800  208   !   3       com.android.dx.cf.cst.ConstantPoolParser::parse0 (731 bytes)
Event: 2.495 Thread 0x00000000155cb800  212       4       com.android.dx.util.ByteArray::checkOffsets (66 bytes)
Event: 2.496 Thread 0x00000000155cb800 nmethod 212 0x0000000003057d10 code [0x0000000003057e40, 0x0000000003057ef8]
Event: 2.500 Thread 0x00000000155ce800  216       4       com.android.dx.util.ByteArray::getUnsignedByte (14 bytes)

GC Heap History (0 events):
No events

Deoptimization events (1 events):
Event: 2.280 Thread 0x0000000002cbd800 Uncommon trap: reason=unstable_if action=reinterpret pc=0x0000000003019dd0 method=java.lang.String.indexOf(II)I @ 49

Internal exceptions (2 events):
Event: 0.098 Thread 0x0000000002cbd800 Exception <a 'java/lang/NoSuchMethodError': Method sun.misc.Unsafe.defineClass(Ljava/lang/String;[BII)Ljava/lang/Class; name or signature does not match> (0x00000000eab07cc0) thrown at [C:\src\android\AOSP-openjdk\external\jetbrains\jdk\hotspot\src\share\vÕ9Aü_¹?
Event: 0.098 Thread 0x0000000002cbd800 Exception <a 'java/lang/NoSuchMethodError': Method sun.misc.Unsafe.prefetchRead(Ljava/lang/Object;J)V name or signature does not match> (0x00000000eab07fa8) thrown at [C:\src\android\AOSP-openjdk\external\jetbrains\jdk\hotspot\src\share\vm\prims\jni.cpp, l

Events (10 events):
Event: 2.464 loading class com/android/dx/command/dexer/Main$ClassDefItemConsumer
Event: 2.465 loading class com/android/dx/command/dexer/Main$ClassDefItemConsumer done
Event: 2.465 Thread 0x0000000017095000 Thread added: 0x0000000017095000
Event: 2.491 Thread 0x0000000017098000 Thread added: 0x0000000017098000
Event: 2.494 Thread 0x0000000017098800 Thread added: 0x0000000017098800
Event: 2.497 Thread 0x000000001709d800 Thread added: 0x000000001709d800
Event: 2.497 loading class com/android/dx/cf/direct/DirectClassFile$DcfTypeList
Event: 2.497 loading class com/android/dx/cf/direct/DirectClassFile$DcfTypeList done
Event: 2.498 loading class com/android/dx/cf/attrib/AttExceptions
Event: 2.498 loading class com/android/dx/cf/attrib/AttExceptions done


Dynamic libraries:
0x00007ff65aea0000 - 0x00007ff65aed1000 	C:\Program Files\Android\Android Studio\jre\bin\java.exe
0x00007fff314c0000 - 0x00007fff31681000 	C:\WINDOWS\SYSTEM32\ntdll.dll
0x00007fff2eaa0000 - 0x00007fff2eb4d000 	C:\WINDOWS\system32\KERNEL32.DLL
0x00007fff2e030000 - 0x00007fff2e218000 	C:\WINDOWS\system32\KERNELBASE.dll
0x00007fff30780000 - 0x00007fff30827000 	C:\WINDOWS\system32\ADVAPI32.dll
0x00007fff31140000 - 0x00007fff311dd000 	C:\WINDOWS\system32\msvcrt.dll
0x00007fff30b70000 - 0x00007fff30bcb000 	C:\WINDOWS\system32\sechost.dll
0x00007fff2e8c0000 - 0x00007fff2e9dc000 	C:\WINDOWS\system32\RPCRT4.dll
0x00007fff2ef80000 - 0x00007fff2f0d6000 	C:\WINDOWS\system32\USER32.dll
0x00007fff30fb0000 - 0x00007fff31136000 	C:\WINDOWS\system32\GDI32.dll
0x00007fff257a0000 - 0x00007fff25a14000 	C:\WINDOWS\WinSxS\amd64_microsoft.windows.common-controls_6595b64144ccf1df_6.0.10586.672_none_a2d6b3cea53ff843\COMCTL32.dll
0x00007fff30bd0000 - 0x00007fff30e4d000 	C:\WINDOWS\system32\combase.dll
0x00007fff2dc60000 - 0x00007fff2dcca000 	C:\WINDOWS\system32\bcryptPrimitives.dll
0x00007fff30980000 - 0x00007fff309bb000 	C:\WINDOWS\system32\IMM32.DLL
0x000000005e580000 - 0x000000005e652000 	C:\Program Files\Android\Android Studio\jre\jre\bin\msvcr100.dll
0x000000005e740000 - 0x000000005ef74000 	C:\Program Files\Android\Android Studio\jre\jre\bin\server\jvm.dll
0x00007fff30660000 - 0x00007fff30668000 	C:\WINDOWS\system32\PSAPI.DLL
0x00007fff1ce30000 - 0x00007fff1ce39000 	C:\WINDOWS\SYSTEM32\WSOCK32.dll
0x00007fff30aa0000 - 0x00007fff30b0b000 	C:\WINDOWS\system32\WS2_32.dll
0x00007fff2bd30000 - 0x00007fff2bd53000 	C:\WINDOWS\SYSTEM32\WINMM.dll
0x00007fff242a0000 - 0x00007fff242aa000 	C:\WINDOWS\SYSTEM32\VERSION.dll
0x0000000002c60000 - 0x0000000002c8c000 	C:\WINDOWS\SYSTEM32\WINMMBASE.dll
0x00007fff2e220000 - 0x00007fff2e263000 	C:\WINDOWS\system32\cfgmgr32.dll
0x00007fff27930000 - 0x00007fff2793f000 	C:\Program Files\Android\Android Studio\jre\jre\bin\verify.dll
0x00007fff15570000 - 0x00007fff15599000 	C:\Program Files\Android\Android Studio\jre\jre\bin\java.dll
0x00007fff1ed80000 - 0x00007fff1ed96000 	C:\Program Files\Android\Android Studio\jre\jre\bin\zip.dll
0x00007fff2f0e0000 - 0x00007fff3063c000 	C:\WINDOWS\system32\SHELL32.dll
0x00007fff2e270000 - 0x00007fff2e8b5000 	C:\WINDOWS\system32\windows.storage.dll
0x00007fff312b0000 - 0x00007fff31302000 	C:\WINDOWS\system32\shlwapi.dll
0x00007fff2db30000 - 0x00007fff2db3f000 	C:\WINDOWS\system32\kernel.appcore.dll
0x00007fff2dcd0000 - 0x00007fff2dd85000 	C:\WINDOWS\system32\shcore.dll
0x00007fff2dae0000 - 0x00007fff2db2b000 	C:\WINDOWS\system32\powrprof.dll
0x00007fff2db50000 - 0x00007fff2db64000 	C:\WINDOWS\system32\profapi.dll

VM Arguments:
jvm_args: -Djava.awt.headless=true -Xmx1024M -Dfile.encoding=windows-1252 -Duser.country=GB -Duser.language=en -Duser.variant 
java_command: com.android.dx.command.Main --dex --force-jumbo --num-threads=4 --multi-dex --output C:\Users\Thomas\AndroidStudioProjects\MrWhemps\app\build\intermediates\transforms\dex\debug\folders\1000\10\com.google.firebase-firebase-storage-9.4.0_c47007dbaa9d12a9c103bef7b553318292f489d9 C:\Users\Thomas\AndroidStudioProjects\MrWhemps\app\build\intermediates\exploded-aar\com.google.firebase\firebase-storage\9.4.0\jars\classes.jar
java_class_path (initial): C:\Users\Thomas\AppData\Local\Android\sdk\build-tools\23.0.2\lib\dx.jar
Launcher Type: SUN_STANDARD

Environment Variables:
PATH=C:\Program Files (x86)\Intel\iCLS Client\;C:\Program Files\Intel\iCLS Client\;C:\Windows\system32;C:\Windows;C:\Windows\System32\Wbem;C:\Windows\System32\WindowsPowerShell\v1.0\;C:\Program Files (x86)\Intel\OpenCL SDK\2.0\bin\x86;C:\Program Files (x86)\Intel\OpenCL SDK\2.0\bin\x64;C:\Program Files\Intel\Intel(R) Management Engine Components\DAL;C:\Program Files\Intel\Intel(R) Management Engine Components\IPT;C:\Program Files (x86)\Intel\Intel(R) Management Engine Components\DAL;C:\Program Files (x86)\Intel\Intel(R) Management Engine Components\IPT;C:\Program Files (x86)\Windows Live\Shared;C:\Users\Thomas\AppData\Local\Smartbar\Application\;C:\WINDOWS\system32;C:\WINDOWS;C:\WINDOWS\System32\Wbem;C:\WINDOWS\System32\WindowsPowerShell\v1.0\;D:\Programs\bin;C:\Program Files\Microsoft SQL Server\110\Tools\Binn\;C:\Program Files\Microsoft SQL Server\120\Tools\Binn\;C:\Program Files\MiKTeX 2.9\miktex\bin\;C:\Program Files\MiKTeX 2.9\gs\gs8.71\bin\;C:\Program Files\Git\cmd;C:\Program Files (x86)\Skype\Phone\;C:\WINDOWS\system32\config\systemprofile\.dnx\bin;C:\Program Files\Microsoft DNX\Dnvm\;C:\Program Files\Microsoft SQL Server\130\Tools\Binn\;C:\Program Files (x86)\Windows Kits\10\Windows Performance Toolkit\;C:\Program Files
USERNAME=Thomas
OS=Windows_NT
PROCESSOR_IDENTIFIER=Intel64 Family 6 Model 42 Stepping 7, GenuineIntel



---------------  S Y S T E M  ---------------

OS: Windows 10.0 , 64 bit Build 10586 (10.0.10586.589)

CPU:total 4 (2 cores per cpu, 2 threads per core) family 6 model 42 stepping 7, cmov, cx8, fxsr, mmx, sse, sse2, sse3, ssse3, sse4.1, sse4.2, popcnt, avx, clmul, ht, tsc, tscinvbit

Memory: 4k page, physical 4075172k(388604k free), swap 6565540k(840k free)

vm_info: OpenJDK 64-Bit Server VM (25.76-b03) for windows-amd64 JRE (1.8.0_76-release-b03), built on Jun 29 2016 19:09:20 by "ralucas" with MS VC++ 10.0 (VS2010)

time: Sat Dec 31 02:20:44 2016
elapsed time: 2 seconds (0d 0h 0m 2s)

