#
# There is insufficient memory for the Java Runtime Environment to continue.
# Native memory allocation (malloc) failed to allocate 1372576 bytes for Chunk::new
# Possible reasons:
#   The system is out of physical RAM or swap space
#   In 32 bit mode, the process size limit was hit
# Possible solutions:
#   Reduce memory load on the system
#   Increase physical memory or swap space
#   Check if swap backing store is full
#   Use 64 bit Java on a 64 bit OS
#   Decrease Java heap size (-Xmx/-Xms)
#   Decrease number of Java threads
#   Decrease Java thread stack sizes (-Xss)
#   Set larger code cache with -XX:ReservedCodeCacheSize=
# This output file may be truncated or incomplete.
#
#  Out of Memory Error (allocation.cpp:390), pid=6168, tid=0x0000000000000358
#
# JRE version: OpenJDK Runtime Environment (8.0_112-b06) (build 1.8.0_112-release-b06)
# Java VM: OpenJDK 64-Bit Server VM (25.112-b06 mixed mode windows-amd64 compressed oops)
# Failed to write core dump. Minidumps are not enabled by default on client versions of Windows
#

---------------  T H R E A D  ---------------

Current thread (0x00000000158b8000):  JavaThread "C2 CompilerThread1" daemon [_thread_in_native, id=856, stack(0x0000000016ff0000,0x00000000170f0000)]

Stack: [0x0000000016ff0000,0x00000000170f0000]
[error occurred during error reporting (printing stack bounds), id 0xc0000005]

Native frames: (J=compiled Java code, j=interpreted, Vv=VM code, C=native code)


Current CompileTask:
C2:  31876 2367   !   4       com.android.dx.cf.code.Ropper::processBlock (1101 bytes)


---------------  P R O C E S S  ---------------

Java Threads: ( => current thread )
  0x000000001749f800 JavaThread "pool-2-thread-4" [_thread_blocked, id=452, stack(0x0000000017bf0000,0x0000000017cf0000)]
  0x000000001749e000 JavaThread "pool-2-thread-3" [_thread_blocked, id=8340, stack(0x0000000017af0000,0x0000000017bf0000)]
  0x000000001752a000 JavaThread "pool-2-thread-2" [_thread_blocked, id=9376, stack(0x00000000179f0000,0x0000000017af0000)]
  0x000000001754a800 JavaThread "pool-3-thread-1" [_thread_blocked, id=2696, stack(0x00000000178f0000,0x00000000179f0000)]
  0x0000000017549800 JavaThread "pool-2-thread-1" [_thread_blocked, id=9412, stack(0x00000000177f0000,0x00000000178f0000)]
  0x00000000171f4000 JavaThread "Service Thread" daemon [_thread_blocked, id=5756, stack(0x00000000175f0000,0x00000000176f0000)]
  0x00000000158c1000 JavaThread "C1 CompilerThread2" daemon [_thread_blocked, id=9448, stack(0x00000000170f0000,0x00000000171f0000)]
=>0x00000000158b8000 JavaThread "C2 CompilerThread1" daemon [_thread_in_native, id=856, stack(0x0000000016ff0000,0x00000000170f0000)]
  0x00000000158c7800 JavaThread "C2 CompilerThread0" daemon [_thread_in_native, id=5696, stack(0x0000000016ef0000,0x0000000016ff0000)]
  0x00000000158c6000 JavaThread "Attach Listener" daemon [_thread_blocked, id=7316, stack(0x0000000016df0000,0x0000000016ef0000)]
  0x00000000158c4800 JavaThread "Signal Dispatcher" daemon [_thread_blocked, id=5048, stack(0x0000000016cf0000,0x0000000016df0000)]
  0x00000000158a8000 JavaThread "Finalizer" daemon [_thread_blocked, id=9144, stack(0x0000000016b10000,0x0000000016c10000)]
  0x0000000015886800 JavaThread "Reference Handler" daemon [_thread_blocked, id=876, stack(0x0000000016a10000,0x0000000016b10000)]
  0x00000000030ed800 JavaThread "main" [_thread_blocked, id=10136, stack(0x0000000002f90000,0x0000000003090000)]

Other Threads:
  0x0000000015885000 VMThread [stack: 0x0000000016910000,0x0000000016a10000] [id=3784]
  0x00000000171f5800 WatcherThread [stack: 0x00000000176f0000,0x00000000177f0000] [id=9084]

VM state:at safepoint (normal execution)

VM Mutex/Monitor currently owned by a thread:  ([mutex/lock_event])
[0x00000000030ecd50] ExpandHeap_lock - owner thread: 0x0000000003107000
[0x00000000030ec2d0] Threads_lock - owner thread: 0x0000000015885000
[0x00000000030ec7d0] Heap_lock - owner thread: 0x000000001752a000

Heap:
 PSYoungGen      total 162816K, used 162814K [0x00000000eab00000, 0x00000000f9880000, 0x0000000100000000)
  eden space 99840K, 100% used [0x00000000eab00000,0x00000000f0c80000,0x00000000f0c80000)
  from space 62976K, 99% used [0x00000000f0c80000,0x00000000f49ff800,0x00000000f4a00000)
  to   space 62976K, 34% used [0x00000000f5b00000,0x00000000f704fe98,0x00000000f9880000)
 ParOldGen       total 229376K, used 229371K [0x00000000c0000000, 0x00000000ce080000, 0x00000000eab00000)
  object space 229376K, 99% used [0x00000000c0000000,0x00000000cdffec70,0x00000000ce000000)
 Metaspace       used 6439K, capacity 7218K, committed 7296K, reserved 1056768K
  class space    used 595K, capacity 618K, committed 640K, reserved 1048576K

Card table byte_map: [0x00000000125b0000,0x00000000127c0000] byte_map_base: 0x0000000011fb0000

Marking Bits: (ParMarkBitMap*) 0x00000000560218f0
 Begin Bits: [0x0000000012d20000, 0x0000000013d20000)
 End Bits:   [0x0000000013d20000, 0x0000000014d20000)

Polling page: 0x00000000017c0000

CodeCache: size=245760Kb used=9231Kb max_used=10899Kb free=236528Kb
 bounds [0x00000000031f0000, 0x0000000003cb0000, 0x00000000121f0000]
 total_blobs=2147 nmethods=1879 adapters=181
 compilation: enabled

Compilation events (10 events):
Event: 31.140 Thread 0x00000000158c1000 2400       3       com.android.dx.rop.code.RegisterSpec::compareTo (95 bytes)
Event: 31.141 Thread 0x00000000158c1000 nmethod 2400 0x000000000338d050 code [0x000000000338d220, 0x000000000338d958]
Event: 31.306 Thread 0x00000000158c7800 nmethod 2391 0x000000000379cc50 code [0x000000000379cf80, 0x00000000037a0310]
Event: 31.306 Thread 0x00000000158c7800 2396       4       com.android.dx.cf.code.Ropper::getRopMethod (64 bytes)
Event: 31.361 Thread 0x00000000158c7800 nmethod 2396 0x000000000348a510 code [0x000000000348a6e0, 0x000000000348b458]
Event: 31.361 Thread 0x00000000158c7800 2397       4       com.android.dx.ssa.SsaMethod::convertRopToSsaBlocks (103 bytes)
Event: 31.576 Thread 0x00000000158c1000 2407       3       com.android.dx.dex.file.AnnotationUtils::makeInnerClass (65 bytes)
Event: 31.577 Thread 0x00000000158c1000 nmethod 2407 0x00000000035c8e50 code [0x00000000035c9080, 0x00000000035c9c98]
Event: 31.650 Thread 0x00000000158c1000 2411       1       com.android.dx.ssa.LiteralOpUpgrader$1::visitPhiInsn (1 bytes)
Event: 31.650 Thread 0x00000000158c1000 nmethod 2411 0x000000000331c250 code [0x000000000331c3a0, 0x000000000331c4b0]

GC Heap History (10 events):
Event: 28.444 GC heap after
Heap after GC invocations=18 (full 4):
 PSYoungGen      total 159744K, used 4286K [0x00000000eab00000, 0x00000000f8780000, 0x0000000100000000)
  eden space 99840K, 0% used [0x00000000eab00000,0x00000000eab00000,0x00000000f0c80000)
  from space 59904K, 7% used [0x00000000f4d00000,0x00000000f512f8c8,0x00000000f8780000)
  to   space 62976K, 0% used [0x00000000f0c80000,0x00000000f0c80000,0x00000000f4a00000)
 ParOldGen       total 197120K, used 197119K [0x00000000c0000000, 0x00000000cc080000, 0x00000000eab00000)
  object space 197120K, 99% used [0x00000000c0000000,0x00000000cc07ff10,0x00000000cc080000)
 Metaspace       used 6421K, capacity 7218K, committed 7296K, reserved 1056768K
  class space    used 595K, capacity 618K, committed 640K, reserved 1048576K
}
Event: 28.831 GC heap before
{Heap before GC invocations=19 (full 5):
 PSYoungGen      total 159744K, used 104126K [0x00000000eab00000, 0x00000000f8780000, 0x0000000100000000)
  eden space 99840K, 100% used [0x00000000eab00000,0x00000000f0c80000,0x00000000f0c80000)
  from space 59904K, 7% used [0x00000000f4d00000,0x00000000f512f8c8,0x00000000f8780000)
  to   space 62976K, 0% used [0x00000000f0c80000,0x00000000f0c80000,0x00000000f4a00000)
 ParOldGen       total 197120K, used 197119K [0x00000000c0000000, 0x00000000cc080000, 0x00000000eab00000)
  object space 197120K, 99% used [0x00000000c0000000,0x00000000cc07ff10,0x00000000cc080000)
 Metaspace       used 6422K, capacity 7218K, committed 7296K, reserved 1056768K
  class space    used 595K, capacity 618K, committed 640K, reserved 1048576K
Event: 29.221 GC heap after
Heap after GC invocations=19 (full 5):
 PSYoungGen      total 159744K, used 0K [0x00000000eab00000, 0x00000000f8780000, 0x0000000100000000)
  eden space 99840K, 0% used [0x00000000eab00000,0x00000000eab00000,0x00000000f0c80000)
  from space 59904K, 0% used [0x00000000f4d00000,0x00000000f4d00000,0x00000000f8780000)
  to   space 62976K, 0% used [0x00000000f0c80000,0x00000000f0c80000,0x00000000f4a00000)
 ParOldGen       total 227840K, used 110808K [0x00000000c0000000, 0x00000000cde80000, 0x00000000eab00000)
  object space 227840K, 48% used [0x00000000c0000000,0x00000000c6c36238,0x00000000cde80000)
 Metaspace       used 6422K, capacity 7218K, committed 7296K, reserved 1056768K
  class space    used 595K, capacity 618K, committed 640K, reserved 1048576K
}
Event: 30.138 GC heap before
{Heap before GC invocations=20 (full 5):
 PSYoungGen      total 159744K, used 99840K [0x00000000eab00000, 0x00000000f8780000, 0x0000000100000000)
  eden space 99840K, 100% used [0x00000000eab00000,0x00000000f0c80000,0x00000000f0c80000)
  from space 59904K, 0% used [0x00000000f4d00000,0x00000000f4d00000,0x00000000f8780000)
  to   space 62976K, 0% used [0x00000000f0c80000,0x00000000f0c80000,0x00000000f4a00000)
 ParOldGen       total 227840K, used 110808K [0x00000000c0000000, 0x00000000cde80000, 0x00000000eab00000)
  object space 227840K, 48% used [0x00000000c0000000,0x00000000c6c36238,0x00000000cde80000)
 Metaspace       used 6435K, capacity 7218K, committed 7296K, reserved 1056768K
  class space    used 595K, capacity 618K, committed 640K, reserved 1048576K
Event: 30.202 GC heap after
Heap after GC invocations=20 (full 5):
 PSYoungGen      total 162816K, used 33686K [0x00000000eab00000, 0x00000000f9880000, 0x0000000100000000)
  eden space 99840K, 0% used [0x00000000eab00000,0x00000000eab00000,0x00000000f0c80000)
  from space 62976K, 53% used [0x00000000f0c80000,0x00000000f2d65910,0x00000000f4a00000)
  to   space 62976K, 0% used [0x00000000f5b00000,0x00000000f5b00000,0x00000000f9880000)
 ParOldGen       total 227840K, used 110808K [0x00000000c0000000, 0x00000000cde80000, 0x00000000eab00000)
  object space 227840K, 48% used [0x00000000c0000000,0x00000000c6c36238,0x00000000cde80000)
 Metaspace       used 6435K, capacity 7218K, committed 7296K, reserved 1056768K
  class space    used 595K, capacity 618K, committed 640K, reserved 1048576K
}
Event: 31.168 GC heap before
{Heap before GC invocations=21 (full 5):
 PSYoungGen      total 162816K, used 133526K [0x00000000eab00000, 0x00000000f9880000, 0x0000000100000000)
  eden space 99840K, 100% used [0x00000000eab00000,0x00000000f0c80000,0x00000000f0c80000)
  from space 62976K, 53% used [0x00000000f0c80000,0x00000000f2d65910,0x00000000f4a00000)
  to   space 62976K, 0% used [0x00000000f5b00000,0x00000000f5b00000,0x00000000f9880000)
 ParOldGen       total 227840K, used 110808K [0x00000000c0000000, 0x00000000cde80000, 0x00000000eab00000)
  object space 227840K, 48% used [0x00000000c0000000,0x00000000c6c36238,0x00000000cde80000)
 Metaspace       used 6439K, capacity 7218K, committed 7296K, reserved 1056768K
  class space    used 595K, capacity 618K, committed 640K, reserved 1048576K
Event: 31.289 GC heap after
Heap after GC invocations=21 (full 5):
 PSYoungGen      total 162816K, used 62945K [0x00000000eab00000, 0x00000000f9880000, 0x0000000100000000)
  eden space 99840K, 0% used [0x00000000eab00000,0x00000000eab00000,0x00000000f0c80000)
  from space 62976K, 99% used [0x00000000f5b00000,0x00000000f9878468,0x00000000f9880000)
  to   space 62976K, 0% used [0x00000000f0c80000,0x00000000f0c80000,0x00000000f4a00000)
 ParOldGen       total 227840K, used 126493K [0x00000000c0000000, 0x00000000cde80000, 0x00000000eab00000)
  object space 227840K, 55% used [0x00000000c0000000,0x00000000c7b87670,0x00000000cde80000)
 Metaspace       used 6439K, capacity 7218K, committed 7296K, reserved 1056768K
  class space    used 595K, capacity 618K, committed 640K, reserved 1048576K
}
Event: 31.469 GC heap before
{Heap before GC invocations=22 (full 5):
 PSYoungGen      total 162816K, used 162785K [0x00000000eab00000, 0x00000000f9880000, 0x0000000100000000)
  eden space 99840K, 100% used [0x00000000eab00000,0x00000000f0c80000,0x00000000f0c80000)
  from space 62976K, 99% used [0x00000000f5b00000,0x00000000f9878468,0x00000000f9880000)
  to   space 62976K, 0% used [0x00000000f0c80000,0x00000000f0c80000,0x00000000f4a00000)
 ParOldGen       total 227840K, used 126493K [0x00000000c0000000, 0x00000000cde80000, 0x00000000eab00000)
  object space 227840K, 55% used [0x00000000c0000000,0x00000000c7b87670,0x00000000cde80000)
 Metaspace       used 6439K, capacity 7218K, committed 7296K, reserved 1056768K
  class space    used 595K, capacity 618K, committed 640K, reserved 1048576K
Event: 31.575 GC heap after
Heap after GC invocations=22 (full 5):
 PSYoungGen      total 162816K, used 62974K [0x00000000eab00000, 0x00000000f9880000, 0x0000000100000000)
  eden space 99840K, 0% used [0x00000000eab00000,0x00000000eab00000,0x00000000f0c80000)
  from space 62976K, 99% used [0x00000000f0c80000,0x00000000f49ff800,0x00000000f4a00000)
  to   space 62976K, 0% used [0x00000000f5b00000,0x00000000f5b00000,0x00000000f9880000)
 ParOldGen       total 227840K, used 166950K [0x00000000c0000000, 0x00000000cde80000, 0x00000000eab00000)
  object space 227840K, 73% used [0x00000000c0000000,0x00000000ca309a90,0x00000000cde80000)
 Metaspace       used 6439K, capacity 7218K, committed 7296K, reserved 1056768K
  class space    used 595K, capacity 618K, committed 640K, reserved 1048576K
}
Event: 31.732 GC heap before
{Heap before GC invocations=23 (full 5):
 PSYoungGen      total 162816K, used 162814K [0x00000000eab00000, 0x00000000f9880000, 0x0000000100000000)
  eden space 99840K, 100% used [0x00000000eab00000,0x00000000f0c80000,0x00000000f0c80000)
  from space 62976K, 99% used [0x00000000f0c80000,0x00000000f49ff800,0x00000000f4a00000)
  to   space 62976K, 0% used [0x00000000f5b00000,0x00000000f5b00000,0x00000000f9880000)
 ParOldGen       total 227840K, used 166950K [0x00000000c0000000, 0x00000000cde80000, 0x00000000eab00000)
  object space 227840K, 73% used [0x00000000c0000000,0x00000000ca309a90,0x00000000cde80000)
 Metaspace       used 6439K, capacity 7218K, committed 7296K, reserved 1056768K
  class space    used 595K, capacity 618K, committed 640K, reserved 1048576K

Deoptimization events (10 events):
Event: 27.627 Thread 0x000000001749e000 Uncommon trap: reason=class_check action=maybe_recompile pc=0x00000000038d0884 method=com.android.dx.ssa.back.InterferenceGraph.add(II)V @ 19
Event: 27.858 Thread 0x000000001749e000 Uncommon trap: reason=class_check action=maybe_recompile pc=0x00000000039076ac method=com.android.dx.ssa.back.InterferenceGraph.mergeInterferenceSet(ILcom/android/dx/util/IntSet;)V @ 20
Event: 27.861 Thread 0x000000001749e000 Uncommon trap: reason=class_check action=maybe_recompile pc=0x00000000039076ac method=com.android.dx.ssa.back.InterferenceGraph.mergeInterferenceSet(ILcom/android/dx/util/IntSet;)V @ 20
Event: 27.861 Thread 0x000000001749e000 Uncommon trap: reason=class_check action=maybe_recompile pc=0x00000000039076ac method=com.android.dx.ssa.back.InterferenceGraph.mergeInterferenceSet(ILcom/android/dx/util/IntSet;)V @ 20
Event: 27.944 Thread 0x000000001749e000 Uncommon trap: reason=class_check action=maybe_recompile pc=0x00000000039076ac method=com.android.dx.ssa.back.InterferenceGraph.mergeInterferenceSet(ILcom/android/dx/util/IntSet;)V @ 20
Event: 28.778 Thread 0x00000000030ed800 Uncommon trap: reason=unstable_if action=reinterpret pc=0x0000000003c13fa4 method=java.util.HashMap.putVal(ILjava/lang/Object;Ljava/lang/Object;ZZ)Ljava/lang/Object; @ 206
Event: 29.549 Thread 0x00000000030ed800 Uncommon trap: reason=unstable_if action=reinterpret pc=0x00000000038c57c4 method=com.android.dx.ssa.back.IdenticalBlockCombiner.replaceSucc(Lcom/android/dx/rop/code/BasicBlock;II)V @ 30
Event: 29.730 Thread 0x00000000030ed800 Uncommon trap: reason=unstable_if action=reinterpret pc=0x0000000003a022e4 method=com.android.dx.cf.code.Ropper.isSynchronized()Z @ 12
Event: 29.731 Thread 0x00000000030ed800 Uncommon trap: reason=unstable_if action=reinterpret pc=0x000000000373b90c method=com.android.dx.ssa.MoveParamCombiner$1.visitNonMoveInsn(Lcom/android/dx/ssa/NormalSsaInsn;)V @ 27
Event: 30.506 Thread 0x00000000030ed800 Uncommon trap: reason=unstable_if action=reinterpret pc=0x00000000033905bc method=java.util.HashMap.putVal(ILjava/lang/Object;Ljava/lang/Object;ZZ)Ljava/lang/Object; @ 94

Internal exceptions (7 events):
Event: 0.275 Thread 0x00000000030ed800 Exception <a 'java/lang/NoSuchMethodError': Method sun.misc.Unsafe.defineClass(Ljava/lang/String;[BII)Ljava/lang/Class; name or signature does not match> (0x00000000eab07c78) thrown at [C:\src\android\AOSP-openjdk\external\jetbrains\jdk\hotspot\src\share\vµ-î§ŸÑ?
Event: 0.275 Thread 0x00000000030ed800 Exception <a 'java/lang/NoSuchMethodError': Method sun.misc.Unsafe.prefetchRead(Ljava/lang/Object;J)V name or signature does not match> (0x00000000eab07f60) thrown at [C:\src\android\AOSP-openjdk\external\jetbrains\jdk\hotspot\src\share\vm\prims\jni.cpp, l¸²zîJ|@
Event: 2.811 Thread 0x000000001749e000 Implicit null exception at 0x000000000350e4e2 to 0x000000000350e5d2
Event: 16.125 Thread 0x0000000017549800 Exception <a 'java/lang/ArrayIndexOutOfBoundsException': 18> (0x00000000ebc91db0) thrown at [C:\src\android\AOSP-openjdk\external\jetbrains\jdk\hotspot\src\share\vm\interpreter\interpreterRuntime.cpp, line 366]
Event: 16.126 Thread 0x0000000017549800 Exception <a 'java/lang/ArrayIndexOutOfBoundsException': 145> (0x00000000ebc93930) thrown at [C:\src\android\AOSP-openjdk\external\jetbrains\jdk\hotspot\src\share\vm\interpreter\interpreterRuntime.cpp, line 366]
Event: 16.127 Thread 0x0000000017549800 Exception <a 'java/lang/ArrayIndexOutOfBoundsException'> (0x00000000ebc94c18) thrown at [C:\src\android\AOSP-openjdk\external\jetbrains\jdk\hotspot\src\share\vm\runtime\sharedRuntime.cpp, line 605]
Event: 22.231 Thread 0x00000000030ed800 Implicit null exception at 0x0000000003867fac to 0x0000000003867fce

Events (10 events):
Event: 31.124 Thread 0x0000000017549800 DEOPT UNPACKING pc=0x00000000032375bf sp=0x00000000178eeb50 mode 0
Event: 31.168 Executing VM operation: ParallelGCFailedAllocation
Event: 31.289 Executing VM operation: ParallelGCFailedAllocation done
Event: 31.298 Thread 0x0000000017549800 DEOPT PACKING pc=0x00000000036bd6f4 sp=0x00000000178eeca0
Event: 31.298 Thread 0x0000000017549800 DEOPT UNPACKING pc=0x00000000032375bf sp=0x00000000178eea60 mode 0
Event: 31.469 Executing VM operation: ParallelGCFailedAllocation
Event: 31.576 Executing VM operation: ParallelGCFailedAllocation done
Event: 31.631 Thread 0x000000001749f800 DEOPT PACKING pc=0x00000000036bd6f4 sp=0x0000000017ceebf0
Event: 31.631 Thread 0x000000001749f800 DEOPT UNPACKING pc=0x00000000032375bf sp=0x0000000017cee9b0 mode 0
Event: 31.732 Executing VM operation: ParallelGCFailedAllocation


Dynamic libraries:
0x00007ff6f9e60000 - 0x00007ff6f9e91000 	C:\Program Files\Android\Android Studio\jre\bin\java.exe
0x00007ffb52ea0000 - 0x00007ffb53061000 	C:\WINDOWS\SYSTEM32\ntdll.dll
0x00007ffb528f0000 - 0x00007ffb5299d000 	C:\WINDOWS\system32\KERNEL32.DLL
0x00007ffb4fed0000 - 0x00007ffb500b8000 	C:\WINDOWS\system32\KERNELBASE.dll
0x00007ffb52c60000 - 0x00007ffb52d07000 	C:\WINDOWS\system32\ADVAPI32.dll
0x00007ffb51a20000 - 0x00007ffb51abd000 	C:\WINDOWS\system32\msvcrt.dll
0x00007ffb502a0000 - 0x00007ffb502fb000 	C:\WINDOWS\system32\sechost.dll
0x00007ffb51f90000 - 0x00007ffb520ac000 	C:\WINDOWS\system32\RPCRT4.dll
0x00007ffb52790000 - 0x00007ffb528e6000 	C:\WINDOWS\system32\USER32.dll
0x00007ffb52ad0000 - 0x00007ffb52c57000 	C:\WINDOWS\system32\GDI32.dll
0x00007ffb49b90000 - 0x00007ffb49e04000 	C:\WINDOWS\WinSxS\amd64_microsoft.windows.common-controls_6595b64144ccf1df_6.0.10586.839_none_a2ddba30a539a2ae\COMCTL32.dll
0x00007ffb51ac0000 - 0x00007ffb51d3e000 	C:\WINDOWS\system32\combase.dll
0x00007ffb4fe60000 - 0x00007ffb4feca000 	C:\WINDOWS\system32\bcryptPrimitives.dll
0x00007ffb51f50000 - 0x00007ffb51f8b000 	C:\WINDOWS\system32\IMM32.DLL
0x0000000056930000 - 0x0000000056a02000 	C:\Program Files\Android\Android Studio\jre\jre\bin\msvcr100.dll
0x0000000055860000 - 0x000000005609c000 	C:\Program Files\Android\Android Studio\jre\jre\bin\server\jvm.dll
0x00007ffb52e90000 - 0x00007ffb52e98000 	C:\WINDOWS\system32\PSAPI.DLL
0x00007ffb43cb0000 - 0x00007ffb43cb9000 	C:\WINDOWS\SYSTEM32\WSOCK32.dll
0x00007ffb4db90000 - 0x00007ffb4dbb3000 	C:\WINDOWS\SYSTEM32\WINMM.dll
0x00007ffb520b0000 - 0x00007ffb5211b000 	C:\WINDOWS\system32\WS2_32.dll
0x00007ffb4ac60000 - 0x00007ffb4ac6a000 	C:\WINDOWS\SYSTEM32\VERSION.dll
0x00007ffb4da50000 - 0x00007ffb4da7c000 	C:\WINDOWS\SYSTEM32\WINMMBASE.dll
0x00007ffb50250000 - 0x00007ffb50293000 	C:\WINDOWS\system32\cfgmgr32.dll
0x00007ffb4cd30000 - 0x00007ffb4cd3f000 	C:\Program Files\Android\Android Studio\jre\jre\bin\verify.dll
0x00007ffb423e0000 - 0x00007ffb42409000 	C:\Program Files\Android\Android Studio\jre\jre\bin\java.dll
0x00007ffb462f0000 - 0x00007ffb46306000 	C:\Program Files\Android\Android Studio\jre\jre\bin\zip.dll
0x00007ffb50370000 - 0x00007ffb518cc000 	C:\WINDOWS\system32\SHELL32.dll
0x00007ffb4f810000 - 0x00007ffb4fe54000 	C:\WINDOWS\system32\windows.storage.dll
0x00007ffb526b0000 - 0x00007ffb52702000 	C:\WINDOWS\system32\shlwapi.dll
0x00007ffb4f4e0000 - 0x00007ffb4f4ef000 	C:\WINDOWS\system32\kernel.appcore.dll
0x00007ffb500c0000 - 0x00007ffb50175000 	C:\WINDOWS\system32\shcore.dll
0x00007ffb4f4f0000 - 0x00007ffb4f53b000 	C:\WINDOWS\system32\powrprof.dll
0x00007ffb4f4c0000 - 0x00007ffb4f4d4000 	C:\WINDOWS\system32\profapi.dll

VM Arguments:
jvm_args: -Djava.awt.headless=true -Xmx1024M -Dfile.encoding=windows-1252 -Duser.country=GB -Duser.language=en -Duser.variant 
java_command: com.android.dx.command.Main --dex --num-threads=4 --multi-dex --output C:\Users\Thomas\AndroidStudioProjects\MrWhemps\app\build\intermediates\transforms\dex\debug\folders\1000\10\classes_876dc4ee1fbadcf1e2ea75247e5bdce15bd370c7 C:\Users\Thomas\.android\build-cache\d983e928f475a371fe17abe76ff9b41eeeeeb559\output\jars\classes.jar
java_class_path (initial): C:\Users\Thomas\AppData\Local\Android\sdk\build-tools\25.0.0\lib\dx.jar
Launcher Type: SUN_STANDARD

Environment Variables:
PATH=C:\Program Files (x86)\Intel\iCLS Client\;C:\Program Files\Intel\iCLS Client\;C:\Windows\system32;C:\Windows;C:\Windows\System32\Wbem;C:\Windows\System32\WindowsPowerShell\v1.0\;C:\Program Files (x86)\Intel\OpenCL SDK\2.0\bin\x86;C:\Program Files (x86)\Intel\OpenCL SDK\2.0\bin\x64;C:\Program Files\Intel\Intel(R) Management Engine Components\DAL;C:\Program Files\Intel\Intel(R) Management Engine Components\IPT;C:\Program Files (x86)\Intel\Intel(R) Management Engine Components\DAL;C:\Program Files (x86)\Intel\Intel(R) Management Engine Components\IPT;C:\Program Files (x86)\Windows Live\Shared;C:\Users\Thomas\AppData\Local\Smartbar\Application\;C:\WINDOWS\system32;C:\WINDOWS;C:\WINDOWS\System32\Wbem;C:\WINDOWS\System32\WindowsPowerShell\v1.0\;C:\Program Files\Microsoft SQL Server\110\Tools\Binn\;C:\Program Files\Microsoft SQL Server\120\Tools\Binn\;C:\Program Files\MiKTeX 2.9\miktex\bin\;C:\Program Files\MiKTeX 2.9\gs\gs8.71\bin\;C:\Program Files\Git\cmd;C:\Program Files (x86)\Skype\Phone\;C:\Program Files\Microsoft SQL Server\130\Tools\Binn\;C:\Program Files (x86)\Windows Kits\10\Windows Performance Toolkit\;C:\Program Files
USERNAME=Thomas
OS=Windows_NT
PROCESSOR_IDENTIFIER=Intel64 Family 6 Model 42 Stepping 7, GenuineIntel



---------------  S Y S T E M  ---------------

OS: Windows 10.0 , 64 bit Build 10586 (10.0.10586.589)

CPU:total 4 (2 cores per cpu, 2 threads per core) family 6 model 42 stepping 7, cmov, cx8, fxsr, mmx, sse, sse2, sse3, ssse3, sse4.1, sse4.2, popcnt, avx, clmul, ht, tsc, tscinvbit

Memory: 4k page, physical 4075196k(266212k free), swap 6565564k(3528k free)

vm_info: OpenJDK 64-Bit Server VM (25.112-b06) for windows-amd64 JRE (1.8.0_112-release-b06), built on Dec  8 2016 00:54:26 by "builder" with MS VC++ 10.0 (VS2010)

time: Wed Sep 06 22:04:46 2017
elapsed time: 32 seconds (0d 0h 0m 32s)

