#
# There is insufficient memory for the Java Runtime Environment to continue.
# Native memory allocation (malloc) failed to allocate 740416 bytes for Chunk::new
# Possible reasons:
#   The system is out of physical RAM or swap space
#   In 32 bit mode, the process size limit was hit
# Possible solutions:
#   Reduce memory load on the system
#   Increase physical memory or swap space
#   Check if swap backing store is full
#   Use 64 bit Java on a 64 bit OS
#   Decrease Java heap size (-Xmx/-Xms)
#   Decrease number of Java threads
#   Decrease Java thread stack sizes (-Xss)
#   Set larger code cache with -XX:ReservedCodeCacheSize=
# This output file may be truncated or incomplete.
#
#  Out of Memory Error (allocation.cpp:390), pid=9972, tid=0x00000000000021ac
#
# JRE version: OpenJDK Runtime Environment (8.0_76-b03) (build 1.8.0_76-release-b03)
# Java VM: OpenJDK 64-Bit Server VM (25.76-b03 mixed mode windows-amd64 compressed oops)
# Failed to write core dump. Minidumps are not enabled by default on client versions of Windows
#

---------------  T H R E A D  ---------------

Current thread (0x000000001508e800):  JavaThread "C2 CompilerThread1" daemon [_thread_in_native, id=8620, stack(0x00000000167d0000,0x00000000168d0000)]

Stack: [0x00000000167d0000,0x00000000168d0000]
[error occurred during error reporting (printing stack bounds), id 0xc0000005]

Native frames: (J=compiled Java code, j=interpreted, Vv=VM code, C=native code)


Current CompileTask:
C2:  10726 1210   !   4       com.android.dx.cf.code.BytecodeArray::parseInstruction (2764 bytes)


---------------  P R O C E S S  ---------------

Java Threads: ( => current thread )
  0x0000000016e4b800 JavaThread "pool-2-thread-4" [_thread_blocked, id=9172, stack(0x00000000173d0000,0x00000000174d0000)]
  0x0000000016e49800 JavaThread "pool-2-thread-3" [_thread_blocked, id=12692, stack(0x00000000172d0000,0x00000000173d0000)]
  0x0000000016e48000 JavaThread "pool-2-thread-2" [_thread_blocked, id=6324, stack(0x00000000171d0000,0x00000000172d0000)]
  0x0000000016e28800 JavaThread "pool-3-thread-1" [_thread_blocked, id=6604, stack(0x00000000170d0000,0x00000000171d0000)]
  0x0000000016e27000 JavaThread "pool-2-thread-1" [_thread_in_Java, id=3920, stack(0x0000000016fd0000,0x00000000170d0000)]
  0x0000000015096000 JavaThread "Service Thread" daemon [_thread_blocked, id=3488, stack(0x00000000169d0000,0x0000000016ad0000)]
  0x0000000015092000 JavaThread "C1 CompilerThread2" daemon [_thread_blocked, id=5656, stack(0x00000000168d0000,0x00000000169d0000)]
=>0x000000001508e800 JavaThread "C2 CompilerThread1" daemon [_thread_in_native, id=8620, stack(0x00000000167d0000,0x00000000168d0000)]
  0x000000001508b800 JavaThread "C2 CompilerThread0" daemon [_thread_in_native, id=8324, stack(0x00000000166d0000,0x00000000167d0000)]
  0x000000001508a000 JavaThread "Attach Listener" daemon [_thread_blocked, id=2228, stack(0x00000000165d0000,0x00000000166d0000)]
  0x0000000015089000 JavaThread "Signal Dispatcher" daemon [_thread_blocked, id=7364, stack(0x00000000164d0000,0x00000000165d0000)]
  0x0000000015078800 JavaThread "Finalizer" daemon [_thread_blocked, id=12052, stack(0x00000000162f0000,0x00000000163f0000)]
  0x00000000029b0800 JavaThread "Reference Handler" daemon [_thread_blocked, id=8584, stack(0x00000000161f0000,0x00000000162f0000)]
  0x0000000000bad800 JavaThread "main" [_thread_in_vm, id=6244, stack(0x00000000026c0000,0x00000000027c0000)]

Other Threads:
  0x0000000015055000 VMThread [stack: 0x00000000160f0000,0x00000000161f0000] [id=7468]
  0x0000000015098800 WatcherThread [stack: 0x0000000016ad0000,0x0000000016bd0000] [id=13088]

VM state:not at safepoint (normal execution)

VM Mutex/Monitor currently owned by a thread: None

Heap:
 PSYoungGen      total 18944K, used 9030K [0x00000000eab00000, 0x00000000ed000000, 0x0000000100000000)
  eden space 16384K, 39% used [0x00000000eab00000,0x00000000eb155a28,0x00000000ebb00000)
  from space 2560K, 99% used [0x00000000ebd80000,0x00000000ebffc028,0x00000000ec000000)
  to   space 2560K, 0% used [0x00000000ebb00000,0x00000000ebb00000,0x00000000ebd80000)
 ParOldGen       total 44032K, used 2212K [0x00000000c0000000, 0x00000000c2b00000, 0x00000000eab00000)
  object space 44032K, 5% used [0x00000000c0000000,0x00000000c0229258,0x00000000c2b00000)
 Metaspace       used 5919K, capacity 6896K, committed 7040K, reserved 1056768K
  class space    used 574K, capacity 616K, committed 640K, reserved 1048576K

Card table byte_map: [0x0000000011d80000,0x0000000011f90000] byte_map_base: 0x0000000011780000

Marking Bits: (ParMarkBitMap*) 0x000000005c809d00
 Begin Bits: [0x00000000124f0000, 0x00000000134f0000)
 End Bits:   [0x00000000134f0000, 0x00000000144f0000)

Polling page: 0x0000000000ef0000

CodeCache: size=245760Kb used=4910Kb max_used=4923Kb free=240849Kb
 bounds [0x00000000029c0000, 0x0000000002ea0000, 0x00000000119c0000]
 total_blobs=1485 nmethods=1218 adapters=181
 compilation: enabled

Compilation events (10 events):
Event: 10.500 Thread 0x0000000015092000 1223       3       com.android.dx.rop.code.Rops::opGetField (97 bytes)
Event: 10.501 Thread 0x0000000015092000 nmethod 1223 0x0000000002e8ab50 code [0x0000000002e8ad80, 0x0000000002e8b9f8]
Event: 10.508 Thread 0x0000000015092000 1224       3       com.android.dx.cf.code.Simulator$SimVisitor::visitBranch (341 bytes)
Event: 10.509 Thread 0x0000000015092000 nmethod 1224 0x0000000002e8bf90 code [0x0000000002e8c220, 0x0000000002e8d308]
Event: 10.529 Thread 0x000000001508e800 nmethod 1211% 0x0000000002e91750 code [0x0000000002e91940, 0x0000000002e92818]
Event: 10.529 Thread 0x000000001508e800 1212       4       com.android.dx.ssa.SsaBasicBlock::getCountPhiInsns (45 bytes)
Event: 10.535 Thread 0x000000001508e800 nmethod 1212 0x0000000002e80390 code [0x0000000002e804e0, 0x0000000002e80718]
Event: 10.535 Thread 0x000000001508e800 1213       4       java.util.ArrayList$SubList::<init> (46 bytes)
Event: 10.536 Thread 0x000000001508e800 nmethod 1213 0x0000000002e80110 code [0x0000000002e80240, 0x0000000002e802d8]
Event: 10.536 Thread 0x000000001508e800 1210   !   4       com.android.dx.cf.code.BytecodeArray::parseInstruction (2764 bytes)

GC Heap History (4 events):
Event: 8.180 GC heap before
{Heap before GC invocations=1 (full 0):
 PSYoungGen      total 18944K, used 16384K [0x00000000eab00000, 0x00000000ec000000, 0x0000000100000000)
  eden space 16384K, 100% used [0x00000000eab00000,0x00000000ebb00000,0x00000000ebb00000)
  from space 2560K, 0% used [0x00000000ebd80000,0x00000000ebd80000,0x00000000ec000000)
  to   space 2560K, 0% used [0x00000000ebb00000,0x00000000ebb00000,0x00000000ebd80000)
 ParOldGen       total 44032K, used 0K [0x00000000c0000000, 0x00000000c2b00000, 0x00000000eab00000)
  object space 44032K, 0% used [0x00000000c0000000,0x00000000c0000000,0x00000000c2b00000)
 Metaspace       used 5116K, capacity 6160K, committed 6272K, reserved 1056768K
  class space    used 542K, capacity 584K, committed 640K, reserved 1048576K
Event: 8.197 GC heap after
Heap after GC invocations=1 (full 0):
 PSYoungGen      total 18944K, used 2537K [0x00000000eab00000, 0x00000000ec000000, 0x0000000100000000)
  eden space 16384K, 0% used [0x00000000eab00000,0x00000000eab00000,0x00000000ebb00000)
  from space 2560K, 99% used [0x00000000ebb00000,0x00000000ebd7a410,0x00000000ebd80000)
  to   space 2560K, 0% used [0x00000000ebd80000,0x00000000ebd80000,0x00000000ec000000)
 ParOldGen       total 44032K, used 436K [0x00000000c0000000, 0x00000000c2b00000, 0x00000000eab00000)
  object space 44032K, 0% used [0x00000000c0000000,0x00000000c006d070,0x00000000c2b00000)
 Metaspace       used 5116K, capacity 6160K, committed 6272K, reserved 1056768K
  class space    used 542K, capacity 584K, committed 640K, reserved 1048576K
}
Event: 10.146 GC heap before
{Heap before GC invocations=2 (full 0):
 PSYoungGen      total 18944K, used 18921K [0x00000000eab00000, 0x00000000ec000000, 0x0000000100000000)
  eden space 16384K, 100% used [0x00000000eab00000,0x00000000ebb00000,0x00000000ebb00000)
  from space 2560K, 99% used [0x00000000ebb00000,0x00000000ebd7a410,0x00000000ebd80000)
  to   space 2560K, 0% used [0x00000000ebd80000,0x00000000ebd80000,0x00000000ec000000)
 ParOldGen       total 44032K, used 436K [0x00000000c0000000, 0x00000000c2b00000, 0x00000000eab00000)
  object space 44032K, 0% used [0x00000000c0000000,0x00000000c006d070,0x00000000c2b00000)
 Metaspace       used 5865K, capacity 6832K, committed 7040K, reserved 1056768K
  class space    used 574K, capacity 616K, committed 640K, reserved 1048576K
Event: 10.374 GC heap after
Heap after GC invocations=2 (full 0):
 PSYoungGen      total 18944K, used 2544K [0x00000000eab00000, 0x00000000ed000000, 0x0000000100000000)
  eden space 16384K, 0% used [0x00000000eab00000,0x00000000eab00000,0x00000000ebb00000)
  from space 2560K, 99% used [0x00000000ebd80000,0x00000000ebffc028,0x00000000ec000000)
  to   space 2560K, 0% used [0x00000000ebb00000,0x00000000ebb00000,0x00000000ebd80000)
 ParOldGen       total 44032K, used 2212K [0x00000000c0000000, 0x00000000c2b00000, 0x00000000eab00000)
  object space 44032K, 5% used [0x00000000c0000000,0x00000000c0229258,0x00000000c2b00000)
 Metaspace       used 5865K, capacity 6832K, committed 7040K, reserved 1056768K
  class space    used 574K, capacity 616K, committed 640K, reserved 1048576K
}

Deoptimization events (3 events):
Event: 6.179 Thread 0x0000000000bad800 Uncommon trap: reason=unstable_if action=reinterpret pc=0x0000000002b1b818 method=java.lang.String.indexOf(II)I @ 49
Event: 8.175 Thread 0x0000000016e49800 Uncommon trap: reason=unstable_if action=reinterpret pc=0x0000000002be3a10 method=java.util.HashMap.getNode(ILjava/lang/Object;)Ljava/util/HashMap$Node; @ 62
Event: 9.166 Thread 0x0000000000bad800 Uncommon trap: reason=unstable_if action=reinterpret pc=0x0000000002c4f840 method=java.lang.String.<init>([CII)V @ 18

Internal exceptions (2 events):
Event: 0.919 Thread 0x0000000000bad800 Exception <a 'java/lang/NoSuchMethodError': Method sun.misc.Unsafe.defineClass(Ljava/lang/String;[BII)Ljava/lang/Class; name or signature does not match> (0x00000000eab07cc0) thrown at [C:\src\android\AOSP-openjdk\external\jetbrains\jdk\hotspot\src\share\v4Ù'àÀjí?
Event: 0.919 Thread 0x0000000000bad800 Exception <a 'java/lang/NoSuchMethodError': Method sun.misc.Unsafe.prefetchRead(Ljava/lang/Object;J)V name or signature does not match> (0x00000000eab07fa8) thrown at [C:\src\android\AOSP-openjdk\external\jetbrains\jdk\hotspot\src\share\vm\prims\jni.cpp, l

Events (10 events):
Event: 9.434 Executing VM operation: ForceSafepoint
Event: 9.647 Executing VM operation: ForceSafepoint done
Event: 10.144 Executing VM operation: ParallelGCFailedAllocation
Event: 10.374 Executing VM operation: ParallelGCFailedAllocation done
Event: 10.453 Thread 0x0000000016e27000 DEOPT PACKING pc=0x0000000002cb6297 sp=0x00000000170cea70
Event: 10.453 Thread 0x0000000016e27000 DEOPT UNPACKING pc=0x0000000002a075bf sp=0x00000000170ce850 mode 0
Event: 10.460 Thread 0x0000000016e27000 DEOPT PACKING pc=0x0000000002d243cc sp=0x00000000170ce990
Event: 10.460 Thread 0x0000000016e27000 DEOPT UNPACKING pc=0x0000000002a075bf sp=0x00000000170ce758 mode 0
Event: 10.491 Thread 0x0000000000bad800 DEOPT PACKING pc=0x0000000002d243cc sp=0x00000000027be230
Event: 10.491 Thread 0x0000000000bad800 DEOPT UNPACKING pc=0x0000000002a075bf sp=0x00000000027bdff8 mode 0


Dynamic libraries:
0x00007ff6c7d80000 - 0x00007ff6c7db1000 	C:\Program Files\Android\Android Studio\jre\bin\java.exe
0x00007ffd40960000 - 0x00007ffd40b21000 	C:\WINDOWS\SYSTEM32\ntdll.dll
0x00007ffd3e080000 - 0x00007ffd3e12d000 	C:\WINDOWS\system32\KERNEL32.DLL
0x00007ffd3dab0000 - 0x00007ffd3dc98000 	C:\WINDOWS\system32\KERNELBASE.dll
0x00007ffd40460000 - 0x00007ffd40507000 	C:\WINDOWS\system32\ADVAPI32.dll
0x00007ffd3e980000 - 0x00007ffd3ea1d000 	C:\WINDOWS\system32\msvcrt.dll
0x00007ffd3e8b0000 - 0x00007ffd3e90b000 	C:\WINDOWS\system32\sechost.dll
0x00007ffd3e130000 - 0x00007ffd3e24c000 	C:\WINDOWS\system32\RPCRT4.dll
0x00007ffd3df20000 - 0x00007ffd3e076000 	C:\WINDOWS\system32\USER32.dll
0x00007ffd3dd80000 - 0x00007ffd3df06000 	C:\WINDOWS\system32\GDI32.dll
0x00007ffd38ad0000 - 0x00007ffd38d44000 	C:\WINDOWS\WinSxS\amd64_microsoft.windows.common-controls_6595b64144ccf1df_6.0.10586.672_none_a2d6b3cea53ff843\COMCTL32.dll
0x00007ffd3e250000 - 0x00007ffd3e4cd000 	C:\WINDOWS\system32\combase.dll
0x00007ffd3d8b0000 - 0x00007ffd3d91a000 	C:\WINDOWS\system32\bcryptPrimitives.dll
0x00007ffd40510000 - 0x00007ffd4054b000 	C:\WINDOWS\system32\IMM32.DLL
0x000000005be90000 - 0x000000005bf62000 	C:\Program Files\Android\Android Studio\jre\jre\bin\msvcr100.dll
0x000000005c050000 - 0x000000005c884000 	C:\Program Files\Android\Android Studio\jre\jre\bin\server\jvm.dll
0x00007ffd3df10000 - 0x00007ffd3df18000 	C:\WINDOWS\system32\PSAPI.DLL
0x00007ffd32730000 - 0x00007ffd32739000 	C:\WINDOWS\SYSTEM32\WSOCK32.dll
0x00007ffd3e910000 - 0x00007ffd3e97b000 	C:\WINDOWS\system32\WS2_32.dll
0x00007ffd39a80000 - 0x00007ffd39aa3000 	C:\WINDOWS\SYSTEM32\WINMM.dll
0x00007ffd33a10000 - 0x00007ffd33a1a000 	C:\WINDOWS\SYSTEM32\VERSION.dll
0x00007ffd39a50000 - 0x00007ffd39a7c000 	C:\WINDOWS\SYSTEM32\WINMMBASE.dll
0x00007ffd3d920000 - 0x00007ffd3d963000 	C:\WINDOWS\system32\cfgmgr32.dll
0x00007ffd32260000 - 0x00007ffd3226f000 	C:\Program Files\Android\Android Studio\jre\jre\bin\verify.dll
0x00007ffd258d0000 - 0x00007ffd258f9000 	C:\Program Files\Android\Android Studio\jre\jre\bin\java.dll
0x00007ffd29330000 - 0x00007ffd29346000 	C:\Program Files\Android\Android Studio\jre\jre\bin\zip.dll
0x00007ffd3ef00000 - 0x00007ffd4045c000 	C:\WINDOWS\system32\SHELL32.dll
0x00007ffd3d090000 - 0x00007ffd3d6d5000 	C:\WINDOWS\system32\windows.storage.dll
0x00007ffd406d0000 - 0x00007ffd40722000 	C:\WINDOWS\system32\shlwapi.dll
0x00007ffd3d000000 - 0x00007ffd3d00f000 	C:\WINDOWS\system32\kernel.appcore.dll
0x00007ffd3dca0000 - 0x00007ffd3dd55000 	C:\WINDOWS\system32\shcore.dll
0x00007ffd3cfb0000 - 0x00007ffd3cffb000 	C:\WINDOWS\system32\powrprof.dll
0x00007ffd3cf90000 - 0x00007ffd3cfa4000 	C:\WINDOWS\system32\profapi.dll

VM Arguments:
jvm_args: -Djava.awt.headless=true -Xmx1024M -Dfile.encoding=windows-1252 -Duser.country=GB -Duser.language=en -Duser.variant 
java_command: com.android.dx.command.Main --dex --force-jumbo --num-threads=4 --multi-dex --output C:\Users\Thomas\AndroidStudioProjects\MrWhemps\app\build\intermediates\transforms\dex\debug\folders\1000\10\com.google.android.gms-play-services-ads-9.4.0_66afef4fa8bf1a1cd67637876d9d6bc47bc16660 C:\Users\Thomas\AndroidStudioProjects\MrWhemps\app\build\intermediates\exploded-aar\com.google.android.gms\play-services-ads\9.4.0\jars\classes.jar
java_class_path (initial): C:\Users\Thomas\AppData\Local\Android\sdk\build-tools\23.0.2\lib\dx.jar
Launcher Type: SUN_STANDARD

Environment Variables:
PATH=C:\Program Files (x86)\Intel\iCLS Client\;C:\Program Files\Intel\iCLS Client\;C:\Windows\system32;C:\Windows;C:\Windows\System32\Wbem;C:\Windows\System32\WindowsPowerShell\v1.0\;C:\Program Files (x86)\Intel\OpenCL SDK\2.0\bin\x86;C:\Program Files (x86)\Intel\OpenCL SDK\2.0\bin\x64;C:\Program Files\Intel\Intel(R) Management Engine Components\DAL;C:\Program Files\Intel\Intel(R) Management Engine Components\IPT;C:\Program Files (x86)\Intel\Intel(R) Management Engine Components\DAL;C:\Program Files (x86)\Intel\Intel(R) Management Engine Components\IPT;C:\Program Files (x86)\Windows Live\Shared;C:\Users\Thomas\AppData\Local\Smartbar\Application\;C:\WINDOWS\system32;C:\WINDOWS;C:\WINDOWS\System32\Wbem;C:\WINDOWS\System32\WindowsPowerShell\v1.0\;D:\Programs\bin;C:\Program Files\Microsoft SQL Server\110\Tools\Binn\;C:\Program Files\Microsoft SQL Server\120\Tools\Binn\;C:\Program Files\MiKTeX 2.9\miktex\bin\;C:\Program Files\MiKTeX 2.9\gs\gs8.71\bin\;C:\Program Files\Git\cmd;C:\Program Files (x86)\Skype\Phone\;C:\Program Files\Microsoft SQL Server\130\Tools\Binn\;C:\Program Files (x86)\Windows Kits\10\Windows Performance Toolkit\;C:\Program Files
USERNAME=Thomas
OS=Windows_NT
PROCESSOR_IDENTIFIER=Intel64 Family 6 Model 42 Stepping 7, GenuineIntel



---------------  S Y S T E M  ---------------

OS: Windows 10.0 , 64 bit Build 10586 (10.0.10586.589)

CPU:total 4 (2 cores per cpu, 2 threads per core) family 6 model 42 stepping 7, cmov, cx8, fxsr, mmx, sse, sse2, sse3, ssse3, sse4.1, sse4.2, popcnt, avx, clmul, ht, tsc, tscinvbit

Memory: 4k page, physical 4075172k(276704k free), swap 6565536k(5700k free)

vm_info: OpenJDK 64-Bit Server VM (25.76-b03) for windows-amd64 JRE (1.8.0_76-release-b03), built on Jun 29 2016 19:09:20 by "ralucas" with MS VC++ 10.0 (VS2010)

time: Sun Jan 22 12:35:40 2017
elapsed time: 10 seconds (0d 0h 0m 10s)

