#
# There is insufficient memory for the Java Runtime Environment to continue.
# Native memory allocation (malloc) failed to allocate 1441776 bytes for Chunk::new
# Possible reasons:
#   The system is out of physical RAM or swap space
#   In 32 bit mode, the process size limit was hit
# Possible solutions:
#   Reduce memory load on the system
#   Increase physical memory or swap space
#   Check if swap backing store is full
#   Use 64 bit Java on a 64 bit OS
#   Decrease Java heap size (-Xmx/-Xms)
#   Decrease number of Java threads
#   Decrease Java thread stack sizes (-Xss)
#   Set larger code cache with -XX:ReservedCodeCacheSize=
# This output file may be truncated or incomplete.
#
#  Out of Memory Error (allocation.cpp:390), pid=12292, tid=0x0000000000001b7c
#
# JRE version: OpenJDK Runtime Environment (8.0_76-b03) (build 1.8.0_76-release-b03)
# Java VM: OpenJDK 64-Bit Server VM (25.76-b03 mixed mode windows-amd64 compressed oops)
# Failed to write core dump. Minidumps are not enabled by default on client versions of Windows
#

---------------  T H R E A D  ---------------

Current thread (0x00000000158af800):  JavaThread "C2 CompilerThread1" daemon [_thread_in_native, id=7036, stack(0x0000000017010000,0x0000000017110000)]

Stack: [0x0000000017010000,0x0000000017110000]
[error occurred during error reporting (printing stack bounds), id 0xc0000005]

Native frames: (J=compiled Java code, j=interpreted, Vv=VM code, C=native code)


Current CompileTask:
C2:  12497 1605   !   4       com.android.dx.cf.code.Ropper::processBlock (1101 bytes)


---------------  P R O C E S S  ---------------

Java Threads: ( => current thread )
  0x0000000017468800 JavaThread "pool-2-thread-4" [_thread_in_Java, id=6216, stack(0x0000000017c10000,0x0000000017d10000)]
  0x0000000017466000 JavaThread "pool-2-thread-3" [_thread_in_Java, id=7640, stack(0x0000000017b10000,0x0000000017c10000)]
  0x0000000017463000 JavaThread "pool-2-thread-2" [_thread_in_Java, id=372, stack(0x0000000017a10000,0x0000000017b10000)]
  0x0000000017460800 JavaThread "pool-3-thread-1" [_thread_blocked, id=9288, stack(0x0000000017910000,0x0000000017a10000)]
  0x000000001749e800 JavaThread "pool-2-thread-1" [_thread_blocked, id=12752, stack(0x0000000017810000,0x0000000017910000)]
  0x000000001590a800 JavaThread "Service Thread" daemon [_thread_blocked, id=13376, stack(0x0000000017610000,0x0000000017710000)]
  0x0000000015901000 JavaThread "C1 CompilerThread2" daemon [_thread_blocked, id=10300, stack(0x0000000017110000,0x0000000017210000)]
=>0x00000000158af800 JavaThread "C2 CompilerThread1" daemon [_thread_in_native, id=7036, stack(0x0000000017010000,0x0000000017110000)]
  0x00000000158ac800 JavaThread "C2 CompilerThread0" daemon [_thread_in_native, id=8224, stack(0x0000000016f10000,0x0000000017010000)]
  0x00000000158ab000 JavaThread "Attach Listener" daemon [_thread_blocked, id=12904, stack(0x0000000016e10000,0x0000000016f10000)]
  0x00000000158aa000 JavaThread "Signal Dispatcher" daemon [_thread_blocked, id=14076, stack(0x0000000016d10000,0x0000000016e10000)]
  0x0000000015898800 JavaThread "Finalizer" daemon [_thread_blocked, id=10448, stack(0x0000000016b30000,0x0000000016c30000)]
  0x00000000031d0800 JavaThread "Reference Handler" daemon [_thread_blocked, id=13100, stack(0x0000000016a30000,0x0000000016b30000)]
  0x000000000136d800 JavaThread "main" [_thread_blocked, id=7076, stack(0x0000000001850000,0x0000000001950000)]

Other Threads:
  0x0000000015875000 VMThread [stack: 0x0000000016930000,0x0000000016a30000] [id=10832]
  0x000000001590c800 WatcherThread [stack: 0x0000000017710000,0x0000000017810000] [id=13368]

VM state:synchronizing (normal execution)

VM Mutex/Monitor currently owned by a thread:  ([mutex/lock_event])
[0x000000000136c430] Safepoint_lock - owner thread: 0x0000000015875000
[0x000000000136cb30] Threads_lock - owner thread: 0x0000000015875000

Heap:
 PSYoungGen      total 35328K, used 22598K [0x00000000eab00000, 0x00000000ef000000, 0x0000000100000000)
  eden space 32768K, 61% used [0x00000000eab00000,0x00000000ebe99af8,0x00000000ecb00000)
  from space 2560K, 98% used [0x00000000ecb00000,0x00000000ecd78010,0x00000000ecd80000)
  to   space 2560K, 0% used [0x00000000eed80000,0x00000000eed80000,0x00000000ef000000)
 ParOldGen       total 44032K, used 7325K [0x00000000c0000000, 0x00000000c2b00000, 0x00000000eab00000)
  object space 44032K, 16% used [0x00000000c0000000,0x00000000c07276e8,0x00000000c2b00000)
 Metaspace       used 6177K, capacity 7088K, committed 7296K, reserved 1056768K
  class space    used 574K, capacity 616K, committed 640K, reserved 1048576K

Card table byte_map: [0x00000000125a0000,0x00000000127b0000] byte_map_base: 0x0000000011fa0000

Marking Bits: (ParMarkBitMap*) 0x000000005c809d00
 Begin Bits: [0x0000000012d10000, 0x0000000013d10000)
 End Bits:   [0x0000000013d10000, 0x0000000014d10000)

Polling page: 0x0000000001370000

CodeCache: size=245760Kb used=7141Kb max_used=7141Kb free=238618Kb
 bounds [0x00000000031e0000, 0x00000000038f0000, 0x00000000121e0000]
 total_blobs=1929 nmethods=1661 adapters=181
 compilation: enabled

Compilation events (10 events):
Event: 12.107 Thread 0x00000000158ac800 1654 %     4       com.android.dx.ssa.Dominators::run @ 137 (506 bytes)
Event: 12.112 Thread 0x0000000015901000 nmethod 1653 0x00000000038ca450 code [0x00000000038ca8a0, 0x00000000038cd308]
Event: 12.114 Thread 0x0000000015901000 1656       3       com.android.dx.dex.file.ClassDefItem::addVirtualMethod (9 bytes)
Event: 12.114 Thread 0x0000000015901000 nmethod 1656 0x00000000038be950 code [0x00000000038beb00, 0x00000000038bf1b8]
Event: 12.170 Thread 0x0000000015901000 1659       3       com.android.dx.rop.code.Rop::<init> (15 bytes)
Event: 12.170 Thread 0x0000000015901000 nmethod 1659 0x00000000038c9a90 code [0x00000000038c9c00, 0x00000000038c9da8]
Event: 12.180 Thread 0x00000000158ac800 nmethod 1654% 0x00000000038d2010 code [0x00000000038d2260, 0x00000000038d38f8]
Event: 12.181 Thread 0x00000000158ac800 1660       4       com.android.dx.ssa.LiteralOpUpgrader$1::visitNonMoveInsn (203 bytes)
Event: 12.201 Thread 0x00000000158ac800 nmethod 1660 0x00000000038d5650 code [0x00000000038d5940, 0x00000000038d6398]
Event: 12.201 Thread 0x00000000158ac800 1655 %     4       com.android.dx.ssa.SsaConverter::placePhiFunctions @ 103 (394 bytes)

GC Heap History (6 events):
Event: 4.098 GC heap before
{Heap before GC invocations=1 (full 0):
 PSYoungGen      total 18944K, used 16384K [0x00000000eab00000, 0x00000000ec000000, 0x0000000100000000)
  eden space 16384K, 100% used [0x00000000eab00000,0x00000000ebb00000,0x00000000ebb00000)
  from space 2560K, 0% used [0x00000000ebd80000,0x00000000ebd80000,0x00000000ec000000)
  to   space 2560K, 0% used [0x00000000ebb00000,0x00000000ebb00000,0x00000000ebd80000)
 ParOldGen       total 44032K, used 0K [0x00000000c0000000, 0x00000000c2b00000, 0x00000000eab00000)
  object space 44032K, 0% used [0x00000000c0000000,0x00000000c0000000,0x00000000c2b00000)
 Metaspace       used 5340K, capacity 6384K, committed 6528K, reserved 1056768K
  class space    used 566K, capacity 616K, committed 640K, reserved 1048576K
Event: 4.314 GC heap after
Heap after GC invocations=1 (full 0):
 PSYoungGen      total 18944K, used 2548K [0x00000000eab00000, 0x00000000ed000000, 0x0000000100000000)
  eden space 16384K, 0% used [0x00000000eab00000,0x00000000eab00000,0x00000000ebb00000)
  from space 2560K, 99% used [0x00000000ebb00000,0x00000000ebd7d1d0,0x00000000ebd80000)
  to   space 2560K, 0% used [0x00000000ecd80000,0x00000000ecd80000,0x00000000ed000000)
 ParOldGen       total 44032K, used 554K [0x00000000c0000000, 0x00000000c2b00000, 0x00000000eab00000)
  object space 44032K, 1% used [0x00000000c0000000,0x00000000c008a9d0,0x00000000c2b00000)
 Metaspace       used 5340K, capacity 6384K, committed 6528K, reserved 1056768K
  class space    used 566K, capacity 616K, committed 640K, reserved 1048576K
}
Event: 6.994 GC heap before
{Heap before GC invocations=2 (full 0):
 PSYoungGen      total 18944K, used 18932K [0x00000000eab00000, 0x00000000ed000000, 0x0000000100000000)
  eden space 16384K, 100% used [0x00000000eab00000,0x00000000ebb00000,0x00000000ebb00000)
  from space 2560K, 99% used [0x00000000ebb00000,0x00000000ebd7d1d0,0x00000000ebd80000)
  to   space 2560K, 0% used [0x00000000ecd80000,0x00000000ecd80000,0x00000000ed000000)
 ParOldGen       total 44032K, used 554K [0x00000000c0000000, 0x00000000c2b00000, 0x00000000eab00000)
  object space 44032K, 1% used [0x00000000c0000000,0x00000000c008a9d0,0x00000000c2b00000)
 Metaspace       used 5946K, capacity 6896K, committed 7040K, reserved 1056768K
  class space    used 573K, capacity 616K, committed 640K, reserved 1048576K
Event: 7.081 GC heap after
Heap after GC invocations=2 (full 0):
 PSYoungGen      total 35328K, used 2538K [0x00000000eab00000, 0x00000000ed000000, 0x0000000100000000)
  eden space 32768K, 0% used [0x00000000eab00000,0x00000000eab00000,0x00000000ecb00000)
  from space 2560K, 99% used [0x00000000ecd80000,0x00000000ecffaab0,0x00000000ed000000)
  to   space 2560K, 0% used [0x00000000ecb00000,0x00000000ecb00000,0x00000000ecd80000)
 ParOldGen       total 44032K, used 1884K [0x00000000c0000000, 0x00000000c2b00000, 0x00000000eab00000)
  object space 44032K, 4% used [0x00000000c0000000,0x00000000c01d7170,0x00000000c2b00000)
 Metaspace       used 5946K, capacity 6896K, committed 7040K, reserved 1056768K
  class space    used 573K, capacity 616K, committed 640K, reserved 1048576K
}
Event: 11.432 GC heap before
{Heap before GC invocations=3 (full 0):
 PSYoungGen      total 35328K, used 35306K [0x00000000eab00000, 0x00000000ed000000, 0x0000000100000000)
  eden space 32768K, 100% used [0x00000000eab00000,0x00000000ecb00000,0x00000000ecb00000)
  from space 2560K, 99% used [0x00000000ecd80000,0x00000000ecffaab0,0x00000000ed000000)
  to   space 2560K, 0% used [0x00000000ecb00000,0x00000000ecb00000,0x00000000ecd80000)
 ParOldGen       total 44032K, used 1884K [0x00000000c0000000, 0x00000000c2b00000, 0x00000000eab00000)
  object space 44032K, 4% used [0x00000000c0000000,0x00000000c01d7170,0x00000000c2b00000)
 Metaspace       used 6152K, capacity 7088K, committed 7296K, reserved 1056768K
  class space    used 574K, capacity 616K, committed 640K, reserved 1048576K
Event: 11.470 GC heap after
Heap after GC invocations=3 (full 0):
 PSYoungGen      total 35328K, used 2528K [0x00000000eab00000, 0x00000000ef000000, 0x0000000100000000)
  eden space 32768K, 0% used [0x00000000eab00000,0x00000000eab00000,0x00000000ecb00000)
  from space 2560K, 98% used [0x00000000ecb00000,0x00000000ecd78010,0x00000000ecd80000)
  to   space 2560K, 0% used [0x00000000eed80000,0x00000000eed80000,0x00000000ef000000)
 ParOldGen       total 44032K, used 7325K [0x00000000c0000000, 0x00000000c2b00000, 0x00000000eab00000)
  object space 44032K, 16% used [0x00000000c0000000,0x00000000c07276e8,0x00000000c2b00000)
 Metaspace       used 6152K, capacity 7088K, committed 7296K, reserved 1056768K
  class space    used 574K, capacity 616K, committed 640K, reserved 1048576K
}

Deoptimization events (10 events):
Event: 6.319 Thread 0x000000000136d800 Uncommon trap: reason=null_check action=make_not_entrant pc=0x00000000034e3fa0 method=com.android.dx.rop.type.Type.equals(Ljava/lang/Object;)Z @ 8
Event: 8.569 Thread 0x0000000017466000 Uncommon trap: reason=unstable_if action=reinterpret pc=0x00000000036771f4 method=java.util.HashMap.putVal(ILjava/lang/Object;Ljava/lang/Object;ZZ)Ljava/lang/Object; @ 162
Event: 8.570 Thread 0x0000000017466000 Uncommon trap: reason=unstable_if action=reinterpret pc=0x0000000003420318 method=java.util.HashMap.getNode(ILjava/lang/Object;)Ljava/util/HashMap$Node; @ 84
Event: 8.570 Thread 0x0000000017466000 Uncommon trap: reason=unstable_if action=reinterpret pc=0x0000000003412a20 method=java.util.HashMap.getNode(ILjava/lang/Object;)Ljava/util/HashMap$Node; @ 84
Event: 9.722 Thread 0x0000000017468800 Uncommon trap: reason=unstable_if action=reinterpret pc=0x0000000003726ee4 method=com.android.dx.ssa.LiteralOpUpgrader$1.visitNonMoveInsn(Lcom/android/dx/ssa/NormalSsaInsn;)V @ 55
Event: 9.724 Thread 0x0000000017468800 Uncommon trap: reason=unstable_if action=reinterpret pc=0x000000000358571c method=com.android.dx.ssa.SsaMethod.updateOneDefinition(Lcom/android/dx/ssa/SsaInsn;Lcom/android/dx/rop/code/RegisterSpec;)V @ 4
Event: 11.820 Thread 0x0000000017466000 Uncommon trap: reason=class_check action=maybe_recompile pc=0x000000000384fd84 method=com.android.dx.cf.code.RopperMachine.run(Lcom/android/dx/cf/code/Frame;II)V @ 1024
Event: 11.890 Thread 0x0000000017466000 Uncommon trap: reason=unstable_if action=reinterpret pc=0x000000000370e930 method=com.android.dx.ssa.SCCP.simulateBranch(Lcom/android/dx/ssa/SsaInsn;)V @ 548
Event: 11.925 Thread 0x0000000017466000 Uncommon trap: reason=bimorphic action=maybe_recompile pc=0x000000000371c414 method=com.android.dx.ssa.LiteralOpUpgrader.tryReplacingWithConstant(Lcom/android/dx/ssa/NormalSsaInsn;)Z @ 52
Event: 11.925 Thread 0x0000000017466000 Uncommon trap: reason=unstable_if action=reinterpret pc=0x00000000037b894c method=com.android.dx.dex.code.RopToDop.dopFor(Lcom/android/dx/rop/code/Insn;)Lcom/android/dx/dex/code/Dop; @ 747

Internal exceptions (3 events):
Event: 0.112 Thread 0x000000000136d800 Exception <a 'java/lang/NoSuchMethodError': Method sun.misc.Unsafe.defineClass(Ljava/lang/String;[BII)Ljava/lang/Class; name or signature does not match> (0x00000000eab07cc0) thrown at [C:\src\android\AOSP-openjdk\external\jetbrains\jdk\hotspot\src\share\vÂlüO©¼?
Event: 0.112 Thread 0x000000000136d800 Exception <a 'java/lang/NoSuchMethodError': Method sun.misc.Unsafe.prefetchRead(Ljava/lang/Object;J)V name or signature does not match> (0x00000000eab07fa8) thrown at [C:\src\android\AOSP-openjdk\external\jetbrains\jdk\hotspot\src\share\vm\prims\jni.cpp, léÐP'G@
Event: 6.319 Thread 0x000000000136d800 Implicit null exception at 0x00000000034e3ea2 to 0x00000000034e3f92

Events (10 events):
Event: 11.820 Thread 0x0000000017466000 DEOPT UNPACKING pc=0x000000000322556a sp=0x0000000017c0e6b8 mode 2
Event: 11.890 Thread 0x0000000017466000 Uncommon trap: trap_request=0xffffff65 fr.pc=0x000000000370e930
Event: 11.890 Thread 0x0000000017466000 DEOPT PACKING pc=0x000000000370e930 sp=0x0000000017c0e9a0
Event: 11.890 Thread 0x0000000017466000 DEOPT UNPACKING pc=0x000000000322556a sp=0x0000000017c0e9a8 mode 2
Event: 11.925 Thread 0x0000000017466000 Uncommon trap: trap_request=0xffffffc6 fr.pc=0x000000000371c414
Event: 11.925 Thread 0x0000000017466000 DEOPT PACKING pc=0x000000000371c414 sp=0x0000000017c0e8f0
Event: 11.925 Thread 0x0000000017466000 DEOPT UNPACKING pc=0x000000000322556a sp=0x0000000017c0e8a0 mode 2
Event: 11.925 Thread 0x0000000017466000 Uncommon trap: trap_request=0xffffff65 fr.pc=0x00000000037b894c
Event: 11.925 Thread 0x0000000017466000 DEOPT PACKING pc=0x00000000037b894c sp=0x0000000017c0e960
Event: 11.925 Thread 0x0000000017466000 DEOPT UNPACKING pc=0x000000000322556a sp=0x0000000017c0e900 mode 2


Dynamic libraries:
0x00007ff6c7d80000 - 0x00007ff6c7db1000 	C:\Program Files\Android\Android Studio\jre\bin\java.exe
0x00007ffd40960000 - 0x00007ffd40b21000 	C:\WINDOWS\SYSTEM32\ntdll.dll
0x00007ffd3e080000 - 0x00007ffd3e12d000 	C:\WINDOWS\system32\KERNEL32.DLL
0x00007ffd3dab0000 - 0x00007ffd3dc98000 	C:\WINDOWS\system32\KERNELBASE.dll
0x00007ffd40460000 - 0x00007ffd40507000 	C:\WINDOWS\system32\ADVAPI32.dll
0x00007ffd3e980000 - 0x00007ffd3ea1d000 	C:\WINDOWS\system32\msvcrt.dll
0x00007ffd3e8b0000 - 0x00007ffd3e90b000 	C:\WINDOWS\system32\sechost.dll
0x00007ffd3e130000 - 0x00007ffd3e24c000 	C:\WINDOWS\system32\RPCRT4.dll
0x00007ffd3df20000 - 0x00007ffd3e076000 	C:\WINDOWS\system32\USER32.dll
0x00007ffd3dd80000 - 0x00007ffd3df06000 	C:\WINDOWS\system32\GDI32.dll
0x00007ffd38ad0000 - 0x00007ffd38d44000 	C:\WINDOWS\WinSxS\amd64_microsoft.windows.common-controls_6595b64144ccf1df_6.0.10586.672_none_a2d6b3cea53ff843\COMCTL32.dll
0x00007ffd3e250000 - 0x00007ffd3e4cd000 	C:\WINDOWS\system32\combase.dll
0x00007ffd3d8b0000 - 0x00007ffd3d91a000 	C:\WINDOWS\system32\bcryptPrimitives.dll
0x00007ffd40510000 - 0x00007ffd4054b000 	C:\WINDOWS\system32\IMM32.DLL
0x000000005be90000 - 0x000000005bf62000 	C:\Program Files\Android\Android Studio\jre\jre\bin\msvcr100.dll
0x000000005c050000 - 0x000000005c884000 	C:\Program Files\Android\Android Studio\jre\jre\bin\server\jvm.dll
0x00007ffd3df10000 - 0x00007ffd3df18000 	C:\WINDOWS\system32\PSAPI.DLL
0x00007ffd39a80000 - 0x00007ffd39aa3000 	C:\WINDOWS\SYSTEM32\WINMM.dll
0x00007ffd32730000 - 0x00007ffd32739000 	C:\WINDOWS\SYSTEM32\WSOCK32.dll
0x00007ffd3e910000 - 0x00007ffd3e97b000 	C:\WINDOWS\system32\WS2_32.dll
0x00007ffd33a10000 - 0x00007ffd33a1a000 	C:\WINDOWS\SYSTEM32\VERSION.dll
0x00007ffd39a50000 - 0x00007ffd39a7c000 	C:\WINDOWS\SYSTEM32\WINMMBASE.dll
0x00007ffd3d920000 - 0x00007ffd3d963000 	C:\WINDOWS\system32\cfgmgr32.dll
0x00007ffd32260000 - 0x00007ffd3226f000 	C:\Program Files\Android\Android Studio\jre\jre\bin\verify.dll
0x00007ffd258d0000 - 0x00007ffd258f9000 	C:\Program Files\Android\Android Studio\jre\jre\bin\java.dll
0x00007ffd29330000 - 0x00007ffd29346000 	C:\Program Files\Android\Android Studio\jre\jre\bin\zip.dll
0x00007ffd3ef00000 - 0x00007ffd4045c000 	C:\WINDOWS\system32\SHELL32.dll
0x00007ffd3d090000 - 0x00007ffd3d6d5000 	C:\WINDOWS\system32\windows.storage.dll
0x00007ffd406d0000 - 0x00007ffd40722000 	C:\WINDOWS\system32\shlwapi.dll
0x00007ffd3d000000 - 0x00007ffd3d00f000 	C:\WINDOWS\system32\kernel.appcore.dll
0x00007ffd3dca0000 - 0x00007ffd3dd55000 	C:\WINDOWS\system32\shcore.dll
0x00007ffd3cfb0000 - 0x00007ffd3cffb000 	C:\WINDOWS\system32\powrprof.dll
0x00007ffd3cf90000 - 0x00007ffd3cfa4000 	C:\WINDOWS\system32\profapi.dll

VM Arguments:
jvm_args: -Djava.awt.headless=true -Xmx1024M -Dfile.encoding=windows-1252 -Duser.country=GB -Duser.language=en -Duser.variant 
java_command: com.android.dx.command.Main --dex --force-jumbo --num-threads=4 --multi-dex --output C:\Users\Thomas\AndroidStudioProjects\MrWhemps\app\build\intermediates\transforms\dex\debug\folders\1000\10\com.google.android.gms-play-services-basement-9.4.0_823c5257cbc4308c2adce0061ecc4ecb66600de1 C:\Users\Thomas\AndroidStudioProjects\MrWhemps\app\build\intermediates\exploded-aar\com.google.android.gms\play-services-basement\9.4.0\jars\classes.jar
java_class_path (initial): C:\Users\Thomas\AppData\Local\Android\sdk\build-tools\23.0.2\lib\dx.jar
Launcher Type: SUN_STANDARD

Environment Variables:
PATH=C:\Program Files (x86)\Intel\iCLS Client\;C:\Program Files\Intel\iCLS Client\;C:\Windows\system32;C:\Windows;C:\Windows\System32\Wbem;C:\Windows\System32\WindowsPowerShell\v1.0\;C:\Program Files (x86)\Intel\OpenCL SDK\2.0\bin\x86;C:\Program Files (x86)\Intel\OpenCL SDK\2.0\bin\x64;C:\Program Files\Intel\Intel(R) Management Engine Components\DAL;C:\Program Files\Intel\Intel(R) Management Engine Components\IPT;C:\Program Files (x86)\Intel\Intel(R) Management Engine Components\DAL;C:\Program Files (x86)\Intel\Intel(R) Management Engine Components\IPT;C:\Program Files (x86)\Windows Live\Shared;C:\Users\Thomas\AppData\Local\Smartbar\Application\;C:\WINDOWS\system32;C:\WINDOWS;C:\WINDOWS\System32\Wbem;C:\WINDOWS\System32\WindowsPowerShell\v1.0\;D:\Programs\bin;C:\Program Files\Microsoft SQL Server\110\Tools\Binn\;C:\Program Files\Microsoft SQL Server\120\Tools\Binn\;C:\Program Files\MiKTeX 2.9\miktex\bin\;C:\Program Files\MiKTeX 2.9\gs\gs8.71\bin\;C:\Program Files\Git\cmd;C:\Program Files (x86)\Skype\Phone\;C:\Program Files\Microsoft SQL Server\130\Tools\Binn\;C:\Program Files (x86)\Windows Kits\10\Windows Performance Toolkit\;C:\Program Files
USERNAME=Thomas
OS=Windows_NT
PROCESSOR_IDENTIFIER=Intel64 Family 6 Model 42 Stepping 7, GenuineIntel



---------------  S Y S T E M  ---------------

OS: Windows 10.0 , 64 bit Build 10586 (10.0.10586.589)

CPU:total 4 (2 cores per cpu, 2 threads per core) family 6 model 42 stepping 7, cmov, cx8, fxsr, mmx, sse, sse2, sse3, ssse3, sse4.1, sse4.2, popcnt, avx, clmul, ht, tsc, tscinvbit

Memory: 4k page, physical 4075172k(313184k free), swap 6565536k(5636k free)

vm_info: OpenJDK 64-Bit Server VM (25.76-b03) for windows-amd64 JRE (1.8.0_76-release-b03), built on Jun 29 2016 19:09:20 by "ralucas" with MS VC++ 10.0 (VS2010)

time: Sun Jan 22 12:34:59 2017
elapsed time: 12 seconds (0d 0h 0m 12s)

