#
# There is insufficient memory for the Java Runtime Environment to continue.
# Native memory allocation (malloc) failed to allocate 32744 bytes for ChunkPool::allocate
# Possible reasons:
#   The system is out of physical RAM or swap space
#   In 32 bit mode, the process size limit was hit
# Possible solutions:
#   Reduce memory load on the system
#   Increase physical memory or swap space
#   Check if swap backing store is full
#   Use 64 bit Java on a 64 bit OS
#   Decrease Java heap size (-Xmx/-Xms)
#   Decrease number of Java threads
#   Decrease Java thread stack sizes (-Xss)
#   Set larger code cache with -XX:ReservedCodeCacheSize=
# This output file may be truncated or incomplete.
#
#  Out of Memory Error (allocation.cpp:273), pid=3320, tid=0x0000000000002398
#
# JRE version: OpenJDK Runtime Environment (8.0_76-b03) (build 1.8.0_76-release-b03)
# Java VM: OpenJDK 64-Bit Server VM (25.76-b03 mixed mode windows-amd64 compressed oops)
# Failed to write core dump. Minidumps are not enabled by default on client versions of Windows
#

---------------  T H R E A D  ---------------

Current thread (0x000000001569f000):  JavaThread "C1 CompilerThread2" daemon [_thread_in_native, id=9112, stack(0x0000000016ed0000,0x0000000016fd0000)]

Stack: [0x0000000016ed0000,0x0000000016fd0000]
[error occurred during error reporting (printing stack bounds), id 0xc0000005]

Native frames: (J=compiled Java code, j=interpreted, Vv=VM code, C=native code)


Current CompileTask:
C1:   4786  638   !   3       com.android.dx.cf.code.BytecodeArray::parseInstruction (2764 bytes)


---------------  P R O C E S S  ---------------

Java Threads: ( => current thread )
  0x0000000017481000 JavaThread "pool-2-thread-4" [_thread_blocked, id=11928, stack(0x00000000179d0000,0x0000000017ad0000)]
  0x000000001747e000 JavaThread "pool-2-thread-3" [_thread_blocked, id=2396, stack(0x00000000178d0000,0x00000000179d0000)]
  0x000000001747a000 JavaThread "pool-2-thread-2" [_thread_blocked, id=10420, stack(0x00000000177d0000,0x00000000178d0000)]
  0x0000000017477800 JavaThread "pool-3-thread-1" [_thread_blocked, id=11360, stack(0x00000000176d0000,0x00000000177d0000)]
  0x0000000017411000 JavaThread "pool-2-thread-1" [_thread_blocked, id=7140, stack(0x00000000175d0000,0x00000000176d0000)]
  0x00000000156dc800 JavaThread "Service Thread" daemon [_thread_blocked, id=13304, stack(0x0000000016fd0000,0x00000000170d0000)]
=>0x000000001569f000 JavaThread "C1 CompilerThread2" daemon [_thread_in_native, id=9112, stack(0x0000000016ed0000,0x0000000016fd0000)]
  0x000000001569b000 JavaThread "C2 CompilerThread1" daemon [_thread_in_native, id=13364, stack(0x0000000016dd0000,0x0000000016ed0000)]
  0x0000000015698000 JavaThread "C2 CompilerThread0" daemon [_thread_in_native, id=6664, stack(0x0000000016cd0000,0x0000000016dd0000)]
  0x00000000156a6000 JavaThread "Attach Listener" daemon [_thread_blocked, id=10792, stack(0x0000000016bd0000,0x0000000016cd0000)]
  0x00000000156a4800 JavaThread "Signal Dispatcher" daemon [_thread_blocked, id=8620, stack(0x0000000016ad0000,0x0000000016bd0000)]
  0x0000000002fcb800 JavaThread "Finalizer" daemon [_thread_blocked, id=6320, stack(0x00000000168f0000,0x00000000169f0000)]
  0x0000000002fc0800 JavaThread "Reference Handler" daemon [_thread_blocked, id=13756, stack(0x00000000167f0000,0x00000000168f0000)]
  0x000000000116d800 JavaThread "main" [_thread_in_vm, id=14316, stack(0x0000000002dd0000,0x0000000002ed0000)]

Other Threads:
  0x0000000015665000 VMThread [stack: 0x00000000166f0000,0x00000000167f0000] [id=9380]
  0x00000000156df000 WatcherThread [stack: 0x00000000170d0000,0x00000000171d0000] [id=11164]

VM state:not at safepoint (normal execution)

VM Mutex/Monitor currently owned by a thread:  ([mutex/lock_event])
[0x0000000002ed14d0] MethodData_lock - owner thread: 0x000000000116d800

Heap:
 PSYoungGen      total 18944K, used 5876K [0x00000000eab00000, 0x00000000ec000000, 0x0000000100000000)
  eden space 16384K, 20% used [0x00000000eab00000,0x00000000eae42f28,0x00000000ebb00000)
  from space 2560K, 99% used [0x00000000ebb00000,0x00000000ebd7a2e0,0x00000000ebd80000)
  to   space 2560K, 0% used [0x00000000ebd80000,0x00000000ebd80000,0x00000000ec000000)
 ParOldGen       total 44032K, used 620K [0x00000000c0000000, 0x00000000c2b00000, 0x00000000eab00000)
  object space 44032K, 1% used [0x00000000c0000000,0x00000000c009b3c8,0x00000000c2b00000)
 Metaspace       used 5559K, capacity 6576K, committed 6784K, reserved 1056768K
  class space    used 571K, capacity 616K, committed 640K, reserved 1048576K

Card table byte_map: [0x0000000012390000,0x00000000125a0000] byte_map_base: 0x0000000011d90000

Marking Bits: (ParMarkBitMap*) 0x00000000665d9d00
 Begin Bits: [0x0000000012b00000, 0x0000000013b00000)
 End Bits:   [0x0000000013b00000, 0x0000000014b00000)

Polling page: 0x0000000001120000

CodeCache: size=245760Kb used=2386Kb max_used=2398Kb free=243373Kb
 bounds [0x0000000002fd0000, 0x0000000003240000, 0x0000000011fd0000]
 total_blobs=911 nmethods=644 adapters=181
 compilation: enabled

Compilation events (10 events):
Event: 4.722 Thread 0x000000001569f000  653       3       com.android.dx.util.LabeledList::addLabelIndex (43 bytes)
Event: 4.722 Thread 0x000000001569f000 nmethod 653 0x0000000003225110 code [0x00000000032252a0, 0x00000000032256f8]
Event: 4.722 Thread 0x000000001569f000  638   !   3       com.android.dx.cf.code.BytecodeArray::parseInstruction (2764 bytes)
Event: 4.727 Thread 0x000000001569b000  656       4       com.android.dx.util.Bits::clear (21 bytes)
Event: 4.727 Thread 0x0000000015698000  649       4       java.util.ArrayList::iterator (10 bytes)
Event: 4.728 Thread 0x000000001569b000 nmethod 656 0x0000000003228510 code [0x0000000003228640, 0x00000000032286d8]
Event: 4.728 Thread 0x0000000015698000 nmethod 649 0x0000000003226cd0 code [0x0000000003226e20, 0x0000000003226f28]
Event: 4.730 Thread 0x000000001569b000  664       4       com.android.dx.rop.code.BasicBlockList::get (9 bytes)
Event: 4.731 Thread 0x0000000015698000  666       4       java.util.HashSet::contains (9 bytes)
Event: 4.732 Thread 0x000000001569b000 nmethod 664 0x0000000003226950 code [0x0000000003226aa0, 0x0000000003226b78]

GC Heap History (2 events):
Event: 4.099 GC heap before
{Heap before GC invocations=1 (full 0):
 PSYoungGen      total 18944K, used 16384K [0x00000000eab00000, 0x00000000ec000000, 0x0000000100000000)
  eden space 16384K, 100% used [0x00000000eab00000,0x00000000ebb00000,0x00000000ebb00000)
  from space 2560K, 0% used [0x00000000ebd80000,0x00000000ebd80000,0x00000000ec000000)
  to   space 2560K, 0% used [0x00000000ebb00000,0x00000000ebb00000,0x00000000ebd80000)
 ParOldGen       total 44032K, used 0K [0x00000000c0000000, 0x00000000c2b00000, 0x00000000eab00000)
  object space 44032K, 0% used [0x00000000c0000000,0x00000000c0000000,0x00000000c2b00000)
 Metaspace       used 5308K, capacity 6384K, committed 6528K, reserved 1056768K
  class space    used 562K, capacity 616K, committed 640K, reserved 1048576K
Event: 4.250 GC heap after
Heap after GC invocations=1 (full 0):
 PSYoungGen      total 18944K, used 2536K [0x00000000eab00000, 0x00000000ec000000, 0x0000000100000000)
  eden space 16384K, 0% used [0x00000000eab00000,0x00000000eab00000,0x00000000ebb00000)
  from space 2560K, 99% used [0x00000000ebb00000,0x00000000ebd7a2e0,0x00000000ebd80000)
  to   space 2560K, 0% used [0x00000000ebd80000,0x00000000ebd80000,0x00000000ec000000)
 ParOldGen       total 44032K, used 620K [0x00000000c0000000, 0x00000000c2b00000, 0x00000000eab00000)
  object space 44032K, 1% used [0x00000000c0000000,0x00000000c009b3c8,0x00000000c2b00000)
 Metaspace       used 5308K, capacity 6384K, committed 6528K, reserved 1056768K
  class space    used 562K, capacity 616K, committed 640K, reserved 1048576K
}

Deoptimization events (1 events):
Event: 4.726 Thread 0x000000001747e000 Uncommon trap: reason=unstable_if action=reinterpret pc=0x00000000031ef830 method=java.util.BitSet.nextSetBit(I)I @ 87

Internal exceptions (2 events):
Event: 0.059 Thread 0x000000000116d800 Exception <a 'java/lang/NoSuchMethodError': Method sun.misc.Unsafe.defineClass(Ljava/lang/String;[BII)Ljava/lang/Class; name or signature does not match> (0x00000000eab07cc0) thrown at [C:\src\android\AOSP-openjdk\external\jetbrains\jdk\hotspot\src\share\vÍž¿M®?
Event: 0.059 Thread 0x000000000116d800 Exception <a 'java/lang/NoSuchMethodError': Method sun.misc.Unsafe.prefetchRead(Ljava/lang/Object;J)V name or signature does not match> (0x00000000eab07fa8) thrown at [C:\src\android\AOSP-openjdk\external\jetbrains\jdk\hotspot\src\share\vm\prims\jni.cpp, l

Events (10 events):
Event: 4.562 loading class java/util/HashMap$Values done
Event: 4.562 loading class java/util/HashMap$ValueIterator
Event: 4.562 loading class java/util/HashMap$ValueIterator done
Event: 4.566 loading class com/android/dx/ssa/PhiInsn$Operand
Event: 4.566 loading class com/android/dx/ssa/PhiInsn$Operand done
Event: 4.580 loading class com/android/dx/ssa/back/FirstFitLocalCombiningAllocator$Multiset
Event: 4.580 loading class com/android/dx/ssa/back/FirstFitLocalCombiningAllocator$Multiset done
Event: 4.726 Thread 0x000000001747e000 Uncommon trap: trap_request=0xffffff65 fr.pc=0x00000000031ef830
Event: 4.726 Thread 0x000000001747e000 DEOPT PACKING pc=0x00000000031ef830 sp=0x00000000179cef60
Event: 4.726 Thread 0x000000001747e000 DEOPT UNPACKING pc=0x000000000301556a sp=0x00000000179ceef8 mode 2


Dynamic libraries:
0x00007ff6d2bb0000 - 0x00007ff6d2be1000 	C:\Program Files\Android\Android Studio\jre\bin\java.exe
0x00007ffad9aa0000 - 0x00007ffad9c61000 	C:\WINDOWS\SYSTEM32\ntdll.dll
0x00007ffad7000000 - 0x00007ffad70ad000 	C:\WINDOWS\system32\KERNEL32.DLL
0x00007ffad6520000 - 0x00007ffad6708000 	C:\WINDOWS\system32\KERNELBASE.dll
0x00007ffad9430000 - 0x00007ffad94d7000 	C:\WINDOWS\system32\ADVAPI32.dll
0x00007ffad9130000 - 0x00007ffad91cd000 	C:\WINDOWS\system32\msvcrt.dll
0x00007ffad90d0000 - 0x00007ffad912b000 	C:\WINDOWS\system32\sechost.dll
0x00007ffad98b0000 - 0x00007ffad99cc000 	C:\WINDOWS\system32\RPCRT4.dll
0x00007ffad8ba0000 - 0x00007ffad8cf6000 	C:\WINDOWS\system32\USER32.dll
0x00007ffad92a0000 - 0x00007ffad9426000 	C:\WINDOWS\system32\GDI32.dll
0x00007ffacf3a0000 - 0x00007ffacf614000 	C:\WINDOWS\WinSxS\amd64_microsoft.windows.common-controls_6595b64144ccf1df_6.0.10586.672_none_a2d6b3cea53ff843\COMCTL32.dll
0x00007ffad9520000 - 0x00007ffad979d000 	C:\WINDOWS\system32\combase.dll
0x00007ffad63d0000 - 0x00007ffad643a000 	C:\WINDOWS\system32\bcryptPrimitives.dll
0x00007ffad94e0000 - 0x00007ffad951b000 	C:\WINDOWS\system32\IMM32.DLL
0x0000000065d40000 - 0x0000000065e12000 	C:\Program Files\Android\Android Studio\jre\jre\bin\msvcr100.dll
0x0000000065e20000 - 0x0000000066654000 	C:\Program Files\Android\Android Studio\jre\jre\bin\server\jvm.dll
0x00007ffad90b0000 - 0x00007ffad90b8000 	C:\WINDOWS\system32\PSAPI.DLL
0x00007ffad2d40000 - 0x00007ffad2d49000 	C:\WINDOWS\SYSTEM32\WSOCK32.dll
0x00007ffad34f0000 - 0x00007ffad3513000 	C:\WINDOWS\SYSTEM32\WINMM.dll
0x00007ffacd380000 - 0x00007ffacd38a000 	C:\WINDOWS\SYSTEM32\VERSION.dll
0x00007ffad3490000 - 0x00007ffad34bc000 	C:\WINDOWS\SYSTEM32\WINMMBASE.dll
0x00007ffad6440000 - 0x00007ffad6483000 	C:\WINDOWS\system32\cfgmgr32.dll
0x00007ffad9040000 - 0x00007ffad90ab000 	C:\WINDOWS\system32\WS2_32.dll
0x00007ffacf080000 - 0x00007ffacf08f000 	C:\Program Files\Android\Android Studio\jre\jre\bin\verify.dll
0x00007ffaca960000 - 0x00007ffaca989000 	C:\Program Files\Android\Android Studio\jre\jre\bin\java.dll
0x00007ffacefe0000 - 0x00007ffaceff6000 	C:\Program Files\Android\Android Studio\jre\jre\bin\zip.dll
0x00007ffad74f0000 - 0x00007ffad8a4c000 	C:\WINDOWS\system32\SHELL32.dll
0x00007ffad67d0000 - 0x00007ffad6e15000 	C:\WINDOWS\system32\windows.storage.dll
0x00007ffad91d0000 - 0x00007ffad9222000 	C:\WINDOWS\system32\shlwapi.dll
0x00007ffad6140000 - 0x00007ffad614f000 	C:\WINDOWS\system32\kernel.appcore.dll
0x00007ffad6710000 - 0x00007ffad67c5000 	C:\WINDOWS\system32\shcore.dll
0x00007ffad60f0000 - 0x00007ffad613b000 	C:\WINDOWS\system32\powrprof.dll
0x00007ffad60d0000 - 0x00007ffad60e4000 	C:\WINDOWS\system32\profapi.dll

VM Arguments:
jvm_args: -Djava.awt.headless=true -Xmx1024M -Dfile.encoding=windows-1252 -Duser.country=GB -Duser.language=en -Duser.variant 
java_command: com.android.dx.command.Main --dex --force-jumbo --num-threads=4 --multi-dex --output C:\Users\Thomas\AndroidStudioProjects\MrWhemps\app\build\intermediates\transforms\dex\debug\folders\1000\10\com.google.android.gms-play-services-basement-9.4.0_823c5257cbc4308c2adce0061ecc4ecb66600de1 C:\Users\Thomas\AndroidStudioProjects\MrWhemps\app\build\intermediates\exploded-aar\com.google.android.gms\play-services-basement\9.4.0\jars\classes.jar
java_class_path (initial): C:\Users\Thomas\AppData\Local\Android\sdk\build-tools\23.0.2\lib\dx.jar
Launcher Type: SUN_STANDARD

Environment Variables:
PATH=C:\Program Files (x86)\Intel\iCLS Client\;C:\Program Files\Intel\iCLS Client\;C:\Windows\system32;C:\Windows;C:\Windows\System32\Wbem;C:\Windows\System32\WindowsPowerShell\v1.0\;C:\Program Files (x86)\Intel\OpenCL SDK\2.0\bin\x86;C:\Program Files (x86)\Intel\OpenCL SDK\2.0\bin\x64;C:\Program Files\Intel\Intel(R) Management Engine Components\DAL;C:\Program Files\Intel\Intel(R) Management Engine Components\IPT;C:\Program Files (x86)\Intel\Intel(R) Management Engine Components\DAL;C:\Program Files (x86)\Intel\Intel(R) Management Engine Components\IPT;C:\Program Files (x86)\Windows Live\Shared;C:\Users\Thomas\AppData\Local\Smartbar\Application\;C:\WINDOWS\system32;C:\WINDOWS;C:\WINDOWS\System32\Wbem;C:\WINDOWS\System32\WindowsPowerShell\v1.0\;D:\Programs\bin;C:\Program Files\Microsoft SQL Server\110\Tools\Binn\;C:\Program Files\Microsoft SQL Server\120\Tools\Binn\;C:\Program Files\MiKTeX 2.9\miktex\bin\;C:\Program Files\MiKTeX 2.9\gs\gs8.71\bin\;C:\Program Files\Git\cmd;C:\Program Files (x86)\Skype\Phone\;C:\Program Files\Microsoft SQL Server\130\Tools\Binn\;C:\Program Files (x86)\Windows Kits\10\Windows Performance Toolkit\;C:\Program Files
USERNAME=Thomas
OS=Windows_NT
PROCESSOR_IDENTIFIER=Intel64 Family 6 Model 42 Stepping 7, GenuineIntel



---------------  S Y S T E M  ---------------

OS: Windows 10.0 , 64 bit Build 10586 (10.0.10586.589)

CPU:total 4 (2 cores per cpu, 2 threads per core) family 6 model 42 stepping 7, cmov, cx8, fxsr, mmx, sse, sse2, sse3, ssse3, sse4.1, sse4.2, popcnt, avx, clmul, ht, tsc, tscinvbit

Memory: 4k page, physical 4075172k(419576k free), swap 6565540k(3216k free)

vm_info: OpenJDK 64-Bit Server VM (25.76-b03) for windows-amd64 JRE (1.8.0_76-release-b03), built on Jun 29 2016 19:09:20 by "ralucas" with MS VC++ 10.0 (VS2010)

time: Sun Jan 15 13:16:34 2017
elapsed time: 4 seconds (0d 0h 0m 4s)

