#
# There is insufficient memory for the Java Runtime Environment to continue.
# Native memory allocation (malloc) failed to allocate 1048576 bytes for AllocateHeap
# Possible reasons:
#   The system is out of physical RAM or swap space
#   In 32 bit mode, the process size limit was hit
# Possible solutions:
#   Reduce memory load on the system
#   Increase physical memory or swap space
#   Check if swap backing store is full
#   Use 64 bit Java on a 64 bit OS
#   Decrease Java heap size (-Xmx/-Xms)
#   Decrease number of Java threads
#   Decrease Java thread stack sizes (-Xss)
#   Set larger code cache with -XX:ReservedCodeCacheSize=
# This output file may be truncated or incomplete.
#
#  Out of Memory Error (memory/allocation.inline.hpp:61), pid=3856, tid=0x0000000000000eec
#
# JRE version:  (8.0_112-b06) (build )
# Java VM: OpenJDK 64-Bit Server VM (25.112-b06 mixed mode windows-amd64 compressed oops)
# Failed to write core dump. Minidumps are not enabled by default on client versions of Windows
#

---------------  T H R E A D  ---------------

Current thread (0x0000000002dbd800):  JavaThread "Unknown thread" [_thread_in_vm, id=3820, stack(0x0000000002cb0000,0x0000000002db0000)]

Stack: [0x0000000002cb0000,0x0000000002db0000]
[error occurred during error reporting (printing stack bounds), id 0xc0000005]

Native frames: (J=compiled Java code, j=interpreted, Vv=VM code, C=native code)


---------------  P R O C E S S  ---------------

Java Threads: ( => current thread )

Other Threads:

=>0x0000000002dbd800 (exited) JavaThread "Unknown thread" [_thread_in_vm, id=3820, stack(0x0000000002cb0000,0x0000000002db0000)]

VM state:not at safepoint (normal execution)

VM Mutex/Monitor currently owned by a thread: None

Heap:
 PSYoungGen      total 18944K, used 327K [0x00000000eab00000, 0x00000000ec000000, 0x0000000100000000)
  eden space 16384K, 2% used [0x00000000eab00000,0x00000000eab51ec8,0x00000000ebb00000)
  from space 2560K, 0% used [0x00000000ebd80000,0x00000000ebd80000,0x00000000ec000000)
  to   space 2560K, 0% used [0x00000000ebb00000,0x00000000ebb00000,0x00000000ebd80000)
 ParOldGen       total 44032K, used 0K [0x00000000c0000000, 0x00000000c2b00000, 0x00000000eab00000)
  object space 44032K, 0% used [0x00000000c0000000,0x00000000c0000000,0x00000000c2b00000)
 Metaspace       used 772K, capacity 4480K, committed 4480K, reserved 1056768K
  class space    used 73K, capacity 384K, committed 384K, reserved 1048576K

Card table byte_map: [0x0000000012280000,0x0000000012490000] byte_map_base: 0x0000000011c80000

Marking Bits: (ParMarkBitMap*) 0x00000000560218f0
 Begin Bits: [0x00000000129f0000, 0x00000000139f0000)
 End Bits:   [0x00000000139f0000, 0x00000000149f0000)

Polling page: 0x0000000001000000

CodeCache: size=245760Kb used=328Kb max_used=328Kb free=245431Kb
 bounds [0x0000000002ec0000, 0x0000000003130000, 0x0000000011ec0000]
 total_blobs=57 nmethods=0 adapters=38
 compilation: enabled

Compilation events (0 events):
No events

GC Heap History (0 events):
No events

Deoptimization events (0 events):
No events

Internal exceptions (0 events):
No events

Events (10 events):
Event: 0.026 loading class java/lang/Short
Event: 0.026 loading class java/lang/Short done
Event: 0.026 loading class java/lang/Integer
Event: 0.026 loading class java/lang/Integer done
Event: 0.026 loading class java/lang/Long
Event: 0.026 loading class java/lang/Long done
Event: 0.027 loading class java/lang/NullPointerException
Event: 0.027 loading class java/lang/NullPointerException done
Event: 0.027 loading class java/lang/ArithmeticException
Event: 0.027 loading class java/lang/ArithmeticException done


Dynamic libraries:
0x00007ff6f9e60000 - 0x00007ff6f9e91000 	C:\Program Files\Android\Android Studio\jre\bin\java.exe
0x00007ffb52ea0000 - 0x00007ffb53061000 	C:\WINDOWS\SYSTEM32\ntdll.dll
0x00007ffb528f0000 - 0x00007ffb5299d000 	C:\WINDOWS\system32\KERNEL32.DLL
0x00007ffb4fed0000 - 0x00007ffb500b8000 	C:\WINDOWS\system32\KERNELBASE.dll
0x00007ffb52c60000 - 0x00007ffb52d07000 	C:\WINDOWS\system32\ADVAPI32.dll
0x00007ffb51a20000 - 0x00007ffb51abd000 	C:\WINDOWS\system32\msvcrt.dll
0x00007ffb502a0000 - 0x00007ffb502fb000 	C:\WINDOWS\system32\sechost.dll
0x00007ffb51f90000 - 0x00007ffb520ac000 	C:\WINDOWS\system32\RPCRT4.dll
0x00007ffb52790000 - 0x00007ffb528e6000 	C:\WINDOWS\system32\USER32.dll
0x00007ffb52ad0000 - 0x00007ffb52c57000 	C:\WINDOWS\system32\GDI32.dll
0x00007ffb49b90000 - 0x00007ffb49e04000 	C:\WINDOWS\WinSxS\amd64_microsoft.windows.common-controls_6595b64144ccf1df_6.0.10586.839_none_a2ddba30a539a2ae\COMCTL32.dll
0x00007ffb51ac0000 - 0x00007ffb51d3e000 	C:\WINDOWS\system32\combase.dll
0x00007ffb4fe60000 - 0x00007ffb4feca000 	C:\WINDOWS\system32\bcryptPrimitives.dll
0x00007ffb51f50000 - 0x00007ffb51f8b000 	C:\WINDOWS\system32\IMM32.DLL
0x0000000056930000 - 0x0000000056a02000 	C:\Program Files\Android\Android Studio\jre\jre\bin\msvcr100.dll
0x0000000055860000 - 0x000000005609c000 	C:\Program Files\Android\Android Studio\jre\jre\bin\server\jvm.dll
0x00007ffb52e90000 - 0x00007ffb52e98000 	C:\WINDOWS\system32\PSAPI.DLL
0x00007ffb4db90000 - 0x00007ffb4dbb3000 	C:\WINDOWS\SYSTEM32\WINMM.dll
0x00007ffb43cb0000 - 0x00007ffb43cb9000 	C:\WINDOWS\SYSTEM32\WSOCK32.dll
0x00007ffb520b0000 - 0x00007ffb5211b000 	C:\WINDOWS\system32\WS2_32.dll
0x00007ffb4ac60000 - 0x00007ffb4ac6a000 	C:\WINDOWS\SYSTEM32\VERSION.dll
0x00007ffb4da50000 - 0x00007ffb4da7c000 	C:\WINDOWS\SYSTEM32\WINMMBASE.dll
0x00007ffb50250000 - 0x00007ffb50293000 	C:\WINDOWS\system32\cfgmgr32.dll
0x00007ffb4cd30000 - 0x00007ffb4cd3f000 	C:\Program Files\Android\Android Studio\jre\jre\bin\verify.dll
0x00007ffb423e0000 - 0x00007ffb42409000 	C:\Program Files\Android\Android Studio\jre\jre\bin\java.dll
0x00007ffb462f0000 - 0x00007ffb46306000 	C:\Program Files\Android\Android Studio\jre\jre\bin\zip.dll

VM Arguments:
jvm_args: -Djava.awt.headless=true -Xmx1024M -Dfile.encoding=windows-1252 -Duser.country=GB -Duser.language=en -Duser.variant 
java_command: com.android.dx.command.Main --dex --num-threads=4 --multi-dex --output C:\Users\Thomas\AndroidStudioProjects\MrWhemps\app\build\intermediates\transforms\dex\debug\folders\1000\10\classes_7d1489c2eafbbec4de1fcd66b4a48351ba98a0f7 C:\Users\Thomas\.android\build-cache\ca26e87996c91ec2af206663873a62ecc258d857\output\jars\classes.jar
java_class_path (initial): C:\Users\Thomas\AppData\Local\Android\sdk\build-tools\25.0.0\lib\dx.jar
Launcher Type: SUN_STANDARD

Environment Variables:
PATH=C:\Program Files (x86)\Intel\iCLS Client\;C:\Program Files\Intel\iCLS Client\;C:\Windows\system32;C:\Windows;C:\Windows\System32\Wbem;C:\Windows\System32\WindowsPowerShell\v1.0\;C:\Program Files (x86)\Intel\OpenCL SDK\2.0\bin\x86;C:\Program Files (x86)\Intel\OpenCL SDK\2.0\bin\x64;C:\Program Files\Intel\Intel(R) Management Engine Components\DAL;C:\Program Files\Intel\Intel(R) Management Engine Components\IPT;C:\Program Files (x86)\Intel\Intel(R) Management Engine Components\DAL;C:\Program Files (x86)\Intel\Intel(R) Management Engine Components\IPT;C:\Program Files (x86)\Windows Live\Shared;C:\Users\Thomas\AppData\Local\Smartbar\Application\;C:\WINDOWS\system32;C:\WINDOWS;C:\WINDOWS\System32\Wbem;C:\WINDOWS\System32\WindowsPowerShell\v1.0\;C:\Program Files\Microsoft SQL Server\110\Tools\Binn\;C:\Program Files\Microsoft SQL Server\120\Tools\Binn\;C:\Program Files\MiKTeX 2.9\miktex\bin\;C:\Program Files\MiKTeX 2.9\gs\gs8.71\bin\;C:\Program Files\Git\cmd;C:\Program Files (x86)\Skype\Phone\;C:\Program Files\Microsoft SQL Server\130\Tools\Binn\;C:\Program Files (x86)\Windows Kits\10\Windows Performance Toolkit\;C:\Program Files
USERNAME=Thomas
OS=Windows_NT
PROCESSOR_IDENTIFIER=Intel64 Family 6 Model 42 Stepping 7, GenuineIntel



---------------  S Y S T E M  ---------------

OS: Windows 10.0 , 64 bit Build 10586 (10.0.10586.589)

CPU:total 4 (2 cores per cpu, 2 threads per core) family 6 model 42 stepping 7, cmov, cx8, fxsr, mmx, sse, sse2, sse3, ssse3, sse4.1, sse4.2, popcnt, avx, clmul, ht, tsc, tscinvbit

Memory: 4k page, physical 4075196k(314428k free), swap 6565564k(5764k free)

vm_info: OpenJDK 64-Bit Server VM (25.112-b06) for windows-amd64 JRE (1.8.0_112-release-b06), built on Dec  8 2016 00:54:26 by "builder" with MS VC++ 10.0 (VS2010)

time: Wed Sep 06 22:04:48 2017
elapsed time: 0 seconds (0d 0h 0m 0s)

