#
# There is insufficient memory for the Java Runtime Environment to continue.
# Native memory allocation (malloc) failed to allocate 411696 bytes for Chunk::new
# Possible reasons:
#   The system is out of physical RAM or swap space
#   In 32 bit mode, the process size limit was hit
# Possible solutions:
#   Reduce memory load on the system
#   Increase physical memory or swap space
#   Check if swap backing store is full
#   Use 64 bit Java on a 64 bit OS
#   Decrease Java heap size (-Xmx/-Xms)
#   Decrease number of Java threads
#   Decrease Java thread stack sizes (-Xss)
#   Set larger code cache with -XX:ReservedCodeCacheSize=
# This output file may be truncated or incomplete.
#
#  Out of Memory Error (allocation.cpp:390), pid=9916, tid=0x000000000000069c
#
# JRE version: OpenJDK Runtime Environment (8.0_76-b03) (build 1.8.0_76-release-b03)
# Java VM: OpenJDK 64-Bit Server VM (25.76-b03 mixed mode windows-amd64 compressed oops)
# Failed to write core dump. Minidumps are not enabled by default on client versions of Windows
#

---------------  T H R E A D  ---------------

Current thread (0x0000000014f4e800):  JavaThread "C2 CompilerThread1" daemon [_thread_in_native, id=1692, stack(0x0000000016680000,0x0000000016780000)]

Stack: [0x0000000016680000,0x0000000016780000]
[error occurred during error reporting (printing stack bounds), id 0xc0000005]

Native frames: (J=compiled Java code, j=interpreted, Vv=VM code, C=native code)


Current CompileTask:
C2:  12586 1697   !   4       com.android.dx.cf.cst.ConstantPoolParser::parse0 (731 bytes)


---------------  P R O C E S S  ---------------

Java Threads: ( => current thread )
  0x00000000169cd000 JavaThread "pool-2-thread-4" [_thread_in_Java, id=11820, stack(0x0000000017280000,0x0000000017380000)]
  0x00000000169cc800 JavaThread "pool-2-thread-3" [_thread_in_Java, id=13864, stack(0x0000000017180000,0x0000000017280000)]
  0x0000000016a71000 JavaThread "pool-2-thread-2" [_thread_in_Java, id=12180, stack(0x0000000017080000,0x0000000017180000)]
  0x0000000016a69000 JavaThread "pool-3-thread-1" [_thread_blocked, id=14004, stack(0x0000000016f80000,0x0000000017080000)]
  0x0000000016a6c000 JavaThread "pool-2-thread-1" [_thread_in_Java, id=11764, stack(0x0000000016e80000,0x0000000016f80000)]
  0x0000000016794000 JavaThread "Service Thread" daemon [_thread_blocked, id=5988, stack(0x0000000016c80000,0x0000000016d80000)]
  0x0000000016788800 JavaThread "C1 CompilerThread2" daemon [_thread_blocked, id=12636, stack(0x0000000016b80000,0x0000000016c80000)]
=>0x0000000014f4e800 JavaThread "C2 CompilerThread1" daemon [_thread_in_native, id=1692, stack(0x0000000016680000,0x0000000016780000)]
  0x0000000014f4b800 JavaThread "C2 CompilerThread0" daemon [_thread_in_native, id=960, stack(0x0000000016580000,0x0000000016680000)]
  0x0000000014f4a000 JavaThread "Attach Listener" daemon [_thread_blocked, id=13712, stack(0x0000000016480000,0x0000000016580000)]
  0x0000000014f49000 JavaThread "Signal Dispatcher" daemon [_thread_blocked, id=12308, stack(0x0000000016380000,0x0000000016480000)]
  0x0000000014f38800 JavaThread "Finalizer" daemon [_thread_blocked, id=7148, stack(0x00000000161a0000,0x00000000162a0000)]
  0x0000000002870800 JavaThread "Reference Handler" daemon [_thread_blocked, id=12484, stack(0x00000000160a0000,0x00000000161a0000)]
  0x0000000000a9d800 JavaThread "main" [_thread_in_Java, id=5856, stack(0x0000000002600000,0x0000000002700000)]

Other Threads:
  0x0000000014f15000 VMThread [stack: 0x0000000015fa0000,0x00000000160a0000] [id=7476]
  0x0000000016796000 WatcherThread [stack: 0x0000000016d80000,0x0000000016e80000] [id=9828]

VM state:not at safepoint (normal execution)

VM Mutex/Monitor currently owned by a thread: None

Heap:
 PSYoungGen      total 35328K, used 29481K [0x00000000eab00000, 0x00000000ef000000, 0x0000000100000000)
  eden space 32768K, 82% used [0x00000000eab00000,0x00000000ec552540,0x00000000ecb00000)
  from space 2560K, 98% used [0x00000000ecb00000,0x00000000ecd78048,0x00000000ecd80000)
  to   space 2560K, 0% used [0x00000000eed80000,0x00000000eed80000,0x00000000ef000000)
 ParOldGen       total 44032K, used 9245K [0x00000000c0000000, 0x00000000c2b00000, 0x00000000eab00000)
  object space 44032K, 20% used [0x00000000c0000000,0x00000000c09075b0,0x00000000c2b00000)
 Metaspace       used 6191K, capacity 7088K, committed 7296K, reserved 1056768K
  class space    used 573K, capacity 616K, committed 640K, reserved 1048576K

Card table byte_map: [0x0000000011c40000,0x0000000011e50000] byte_map_base: 0x0000000011640000

Marking Bits: (ParMarkBitMap*) 0x000000005c809d00
 Begin Bits: [0x00000000123b0000, 0x00000000133b0000)
 End Bits:   [0x00000000133b0000, 0x00000000143b0000)

Polling page: 0x0000000000a80000

CodeCache: size=245760Kb used=7807Kb max_used=7807Kb free=237952Kb
 bounds [0x0000000002880000, 0x0000000003030000, 0x0000000011880000]
 total_blobs=2013 nmethods=1745 adapters=181
 compilation: enabled

Compilation events (10 events):
Event: 12.533 Thread 0x0000000016788800 nmethod 1751 0x0000000003019550 code [0x0000000003019720, 0x0000000003019db8]
Event: 12.537 Thread 0x0000000016788800 1752       3       com.android.dx.dex.code.RopToDop::dopFor (792 bytes)
Event: 12.541 Thread 0x0000000016788800 nmethod 1752 0x000000000301a150 code [0x000000000301a5c0, 0x000000000301db48]
Event: 12.554 Thread 0x0000000016788800 1754       3       com.android.dx.rop.code.Rops::pickBinaryOp (158 bytes)
Event: 12.555 Thread 0x0000000016788800 nmethod 1754 0x000000000301ed50 code [0x000000000301efa0, 0x000000000301fe38]
Event: 12.558 Thread 0x0000000016788800 1755       3       com.android.dx.cf.direct.StdAttributeFactory::signature (94 bytes)
Event: 12.562 Thread 0x0000000016788800 nmethod 1755 0x0000000003020650 code [0x0000000003020ac0, 0x00000000030233a8]
Event: 12.567 Thread 0x0000000016788800 1756       3       com.android.dx.rop.cst.StdConstantPool::size (6 bytes)
Event: 12.567 Thread 0x0000000016788800 nmethod 1756 0x000000000300fe10 code [0x000000000300ff60, 0x00000000030100b0]
Event: 12.570 Thread 0x0000000016788800 1757       3       com.android.dx.cf.attrib.RawAttribute::<init> (17 bytes)

GC Heap History (6 events):
Event: 5.186 GC heap before
{Heap before GC invocations=1 (full 0):
 PSYoungGen      total 18944K, used 16384K [0x00000000eab00000, 0x00000000ec000000, 0x0000000100000000)
  eden space 16384K, 100% used [0x00000000eab00000,0x00000000ebb00000,0x00000000ebb00000)
  from space 2560K, 0% used [0x00000000ebd80000,0x00000000ebd80000,0x00000000ec000000)
  to   space 2560K, 0% used [0x00000000ebb00000,0x00000000ebb00000,0x00000000ebd80000)
 ParOldGen       total 44032K, used 0K [0x00000000c0000000, 0x00000000c2b00000, 0x00000000eab00000)
  object space 44032K, 0% used [0x00000000c0000000,0x00000000c0000000,0x00000000c2b00000)
 Metaspace       used 5646K, capacity 6640K, committed 6784K, reserved 1056768K
  class space    used 570K, capacity 616K, committed 640K, reserved 1048576K
Event: 5.378 GC heap after
Heap after GC invocations=1 (full 0):
 PSYoungGen      total 18944K, used 2548K [0x00000000eab00000, 0x00000000ed000000, 0x0000000100000000)
  eden space 16384K, 0% used [0x00000000eab00000,0x00000000eab00000,0x00000000ebb00000)
  from space 2560K, 99% used [0x00000000ebb00000,0x00000000ebd7d2e0,0x00000000ebd80000)
  to   space 2560K, 0% used [0x00000000ecd80000,0x00000000ecd80000,0x00000000ed000000)
 ParOldGen       total 44032K, used 1293K [0x00000000c0000000, 0x00000000c2b00000, 0x00000000eab00000)
  object space 44032K, 2% used [0x00000000c0000000,0x00000000c01436a0,0x00000000c2b00000)
 Metaspace       used 5646K, capacity 6640K, committed 6784K, reserved 1056768K
  class space    used 570K, capacity 616K, committed 640K, reserved 1048576K
}
Event: 7.056 GC heap before
{Heap before GC invocations=2 (full 0):
 PSYoungGen      total 18944K, used 18932K [0x00000000eab00000, 0x00000000ed000000, 0x0000000100000000)
  eden space 16384K, 100% used [0x00000000eab00000,0x00000000ebb00000,0x00000000ebb00000)
  from space 2560K, 99% used [0x00000000ebb00000,0x00000000ebd7d2e0,0x00000000ebd80000)
  to   space 2560K, 0% used [0x00000000ecd80000,0x00000000ecd80000,0x00000000ed000000)
 ParOldGen       total 44032K, used 1614K [0x00000000c0000000, 0x00000000c2b00000, 0x00000000eab00000)
  object space 44032K, 3% used [0x00000000c0000000,0x00000000c0193b68,0x00000000c2b00000)
 Metaspace       used 5950K, capacity 6896K, committed 7040K, reserved 1056768K
  class space    used 571K, capacity 616K, committed 640K, reserved 1048576K
Event: 7.082 GC heap after
Heap after GC invocations=2 (full 0):
 PSYoungGen      total 35328K, used 2535K [0x00000000eab00000, 0x00000000ed000000, 0x0000000100000000)
  eden space 32768K, 0% used [0x00000000eab00000,0x00000000eab00000,0x00000000ecb00000)
  from space 2560K, 99% used [0x00000000ecd80000,0x00000000ecff9c88,0x00000000ed000000)
  to   space 2560K, 0% used [0x00000000ecb00000,0x00000000ecb00000,0x00000000ecd80000)
 ParOldGen       total 44032K, used 3810K [0x00000000c0000000, 0x00000000c2b00000, 0x00000000eab00000)
  object space 44032K, 8% used [0x00000000c0000000,0x00000000c03b89d0,0x00000000c2b00000)
 Metaspace       used 5950K, capacity 6896K, committed 7040K, reserved 1056768K
  class space    used 571K, capacity 616K, committed 640K, reserved 1048576K
}
Event: 11.393 GC heap before
{Heap before GC invocations=3 (full 0):
 PSYoungGen      total 35328K, used 35303K [0x00000000eab00000, 0x00000000ed000000, 0x0000000100000000)
  eden space 32768K, 100% used [0x00000000eab00000,0x00000000ecb00000,0x00000000ecb00000)
  from space 2560K, 99% used [0x00000000ecd80000,0x00000000ecff9c88,0x00000000ed000000)
  to   space 2560K, 0% used [0x00000000ecb00000,0x00000000ecb00000,0x00000000ecd80000)
 ParOldGen       total 44032K, used 3811K [0x00000000c0000000, 0x00000000c2b00000, 0x00000000eab00000)
  object space 44032K, 8% used [0x00000000c0000000,0x00000000c03b8f48,0x00000000c2b00000)
 Metaspace       used 6166K, capacity 7088K, committed 7296K, reserved 1056768K
  class space    used 572K, capacity 616K, committed 640K, reserved 1048576K
Event: 11.470 GC heap after
Heap after GC invocations=3 (full 0):
 PSYoungGen      total 35328K, used 2528K [0x00000000eab00000, 0x00000000ef000000, 0x0000000100000000)
  eden space 32768K, 0% used [0x00000000eab00000,0x00000000eab00000,0x00000000ecb00000)
  from space 2560K, 98% used [0x00000000ecb00000,0x00000000ecd78048,0x00000000ecd80000)
  to   space 2560K, 0% used [0x00000000eed80000,0x00000000eed80000,0x00000000ef000000)
 ParOldGen       total 44032K, used 9245K [0x00000000c0000000, 0x00000000c2b00000, 0x00000000eab00000)
  object space 44032K, 20% used [0x00000000c0000000,0x00000000c09075b0,0x00000000c2b00000)
 Metaspace       used 6166K, capacity 7088K, committed 7296K, reserved 1056768K
  class space    used 572K, capacity 616K, committed 640K, reserved 1048576K
}

Deoptimization events (10 events):
Event: 11.560 Thread 0x0000000016a71000 Uncommon trap: reason=unstable_if action=reinterpret pc=0x0000000002d95184 method=java.util.BitSet.clone()Ljava/lang/Object; @ 4
Event: 12.485 Thread 0x0000000016a71000 Uncommon trap: reason=bimorphic action=maybe_recompile pc=0x0000000002f55e34 method=com.android.dx.cf.code.BytecodeArray.parseInstruction(ILcom/android/dx/cf/code/BytecodeArray$Visitor;)I @ 1501
Event: 12.485 Thread 0x0000000016a71000 Uncommon trap: reason=bimorphic action=maybe_recompile pc=0x0000000002f55b4c method=com.android.dx.cf.code.BytecodeArray.parseInstruction(ILcom/android/dx/cf/code/BytecodeArray$Visitor;)I @ 2135
Event: 12.486 Thread 0x0000000016a71000 Uncommon trap: reason=bimorphic action=maybe_recompile pc=0x0000000002f55b4c method=com.android.dx.cf.code.BytecodeArray.parseInstruction(ILcom/android/dx/cf/code/BytecodeArray$Visitor;)I @ 2135
Event: 12.486 Thread 0x0000000016a71000 Uncommon trap: reason=bimorphic action=maybe_recompile pc=0x0000000002f55e34 method=com.android.dx.cf.code.BytecodeArray.parseInstruction(ILcom/android/dx/cf/code/BytecodeArray$Visitor;)I @ 1501
Event: 12.505 Thread 0x0000000000a9d800 Uncommon trap: reason=unstable_if action=reinterpret pc=0x0000000002b8c680 method=java.lang.String.<init>([CII)V @ 18
Event: 12.509 Thread 0x0000000000a9d800 Uncommon trap: reason=unstable_if action=reinterpret pc=0x0000000002b3115c method=java.lang.String.<init>([CII)V @ 18
Event: 12.513 Thread 0x0000000016a71000 Uncommon trap: reason=unstable_if action=reinterpret pc=0x0000000002faf62c method=com.android.dx.ssa.InterferenceRegisterMapper.interferes(III)Z @ 69
Event: 12.530 Thread 0x00000000169cc800 Uncommon trap: reason=bimorphic action=maybe_recompile pc=0x0000000002d7c58c method=com.android.dx.ssa.LiteralOpUpgrader.tryReplacingWithConstant(Lcom/android/dx/ssa/NormalSsaInsn;)Z @ 52
Event: 12.530 Thread 0x00000000169cc800 Uncommon trap: reason=unstable_if action=reinterpret pc=0x0000000002e06614 method=com.android.dx.dex.code.RopToDop.dopFor(Lcom/android/dx/rop/code/Insn;)Lcom/android/dx/dex/code/Dop; @ 747

Internal exceptions (2 events):
Event: 0.105 Thread 0x0000000000a9d800 Exception <a 'java/lang/NoSuchMethodError': Method sun.misc.Unsafe.defineClass(Ljava/lang/String;[BII)Ljava/lang/Class; name or signature does not match> (0x00000000eab07cc0) thrown at [C:\src\android\AOSP-openjdk\external\jetbrains\jdk\hotspot\src\share\vxcXrr'»?
Event: 0.106 Thread 0x0000000000a9d800 Exception <a 'java/lang/NoSuchMethodError': Method sun.misc.Unsafe.prefetchRead(Ljava/lang/Object;J)V name or signature does not match> (0x00000000eab07fa8) thrown at [C:\src\android\AOSP-openjdk\external\jetbrains\jdk\hotspot\src\share\vm\prims\jni.cpp, l

Events (10 events):
Event: 12.509 Thread 0x0000000000a9d800 DEOPT UNPACKING pc=0x00000000028c556a sp=0x00000000026fe068 mode 2
Event: 12.513 Thread 0x0000000016a71000 Uncommon trap: trap_request=0xffffff65 fr.pc=0x0000000002faf62c
Event: 12.513 Thread 0x0000000016a71000 DEOPT PACKING pc=0x0000000002faf62c sp=0x000000001717e6c0
Event: 12.513 Thread 0x0000000016a71000 DEOPT UNPACKING pc=0x00000000028c556a sp=0x000000001717e650 mode 2
Event: 12.530 Thread 0x00000000169cc800 Uncommon trap: trap_request=0xffffffc6 fr.pc=0x0000000002d7c58c
Event: 12.530 Thread 0x00000000169cc800 DEOPT PACKING pc=0x0000000002d7c58c sp=0x000000001727e820
Event: 12.530 Thread 0x00000000169cc800 DEOPT UNPACKING pc=0x00000000028c556a sp=0x000000001727e7d0 mode 2
Event: 12.530 Thread 0x00000000169cc800 Uncommon trap: trap_request=0xffffff65 fr.pc=0x0000000002e06614
Event: 12.530 Thread 0x00000000169cc800 DEOPT PACKING pc=0x0000000002e06614 sp=0x000000001727e790
Event: 12.530 Thread 0x00000000169cc800 DEOPT UNPACKING pc=0x00000000028c556a sp=0x000000001727e730 mode 2


Dynamic libraries:
0x00007ff6c7d80000 - 0x00007ff6c7db1000 	C:\Program Files\Android\Android Studio\jre\bin\java.exe
0x00007ffd40960000 - 0x00007ffd40b21000 	C:\WINDOWS\SYSTEM32\ntdll.dll
0x00007ffd3e080000 - 0x00007ffd3e12d000 	C:\WINDOWS\system32\KERNEL32.DLL
0x00007ffd3dab0000 - 0x00007ffd3dc98000 	C:\WINDOWS\system32\KERNELBASE.dll
0x00007ffd40460000 - 0x00007ffd40507000 	C:\WINDOWS\system32\ADVAPI32.dll
0x00007ffd3e980000 - 0x00007ffd3ea1d000 	C:\WINDOWS\system32\msvcrt.dll
0x00007ffd3e8b0000 - 0x00007ffd3e90b000 	C:\WINDOWS\system32\sechost.dll
0x00007ffd3e130000 - 0x00007ffd3e24c000 	C:\WINDOWS\system32\RPCRT4.dll
0x00007ffd3df20000 - 0x00007ffd3e076000 	C:\WINDOWS\system32\USER32.dll
0x00007ffd3dd80000 - 0x00007ffd3df06000 	C:\WINDOWS\system32\GDI32.dll
0x00007ffd38ad0000 - 0x00007ffd38d44000 	C:\WINDOWS\WinSxS\amd64_microsoft.windows.common-controls_6595b64144ccf1df_6.0.10586.672_none_a2d6b3cea53ff843\COMCTL32.dll
0x00007ffd3e250000 - 0x00007ffd3e4cd000 	C:\WINDOWS\system32\combase.dll
0x00007ffd3d8b0000 - 0x00007ffd3d91a000 	C:\WINDOWS\system32\bcryptPrimitives.dll
0x00007ffd40510000 - 0x00007ffd4054b000 	C:\WINDOWS\system32\IMM32.DLL
0x000000005be90000 - 0x000000005bf62000 	C:\Program Files\Android\Android Studio\jre\jre\bin\msvcr100.dll
0x000000005c050000 - 0x000000005c884000 	C:\Program Files\Android\Android Studio\jre\jre\bin\server\jvm.dll
0x00007ffd3df10000 - 0x00007ffd3df18000 	C:\WINDOWS\system32\PSAPI.DLL
0x00007ffd39a80000 - 0x00007ffd39aa3000 	C:\WINDOWS\SYSTEM32\WINMM.dll
0x00007ffd32730000 - 0x00007ffd32739000 	C:\WINDOWS\SYSTEM32\WSOCK32.dll
0x00007ffd3e910000 - 0x00007ffd3e97b000 	C:\WINDOWS\system32\WS2_32.dll
0x00007ffd39a50000 - 0x00007ffd39a7c000 	C:\WINDOWS\SYSTEM32\WINMMBASE.dll
0x00007ffd3d920000 - 0x00007ffd3d963000 	C:\WINDOWS\system32\cfgmgr32.dll
0x00007ffd33a10000 - 0x00007ffd33a1a000 	C:\WINDOWS\SYSTEM32\VERSION.dll
0x00007ffd32260000 - 0x00007ffd3226f000 	C:\Program Files\Android\Android Studio\jre\jre\bin\verify.dll
0x00007ffd258d0000 - 0x00007ffd258f9000 	C:\Program Files\Android\Android Studio\jre\jre\bin\java.dll
0x00007ffd29330000 - 0x00007ffd29346000 	C:\Program Files\Android\Android Studio\jre\jre\bin\zip.dll
0x00007ffd3ef00000 - 0x00007ffd4045c000 	C:\WINDOWS\system32\SHELL32.dll
0x00007ffd3d090000 - 0x00007ffd3d6d5000 	C:\WINDOWS\system32\windows.storage.dll
0x00007ffd406d0000 - 0x00007ffd40722000 	C:\WINDOWS\system32\shlwapi.dll
0x00007ffd3d000000 - 0x00007ffd3d00f000 	C:\WINDOWS\system32\kernel.appcore.dll
0x00007ffd3dca0000 - 0x00007ffd3dd55000 	C:\WINDOWS\system32\shcore.dll
0x00007ffd3cfb0000 - 0x00007ffd3cffb000 	C:\WINDOWS\system32\powrprof.dll
0x00007ffd3cf90000 - 0x00007ffd3cfa4000 	C:\WINDOWS\system32\profapi.dll

VM Arguments:
jvm_args: -Djava.awt.headless=true -Xmx1024M -Dfile.encoding=windows-1252 -Duser.country=GB -Duser.language=en -Duser.variant 
java_command: com.android.dx.command.Main --dex --force-jumbo --num-threads=4 --multi-dex --output C:\Users\Thomas\AndroidStudioProjects\MrWhemps\app\build\intermediates\transforms\dex\debug\folders\1000\10\com.google.android.gms-play-services-contextmanager-9.4.0_115baf49fdf7e59f878e1b86d61a1e573b2b4113 C:\Users\Thomas\AndroidStudioProjects\MrWhemps\app\build\intermediates\exploded-aar\com.google.android.gms\play-services-contextmanager\9.4.0\jars\classes.jar
java_class_path (initial): C:\Users\Thomas\AppData\Local\Android\sdk\build-tools\23.0.2\lib\dx.jar
Launcher Type: SUN_STANDARD

Environment Variables:
PATH=C:\Program Files (x86)\Intel\iCLS Client\;C:\Program Files\Intel\iCLS Client\;C:\Windows\system32;C:\Windows;C:\Windows\System32\Wbem;C:\Windows\System32\WindowsPowerShell\v1.0\;C:\Program Files (x86)\Intel\OpenCL SDK\2.0\bin\x86;C:\Program Files (x86)\Intel\OpenCL SDK\2.0\bin\x64;C:\Program Files\Intel\Intel(R) Management Engine Components\DAL;C:\Program Files\Intel\Intel(R) Management Engine Components\IPT;C:\Program Files (x86)\Intel\Intel(R) Management Engine Components\DAL;C:\Program Files (x86)\Intel\Intel(R) Management Engine Components\IPT;C:\Program Files (x86)\Windows Live\Shared;C:\Users\Thomas\AppData\Local\Smartbar\Application\;C:\WINDOWS\system32;C:\WINDOWS;C:\WINDOWS\System32\Wbem;C:\WINDOWS\System32\WindowsPowerShell\v1.0\;D:\Programs\bin;C:\Program Files\Microsoft SQL Server\110\Tools\Binn\;C:\Program Files\Microsoft SQL Server\120\Tools\Binn\;C:\Program Files\MiKTeX 2.9\miktex\bin\;C:\Program Files\MiKTeX 2.9\gs\gs8.71\bin\;C:\Program Files\Git\cmd;C:\Program Files (x86)\Skype\Phone\;C:\Program Files\Microsoft SQL Server\130\Tools\Binn\;C:\Program Files (x86)\Windows Kits\10\Windows Performance Toolkit\;C:\Program Files
USERNAME=Thomas
OS=Windows_NT
PROCESSOR_IDENTIFIER=Intel64 Family 6 Model 42 Stepping 7, GenuineIntel



---------------  S Y S T E M  ---------------

OS: Windows 10.0 , 64 bit Build 10586 (10.0.10586.589)

CPU:total 4 (2 cores per cpu, 2 threads per core) family 6 model 42 stepping 7, cmov, cx8, fxsr, mmx, sse, sse2, sse3, ssse3, sse4.1, sse4.2, popcnt, avx, clmul, ht, tsc, tscinvbit

Memory: 4k page, physical 4075172k(310740k free), swap 6565536k(5344k free)

vm_info: OpenJDK 64-Bit Server VM (25.76-b03) for windows-amd64 JRE (1.8.0_76-release-b03), built on Jun 29 2016 19:09:20 by "ralucas" with MS VC++ 10.0 (VS2010)

time: Sun Jan 22 12:34:59 2017
elapsed time: 12 seconds (0d 0h 0m 12s)

