#
# There is insufficient memory for the Java Runtime Environment to continue.
# Native memory allocation (malloc) failed to allocate 32744 bytes for ChunkPool::allocate
# Possible reasons:
#   The system is out of physical RAM or swap space
#   In 32 bit mode, the process size limit was hit
# Possible solutions:
#   Reduce memory load on the system
#   Increase physical memory or swap space
#   Check if swap backing store is full
#   Use 64 bit Java on a 64 bit OS
#   Decrease Java heap size (-Xmx/-Xms)
#   Decrease number of Java threads
#   Decrease Java thread stack sizes (-Xss)
#   Set larger code cache with -XX:ReservedCodeCacheSize=
# This output file may be truncated or incomplete.
#
#  Out of Memory Error (allocation.cpp:273), pid=12136, tid=0x0000000000001ed8
#
# JRE version: OpenJDK Runtime Environment (8.0_76-b03) (build 1.8.0_76-release-b03)
# Java VM: OpenJDK 64-Bit Server VM (25.76-b03 mixed mode windows-amd64 compressed oops)
# Failed to write core dump. Minidumps are not enabled by default on client versions of Windows
#

---------------  T H R E A D  ---------------

Current thread (0x00000000165e0800):  JavaThread "C1 CompilerThread2" daemon [_thread_in_native, id=7896, stack(0x00000000169e0000,0x0000000016ae0000)]

Stack: [0x00000000169e0000,0x0000000016ae0000]
[error occurred during error reporting (printing stack bounds), id 0xc0000005]

Native frames: (J=compiled Java code, j=interpreted, Vv=VM code, C=native code)


Current CompileTask:
C1:   1120  214   !   3       com.android.dx.cf.cst.ConstantPoolParser::parse0 (731 bytes)


---------------  P R O C E S S  ---------------

Java Threads: ( => current thread )
  0x0000000016775000 JavaThread "pool-2-thread-3" [_thread_in_vm, id=8988, stack(0x0000000016fe0000,0x00000000170e0000)]
  0x0000000016746000 JavaThread "pool-2-thread-2" [_thread_in_vm, id=6404, stack(0x0000000016ee0000,0x0000000016fe0000)]
  0x0000000016733000 JavaThread "pool-3-thread-1" [_thread_blocked, id=7452, stack(0x0000000016de0000,0x0000000016ee0000)]
  0x00000000165fc800 JavaThread "Service Thread" daemon [_thread_blocked, id=13756, stack(0x0000000016ae0000,0x0000000016be0000)]
=>0x00000000165e0800 JavaThread "C1 CompilerThread2" daemon [_thread_in_native, id=7896, stack(0x00000000169e0000,0x0000000016ae0000)]
  0x0000000014d7a800 JavaThread "C2 CompilerThread1" daemon [_thread_blocked, id=1924, stack(0x00000000164e0000,0x00000000165e0000)]
  0x0000000014d8a000 JavaThread "C2 CompilerThread0" daemon [_thread_in_native, id=5128, stack(0x00000000163e0000,0x00000000164e0000)]
  0x0000000014d88800 JavaThread "Attach Listener" daemon [_thread_blocked, id=11524, stack(0x00000000162e0000,0x00000000163e0000)]
  0x0000000014d87800 JavaThread "Signal Dispatcher" daemon [_thread_blocked, id=3968, stack(0x00000000161e0000,0x00000000162e0000)]
  0x00000000026ac800 JavaThread "Finalizer" daemon [_thread_blocked, id=11764, stack(0x0000000016000000,0x0000000016100000)]
  0x00000000026a1800 JavaThread "Reference Handler" daemon [_thread_blocked, id=13744, stack(0x0000000015f00000,0x0000000016000000)]
  0x00000000024ad800 JavaThread "main" [_thread_blocked, id=1656, stack(0x00000000024b0000,0x00000000025b0000)]

Other Threads:
  0x0000000014d45000 VMThread [stack: 0x0000000015e00000,0x0000000015f00000] [id=3688]
  0x00000000165fe800 WatcherThread [stack: 0x0000000016be0000,0x0000000016ce0000] [id=6652]

VM state:synchronizing (normal execution)

VM Mutex/Monitor currently owned by a thread:  ([mutex/lock_event])
[0x00000000024acbd0] Threads_lock - owner thread: 0x0000000014d45000

Heap:
 PSYoungGen      total 18944K, used 6332K [0x00000000eab00000, 0x00000000ec000000, 0x0000000100000000)
  eden space 16384K, 38% used [0x00000000eab00000,0x00000000eb12f180,0x00000000ebb00000)
  from space 2560K, 0% used [0x00000000ebd80000,0x00000000ebd80000,0x00000000ec000000)
  to   space 2560K, 0% used [0x00000000ebb00000,0x00000000ebb00000,0x00000000ebd80000)
 ParOldGen       total 44032K, used 0K [0x00000000c0000000, 0x00000000c2b00000, 0x00000000eab00000)
  object space 44032K, 0% used [0x00000000c0000000,0x00000000c0000000,0x00000000c2b00000)
 Metaspace       used 4496K, capacity 5808K, committed 6016K, reserved 1056768K
  class space    used 490K, capacity 552K, committed 640K, reserved 1048576K

Card table byte_map: [0x0000000011a70000,0x0000000011c80000] byte_map_base: 0x0000000011470000

Marking Bits: (ParMarkBitMap*) 0x00000000665d9d00
 Begin Bits: [0x00000000121e0000, 0x00000000131e0000)
 End Bits:   [0x00000000131e0000, 0x00000000141e0000)

Polling page: 0x0000000002380000

CodeCache: size=245760Kb used=1472Kb max_used=1472Kb free=244287Kb
 bounds [0x00000000026b0000, 0x0000000002920000, 0x00000000116b0000]
 total_blobs=468 nmethods=213 adapters=169
 compilation: enabled

Compilation events (10 events):
Event: 1.044 Thread 0x00000000165e0800 nmethod 209 0x000000000281d850 code [0x000000000281da60, 0x000000000281e498]
Event: 1.044 Thread 0x00000000165e0800  210       3       java.util.BitSet::expandTo (23 bytes)
Event: 1.045 Thread 0x00000000165e0800 nmethod 210 0x000000000281e9d0 code [0x000000000281eb40, 0x000000000281ed28]
Event: 1.045 Thread 0x00000000165e0800  211       3       java.util.BitSet::nextSetBit (102 bytes)
Event: 1.047 Thread 0x00000000165e0800 nmethod 211 0x000000000281edd0 code [0x000000000281efe0, 0x000000000281fab8]
Event: 1.053 Thread 0x00000000165e0800  212       3       java.lang.ref.SoftReference::get (29 bytes)
Event: 1.054 Thread 0x00000000165e0800 nmethod 212 0x0000000002820050 code [0x00000000028201a0, 0x0000000002820390]
Event: 1.054 Thread 0x00000000165e0800  213       1       com.android.dx.rop.cst.CstString::isCategory2 (2 bytes)
Event: 1.054 Thread 0x00000000165e0800 nmethod 213 0x0000000002820410 code [0x0000000002820560, 0x0000000002820670]
Event: 1.055 Thread 0x00000000165e0800  214   !   3       com.android.dx.cf.cst.ConstantPoolParser::parse0 (731 bytes)

GC Heap History (0 events):
No events

Deoptimization events (1 events):
Event: 0.862 Thread 0x00000000024ad800 Uncommon trap: reason=unstable_if action=reinterpret pc=0x00000000027f02d4 method=java.lang.String.indexOf(II)I @ 49

Internal exceptions (2 events):
Event: 0.098 Thread 0x00000000024ad800 Exception <a 'java/lang/NoSuchMethodError': Method sun.misc.Unsafe.defineClass(Ljava/lang/String;[BII)Ljava/lang/Class; name or signature does not match> (0x00000000eab07cc0) thrown at [C:\src\android\AOSP-openjdk\external\jetbrains\jdk\hotspot\src\share\vå¢–ﬁπ?
Event: 0.098 Thread 0x00000000024ad800 Exception <a 'java/lang/NoSuchMethodError': Method sun.misc.Unsafe.prefetchRead(Ljava/lang/Object;J)V name or signature does not match> (0x00000000eab07fa8) thrown at [C:\src\android\AOSP-openjdk\external\jetbrains\jdk\hotspot\src\share\vm\prims\jni.cpp, l

Events (10 events):
Event: 1.054 loading class com/android/dx/ssa/PhiInsn$Visitor
Event: 1.054 loading class com/android/dx/ssa/PhiInsn$Visitor done
Event: 1.056 Thread 0x0000000016775000 Thread added: 0x0000000016775000
Event: 1.056 loading class java/util/HashMap$KeySet
Event: 1.056 loading class java/util/HashMap$KeySet done
Event: 1.056 loading class java/util/HashMap$KeyIterator
Event: 1.056 loading class java/util/HashMap$HashIterator
Event: 1.056 loading class java/util/HashMap$HashIterator done
Event: 1.056 loading class java/util/HashMap$KeyIterator done
Event: 1.058 Thread 0x0000000016715800 Thread exited: 0x0000000016715800


Dynamic libraries:
0x00007ff6d2bb0000 - 0x00007ff6d2be1000 	C:\Program Files\Android\Android Studio\jre\bin\java.exe
0x00007ffad9aa0000 - 0x00007ffad9c61000 	C:\WINDOWS\SYSTEM32\ntdll.dll
0x00007ffad7000000 - 0x00007ffad70ad000 	C:\WINDOWS\system32\KERNEL32.DLL
0x00007ffad6520000 - 0x00007ffad6708000 	C:\WINDOWS\system32\KERNELBASE.dll
0x00007ffad9430000 - 0x00007ffad94d7000 	C:\WINDOWS\system32\ADVAPI32.dll
0x00007ffad9130000 - 0x00007ffad91cd000 	C:\WINDOWS\system32\msvcrt.dll
0x00007ffad90d0000 - 0x00007ffad912b000 	C:\WINDOWS\system32\sechost.dll
0x00007ffad98b0000 - 0x00007ffad99cc000 	C:\WINDOWS\system32\RPCRT4.dll
0x00007ffad8ba0000 - 0x00007ffad8cf6000 	C:\WINDOWS\system32\USER32.dll
0x00007ffad92a0000 - 0x00007ffad9426000 	C:\WINDOWS\system32\GDI32.dll
0x00007ffacf3a0000 - 0x00007ffacf614000 	C:\WINDOWS\WinSxS\amd64_microsoft.windows.common-controls_6595b64144ccf1df_6.0.10586.672_none_a2d6b3cea53ff843\COMCTL32.dll
0x00007ffad9520000 - 0x00007ffad979d000 	C:\WINDOWS\system32\combase.dll
0x00007ffad63d0000 - 0x00007ffad643a000 	C:\WINDOWS\system32\bcryptPrimitives.dll
0x00007ffad94e0000 - 0x00007ffad951b000 	C:\WINDOWS\system32\IMM32.DLL
0x0000000065d40000 - 0x0000000065e12000 	C:\Program Files\Android\Android Studio\jre\jre\bin\msvcr100.dll
0x0000000065e20000 - 0x0000000066654000 	C:\Program Files\Android\Android Studio\jre\jre\bin\server\jvm.dll
0x00007ffad90b0000 - 0x00007ffad90b8000 	C:\WINDOWS\system32\PSAPI.DLL
0x00007ffad2d40000 - 0x00007ffad2d49000 	C:\WINDOWS\SYSTEM32\WSOCK32.dll
0x00007ffad9040000 - 0x00007ffad90ab000 	C:\WINDOWS\system32\WS2_32.dll
0x00007ffad34f0000 - 0x00007ffad3513000 	C:\WINDOWS\SYSTEM32\WINMM.dll
0x00007ffacd380000 - 0x00007ffacd38a000 	C:\WINDOWS\SYSTEM32\VERSION.dll
0x00007ffad3490000 - 0x00007ffad34bc000 	C:\WINDOWS\SYSTEM32\WINMMBASE.dll
0x00007ffad6440000 - 0x00007ffad6483000 	C:\WINDOWS\system32\cfgmgr32.dll
0x00007ffacf080000 - 0x00007ffacf08f000 	C:\Program Files\Android\Android Studio\jre\jre\bin\verify.dll
0x00007ffaca960000 - 0x00007ffaca989000 	C:\Program Files\Android\Android Studio\jre\jre\bin\java.dll
0x00007ffacefe0000 - 0x00007ffaceff6000 	C:\Program Files\Android\Android Studio\jre\jre\bin\zip.dll
0x00007ffad74f0000 - 0x00007ffad8a4c000 	C:\WINDOWS\system32\SHELL32.dll
0x00007ffad67d0000 - 0x00007ffad6e15000 	C:\WINDOWS\system32\windows.storage.dll
0x00007ffad91d0000 - 0x00007ffad9222000 	C:\WINDOWS\system32\shlwapi.dll
0x00007ffad6140000 - 0x00007ffad614f000 	C:\WINDOWS\system32\kernel.appcore.dll
0x00007ffad6710000 - 0x00007ffad67c5000 	C:\WINDOWS\system32\shcore.dll
0x00007ffad60f0000 - 0x00007ffad613b000 	C:\WINDOWS\system32\powrprof.dll
0x00007ffad60d0000 - 0x00007ffad60e4000 	C:\WINDOWS\system32\profapi.dll

VM Arguments:
jvm_args: -Djava.awt.headless=true -Xmx1024M -Dfile.encoding=windows-1252 -Duser.country=GB -Duser.language=en -Duser.variant 
java_command: com.android.dx.command.Main --dex --force-jumbo --num-threads=4 --multi-dex --output C:\Users\Thomas\AndroidStudioProjects\MrWhemps\app\build\intermediates\transforms\dex\debug\folders\1000\5\slice_9 C:\Users\Thomas\AndroidStudioProjects\MrWhemps\app\build\intermediates\transforms\instantRunSlicer\debug\folders\1\5\slice_9
java_class_path (initial): C:\Users\Thomas\AppData\Local\Android\sdk\build-tools\23.0.2\lib\dx.jar
Launcher Type: SUN_STANDARD

Environment Variables:
PATH=C:\Program Files (x86)\Intel\iCLS Client\;C:\Program Files\Intel\iCLS Client\;C:\Windows\system32;C:\Windows;C:\Windows\System32\Wbem;C:\Windows\System32\WindowsPowerShell\v1.0\;C:\Program Files (x86)\Intel\OpenCL SDK\2.0\bin\x86;C:\Program Files (x86)\Intel\OpenCL SDK\2.0\bin\x64;C:\Program Files\Intel\Intel(R) Management Engine Components\DAL;C:\Program Files\Intel\Intel(R) Management Engine Components\IPT;C:\Program Files (x86)\Intel\Intel(R) Management Engine Components\DAL;C:\Program Files (x86)\Intel\Intel(R) Management Engine Components\IPT;C:\Program Files (x86)\Windows Live\Shared;C:\Users\Thomas\AppData\Local\Smartbar\Application\;C:\WINDOWS\system32;C:\WINDOWS;C:\WINDOWS\System32\Wbem;C:\WINDOWS\System32\WindowsPowerShell\v1.0\;D:\Programs\bin;C:\Program Files\Microsoft SQL Server\110\Tools\Binn\;C:\Program Files\Microsoft SQL Server\120\Tools\Binn\;C:\Program Files\MiKTeX 2.9\miktex\bin\;C:\Program Files\MiKTeX 2.9\gs\gs8.71\bin\;C:\Program Files\Git\cmd;C:\Program Files (x86)\Skype\Phone\;C:\Program Files\Microsoft SQL Server\130\Tools\Binn\;C:\Program Files (x86)\Windows Kits\10\Windows Performance Toolkit\;C:\Program Files
USERNAME=Thomas
OS=Windows_NT
PROCESSOR_IDENTIFIER=Intel64 Family 6 Model 42 Stepping 7, GenuineIntel



---------------  S Y S T E M  ---------------

OS: Windows 10.0 , 64 bit Build 10586 (10.0.10586.589)

CPU:total 4 (2 cores per cpu, 2 threads per core) family 6 model 42 stepping 7, cmov, cx8, fxsr, mmx, sse, sse2, sse3, ssse3, sse4.1, sse4.2, popcnt, avx, clmul, ht, tsc, tscinvbit

Memory: 4k page, physical 4075172k(488372k free), swap 6565540k(2316k free)

vm_info: OpenJDK 64-Bit Server VM (25.76-b03) for windows-amd64 JRE (1.8.0_76-release-b03), built on Jun 29 2016 19:09:20 by "ralucas" with MS VC++ 10.0 (VS2010)

time: Sun Jan 15 13:26:41 2017
elapsed time: 1 seconds (0d 0h 0m 1s)

