#
# There is insufficient memory for the Java Runtime Environment to continue.
# Native memory allocation (malloc) failed to allocate 1011536 bytes for Chunk::new
# Possible reasons:
#   The system is out of physical RAM or swap space
#   In 32 bit mode, the process size limit was hit
# Possible solutions:
#   Reduce memory load on the system
#   Increase physical memory or swap space
#   Check if swap backing store is full
#   Use 64 bit Java on a 64 bit OS
#   Decrease Java heap size (-Xmx/-Xms)
#   Decrease number of Java threads
#   Decrease Java thread stack sizes (-Xss)
#   Set larger code cache with -XX:ReservedCodeCacheSize=
# This output file may be truncated or incomplete.
#
#  Out of Memory Error (allocation.cpp:390), pid=11156, tid=0x0000000000002ca4
#
# JRE version: OpenJDK Runtime Environment (8.0_76-b03) (build 1.8.0_76-release-b03)
# Java VM: OpenJDK 64-Bit Server VM (25.76-b03 mixed mode windows-amd64 compressed oops)
# Failed to write core dump. Minidumps are not enabled by default on client versions of Windows
#

---------------  T H R E A D  ---------------

Current thread (0x000000001532b800):  JavaThread "C2 CompilerThread0" daemon [_thread_in_native, id=11428, stack(0x0000000016970000,0x0000000016a70000)]

Stack: [0x0000000016970000,0x0000000016a70000]
[error occurred during error reporting (printing stack bounds), id 0xc0000005]

Native frames: (J=compiled Java code, j=interpreted, Vv=VM code, C=native code)


Current CompileTask:
C2:   7593 1512   !   4       com.android.dx.cf.code.RopperMachine::run (1550 bytes)


---------------  P R O C E S S  ---------------

Java Threads: ( => current thread )
  0x0000000016de3800 JavaThread "pool-2-thread-4" [_thread_blocked, id=7644, stack(0x0000000017670000,0x0000000017770000)]
  0x0000000016de2800 JavaThread "pool-2-thread-3" [_thread_in_Java, id=9712, stack(0x0000000017570000,0x0000000017670000)]
  0x0000000016de1000 JavaThread "pool-2-thread-2" [_thread_in_Java, id=552, stack(0x0000000017470000,0x0000000017570000)]
  0x0000000016ddb800 JavaThread "pool-3-thread-1" [_thread_blocked, id=2868, stack(0x0000000017370000,0x0000000017470000)]
  0x0000000016ddb000 JavaThread "pool-2-thread-1" [_thread_in_vm, id=7668, stack(0x0000000017270000,0x0000000017370000)]
  0x0000000016b7b800 JavaThread "Service Thread" daemon [_thread_blocked, id=4672, stack(0x0000000017070000,0x0000000017170000)]
  0x0000000016b78800 JavaThread "C1 CompilerThread2" daemon [_thread_blocked, id=4248, stack(0x0000000016f70000,0x0000000017070000)]
  0x000000001532e800 JavaThread "C2 CompilerThread1" daemon [_thread_in_native, id=1700, stack(0x0000000016a70000,0x0000000016b70000)]
=>0x000000001532b800 JavaThread "C2 CompilerThread0" daemon [_thread_in_native, id=11428, stack(0x0000000016970000,0x0000000016a70000)]
  0x000000001532a000 JavaThread "Attach Listener" daemon [_thread_blocked, id=2704, stack(0x0000000016870000,0x0000000016970000)]
  0x0000000015329000 JavaThread "Signal Dispatcher" daemon [_thread_blocked, id=10720, stack(0x0000000016770000,0x0000000016870000)]
  0x0000000002c56000 JavaThread "Finalizer" daemon [_thread_blocked, id=1884, stack(0x0000000016590000,0x0000000016690000)]
  0x00000000152f7000 JavaThread "Reference Handler" daemon [_thread_blocked, id=9572, stack(0x0000000016490000,0x0000000016590000)]
  0x00000000012bd800 JavaThread "main" [_thread_blocked, id=10136, stack(0x0000000002a60000,0x0000000002b60000)]

Other Threads:
  0x00000000152f5000 VMThread [stack: 0x0000000016390000,0x0000000016490000] [id=1448]
  0x0000000016b7d800 WatcherThread [stack: 0x0000000017170000,0x0000000017270000] [id=8988]

VM state:not at safepoint (normal execution)

VM Mutex/Monitor currently owned by a thread: None

Heap:
 PSYoungGen      total 18944K, used 15603K [0x00000000eab00000, 0x00000000ed000000, 0x0000000100000000)
  eden space 16384K, 79% used [0x00000000eab00000,0x00000000eb7c4e50,0x00000000ebb00000)
  from space 2560K, 98% used [0x00000000ebb00000,0x00000000ebd78018,0x00000000ebd80000)
  to   space 2560K, 0% used [0x00000000ecd80000,0x00000000ecd80000,0x00000000ed000000)
 ParOldGen       total 44032K, used 6694K [0x00000000c0000000, 0x00000000c2b00000, 0x00000000eab00000)
  object space 44032K, 15% used [0x00000000c0000000,0x00000000c0689858,0x00000000c2b00000)
 Metaspace       used 6101K, capacity 7024K, committed 7296K, reserved 1056768K
  class space    used 571K, capacity 616K, committed 640K, reserved 1048576K

Card table byte_map: [0x0000000012020000,0x0000000012230000] byte_map_base: 0x0000000011a20000

Marking Bits: (ParMarkBitMap*) 0x000000005e1a9d00
 Begin Bits: [0x0000000012790000, 0x0000000013790000)
 End Bits:   [0x0000000013790000, 0x0000000014790000)

Polling page: 0x00000000009f0000

CodeCache: size=245760Kb used=6624Kb max_used=6624Kb free=239135Kb
 bounds [0x0000000002c60000, 0x00000000032e0000, 0x0000000011c60000]
 total_blobs=1797 nmethods=1530 adapters=181
 compilation: enabled

Compilation events (10 events):
Event: 7.523 Thread 0x0000000016b78800 1529       1       com.android.dx.cf.code.ByteCatchList$Item::getStartPc (5 bytes)
Event: 7.523 Thread 0x0000000016b78800 nmethod 1529 0x00000000032c3410 code [0x00000000032c3560, 0x00000000032c3670]
Event: 7.523 Thread 0x0000000016b78800 1530       1       com.android.dx.cf.code.ByteCatchList$Item::getEndPc (5 bytes)
Event: 7.524 Thread 0x0000000016b78800 nmethod 1530 0x00000000032b57d0 code [0x00000000032b5920, 0x00000000032b5a30]
Event: 7.534 Thread 0x0000000016b78800 1531       3       com.android.dx.command.dexer.Main::access$1600 (4 bytes)
Event: 7.535 Thread 0x0000000016b78800 nmethod 1531 0x00000000032c0650 code [0x00000000032c07a0, 0x00000000032c08f0]
Event: 7.538 Thread 0x0000000016b78800 1532       3       com.android.dx.rop.cst.CstLiteral64::equals (36 bytes)
Event: 7.538 Thread 0x0000000016b78800 nmethod 1532 0x00000000032d2750 code [0x00000000032d28c0, 0x00000000032d2d30]
Event: 7.542 Thread 0x0000000016b78800 1534       3       com.android.dx.ssa.back.FirstFitLocalCombiningAllocator::access$100 (5 bytes)
Event: 7.543 Thread 0x0000000016b78800 nmethod 1534 0x00000000032b2190 code [0x00000000032b2300, 0x00000000032b24f0]

GC Heap History (6 events):
Event: 3.150 GC heap before
{Heap before GC invocations=1 (full 0):
 PSYoungGen      total 18944K, used 16384K [0x00000000eab00000, 0x00000000ec000000, 0x0000000100000000)
  eden space 16384K, 100% used [0x00000000eab00000,0x00000000ebb00000,0x00000000ebb00000)
  from space 2560K, 0% used [0x00000000ebd80000,0x00000000ebd80000,0x00000000ec000000)
  to   space 2560K, 0% used [0x00000000ebb00000,0x00000000ebb00000,0x00000000ebd80000)
 ParOldGen       total 44032K, used 0K [0x00000000c0000000, 0x00000000c2b00000, 0x00000000eab00000)
  object space 44032K, 0% used [0x00000000c0000000,0x00000000c0000000,0x00000000c2b00000)
 Metaspace       used 5650K, capacity 6704K, committed 6784K, reserved 1056768K
  class space    used 567K, capacity 616K, committed 640K, reserved 1048576K
Event: 3.164 GC heap after
Heap after GC invocations=1 (full 0):
 PSYoungGen      total 18944K, used 2554K [0x00000000eab00000, 0x00000000ec000000, 0x0000000100000000)
  eden space 16384K, 0% used [0x00000000eab00000,0x00000000eab00000,0x00000000ebb00000)
  from space 2560K, 99% used [0x00000000ebb00000,0x00000000ebd7ea98,0x00000000ebd80000)
  to   space 2560K, 0% used [0x00000000ebd80000,0x00000000ebd80000,0x00000000ec000000)
 ParOldGen       total 44032K, used 1461K [0x00000000c0000000, 0x00000000c2b00000, 0x00000000eab00000)
  object space 44032K, 3% used [0x00000000c0000000,0x00000000c016d730,0x00000000c2b00000)
 Metaspace       used 5650K, capacity 6704K, committed 6784K, reserved 1056768K
  class space    used 567K, capacity 616K, committed 640K, reserved 1048576K
}
Event: 4.475 GC heap before
{Heap before GC invocations=2 (full 0):
 PSYoungGen      total 18944K, used 18938K [0x00000000eab00000, 0x00000000ec000000, 0x0000000100000000)
  eden space 16384K, 100% used [0x00000000eab00000,0x00000000ebb00000,0x00000000ebb00000)
  from space 2560K, 99% used [0x00000000ebb00000,0x00000000ebd7ea98,0x00000000ebd80000)
  to   space 2560K, 0% used [0x00000000ebd80000,0x00000000ebd80000,0x00000000ec000000)
 ParOldGen       total 44032K, used 1461K [0x00000000c0000000, 0x00000000c2b00000, 0x00000000eab00000)
  object space 44032K, 3% used [0x00000000c0000000,0x00000000c016d730,0x00000000c2b00000)
 Metaspace       used 5962K, capacity 6960K, committed 7040K, reserved 1056768K
  class space    used 570K, capacity 616K, committed 640K, reserved 1048576K
Event: 4.861 GC heap after
Heap after GC invocations=2 (full 0):
 PSYoungGen      total 18944K, used 2528K [0x00000000eab00000, 0x00000000ed000000, 0x0000000100000000)
  eden space 16384K, 0% used [0x00000000eab00000,0x00000000eab00000,0x00000000ebb00000)
  from space 2560K, 98% used [0x00000000ebd80000,0x00000000ebff8038,0x00000000ec000000)
  to   space 2560K, 0% used [0x00000000ebb00000,0x00000000ebb00000,0x00000000ebd80000)
 ParOldGen       total 44032K, used 4053K [0x00000000c0000000, 0x00000000c2b00000, 0x00000000eab00000)
  object space 44032K, 9% used [0x00000000c0000000,0x00000000c03f55d0,0x00000000c2b00000)
 Metaspace       used 5962K, capacity 6960K, committed 7040K, reserved 1056768K
  class space    used 570K, capacity 616K, committed 640K, reserved 1048576K
}
Event: 6.338 GC heap before
{Heap before GC invocations=3 (full 0):
 PSYoungGen      total 18944K, used 18912K [0x00000000eab00000, 0x00000000ed000000, 0x0000000100000000)
  eden space 16384K, 100% used [0x00000000eab00000,0x00000000ebb00000,0x00000000ebb00000)
  from space 2560K, 98% used [0x00000000ebd80000,0x00000000ebff8038,0x00000000ec000000)
  to   space 2560K, 0% used [0x00000000ebb00000,0x00000000ebb00000,0x00000000ebd80000)
 ParOldGen       total 44032K, used 4053K [0x00000000c0000000, 0x00000000c2b00000, 0x00000000eab00000)
  object space 44032K, 9% used [0x00000000c0000000,0x00000000c03f55d0,0x00000000c2b00000)
 Metaspace       used 6006K, capacity 6960K, committed 7040K, reserved 1056768K
  class space    used 571K, capacity 616K, committed 640K, reserved 1048576K
Event: 6.718 GC heap after
Heap after GC invocations=3 (full 0):
 PSYoungGen      total 18944K, used 2528K [0x00000000eab00000, 0x00000000ed000000, 0x0000000100000000)
  eden space 16384K, 0% used [0x00000000eab00000,0x00000000eab00000,0x00000000ebb00000)
  from space 2560K, 98% used [0x00000000ebb00000,0x00000000ebd78018,0x00000000ebd80000)
  to   space 2560K, 0% used [0x00000000ecd80000,0x00000000ecd80000,0x00000000ed000000)
 ParOldGen       total 44032K, used 6694K [0x00000000c0000000, 0x00000000c2b00000, 0x00000000eab00000)
  object space 44032K, 15% used [0x00000000c0000000,0x00000000c0689858,0x00000000c2b00000)
 Metaspace       used 6006K, capacity 6960K, committed 7040K, reserved 1056768K
  class space    used 571K, capacity 616K, committed 640K, reserved 1048576K
}

Deoptimization events (9 events):
Event: 2.515 Thread 0x0000000016de1000 Uncommon trap: reason=unstable_if action=reinterpret pc=0x0000000002e89e4c method=java.util.HashMap.getNode(ILjava/lang/Object;)Ljava/util/HashMap$Node; @ 129
Event: 4.383 Thread 0x0000000016de1000 Uncommon trap: reason=class_check action=maybe_recompile pc=0x0000000002f43eb4 method=com.android.dx.ssa.NormalSsaInsn.accept(Lcom/android/dx/ssa/SsaInsn$Visitor;)V @ 9
Event: 4.922 Thread 0x00000000012bd800 Uncommon trap: reason=null_check action=make_not_entrant pc=0x0000000002f501e0 method=com.android.dx.rop.type.Type.equals(Ljava/lang/Object;)Z @ 8
Event: 4.938 Thread 0x00000000012bd800 Uncommon trap: reason=class_check action=maybe_recompile pc=0x0000000002f43eb4 method=com.android.dx.ssa.NormalSsaInsn.accept(Lcom/android/dx/ssa/SsaInsn$Visitor;)V @ 9
Event: 4.946 Thread 0x00000000012bd800 Uncommon trap: reason=class_check action=maybe_recompile pc=0x0000000002f43eb4 method=com.android.dx.ssa.NormalSsaInsn.accept(Lcom/android/dx/ssa/SsaInsn$Visitor;)V @ 9
Event: 4.972 Thread 0x0000000016de1000 Uncommon trap: reason=class_check action=maybe_recompile pc=0x0000000002f43eb4 method=com.android.dx.ssa.NormalSsaInsn.accept(Lcom/android/dx/ssa/SsaInsn$Visitor;)V @ 9
Event: 5.286 Thread 0x00000000012bd800 Uncommon trap: reason=unloaded action=reinterpret pc=0x000000000317ba7c method=com.android.dx.cf.cst.ConstantPoolParser.parse0(ILjava/util/BitSet;)Lcom/android/dx/rop/cst/Constant; @ 198
Event: 5.326 Thread 0x0000000016de1000 Uncommon trap: reason=class_check action=maybe_recompile pc=0x0000000002ecb970 method=com.android.dx.ssa.NormalSsaInsn.accept(Lcom/android/dx/ssa/SsaInsn$Visitor;)V @ 9
Event: 5.393 Thread 0x0000000016ddb000 Uncommon trap: reason=uninitialized action=reinterpret pc=0x000000000311fc3c method=com.android.dx.cf.code.BytecodeArray.parseInstruction(ILcom/android/dx/cf/code/BytecodeArray$Visitor;)I @ 999

Internal exceptions (3 events):
Event: 0.400 Thread 0x00000000012bd800 Exception <a 'java/lang/NoSuchMethodError': Method sun.misc.Unsafe.defineClass(Ljava/lang/String;[BII)Ljava/lang/Class; name or signature does not match> (0x00000000eab07cc0) thrown at [C:\src\android\AOSP-openjdk\external\jetbrains\jdk\hotspot\src\share\v¢~çmûŸÙ?
Event: 0.400 Thread 0x00000000012bd800 Exception <a 'java/lang/NoSuchMethodError': Method sun.misc.Unsafe.prefetchRead(Ljava/lang/Object;J)V name or signature does not match> (0x00000000eab07fa8) thrown at [C:\src\android\AOSP-openjdk\external\jetbrains\jdk\hotspot\src\share\vm\prims\jni.cpp, l«crc°@
Event: 4.922 Thread 0x00000000012bd800 Implicit null exception at 0x0000000002f500e2 to 0x0000000002f501d2

Events (10 events):
Event: 5.326 Thread 0x0000000016de1000 Uncommon trap: trap_request=0xffffffde fr.pc=0x0000000002ecb970
Event: 5.326 Thread 0x0000000016de1000 DEOPT PACKING pc=0x0000000002ecb970 sp=0x000000001756e530
Event: 5.326 Thread 0x0000000016de1000 DEOPT UNPACKING pc=0x0000000002ca556a sp=0x000000001756e4c0 mode 2
Event: 5.393 Thread 0x0000000016ddb000 Uncommon trap: trap_request=0xffffffb5 fr.pc=0x000000000311fc3c
Event: 5.393 Thread 0x0000000016ddb000 DEOPT PACKING pc=0x000000000311fc3c sp=0x000000001736e870
Event: 5.393 Thread 0x0000000016ddb000 DEOPT UNPACKING pc=0x0000000002ca556a sp=0x000000001736e7f0 mode 2
Event: 6.337 Executing VM operation: ParallelGCFailedAllocation
Event: 6.718 Executing VM operation: ParallelGCFailedAllocation done
Event: 6.800 Thread 0x00000000012bd800 DEOPT PACKING pc=0x0000000002fc0253 sp=0x0000000002b5e370
Event: 6.800 Thread 0x00000000012bd800 DEOPT UNPACKING pc=0x0000000002ca75bf sp=0x0000000002b5e138 mode 0


Dynamic libraries:
0x00007ff6091e0000 - 0x00007ff609211000 	C:\Program Files\Android\Android Studio\jre\bin\java.exe
0x00007fff314c0000 - 0x00007fff31681000 	C:\WINDOWS\SYSTEM32\ntdll.dll
0x00007fff2eaa0000 - 0x00007fff2eb4d000 	C:\WINDOWS\system32\KERNEL32.DLL
0x00007fff2e030000 - 0x00007fff2e218000 	C:\WINDOWS\system32\KERNELBASE.dll
0x00007fff30780000 - 0x00007fff30827000 	C:\WINDOWS\system32\ADVAPI32.dll
0x00007fff31140000 - 0x00007fff311dd000 	C:\WINDOWS\system32\msvcrt.dll
0x00007fff30b70000 - 0x00007fff30bcb000 	C:\WINDOWS\system32\sechost.dll
0x00007fff2e8c0000 - 0x00007fff2e9dc000 	C:\WINDOWS\system32\RPCRT4.dll
0x00007fff2ef80000 - 0x00007fff2f0d6000 	C:\WINDOWS\system32\USER32.dll
0x00007fff30fb0000 - 0x00007fff31136000 	C:\WINDOWS\system32\GDI32.dll
0x00007fff257a0000 - 0x00007fff25a14000 	C:\WINDOWS\WinSxS\amd64_microsoft.windows.common-controls_6595b64144ccf1df_6.0.10586.672_none_a2d6b3cea53ff843\COMCTL32.dll
0x00007fff30bd0000 - 0x00007fff30e4d000 	C:\WINDOWS\system32\combase.dll
0x00007fff2dc60000 - 0x00007fff2dcca000 	C:\WINDOWS\system32\bcryptPrimitives.dll
0x00007fff30980000 - 0x00007fff309bb000 	C:\WINDOWS\system32\IMM32.DLL
0x000000005eea0000 - 0x000000005ef72000 	C:\Program Files\Android\Android Studio\jre\jre\bin\msvcr100.dll
0x000000005d9f0000 - 0x000000005e224000 	C:\Program Files\Android\Android Studio\jre\jre\bin\server\jvm.dll
0x00007fff30660000 - 0x00007fff30668000 	C:\WINDOWS\system32\PSAPI.DLL
0x00007fff1ce30000 - 0x00007fff1ce39000 	C:\WINDOWS\SYSTEM32\WSOCK32.dll
0x00007fff30aa0000 - 0x00007fff30b0b000 	C:\WINDOWS\system32\WS2_32.dll
0x00007fff2bd30000 - 0x00007fff2bd53000 	C:\WINDOWS\SYSTEM32\WINMM.dll
0x00007fff242a0000 - 0x00007fff242aa000 	C:\WINDOWS\SYSTEM32\VERSION.dll
0x00007fff2bd00000 - 0x00007fff2bd2c000 	C:\WINDOWS\SYSTEM32\WINMMBASE.dll
0x00007fff2e220000 - 0x00007fff2e263000 	C:\WINDOWS\system32\cfgmgr32.dll
0x00007fff2af00000 - 0x00007fff2af0f000 	C:\Program Files\Android\Android Studio\jre\jre\bin\verify.dll
0x00007fff2ad20000 - 0x00007fff2ad49000 	C:\Program Files\Android\Android Studio\jre\jre\bin\java.dll
0x00007fff2aee0000 - 0x00007fff2aef6000 	C:\Program Files\Android\Android Studio\jre\jre\bin\zip.dll
0x00007fff2f0e0000 - 0x00007fff3063c000 	C:\WINDOWS\system32\SHELL32.dll
0x00007fff2e270000 - 0x00007fff2e8b5000 	C:\WINDOWS\system32\windows.storage.dll
0x00007fff312b0000 - 0x00007fff31302000 	C:\WINDOWS\system32\shlwapi.dll
0x00007fff2db30000 - 0x00007fff2db3f000 	C:\WINDOWS\system32\kernel.appcore.dll
0x00007fff2dcd0000 - 0x00007fff2dd85000 	C:\WINDOWS\system32\shcore.dll
0x00007fff2dae0000 - 0x00007fff2db2b000 	C:\WINDOWS\system32\powrprof.dll
0x00007fff2db50000 - 0x00007fff2db64000 	C:\WINDOWS\system32\profapi.dll

VM Arguments:
jvm_args: -Djava.awt.headless=true -Xmx1024M -Dfile.encoding=windows-1252 -Duser.country=GB -Duser.language=en -Duser.variant 
java_command: com.android.dx.command.Main --dex --force-jumbo --num-threads=4 --multi-dex --output C:\Users\Thomas\AndroidStudioProjects\MrWhemps\app\build\intermediates\transforms\dex\debug\folders\1000\10\com.google.android.gms-play-services-tagmanager-9.4.0_57e34390e62a7ce11b853ce97487789512a54169 C:\Users\Thomas\AndroidStudioProjects\MrWhemps\app\build\intermediates\exploded-aar\com.google.android.gms\play-services-tagmanager\9.4.0\jars\classes.jar
java_class_path (initial): C:\Users\Thomas\AppData\Local\Android\sdk\build-tools\23.0.2\lib\dx.jar
Launcher Type: SUN_STANDARD

Environment Variables:
PATH=C:\Program Files (x86)\Intel\iCLS Client\;C:\Program Files\Intel\iCLS Client\;C:\Windows\system32;C:\Windows;C:\Windows\System32\Wbem;C:\Windows\System32\WindowsPowerShell\v1.0\;C:\Program Files (x86)\Intel\OpenCL SDK\2.0\bin\x86;C:\Program Files (x86)\Intel\OpenCL SDK\2.0\bin\x64;C:\Program Files\Intel\Intel(R) Management Engine Components\DAL;C:\Program Files\Intel\Intel(R) Management Engine Components\IPT;C:\Program Files (x86)\Intel\Intel(R) Management Engine Components\DAL;C:\Program Files (x86)\Intel\Intel(R) Management Engine Components\IPT;C:\Program Files (x86)\Windows Live\Shared;C:\Users\Thomas\AppData\Local\Smartbar\Application\;C:\WINDOWS\system32;C:\WINDOWS;C:\WINDOWS\System32\Wbem;C:\WINDOWS\System32\WindowsPowerShell\v1.0\;D:\Programs\bin;C:\Program Files\Microsoft SQL Server\110\Tools\Binn\;C:\Program Files\Microsoft SQL Server\120\Tools\Binn\;C:\Program Files\MiKTeX 2.9\miktex\bin\;C:\Program Files\MiKTeX 2.9\gs\gs8.71\bin\;C:\Program Files\Git\cmd;C:\Program Files (x86)\Skype\Phone\;C:\Program Files\Microsoft SQL Server\130\Tools\Binn\;C:\Program Files (x86)\Windows Kits\10\Windows Performance Toolkit\;C:\Program Files
USERNAME=Thomas
OS=Windows_NT
PROCESSOR_IDENTIFIER=Intel64 Family 6 Model 42 Stepping 7, GenuineIntel



---------------  S Y S T E M  ---------------

OS: Windows 10.0 , 64 bit Build 10586 (10.0.10586.589)

CPU:total 4 (2 cores per cpu, 2 threads per core) family 6 model 42 stepping 7, cmov, cx8, fxsr, mmx, sse, sse2, sse3, ssse3, sse4.1, sse4.2, popcnt, avx, clmul, ht, tsc, tscinvbit

Memory: 4k page, physical 4075172k(235240k free), swap 6565540k(6656k free)

vm_info: OpenJDK 64-Bit Server VM (25.76-b03) for windows-amd64 JRE (1.8.0_76-release-b03), built on Jun 29 2016 19:09:20 by "ralucas" with MS VC++ 10.0 (VS2010)

time: Sun Jan 01 16:27:02 2017
elapsed time: 7 seconds (0d 0h 0m 7s)

