#
# There is insufficient memory for the Java Runtime Environment to continue.
# Native memory allocation (malloc) failed to allocate 41456 bytes for Chunk::new
# Possible reasons:
#   The system is out of physical RAM or swap space
#   In 32 bit mode, the process size limit was hit
# Possible solutions:
#   Reduce memory load on the system
#   Increase physical memory or swap space
#   Check if swap backing store is full
#   Use 64 bit Java on a 64 bit OS
#   Decrease Java heap size (-Xmx/-Xms)
#   Decrease number of Java threads
#   Decrease Java thread stack sizes (-Xss)
#   Set larger code cache with -XX:ReservedCodeCacheSize=
# This output file may be truncated or incomplete.
#
#  Out of Memory Error (allocation.cpp:390), pid=1112, tid=0x0000000000001ea0
#
# JRE version: OpenJDK Runtime Environment (8.0_112-b06) (build 1.8.0_112-release-b06)
# Java VM: OpenJDK 64-Bit Server VM (25.112-b06 mixed mode windows-amd64 compressed oops)
# Failed to write core dump. Minidumps are not enabled by default on client versions of Windows
#

---------------  T H R E A D  ---------------

Current thread (0x000000001c4ee000):  JavaThread "C2 CompilerThread1" daemon [_thread_in_native, id=7840, stack(0x000000001db20000,0x000000001dc20000)]

Stack: [0x000000001db20000,0x000000001dc20000]
[error occurred during error reporting (printing stack bounds), id 0xc0000005]

Native frames: (J=compiled Java code, j=interpreted, Vv=VM code, C=native code)


Current CompileTask:
C2:  31349 2517       4       com.android.dx.dex.file.DexFile::findItemOrNull (66 bytes)


---------------  P R O C E S S  ---------------

Java Threads: ( => current thread )
  0x000000001df28800 JavaThread "pool-1-thread-1" [_thread_in_Java, id=508, stack(0x000000001fff0000,0x00000000200f0000)]
  0x000000001c517000 JavaThread "Service Thread" daemon [_thread_blocked, id=3256, stack(0x000000001dd20000,0x000000001de20000)]
  0x000000001c4f1000 JavaThread "C1 CompilerThread2" daemon [_thread_blocked, id=5328, stack(0x000000001dc20000,0x000000001dd20000)]
=>0x000000001c4ee000 JavaThread "C2 CompilerThread1" daemon [_thread_in_native, id=7840, stack(0x000000001db20000,0x000000001dc20000)]
  0x000000001c4d7800 JavaThread "C2 CompilerThread0" daemon [_thread_in_native, id=8888, stack(0x000000001da20000,0x000000001db20000)]
  0x000000001c4d6000 JavaThread "Attach Listener" daemon [_thread_blocked, id=2580, stack(0x000000001d920000,0x000000001da20000)]
  0x000000001c4d4800 JavaThread "Signal Dispatcher" daemon [_thread_blocked, id=7972, stack(0x000000001d820000,0x000000001d920000)]
  0x000000001c4b8800 JavaThread "Finalizer" daemon [_thread_blocked, id=8584, stack(0x000000001d720000,0x000000001d820000)]
  0x000000001c496800 JavaThread "Reference Handler" daemon [_thread_blocked, id=4444, stack(0x000000001d620000,0x000000001d720000)]
  0x0000000002cfd800 JavaThread "main" [_thread_blocked, id=3300, stack(0x0000000002b00000,0x0000000002c00000)]

Other Threads:
  0x000000001c495000 VMThread [stack: 0x000000001d520000,0x000000001d620000] [id=9568]
  0x000000001c519000 WatcherThread [stack: 0x000000001de20000,0x000000001df20000] [id=4104]

VM state:not at safepoint (normal execution)

VM Mutex/Monitor currently owned by a thread: None

Heap:
 PSYoungGen      total 146944K, used 29352K [0x000000076ab00000, 0x000000077e000000, 0x00000007c0000000)
  eden space 129024K, 14% used [0x000000076ab00000,0x000000076bde0b70,0x0000000772900000)
  from space 17920K, 55% used [0x0000000772900000,0x00000007732c96a8,0x0000000773a80000)
  to   space 29184K, 0% used [0x000000077c380000,0x000000077c380000,0x000000077e000000)
 ParOldGen       total 44032K, used 43544K [0x00000006c0000000, 0x00000006c2b00000, 0x000000076ab00000)
  object space 44032K, 98% used [0x00000006c0000000,0x00000006c2a863d0,0x00000006c2b00000)
 Metaspace       used 6713K, capacity 7416K, committed 7552K, reserved 1056768K
  class space    used 612K, capacity 624K, committed 640K, reserved 1048576K

Card table byte_map: [0x00000000121c0000,0x00000000129d0000] byte_map_base: 0x000000000ebc0000

Marking Bits: (ParMarkBitMap*) 0x00000000560218f0
 Begin Bits: [0x0000000013330000, 0x0000000017330000)
 End Bits:   [0x0000000017330000, 0x000000001b330000)

Polling page: 0x0000000002a50000

CodeCache: size=245760Kb used=12089Kb max_used=12089Kb free=233670Kb
 bounds [0x0000000002e00000, 0x00000000039e0000, 0x0000000011e00000]
 total_blobs=2724 nmethods=2456 adapters=181
 compilation: enabled

Compilation events (10 events):
Event: 31.326 Thread 0x000000001c4d7800 2534 %     4       com.android.dx.dex.code.OutputFinisher::align64bits @ 76 (247 bytes)
Event: 31.327 Thread 0x000000001c4f1000 2535       1       com.android.dx.dex.code.form.Form12x::codeSize (2 bytes)
Event: 31.327 Thread 0x000000001c4f1000 nmethod 2535 0x00000000039d3090 code [0x00000000039d31e0, 0x00000000039d32f0]
Event: 31.331 Thread 0x000000001c4f1000 2536       3       com.android.dx.dex.code.OutputFinisher::finishProcessingAndGetList (74 bytes)
Event: 31.332 Thread 0x000000001c4f1000 nmethod 2536 0x00000000039d26d0 code [0x00000000039d28c0, 0x00000000039d2e18]
Event: 31.332 Thread 0x000000001c4f1000 2537       3       com.android.dx.dex.code.OutputFinisher::assignAddressesAndFixBranches (15 bytes)
Event: 31.333 Thread 0x000000001c4f1000 nmethod 2537 0x00000000039d67d0 code [0x00000000039d6960, 0x00000000039d6bd8]
Event: 31.333 Thread 0x000000001c4f1000 2538       3       com.android.dx.dex.file.OffsettedItem::setWriteSize (37 bytes)
Event: 31.334 Thread 0x000000001c4f1000 nmethod 2538 0x00000000039d6cd0 code [0x00000000039d6e60, 0x00000000039d71b8]
Event: 31.338 Thread 0x000000001c4f1000 2541       3       com.android.dx.dex.code.form.Form10t::branchFits (22 bytes)

GC Heap History (10 events):
Event: 18.295 GC heap before
{Heap before GC invocations=4 (full 0):
 PSYoungGen      total 35328K, used 35296K [0x000000076ab00000, 0x000000076f000000, 0x00000007c0000000)
  eden space 32768K, 100% used [0x000000076ab00000,0x000000076cb00000,0x000000076cb00000)
  from space 2560K, 98% used [0x000000076cb00000,0x000000076cd78048,0x000000076cd80000)
  to   space 2560K, 0% used [0x000000076ed80000,0x000000076ed80000,0x000000076f000000)
 ParOldGen       total 44032K, used 7774K [0x00000006c0000000, 0x00000006c2b00000, 0x000000076ab00000)
  object space 44032K, 17% used [0x00000006c0000000,0x00000006c0797990,0x00000006c2b00000)
 Metaspace       used 6197K, capacity 7088K, committed 7296K, reserved 1056768K
  class space    used 575K, capacity 616K, committed 640K, reserved 1048576K
Event: 18.516 GC heap after
Heap after GC invocations=4 (full 0):
 PSYoungGen      total 68096K, used 2528K [0x000000076ab00000, 0x000000076f000000, 0x00000007c0000000)
  eden space 65536K, 0% used [0x000000076ab00000,0x000000076ab00000,0x000000076eb00000)
  from space 2560K, 98% used [0x000000076ed80000,0x000000076eff8028,0x000000076f000000)
  to   space 2560K, 0% used [0x000000076eb00000,0x000000076eb00000,0x000000076ed80000)
 ParOldGen       total 44032K, used 13187K [0x00000006c0000000, 0x00000006c2b00000, 0x000000076ab00000)
  object space 44032K, 29% used [0x00000006c0000000,0x00000006c0ce0e48,0x00000006c2b00000)
 Metaspace       used 6197K, capacity 7088K, committed 7296K, reserved 1056768K
  class space    used 575K, capacity 616K, committed 640K, reserved 1048576K
}
Event: 21.041 GC heap before
{Heap before GC invocations=5 (full 0):
 PSYoungGen      total 68096K, used 68064K [0x000000076ab00000, 0x000000076f000000, 0x00000007c0000000)
  eden space 65536K, 100% used [0x000000076ab00000,0x000000076eb00000,0x000000076eb00000)
  from space 2560K, 98% used [0x000000076ed80000,0x000000076eff8028,0x000000076f000000)
  to   space 2560K, 0% used [0x000000076eb00000,0x000000076eb00000,0x000000076ed80000)
 ParOldGen       total 44032K, used 13187K [0x00000006c0000000, 0x00000006c2b00000, 0x000000076ab00000)
  object space 44032K, 29% used [0x00000006c0000000,0x00000006c0ce0e48,0x00000006c2b00000)
 Metaspace       used 6276K, capacity 7152K, committed 7296K, reserved 1056768K
  class space    used 576K, capacity 616K, committed 640K, reserved 1048576K
Event: 21.101 GC heap after
Heap after GC invocations=5 (full 0):
 PSYoungGen      total 68096K, used 2528K [0x000000076ab00000, 0x0000000774a00000, 0x00000007c0000000)
  eden space 65536K, 0% used [0x000000076ab00000,0x000000076ab00000,0x000000076eb00000)
  from space 2560K, 98% used [0x000000076eb00000,0x000000076ed78028,0x000000076ed80000)
  to   space 15872K, 0% used [0x0000000773a80000,0x0000000773a80000,0x0000000774a00000)
 ParOldGen       total 44032K, used 25667K [0x00000006c0000000, 0x00000006c2b00000, 0x000000076ab00000)
  object space 44032K, 58% used [0x00000006c0000000,0x00000006c1910d78,0x00000006c2b00000)
 Metaspace       used 6276K, capacity 7152K, committed 7296K, reserved 1056768K
  class space    used 576K, capacity 616K, committed 640K, reserved 1048576K
}
Event: 26.300 GC heap before
{Heap before GC invocations=6 (full 0):
 PSYoungGen      total 68096K, used 68064K [0x000000076ab00000, 0x0000000774a00000, 0x00000007c0000000)
  eden space 65536K, 100% used [0x000000076ab00000,0x000000076eb00000,0x000000076eb00000)
  from space 2560K, 98% used [0x000000076eb00000,0x000000076ed78028,0x000000076ed80000)
  to   space 15872K, 0% used [0x0000000773a80000,0x0000000773a80000,0x0000000774a00000)
 ParOldGen       total 44032K, used 25667K [0x00000006c0000000, 0x00000006c2b00000, 0x000000076ab00000)
  object space 44032K, 58% used [0x00000006c0000000,0x00000006c1910d78,0x00000006c2b00000)
 Metaspace       used 6404K, capacity 7154K, committed 7296K, reserved 1056768K
  class space    used 595K, capacity 618K, committed 640K, reserved 1048576K
Event: 26.454 GC heap after
Heap after GC invocations=6 (full 0):
 PSYoungGen      total 144896K, used 13543K [0x000000076ab00000, 0x0000000774e00000, 0x00000007c0000000)
  eden space 129024K, 0% used [0x000000076ab00000,0x000000076ab00000,0x0000000772900000)
  from space 15872K, 85% used [0x0000000773a80000,0x00000007747b9fc0,0x0000000774a00000)
  to   space 17920K, 0% used [0x0000000772900000,0x0000000772900000,0x0000000773a80000)
 ParOldGen       total 44032K, used 25667K [0x00000006c0000000, 0x00000006c2b00000, 0x000000076ab00000)
  object space 44032K, 58% used [0x00000006c0000000,0x00000006c1910d78,0x00000006c2b00000)
 Metaspace       used 6404K, capacity 7154K, committed 7296K, reserved 1056768K
  class space    used 595K, capacity 618K, committed 640K, reserved 1048576K
}
Event: 27.861 GC heap before
{Heap before GC invocations=7 (full 0):
 PSYoungGen      total 144896K, used 142567K [0x000000076ab00000, 0x0000000774e00000, 0x00000007c0000000)
  eden space 129024K, 100% used [0x000000076ab00000,0x0000000772900000,0x0000000772900000)
  from space 15872K, 85% used [0x0000000773a80000,0x00000007747b9fc0,0x0000000774a00000)
  to   space 17920K, 0% used [0x0000000772900000,0x0000000772900000,0x0000000773a80000)
 ParOldGen       total 44032K, used 25667K [0x00000006c0000000, 0x00000006c2b00000, 0x000000076ab00000)
  object space 44032K, 58% used [0x00000006c0000000,0x00000006c1910d78,0x00000006c2b00000)
 Metaspace       used 6443K, capacity 7154K, committed 7296K, reserved 1056768K
  class space    used 595K, capacity 618K, committed 640K, reserved 1048576K
Event: 28.850 GC heap after
Heap after GC invocations=7 (full 0):
 PSYoungGen      total 146944K, used 17911K [0x000000076ab00000, 0x000000077e000000, 0x00000007c0000000)
  eden space 129024K, 0% used [0x000000076ab00000,0x000000076ab00000,0x0000000772900000)
  from space 17920K, 99% used [0x0000000772900000,0x0000000773a7dfc8,0x0000000773a80000)
  to   space 29184K, 0% used [0x000000077c380000,0x000000077c380000,0x000000077e000000)
 ParOldGen       total 44032K, used 41968K [0x00000006c0000000, 0x00000006c2b00000, 0x000000076ab00000)
  object space 44032K, 95% used [0x00000006c0000000,0x00000006c28fc0b0,0x00000006c2b00000)
 Metaspace       used 6443K, capacity 7154K, committed 7296K, reserved 1056768K
  class space    used 595K, capacity 618K, committed 640K, reserved 1048576K
}
Event: 28.850 GC heap before
{Heap before GC invocations=8 (full 1):
 PSYoungGen      total 146944K, used 17911K [0x000000076ab00000, 0x000000077e000000, 0x00000007c0000000)
  eden space 129024K, 0% used [0x000000076ab00000,0x000000076ab00000,0x0000000772900000)
  from space 17920K, 99% used [0x0000000772900000,0x0000000773a7dfc8,0x0000000773a80000)
  to   space 29184K, 0% used [0x000000077c380000,0x000000077c380000,0x000000077e000000)
 ParOldGen       total 44032K, used 41968K [0x00000006c0000000, 0x00000006c2b00000, 0x000000076ab00000)
  object space 44032K, 95% used [0x00000006c0000000,0x00000006c28fc0b0,0x00000006c2b00000)
 Metaspace       used 6443K, capacity 7154K, committed 7296K, reserved 1056768K
  class space    used 595K, capacity 618K, committed 640K, reserved 1048576K
Event: 30.488 GC heap after
Heap after GC invocations=8 (full 1):
 PSYoungGen      total 146944K, used 10021K [0x000000076ab00000, 0x000000077e000000, 0x00000007c0000000)
  eden space 129024K, 0% used [0x000000076ab00000,0x000000076ab00000,0x0000000772900000)
  from space 17920K, 55% used [0x0000000772900000,0x00000007732c96a8,0x0000000773a80000)
  to   space 29184K, 0% used [0x000000077c380000,0x000000077c380000,0x000000077e000000)
 ParOldGen       total 44032K, used 43544K [0x00000006c0000000, 0x00000006c2b00000, 0x000000076ab00000)
  object space 44032K, 98% used [0x00000006c0000000,0x00000006c2a863d0,0x00000006c2b00000)
 Metaspace       used 6443K, capacity 7154K, committed 7296K, reserved 1056768K
  class space    used 595K, capacity 618K, committed 640K, reserved 1048576K
}

Deoptimization events (10 events):
Event: 30.724 Thread 0x000000001df28800 Uncommon trap: reason=class_check action=maybe_recompile pc=0x0000000003211380 method=java.util.Arrays.hashCode([Ljava/lang/Object;)I @ 43
Event: 30.724 Thread 0x000000001df28800 Uncommon trap: reason=class_check action=maybe_recompile pc=0x0000000003211380 method=java.util.Arrays.hashCode([Ljava/lang/Object;)I @ 43
Event: 30.724 Thread 0x000000001df28800 Uncommon trap: reason=class_check action=maybe_recompile pc=0x0000000003211380 method=java.util.Arrays.hashCode([Ljava/lang/Object;)I @ 43
Event: 30.724 Thread 0x000000001df28800 Uncommon trap: reason=class_check action=maybe_recompile pc=0x0000000003211380 method=java.util.Arrays.hashCode([Ljava/lang/Object;)I @ 43
Event: 30.724 Thread 0x000000001df28800 Uncommon trap: reason=class_check action=maybe_recompile pc=0x0000000003214ef4 method=java.util.Arrays.hashCode([Ljava/lang/Object;)I @ 43
Event: 31.091 Thread 0x000000001df28800 Uncommon trap: reason=speculate_class_check action=maybe_recompile pc=0x00000000030c5354 method=com.android.dx.util.FixedSizeList.equals(Ljava/lang/Object;)Z @ 25
Event: 31.091 Thread 0x000000001df28800 Uncommon trap: reason=speculate_class_check action=maybe_recompile pc=0x00000000030c5354 method=com.android.dx.util.FixedSizeList.equals(Ljava/lang/Object;)Z @ 25
Event: 31.091 Thread 0x000000001df28800 Uncommon trap: reason=speculate_class_check action=maybe_recompile pc=0x00000000030c5354 method=com.android.dx.util.FixedSizeList.equals(Ljava/lang/Object;)Z @ 25
Event: 31.091 Thread 0x000000001df28800 Uncommon trap: reason=speculate_class_check action=maybe_recompile pc=0x00000000030c5354 method=com.android.dx.util.FixedSizeList.equals(Ljava/lang/Object;)Z @ 25
Event: 31.101 Thread 0x000000001df28800 Uncommon trap: reason=unstable_if action=reinterpret pc=0x000000000363d5a0 method=java.util.TreeMap.put(Ljava/lang/Object;Ljava/lang/Object;)Ljava/lang/Object; @ 163

Internal exceptions (6 events):
Event: 0.489 Thread 0x0000000002cfd800 Exception <a 'java/lang/NoSuchMethodError': Method sun.misc.Unsafe.defineClass(Ljava/lang/String;[BII)Ljava/lang/Class; name or signature does not match> (0x000000076ab07c78) thrown at [C:\src\android\AOSP-openjdk\external\jetbrains\jdk\hotspot\src\share\vphs™÷Lß?
Event: 0.489 Thread 0x0000000002cfd800 Exception <a 'java/lang/NoSuchMethodError': Method sun.misc.Unsafe.prefetchRead(Ljava/lang/Object;J)V name or signature does not match> (0x000000076ab07f60) thrown at [C:\src\android\AOSP-openjdk\external\jetbrains\jdk\hotspot\src\share\vm\prims\jni.cpp, léeÔ•Ð;(@
Event: 12.117 Thread 0x000000001e0a4000 Implicit null exception at 0x00000000030b88e2 to 0x00000000030b89da
Event: 22.431 Thread 0x0000000002cfd800 Exception <a 'java/lang/ArrayIndexOutOfBoundsException': 18> (0x000000076b3f2898) thrown at [C:\src\android\AOSP-openjdk\external\jetbrains\jdk\hotspot\src\share\vm\interpreter\interpreterRuntime.cpp, line 366]
Event: 22.432 Thread 0x0000000002cfd800 Exception <a 'java/lang/ArrayIndexOutOfBoundsException': 145> (0x000000076b3f4418) thrown at [C:\src\android\AOSP-openjdk\external\jetbrains\jdk\hotspot\src\share\vm\interpreter\interpreterRuntime.cpp, line 366]
Event: 22.608 Thread 0x0000000002cfd800 Exception <a 'java/lang/ArrayIndexOutOfBoundsException'> (0x000000076b3f5700) thrown at [C:\src\android\AOSP-openjdk\external\jetbrains\jdk\hotspot\src\share\vm\runtime\sharedRuntime.cpp, line 605]

Events (10 events):
Event: 31.091 Thread 0x000000001df28800 DEOPT UNPACKING pc=0x0000000002e4556a sp=0x00000000200ee840 mode 2
Event: 31.091 loading class com/android/dx/dex/code/CatchTable$Entry
Event: 31.091 loading class com/android/dx/dex/code/CatchTable$Entry done
Event: 31.094 loading class com/android/dx/util/ByteArrayAnnotatedOutput
Event: 31.094 loading class com/android/dx/util/ByteArrayAnnotatedOutput done
Event: 31.101 Thread 0x000000001df28800 Uncommon trap: trap_request=0xffffff65 fr.pc=0x000000000363d5a0
Event: 31.101 Thread 0x000000001df28800 DEOPT PACKING pc=0x000000000363d5a0 sp=0x00000000200eeaa0
Event: 31.101 Thread 0x000000001df28800 DEOPT UNPACKING pc=0x0000000002e4556a sp=0x00000000200eea40 mode 2
Event: 31.179 loading class com/android/dx/rop/code/RegisterSpecList$Expander
Event: 31.179 loading class com/android/dx/rop/code/RegisterSpecList$Expander done


Dynamic libraries:
0x00007ff6f9e60000 - 0x00007ff6f9e91000 	C:\Program Files\Android\Android Studio\jre\bin\java.exe
0x00007ffb52ea0000 - 0x00007ffb53061000 	C:\WINDOWS\SYSTEM32\ntdll.dll
0x00007ffb528f0000 - 0x00007ffb5299d000 	C:\WINDOWS\system32\KERNEL32.DLL
0x00007ffb4fed0000 - 0x00007ffb500b8000 	C:\WINDOWS\system32\KERNELBASE.dll
0x00007ffb52c60000 - 0x00007ffb52d07000 	C:\WINDOWS\system32\ADVAPI32.dll
0x00007ffb51a20000 - 0x00007ffb51abd000 	C:\WINDOWS\system32\msvcrt.dll
0x00007ffb502a0000 - 0x00007ffb502fb000 	C:\WINDOWS\system32\sechost.dll
0x00007ffb51f90000 - 0x00007ffb520ac000 	C:\WINDOWS\system32\RPCRT4.dll
0x00007ffb52790000 - 0x00007ffb528e6000 	C:\WINDOWS\system32\USER32.dll
0x00007ffb52ad0000 - 0x00007ffb52c57000 	C:\WINDOWS\system32\GDI32.dll
0x00007ffb49b90000 - 0x00007ffb49e04000 	C:\WINDOWS\WinSxS\amd64_microsoft.windows.common-controls_6595b64144ccf1df_6.0.10586.839_none_a2ddba30a539a2ae\COMCTL32.dll
0x00007ffb51ac0000 - 0x00007ffb51d3e000 	C:\WINDOWS\system32\combase.dll
0x00007ffb4fe60000 - 0x00007ffb4feca000 	C:\WINDOWS\system32\bcryptPrimitives.dll
0x00007ffb51f50000 - 0x00007ffb51f8b000 	C:\WINDOWS\system32\IMM32.DLL
0x0000000056930000 - 0x0000000056a02000 	C:\Program Files\Android\Android Studio\jre\jre\bin\msvcr100.dll
0x0000000055860000 - 0x000000005609c000 	C:\Program Files\Android\Android Studio\jre\jre\bin\server\jvm.dll
0x00007ffb52e90000 - 0x00007ffb52e98000 	C:\WINDOWS\system32\PSAPI.DLL
0x00007ffb43cb0000 - 0x00007ffb43cb9000 	C:\WINDOWS\SYSTEM32\WSOCK32.dll
0x00007ffb520b0000 - 0x00007ffb5211b000 	C:\WINDOWS\system32\WS2_32.dll
0x00007ffb4db90000 - 0x00007ffb4dbb3000 	C:\WINDOWS\SYSTEM32\WINMM.dll
0x00007ffb4ac60000 - 0x00007ffb4ac6a000 	C:\WINDOWS\SYSTEM32\VERSION.dll
0x00007ffb4da50000 - 0x00007ffb4da7c000 	C:\WINDOWS\SYSTEM32\WINMMBASE.dll
0x00007ffb50250000 - 0x00007ffb50293000 	C:\WINDOWS\system32\cfgmgr32.dll
0x00007ffb4cd30000 - 0x00007ffb4cd3f000 	C:\Program Files\Android\Android Studio\jre\jre\bin\verify.dll
0x00007ffb423e0000 - 0x00007ffb42409000 	C:\Program Files\Android\Android Studio\jre\jre\bin\java.dll
0x00007ffb462f0000 - 0x00007ffb46306000 	C:\Program Files\Android\Android Studio\jre\jre\bin\zip.dll
0x00007ffb50370000 - 0x00007ffb518cc000 	C:\WINDOWS\system32\SHELL32.dll
0x00007ffb4f810000 - 0x00007ffb4fe54000 	C:\WINDOWS\system32\windows.storage.dll
0x00007ffb526b0000 - 0x00007ffb52702000 	C:\WINDOWS\system32\shlwapi.dll
0x00007ffb4f4e0000 - 0x00007ffb4f4ef000 	C:\WINDOWS\system32\kernel.appcore.dll
0x00007ffb500c0000 - 0x00007ffb50175000 	C:\WINDOWS\system32\shcore.dll
0x00007ffb4f4f0000 - 0x00007ffb4f53b000 	C:\WINDOWS\system32\powrprof.dll
0x00007ffb4f4c0000 - 0x00007ffb4f4d4000 	C:\WINDOWS\system32\profapi.dll

VM Arguments:
jvm_args: -Djava.awt.headless=true -Xmx4g -Dfile.encoding=windows-1252 -Duser.country=GB -Duser.language=en -Duser.variant 
java_command: com.android.dx.command.Main --dex --force-jumbo --num-threads=4 --multi-dex --output C:\Users\Thomas\AndroidStudioProjects\MrWhemps\app\build\intermediates\transforms\dex\debug\folders\1000\10\classes_18a1c141bb1aa3600013606ff9764a5373c43ee2 C:\Users\Thomas\.android\build-cache\a8d224e6f6cf578175e7c7bdcf4e35299ea5e039\output\jars\classes.jar
java_class_path (initial): C:\Users\Thomas\AppData\Local\Android\sdk\build-tools\25.0.0\lib\dx.jar
Launcher Type: SUN_STANDARD

Environment Variables:
PATH=C:\Program Files (x86)\Intel\iCLS Client\;C:\Program Files\Intel\iCLS Client\;C:\Windows\system32;C:\Windows;C:\Windows\System32\Wbem;C:\Windows\System32\WindowsPowerShell\v1.0\;C:\Program Files (x86)\Intel\OpenCL SDK\2.0\bin\x86;C:\Program Files (x86)\Intel\OpenCL SDK\2.0\bin\x64;C:\Program Files\Intel\Intel(R) Management Engine Components\DAL;C:\Program Files\Intel\Intel(R) Management Engine Components\IPT;C:\Program Files (x86)\Intel\Intel(R) Management Engine Components\DAL;C:\Program Files (x86)\Intel\Intel(R) Management Engine Components\IPT;C:\Program Files (x86)\Windows Live\Shared;C:\Users\Thomas\AppData\Local\Smartbar\Application\;C:\WINDOWS\system32;C:\WINDOWS;C:\WINDOWS\System32\Wbem;C:\WINDOWS\System32\WindowsPowerShell\v1.0\;C:\Program Files\Microsoft SQL Server\110\Tools\Binn\;C:\Program Files\Microsoft SQL Server\120\Tools\Binn\;C:\Program Files\MiKTeX 2.9\miktex\bin\;C:\Program Files\MiKTeX 2.9\gs\gs8.71\bin\;C:\Program Files\Git\cmd;C:\Program Files (x86)\Skype\Phone\;C:\Program Files\Microsoft SQL Server\130\Tools\Binn\;C:\Program Files (x86)\Windows Kits\10\Windows Performance Toolkit\;C:\Program Files
USERNAME=Thomas
OS=Windows_NT
PROCESSOR_IDENTIFIER=Intel64 Family 6 Model 42 Stepping 7, GenuineIntel



---------------  S Y S T E M  ---------------

OS: Windows 10.0 , 64 bit Build 10586 (10.0.10586.589)

CPU:total 4 (2 cores per cpu, 2 threads per core) family 6 model 42 stepping 7, cmov, cx8, fxsr, mmx, sse, sse2, sse3, ssse3, sse4.1, sse4.2, popcnt, avx, clmul, ht, tsc, tscinvbit

Memory: 4k page, physical 4075196k(237132k free), swap 6565564k(380k free)

vm_info: OpenJDK 64-Bit Server VM (25.112-b06) for windows-amd64 JRE (1.8.0_112-release-b06), built on Dec  8 2016 00:54:26 by "builder" with MS VC++ 10.0 (VS2010)

time: Wed Sep 06 16:50:50 2017
elapsed time: 31 seconds (0d 0h 0m 31s)

