#
# There is insufficient memory for the Java Runtime Environment to continue.
# Native memory allocation (malloc) failed to allocate 716976 bytes for Chunk::new
# Possible reasons:
#   The system is out of physical RAM or swap space
#   In 32 bit mode, the process size limit was hit
# Possible solutions:
#   Reduce memory load on the system
#   Increase physical memory or swap space
#   Check if swap backing store is full
#   Use 64 bit Java on a 64 bit OS
#   Decrease Java heap size (-Xmx/-Xms)
#   Decrease number of Java threads
#   Decrease Java thread stack sizes (-Xss)
#   Set larger code cache with -XX:ReservedCodeCacheSize=
# This output file may be truncated or incomplete.
#
#  Out of Memory Error (allocation.cpp:390), pid=13680, tid=0x000000000000366c
#
# JRE version: OpenJDK Runtime Environment (8.0_76-b03) (build 1.8.0_76-release-b03)
# Java VM: OpenJDK 64-Bit Server VM (25.76-b03 mixed mode windows-amd64 compressed oops)
# Failed to write core dump. Minidumps are not enabled by default on client versions of Windows
#

---------------  T H R E A D  ---------------

Current thread (0x0000000015850000):  JavaThread "C2 CompilerThread1" daemon [_thread_in_native, id=13932, stack(0x0000000016f40000,0x0000000017040000)]

Stack: [0x0000000016f40000,0x0000000017040000]
[error occurred during error reporting (printing stack bounds), id 0xc0000005]

Native frames: (J=compiled Java code, j=interpreted, Vv=VM code, C=native code)


Current CompileTask:
C2:   5118 1250   !   4       com.android.dx.cf.code.BytecodeArray::parseInstruction (2764 bytes)


---------------  P R O C E S S  ---------------

Java Threads: ( => current thread )
  0x00000000173b5000 JavaThread "pool-2-thread-4" [_thread_blocked, id=14304, stack(0x0000000017b40000,0x0000000017c40000)]
  0x00000000173a8000 JavaThread "pool-2-thread-3" [_thread_blocked, id=11612, stack(0x0000000017a40000,0x0000000017b40000)]
  0x00000000173a7800 JavaThread "pool-2-thread-2" [_thread_blocked, id=13068, stack(0x0000000017940000,0x0000000017a40000)]
  0x00000000173ba000 JavaThread "pool-3-thread-1" [_thread_blocked, id=3448, stack(0x0000000017840000,0x0000000017940000)]
  0x00000000173be000 JavaThread "pool-2-thread-1" [_thread_blocked, id=5668, stack(0x0000000017740000,0x0000000017840000)]
  0x0000000017143800 JavaThread "Service Thread" daemon [_thread_blocked, id=10636, stack(0x0000000017540000,0x0000000017640000)]
  0x000000001585b000 JavaThread "C1 CompilerThread2" daemon [_thread_blocked, id=12872, stack(0x0000000017040000,0x0000000017140000)]
=>0x0000000015850000 JavaThread "C2 CompilerThread1" daemon [_thread_in_native, id=13932, stack(0x0000000016f40000,0x0000000017040000)]
  0x00000000157fb800 JavaThread "C2 CompilerThread0" daemon [_thread_blocked, id=5960, stack(0x0000000016e40000,0x0000000016f40000)]
  0x00000000157fa000 JavaThread "Attach Listener" daemon [_thread_blocked, id=10512, stack(0x0000000016d40000,0x0000000016e40000)]
  0x00000000157f9000 JavaThread "Signal Dispatcher" daemon [_thread_blocked, id=4400, stack(0x0000000016c40000,0x0000000016d40000)]
  0x00000000157e8800 JavaThread "Finalizer" daemon [_thread_blocked, id=13260, stack(0x0000000016a60000,0x0000000016b60000)]
  0x0000000003120800 JavaThread "Reference Handler" daemon [_thread_blocked, id=10972, stack(0x0000000016960000,0x0000000016a60000)]
  0x00000000013ed800 JavaThread "main" [_thread_blocked, id=5864, stack(0x0000000002e30000,0x0000000002f30000)]

Other Threads:
  0x00000000157c5000 VMThread [stack: 0x0000000016860000,0x0000000016960000] [id=1344]
  0x0000000017145800 WatcherThread [stack: 0x0000000017640000,0x0000000017740000] [id=6712]

VM state:at safepoint (normal execution)

VM Mutex/Monitor currently owned by a thread:  ([mutex/lock_event])
[0x00000000013ec730] Threads_lock - owner thread: 0x00000000157c5000
[0x00000000013ec330] Heap_lock - owner thread: 0x00000000173be000

Heap:
 PSYoungGen      total 18944K, used 18919K [0x00000000eab00000, 0x00000000ec000000, 0x0000000100000000)
  eden space 16384K, 100% used [0x00000000eab00000,0x00000000ebb00000,0x00000000ebb00000)
  from space 2560K, 99% used [0x00000000ebb00000,0x00000000ebd79c68,0x00000000ebd80000)
  to   space 2560K, 99% used [0x00000000ebd80000,0x00000000ebffdc60,0x00000000ec000000)
 ParOldGen       total 44032K, used 3097K [0x00000000c0000000, 0x00000000c2b00000, 0x00000000eab00000)
  object space 44032K, 7% used [0x00000000c0000000,0x00000000c0306680,0x00000000c2b00000)
 Metaspace       used 5939K, capacity 6896K, committed 7040K, reserved 1056768K
  class space    used 567K, capacity 616K, committed 640K, reserved 1048576K

Card table byte_map: [0x00000000124f0000,0x0000000012700000] byte_map_base: 0x0000000011ef0000

Marking Bits: (ParMarkBitMap*) 0x00000000665d9d00
 Begin Bits: [0x0000000012c60000, 0x0000000013c60000)
 End Bits:   [0x0000000013c60000, 0x0000000014c60000)

Polling page: 0x00000000013f0000

CodeCache: size=245760Kb used=5124Kb max_used=5124Kb free=240635Kb
 bounds [0x0000000003130000, 0x0000000003640000, 0x0000000012130000]
 total_blobs=1545 nmethods=1278 adapters=181
 compilation: enabled

Compilation events (10 events):
Event: 5.054 Thread 0x000000001585b000 1280       1       java.util.HashMap::afterNodeAccess (1 bytes)
Event: 5.054 Thread 0x000000001585b000 nmethod 1280 0x000000000362e3d0 code [0x000000000362e520, 0x000000000362e630]
Event: 5.055 Thread 0x000000001585b000 1281       3       com.android.dx.ssa.SsaMethod::makeExitBlock (134 bytes)
Event: 5.056 Thread 0x000000001585b000 nmethod 1281 0x000000000362e690 code [0x000000000362e920, 0x000000000362f928]
Event: 5.057 Thread 0x000000001585b000 1282       3       com.android.dx.ssa.NormalSsaInsn::canThrow (8 bytes)
Event: 5.058 Thread 0x000000001585b000 nmethod 1282 0x0000000003630250 code [0x00000000036303e0, 0x0000000003630828]
Event: 5.058 Thread 0x000000001585b000 1283       3       java.util.Arrays$LegacyMergeSort::access$000 (4 bytes)
Event: 5.058 Thread 0x000000001585b000 nmethod 1283 0x00000000036309d0 code [0x0000000003630b20, 0x0000000003630c50]
Event: 5.059 Thread 0x000000001585b000 1284       3       com.android.dx.ssa.SsaBasicBlock::addMoveToEnd (172 bytes)
Event: 5.062 Thread 0x000000001585b000 nmethod 1284 0x0000000003630cd0 code [0x0000000003631060, 0x0000000003632f88]

GC Heap History (3 events):
Event: 4.452 GC heap before
{Heap before GC invocations=1 (full 0):
 PSYoungGen      total 18944K, used 16384K [0x00000000eab00000, 0x00000000ec000000, 0x0000000100000000)
  eden space 16384K, 100% used [0x00000000eab00000,0x00000000ebb00000,0x00000000ebb00000)
  from space 2560K, 0% used [0x00000000ebd80000,0x00000000ebd80000,0x00000000ec000000)
  to   space 2560K, 0% used [0x00000000ebb00000,0x00000000ebb00000,0x00000000ebd80000)
 ParOldGen       total 44032K, used 0K [0x00000000c0000000, 0x00000000c2b00000, 0x00000000eab00000)
  object space 44032K, 0% used [0x00000000c0000000,0x00000000c0000000,0x00000000c2b00000)
 Metaspace       used 5695K, capacity 6704K, committed 6784K, reserved 1056768K
  class space    used 567K, capacity 616K, committed 640K, reserved 1048576K
Event: 4.541 GC heap after
Heap after GC invocations=1 (full 0):
 PSYoungGen      total 18944K, used 2535K [0x00000000eab00000, 0x00000000ec000000, 0x0000000100000000)
  eden space 16384K, 0% used [0x00000000eab00000,0x00000000eab00000,0x00000000ebb00000)
  from space 2560K, 99% used [0x00000000ebb00000,0x00000000ebd79c68,0x00000000ebd80000)
  to   space 2560K, 0% used [0x00000000ebd80000,0x00000000ebd80000,0x00000000ec000000)
 ParOldGen       total 44032K, used 1149K [0x00000000c0000000, 0x00000000c2b00000, 0x00000000eab00000)
  object space 44032K, 2% used [0x00000000c0000000,0x00000000c011f628,0x00000000c2b00000)
 Metaspace       used 5695K, capacity 6704K, committed 6784K, reserved 1056768K
  class space    used 567K, capacity 616K, committed 640K, reserved 1048576K
}
Event: 5.093 GC heap before
{Heap before GC invocations=2 (full 0):
 PSYoungGen      total 18944K, used 18919K [0x00000000eab00000, 0x00000000ec000000, 0x0000000100000000)
  eden space 16384K, 100% used [0x00000000eab00000,0x00000000ebb00000,0x00000000ebb00000)
  from space 2560K, 99% used [0x00000000ebb00000,0x00000000ebd79c68,0x00000000ebd80000)
  to   space 2560K, 0% used [0x00000000ebd80000,0x00000000ebd80000,0x00000000ec000000)
 ParOldGen       total 44032K, used 1149K [0x00000000c0000000, 0x00000000c2b00000, 0x00000000eab00000)
  object space 44032K, 2% used [0x00000000c0000000,0x00000000c011f628,0x00000000c2b00000)
 Metaspace       used 5939K, capacity 6896K, committed 7040K, reserved 1056768K
  class space    used 567K, capacity 616K, committed 640K, reserved 1048576K

Deoptimization events (0 events):
No events

Internal exceptions (2 events):
Event: 0.915 Thread 0x00000000013ed800 Exception <a 'java/lang/NoSuchMethodError': Method sun.misc.Unsafe.defineClass(Ljava/lang/String;[BII)Ljava/lang/Class; name or signature does not match> (0x00000000eab07cc0) thrown at [C:\src\android\AOSP-openjdk\external\jetbrains\jdk\hotspot\src\share\v°1DUIí?
Event: 0.915 Thread 0x00000000013ed800 Exception <a 'java/lang/NoSuchMethodError': Method sun.misc.Unsafe.prefetchRead(Ljava/lang/Object;J)V name or signature does not match> (0x00000000eab07fa8) thrown at [C:\src\android\AOSP-openjdk\external\jetbrains\jdk\hotspot\src\share\vm\prims\jni.cpp, l

Events (10 events):
Event: 4.057 loading class java/util/HashMap$ValueIterator done
Event: 4.260 loading class java/util/ArrayList$1
Event: 4.260 loading class java/util/ArrayList$1 done
Event: 4.328 Executing VM operation: ForceSafepoint
Event: 4.334 Executing VM operation: ForceSafepoint done
Event: 4.349 loading class com/android/dx/rop/code/LocalItem
Event: 4.349 loading class com/android/dx/rop/code/LocalItem done
Event: 4.439 Executing VM operation: ParallelGCFailedAllocation
Event: 4.541 Executing VM operation: ParallelGCFailedAllocation done
Event: 5.063 Executing VM operation: ParallelGCFailedAllocation


Dynamic libraries:
0x00007ff7a0c80000 - 0x00007ff7a0cb1000 	C:\Program Files\Android\Android Studio\jre\bin\java.exe
0x00007ffad9aa0000 - 0x00007ffad9c61000 	C:\WINDOWS\SYSTEM32\ntdll.dll
0x00007ffad7000000 - 0x00007ffad70ad000 	C:\WINDOWS\system32\KERNEL32.DLL
0x00007ffad6520000 - 0x00007ffad6708000 	C:\WINDOWS\system32\KERNELBASE.dll
0x00007ffad9430000 - 0x00007ffad94d7000 	C:\WINDOWS\system32\ADVAPI32.dll
0x00007ffad9130000 - 0x00007ffad91cd000 	C:\WINDOWS\system32\msvcrt.dll
0x00007ffad90d0000 - 0x00007ffad912b000 	C:\WINDOWS\system32\sechost.dll
0x00007ffad98b0000 - 0x00007ffad99cc000 	C:\WINDOWS\system32\RPCRT4.dll
0x00007ffad8ba0000 - 0x00007ffad8cf6000 	C:\WINDOWS\system32\USER32.dll
0x00007ffad92a0000 - 0x00007ffad9426000 	C:\WINDOWS\system32\GDI32.dll
0x00007ffacf3a0000 - 0x00007ffacf614000 	C:\WINDOWS\WinSxS\amd64_microsoft.windows.common-controls_6595b64144ccf1df_6.0.10586.672_none_a2d6b3cea53ff843\COMCTL32.dll
0x00007ffad9520000 - 0x00007ffad979d000 	C:\WINDOWS\system32\combase.dll
0x00007ffad63d0000 - 0x00007ffad643a000 	C:\WINDOWS\system32\bcryptPrimitives.dll
0x00007ffad94e0000 - 0x00007ffad951b000 	C:\WINDOWS\system32\IMM32.DLL
0x0000000064c50000 - 0x0000000064d22000 	C:\Program Files\Android\Android Studio\jre\jre\bin\msvcr100.dll
0x0000000065e20000 - 0x0000000066654000 	C:\Program Files\Android\Android Studio\jre\jre\bin\server\jvm.dll
0x00007ffad90b0000 - 0x00007ffad90b8000 	C:\WINDOWS\system32\PSAPI.DLL
0x00007ffad2d40000 - 0x00007ffad2d49000 	C:\WINDOWS\SYSTEM32\WSOCK32.dll
0x00007ffad9040000 - 0x00007ffad90ab000 	C:\WINDOWS\system32\WS2_32.dll
0x00007ffad34f0000 - 0x00007ffad3513000 	C:\WINDOWS\SYSTEM32\WINMM.dll
0x00007ffacd380000 - 0x00007ffacd38a000 	C:\WINDOWS\SYSTEM32\VERSION.dll
0x00007ffad3490000 - 0x00007ffad34bc000 	C:\WINDOWS\SYSTEM32\WINMMBASE.dll
0x00007ffad6440000 - 0x00007ffad6483000 	C:\WINDOWS\system32\cfgmgr32.dll
0x00007ffacf080000 - 0x00007ffacf08f000 	C:\Program Files\Android\Android Studio\jre\jre\bin\verify.dll
0x00007ffaca960000 - 0x00007ffaca989000 	C:\Program Files\Android\Android Studio\jre\jre\bin\java.dll
0x00007ffacefe0000 - 0x00007ffaceff6000 	C:\Program Files\Android\Android Studio\jre\jre\bin\zip.dll
0x00007ffad74f0000 - 0x00007ffad8a4c000 	C:\WINDOWS\system32\SHELL32.dll
0x00007ffad67d0000 - 0x00007ffad6e15000 	C:\WINDOWS\system32\windows.storage.dll
0x00007ffad91d0000 - 0x00007ffad9222000 	C:\WINDOWS\system32\shlwapi.dll
0x00007ffad6140000 - 0x00007ffad614f000 	C:\WINDOWS\system32\kernel.appcore.dll
0x00007ffad6710000 - 0x00007ffad67c5000 	C:\WINDOWS\system32\shcore.dll
0x00007ffad60f0000 - 0x00007ffad613b000 	C:\WINDOWS\system32\powrprof.dll
0x00007ffad60d0000 - 0x00007ffad60e4000 	C:\WINDOWS\system32\profapi.dll

VM Arguments:
jvm_args: -Djava.awt.headless=true -Xmx1024M -Dfile.encoding=windows-1252 -Duser.country=GB -Duser.language=en -Duser.variant 
java_command: com.android.dx.command.Main --dex --force-jumbo --num-threads=4 --multi-dex --output C:\Users\Thomas\AndroidStudioProjects\MrWhemps\app\build\intermediates\transforms\dex\debug\folders\1000\10\com.google.android.gms-play-services-nearby-9.4.0_07bb2d050ec0cefd1f4ed493ba4ae841d8b2809f C:\Users\Thomas\AndroidStudioProjects\MrWhemps\app\build\intermediates\exploded-aar\com.google.android.gms\play-services-nearby\9.4.0\jars\classes.jar
java_class_path (initial): C:\Users\Thomas\AppData\Local\Android\sdk\build-tools\23.0.2\lib\dx.jar
Launcher Type: SUN_STANDARD

Environment Variables:
PATH=C:\Program Files (x86)\Intel\iCLS Client\;C:\Program Files\Intel\iCLS Client\;C:\Windows\system32;C:\Windows;C:\Windows\System32\Wbem;C:\Windows\System32\WindowsPowerShell\v1.0\;C:\Program Files (x86)\Intel\OpenCL SDK\2.0\bin\x86;C:\Program Files (x86)\Intel\OpenCL SDK\2.0\bin\x64;C:\Program Files\Intel\Intel(R) Management Engine Components\DAL;C:\Program Files\Intel\Intel(R) Management Engine Components\IPT;C:\Program Files (x86)\Intel\Intel(R) Management Engine Components\DAL;C:\Program Files (x86)\Intel\Intel(R) Management Engine Components\IPT;C:\Program Files (x86)\Windows Live\Shared;C:\Users\Thomas\AppData\Local\Smartbar\Application\;C:\WINDOWS\system32;C:\WINDOWS;C:\WINDOWS\System32\Wbem;C:\WINDOWS\System32\WindowsPowerShell\v1.0\;D:\Programs\bin;C:\Program Files\Microsoft SQL Server\110\Tools\Binn\;C:\Program Files\Microsoft SQL Server\120\Tools\Binn\;C:\Program Files\MiKTeX 2.9\miktex\bin\;C:\Program Files\MiKTeX 2.9\gs\gs8.71\bin\;C:\Program Files\Git\cmd;C:\Program Files (x86)\Skype\Phone\;C:\Program Files\Microsoft SQL Server\130\Tools\Binn\;C:\Program Files (x86)\Windows Kits\10\Windows Performance Toolkit\;C:\Program Files
USERNAME=Thomas
OS=Windows_NT
PROCESSOR_IDENTIFIER=Intel64 Family 6 Model 42 Stepping 7, GenuineIntel



---------------  S Y S T E M  ---------------

OS: Windows 10.0 , 64 bit Build 10586 (10.0.10586.589)

CPU:total 4 (2 cores per cpu, 2 threads per core) family 6 model 42 stepping 7, cmov, cx8, fxsr, mmx, sse, sse2, sse3, ssse3, sse4.1, sse4.2, popcnt, avx, clmul, ht, tsc, tscinvbit

Memory: 4k page, physical 4075172k(540776k free), swap 6565540k(5240k free)

vm_info: OpenJDK 64-Bit Server VM (25.76-b03) for windows-amd64 JRE (1.8.0_76-release-b03), built on Jun 29 2016 19:09:20 by "ralucas" with MS VC++ 10.0 (VS2010)

time: Sun Jan 15 17:36:45 2017
elapsed time: 5 seconds (0d 0h 0m 5s)

