#
# There is insufficient memory for the Java Runtime Environment to continue.
# Native memory allocation (malloc) failed to allocate 532352 bytes for Chunk::new
# Possible reasons:
#   The system is out of physical RAM or swap space
#   In 32 bit mode, the process size limit was hit
# Possible solutions:
#   Reduce memory load on the system
#   Increase physical memory or swap space
#   Check if swap backing store is full
#   Use 64 bit Java on a 64 bit OS
#   Decrease Java heap size (-Xmx/-Xms)
#   Decrease number of Java threads
#   Decrease Java thread stack sizes (-Xss)
#   Set larger code cache with -XX:ReservedCodeCacheSize=
# This output file may be truncated or incomplete.
#
#  Out of Memory Error (allocation.cpp:390), pid=2708, tid=0x0000000000001370
#
# JRE version: OpenJDK Runtime Environment (8.0_112-b06) (build 1.8.0_112-release-b06)
# Java VM: OpenJDK 64-Bit Server VM (25.112-b06 mixed mode windows-amd64 compressed oops)
# Failed to write core dump. Minidumps are not enabled by default on client versions of Windows
#

---------------  T H R E A D  ---------------

Current thread (0x000000001c888800):  JavaThread "C2 CompilerThread0" daemon [_thread_in_native, id=4976, stack(0x000000001def0000,0x000000001dff0000)]

Stack: [0x000000001def0000,0x000000001dff0000]
[error occurred during error reporting (printing stack bounds), id 0xc0000005]

Native frames: (J=compiled Java code, j=interpreted, Vv=VM code, C=native code)


Current CompileTask:
C2:  50917 3230       4       com.android.dx.ssa.SsaConverter::placePhiFunctions (394 bytes)


---------------  P R O C E S S  ---------------

Java Threads: ( => current thread )
  0x000000001e71c000 JavaThread "pool-2-thread-4" [_thread_blocked, id=5292, stack(0x000000001f3f0000,0x000000001f4f0000)]
  0x000000001e71b000 JavaThread "pool-2-thread-3" [_thread_blocked, id=4536, stack(0x000000001f2f0000,0x000000001f3f0000)]
  0x000000001e71a000 JavaThread "pool-2-thread-2" [_thread_blocked, id=2352, stack(0x000000001f1f0000,0x000000001f2f0000)]
  0x000000001e710000 JavaThread "pool-3-thread-1" [_thread_blocked, id=3492, stack(0x000000001f0f0000,0x000000001f1f0000)]
  0x000000001e702000 JavaThread "pool-2-thread-1" [_thread_blocked, id=2392, stack(0x000000001eff0000,0x000000001f0f0000)]
  0x000000001c8cb800 JavaThread "Service Thread" daemon [_thread_blocked, id=5296, stack(0x000000001e1f0000,0x000000001e2f0000)]
  0x000000001c87d000 JavaThread "C1 CompilerThread2" daemon [_thread_blocked, id=2728, stack(0x000000001e0f0000,0x000000001e1f0000)]
  0x000000001c87a000 JavaThread "C2 CompilerThread1" daemon [_thread_blocked, id=4368, stack(0x000000001dff0000,0x000000001e0f0000)]
=>0x000000001c888800 JavaThread "C2 CompilerThread0" daemon [_thread_in_native, id=4976, stack(0x000000001def0000,0x000000001dff0000)]
  0x000000001c887000 JavaThread "Attach Listener" daemon [_thread_blocked, id=4328, stack(0x000000001ddf0000,0x000000001def0000)]
  0x000000001c885800 JavaThread "Signal Dispatcher" daemon [_thread_blocked, id=2776, stack(0x000000001dcf0000,0x000000001ddf0000)]
  0x000000001c868800 JavaThread "Finalizer" daemon [_thread_blocked, id=9988, stack(0x000000001db10000,0x000000001dc10000)]
  0x000000001c846800 JavaThread "Reference Handler" daemon [_thread_blocked, id=5372, stack(0x000000001da10000,0x000000001db10000)]
  0x0000000002f7e800 JavaThread "main" [_thread_blocked, id=4736, stack(0x0000000002fb0000,0x00000000030b0000)]

Other Threads:
  0x000000001c845000 VMThread [stack: 0x000000001d910000,0x000000001da10000] [id=7140]
  0x000000001c8cd800 WatcherThread [stack: 0x000000001e2f0000,0x000000001e3f0000] [id=2788]

VM state:at safepoint (normal execution)

VM Mutex/Monitor currently owned by a thread:  ([mutex/lock_event])
[0x0000000002f7d350] Threads_lock - owner thread: 0x000000001c845000
[0x0000000002f7dbd0] Heap_lock - owner thread: 0x000000001e71b000

Heap:
 PSYoungGen      total 369664K, used 266240K [0x000000076ab00000, 0x0000000788000000, 0x00000007c0000000)
  eden space 266240K, 100% used [0x000000076ab00000,0x000000077af00000,0x000000077af00000)
  from space 103424K, 0% used [0x000000077af00000,0x000000077af00000,0x0000000781400000)
  to   space 96768K, 0% used [0x0000000781400000,0x0000000781400000,0x0000000787280000)
 ParOldGen       total 399360K, used 399149K [0x00000006c0000000, 0x00000006d8600000, 0x000000076ab00000)
  object space 399360K, 99% used [0x00000006c0000000,0x00000006d85cb798,0x00000006d8600000)
 Metaspace       used 6582K, capacity 7282K, committed 7552K, reserved 1056768K
  class space    used 600K, capacity 618K, committed 640K, reserved 1048576K

Card table byte_map: [0x0000000012570000,0x0000000012d80000] byte_map_base: 0x000000000ef70000

Marking Bits: (ParMarkBitMap*) 0x00000000560218f0
 Begin Bits: [0x00000000136e0000, 0x00000000176e0000)
 End Bits:   [0x00000000176e0000, 0x000000001b6e0000)

Polling page: 0x0000000002ea0000

CodeCache: size=245760Kb used=13545Kb max_used=13561Kb free=232214Kb
 bounds [0x00000000031b0000, 0x0000000003f10000, 0x00000000121b0000]
 total_blobs=2670 nmethods=2401 adapters=182
 compilation: enabled

Compilation events (10 events):
Event: 48.118 Thread 0x000000001c888800 3226       4       java.util.HashMap$HashIterator::<init> (79 bytes)
Event: 48.126 Thread 0x000000001c888800 nmethod 3226 0x000000000334f4d0 code [0x000000000334f620, 0x000000000334f8d8]
Event: 48.130 Thread 0x000000001c87a000 3227       4       com.android.dx.ssa.NormalSsaInsn::changeOneSource (120 bytes)
Event: 48.133 Thread 0x000000001c87d000 3228       3       java.util.ArrayDeque::poll (5 bytes)
Event: 48.133 Thread 0x000000001c87d000 nmethod 3228 0x0000000003675250 code [0x00000000036753c0, 0x0000000003675568]
Event: 48.133 Thread 0x000000001c87d000 3229       3       java.util.ArrayDeque::pollFirst (42 bytes)
Event: 48.133 Thread 0x000000001c87d000 nmethod 3229 0x0000000003307e50 code [0x0000000003307fc0, 0x00000000033082f0]
Event: 48.202 Thread 0x000000001c87a000 nmethod 3227 0x00000000035fc010 code [0x00000000035fc200, 0x00000000035fd398]
Event: 50.413 Thread 0x000000001c888800 3230       4       com.android.dx.ssa.SsaConverter::placePhiFunctions (394 bytes)
Event: 50.562 Thread 0x000000001c87a000 3231       4       com.android.dx.ssa.ConstCollector::getConstsSortedByCountUse (386 bytes)

GC Heap History (10 events):
Event: 38.556 GC heap before
{Heap before GC invocations=26 (full 7):
 PSYoungGen      total 369664K, used 297883K [0x000000076ab00000, 0x0000000788000000, 0x00000007c0000000)
  eden space 266240K, 100% used [0x000000076ab00000,0x000000077af00000,0x000000077af00000)
  from space 103424K, 30% used [0x000000077af00000,0x000000077cde6e60,0x0000000781400000)
  to   space 96768K, 0% used [0x0000000781400000,0x0000000781400000,0x0000000787280000)
 ParOldGen       total 399360K, used 399057K [0x00000006c0000000, 0x00000006d8600000, 0x000000076ab00000)
  object space 399360K, 99% used [0x00000006c0000000,0x00000006d85b44b8,0x00000006d8600000)
 Metaspace       used 6581K, capacity 7282K, committed 7552K, reserved 1056768K
  class space    used 600K, capacity 618K, committed 640K, reserved 1048576K
Event: 40.705 GC heap after
Heap after GC invocations=26 (full 7):
 PSYoungGen      total 369664K, used 108750K [0x000000076ab00000, 0x0000000788000000, 0x00000007c0000000)
  eden space 266240K, 40% used [0x000000076ab00000,0x0000000771533858,0x000000077af00000)
  from space 103424K, 0% used [0x000000077af00000,0x000000077af00000,0x0000000781400000)
  to   space 96768K, 0% used [0x0000000781400000,0x0000000781400000,0x0000000787280000)
 ParOldGen       total 399360K, used 399191K [0x00000006c0000000, 0x00000006d8600000, 0x000000076ab00000)
  object space 399360K, 99% used [0x00000006c0000000,0x00000006d85d5ea0,0x00000006d8600000)
 Metaspace       used 6581K, capacity 7282K, committed 7552K, reserved 1056768K
  class space    used 600K, capacity 618K, committed 640K, reserved 1048576K
}
Event: 42.341 GC heap before
{Heap before GC invocations=27 (full 8):
 PSYoungGen      total 369664K, used 266240K [0x000000076ab00000, 0x0000000788000000, 0x00000007c0000000)
  eden space 266240K, 100% used [0x000000076ab00000,0x000000077af00000,0x000000077af00000)
  from space 103424K, 0% used [0x000000077af00000,0x000000077af00000,0x0000000781400000)
  to   space 96768K, 0% used [0x0000000781400000,0x0000000781400000,0x0000000787280000)
 ParOldGen       total 399360K, used 399191K [0x00000006c0000000, 0x00000006d8600000, 0x000000076ab00000)
  object space 399360K, 99% used [0x00000006c0000000,0x00000006d85d5ea0,0x00000006d8600000)
 Metaspace       used 6582K, capacity 7282K, committed 7552K, reserved 1056768K
  class space    used 600K, capacity 618K, committed 640K, reserved 1048576K
Event: 44.033 GC heap after
Heap after GC invocations=27 (full 8):
 PSYoungGen      total 369664K, used 16889K [0x000000076ab00000, 0x0000000788000000, 0x00000007c0000000)
  eden space 266240K, 6% used [0x000000076ab00000,0x000000076bb7e720,0x000000077af00000)
  from space 103424K, 0% used [0x000000077af00000,0x000000077af00000,0x0000000781400000)
  to   space 96768K, 0% used [0x0000000781400000,0x0000000781400000,0x0000000787280000)
 ParOldGen       total 399360K, used 399218K [0x00000006c0000000, 0x00000006d8600000, 0x000000076ab00000)
  object space 399360K, 99% used [0x00000006c0000000,0x00000006d85dc988,0x00000006d8600000)
 Metaspace       used 6582K, capacity 7282K, committed 7552K, reserved 1056768K
  class space    used 600K, capacity 618K, committed 640K, reserved 1048576K
}
Event: 44.241 GC heap before
{Heap before GC invocations=28 (full 9):
 PSYoungGen      total 369664K, used 266240K [0x000000076ab00000, 0x0000000788000000, 0x00000007c0000000)
  eden space 266240K, 100% used [0x000000076ab00000,0x000000077af00000,0x000000077af00000)
  from space 103424K, 0% used [0x000000077af00000,0x000000077af00000,0x0000000781400000)
  to   space 96768K, 0% used [0x0000000781400000,0x0000000781400000,0x0000000787280000)
 ParOldGen       total 399360K, used 399218K [0x00000006c0000000, 0x00000006d8600000, 0x000000076ab00000)
  object space 399360K, 99% used [0x00000006c0000000,0x00000006d85dc988,0x00000006d8600000)
 Metaspace       used 6582K, capacity 7282K, committed 7552K, reserved 1056768K
  class space    used 600K, capacity 618K, committed 640K, reserved 1048576K
Event: 45.781 GC heap after
Heap after GC invocations=28 (full 9):
 PSYoungGen      total 369664K, used 132752K [0x000000076ab00000, 0x0000000788000000, 0x00000007c0000000)
  eden space 266240K, 49% used [0x000000076ab00000,0x0000000772ca4048,0x000000077af00000)
  from space 103424K, 0% used [0x000000077af00000,0x000000077af00000,0x0000000781400000)
  to   space 96768K, 0% used [0x0000000781400000,0x0000000781400000,0x0000000787280000)
 ParOldGen       total 399360K, used 398891K [0x00000006c0000000, 0x00000006d8600000, 0x000000076ab00000)
  object space 399360K, 99% used [0x00000006c0000000,0x00000006d858adf0,0x00000006d8600000)
 Metaspace       used 6582K, capacity 7282K, committed 7552K, reserved 1056768K
  class space    used 600K, capacity 618K, committed 640K, reserved 1048576K
}
Event: 46.103 GC heap before
{Heap before GC invocations=29 (full 10):
 PSYoungGen      total 369664K, used 266240K [0x000000076ab00000, 0x0000000788000000, 0x00000007c0000000)
  eden space 266240K, 100% used [0x000000076ab00000,0x000000077af00000,0x000000077af00000)
  from space 103424K, 0% used [0x000000077af00000,0x000000077af00000,0x0000000781400000)
  to   space 96768K, 0% used [0x0000000781400000,0x0000000781400000,0x0000000787280000)
 ParOldGen       total 399360K, used 398891K [0x00000006c0000000, 0x00000006d8600000, 0x000000076ab00000)
  object space 399360K, 99% used [0x00000006c0000000,0x00000006d858adf0,0x00000006d8600000)
 Metaspace       used 6582K, capacity 7282K, committed 7552K, reserved 1056768K
  class space    used 600K, capacity 618K, committed 640K, reserved 1048576K
Event: 48.009 GC heap after
Heap after GC invocations=29 (full 10):
 PSYoungGen      total 369664K, used 110174K [0x000000076ab00000, 0x0000000788000000, 0x00000007c0000000)
  eden space 266240K, 41% used [0x000000076ab00000,0x0000000771697990,0x000000077af00000)
  from space 103424K, 0% used [0x000000077af00000,0x000000077af00000,0x0000000781400000)
  to   space 96768K, 0% used [0x0000000781400000,0x0000000781400000,0x0000000787280000)
 ParOldGen       total 399360K, used 398905K [0x00000006c0000000, 0x00000006d8600000, 0x000000076ab00000)
  object space 399360K, 99% used [0x00000006c0000000,0x00000006d858e720,0x00000006d8600000)
 Metaspace       used 6582K, capacity 7282K, committed 7552K, reserved 1056768K
  class space    used 600K, capacity 618K, committed 640K, reserved 1048576K
}
Event: 49.005 GC heap before
{Heap before GC invocations=30 (full 11):
 PSYoungGen      total 369664K, used 266240K [0x000000076ab00000, 0x0000000788000000, 0x00000007c0000000)
  eden space 266240K, 100% used [0x000000076ab00000,0x000000077af00000,0x000000077af00000)
  from space 103424K, 0% used [0x000000077af00000,0x000000077af00000,0x0000000781400000)
  to   space 96768K, 0% used [0x0000000781400000,0x0000000781400000,0x0000000787280000)
 ParOldGen       total 399360K, used 398905K [0x00000006c0000000, 0x00000006d8600000, 0x000000076ab00000)
  object space 399360K, 99% used [0x00000006c0000000,0x00000006d858e720,0x00000006d8600000)
 Metaspace       used 6582K, capacity 7282K, committed 7552K, reserved 1056768K
  class space    used 600K, capacity 618K, committed 640K, reserved 1048576K
Event: 50.412 GC heap after
Heap after GC invocations=30 (full 11):
 PSYoungGen      total 369664K, used 75242K [0x000000076ab00000, 0x0000000788000000, 0x00000007c0000000)
  eden space 266240K, 28% used [0x000000076ab00000,0x000000076f47ab20,0x000000077af00000)
  from space 103424K, 0% used [0x000000077af00000,0x000000077af00000,0x0000000781400000)
  to   space 96768K, 0% used [0x0000000781400000,0x0000000781400000,0x0000000787280000)
 ParOldGen       total 399360K, used 399149K [0x00000006c0000000, 0x00000006d8600000, 0x000000076ab00000)
  object space 399360K, 99% used [0x00000006c0000000,0x00000006d85cb798,0x00000006d8600000)
 Metaspace       used 6582K, capacity 7282K, committed 7552K, reserved 1056768K
  class space    used 600K, capacity 618K, committed 640K, reserved 1048576K
}

Deoptimization events (10 events):
Event: 40.723 Thread 0x000000001e71a000 Uncommon trap: reason=class_check action=maybe_recompile pc=0x0000000003cdade8 method=com.android.dx.ssa.back.InterferenceGraph.mergeInterferenceSet(ILcom/android/dx/util/IntSet;)V @ 20
Event: 40.723 Thread 0x000000001e71a000 Uncommon trap: reason=class_check action=maybe_recompile pc=0x00000000032d190c method=com.android.dx.util.BitIntSet.merge(Lcom/android/dx/util/IntSet;)V @ 1
Event: 40.724 Thread 0x000000001e71a000 Uncommon trap: reason=class_check action=maybe_recompile pc=0x0000000003cdade8 method=com.android.dx.ssa.back.InterferenceGraph.mergeInterferenceSet(ILcom/android/dx/util/IntSet;)V @ 20
Event: 40.724 Thread 0x000000001e71a000 Uncommon trap: reason=class_check action=maybe_recompile pc=0x00000000032d190c method=com.android.dx.util.BitIntSet.merge(Lcom/android/dx/util/IntSet;)V @ 1
Event: 40.724 Thread 0x000000001e71a000 Uncommon trap: reason=class_check action=maybe_recompile pc=0x0000000003cdade8 method=com.android.dx.ssa.back.InterferenceGraph.mergeInterferenceSet(ILcom/android/dx/util/IntSet;)V @ 20
Event: 40.724 Thread 0x000000001e71a000 Uncommon trap: reason=class_check action=maybe_recompile pc=0x00000000032d190c method=com.android.dx.util.BitIntSet.merge(Lcom/android/dx/util/IntSet;)V @ 1
Event: 40.730 Thread 0x000000001e71a000 Uncommon trap: reason=class_check action=maybe_recompile pc=0x0000000003cff5f4 method=com.android.dx.ssa.back.InterferenceGraph.mergeInterferenceSet(ILcom/android/dx/util/IntSet;)V @ 20
Event: 40.730 Thread 0x000000001e71a000 Uncommon trap: reason=class_check action=maybe_recompile pc=0x00000000032d190c method=com.android.dx.util.BitIntSet.merge(Lcom/android/dx/util/IntSet;)V @ 1
Event: 40.730 Thread 0x000000001e71a000 Uncommon trap: reason=class_check action=maybe_recompile pc=0x0000000003cdade8 method=com.android.dx.ssa.back.InterferenceGraph.mergeInterferenceSet(ILcom/android/dx/util/IntSet;)V @ 20
Event: 44.156 Thread 0x000000001e71a000 Uncommon trap: reason=class_check action=maybe_recompile pc=0x0000000003b67380 method=com.android.dx.ssa.SsaConverter.placePhiFunctions(Lcom/android/dx/ssa/SsaMethod;Lcom/android/dx/ssa/LocalVariableInfo;I)V @ 257

Internal exceptions (7 events):
Event: 0.493 Thread 0x0000000002f7e800 Exception <a 'java/lang/NoSuchMethodError': Method sun.misc.Unsafe.defineClass(Ljava/lang/String;[BII)Ljava/lang/Class; name or signature does not match> (0x000000076ab07c78) thrown at [C:\src\android\AOSP-openjdk\external\jetbrains\jdk\hotspot\src\share\v&¢]øèﬂ?
Event: 0.493 Thread 0x0000000002f7e800 Exception <a 'java/lang/NoSuchMethodError': Method sun.misc.Unsafe.prefetchRead(Ljava/lang/Object;J)V name or signature does not match> (0x000000076ab07f60) thrown at [C:\src\android\AOSP-openjdk\external\jetbrains\jdk\hotspot\src\share\vm\prims\jni.cpp, lQJ∂¥ke@
Event: 4.349 Thread 0x000000001e71b000 Exception <a 'java/lang/ArrayIndexOutOfBoundsException': 18> (0x000000076cce60b0) thrown at [C:\src\android\AOSP-openjdk\external\jetbrains\jdk\hotspot\src\share\vm\interpreter\interpreterRuntime.cpp, line 366]
Event: 4.350 Thread 0x000000001e71b000 Exception <a 'java/lang/ArrayIndexOutOfBoundsException': 145> (0x000000076cce7c30) thrown at [C:\src\android\AOSP-openjdk\external\jetbrains\jdk\hotspot\src\share\vm\interpreter\interpreterRuntime.cpp, line 366]
Event: 4.382 Thread 0x000000001e71b000 Exception <a 'java/lang/ArrayIndexOutOfBoundsException'> (0x000000076cce8f18) thrown at [C:\src\android\AOSP-openjdk\external\jetbrains\jdk\hotspot\src\share\vm\runtime\sharedRuntime.cpp, line 605]
Event: 26.674 Thread 0x0000000002f7e800 Implicit null exception at 0x00000000039ed671 to 0x00000000039ee6d5
Event: 32.763 Thread 0x0000000002f7e800 Implicit null exception at 0x00000000033a55ec to 0x00000000033a560e

Events (10 events):
Event: 50.413 Thread 0x000000001e71a000 DEOPT PACKING pc=0x0000000003c98fc9 sp=0x000000001f2eeda0
Event: 50.413 Thread 0x000000001e71a000 DEOPT UNPACKING pc=0x00000000031f75bf sp=0x000000001f2eebd0 mode 0
Event: 50.510 Thread 0x000000001e71c000 DEOPT PACKING pc=0x0000000003c98fc9 sp=0x000000001f4ee7a0
Event: 50.510 Thread 0x000000001e71c000 DEOPT UNPACKING pc=0x00000000031f75bf sp=0x000000001f4ee5d0 mode 0
Event: 50.517 Thread 0x000000001e71b000 DEOPT PACKING pc=0x0000000003c98fc9 sp=0x000000001f3eeaf0
Event: 50.517 Thread 0x000000001e71b000 DEOPT UNPACKING pc=0x00000000031f75bf sp=0x000000001f3ee920 mode 0
Event: 50.522 Thread 0x000000001e71b000 DEOPT PACKING pc=0x0000000003c91f5c sp=0x000000001f3eea90
Event: 50.522 Thread 0x000000001e71b000 DEOPT UNPACKING pc=0x00000000031f75bf sp=0x000000001f3ee920 mode 0
Event: 50.565 Thread 0x000000001e71a000 DEOPT PACKING pc=0x000000000356ed6e sp=0x000000001f2eed20
Event: 50.565 Thread 0x000000001e71a000 DEOPT UNPACKING pc=0x00000000031f75bf sp=0x000000001f2eeb28 mode 0


Dynamic libraries:
0x00007ff6f9e60000 - 0x00007ff6f9e91000 	C:\Program Files\Android\Android Studio\jre\bin\java.exe
0x00007ffb52ea0000 - 0x00007ffb53061000 	C:\WINDOWS\SYSTEM32\ntdll.dll
0x00007ffb528f0000 - 0x00007ffb5299d000 	C:\WINDOWS\system32\KERNEL32.DLL
0x00007ffb4fed0000 - 0x00007ffb500b8000 	C:\WINDOWS\system32\KERNELBASE.dll
0x00007ffb52c60000 - 0x00007ffb52d07000 	C:\WINDOWS\system32\ADVAPI32.dll
0x00007ffb51a20000 - 0x00007ffb51abd000 	C:\WINDOWS\system32\msvcrt.dll
0x00007ffb502a0000 - 0x00007ffb502fb000 	C:\WINDOWS\system32\sechost.dll
0x00007ffb51f90000 - 0x00007ffb520ac000 	C:\WINDOWS\system32\RPCRT4.dll
0x00007ffb52790000 - 0x00007ffb528e6000 	C:\WINDOWS\system32\USER32.dll
0x00007ffb52ad0000 - 0x00007ffb52c57000 	C:\WINDOWS\system32\GDI32.dll
0x00007ffb49b90000 - 0x00007ffb49e04000 	C:\WINDOWS\WinSxS\amd64_microsoft.windows.common-controls_6595b64144ccf1df_6.0.10586.839_none_a2ddba30a539a2ae\COMCTL32.dll
0x00007ffb51ac0000 - 0x00007ffb51d3e000 	C:\WINDOWS\system32\combase.dll
0x00007ffb4fe60000 - 0x00007ffb4feca000 	C:\WINDOWS\system32\bcryptPrimitives.dll
0x00007ffb51f50000 - 0x00007ffb51f8b000 	C:\WINDOWS\system32\IMM32.DLL
0x0000000056930000 - 0x0000000056a02000 	C:\Program Files\Android\Android Studio\jre\jre\bin\msvcr100.dll
0x0000000055860000 - 0x000000005609c000 	C:\Program Files\Android\Android Studio\jre\jre\bin\server\jvm.dll
0x00007ffb52e90000 - 0x00007ffb52e98000 	C:\WINDOWS\system32\PSAPI.DLL
0x00007ffb4ac60000 - 0x00007ffb4ac6a000 	C:\WINDOWS\SYSTEM32\VERSION.dll
0x00007ffb4db90000 - 0x00007ffb4dbb3000 	C:\WINDOWS\SYSTEM32\WINMM.dll
0x00007ffb43cb0000 - 0x00007ffb43cb9000 	C:\WINDOWS\SYSTEM32\WSOCK32.dll
0x00007ffb520b0000 - 0x00007ffb5211b000 	C:\WINDOWS\system32\WS2_32.dll
0x00007ffb4da50000 - 0x00007ffb4da7c000 	C:\WINDOWS\SYSTEM32\WINMMBASE.dll
0x00007ffb50250000 - 0x00007ffb50293000 	C:\WINDOWS\system32\cfgmgr32.dll
0x00007ffb4cd30000 - 0x00007ffb4cd3f000 	C:\Program Files\Android\Android Studio\jre\jre\bin\verify.dll
0x00007ffb423e0000 - 0x00007ffb42409000 	C:\Program Files\Android\Android Studio\jre\jre\bin\java.dll
0x00007ffb462f0000 - 0x00007ffb46306000 	C:\Program Files\Android\Android Studio\jre\jre\bin\zip.dll
0x00007ffb50370000 - 0x00007ffb518cc000 	C:\WINDOWS\system32\SHELL32.dll
0x00007ffb4f810000 - 0x00007ffb4fe54000 	C:\WINDOWS\system32\windows.storage.dll
0x00007ffb526b0000 - 0x00007ffb52702000 	C:\WINDOWS\system32\shlwapi.dll
0x00007ffb4f4e0000 - 0x00007ffb4f4ef000 	C:\WINDOWS\system32\kernel.appcore.dll
0x00007ffb500c0000 - 0x00007ffb50175000 	C:\WINDOWS\system32\shcore.dll
0x00007ffb4f4f0000 - 0x00007ffb4f53b000 	C:\WINDOWS\system32\powrprof.dll
0x00007ffb4f4c0000 - 0x00007ffb4f4d4000 	C:\WINDOWS\system32\profapi.dll

VM Arguments:
jvm_args: -Djava.awt.headless=true -Xmx4g -Dfile.encoding=windows-1252 -Duser.country=GB -Duser.language=en -Duser.variant 
java_command: com.android.dx.command.Main --dex --num-threads=4 --multi-dex --output C:\Users\Thomas\AndroidStudioProjects\MrWhemps\app\build\intermediates\transforms\dex\debug\folders\1000\1f\main C:\Users\Thomas\.android\build-cache\05871eedfce2dcf873dcdd754d0cbebb345369c6\output\jars\classes.jar C:\Users\Thomas\.android\build-cache\c035d209dc85e901112727329dfe6f9f01c1ce61\output\jars\classes.jar C:\Users\Thomas\.android\build-cache\d983e928f475a371fe17abe76ff9b41eeeeeb559\output\jars\classes.jar C:\Users\Thomas\.android\build-cache\26c25ce29190776a7560404c1e489d144d6d0926\output\jars\classes.jar C:\Users\Thomas\.android\build-cache\1f35f79bab637d3f3385e25350e43eaf069a6739\output\jars\classes.jar C:\Users\Thomas\.android\build-cache\886e042d9e04dc578b5c3b85feace0c38f9c9549\output\jars\classes.jar C:\Users\Thomas\.android\build-cache\2d7d8df77a4d350179abed3b280eb365d0e259b7\output\jars\classes.jar C:\Users\Thomas\AndroidStudioProjects\MrWhemps\app\build\intermediates\classes\debug C:\Users\Thomas\.android\build-cache\ca26e87996c91ec2af206663873a62ecc258d857\output\jars\classes.jar C:\Users\Thomas\.android\build-cache\d3ddb5fd308d0c95d0c2cbab3d3a5e067ed8c139\output\jars\classes.jar C:\Users\Thomas\.android\build-cache\a40face1779b5f63ebc69c7a041bb389d9e2aeaa\output\jars\classes.jar C:\Users\Thomas\.android\build-cache\1a80815fa1cabec9d95b6f499e6003546e9a5e0a\output\jars\classes.jar C:\Users\Thomas\.android\build-cache\8543d1a7491be48cb155f838fd0742e214548a76\output\jars\libs\internal_impl-23.4.0.jar C:\Users\Thomas\AppData\Local\Android\sdk\extras\android\m2repository\com\android\support\support-annotations\23.4.0\support-annotations-23.4.0.jar C:\Users\Thomas\.android\build-cache\83affc0063109f1726aea85feca9b67d8bb3983d\output\jars\classes.jar C:\Users\Thomas\.android\build-cache\2041198a1fc14bed19c94cf7486e04c1fd98ae5a\output\jars\classes.jar C:\Users\Thomas\.android\build-cache\bd3e7aac257414cd6b17237e4ba6171c895bad98\output\jars\classes.jar C:\Users\Thomas\.an
java_class_path (initial): C:\Users\Thomas\AppData\Local\Android\sdk\build-tools\25.0.0\lib\dx.jar
Launcher Type: SUN_STANDARD

Environment Variables:
PATH=C:\Program Files (x86)\Intel\iCLS Client\;C:\Program Files\Intel\iCLS Client\;C:\Windows\system32;C:\Windows;C:\Windows\System32\Wbem;C:\Windows\System32\WindowsPowerShell\v1.0\;C:\Program Files (x86)\Intel\OpenCL SDK\2.0\bin\x86;C:\Program Files (x86)\Intel\OpenCL SDK\2.0\bin\x64;C:\Program Files\Intel\Intel(R) Management Engine Components\DAL;C:\Program Files\Intel\Intel(R) Management Engine Components\IPT;C:\Program Files (x86)\Intel\Intel(R) Management Engine Components\DAL;C:\Program Files (x86)\Intel\Intel(R) Management Engine Components\IPT;C:\Program Files (x86)\Windows Live\Shared;C:\Users\Thomas\AppData\Local\Smartbar\Application\;C:\WINDOWS\system32;C:\WINDOWS;C:\WINDOWS\System32\Wbem;C:\WINDOWS\System32\WindowsPowerShell\v1.0\;C:\Program Files\Microsoft SQL Server\110\Tools\Binn\;C:\Program Files\Microsoft SQL Server\120\Tools\Binn\;C:\Program Files\MiKTeX 2.9\miktex\bin\;C:\Program Files\MiKTeX 2.9\gs\gs8.71\bin\;C:\Program Files\Git\cmd;C:\Program Files (x86)\Skype\Phone\;C:\Program Files\Microsoft SQL Server\130\Tools\Binn\;C:\Program Files (x86)\Windows Kits\10\Windows Performance Toolkit\;C:\Program Files
USERNAME=Thomas
OS=Windows_NT
PROCESSOR_IDENTIFIER=Intel64 Family 6 Model 42 Stepping 7, GenuineIntel



---------------  S Y S T E M  ---------------

OS: Windows 10.0 , 64 bit Build 10586 (10.0.10586.589)

CPU:total 4 (2 cores per cpu, 2 threads per core) family 6 model 42 stepping 7, cmov, cx8, fxsr, mmx, sse, sse2, sse3, ssse3, sse4.1, sse4.2, popcnt, avx, clmul, ht, tsc, tscinvbit

Memory: 4k page, physical 4075196k(270504k free), swap 6565564k(4232k free)

vm_info: OpenJDK 64-Bit Server VM (25.112-b06) for windows-amd64 JRE (1.8.0_112-release-b06), built on Dec  8 2016 00:54:26 by "builder" with MS VC++ 10.0 (VS2010)

time: Wed Sep 06 21:28:13 2017
elapsed time: 50 seconds (0d 0h 0m 50s)

