#
# There is insufficient memory for the Java Runtime Environment to continue.
# Native memory allocation (malloc) failed to allocate 96560 bytes for Chunk::new
# Possible reasons:
#   The system is out of physical RAM or swap space
#   In 32 bit mode, the process size limit was hit
# Possible solutions:
#   Reduce memory load on the system
#   Increase physical memory or swap space
#   Check if swap backing store is full
#   Use 64 bit Java on a 64 bit OS
#   Decrease Java heap size (-Xmx/-Xms)
#   Decrease number of Java threads
#   Decrease Java thread stack sizes (-Xss)
#   Set larger code cache with -XX:ReservedCodeCacheSize=
# This output file may be truncated or incomplete.
#
#  Out of Memory Error (allocation.cpp:390), pid=7044, tid=0x0000000000002e3c
#
# JRE version: OpenJDK Runtime Environment (8.0_76-b03) (build 1.8.0_76-release-b03)
# Java VM: OpenJDK 64-Bit Server VM (25.76-b03 mixed mode windows-amd64 compressed oops)
# Failed to write core dump. Minidumps are not enabled by default on client versions of Windows
#

---------------  T H R E A D  ---------------

Current thread (0x0000000014eac800):  JavaThread "C2 CompilerThread0" daemon [_thread_in_native, id=11836, stack(0x00000000164e0000,0x00000000165e0000)]

Stack: [0x00000000164e0000,0x00000000165e0000]
[error occurred during error reporting (printing stack bounds), id 0xc0000005]

Native frames: (J=compiled Java code, j=interpreted, Vv=VM code, C=native code)


Current CompileTask:
C2:   2165 1199       4       com.android.dx.rop.code.RopMethod::labelToPredecessors (54 bytes)


---------------  P R O C E S S  ---------------

Java Threads: ( => current thread )
  0x0000000016ab1000 JavaThread "pool-2-thread-4" [_thread_blocked, id=7868, stack(0x00000000171e0000,0x00000000172e0000)]
  0x0000000016aaa800 JavaThread "pool-2-thread-3" [_thread_blocked, id=10884, stack(0x00000000170e0000,0x00000000171e0000)]
  0x0000000016aa9800 JavaThread "pool-2-thread-2" [_thread_in_Java, id=6848, stack(0x0000000016fe0000,0x00000000170e0000)]
  0x0000000016aa4800 JavaThread "pool-3-thread-1" [_thread_blocked, id=11640, stack(0x0000000016ee0000,0x0000000016fe0000)]
  0x0000000016aa4000 JavaThread "pool-2-thread-1" [_thread_blocked, id=10888, stack(0x0000000016de0000,0x0000000016ee0000)]
  0x00000000167fc000 JavaThread "Service Thread" daemon [_thread_blocked, id=13248, stack(0x0000000016be0000,0x0000000016ce0000)]
  0x0000000014f0c000 JavaThread "C1 CompilerThread2" daemon [_thread_in_native, id=2948, stack(0x00000000166e0000,0x00000000167e0000)]
  0x0000000014eaf800 JavaThread "C2 CompilerThread1" daemon [_thread_blocked, id=6844, stack(0x00000000165e0000,0x00000000166e0000)]
=>0x0000000014eac800 JavaThread "C2 CompilerThread0" daemon [_thread_in_native, id=11836, stack(0x00000000164e0000,0x00000000165e0000)]
  0x0000000014eab000 JavaThread "Attach Listener" daemon [_thread_blocked, id=12328, stack(0x00000000163e0000,0x00000000164e0000)]
  0x0000000014eaa000 JavaThread "Signal Dispatcher" daemon [_thread_blocked, id=7592, stack(0x00000000162e0000,0x00000000163e0000)]
  0x0000000014e98800 JavaThread "Finalizer" daemon [_thread_blocked, id=11936, stack(0x0000000016100000,0x0000000016200000)]
  0x00000000027d0800 JavaThread "Reference Handler" daemon [_thread_blocked, id=11088, stack(0x0000000016000000,0x0000000016100000)]
  0x0000000000d9d800 JavaThread "main" [_thread_in_Java, id=13856, stack(0x00000000025e0000,0x00000000026e0000)]

Other Threads:
  0x0000000014e75000 VMThread [stack: 0x0000000015f00000,0x0000000016000000] [id=13912]
  0x00000000167fe800 WatcherThread [stack: 0x0000000016ce0000,0x0000000016de0000] [id=4228]

VM state:not at safepoint (normal execution)

VM Mutex/Monitor currently owned by a thread: None

Heap:
 PSYoungGen      total 18944K, used 12717K [0x00000000eab00000, 0x00000000ed000000, 0x0000000100000000)
  eden space 16384K, 62% used [0x00000000eab00000,0x00000000eb4ecc50,0x00000000ebb00000)
  from space 2560K, 99% used [0x00000000ebb00000,0x00000000ebd7eab8,0x00000000ebd80000)
  to   space 2560K, 0% used [0x00000000ecd80000,0x00000000ecd80000,0x00000000ed000000)
 ParOldGen       total 44032K, used 1486K [0x00000000c0000000, 0x00000000c2b00000, 0x00000000eab00000)
  object space 44032K, 3% used [0x00000000c0000000,0x00000000c0173830,0x00000000c2b00000)
 Metaspace       used 5935K, capacity 6896K, committed 7040K, reserved 1056768K
  class space    used 572K, capacity 616K, committed 640K, reserved 1048576K

Card table byte_map: [0x0000000011ba0000,0x0000000011db0000] byte_map_base: 0x00000000115a0000

Marking Bits: (ParMarkBitMap*) 0x000000005c809d00
 Begin Bits: [0x0000000012310000, 0x0000000013310000)
 End Bits:   [0x0000000013310000, 0x0000000014310000)

Polling page: 0x0000000000cb0000

CodeCache: size=245760Kb used=4746Kb max_used=4750Kb free=241013Kb
 bounds [0x00000000027e0000, 0x0000000002c90000, 0x00000000117e0000]
 total_blobs=1461 nmethods=1190 adapters=184
 compilation: enabled

Compilation events (10 events):
Event: 2.135 Thread 0x0000000014f0c000 nmethod 1200 0x0000000002c77f10 code [0x0000000002c780a0, 0x0000000002c786f0]
Event: 2.136 Thread 0x0000000014f0c000 1201       3       com.android.dx.ssa.DomFront::run (264 bytes)
Event: 2.142 Thread 0x0000000014f0c000 nmethod 1201 0x0000000002c7f310 code [0x0000000002c7f880, 0x0000000002c82ee8]
Event: 2.144 Thread 0x0000000014f0c000 1202       3       com.android.dx.cf.code.Merger::mergeType (142 bytes)
Event: 2.146 Thread 0x0000000014f0c000 nmethod 1202 0x0000000002c7c050 code [0x0000000002c7c300, 0x0000000002c7d788]
Event: 2.147 Thread 0x0000000014eaf800 1203       4       com.android.dx.ssa.SsaMethod::bitSetFromLabelList (47 bytes)
Event: 2.158 Thread 0x0000000014eaf800 nmethod 1203 0x0000000002c86950 code [0x0000000002c86ac0, 0x0000000002c86f48]
Event: 2.160 Thread 0x0000000014f0c000 1204       3       com.android.dx.ssa.LocalVariableExtractor::doit (59 bytes)
Event: 2.161 Thread 0x0000000014f0c000 nmethod 1204 0x0000000002c7b750 code [0x0000000002c7b900, 0x0000000002c7be48]
Event: 2.161 Thread 0x0000000014eaf800 1205       4       com.android.dx.rop.code.RegisterSpec::make (7 bytes)

GC Heap History (2 events):
Event: 1.268 GC heap before
{Heap before GC invocations=1 (full 0):
 PSYoungGen      total 18944K, used 16384K [0x00000000eab00000, 0x00000000ec000000, 0x0000000100000000)
  eden space 16384K, 100% used [0x00000000eab00000,0x00000000ebb00000,0x00000000ebb00000)
  from space 2560K, 0% used [0x00000000ebd80000,0x00000000ebd80000,0x00000000ec000000)
  to   space 2560K, 0% used [0x00000000ebb00000,0x00000000ebb00000,0x00000000ebd80000)
 ParOldGen       total 44032K, used 0K [0x00000000c0000000, 0x00000000c2b00000, 0x00000000eab00000)
  object space 44032K, 0% used [0x00000000c0000000,0x00000000c0000000,0x00000000c2b00000)
 Metaspace       used 5712K, capacity 6704K, committed 6784K, reserved 1056768K
  class space    used 572K, capacity 616K, committed 640K, reserved 1048576K
Event: 1.319 GC heap after
Heap after GC invocations=1 (full 0):
 PSYoungGen      total 18944K, used 2554K [0x00000000eab00000, 0x00000000ed000000, 0x0000000100000000)
  eden space 16384K, 0% used [0x00000000eab00000,0x00000000eab00000,0x00000000ebb00000)
  from space 2560K, 99% used [0x00000000ebb00000,0x00000000ebd7eab8,0x00000000ebd80000)
  to   space 2560K, 0% used [0x00000000ecd80000,0x00000000ecd80000,0x00000000ed000000)
 ParOldGen       total 44032K, used 1486K [0x00000000c0000000, 0x00000000c2b00000, 0x00000000eab00000)
  object space 44032K, 3% used [0x00000000c0000000,0x00000000c0173830,0x00000000c2b00000)
 Metaspace       used 5712K, capacity 6704K, committed 6784K, reserved 1056768K
  class space    used 572K, capacity 616K, committed 640K, reserved 1048576K
}

Deoptimization events (10 events):
Event: 1.004 Thread 0x0000000016aa4000 Uncommon trap: reason=class_check action=maybe_recompile pc=0x0000000002a28fb0 method=com.android.dx.ssa.NormalSsaInsn.accept(Lcom/android/dx/ssa/SsaInsn$Visitor;)V @ 9
Event: 1.004 Thread 0x0000000016aa4000 Uncommon trap: reason=class_check action=maybe_recompile pc=0x0000000002a28fb0 method=com.android.dx.ssa.NormalSsaInsn.accept(Lcom/android/dx/ssa/SsaInsn$Visitor;)V @ 9
Event: 1.004 Thread 0x0000000016aa4000 Uncommon trap: reason=class_check action=maybe_recompile pc=0x0000000002a28fb0 method=com.android.dx.ssa.NormalSsaInsn.accept(Lcom/android/dx/ssa/SsaInsn$Visitor;)V @ 9
Event: 1.044 Thread 0x0000000016ab1000 Uncommon trap: reason=unstable_if action=reinterpret pc=0x00000000029d6960 method=java.util.HashMap.getNode(ILjava/lang/Object;)Ljava/util/HashMap$Node; @ 62
Event: 1.209 Thread 0x0000000016aaa800 Uncommon trap: reason=unstable_if action=reinterpret pc=0x0000000002a0af70 method=java.util.BitSet.nextSetBit(I)I @ 87
Event: 1.250 Thread 0x0000000016aa4000 Uncommon trap: reason=unstable_if action=reinterpret pc=0x0000000002aa3704 method=com.android.dx.rop.code.RegisterSpec.equals(ILcom/android/dx/rop/type/TypeBearer;Lcom/android/dx/rop/code/LocalItem;)Z @ 16
Event: 1.250 Thread 0x0000000016aa4000 Uncommon trap: reason=unstable_if action=reinterpret pc=0x0000000002a8a798 method=com.android.dx.rop.code.RegisterSpec.equals(ILcom/android/dx/rop/type/TypeBearer;Lcom/android/dx/rop/code/LocalItem;)Z @ 16
Event: 1.259 Thread 0x0000000000d9d800 Uncommon trap: reason=unstable_if action=reinterpret pc=0x0000000002a6cd88 method=java.lang.String.<init>([CII)V @ 18
Event: 1.464 Thread 0x0000000016aa4000 Uncommon trap: reason=unstable_if action=reinterpret pc=0x0000000002ae7580 method=com.android.dx.rop.code.RegisterSpec.equals(ILcom/android/dx/rop/type/TypeBearer;Lcom/android/dx/rop/code/LocalItem;)Z @ 16
Event: 1.481 Thread 0x0000000016aa4000 Uncommon trap: reason=unstable_if action=reinterpret pc=0x0000000002a174a4 method=java.util.HashMap.getNode(ILjava/lang/Object;)Ljava/util/HashMap$Node; @ 62

Internal exceptions (2 events):
Event: 0.048 Thread 0x0000000000d9d800 Exception <a 'java/lang/NoSuchMethodError': Method sun.misc.Unsafe.defineClass(Ljava/lang/String;[BII)Ljava/lang/Class; name or signature does not match> (0x00000000eab07cc0) thrown at [C:\src\android\AOSP-openjdk\external\jetbrains\jdk\hotspot\src\share\v,wýÁ.–¨?
Event: 0.048 Thread 0x0000000000d9d800 Exception <a 'java/lang/NoSuchMethodError': Method sun.misc.Unsafe.prefetchRead(Ljava/lang/Object;J)V name or signature does not match> (0x00000000eab07fa8) thrown at [C:\src\android\AOSP-openjdk\external\jetbrains\jdk\hotspot\src\share\vm\prims\jni.cpp, l

Events (10 events):
Event: 1.268 Executing VM operation: ParallelGCFailedAllocation
Event: 1.319 Executing VM operation: ParallelGCFailedAllocation done
Event: 1.464 Thread 0x0000000016aa4000 Uncommon trap: trap_request=0xffffff65 fr.pc=0x0000000002ae7580
Event: 1.464 Thread 0x0000000016aa4000 DEOPT PACKING pc=0x0000000002ae7580 sp=0x0000000016eded20
Event: 1.464 Thread 0x0000000016aa4000 DEOPT UNPACKING pc=0x000000000282556a sp=0x0000000016edeaa8 mode 2
Event: 1.481 Thread 0x0000000016aa4000 Uncommon trap: trap_request=0xffffff65 fr.pc=0x0000000002a174a4
Event: 1.481 Thread 0x0000000016aa4000 DEOPT PACKING pc=0x0000000002a174a4 sp=0x0000000016edebb0
Event: 1.481 Thread 0x0000000016aa4000 DEOPT UNPACKING pc=0x000000000282556a sp=0x0000000016edeae0 mode 2
Event: 2.096 Executing VM operation: ForceSafepoint
Event: 2.098 Executing VM operation: ForceSafepoint done


Dynamic libraries:
0x00007ff6c7d80000 - 0x00007ff6c7db1000 	C:\Program Files\Android\Android Studio\jre\bin\java.exe
0x00007ffd40960000 - 0x00007ffd40b21000 	C:\WINDOWS\SYSTEM32\ntdll.dll
0x00007ffd3e080000 - 0x00007ffd3e12d000 	C:\WINDOWS\system32\KERNEL32.DLL
0x00007ffd3dab0000 - 0x00007ffd3dc98000 	C:\WINDOWS\system32\KERNELBASE.dll
0x00007ffd40460000 - 0x00007ffd40507000 	C:\WINDOWS\system32\ADVAPI32.dll
0x00007ffd3e980000 - 0x00007ffd3ea1d000 	C:\WINDOWS\system32\msvcrt.dll
0x00007ffd3e8b0000 - 0x00007ffd3e90b000 	C:\WINDOWS\system32\sechost.dll
0x00007ffd3e130000 - 0x00007ffd3e24c000 	C:\WINDOWS\system32\RPCRT4.dll
0x00007ffd3df20000 - 0x00007ffd3e076000 	C:\WINDOWS\system32\USER32.dll
0x00007ffd3dd80000 - 0x00007ffd3df06000 	C:\WINDOWS\system32\GDI32.dll
0x00007ffd38ad0000 - 0x00007ffd38d44000 	C:\WINDOWS\WinSxS\amd64_microsoft.windows.common-controls_6595b64144ccf1df_6.0.10586.672_none_a2d6b3cea53ff843\COMCTL32.dll
0x00007ffd3e250000 - 0x00007ffd3e4cd000 	C:\WINDOWS\system32\combase.dll
0x00007ffd3d8b0000 - 0x00007ffd3d91a000 	C:\WINDOWS\system32\bcryptPrimitives.dll
0x00007ffd40510000 - 0x00007ffd4054b000 	C:\WINDOWS\system32\IMM32.DLL
0x000000005be90000 - 0x000000005bf62000 	C:\Program Files\Android\Android Studio\jre\jre\bin\msvcr100.dll
0x000000005c050000 - 0x000000005c884000 	C:\Program Files\Android\Android Studio\jre\jre\bin\server\jvm.dll
0x00007ffd3df10000 - 0x00007ffd3df18000 	C:\WINDOWS\system32\PSAPI.DLL
0x00007ffd32730000 - 0x00007ffd32739000 	C:\WINDOWS\SYSTEM32\WSOCK32.dll
0x00007ffd39a80000 - 0x00007ffd39aa3000 	C:\WINDOWS\SYSTEM32\WINMM.dll
0x00007ffd3e910000 - 0x00007ffd3e97b000 	C:\WINDOWS\system32\WS2_32.dll
0x0000000000980000 - 0x00000000009ac000 	C:\WINDOWS\SYSTEM32\WINMMBASE.dll
0x00007ffd3d920000 - 0x00007ffd3d963000 	C:\WINDOWS\system32\cfgmgr32.dll
0x00007ffd33a10000 - 0x00007ffd33a1a000 	C:\WINDOWS\SYSTEM32\VERSION.dll
0x00007ffd34130000 - 0x00007ffd3413f000 	C:\Program Files\Android\Android Studio\jre\jre\bin\verify.dll
0x00007ffd32f70000 - 0x00007ffd32f99000 	C:\Program Files\Android\Android Studio\jre\jre\bin\java.dll
0x00007ffd2ffd0000 - 0x00007ffd2ffe6000 	C:\Program Files\Android\Android Studio\jre\jre\bin\zip.dll
0x00007ffd3ef00000 - 0x00007ffd4045c000 	C:\WINDOWS\system32\SHELL32.dll
0x00007ffd3d090000 - 0x00007ffd3d6d5000 	C:\WINDOWS\system32\windows.storage.dll
0x00007ffd406d0000 - 0x00007ffd40722000 	C:\WINDOWS\system32\shlwapi.dll
0x00007ffd3d000000 - 0x00007ffd3d00f000 	C:\WINDOWS\system32\kernel.appcore.dll
0x00007ffd3dca0000 - 0x00007ffd3dd55000 	C:\WINDOWS\system32\shcore.dll
0x00007ffd3cfb0000 - 0x00007ffd3cffb000 	C:\WINDOWS\system32\powrprof.dll
0x00007ffd3cf90000 - 0x00007ffd3cfa4000 	C:\WINDOWS\system32\profapi.dll

VM Arguments:
jvm_args: -Djava.awt.headless=true -Xmx1024M -Dfile.encoding=windows-1252 -Duser.country=GB -Duser.language=en -Duser.variant 
java_command: com.android.dx.command.Main --dex --force-jumbo --num-threads=4 --multi-dex --output C:\Users\Thomas\AndroidStudioProjects\MrWhemps\app\build\intermediates\transforms\dex\debug\folders\1000\10\com.google.android.gms-play-services-plus-9.4.0_90ea2bee447c77e550fb74499f82914b5c844938 C:\Users\Thomas\AndroidStudioProjects\MrWhemps\app\build\intermediates\exploded-aar\com.google.android.gms\play-services-plus\9.4.0\jars\classes.jar
java_class_path (initial): C:\Users\Thomas\AppData\Local\Android\sdk\build-tools\23.0.2\lib\dx.jar
Launcher Type: SUN_STANDARD

Environment Variables:
PATH=C:\Program Files (x86)\Intel\iCLS Client\;C:\Program Files\Intel\iCLS Client\;C:\Windows\system32;C:\Windows;C:\Windows\System32\Wbem;C:\Windows\System32\WindowsPowerShell\v1.0\;C:\Program Files (x86)\Intel\OpenCL SDK\2.0\bin\x86;C:\Program Files (x86)\Intel\OpenCL SDK\2.0\bin\x64;C:\Program Files\Intel\Intel(R) Management Engine Components\DAL;C:\Program Files\Intel\Intel(R) Management Engine Components\IPT;C:\Program Files (x86)\Intel\Intel(R) Management Engine Components\DAL;C:\Program Files (x86)\Intel\Intel(R) Management Engine Components\IPT;C:\Program Files (x86)\Windows Live\Shared;C:\Users\Thomas\AppData\Local\Smartbar\Application\;C:\WINDOWS\system32;C:\WINDOWS;C:\WINDOWS\System32\Wbem;C:\WINDOWS\System32\WindowsPowerShell\v1.0\;D:\Programs\bin;C:\Program Files\Microsoft SQL Server\110\Tools\Binn\;C:\Program Files\Microsoft SQL Server\120\Tools\Binn\;C:\Program Files\MiKTeX 2.9\miktex\bin\;C:\Program Files\MiKTeX 2.9\gs\gs8.71\bin\;C:\Program Files\Git\cmd;C:\Program Files (x86)\Skype\Phone\;C:\Program Files\Microsoft SQL Server\130\Tools\Binn\;C:\Program Files (x86)\Windows Kits\10\Windows Performance Toolkit\;C:\Program Files
USERNAME=Thomas
OS=Windows_NT
PROCESSOR_IDENTIFIER=Intel64 Family 6 Model 42 Stepping 7, GenuineIntel



---------------  S Y S T E M  ---------------

OS: Windows 10.0 , 64 bit Build 10586 (10.0.10586.589)

CPU:total 4 (2 cores per cpu, 2 threads per core) family 6 model 42 stepping 7, cmov, cx8, fxsr, mmx, sse, sse2, sse3, ssse3, sse4.1, sse4.2, popcnt, avx, clmul, ht, tsc, tscinvbit

Memory: 4k page, physical 4075172k(688916k free), swap 6565540k(5148k free)

vm_info: OpenJDK 64-Bit Server VM (25.76-b03) for windows-amd64 JRE (1.8.0_76-release-b03), built on Jun 29 2016 19:09:20 by "ralucas" with MS VC++ 10.0 (VS2010)

time: Sun Jan 22 13:01:52 2017
elapsed time: 2 seconds (0d 0h 0m 2s)

