#
# There is insufficient memory for the Java Runtime Environment to continue.
# Native memory allocation (malloc) failed to allocate 32744 bytes for ChunkPool::allocate
# Possible reasons:
#   The system is out of physical RAM or swap space
#   In 32 bit mode, the process size limit was hit
# Possible solutions:
#   Reduce memory load on the system
#   Increase physical memory or swap space
#   Check if swap backing store is full
#   Use 64 bit Java on a 64 bit OS
#   Decrease Java heap size (-Xmx/-Xms)
#   Decrease number of Java threads
#   Decrease Java thread stack sizes (-Xss)
#   Set larger code cache with -XX:ReservedCodeCacheSize=
# This output file may be truncated or incomplete.
#
#  Out of Memory Error (allocation.cpp:273), pid=8772, tid=0x0000000000000e24
#
# JRE version: OpenJDK Runtime Environment (8.0_112-b06) (build 1.8.0_112-release-b06)
# Java VM: OpenJDK 64-Bit Server VM (25.112-b06 mixed mode windows-amd64 compressed oops)
# Failed to write core dump. Minidumps are not enabled by default on client versions of Windows
#

---------------  T H R E A D  ---------------

Current thread (0x00000000154a8800):  JavaThread "C2 CompilerThread0" daemon [_thread_in_native, id=3620, stack(0x0000000016af0000,0x0000000016bf0000)]

Stack: [0x0000000016af0000,0x0000000016bf0000]
[error occurred during error reporting (printing stack bounds), id 0xc0000005]

Native frames: (J=compiled Java code, j=interpreted, Vv=VM code, C=native code)


Current CompileTask:
C2:  24944 2235   !   4       com.android.dx.cf.code.BytecodeArray::parseInstruction (2764 bytes)


---------------  P R O C E S S  ---------------

Java Threads: ( => current thread )
  0x00000000179ef800 JavaThread "pool-1-thread-1" [_thread_in_native, id=6964, stack(0x000000001a090000,0x000000001a190000)]
  0x0000000016e15000 JavaThread "Service Thread" daemon [_thread_blocked, id=9260, stack(0x00000000171f0000,0x00000000172f0000)]
  0x00000000154f1000 JavaThread "C1 CompilerThread2" daemon [_thread_in_native, id=6116, stack(0x0000000016cf0000,0x0000000016df0000)]
  0x00000000154ab800 JavaThread "C2 CompilerThread1" daemon [_thread_in_native, id=8536, stack(0x0000000016bf0000,0x0000000016cf0000)]
=>0x00000000154a8800 JavaThread "C2 CompilerThread0" daemon [_thread_in_native, id=3620, stack(0x0000000016af0000,0x0000000016bf0000)]
  0x00000000154a7000 JavaThread "Attach Listener" daemon [_thread_blocked, id=5724, stack(0x00000000169f0000,0x0000000016af0000)]
  0x00000000154a5800 JavaThread "Signal Dispatcher" daemon [_thread_blocked, id=328, stack(0x00000000168f0000,0x00000000169f0000)]
  0x0000000015488800 JavaThread "Finalizer" daemon [_thread_blocked, id=1996, stack(0x0000000016710000,0x0000000016810000)]
  0x0000000015466800 JavaThread "Reference Handler" daemon [_thread_blocked, id=7904, stack(0x0000000016610000,0x0000000016710000)]
  0x0000000002bcd800 JavaThread "main" [_thread_blocked, id=3396, stack(0x0000000002bd0000,0x0000000002cd0000)]

Other Threads:
  0x0000000015465000 VMThread [stack: 0x0000000016510000,0x0000000016610000] [id=9924]
  0x00000000154f5800 WatcherThread [stack: 0x00000000172f0000,0x00000000173f0000] [id=4696]

VM state:not at safepoint (normal execution)

VM Mutex/Monitor currently owned by a thread: None

Heap:
 PSYoungGen      total 147456K, used 31962K [0x00000000eab00000, 0x00000000f5100000, 0x0000000100000000)
  eden space 128000K, 18% used [0x00000000eab00000,0x00000000ec1be960,0x00000000f2800000)
  from space 19456K, 44% used [0x00000000f2800000,0x00000000f30781a8,0x00000000f3b00000)
  to   space 16384K, 0% used [0x00000000f3b00000,0x00000000f3b00000,0x00000000f4b00000)
 ParOldGen       total 44032K, used 43539K [0x00000000c0000000, 0x00000000c2b00000, 0x00000000eab00000)
  object space 44032K, 98% used [0x00000000c0000000,0x00000000c2a84e70,0x00000000c2b00000)
 Metaspace       used 6472K, capacity 7218K, committed 7296K, reserved 1056768K
  class space    used 597K, capacity 618K, committed 640K, reserved 1048576K

Card table byte_map: [0x0000000012190000,0x00000000123a0000] byte_map_base: 0x0000000011b90000

Marking Bits: (ParMarkBitMap*) 0x00000000560218f0
 Begin Bits: [0x0000000012900000, 0x0000000013900000)
 End Bits:   [0x0000000013900000, 0x0000000014900000)

Polling page: 0x00000000012d0000

CodeCache: size=245760Kb used=8066Kb max_used=10238Kb free=237693Kb
 bounds [0x0000000002dd0000, 0x00000000037e0000, 0x0000000011dd0000]
 total_blobs=2001 nmethods=1731 adapters=181
 compilation: enabled

Compilation events (10 events):
Event: 24.854 Thread 0x00000000154f1000 nmethod 2265 0x000000000301fb50 code [0x000000000301fca0, 0x000000000301fdb0]
Event: 24.860 Thread 0x00000000154f1000 2266       1       com.android.dx.cf.code.SwitchList::size (5 bytes)
Event: 24.860 Thread 0x00000000154f1000 nmethod 2266 0x00000000030aa210 code [0x00000000030aa360, 0x00000000030aa470]
Event: 24.868 Thread 0x00000000154f1000 2267       1       com.android.dx.cf.code.SwitchList::getTargets (5 bytes)
Event: 24.868 Thread 0x00000000154f1000 nmethod 2267 0x00000000031a5690 code [0x00000000031a57e0, 0x00000000031a58f0]
Event: 24.868 Thread 0x00000000154f1000 2268       2       com.android.dx.rop.code.BasicBlockList$RegCountVisitor::visitSwitchInsn (6 bytes)
Event: 24.868 Thread 0x00000000154f1000 nmethod 2268 0x0000000002ee8c10 code [0x0000000002ee8d80, 0x0000000002ee8ee8]
Event: 24.868 Thread 0x00000000154f1000 2269       2       com.android.dx.rop.code.SwitchInsn::getCatches (4 bytes)
Event: 24.869 Thread 0x00000000154f1000 nmethod 2269 0x00000000031e2910 code [0x00000000031e2a60, 0x00000000031e2bb0]
Event: 24.870 Thread 0x00000000154f1000 2271       2       java.util.HashMap::putVal (300 bytes)

GC Heap History (10 events):
Event: 10.236 GC heap before
{Heap before GC invocations=4 (full 0):
 PSYoungGen      total 35328K, used 35328K [0x00000000eab00000, 0x00000000ef000000, 0x0000000100000000)
  eden space 32768K, 100% used [0x00000000eab00000,0x00000000ecb00000,0x00000000ecb00000)
  from space 2560K, 100% used [0x00000000ecb00000,0x00000000ecd80000,0x00000000ecd80000)
  to   space 2560K, 0% used [0x00000000eed80000,0x00000000eed80000,0x00000000ef000000)
 ParOldGen       total 44032K, used 7760K [0x00000000c0000000, 0x00000000c2b00000, 0x00000000eab00000)
  object space 44032K, 17% used [0x00000000c0000000,0x00000000c0794330,0x00000000c2b00000)
 Metaspace       used 6218K, capacity 7088K, committed 7296K, reserved 1056768K
  class space    used 574K, capacity 616K, committed 640K, reserved 1048576K
Event: 10.553 GC heap after
Heap after GC invocations=4 (full 0):
 PSYoungGen      total 68096K, used 2560K [0x00000000eab00000, 0x00000000ef000000, 0x0000000100000000)
  eden space 65536K, 0% used [0x00000000eab00000,0x00000000eab00000,0x00000000eeb00000)
  from space 2560K, 100% used [0x00000000eed80000,0x00000000ef000000,0x00000000ef000000)
  to   space 2560K, 0% used [0x00000000eeb00000,0x00000000eeb00000,0x00000000eed80000)
 ParOldGen       total 44032K, used 13029K [0x00000000c0000000, 0x00000000c2b00000, 0x00000000eab00000)
  object space 44032K, 29% used [0x00000000c0000000,0x00000000c0cb9730,0x00000000c2b00000)
 Metaspace       used 6218K, capacity 7088K, committed 7296K, reserved 1056768K
  class space    used 574K, capacity 616K, committed 640K, reserved 1048576K
}
Event: 14.114 GC heap before
{Heap before GC invocations=5 (full 0):
 PSYoungGen      total 68096K, used 68096K [0x00000000eab00000, 0x00000000ef000000, 0x0000000100000000)
  eden space 65536K, 100% used [0x00000000eab00000,0x00000000eeb00000,0x00000000eeb00000)
  from space 2560K, 100% used [0x00000000eed80000,0x00000000ef000000,0x00000000ef000000)
  to   space 2560K, 0% used [0x00000000eeb00000,0x00000000eeb00000,0x00000000eed80000)
 ParOldGen       total 44032K, used 13029K [0x00000000c0000000, 0x00000000c2b00000, 0x00000000eab00000)
  object space 44032K, 29% used [0x00000000c0000000,0x00000000c0cb9730,0x00000000c2b00000)
 Metaspace       used 6284K, capacity 7152K, committed 7296K, reserved 1056768K
  class space    used 576K, capacity 616K, committed 640K, reserved 1048576K
Event: 14.480 GC heap after
Heap after GC invocations=5 (full 0):
 PSYoungGen      total 68096K, used 2550K [0x00000000eab00000, 0x00000000f4b00000, 0x0000000100000000)
  eden space 65536K, 0% used [0x00000000eab00000,0x00000000eab00000,0x00000000eeb00000)
  from space 2560K, 99% used [0x00000000eeb00000,0x00000000eed7d868,0x00000000eed80000)
  to   space 16384K, 0% used [0x00000000f3b00000,0x00000000f3b00000,0x00000000f4b00000)
 ParOldGen       total 44032K, used 26573K [0x00000000c0000000, 0x00000000c2b00000, 0x00000000eab00000)
  object space 44032K, 60% used [0x00000000c0000000,0x00000000c19f37a0,0x00000000c2b00000)
 Metaspace       used 6284K, capacity 7152K, committed 7296K, reserved 1056768K
  class space    used 576K, capacity 616K, committed 640K, reserved 1048576K
}
Event: 18.106 GC heap before
{Heap before GC invocations=6 (full 0):
 PSYoungGen      total 68096K, used 68086K [0x00000000eab00000, 0x00000000f4b00000, 0x0000000100000000)
  eden space 65536K, 100% used [0x00000000eab00000,0x00000000eeb00000,0x00000000eeb00000)
  from space 2560K, 99% used [0x00000000eeb00000,0x00000000eed7d868,0x00000000eed80000)
  to   space 16384K, 0% used [0x00000000f3b00000,0x00000000f3b00000,0x00000000f4b00000)
 ParOldGen       total 44032K, used 26573K [0x00000000c0000000, 0x00000000c2b00000, 0x00000000eab00000)
  object space 44032K, 60% used [0x00000000c0000000,0x00000000c19f37a0,0x00000000c2b00000)
 Metaspace       used 6436K, capacity 7154K, committed 7296K, reserved 1056768K
  class space    used 595K, capacity 618K, committed 640K, reserved 1048576K
Event: 18.286 GC heap after
Heap after GC invocations=6 (full 0):
 PSYoungGen      total 144384K, used 15367K [0x00000000eab00000, 0x00000000f5100000, 0x0000000100000000)
  eden space 128000K, 0% used [0x00000000eab00000,0x00000000eab00000,0x00000000f2800000)
  from space 16384K, 93% used [0x00000000f3b00000,0x00000000f4a01f98,0x00000000f4b00000)
  to   space 19456K, 0% used [0x00000000f2800000,0x00000000f2800000,0x00000000f3b00000)
 ParOldGen       total 44032K, used 26581K [0x00000000c0000000, 0x00000000c2b00000, 0x00000000eab00000)
  object space 44032K, 60% used [0x00000000c0000000,0x00000000c19f57a0,0x00000000c2b00000)
 Metaspace       used 6436K, capacity 7154K, committed 7296K, reserved 1056768K
  class space    used 595K, capacity 618K, committed 640K, reserved 1048576K
}
Event: 22.438 GC heap before
{Heap before GC invocations=7 (full 0):
 PSYoungGen      total 144384K, used 143367K [0x00000000eab00000, 0x00000000f5100000, 0x0000000100000000)
  eden space 128000K, 100% used [0x00000000eab00000,0x00000000f2800000,0x00000000f2800000)
  from space 16384K, 93% used [0x00000000f3b00000,0x00000000f4a01f98,0x00000000f4b00000)
  to   space 19456K, 0% used [0x00000000f2800000,0x00000000f2800000,0x00000000f3b00000)
 ParOldGen       total 44032K, used 26581K [0x00000000c0000000, 0x00000000c2b00000, 0x00000000eab00000)
  object space 44032K, 60% used [0x00000000c0000000,0x00000000c19f57a0,0x00000000c2b00000)
 Metaspace       used 6458K, capacity 7218K, committed 7296K, reserved 1056768K
  class space    used 595K, capacity 618K, committed 640K, reserved 1048576K
Event: 22.951 GC heap after
Heap after GC invocations=7 (full 0):
 PSYoungGen      total 147456K, used 19454K [0x00000000eab00000, 0x00000000f5100000, 0x0000000100000000)
  eden space 128000K, 0% used [0x00000000eab00000,0x00000000eab00000,0x00000000f2800000)
  from space 19456K, 99% used [0x00000000f2800000,0x00000000f3aff820,0x00000000f3b00000)
  to   space 16384K, 0% used [0x00000000f3b00000,0x00000000f3b00000,0x00000000f4b00000)
 ParOldGen       total 44032K, used 42608K [0x00000000c0000000, 0x00000000c2b00000, 0x00000000eab00000)
  object space 44032K, 96% used [0x00000000c0000000,0x00000000c299c260,0x00000000c2b00000)
 Metaspace       used 6458K, capacity 7218K, committed 7296K, reserved 1056768K
  class space    used 595K, capacity 618K, committed 640K, reserved 1048576K
}
Event: 22.951 GC heap before
{Heap before GC invocations=8 (full 1):
 PSYoungGen      total 147456K, used 19454K [0x00000000eab00000, 0x00000000f5100000, 0x0000000100000000)
  eden space 128000K, 0% used [0x00000000eab00000,0x00000000eab00000,0x00000000f2800000)
  from space 19456K, 99% used [0x00000000f2800000,0x00000000f3aff820,0x00000000f3b00000)
  to   space 16384K, 0% used [0x00000000f3b00000,0x00000000f3b00000,0x00000000f4b00000)
 ParOldGen       total 44032K, used 42608K [0x00000000c0000000, 0x00000000c2b00000, 0x00000000eab00000)
  object space 44032K, 96% used [0x00000000c0000000,0x00000000c299c260,0x00000000c2b00000)
 Metaspace       used 6458K, capacity 7218K, committed 7296K, reserved 1056768K
  class space    used 595K, capacity 618K, committed 640K, reserved 1048576K
Event: 24.827 GC heap after
Heap after GC invocations=8 (full 1):
 PSYoungGen      total 147456K, used 8672K [0x00000000eab00000, 0x00000000f5100000, 0x0000000100000000)
  eden space 128000K, 0% used [0x00000000eab00000,0x00000000eab00000,0x00000000f2800000)
  from space 19456K, 44% used [0x00000000f2800000,0x00000000f30781a8,0x00000000f3b00000)
  to   space 16384K, 0% used [0x00000000f3b00000,0x00000000f3b00000,0x00000000f4b00000)
 ParOldGen       total 44032K, used 43539K [0x00000000c0000000, 0x00000000c2b00000, 0x00000000eab00000)
  object space 44032K, 98% used [0x00000000c0000000,0x00000000c2a84e70,0x00000000c2b00000)
 Metaspace       used 6458K, capacity 7218K, committed 7296K, reserved 1056768K
  class space    used 595K, capacity 618K, committed 640K, reserved 1048576K
}

Deoptimization events (10 events):
Event: 18.318 Thread 0x0000000002bcd800 Uncommon trap: reason=unstable_if action=reinterpret pc=0x000000000365cf10 method=com.android.dx.cf.code.Ropper.isSynchronized()Z @ 12
Event: 20.087 Thread 0x000000001705b800 Uncommon trap: reason=bimorphic action=maybe_recompile pc=0x0000000003733ee0 method=com.android.dx.cf.code.BytecodeArray.parseInstruction(ILcom/android/dx/cf/code/BytecodeArray$Visitor;)I @ 2281
Event: 20.088 Thread 0x000000001705b800 Uncommon trap: reason=bimorphic action=maybe_recompile pc=0x0000000003733ee0 method=com.android.dx.cf.code.BytecodeArray.parseInstruction(ILcom/android/dx/cf/code/BytecodeArray$Visitor;)I @ 2281
Event: 20.204 Thread 0x000000001705b800 Uncommon trap: reason=bimorphic action=maybe_recompile pc=0x0000000003734e68 method=com.android.dx.cf.code.BytecodeArray.parseInstruction(ILcom/android/dx/cf/code/BytecodeArray$Visitor;)I @ 1130
Event: 20.204 Thread 0x000000001705b800 Uncommon trap: reason=bimorphic action=maybe_recompile pc=0x0000000003734e68 method=com.android.dx.cf.code.BytecodeArray.parseInstruction(ILcom/android/dx/cf/code/BytecodeArray$Visitor;)I @ 1130
Event: 21.421 Thread 0x0000000017080000 Uncommon trap: reason=unstable_if action=reinterpret pc=0x0000000003131afc method=com.android.dx.ssa.PhiTypeResolver.resolveResultType(Lcom/android/dx/ssa/PhiInsn;)Z @ 64
Event: 21.624 Thread 0x000000001705b800 Uncommon trap: reason=bimorphic action=maybe_recompile pc=0x0000000003634c7c method=com.android.dx.cf.code.BytecodeArray.parseInstruction(ILcom/android/dx/cf/code/BytecodeArray$Visitor;)I @ 907
Event: 21.624 Thread 0x000000001705b800 Uncommon trap: reason=bimorphic action=maybe_recompile pc=0x0000000003634c7c method=com.android.dx.cf.code.BytecodeArray.parseInstruction(ILcom/android/dx/cf/code/BytecodeArray$Visitor;)I @ 907
Event: 24.835 Thread 0x000000001705c800 Uncommon trap: reason=bimorphic action=maybe_recompile pc=0x00000000035e5408 method=com.android.dx.cf.code.RopperMachine.run(Lcom/android/dx/cf/code/Frame;II)V @ 988
Event: 24.869 Thread 0x0000000017088800 Uncommon trap: reason=class_check action=maybe_recompile pc=0x000000000333d830 method=java.util.HashMap.putVal(ILjava/lang/Object;Ljava/lang/Object;ZZ)Ljava/lang/Object; @ 203

Internal exceptions (7 events):
Event: 0.140 Thread 0x0000000002bcd800 Exception <a 'java/lang/NoSuchMethodError': Method sun.misc.Unsafe.defineClass(Ljava/lang/String;[BII)Ljava/lang/Class; name or signature does not match> (0x00000000eab07c78) thrown at [C:\src\android\AOSP-openjdk\external\jetbrains\jdk\hotspot\src\share\v;A›?Ú¡?
Event: 0.140 Thread 0x0000000002bcd800 Exception <a 'java/lang/NoSuchMethodError': Method sun.misc.Unsafe.prefetchRead(Ljava/lang/Object;J)V name or signature does not match> (0x00000000eab07f60) thrown at [C:\src\android\AOSP-openjdk\external\jetbrains\jdk\hotspot\src\share\vm\prims\jni.cpp, l·h¥æ@
Event: 7.186 Thread 0x000000001705b800 Implicit null exception at 0x00000000030728e2 to 0x00000000030729d2
Event: 17.897 Thread 0x000000001705c800 Exception <a 'java/lang/ArrayIndexOutOfBoundsException': 18> (0x00000000edcd02d8) thrown at [C:\src\android\AOSP-openjdk\external\jetbrains\jdk\hotspot\src\share\vm\interpreter\interpreterRuntime.cpp, line 366]
Event: 17.898 Thread 0x000000001705c800 Exception <a 'java/lang/ArrayIndexOutOfBoundsException'> (0x00000000edcd1e58) thrown at [C:\src\android\AOSP-openjdk\external\jetbrains\jdk\hotspot\src\share\vm\runtime\sharedRuntime.cpp, line 605]
Event: 17.899 Thread 0x000000001705c800 Exception <a 'java/lang/ArrayIndexOutOfBoundsException'> (0x00000000edcd3140) thrown at [C:\src\android\AOSP-openjdk\external\jetbrains\jdk\hotspot\src\share\vm\runtime\sharedRuntime.cpp, line 605]
Event: 21.421 Thread 0x0000000017080000 Implicit null exception at 0x000000000312fa2e to 0x0000000003131ad0

Events (10 events):
Event: 24.890 loading class java/util/HashMap$KeyIterator
Event: 24.890 loading class java/util/HashMap$KeyIterator done
Event: 24.890 Thread 0x000000001705b800 Thread exited: 0x000000001705b800
Event: 24.890 Thread 0x0000000017080000 Thread exited: 0x0000000017080000
Event: 24.890 Thread 0x0000000017088800 Thread exited: 0x0000000017088800
Event: 24.890 Thread 0x000000001705c800 Thread exited: 0x000000001705c800
Event: 24.890 Thread 0x0000000017087800 Thread exited: 0x0000000017087800
Event: 24.891 loading class com/android/dx/command/dexer/Main$DexWriter
Event: 24.891 loading class com/android/dx/command/dexer/Main$DexWriter done
Event: 24.891 Thread 0x00000000179ef800 Thread added: 0x00000000179ef800


Dynamic libraries:
0x00007ff6f9e60000 - 0x00007ff6f9e91000 	C:\Program Files\Android\Android Studio\jre\bin\java.exe
0x00007ffb52ea0000 - 0x00007ffb53061000 	C:\WINDOWS\SYSTEM32\ntdll.dll
0x00007ffb528f0000 - 0x00007ffb5299d000 	C:\WINDOWS\system32\KERNEL32.DLL
0x00007ffb4fed0000 - 0x00007ffb500b8000 	C:\WINDOWS\system32\KERNELBASE.dll
0x00007ffb52c60000 - 0x00007ffb52d07000 	C:\WINDOWS\system32\ADVAPI32.dll
0x00007ffb51a20000 - 0x00007ffb51abd000 	C:\WINDOWS\system32\msvcrt.dll
0x00007ffb502a0000 - 0x00007ffb502fb000 	C:\WINDOWS\system32\sechost.dll
0x00007ffb51f90000 - 0x00007ffb520ac000 	C:\WINDOWS\system32\RPCRT4.dll
0x00007ffb52790000 - 0x00007ffb528e6000 	C:\WINDOWS\system32\USER32.dll
0x00007ffb52ad0000 - 0x00007ffb52c57000 	C:\WINDOWS\system32\GDI32.dll
0x00007ffb49b90000 - 0x00007ffb49e04000 	C:\WINDOWS\WinSxS\amd64_microsoft.windows.common-controls_6595b64144ccf1df_6.0.10586.839_none_a2ddba30a539a2ae\COMCTL32.dll
0x00007ffb51ac0000 - 0x00007ffb51d3e000 	C:\WINDOWS\system32\combase.dll
0x00007ffb4fe60000 - 0x00007ffb4feca000 	C:\WINDOWS\system32\bcryptPrimitives.dll
0x00007ffb51f50000 - 0x00007ffb51f8b000 	C:\WINDOWS\system32\IMM32.DLL
0x0000000056930000 - 0x0000000056a02000 	C:\Program Files\Android\Android Studio\jre\jre\bin\msvcr100.dll
0x0000000055860000 - 0x000000005609c000 	C:\Program Files\Android\Android Studio\jre\jre\bin\server\jvm.dll
0x00007ffb52e90000 - 0x00007ffb52e98000 	C:\WINDOWS\system32\PSAPI.DLL
0x00007ffb4db90000 - 0x00007ffb4dbb3000 	C:\WINDOWS\SYSTEM32\WINMM.dll
0x00007ffb43cb0000 - 0x00007ffb43cb9000 	C:\WINDOWS\SYSTEM32\WSOCK32.dll
0x00007ffb4ac60000 - 0x00007ffb4ac6a000 	C:\WINDOWS\SYSTEM32\VERSION.dll
0x00007ffb520b0000 - 0x00007ffb5211b000 	C:\WINDOWS\system32\WS2_32.dll
0x00007ffb4da50000 - 0x00007ffb4da7c000 	C:\WINDOWS\SYSTEM32\WINMMBASE.dll
0x00007ffb50250000 - 0x00007ffb50293000 	C:\WINDOWS\system32\cfgmgr32.dll
0x00007ffb4cd30000 - 0x00007ffb4cd3f000 	C:\Program Files\Android\Android Studio\jre\jre\bin\verify.dll
0x00007ffb423e0000 - 0x00007ffb42409000 	C:\Program Files\Android\Android Studio\jre\jre\bin\java.dll
0x00007ffb462f0000 - 0x00007ffb46306000 	C:\Program Files\Android\Android Studio\jre\jre\bin\zip.dll
0x00007ffb50370000 - 0x00007ffb518cc000 	C:\WINDOWS\system32\SHELL32.dll
0x00007ffb4f810000 - 0x00007ffb4fe54000 	C:\WINDOWS\system32\windows.storage.dll
0x00007ffb526b0000 - 0x00007ffb52702000 	C:\WINDOWS\system32\shlwapi.dll
0x00007ffb4f4e0000 - 0x00007ffb4f4ef000 	C:\WINDOWS\system32\kernel.appcore.dll
0x00007ffb500c0000 - 0x00007ffb50175000 	C:\WINDOWS\system32\shcore.dll
0x00007ffb4f4f0000 - 0x00007ffb4f53b000 	C:\WINDOWS\system32\powrprof.dll
0x00007ffb4f4c0000 - 0x00007ffb4f4d4000 	C:\WINDOWS\system32\profapi.dll

VM Arguments:
jvm_args: -Djava.awt.headless=true -Xmx1024M -Dfile.encoding=windows-1252 -Duser.country=GB -Duser.language=en -Duser.variant 
java_command: com.android.dx.command.Main --dex --force-jumbo --num-threads=4 --multi-dex --output C:\Users\Thomas\AndroidStudioProjects\MrWhemps\app\build\intermediates\transforms\dex\debug\folders\1000\10\classes_18a1c141bb1aa3600013606ff9764a5373c43ee2 C:\Users\Thomas\.android\build-cache\a8d224e6f6cf578175e7c7bdcf4e35299ea5e039\output\jars\classes.jar
java_class_path (initial): C:\Users\Thomas\AppData\Local\Android\sdk\build-tools\25.0.0\lib\dx.jar
Launcher Type: SUN_STANDARD

Environment Variables:
PATH=C:\Program Files (x86)\Intel\iCLS Client\;C:\Program Files\Intel\iCLS Client\;C:\Windows\system32;C:\Windows;C:\Windows\System32\Wbem;C:\Windows\System32\WindowsPowerShell\v1.0\;C:\Program Files (x86)\Intel\OpenCL SDK\2.0\bin\x86;C:\Program Files (x86)\Intel\OpenCL SDK\2.0\bin\x64;C:\Program Files\Intel\Intel(R) Management Engine Components\DAL;C:\Program Files\Intel\Intel(R) Management Engine Components\IPT;C:\Program Files (x86)\Intel\Intel(R) Management Engine Components\DAL;C:\Program Files (x86)\Intel\Intel(R) Management Engine Components\IPT;C:\Program Files (x86)\Windows Live\Shared;C:\Users\Thomas\AppData\Local\Smartbar\Application\;C:\WINDOWS\system32;C:\WINDOWS;C:\WINDOWS\System32\Wbem;C:\WINDOWS\System32\WindowsPowerShell\v1.0\;C:\Program Files\Microsoft SQL Server\110\Tools\Binn\;C:\Program Files\Microsoft SQL Server\120\Tools\Binn\;C:\Program Files\MiKTeX 2.9\miktex\bin\;C:\Program Files\MiKTeX 2.9\gs\gs8.71\bin\;C:\Program Files\Git\cmd;C:\Program Files (x86)\Skype\Phone\;C:\Program Files\Microsoft SQL Server\130\Tools\Binn\;C:\Program Files (x86)\Windows Kits\10\Windows Performance Toolkit\;C:\Program Files
USERNAME=Thomas
OS=Windows_NT
PROCESSOR_IDENTIFIER=Intel64 Family 6 Model 42 Stepping 7, GenuineIntel



---------------  S Y S T E M  ---------------

OS: Windows 10.0 , 64 bit Build 10586 (10.0.10586.589)

CPU:total 4 (2 cores per cpu, 2 threads per core) family 6 model 42 stepping 7, cmov, cx8, fxsr, mmx, sse, sse2, sse3, ssse3, sse4.1, sse4.2, popcnt, avx, clmul, ht, tsc, tscinvbit

Memory: 4k page, physical 4075196k(264736k free), swap 6565564k(3840k free)

vm_info: OpenJDK 64-Bit Server VM (25.112-b06) for windows-amd64 JRE (1.8.0_112-release-b06), built on Dec  8 2016 00:54:26 by "builder" with MS VC++ 10.0 (VS2010)

time: Wed Sep 06 16:36:52 2017
elapsed time: 25 seconds (0d 0h 0m 25s)

