#
# There is insufficient memory for the Java Runtime Environment to continue.
# Native memory allocation (malloc) failed to allocate 32744 bytes for ChunkPool::allocate
# Possible reasons:
#   The system is out of physical RAM or swap space
#   In 32 bit mode, the process size limit was hit
# Possible solutions:
#   Reduce memory load on the system
#   Increase physical memory or swap space
#   Check if swap backing store is full
#   Use 64 bit Java on a 64 bit OS
#   Decrease Java heap size (-Xmx/-Xms)
#   Decrease number of Java threads
#   Decrease Java thread stack sizes (-Xss)
#   Set larger code cache with -XX:ReservedCodeCacheSize=
# This output file may be truncated or incomplete.
#
#  Out of Memory Error (allocation.cpp:273), pid=13736, tid=0x00000000000009c4
#
# JRE version: OpenJDK Runtime Environment (8.0_76-b03) (build 1.8.0_76-release-b03)
# Java VM: OpenJDK 64-Bit Server VM (25.76-b03 mixed mode windows-amd64 compressed oops)
# Failed to write core dump. Minidumps are not enabled by default on client versions of Windows
#

---------------  T H R E A D  ---------------

Current thread (0x0000000014bbb800):  JavaThread "C2 CompilerThread0" daemon [_thread_in_native, id=2500, stack(0x00000000161f0000,0x00000000162f0000)]

Stack: [0x00000000161f0000,0x00000000162f0000]
[error occurred during error reporting (printing stack bounds), id 0xc0000005]

Native frames: (J=compiled Java code, j=interpreted, Vv=VM code, C=native code)


Current CompileTask:
C2:   1131  556   !   4       com.android.dx.util.FixedSizeList::set0 (22 bytes)


---------------  P R O C E S S  ---------------

Java Threads: ( => current thread )
  0x000000001675d000 JavaThread "pool-2-thread-4" [_thread_blocked, id=9168, stack(0x0000000016ef0000,0x0000000016ff0000)]
  0x000000001675b000 JavaThread "pool-2-thread-3" [_thread_blocked, id=14516, stack(0x0000000016df0000,0x0000000016ef0000)]
  0x0000000016758800 JavaThread "pool-2-thread-2" [_thread_blocked, id=5932, stack(0x0000000016cf0000,0x0000000016df0000)]
  0x0000000016755800 JavaThread "pool-3-thread-1" [_thread_blocked, id=9092, stack(0x0000000016bf0000,0x0000000016cf0000)]
  0x0000000016755000 JavaThread "pool-2-thread-1" [_thread_blocked, id=8324, stack(0x0000000016af0000,0x0000000016bf0000)]
  0x00000000164f3800 JavaThread "Service Thread" daemon [_thread_blocked, id=10808, stack(0x00000000168f0000,0x00000000169f0000)]
  0x0000000014c18000 JavaThread "C1 CompilerThread2" daemon [_thread_in_native, id=3504, stack(0x00000000163f0000,0x00000000164f0000)]
  0x0000000014bbe800 JavaThread "C2 CompilerThread1" daemon [_thread_in_vm, id=9784, stack(0x00000000162f0000,0x00000000163f0000)]
=>0x0000000014bbb800 JavaThread "C2 CompilerThread0" daemon [_thread_in_native, id=2500, stack(0x00000000161f0000,0x00000000162f0000)]
  0x0000000014bba000 JavaThread "Attach Listener" daemon [_thread_blocked, id=1300, stack(0x00000000160f0000,0x00000000161f0000)]
  0x0000000014bb9000 JavaThread "Signal Dispatcher" daemon [_thread_blocked, id=4500, stack(0x0000000015ff0000,0x00000000160f0000)]
  0x0000000014ba8800 JavaThread "Finalizer" daemon [_thread_blocked, id=11452, stack(0x0000000015e10000,0x0000000015f10000)]
  0x00000000024e0800 JavaThread "Reference Handler" daemon [_thread_blocked, id=13232, stack(0x0000000015d10000,0x0000000015e10000)]
  0x0000000000b4d800 JavaThread "main" [_thread_blocked, id=6360, stack(0x00000000022c0000,0x00000000023c0000)]

Other Threads:
  0x0000000014b85000 VMThread [stack: 0x0000000015c10000,0x0000000015d10000] [id=448]
  0x00000000164f5800 WatcherThread [stack: 0x00000000169f0000,0x0000000016af0000] [id=9340]

VM state:synchronizing (normal execution)

VM Mutex/Monitor currently owned by a thread:  ([mutex/lock_event])
[0x0000000000b4cc30] Threads_lock - owner thread: 0x0000000014b85000

Heap:
 PSYoungGen      total 18944K, used 13489K [0x00000000eab00000, 0x00000000ec000000, 0x0000000100000000)
  eden space 16384K, 82% used [0x00000000eab00000,0x00000000eb82c4d8,0x00000000ebb00000)
  from space 2560K, 0% used [0x00000000ebd80000,0x00000000ebd80000,0x00000000ec000000)
  to   space 2560K, 0% used [0x00000000ebb00000,0x00000000ebb00000,0x00000000ebd80000)
 ParOldGen       total 44032K, used 0K [0x00000000c0000000, 0x00000000c2b00000, 0x00000000eab00000)
  object space 44032K, 0% used [0x00000000c0000000,0x00000000c0000000,0x00000000c2b00000)
 Metaspace       used 5476K, capacity 6480K, committed 6784K, reserved 1056768K
  class space    used 562K, capacity 584K, committed 640K, reserved 1048576K

Card table byte_map: [0x00000000118b0000,0x0000000011ac0000] byte_map_base: 0x00000000112b0000

Marking Bits: (ParMarkBitMap*) 0x00000000665d9d00
 Begin Bits: [0x0000000012020000, 0x0000000013020000)
 End Bits:   [0x0000000013020000, 0x0000000014020000)

Polling page: 0x0000000000790000

CodeCache: size=245760Kb used=2152Kb max_used=2163Kb free=243607Kb
 bounds [0x00000000024f0000, 0x0000000002760000, 0x00000000114f0000]
 total_blobs=798 nmethods=531 adapters=181
 compilation: enabled

Compilation events (10 events):
Event: 1.029 Thread 0x0000000014c18000 nmethod 539 0x0000000002709490 code [0x0000000002709620, 0x00000000027099f0]
Event: 1.029 Thread 0x0000000014c18000  543       3       com.android.dx.util.IntList::binarysearch (124 bytes)
Event: 1.029 Thread 0x0000000014c18000 nmethod 543 0x0000000002709d10 code [0x0000000002709ea0, 0x000000000270a350]
Event: 1.029 Thread 0x0000000014c18000  532       3       com.android.dx.rop.code.Rop::canThrow (18 bytes)
Event: 1.030 Thread 0x0000000014c18000 nmethod 532 0x000000000270a610 code [0x000000000270a780, 0x000000000270a9e8]
Event: 1.030 Thread 0x0000000014c18000  540   !   3       com.android.dx.cf.code.BytecodeArray::parseInstruction (2764 bytes)
Event: 1.036 Thread 0x0000000014bbe800  544       4       java.util.ArrayList::add (29 bytes)
Event: 1.036 Thread 0x0000000014bbb800  551       4       java.util.BitSet::nextSetBit (102 bytes)
Event: 1.039 Thread 0x0000000014bbb800 nmethod 551 0x000000000270d7d0 code [0x000000000270d920, 0x000000000270da58]
Event: 1.041 Thread 0x0000000014bbb800  556   !   4       com.android.dx.util.FixedSizeList::set0 (22 bytes)

GC Heap History (0 events):
No events

Deoptimization events (1 events):
Event: 0.505 Thread 0x0000000000b4d800 Uncommon trap: reason=unstable_if action=reinterpret pc=0x0000000002633910 method=java.lang.String.indexOf(II)I @ 49

Internal exceptions (2 events):
Event: 0.106 Thread 0x0000000000b4d800 Exception <a 'java/lang/NoSuchMethodError': Method sun.misc.Unsafe.defineClass(Ljava/lang/String;[BII)Ljava/lang/Class; name or signature does not match> (0x00000000eab07cc0) thrown at [C:\src\android\AOSP-openjdk\external\jetbrains\jdk\hotspot\src\share\v<‡BF»?
Event: 0.106 Thread 0x0000000000b4d800 Exception <a 'java/lang/NoSuchMethodError': Method sun.misc.Unsafe.prefetchRead(Ljava/lang/Object;J)V name or signature does not match> (0x00000000eab07fa8) thrown at [C:\src\android\AOSP-openjdk\external\jetbrains\jdk\hotspot\src\share\vm\prims\jni.cpp, l

Events (10 events):
Event: 0.933 loading class com/android/dx/dex/file/DebugInfoItem
Event: 0.933 loading class com/android/dx/dex/file/DebugInfoItem done
Event: 0.938 loading class com/android/dx/cf/code/SwitchList
Event: 0.938 loading class com/android/dx/cf/code/SwitchList done
Event: 0.941 loading class com/android/dx/cf/code/Ropper$ExceptionHandlerSetup
Event: 0.941 loading class com/android/dx/cf/code/Ropper$ExceptionHandlerSetup done
Event: 0.944 loading class java/util/HashMap$Values
Event: 0.944 loading class java/util/HashMap$Values done
Event: 0.945 loading class java/util/HashMap$ValueIterator
Event: 0.945 loading class java/util/HashMap$ValueIterator done


Dynamic libraries:
0x00007ff7a0c80000 - 0x00007ff7a0cb1000 	C:\Program Files\Android\Android Studio\jre\bin\java.exe
0x00007ffad9aa0000 - 0x00007ffad9c61000 	C:\WINDOWS\SYSTEM32\ntdll.dll
0x00007ffad7000000 - 0x00007ffad70ad000 	C:\WINDOWS\system32\KERNEL32.DLL
0x00007ffad6520000 - 0x00007ffad6708000 	C:\WINDOWS\system32\KERNELBASE.dll
0x00007ffad9430000 - 0x00007ffad94d7000 	C:\WINDOWS\system32\ADVAPI32.dll
0x00007ffad9130000 - 0x00007ffad91cd000 	C:\WINDOWS\system32\msvcrt.dll
0x00007ffad90d0000 - 0x00007ffad912b000 	C:\WINDOWS\system32\sechost.dll
0x00007ffad98b0000 - 0x00007ffad99cc000 	C:\WINDOWS\system32\RPCRT4.dll
0x00007ffad8ba0000 - 0x00007ffad8cf6000 	C:\WINDOWS\system32\USER32.dll
0x00007ffad92a0000 - 0x00007ffad9426000 	C:\WINDOWS\system32\GDI32.dll
0x00007ffacf3a0000 - 0x00007ffacf614000 	C:\WINDOWS\WinSxS\amd64_microsoft.windows.common-controls_6595b64144ccf1df_6.0.10586.672_none_a2d6b3cea53ff843\COMCTL32.dll
0x00007ffad9520000 - 0x00007ffad979d000 	C:\WINDOWS\system32\combase.dll
0x00007ffad63d0000 - 0x00007ffad643a000 	C:\WINDOWS\system32\bcryptPrimitives.dll
0x00007ffad94e0000 - 0x00007ffad951b000 	C:\WINDOWS\system32\IMM32.DLL
0x0000000064c50000 - 0x0000000064d22000 	C:\Program Files\Android\Android Studio\jre\jre\bin\msvcr100.dll
0x0000000065e20000 - 0x0000000066654000 	C:\Program Files\Android\Android Studio\jre\jre\bin\server\jvm.dll
0x00007ffad90b0000 - 0x00007ffad90b8000 	C:\WINDOWS\system32\PSAPI.DLL
0x00007ffad2d40000 - 0x00007ffad2d49000 	C:\WINDOWS\SYSTEM32\WSOCK32.dll
0x00007ffad9040000 - 0x00007ffad90ab000 	C:\WINDOWS\system32\WS2_32.dll
0x00007ffad34f0000 - 0x00007ffad3513000 	C:\WINDOWS\SYSTEM32\WINMM.dll
0x00007ffacd380000 - 0x00007ffacd38a000 	C:\WINDOWS\SYSTEM32\VERSION.dll
0x00007ffad3490000 - 0x00007ffad34bc000 	C:\WINDOWS\SYSTEM32\WINMMBASE.dll
0x00007ffad6440000 - 0x00007ffad6483000 	C:\WINDOWS\system32\cfgmgr32.dll
0x00007ffacf080000 - 0x00007ffacf08f000 	C:\Program Files\Android\Android Studio\jre\jre\bin\verify.dll
0x00007ffaca960000 - 0x00007ffaca989000 	C:\Program Files\Android\Android Studio\jre\jre\bin\java.dll
0x00007ffacefe0000 - 0x00007ffaceff6000 	C:\Program Files\Android\Android Studio\jre\jre\bin\zip.dll
0x00007ffad74f0000 - 0x00007ffad8a4c000 	C:\WINDOWS\system32\SHELL32.dll
0x00007ffad67d0000 - 0x00007ffad6e15000 	C:\WINDOWS\system32\windows.storage.dll
0x00007ffad91d0000 - 0x00007ffad9222000 	C:\WINDOWS\system32\shlwapi.dll
0x00007ffad6140000 - 0x00007ffad614f000 	C:\WINDOWS\system32\kernel.appcore.dll
0x00007ffad6710000 - 0x00007ffad67c5000 	C:\WINDOWS\system32\shcore.dll
0x00007ffad60f0000 - 0x00007ffad613b000 	C:\WINDOWS\system32\powrprof.dll
0x00007ffad60d0000 - 0x00007ffad60e4000 	C:\WINDOWS\system32\profapi.dll

VM Arguments:
jvm_args: -Djava.awt.headless=true -Xmx1024M -Dfile.encoding=windows-1252 -Duser.country=GB -Duser.language=en -Duser.variant 
java_command: com.android.dx.command.Main --dex --force-jumbo --num-threads=4 --multi-dex --output C:\Users\Thomas\AndroidStudioProjects\MrWhemps\app\build\intermediates\transforms\dex\debug\folders\1000\10\com.google.android.gms-play-services-wallet-9.4.0_3be28d7726b22b71a597a7308586de99e2b2f304 C:\Users\Thomas\AndroidStudioProjects\MrWhemps\app\build\intermediates\exploded-aar\com.google.android.gms\play-services-wallet\9.4.0\jars\classes.jar
java_class_path (initial): C:\Users\Thomas\AppData\Local\Android\sdk\build-tools\23.0.2\lib\dx.jar
Launcher Type: SUN_STANDARD

Environment Variables:
PATH=C:\Program Files (x86)\Intel\iCLS Client\;C:\Program Files\Intel\iCLS Client\;C:\Windows\system32;C:\Windows;C:\Windows\System32\Wbem;C:\Windows\System32\WindowsPowerShell\v1.0\;C:\Program Files (x86)\Intel\OpenCL SDK\2.0\bin\x86;C:\Program Files (x86)\Intel\OpenCL SDK\2.0\bin\x64;C:\Program Files\Intel\Intel(R) Management Engine Components\DAL;C:\Program Files\Intel\Intel(R) Management Engine Components\IPT;C:\Program Files (x86)\Intel\Intel(R) Management Engine Components\DAL;C:\Program Files (x86)\Intel\Intel(R) Management Engine Components\IPT;C:\Program Files (x86)\Windows Live\Shared;C:\Users\Thomas\AppData\Local\Smartbar\Application\;C:\WINDOWS\system32;C:\WINDOWS;C:\WINDOWS\System32\Wbem;C:\WINDOWS\System32\WindowsPowerShell\v1.0\;D:\Programs\bin;C:\Program Files\Microsoft SQL Server\110\Tools\Binn\;C:\Program Files\Microsoft SQL Server\120\Tools\Binn\;C:\Program Files\MiKTeX 2.9\miktex\bin\;C:\Program Files\MiKTeX 2.9\gs\gs8.71\bin\;C:\Program Files\Git\cmd;C:\Program Files (x86)\Skype\Phone\;C:\Program Files\Microsoft SQL Server\130\Tools\Binn\;C:\Program Files (x86)\Windows Kits\10\Windows Performance Toolkit\;C:\Program Files
USERNAME=Thomas
OS=Windows_NT
PROCESSOR_IDENTIFIER=Intel64 Family 6 Model 42 Stepping 7, GenuineIntel



---------------  S Y S T E M  ---------------

OS: Windows 10.0 , 64 bit Build 10586 (10.0.10586.589)

CPU:total 4 (2 cores per cpu, 2 threads per core) family 6 model 42 stepping 7, cmov, cx8, fxsr, mmx, sse, sse2, sse3, ssse3, sse4.1, sse4.2, popcnt, avx, clmul, ht, tsc, tscinvbit

Memory: 4k page, physical 4075172k(600760k free), swap 6565540k(20024k free)

vm_info: OpenJDK 64-Bit Server VM (25.76-b03) for windows-amd64 JRE (1.8.0_76-release-b03), built on Jun 29 2016 19:09:20 by "ralucas" with MS VC++ 10.0 (VS2010)

time: Sun Jan 15 17:37:08 2017
elapsed time: 1 seconds (0d 0h 0m 1s)

