#
# There is insufficient memory for the Java Runtime Environment to continue.
# Native memory allocation (malloc) failed to allocate 32744 bytes for ChunkPool::allocate
# Possible reasons:
#   The system is out of physical RAM or swap space
#   In 32 bit mode, the process size limit was hit
# Possible solutions:
#   Reduce memory load on the system
#   Increase physical memory or swap space
#   Check if swap backing store is full
#   Use 64 bit Java on a 64 bit OS
#   Decrease Java heap size (-Xmx/-Xms)
#   Decrease number of Java threads
#   Decrease Java thread stack sizes (-Xss)
#   Set larger code cache with -XX:ReservedCodeCacheSize=
# This output file may be truncated or incomplete.
#
#  Out of Memory Error (allocation.cpp:273), pid=5628, tid=0x0000000000003978
#
# JRE version: OpenJDK Runtime Environment (8.0_76-b03) (build 1.8.0_76-release-b03)
# Java VM: OpenJDK 64-Bit Server VM (25.76-b03 mixed mode windows-amd64 compressed oops)
# Failed to write core dump. Minidumps are not enabled by default on client versions of Windows
#

---------------  T H R E A D  ---------------

Current thread (0x00000000153a9000):  JavaThread "C2 CompilerThread1" daemon [_thread_in_native, id=14712, stack(0x0000000016ae0000,0x0000000016be0000)]

Stack: [0x0000000016ae0000,0x0000000016be0000]
[error occurred during error reporting (printing stack bounds), id 0xc0000005]

Native frames: (J=compiled Java code, j=interpreted, Vv=VM code, C=native code)


Current CompileTask:
C2:    564  619       4       com.android.dx.rop.cst.CstString::utf8BytesToString (391 bytes)


---------------  P R O C E S S  ---------------

Java Threads: ( => current thread )
  0x0000000016f70000 JavaThread "pool-2-thread-4" [_thread_in_vm, id=8632, stack(0x00000000176e0000,0x00000000177e0000)]
  0x0000000016f69800 JavaThread "pool-2-thread-3" [_thread_in_Java, id=10152, stack(0x00000000175e0000,0x00000000176e0000)]
  0x0000000016f5e000 JavaThread "pool-2-thread-2" [_thread_in_Java, id=9316, stack(0x00000000174e0000,0x00000000175e0000)]
  0x0000000016f42000 JavaThread "pool-3-thread-1" [_thread_blocked, id=11192, stack(0x00000000173e0000,0x00000000174e0000)]
  0x0000000016f41800 JavaThread "pool-2-thread-1" [_thread_in_vm, id=10644, stack(0x00000000172e0000,0x00000000173e0000)]
  0x00000000153b3000 JavaThread "Service Thread" daemon [_thread_blocked, id=9004, stack(0x00000000170e0000,0x00000000171e0000)]
  0x00000000153ac800 JavaThread "C1 CompilerThread2" daemon [_thread_in_native, id=7576, stack(0x0000000016be0000,0x0000000016ce0000)]
=>0x00000000153a9000 JavaThread "C2 CompilerThread1" daemon [_thread_in_native, id=14712, stack(0x0000000016ae0000,0x0000000016be0000)]
  0x00000000153b8800 JavaThread "C2 CompilerThread0" daemon [_thread_in_native, id=12012, stack(0x00000000169e0000,0x0000000016ae0000)]
  0x00000000153b7000 JavaThread "Attach Listener" daemon [_thread_blocked, id=1956, stack(0x00000000168e0000,0x00000000169e0000)]
  0x00000000153b5800 JavaThread "Signal Dispatcher" daemon [_thread_blocked, id=5808, stack(0x00000000167e0000,0x00000000168e0000)]
  0x0000000015398800 JavaThread "Finalizer" daemon [_thread_blocked, id=13668, stack(0x0000000016600000,0x0000000016700000)]
  0x0000000002cd0800 JavaThread "Reference Handler" daemon [_thread_blocked, id=15152, stack(0x0000000016500000,0x0000000016600000)]
  0x0000000002add800 JavaThread "main" [_thread_in_Java, id=12964, stack(0x0000000002ae0000,0x0000000002be0000)]

Other Threads:
  0x0000000015375000 VMThread [stack: 0x0000000016400000,0x0000000016500000] [id=5908]
  0x000000001540e800 WatcherThread [stack: 0x00000000171e0000,0x00000000172e0000] [id=5724]

VM state:not at safepoint (normal execution)

VM Mutex/Monitor currently owned by a thread: None

Heap:
 PSYoungGen      total 18944K, used 13754K [0x00000000eab00000, 0x00000000ec000000, 0x0000000100000000)
  eden space 16384K, 83% used [0x00000000eab00000,0x00000000eb86ebe8,0x00000000ebb00000)
  from space 2560K, 0% used [0x00000000ebd80000,0x00000000ebd80000,0x00000000ec000000)
  to   space 2560K, 0% used [0x00000000ebb00000,0x00000000ebb00000,0x00000000ebd80000)
 ParOldGen       total 44032K, used 0K [0x00000000c0000000, 0x00000000c2b00000, 0x00000000eab00000)
  object space 44032K, 0% used [0x00000000c0000000,0x00000000c0000000,0x00000000c2b00000)
 Metaspace       used 5485K, capacity 6512K, committed 6784K, reserved 1056768K
  class space    used 568K, capacity 616K, committed 640K, reserved 1048576K

Card table byte_map: [0x00000000120a0000,0x00000000122b0000] byte_map_base: 0x0000000011aa0000

Marking Bits: (ParMarkBitMap*) 0x00000000665d9d00
 Begin Bits: [0x0000000012810000, 0x0000000013810000)
 End Bits:   [0x0000000013810000, 0x0000000014810000)

Polling page: 0x0000000000d20000

CodeCache: size=245760Kb used=2300Kb max_used=2311Kb free=243459Kb
 bounds [0x0000000002ce0000, 0x0000000002f50000, 0x0000000011ce0000]
 total_blobs=878 nmethods=611 adapters=181
 compilation: enabled

Compilation events (10 events):
Event: 0.555 Thread 0x00000000153ac800 nmethod 614 0x0000000002f1e410 code [0x0000000002f1e640, 0x0000000002f1f3a8]
Event: 0.555 Thread 0x00000000153ac800  610   !   3       com.android.dx.cf.code.BytecodeArray::parseInstruction (2764 bytes)
Event: 0.555 Thread 0x00000000153b8800 nmethod 618 0x0000000002f1bc50 code [0x0000000002f1bda0, 0x0000000002f1bf28]
Event: 0.555 Thread 0x00000000153b8800  620       4       com.android.dx.util.ByteArray::getUnsignedShort (25 bytes)
Event: 0.557 Thread 0x00000000153b8800 nmethod 620 0x0000000002f1b810 code [0x0000000002f1b960, 0x0000000002f1bab8]
Event: 0.557 Thread 0x00000000153b8800  622       4       com.android.dx.rop.code.InsnList::get (9 bytes)
Event: 0.558 Thread 0x00000000153b8800 nmethod 622 0x0000000002f1b410 code [0x0000000002f1b560, 0x0000000002f1b658]
Event: 0.558 Thread 0x00000000153b8800  621       4       com.android.dx.util.Bits::clear (21 bytes)
Event: 0.559 Thread 0x00000000153b8800 nmethod 621 0x0000000002f17410 code [0x0000000002f17540, 0x0000000002f175d8]
Event: 0.559 Thread 0x00000000153b8800  623       4       com.android.dx.ssa.NormalSsaInsn::accept (25 bytes)

GC Heap History (0 events):
No events

Deoptimization events (1 events):
Event: 0.551 Thread 0x0000000016f41800 Uncommon trap: reason=unstable_if action=reinterpret pc=0x0000000002efa0f0 method=java.util.BitSet.nextSetBit(I)I @ 87

Internal exceptions (2 events):
Event: 0.039 Thread 0x0000000002add800 Exception <a 'java/lang/NoSuchMethodError': Method sun.misc.Unsafe.defineClass(Ljava/lang/String;[BII)Ljava/lang/Class; name or signature does not match> (0x00000000eab07cc0) thrown at [C:\src\android\AOSP-openjdk\external\jetbrains\jdk\hotspot\src\share\vý—%b¼<¤?
Event: 0.040 Thread 0x0000000002add800 Exception <a 'java/lang/NoSuchMethodError': Method sun.misc.Unsafe.prefetchRead(Ljava/lang/Object;J)V name or signature does not match> (0x00000000eab07fa8) thrown at [C:\src\android\AOSP-openjdk\external\jetbrains\jdk\hotspot\src\share\vm\prims\jni.cpp, l

Events (10 events):
Event: 0.492 loading class com/android/dx/ssa/back/FirstFitLocalCombiningAllocator$Alignment$3 done
Event: 0.493 loading class java/util/TreeMap$EntrySet
Event: 0.493 loading class java/util/TreeMap$EntrySet done
Event: 0.493 loading class java/util/TreeMap$EntryIterator
Event: 0.493 loading class java/util/TreeMap$EntryIterator done
Event: 0.518 loading class com/android/dx/ssa/back/FirstFitLocalCombiningAllocator$Multiset
Event: 0.518 loading class com/android/dx/ssa/back/FirstFitLocalCombiningAllocator$Multiset done
Event: 0.551 Thread 0x0000000016f41800 Uncommon trap: trap_request=0xffffff65 fr.pc=0x0000000002efa0f0
Event: 0.551 Thread 0x0000000016f41800 DEOPT PACKING pc=0x0000000002efa0f0 sp=0x00000000173dea40
Event: 0.551 Thread 0x0000000016f41800 DEOPT UNPACKING pc=0x0000000002d2556a sp=0x00000000173de9d8 mode 2


Dynamic libraries:
0x00007ff6d2bb0000 - 0x00007ff6d2be1000 	C:\Program Files\Android\Android Studio\jre\bin\java.exe
0x00007ffad9aa0000 - 0x00007ffad9c61000 	C:\WINDOWS\SYSTEM32\ntdll.dll
0x00007ffad7000000 - 0x00007ffad70ad000 	C:\WINDOWS\system32\KERNEL32.DLL
0x00007ffad6520000 - 0x00007ffad6708000 	C:\WINDOWS\system32\KERNELBASE.dll
0x00007ffad9430000 - 0x00007ffad94d7000 	C:\WINDOWS\system32\ADVAPI32.dll
0x00007ffad9130000 - 0x00007ffad91cd000 	C:\WINDOWS\system32\msvcrt.dll
0x00007ffad90d0000 - 0x00007ffad912b000 	C:\WINDOWS\system32\sechost.dll
0x00007ffad98b0000 - 0x00007ffad99cc000 	C:\WINDOWS\system32\RPCRT4.dll
0x00007ffad8ba0000 - 0x00007ffad8cf6000 	C:\WINDOWS\system32\USER32.dll
0x00007ffad92a0000 - 0x00007ffad9426000 	C:\WINDOWS\system32\GDI32.dll
0x00007ffacf3a0000 - 0x00007ffacf614000 	C:\WINDOWS\WinSxS\amd64_microsoft.windows.common-controls_6595b64144ccf1df_6.0.10586.672_none_a2d6b3cea53ff843\COMCTL32.dll
0x00007ffad9520000 - 0x00007ffad979d000 	C:\WINDOWS\system32\combase.dll
0x00007ffad63d0000 - 0x00007ffad643a000 	C:\WINDOWS\system32\bcryptPrimitives.dll
0x00007ffad94e0000 - 0x00007ffad951b000 	C:\WINDOWS\system32\IMM32.DLL
0x0000000065d40000 - 0x0000000065e12000 	C:\Program Files\Android\Android Studio\jre\jre\bin\msvcr100.dll
0x0000000065e20000 - 0x0000000066654000 	C:\Program Files\Android\Android Studio\jre\jre\bin\server\jvm.dll
0x00007ffad90b0000 - 0x00007ffad90b8000 	C:\WINDOWS\system32\PSAPI.DLL
0x00007ffad2d40000 - 0x00007ffad2d49000 	C:\WINDOWS\SYSTEM32\WSOCK32.dll
0x00007ffad34f0000 - 0x00007ffad3513000 	C:\WINDOWS\SYSTEM32\WINMM.dll
0x00007ffad9040000 - 0x00007ffad90ab000 	C:\WINDOWS\system32\WS2_32.dll
0x00007ffacd380000 - 0x00007ffacd38a000 	C:\WINDOWS\SYSTEM32\VERSION.dll
0x00007ffad3490000 - 0x00007ffad34bc000 	C:\WINDOWS\SYSTEM32\WINMMBASE.dll
0x00007ffad6440000 - 0x00007ffad6483000 	C:\WINDOWS\system32\cfgmgr32.dll
0x00007ffacf080000 - 0x00007ffacf08f000 	C:\Program Files\Android\Android Studio\jre\jre\bin\verify.dll
0x00007ffaca960000 - 0x00007ffaca989000 	C:\Program Files\Android\Android Studio\jre\jre\bin\java.dll
0x00007ffacefe0000 - 0x00007ffaceff6000 	C:\Program Files\Android\Android Studio\jre\jre\bin\zip.dll
0x00007ffad74f0000 - 0x00007ffad8a4c000 	C:\WINDOWS\system32\SHELL32.dll
0x00007ffad67d0000 - 0x00007ffad6e15000 	C:\WINDOWS\system32\windows.storage.dll
0x00007ffad91d0000 - 0x00007ffad9222000 	C:\WINDOWS\system32\shlwapi.dll
0x00007ffad6140000 - 0x00007ffad614f000 	C:\WINDOWS\system32\kernel.appcore.dll
0x00007ffad6710000 - 0x00007ffad67c5000 	C:\WINDOWS\system32\shcore.dll
0x00007ffad60f0000 - 0x00007ffad613b000 	C:\WINDOWS\system32\powrprof.dll
0x00007ffad60d0000 - 0x00007ffad60e4000 	C:\WINDOWS\system32\profapi.dll

VM Arguments:
jvm_args: -Djava.awt.headless=true -Xmx1024M -Dfile.encoding=windows-1252 -Duser.country=GB -Duser.language=en -Duser.variant 
java_command: com.android.dx.command.Main --dex --force-jumbo --num-threads=4 --multi-dex --output C:\Users\Thomas\AndroidStudioProjects\MrWhemps\app\build\intermediates\transforms\dex\debug\folders\1000\10\com.google.android.gms-play-services-cast-9.4.0_3ff540ba2c7127c3bb296c2400764fb3312d65e2 C:\Users\Thomas\AndroidStudioProjects\MrWhemps\app\build\intermediates\exploded-aar\com.google.android.gms\play-services-cast\9.4.0\jars\classes.jar
java_class_path (initial): C:\Users\Thomas\AppData\Local\Android\sdk\build-tools\23.0.2\lib\dx.jar
Launcher Type: SUN_STANDARD

Environment Variables:
PATH=C:\Program Files (x86)\Intel\iCLS Client\;C:\Program Files\Intel\iCLS Client\;C:\Windows\system32;C:\Windows;C:\Windows\System32\Wbem;C:\Windows\System32\WindowsPowerShell\v1.0\;C:\Program Files (x86)\Intel\OpenCL SDK\2.0\bin\x86;C:\Program Files (x86)\Intel\OpenCL SDK\2.0\bin\x64;C:\Program Files\Intel\Intel(R) Management Engine Components\DAL;C:\Program Files\Intel\Intel(R) Management Engine Components\IPT;C:\Program Files (x86)\Intel\Intel(R) Management Engine Components\DAL;C:\Program Files (x86)\Intel\Intel(R) Management Engine Components\IPT;C:\Program Files (x86)\Windows Live\Shared;C:\Users\Thomas\AppData\Local\Smartbar\Application\;C:\WINDOWS\system32;C:\WINDOWS;C:\WINDOWS\System32\Wbem;C:\WINDOWS\System32\WindowsPowerShell\v1.0\;D:\Programs\bin;C:\Program Files\Microsoft SQL Server\110\Tools\Binn\;C:\Program Files\Microsoft SQL Server\120\Tools\Binn\;C:\Program Files\MiKTeX 2.9\miktex\bin\;C:\Program Files\MiKTeX 2.9\gs\gs8.71\bin\;C:\Program Files\Git\cmd;C:\Program Files (x86)\Skype\Phone\;C:\Program Files\Microsoft SQL Server\130\Tools\Binn\;C:\Program Files (x86)\Windows Kits\10\Windows Performance Toolkit\;C:\Program Files
USERNAME=Thomas
OS=Windows_NT
PROCESSOR_IDENTIFIER=Intel64 Family 6 Model 42 Stepping 7, GenuineIntel



---------------  S Y S T E M  ---------------

OS: Windows 10.0 , 64 bit Build 10586 (10.0.10586.589)

CPU:total 4 (2 cores per cpu, 2 threads per core) family 6 model 42 stepping 7, cmov, cx8, fxsr, mmx, sse, sse2, sse3, ssse3, sse4.1, sse4.2, popcnt, avx, clmul, ht, tsc, tscinvbit

Memory: 4k page, physical 4075172k(484036k free), swap 6565540k(5140k free)

vm_info: OpenJDK 64-Bit Server VM (25.76-b03) for windows-amd64 JRE (1.8.0_76-release-b03), built on Jun 29 2016 19:09:20 by "ralucas" with MS VC++ 10.0 (VS2010)

time: Sun Jan 15 13:26:39 2017
elapsed time: 0 seconds (0d 0h 0m 0s)

