#
# There is insufficient memory for the Java Runtime Environment to continue.
# Native memory allocation (malloc) failed to allocate 598496 bytes for Chunk::new
# Possible reasons:
#   The system is out of physical RAM or swap space
#   In 32 bit mode, the process size limit was hit
# Possible solutions:
#   Reduce memory load on the system
#   Increase physical memory or swap space
#   Check if swap backing store is full
#   Use 64 bit Java on a 64 bit OS
#   Decrease Java heap size (-Xmx/-Xms)
#   Decrease number of Java threads
#   Decrease Java thread stack sizes (-Xss)
#   Set larger code cache with -XX:ReservedCodeCacheSize=
# This output file may be truncated or incomplete.
#
#  Out of Memory Error (allocation.cpp:390), pid=12984, tid=0x000000000000248c
#
# JRE version: OpenJDK Runtime Environment (8.0_76-b03) (build 1.8.0_76-release-b03)
# Java VM: OpenJDK 64-Bit Server VM (25.76-b03 mixed mode windows-amd64 compressed oops)
# Failed to write core dump. Minidumps are not enabled by default on client versions of Windows
#

---------------  T H R E A D  ---------------

Current thread (0x000000001490e800):  JavaThread "C2 CompilerThread1" daemon [_thread_in_native, id=9356, stack(0x0000000016060000,0x0000000016160000)]

Stack: [0x0000000016060000,0x0000000016160000]
[error occurred during error reporting (printing stack bounds), id 0xc0000005]

Native frames: (J=compiled Java code, j=interpreted, Vv=VM code, C=native code)


Current CompileTask:
C2:   4663 1035       4       com.android.dx.ssa.SCCP::simulateStmt (481 bytes)


---------------  P R O C E S S  ---------------

Java Threads: ( => current thread )
  0x00000000164de800 JavaThread "pool-2-thread-4" [_thread_blocked, id=10256, stack(0x0000000016c60000,0x0000000016d60000)]
  0x00000000163d3000 JavaThread "pool-2-thread-3" [_thread_in_vm, id=8456, stack(0x0000000016b60000,0x0000000016c60000)]
  0x00000000163d2000 JavaThread "pool-2-thread-2" [_thread_blocked, id=5092, stack(0x0000000016a60000,0x0000000016b60000)]
  0x00000000163cc800 JavaThread "pool-3-thread-1" [_thread_blocked, id=6404, stack(0x0000000016960000,0x0000000016a60000)]
  0x00000000163cb800 JavaThread "pool-2-thread-1" [_thread_blocked, id=10244, stack(0x0000000016860000,0x0000000016960000)]
  0x000000001627b800 JavaThread "Service Thread" daemon [_thread_blocked, id=8444, stack(0x0000000016660000,0x0000000016760000)]
  0x0000000014912000 JavaThread "C1 CompilerThread2" daemon [_thread_blocked, id=4308, stack(0x0000000016160000,0x0000000016260000)]
=>0x000000001490e800 JavaThread "C2 CompilerThread1" daemon [_thread_in_native, id=9356, stack(0x0000000016060000,0x0000000016160000)]
  0x000000001490b800 JavaThread "C2 CompilerThread0" daemon [_thread_in_native, id=7300, stack(0x0000000015f60000,0x0000000016060000)]
  0x000000001490a000 JavaThread "Attach Listener" daemon [_thread_blocked, id=11736, stack(0x0000000015e60000,0x0000000015f60000)]
  0x0000000014909000 JavaThread "Signal Dispatcher" daemon [_thread_blocked, id=11968, stack(0x0000000015d60000,0x0000000015e60000)]
  0x00000000148f8800 JavaThread "Finalizer" daemon [_thread_blocked, id=1432, stack(0x0000000015b80000,0x0000000015c80000)]
  0x0000000002230800 JavaThread "Reference Handler" daemon [_thread_blocked, id=13972, stack(0x0000000015a80000,0x0000000015b80000)]
  0x000000000213d800 JavaThread "main" [_thread_in_vm, id=9876, stack(0x0000000001fb0000,0x00000000020b0000)]

Other Threads:
  0x00000000148d5000 VMThread [stack: 0x0000000015980000,0x0000000015a80000] [id=11108]
  0x000000001627d000 WatcherThread [stack: 0x0000000016760000,0x0000000016860000] [id=13540]

VM state:not at safepoint (normal execution)

VM Mutex/Monitor currently owned by a thread: None

Heap:
 PSYoungGen      total 18944K, used 12891K [0x00000000eab00000, 0x00000000ed000000, 0x0000000100000000)
  eden space 16384K, 63% used [0x00000000eab00000,0x00000000eb518198,0x00000000ebb00000)
  from space 2560K, 99% used [0x00000000ebb00000,0x00000000ebd7eab8,0x00000000ebd80000)
  to   space 2560K, 0% used [0x00000000ecd80000,0x00000000ecd80000,0x00000000ed000000)
 ParOldGen       total 44032K, used 1643K [0x00000000c0000000, 0x00000000c2b00000, 0x00000000eab00000)
  object space 44032K, 3% used [0x00000000c0000000,0x00000000c019ad48,0x00000000c2b00000)
 Metaspace       used 5856K, capacity 6896K, committed 7040K, reserved 1056768K
  class space    used 571K, capacity 616K, committed 640K, reserved 1048576K

Card table byte_map: [0x0000000011600000,0x0000000011810000] byte_map_base: 0x0000000011000000

Marking Bits: (ParMarkBitMap*) 0x000000005c809d00
 Begin Bits: [0x0000000011d70000, 0x0000000012d70000)
 End Bits:   [0x0000000012d70000, 0x0000000013d70000)

Polling page: 0x00000000020b0000

CodeCache: size=245760Kb used=4550Kb max_used=4550Kb free=241209Kb
 bounds [0x0000000002240000, 0x00000000026c0000, 0x0000000011240000]
 total_blobs=1375 nmethods=1108 adapters=181
 compilation: enabled

Compilation events (10 events):
Event: 4.558 Thread 0x0000000014912000 nmethod 1111 0x00000000026ae5d0 code [0x00000000026ae720, 0x00000000026ae8b0]
Event: 4.581 Thread 0x0000000014912000 1113       3       java.lang.Character::forDigit (42 bytes)
Event: 4.581 Thread 0x0000000014912000 nmethod 1113 0x00000000026ae950 code [0x00000000026aeac0, 0x00000000026aed50]
Event: 4.583 Thread 0x0000000014912000 1114       3       com.android.dx.cf.code.OneLocalsArray::merge (22 bytes)
Event: 4.584 Thread 0x0000000014912000 nmethod 1114 0x00000000026aedd0 code [0x00000000026aefa0, 0x00000000026af6d8]
Event: 4.584 Thread 0x0000000014912000 1115       3       com.android.dx.cf.code.OneLocalsArray::getMaxLocals (6 bytes)
Event: 4.584 Thread 0x0000000014912000 nmethod 1115 0x00000000026af910 code [0x00000000026afa60, 0x00000000026afbb0]
Event: 4.584 Thread 0x0000000014912000 1116   !   3       com.android.dx.cf.code.ExecutionStack::merge (31 bytes)
Event: 4.585 Thread 0x0000000014912000 nmethod 1116 0x00000000026afc50 code [0x00000000026afe00, 0x00000000026b02a8]
Event: 4.585 Thread 0x0000000014912000 1117       3       com.android.dx.cf.code.Frame::mergeSubroutineLists (90 bytes)

GC Heap History (2 events):
Event: 3.190 GC heap before
{Heap before GC invocations=1 (full 0):
 PSYoungGen      total 18944K, used 16384K [0x00000000eab00000, 0x00000000ec000000, 0x0000000100000000)
  eden space 16384K, 100% used [0x00000000eab00000,0x00000000ebb00000,0x00000000ebb00000)
  from space 2560K, 0% used [0x00000000ebd80000,0x00000000ebd80000,0x00000000ec000000)
  to   space 2560K, 0% used [0x00000000ebb00000,0x00000000ebb00000,0x00000000ebd80000)
 ParOldGen       total 44032K, used 0K [0x00000000c0000000, 0x00000000c2b00000, 0x00000000eab00000)
  object space 44032K, 0% used [0x00000000c0000000,0x00000000c0000000,0x00000000c2b00000)
 Metaspace       used 5677K, capacity 6704K, committed 6784K, reserved 1056768K
  class space    used 570K, capacity 616K, committed 640K, reserved 1048576K
Event: 3.549 GC heap after
Heap after GC invocations=1 (full 0):
 PSYoungGen      total 18944K, used 2554K [0x00000000eab00000, 0x00000000ed000000, 0x0000000100000000)
  eden space 16384K, 0% used [0x00000000eab00000,0x00000000eab00000,0x00000000ebb00000)
  from space 2560K, 99% used [0x00000000ebb00000,0x00000000ebd7eab8,0x00000000ebd80000)
  to   space 2560K, 0% used [0x00000000ecd80000,0x00000000ecd80000,0x00000000ed000000)
 ParOldGen       total 44032K, used 1643K [0x00000000c0000000, 0x00000000c2b00000, 0x00000000eab00000)
  object space 44032K, 3% used [0x00000000c0000000,0x00000000c019ad48,0x00000000c2b00000)
 Metaspace       used 5677K, capacity 6704K, committed 6784K, reserved 1056768K
  class space    used 570K, capacity 616K, committed 640K, reserved 1048576K
}

Deoptimization events (8 events):
Event: 1.670 Thread 0x000000000213d800 Uncommon trap: reason=unstable_if action=reinterpret pc=0x0000000002385910 method=java.lang.String.indexOf(II)I @ 49
Event: 2.631 Thread 0x00000000163d3000 Uncommon trap: reason=unstable_if action=reinterpret pc=0x0000000002435d08 method=java.util.HashMap.getNode(ILjava/lang/Object;)Ljava/util/HashMap$Node; @ 129
Event: 2.887 Thread 0x00000000163d2000 Uncommon trap: reason=null_check action=make_not_entrant pc=0x0000000002549920 method=com.android.dx.rop.type.Type.equals(Ljava/lang/Object;)Z @ 8
Event: 3.584 Thread 0x00000000163d3000 Uncommon trap: reason=class_check action=maybe_recompile pc=0x00000000024dec84 method=com.android.dx.ssa.NormalSsaInsn.accept(Lcom/android/dx/ssa/SsaInsn$Visitor;)V @ 9
Event: 3.584 Thread 0x00000000163d3000 Uncommon trap: reason=class_check action=maybe_recompile pc=0x00000000024848b0 method=com.android.dx.ssa.NormalSsaInsn.accept(Lcom/android/dx/ssa/SsaInsn$Visitor;)V @ 9
Event: 3.584 Thread 0x00000000163d3000 Uncommon trap: reason=class_check action=maybe_recompile pc=0x00000000024848b0 method=com.android.dx.ssa.NormalSsaInsn.accept(Lcom/android/dx/ssa/SsaInsn$Visitor;)V @ 9
Event: 3.584 Thread 0x00000000163d3000 Uncommon trap: reason=class_check action=maybe_recompile pc=0x00000000024848b0 method=com.android.dx.ssa.NormalSsaInsn.accept(Lcom/android/dx/ssa/SsaInsn$Visitor;)V @ 9
Event: 3.708 Thread 0x00000000163d3000 Uncommon trap: reason=class_check action=maybe_recompile pc=0x00000000024dec84 method=com.android.dx.ssa.NormalSsaInsn.accept(Lcom/android/dx/ssa/SsaInsn$Visitor;)V @ 9

Internal exceptions (3 events):
Event: 0.095 Thread 0x000000000213d800 Exception <a 'java/lang/NoSuchMethodError': Method sun.misc.Unsafe.defineClass(Ljava/lang/String;[BII)Ljava/lang/Class; name or signature does not match> (0x00000000eab07cc0) thrown at [C:\src\android\AOSP-openjdk\external\jetbrains\jdk\hotspot\src\share\vkÚ+q´D¸?
Event: 0.095 Thread 0x000000000213d800 Exception <a 'java/lang/NoSuchMethodError': Method sun.misc.Unsafe.prefetchRead(Ljava/lang/Object;J)V name or signature does not match> (0x00000000eab07fa8) thrown at [C:\src\android\AOSP-openjdk\external\jetbrains\jdk\hotspot\src\share\vm\prims\jni.cpp, lp·…´d@
Event: 2.887 Thread 0x00000000163d2000 Implicit null exception at 0x0000000002549822 to 0x0000000002549912

Events (10 events):
Event: 3.584 Thread 0x00000000163d3000 DEOPT PACKING pc=0x00000000024848b0 sp=0x0000000016c5ebc0
Event: 3.584 Thread 0x00000000163d3000 DEOPT UNPACKING pc=0x000000000228556a sp=0x0000000016c5eb60 mode 2
Event: 3.584 Thread 0x00000000163d3000 Uncommon trap: trap_request=0xffffffde fr.pc=0x00000000024848b0
Event: 3.584 Thread 0x00000000163d3000 DEOPT PACKING pc=0x00000000024848b0 sp=0x0000000016c5ebc0
Event: 3.584 Thread 0x00000000163d3000 DEOPT UNPACKING pc=0x000000000228556a sp=0x0000000016c5eb60 mode 2
Event: 3.708 Thread 0x00000000163d3000 Uncommon trap: trap_request=0xffffffde fr.pc=0x00000000024dec84
Event: 3.708 Thread 0x00000000163d3000 DEOPT PACKING pc=0x00000000024dec84 sp=0x0000000016c5ec60
Event: 3.709 Thread 0x00000000163d3000 DEOPT UNPACKING pc=0x000000000228556a sp=0x0000000016c5ebc0 mode 2
Event: 4.215 Executing VM operation: EnableBiasedLocking
Event: 4.330 Executing VM operation: EnableBiasedLocking done


Dynamic libraries:
0x00007ff6c7d80000 - 0x00007ff6c7db1000 	C:\Program Files\Android\Android Studio\jre\bin\java.exe
0x00007ffd40960000 - 0x00007ffd40b21000 	C:\WINDOWS\SYSTEM32\ntdll.dll
0x00007ffd3e080000 - 0x00007ffd3e12d000 	C:\WINDOWS\system32\KERNEL32.DLL
0x00007ffd3dab0000 - 0x00007ffd3dc98000 	C:\WINDOWS\system32\KERNELBASE.dll
0x00007ffd40460000 - 0x00007ffd40507000 	C:\WINDOWS\system32\ADVAPI32.dll
0x00007ffd3e980000 - 0x00007ffd3ea1d000 	C:\WINDOWS\system32\msvcrt.dll
0x00007ffd3e8b0000 - 0x00007ffd3e90b000 	C:\WINDOWS\system32\sechost.dll
0x00007ffd3e130000 - 0x00007ffd3e24c000 	C:\WINDOWS\system32\RPCRT4.dll
0x00007ffd3df20000 - 0x00007ffd3e076000 	C:\WINDOWS\system32\USER32.dll
0x00007ffd3dd80000 - 0x00007ffd3df06000 	C:\WINDOWS\system32\GDI32.dll
0x00007ffd38ad0000 - 0x00007ffd38d44000 	C:\WINDOWS\WinSxS\amd64_microsoft.windows.common-controls_6595b64144ccf1df_6.0.10586.672_none_a2d6b3cea53ff843\COMCTL32.dll
0x00007ffd3e250000 - 0x00007ffd3e4cd000 	C:\WINDOWS\system32\combase.dll
0x00007ffd3d8b0000 - 0x00007ffd3d91a000 	C:\WINDOWS\system32\bcryptPrimitives.dll
0x00007ffd40510000 - 0x00007ffd4054b000 	C:\WINDOWS\system32\IMM32.DLL
0x000000005be90000 - 0x000000005bf62000 	C:\Program Files\Android\Android Studio\jre\jre\bin\msvcr100.dll
0x000000005c050000 - 0x000000005c884000 	C:\Program Files\Android\Android Studio\jre\jre\bin\server\jvm.dll
0x00007ffd3df10000 - 0x00007ffd3df18000 	C:\WINDOWS\system32\PSAPI.DLL
0x00007ffd32730000 - 0x00007ffd32739000 	C:\WINDOWS\SYSTEM32\WSOCK32.dll
0x00007ffd3e910000 - 0x00007ffd3e97b000 	C:\WINDOWS\system32\WS2_32.dll
0x00007ffd39a80000 - 0x00007ffd39aa3000 	C:\WINDOWS\SYSTEM32\WINMM.dll
0x00007ffd33a10000 - 0x00007ffd33a1a000 	C:\WINDOWS\SYSTEM32\VERSION.dll
0x00007ffd39a50000 - 0x00007ffd39a7c000 	C:\WINDOWS\SYSTEM32\WINMMBASE.dll
0x00007ffd3d920000 - 0x00007ffd3d963000 	C:\WINDOWS\system32\cfgmgr32.dll
0x00007ffd34130000 - 0x00007ffd3413f000 	C:\Program Files\Android\Android Studio\jre\jre\bin\verify.dll
0x00007ffd32f70000 - 0x00007ffd32f99000 	C:\Program Files\Android\Android Studio\jre\jre\bin\java.dll
0x00007ffd2ffd0000 - 0x00007ffd2ffe6000 	C:\Program Files\Android\Android Studio\jre\jre\bin\zip.dll
0x00007ffd3ef00000 - 0x00007ffd4045c000 	C:\WINDOWS\system32\SHELL32.dll
0x00007ffd3d090000 - 0x00007ffd3d6d5000 	C:\WINDOWS\system32\windows.storage.dll
0x00007ffd406d0000 - 0x00007ffd40722000 	C:\WINDOWS\system32\shlwapi.dll
0x00007ffd3d000000 - 0x00007ffd3d00f000 	C:\WINDOWS\system32\kernel.appcore.dll
0x00007ffd3dca0000 - 0x00007ffd3dd55000 	C:\WINDOWS\system32\shcore.dll
0x00007ffd3cfb0000 - 0x00007ffd3cffb000 	C:\WINDOWS\system32\powrprof.dll
0x00007ffd3cf90000 - 0x00007ffd3cfa4000 	C:\WINDOWS\system32\profapi.dll

VM Arguments:
jvm_args: -Djava.awt.headless=true -Xmx1024M -Dfile.encoding=windows-1252 -Duser.country=GB -Duser.language=en -Duser.variant 
java_command: com.android.dx.command.Main --dex --force-jumbo --num-threads=4 --multi-dex --output C:\Users\Thomas\AndroidStudioProjects\MrWhemps\app\build\intermediates\transforms\dex\debug\folders\1000\10\com.google.android.gms-play-services-gcm-9.4.0_aa4b0f150628f485f29a8aaab06cbd2c8e03e91e C:\Users\Thomas\AndroidStudioProjects\MrWhemps\app\build\intermediates\exploded-aar\com.google.android.gms\play-services-gcm\9.4.0\jars\classes.jar
java_class_path (initial): C:\Users\Thomas\AppData\Local\Android\sdk\build-tools\23.0.2\lib\dx.jar
Launcher Type: SUN_STANDARD

Environment Variables:
PATH=C:\Program Files (x86)\Intel\iCLS Client\;C:\Program Files\Intel\iCLS Client\;C:\Windows\system32;C:\Windows;C:\Windows\System32\Wbem;C:\Windows\System32\WindowsPowerShell\v1.0\;C:\Program Files (x86)\Intel\OpenCL SDK\2.0\bin\x86;C:\Program Files (x86)\Intel\OpenCL SDK\2.0\bin\x64;C:\Program Files\Intel\Intel(R) Management Engine Components\DAL;C:\Program Files\Intel\Intel(R) Management Engine Components\IPT;C:\Program Files (x86)\Intel\Intel(R) Management Engine Components\DAL;C:\Program Files (x86)\Intel\Intel(R) Management Engine Components\IPT;C:\Program Files (x86)\Windows Live\Shared;C:\Users\Thomas\AppData\Local\Smartbar\Application\;C:\WINDOWS\system32;C:\WINDOWS;C:\WINDOWS\System32\Wbem;C:\WINDOWS\System32\WindowsPowerShell\v1.0\;D:\Programs\bin;C:\Program Files\Microsoft SQL Server\110\Tools\Binn\;C:\Program Files\Microsoft SQL Server\120\Tools\Binn\;C:\Program Files\MiKTeX 2.9\miktex\bin\;C:\Program Files\MiKTeX 2.9\gs\gs8.71\bin\;C:\Program Files\Git\cmd;C:\Program Files (x86)\Skype\Phone\;C:\Program Files\Microsoft SQL Server\130\Tools\Binn\;C:\Program Files (x86)\Windows Kits\10\Windows Performance Toolkit\;C:\Program Files
USERNAME=Thomas
OS=Windows_NT
PROCESSOR_IDENTIFIER=Intel64 Family 6 Model 42 Stepping 7, GenuineIntel



---------------  S Y S T E M  ---------------

OS: Windows 10.0 , 64 bit Build 10586 (10.0.10586.589)

CPU:total 4 (2 cores per cpu, 2 threads per core) family 6 model 42 stepping 7, cmov, cx8, fxsr, mmx, sse, sse2, sse3, ssse3, sse4.1, sse4.2, popcnt, avx, clmul, ht, tsc, tscinvbit

Memory: 4k page, physical 4075172k(369716k free), swap 6565536k(4264k free)

vm_info: OpenJDK 64-Bit Server VM (25.76-b03) for windows-amd64 JRE (1.8.0_76-release-b03), built on Jun 29 2016 19:09:20 by "ralucas" with MS VC++ 10.0 (VS2010)

time: Sun Jan 22 12:52:38 2017
elapsed time: 4 seconds (0d 0h 0m 4s)

