#
# There is insufficient memory for the Java Runtime Environment to continue.
# Native memory allocation (malloc) failed to allocate 225584 bytes for Chunk::new
# Possible reasons:
#   The system is out of physical RAM or swap space
#   In 32 bit mode, the process size limit was hit
# Possible solutions:
#   Reduce memory load on the system
#   Increase physical memory or swap space
#   Check if swap backing store is full
#   Use 64 bit Java on a 64 bit OS
#   Decrease Java heap size (-Xmx/-Xms)
#   Decrease number of Java threads
#   Decrease Java thread stack sizes (-Xss)
#   Set larger code cache with -XX:ReservedCodeCacheSize=
# This output file may be truncated or incomplete.
#
#  Out of Memory Error (allocation.cpp:390), pid=11056, tid=0x0000000000002d9c
#
# JRE version: OpenJDK Runtime Environment (8.0_76-b03) (build 1.8.0_76-release-b03)
# Java VM: OpenJDK 64-Bit Server VM (25.76-b03 mixed mode windows-amd64 compressed oops)
# Failed to write core dump. Minidumps are not enabled by default on client versions of Windows
#

---------------  T H R E A D  ---------------

Current thread (0x0000000015107800):  JavaThread "C2 CompilerThread0" daemon [_thread_in_native, id=11676, stack(0x0000000016730000,0x0000000016830000)]

Stack: [0x0000000016730000,0x0000000016830000]
[error occurred during error reporting (printing stack bounds), id 0xc0000005]

Native frames: (J=compiled Java code, j=interpreted, Vv=VM code, C=native code)


Current CompileTask:
C2:   2739 1283       4       com.android.dx.ssa.back.LivenessAnalyzer::run (231 bytes)


---------------  P R O C E S S  ---------------

Java Threads: ( => current thread )
  0x0000000016cb0800 JavaThread "pool-2-thread-4" [_thread_in_Java, id=4988, stack(0x0000000017430000,0x0000000017530000)]
  0x0000000016caf800 JavaThread "pool-2-thread-3" [_thread_in_Java, id=12180, stack(0x0000000017330000,0x0000000017430000)]
  0x0000000016caf000 JavaThread "pool-2-thread-2" [_thread_in_Java, id=14192, stack(0x0000000017230000,0x0000000017330000)]
  0x0000000016ca8000 JavaThread "pool-3-thread-1" [_thread_blocked, id=13696, stack(0x0000000017130000,0x0000000017230000)]
  0x0000000016ca7800 JavaThread "pool-2-thread-1" [_thread_blocked, id=11756, stack(0x0000000017030000,0x0000000017130000)]
  0x0000000016a33800 JavaThread "Service Thread" daemon [_thread_blocked, id=10344, stack(0x0000000016e30000,0x0000000016f30000)]
  0x000000001515c000 JavaThread "C1 CompilerThread2" daemon [_thread_blocked, id=14024, stack(0x0000000016930000,0x0000000016a30000)]
  0x00000000150f8000 JavaThread "C2 CompilerThread1" daemon [_thread_in_native, id=1964, stack(0x0000000016830000,0x0000000016930000)]
=>0x0000000015107800 JavaThread "C2 CompilerThread0" daemon [_thread_in_native, id=11676, stack(0x0000000016730000,0x0000000016830000)]
  0x0000000015106000 JavaThread "Attach Listener" daemon [_thread_blocked, id=13508, stack(0x0000000016630000,0x0000000016730000)]
  0x0000000015104800 JavaThread "Signal Dispatcher" daemon [_thread_blocked, id=11440, stack(0x0000000016530000,0x0000000016630000)]
  0x0000000002a2b800 JavaThread "Finalizer" daemon [_thread_blocked, id=7104, stack(0x0000000016350000,0x0000000016450000)]
  0x0000000002a20800 JavaThread "Reference Handler" daemon [_thread_blocked, id=10844, stack(0x0000000016250000,0x0000000016350000)]
  0x000000000292d800 JavaThread "main" [_thread_in_Java, id=7848, stack(0x00000000027c0000,0x00000000028c0000)]

Other Threads:
  0x00000000150c5000 VMThread [stack: 0x0000000016150000,0x0000000016250000] [id=14268]
  0x0000000016a35800 WatcherThread [stack: 0x0000000016f30000,0x0000000017030000] [id=4468]

VM state:not at safepoint (normal execution)

VM Mutex/Monitor currently owned by a thread: None

Heap:
 PSYoungGen      total 35328K, used 22890K [0x00000000eab00000, 0x00000000ed000000, 0x0000000100000000)
  eden space 32768K, 62% used [0x00000000eab00000,0x00000000ebee0e08,0x00000000ecb00000)
  from space 2560K, 99% used [0x00000000ecd80000,0x00000000ecff9c68,0x00000000ed000000)
  to   space 2560K, 0% used [0x00000000ecb00000,0x00000000ecb00000,0x00000000ecd80000)
 ParOldGen       total 44032K, used 3890K [0x00000000c0000000, 0x00000000c2b00000, 0x00000000eab00000)
  object space 44032K, 8% used [0x00000000c0000000,0x00000000c03cc920,0x00000000c2b00000)
 Metaspace       used 6015K, capacity 7024K, committed 7296K, reserved 1056768K
  class space    used 574K, capacity 616K, committed 640K, reserved 1048576K

Card table byte_map: [0x0000000011df0000,0x0000000012000000] byte_map_base: 0x00000000117f0000

Marking Bits: (ParMarkBitMap*) 0x000000005c809d00
 Begin Bits: [0x0000000012560000, 0x0000000013560000)
 End Bits:   [0x0000000013560000, 0x0000000014560000)

Polling page: 0x00000000026c0000

CodeCache: size=245760Kb used=5659Kb max_used=5659Kb free=240100Kb
 bounds [0x0000000002a30000, 0x0000000002fc0000, 0x0000000011a30000]
 total_blobs=1623 nmethods=1356 adapters=181
 compilation: enabled

Compilation events (10 events):
Event: 2.702 Thread 0x000000001515c000 1364       3       com.android.dx.cf.code.ConcreteMethod::getMaxStack (8 bytes)
Event: 2.702 Thread 0x000000001515c000 nmethod 1364 0x0000000002fb2bd0 code [0x0000000002fb2d20, 0x0000000002fb2f10]
Event: 2.706 Thread 0x000000001515c000 1365       3       java.util.TreeMap::rotateRight (96 bytes)
Event: 2.706 Thread 0x000000001515c000 nmethod 1365 0x0000000002fb2fd0 code [0x0000000002fb3140, 0x0000000002fb3490]
Event: 2.708 Thread 0x000000001515c000 1366       3       com.android.dx.rop.code.Rops::pickIf (154 bytes)
Event: 2.710 Thread 0x000000001515c000 nmethod 1366 0x0000000002fb3590 code [0x0000000002fb3820, 0x0000000002fb4998]
Event: 2.711 Thread 0x000000001515c000 1367       1       com.android.dx.ssa.PhiInsn::canThrow (2 bytes)
Event: 2.711 Thread 0x000000001515c000 nmethod 1367 0x0000000002f87d10 code [0x0000000002f87e60, 0x0000000002f87f70]
Event: 2.711 Thread 0x000000001515c000 1368       3       com.android.dx.ssa.back.FirstFitLocalCombiningAllocator::handleCheckCastResults (413 bytes)
Event: 2.717 Thread 0x000000001515c000 nmethod 1368 0x0000000002fb5190 code [0x0000000002fb5760, 0x0000000002fb9638]

GC Heap History (4 events):
Event: 1.579 GC heap before
{Heap before GC invocations=1 (full 0):
 PSYoungGen      total 18944K, used 16384K [0x00000000eab00000, 0x00000000ec000000, 0x0000000100000000)
  eden space 16384K, 100% used [0x00000000eab00000,0x00000000ebb00000,0x00000000ebb00000)
  from space 2560K, 0% used [0x00000000ebd80000,0x00000000ebd80000,0x00000000ec000000)
  to   space 2560K, 0% used [0x00000000ebb00000,0x00000000ebb00000,0x00000000ebd80000)
 ParOldGen       total 44032K, used 0K [0x00000000c0000000, 0x00000000c2b00000, 0x00000000eab00000)
  object space 44032K, 0% used [0x00000000c0000000,0x00000000c0000000,0x00000000c2b00000)
 Metaspace       used 5680K, capacity 6704K, committed 6784K, reserved 1056768K
  class space    used 571K, capacity 616K, committed 640K, reserved 1048576K
Event: 1.713 GC heap after
Heap after GC invocations=1 (full 0):
 PSYoungGen      total 18944K, used 2554K [0x00000000eab00000, 0x00000000ed000000, 0x0000000100000000)
  eden space 16384K, 0% used [0x00000000eab00000,0x00000000eab00000,0x00000000ebb00000)
  from space 2560K, 99% used [0x00000000ebb00000,0x00000000ebd7ea98,0x00000000ebd80000)
  to   space 2560K, 0% used [0x00000000ecd80000,0x00000000ecd80000,0x00000000ed000000)
 ParOldGen       total 44032K, used 1610K [0x00000000c0000000, 0x00000000c2b00000, 0x00000000eab00000)
  object space 44032K, 3% used [0x00000000c0000000,0x00000000c0192930,0x00000000c2b00000)
 Metaspace       used 5680K, capacity 6704K, committed 6784K, reserved 1056768K
  class space    used 571K, capacity 616K, committed 640K, reserved 1048576K
}
Event: 2.437 GC heap before
{Heap before GC invocations=2 (full 0):
 PSYoungGen      total 18944K, used 18938K [0x00000000eab00000, 0x00000000ed000000, 0x0000000100000000)
  eden space 16384K, 100% used [0x00000000eab00000,0x00000000ebb00000,0x00000000ebb00000)
  from space 2560K, 99% used [0x00000000ebb00000,0x00000000ebd7ea98,0x00000000ebd80000)
  to   space 2560K, 0% used [0x00000000ecd80000,0x00000000ecd80000,0x00000000ed000000)
 ParOldGen       total 44032K, used 1610K [0x00000000c0000000, 0x00000000c2b00000, 0x00000000eab00000)
  object space 44032K, 3% used [0x00000000c0000000,0x00000000c0192930,0x00000000c2b00000)
 Metaspace       used 5917K, capacity 6896K, committed 7040K, reserved 1056768K
  class space    used 574K, capacity 616K, committed 640K, reserved 1048576K
Event: 2.447 GC heap after
Heap after GC invocations=2 (full 0):
 PSYoungGen      total 35328K, used 2535K [0x00000000eab00000, 0x00000000ed000000, 0x0000000100000000)
  eden space 32768K, 0% used [0x00000000eab00000,0x00000000eab00000,0x00000000ecb00000)
  from space 2560K, 99% used [0x00000000ecd80000,0x00000000ecff9c68,0x00000000ed000000)
  to   space 2560K, 0% used [0x00000000ecb00000,0x00000000ecb00000,0x00000000ecd80000)
 ParOldGen       total 44032K, used 3890K [0x00000000c0000000, 0x00000000c2b00000, 0x00000000eab00000)
  object space 44032K, 8% used [0x00000000c0000000,0x00000000c03cc920,0x00000000c2b00000)
 Metaspace       used 5917K, capacity 6896K, committed 7040K, reserved 1056768K
  class space    used 574K, capacity 616K, committed 640K, reserved 1048576K
}

Deoptimization events (10 events):
Event: 1.777 Thread 0x000000000292d800 Uncommon trap: reason=unstable_if action=reinterpret pc=0x0000000002d1ed4c method=com.android.dx.rop.code.RegisterSpec.equals(ILcom/android/dx/rop/type/TypeBearer;Lcom/android/dx/rop/code/LocalItem;)Z @ 16
Event: 1.777 Thread 0x000000000292d800 Uncommon trap: reason=unstable_if action=reinterpret pc=0x0000000002ccfe40 method=com.android.dx.rop.code.RegisterSpec.equals(ILcom/android/dx/rop/type/TypeBearer;Lcom/android/dx/rop/code/LocalItem;)Z @ 16
Event: 2.086 Thread 0x0000000016ca7800 Uncommon trap: reason=unstable_if action=reinterpret pc=0x0000000002dc407c method=com.android.dx.util.IntList.binarysearch(I)I @ 105
Event: 2.341 Thread 0x0000000016caf800 Uncommon trap: reason=unstable_if action=reinterpret pc=0x0000000002e9e690 method=com.android.dx.cf.code.BytecodeArray.parseInstruction(ILcom/android/dx/cf/code/BytecodeArray$Visitor;)I @ 1198
Event: 2.462 Thread 0x000000000292d800 Uncommon trap: reason=unstable_if action=reinterpret pc=0x0000000002cd0a00 method=java.lang.String.<init>([CII)V @ 18
Event: 2.597 Thread 0x0000000016caf800 Uncommon trap: reason=class_check action=maybe_recompile pc=0x0000000002ef47c8 method=java.util.HashMap.putVal(ILjava/lang/Object;Ljava/lang/Object;ZZ)Ljava/lang/Object; @ 203
Event: 2.598 Thread 0x0000000016caf800 Uncommon trap: reason=bimorphic action=maybe_recompile pc=0x0000000002c79420 method=java.util.HashMap.getNode(ILjava/lang/Object;)Ljava/util/HashMap$Node; @ 126
Event: 2.598 Thread 0x0000000016caf800 Uncommon trap: reason=bimorphic action=maybe_recompile pc=0x0000000002c79420 method=java.util.HashMap.getNode(ILjava/lang/Object;)Ljava/util/HashMap$Node; @ 126
Event: 2.598 Thread 0x0000000016caf800 Uncommon trap: reason=bimorphic action=maybe_recompile pc=0x0000000002c79420 method=java.util.HashMap.getNode(ILjava/lang/Object;)Ljava/util/HashMap$Node; @ 126
Event: 2.624 Thread 0x0000000016cb0800 Uncommon trap: reason=unstable_if action=reinterpret pc=0x0000000002f74354 method=com.android.dx.ssa.SCCP.simulateStmt(Lcom/android/dx/ssa/SsaInsn;)V @ 418

Internal exceptions (2 events):
Event: 0.121 Thread 0x000000000292d800 Exception <a 'java/lang/NoSuchMethodError': Method sun.misc.Unsafe.defineClass(Ljava/lang/String;[BII)Ljava/lang/Class; name or signature does not match> (0x00000000eab07cc0) thrown at [C:\src\android\AOSP-openjdk\external\jetbrains\jdk\hotspot\src\share\v˜Q
7ö¾?
Event: 0.121 Thread 0x000000000292d800 Exception <a 'java/lang/NoSuchMethodError': Method sun.misc.Unsafe.prefetchRead(Ljava/lang/Object;J)V name or signature does not match> (0x00000000eab07fa8) thrown at [C:\src\android\AOSP-openjdk\external\jetbrains\jdk\hotspot\src\share\vm\prims\jni.cpp, l

Events (10 events):
Event: 2.598 Thread 0x0000000016caf800 DEOPT UNPACKING pc=0x0000000002a7556a sp=0x000000001742ee68 mode 2
Event: 2.598 Thread 0x0000000016caf800 Uncommon trap: trap_request=0xffffffc6 fr.pc=0x0000000002c79420
Event: 2.598 Thread 0x0000000016caf800 DEOPT PACKING pc=0x0000000002c79420 sp=0x000000001742ef40
Event: 2.598 Thread 0x0000000016caf800 DEOPT UNPACKING pc=0x0000000002a7556a sp=0x000000001742ee68 mode 2
Event: 2.598 Thread 0x0000000016caf800 Uncommon trap: trap_request=0xffffffc6 fr.pc=0x0000000002c79420
Event: 2.598 Thread 0x0000000016caf800 DEOPT PACKING pc=0x0000000002c79420 sp=0x000000001742ef40
Event: 2.598 Thread 0x0000000016caf800 DEOPT UNPACKING pc=0x0000000002a7556a sp=0x000000001742ee68 mode 2
Event: 2.624 Thread 0x0000000016cb0800 Uncommon trap: trap_request=0xffffff65 fr.pc=0x0000000002f74354
Event: 2.624 Thread 0x0000000016cb0800 DEOPT PACKING pc=0x0000000002f74354 sp=0x000000001752ecb0
Event: 2.624 Thread 0x0000000016cb0800 DEOPT UNPACKING pc=0x0000000002a7556a sp=0x000000001752ecb0 mode 2


Dynamic libraries:
0x00007ff7cd7b0000 - 0x00007ff7cd7e1000 	C:\Program Files\Android\Android Studio\jre\bin\java.exe
0x00007ffd40960000 - 0x00007ffd40b21000 	C:\WINDOWS\SYSTEM32\ntdll.dll
0x00007ffd3e080000 - 0x00007ffd3e12d000 	C:\WINDOWS\system32\KERNEL32.DLL
0x00007ffd3dab0000 - 0x00007ffd3dc98000 	C:\WINDOWS\system32\KERNELBASE.dll
0x00007ffd40460000 - 0x00007ffd40507000 	C:\WINDOWS\system32\ADVAPI32.dll
0x00007ffd3e980000 - 0x00007ffd3ea1d000 	C:\WINDOWS\system32\msvcrt.dll
0x00007ffd3e8b0000 - 0x00007ffd3e90b000 	C:\WINDOWS\system32\sechost.dll
0x00007ffd3e130000 - 0x00007ffd3e24c000 	C:\WINDOWS\system32\RPCRT4.dll
0x00007ffd3df20000 - 0x00007ffd3e076000 	C:\WINDOWS\system32\USER32.dll
0x00007ffd3dd80000 - 0x00007ffd3df06000 	C:\WINDOWS\system32\GDI32.dll
0x00007ffd38ad0000 - 0x00007ffd38d44000 	C:\WINDOWS\WinSxS\amd64_microsoft.windows.common-controls_6595b64144ccf1df_6.0.10586.672_none_a2d6b3cea53ff843\COMCTL32.dll
0x00007ffd3e250000 - 0x00007ffd3e4cd000 	C:\WINDOWS\system32\combase.dll
0x00007ffd3d8b0000 - 0x00007ffd3d91a000 	C:\WINDOWS\system32\bcryptPrimitives.dll
0x00007ffd40510000 - 0x00007ffd4054b000 	C:\WINDOWS\system32\IMM32.DLL
0x000000005be90000 - 0x000000005bf62000 	C:\Program Files\Android\Android Studio\jre\jre\bin\msvcr100.dll
0x000000005c050000 - 0x000000005c884000 	C:\Program Files\Android\Android Studio\jre\jre\bin\server\jvm.dll
0x00007ffd3df10000 - 0x00007ffd3df18000 	C:\WINDOWS\system32\PSAPI.DLL
0x00007ffd32730000 - 0x00007ffd32739000 	C:\WINDOWS\SYSTEM32\WSOCK32.dll
0x00007ffd3e910000 - 0x00007ffd3e97b000 	C:\WINDOWS\system32\WS2_32.dll
0x00007ffd39a80000 - 0x00007ffd39aa3000 	C:\WINDOWS\SYSTEM32\WINMM.dll
0x00007ffd33a10000 - 0x00007ffd33a1a000 	C:\WINDOWS\SYSTEM32\VERSION.dll
0x00007ffd39a50000 - 0x00007ffd39a7c000 	C:\WINDOWS\SYSTEM32\WINMMBASE.dll
0x00007ffd3d920000 - 0x00007ffd3d963000 	C:\WINDOWS\system32\cfgmgr32.dll
0x00007ffd3b140000 - 0x00007ffd3b14f000 	C:\Program Files\Android\Android Studio\jre\jre\bin\verify.dll
0x00007ffd32f60000 - 0x00007ffd32f89000 	C:\Program Files\Android\Android Studio\jre\jre\bin\java.dll
0x00007ffd34390000 - 0x00007ffd343a6000 	C:\Program Files\Android\Android Studio\jre\jre\bin\zip.dll
0x00007ffd3ef00000 - 0x00007ffd4045c000 	C:\WINDOWS\system32\SHELL32.dll
0x00007ffd3d090000 - 0x00007ffd3d6d5000 	C:\WINDOWS\system32\windows.storage.dll
0x00007ffd406d0000 - 0x00007ffd40722000 	C:\WINDOWS\system32\shlwapi.dll
0x00007ffd3d000000 - 0x00007ffd3d00f000 	C:\WINDOWS\system32\kernel.appcore.dll
0x00007ffd3dca0000 - 0x00007ffd3dd55000 	C:\WINDOWS\system32\shcore.dll
0x00007ffd3cfb0000 - 0x00007ffd3cffb000 	C:\WINDOWS\system32\powrprof.dll
0x00007ffd3cf90000 - 0x00007ffd3cfa4000 	C:\WINDOWS\system32\profapi.dll

VM Arguments:
jvm_args: -Djava.awt.headless=true -Xmx1024M -Dfile.encoding=windows-1252 -Duser.country=GB -Duser.language=en -Duser.variant 
java_command: com.android.dx.command.Main --dex --force-jumbo --num-threads=4 --multi-dex --output C:\Users\Thomas\AndroidStudioProjects\MrWhemps\app\build\intermediates\transforms\dex\debug\folders\1000\10\com.google.firebase-firebase-analytics-impl-9.4.0_d307020ab3f20680ca0eb7bbb736a86dbdb16daf C:\Users\Thomas\AndroidStudioProjects\MrWhemps\app\build\intermediates\exploded-aar\com.google.firebase\firebase-analytics-impl\9.4.0\jars\classes.jar
java_class_path (initial): C:\Users\Thomas\AppData\Local\Android\sdk\build-tools\23.0.2\lib\dx.jar
Launcher Type: SUN_STANDARD

Environment Variables:
PATH=C:\Program Files (x86)\Intel\iCLS Client\;C:\Program Files\Intel\iCLS Client\;C:\Windows\system32;C:\Windows;C:\Windows\System32\Wbem;C:\Windows\System32\WindowsPowerShell\v1.0\;C:\Program Files (x86)\Intel\OpenCL SDK\2.0\bin\x86;C:\Program Files (x86)\Intel\OpenCL SDK\2.0\bin\x64;C:\Program Files\Intel\Intel(R) Management Engine Components\DAL;C:\Program Files\Intel\Intel(R) Management Engine Components\IPT;C:\Program Files (x86)\Intel\Intel(R) Management Engine Components\DAL;C:\Program Files (x86)\Intel\Intel(R) Management Engine Components\IPT;C:\Program Files (x86)\Windows Live\Shared;C:\Users\Thomas\AppData\Local\Smartbar\Application\;C:\WINDOWS\system32;C:\WINDOWS;C:\WINDOWS\System32\Wbem;C:\WINDOWS\System32\WindowsPowerShell\v1.0\;D:\Programs\bin;C:\Program Files\Microsoft SQL Server\110\Tools\Binn\;C:\Program Files\Microsoft SQL Server\120\Tools\Binn\;C:\Program Files\MiKTeX 2.9\miktex\bin\;C:\Program Files\MiKTeX 2.9\gs\gs8.71\bin\;C:\Program Files\Git\cmd;C:\Program Files (x86)\Skype\Phone\;C:\Program Files\Microsoft SQL Server\130\Tools\Binn\;C:\Program Files (x86)\Windows Kits\10\Windows Performance Toolkit\;C:\Program Files
USERNAME=Thomas
OS=Windows_NT
PROCESSOR_IDENTIFIER=Intel64 Family 6 Model 42 Stepping 7, GenuineIntel



---------------  S Y S T E M  ---------------

OS: Windows 10.0 , 64 bit Build 10586 (10.0.10586.589)

CPU:total 4 (2 cores per cpu, 2 threads per core) family 6 model 42 stepping 7, cmov, cx8, fxsr, mmx, sse, sse2, sse3, ssse3, sse4.1, sse4.2, popcnt, avx, clmul, ht, tsc, tscinvbit

Memory: 4k page, physical 4075172k(623588k free), swap 6565536k(5212k free)

vm_info: OpenJDK 64-Bit Server VM (25.76-b03) for windows-amd64 JRE (1.8.0_76-release-b03), built on Jun 29 2016 19:09:20 by "ralucas" with MS VC++ 10.0 (VS2010)

time: Sun Jan 22 01:16:08 2017
elapsed time: 2 seconds (0d 0h 0m 2s)

