#
# There is insufficient memory for the Java Runtime Environment to continue.
# Native memory allocation (malloc) failed to allocate 204528 bytes for Chunk::new
# Possible reasons:
#   The system is out of physical RAM or swap space
#   In 32 bit mode, the process size limit was hit
# Possible solutions:
#   Reduce memory load on the system
#   Increase physical memory or swap space
#   Check if swap backing store is full
#   Use 64 bit Java on a 64 bit OS
#   Decrease Java heap size (-Xmx/-Xms)
#   Decrease number of Java threads
#   Decrease Java thread stack sizes (-Xss)
#   Set larger code cache with -XX:ReservedCodeCacheSize=
# This output file may be truncated or incomplete.
#
#  Out of Memory Error (allocation.cpp:390), pid=11616, tid=0x00000000000018dc
#
# JRE version: OpenJDK Runtime Environment (8.0_76-b03) (build 1.8.0_76-release-b03)
# Java VM: OpenJDK 64-Bit Server VM (25.76-b03 mixed mode windows-amd64 compressed oops)
# Failed to write core dump. Minidumps are not enabled by default on client versions of Windows
#

---------------  T H R E A D  ---------------

Current thread (0x0000000014e3b800):  JavaThread "C2 CompilerThread0" daemon [_thread_in_native, id=6364, stack(0x0000000016480000,0x0000000016580000)]

Stack: [0x0000000016480000,0x0000000016580000]
[error occurred during error reporting (printing stack bounds), id 0xc0000005]

Native frames: (J=compiled Java code, j=interpreted, Vv=VM code, C=native code)


Current CompileTask:
C2:  22417 2560       4       com.android.dx.dex.code.DalvCode::finishProcessingIfNecessary (69 bytes)


---------------  P R O C E S S  ---------------

Java Threads: ( => current thread )
  0x0000000016a83000 JavaThread "pool-1-thread-1" [_thread_in_Java, id=10676, stack(0x0000000018a50000,0x0000000018b50000)]
  0x0000000016781800 JavaThread "Service Thread" daemon [_thread_blocked, id=11800, stack(0x0000000016b80000,0x0000000016c80000)]
  0x0000000014e9b800 JavaThread "C1 CompilerThread2" daemon [_thread_blocked, id=3560, stack(0x0000000016680000,0x0000000016780000)]
  0x0000000014e98000 JavaThread "C2 CompilerThread1" daemon [_thread_in_native, id=9712, stack(0x0000000016580000,0x0000000016680000)]
=>0x0000000014e3b800 JavaThread "C2 CompilerThread0" daemon [_thread_in_native, id=6364, stack(0x0000000016480000,0x0000000016580000)]
  0x0000000014e3a000 JavaThread "Attach Listener" daemon [_thread_blocked, id=4712, stack(0x0000000016380000,0x0000000016480000)]
  0x0000000014e39000 JavaThread "Signal Dispatcher" daemon [_thread_blocked, id=7604, stack(0x0000000016280000,0x0000000016380000)]
  0x0000000002766000 JavaThread "Finalizer" daemon [_thread_blocked, id=11564, stack(0x0000000016090000,0x0000000016190000)]
  0x0000000014e07000 JavaThread "Reference Handler" daemon [_thread_blocked, id=9000, stack(0x0000000015f90000,0x0000000016090000)]
  0x000000000256d800 JavaThread "main" [_thread_blocked, id=11876, stack(0x0000000002570000,0x0000000002670000)]

Other Threads:
  0x0000000014e05000 VMThread [stack: 0x0000000015e90000,0x0000000015f90000] [id=10120]
  0x0000000016783800 WatcherThread [stack: 0x0000000016c80000,0x0000000016d80000] [id=9472]

VM state:not at safepoint (normal execution)

VM Mutex/Monitor currently owned by a thread: None

Heap:
 PSYoungGen      total 145408K, used 24688K [0x00000000eab00000, 0x00000000f9e80000, 0x0000000100000000)
  eden space 121856K, 1% used [0x00000000eab00000,0x00000000eacca2c8,0x00000000f2200000)
  from space 23552K, 97% used [0x00000000f2200000,0x00000000f3851de0,0x00000000f3900000)
  to   space 27136K, 0% used [0x00000000f8400000,0x00000000f8400000,0x00000000f9e80000)
 ParOldGen       total 44032K, used 33742K [0x00000000c0000000, 0x00000000c2b00000, 0x00000000eab00000)
  object space 44032K, 76% used [0x00000000c0000000,0x00000000c20f38a8,0x00000000c2b00000)
 Metaspace       used 6748K, capacity 7536K, committed 7808K, reserved 1056768K
  class space    used 594K, capacity 616K, committed 640K, reserved 1048576K

Card table byte_map: [0x0000000011b30000,0x0000000011d40000] byte_map_base: 0x0000000011530000

Marking Bits: (ParMarkBitMap*) 0x000000005eef9d00
 Begin Bits: [0x00000000122a0000, 0x00000000132a0000)
 End Bits:   [0x00000000132a0000, 0x00000000142a0000)

Polling page: 0x0000000002510000

CodeCache: size=245760Kb used=10320Kb max_used=10320Kb free=235439Kb
 bounds [0x0000000002770000, 0x0000000003190000, 0x0000000011770000]
 total_blobs=2797 nmethods=2529 adapters=181
 compilation: enabled

Compilation events (10 events):
Event: 22.379 Thread 0x0000000014e9b800 2581       1       com.android.dx.dex.code.CatchTable$Entry::getStart (5 bytes)
Event: 22.379 Thread 0x0000000014e9b800 nmethod 2581 0x0000000003186350 code [0x00000000031864a0, 0x00000000031865b0]
Event: 22.379 Thread 0x0000000014e9b800 2582       1       com.android.dx.dex.code.CatchTable$Entry::getEnd (5 bytes)
Event: 22.379 Thread 0x0000000014e9b800 nmethod 2582 0x0000000003186610 code [0x0000000003186760, 0x0000000003186870]
Event: 22.385 Thread 0x0000000014e9b800 2584       3       com.android.dx.dex.file.CatchStructs::writeTo (178 bytes)
Event: 22.388 Thread 0x0000000014e9b800 nmethod 2584 0x00000000031868d0 code [0x0000000003186c00, 0x00000000031884d8]
Event: 22.389 Thread 0x0000000014e9b800 2586       3       com.android.dx.util.ByteArrayAnnotatedOutput::writeZeroes (55 bytes)
Event: 22.390 Thread 0x0000000014e9b800 nmethod 2586 0x00000000031892d0 code [0x0000000003189480, 0x00000000031898e8]
Event: 22.392 Thread 0x0000000014e9b800 2587       3       com.android.dx.util.ByteArrayAnnotatedOutput::write (129 bytes)
Event: 22.394 Thread 0x0000000014e9b800 nmethod 2587 0x0000000003189ad0 code [0x0000000003189d60, 0x000000000318ada8]

GC Heap History (10 events):
Event: 10.151 GC heap before
{Heap before GC invocations=5 (full 0):
 PSYoungGen      total 35328K, used 35296K [0x00000000eab00000, 0x00000000ed000000, 0x0000000100000000)
  eden space 32768K, 100% used [0x00000000eab00000,0x00000000ecb00000,0x00000000ecb00000)
  from space 2560K, 98% used [0x00000000ecd80000,0x00000000ecff8028,0x00000000ed000000)
  to   space 2560K, 0% used [0x00000000ecb00000,0x00000000ecb00000,0x00000000ecd80000)
 ParOldGen       total 44032K, used 7358K [0x00000000c0000000, 0x00000000c2b00000, 0x00000000eab00000)
  object space 44032K, 16% used [0x00000000c0000000,0x00000000c072f968,0x00000000c2b00000)
 Metaspace       used 6181K, capacity 7088K, committed 7296K, reserved 1056768K
  class space    used 574K, capacity 616K, committed 640K, reserved 1048576K
Event: 10.179 GC heap after
Heap after GC invocations=5 (full 0):
 PSYoungGen      total 35328K, used 2557K [0x00000000eab00000, 0x00000000efb00000, 0x0000000100000000)
  eden space 32768K, 0% used [0x00000000eab00000,0x00000000eab00000,0x00000000ecb00000)
  from space 2560K, 99% used [0x00000000ecb00000,0x00000000ecd7f7a0,0x00000000ecd80000)
  to   space 8192K, 0% used [0x00000000ef300000,0x00000000ef300000,0x00000000efb00000)
 ParOldGen       total 44032K, used 12909K [0x00000000c0000000, 0x00000000c2b00000, 0x00000000eab00000)
  object space 44032K, 29% used [0x00000000c0000000,0x00000000c0c9b540,0x00000000c2b00000)
 Metaspace       used 6181K, capacity 7088K, committed 7296K, reserved 1056768K
  class space    used 574K, capacity 616K, committed 640K, reserved 1048576K
}
Event: 10.627 GC heap before
{Heap before GC invocations=6 (full 0):
 PSYoungGen      total 35328K, used 35325K [0x00000000eab00000, 0x00000000efb00000, 0x0000000100000000)
  eden space 32768K, 100% used [0x00000000eab00000,0x00000000ecb00000,0x00000000ecb00000)
  from space 2560K, 99% used [0x00000000ecb00000,0x00000000ecd7f7a0,0x00000000ecd80000)
  to   space 8192K, 0% used [0x00000000ef300000,0x00000000ef300000,0x00000000efb00000)
 ParOldGen       total 44032K, used 12909K [0x00000000c0000000, 0x00000000c2b00000, 0x00000000eab00000)
  object space 44032K, 29% used [0x00000000c0000000,0x00000000c0c9b540,0x00000000c2b00000)
 Metaspace       used 6237K, capacity 7088K, committed 7296K, reserved 1056768K
  class space    used 575K, capacity 616K, committed 640K, reserved 1048576K
Event: 10.653 GC heap after
Heap after GC invocations=6 (full 0):
 PSYoungGen      total 71680K, used 8170K [0x00000000eab00000, 0x00000000eff00000, 0x0000000100000000)
  eden space 63488K, 0% used [0x00000000eab00000,0x00000000eab00000,0x00000000ee900000)
  from space 8192K, 99% used [0x00000000ef300000,0x00000000efafa8f0,0x00000000efb00000)
  to   space 10240K, 0% used [0x00000000ee900000,0x00000000ee900000,0x00000000ef300000)
 ParOldGen       total 44032K, used 14663K [0x00000000c0000000, 0x00000000c2b00000, 0x00000000eab00000)
  object space 44032K, 33% used [0x00000000c0000000,0x00000000c0e51f68,0x00000000c2b00000)
 Metaspace       used 6237K, capacity 7088K, committed 7296K, reserved 1056768K
  class space    used 575K, capacity 616K, committed 640K, reserved 1048576K
}
Event: 11.211 GC heap before
{Heap before GC invocations=7 (full 0):
 PSYoungGen      total 71680K, used 71658K [0x00000000eab00000, 0x00000000eff00000, 0x0000000100000000)
  eden space 63488K, 100% used [0x00000000eab00000,0x00000000ee900000,0x00000000ee900000)
  from space 8192K, 99% used [0x00000000ef300000,0x00000000efafa8f0,0x00000000efb00000)
  to   space 10240K, 0% used [0x00000000ee900000,0x00000000ee900000,0x00000000ef300000)
 ParOldGen       total 44032K, used 14663K [0x00000000c0000000, 0x00000000c2b00000, 0x00000000eab00000)
  object space 44032K, 33% used [0x00000000c0000000,0x00000000c0e51f68,0x00000000c2b00000)
 Metaspace       used 6304K, capacity 7152K, committed 7296K, reserved 1056768K
  class space    used 575K, capacity 616K, committed 640K, reserved 1048576K
Event: 11.400 GC heap after
Heap after GC invocations=7 (full 0):
 PSYoungGen      total 73728K, used 10226K [0x00000000eab00000, 0x00000000f4b00000, 0x0000000100000000)
  eden space 63488K, 0% used [0x00000000eab00000,0x00000000eab00000,0x00000000ee900000)
  from space 10240K, 99% used [0x00000000ee900000,0x00000000ef2fcb60,0x00000000ef300000)
  to   space 18432K, 0% used [0x00000000f3900000,0x00000000f3900000,0x00000000f4b00000)
 ParOldGen       total 44032K, used 27341K [0x00000000c0000000, 0x00000000c2b00000, 0x00000000eab00000)
  object space 44032K, 62% used [0x00000000c0000000,0x00000000c1ab3408,0x00000000c2b00000)
 Metaspace       used 6304K, capacity 7152K, committed 7296K, reserved 1056768K
  class space    used 575K, capacity 616K, committed 640K, reserved 1048576K
}
Event: 12.226 GC heap before
{Heap before GC invocations=8 (full 0):
 PSYoungGen      total 73728K, used 73714K [0x00000000eab00000, 0x00000000f4b00000, 0x0000000100000000)
  eden space 63488K, 100% used [0x00000000eab00000,0x00000000ee900000,0x00000000ee900000)
  from space 10240K, 99% used [0x00000000ee900000,0x00000000ef2fcb60,0x00000000ef300000)
  to   space 18432K, 0% used [0x00000000f3900000,0x00000000f3900000,0x00000000f4b00000)
 ParOldGen       total 44032K, used 27341K [0x00000000c0000000, 0x00000000c2b00000, 0x00000000eab00000)
  object space 44032K, 62% used [0x00000000c0000000,0x00000000c1ab3408,0x00000000c2b00000)
 Metaspace       used 6323K, capacity 7152K, committed 7296K, reserved 1056768K
  class space    used 576K, capacity 616K, committed 640K, reserved 1048576K
Event: 12.469 GC heap after
Heap after GC invocations=8 (full 0):
 PSYoungGen      total 140288K, used 18411K [0x00000000eab00000, 0x00000000f5500000, 0x0000000100000000)
  eden space 121856K, 0% used [0x00000000eab00000,0x00000000eab00000,0x00000000f2200000)
  from space 18432K, 99% used [0x00000000f3900000,0x00000000f4afae90,0x00000000f4b00000)
  to   space 23552K, 0% used [0x00000000f2200000,0x00000000f2200000,0x00000000f3900000)
 ParOldGen       total 44032K, used 31851K [0x00000000c0000000, 0x00000000c2b00000, 0x00000000eab00000)
  object space 44032K, 72% used [0x00000000c0000000,0x00000000c1f1ac78,0x00000000c2b00000)
 Metaspace       used 6323K, capacity 7152K, committed 7296K, reserved 1056768K
  class space    used 576K, capacity 616K, committed 640K, reserved 1048576K
}
Event: 20.746 GC heap before
{Heap before GC invocations=9 (full 0):
 PSYoungGen      total 140288K, used 140267K [0x00000000eab00000, 0x00000000f5500000, 0x0000000100000000)
  eden space 121856K, 100% used [0x00000000eab00000,0x00000000f2200000,0x00000000f2200000)
  from space 18432K, 99% used [0x00000000f3900000,0x00000000f4afae90,0x00000000f4b00000)
  to   space 23552K, 0% used [0x00000000f2200000,0x00000000f2200000,0x00000000f3900000)
 ParOldGen       total 44032K, used 31851K [0x00000000c0000000, 0x00000000c2b00000, 0x00000000eab00000)
  object space 44032K, 72% used [0x00000000c0000000,0x00000000c1f1ac78,0x00000000c2b00000)
 Metaspace       used 6672K, capacity 7472K, committed 7552K, reserved 1056768K
  class space    used 593K, capacity 616K, committed 640K, reserved 1048576K
Event: 21.162 GC heap after
Heap after GC invocations=9 (full 0):
 PSYoungGen      total 145408K, used 22855K [0x00000000eab00000, 0x00000000f9e80000, 0x0000000100000000)
  eden space 121856K, 0% used [0x00000000eab00000,0x00000000eab00000,0x00000000f2200000)
  from space 23552K, 97% used [0x00000000f2200000,0x00000000f3851de0,0x00000000f3900000)
  to   space 27136K, 0% used [0x00000000f8400000,0x00000000f8400000,0x00000000f9e80000)
 ParOldGen       total 44032K, used 33742K [0x00000000c0000000, 0x00000000c2b00000, 0x00000000eab00000)
  object space 44032K, 76% used [0x00000000c0000000,0x00000000c20f38a8,0x00000000c2b00000)
 Metaspace       used 6672K, capacity 7472K, committed 7552K, reserved 1056768K
  class space    used 593K, capacity 616K, committed 640K, reserved 1048576K
}

Deoptimization events (10 events):
Event: 18.893 Thread 0x0000000016a83000 Uncommon trap: reason=speculate_class_check action=maybe_recompile pc=0x0000000002b07f88 method=com.android.dx.util.FixedSizeList.equals(Ljava/lang/Object;)Z @ 25
Event: 18.893 Thread 0x0000000016a83000 Uncommon trap: reason=class_check action=maybe_recompile pc=0x0000000002b0034c method=java.util.Arrays.equals([Ljava/lang/Object;[Ljava/lang/Object;)Z @ 62
Event: 18.893 Thread 0x0000000016a83000 Uncommon trap: reason=speculate_class_check action=maybe_recompile pc=0x0000000002b07f88 method=com.android.dx.util.FixedSizeList.equals(Ljava/lang/Object;)Z @ 25
Event: 18.893 Thread 0x0000000016a83000 Uncommon trap: reason=class_check action=maybe_recompile pc=0x0000000002b0034c method=java.util.Arrays.equals([Ljava/lang/Object;[Ljava/lang/Object;)Z @ 62
Event: 18.893 Thread 0x0000000016a83000 Uncommon trap: reason=bimorphic action=maybe_recompile pc=0x0000000002f3d568 method=java.util.TreeMap.compare(Ljava/lang/Object;Ljava/lang/Object;)I @ 12
Event: 18.894 Thread 0x0000000016a83000 Uncommon trap: reason=unstable_if action=reinterpret pc=0x0000000002f3ce3c method=java.util.TreeMap.put(Ljava/lang/Object;Ljava/lang/Object;)Ljava/lang/Object; @ 163
Event: 20.297 Thread 0x0000000016a83000 Uncommon trap: reason=class_check action=maybe_recompile pc=0x00000000030a04bc method=com.android.dx.dex.code.OutputFinisher.massageInstructions([Lcom/android/dx/dex/code/Dop;)V @ 63
Event: 20.689 Thread 0x0000000016a83000 Uncommon trap: reason=class_check action=maybe_recompile pc=0x00000000030a04bc method=com.android.dx.dex.code.OutputFinisher.massageInstructions([Lcom/android/dx/dex/code/Dop;)V @ 63
Event: 21.182 Thread 0x0000000016a83000 Uncommon trap: reason=unstable_if action=reinterpret pc=0x00000000030d159c method=com.android.dx.util.ByteArrayAnnotatedOutput.ensureCapacity(I)V @ 6
Event: 21.201 Thread 0x0000000016a83000 Uncommon trap: reason=unstable_if action=reinterpret pc=0x00000000030da0c4 method=com.android.dx.util.ByteArrayAnnotatedOutput.writeByte(I)V @ 13

Internal exceptions (3 events):
Event: 5.775 Thread 0x000000000256d800 Exception <a 'java/lang/NoSuchMethodError': Method sun.misc.Unsafe.defineClass(Ljava/lang/String;[BII)Ljava/lang/Class; name or signature does not match> (0x00000000eab07cc0) thrown at [C:\src\android\AOSP-openjdk\external\jetbrains\jdk\hotspot\src\share\vÔ„OÜ@
Event: 5.775 Thread 0x000000000256d800 Exception <a 'java/lang/NoSuchMethodError': Method sun.misc.Unsafe.prefetchRead(Ljava/lang/Object;J)V name or signature does not match> (0x00000000eab07fa8) thrown at [C:\src\android\AOSP-openjdk\external\jetbrains\jdk\hotspot\src\share\vm\prims\jni.cpp, lM½¢õ?™"@
Event: 9.299 Thread 0x0000000016a3b800 Implicit null exception at 0x00000000029bbf22 to 0x00000000029bc012

Events (10 events):
Event: 21.182 Thread 0x0000000016a83000 Uncommon trap: trap_request=0xffffff65 fr.pc=0x00000000030d159c
Event: 21.182 Thread 0x0000000016a83000 DEOPT PACKING pc=0x00000000030d159c sp=0x0000000018b4eba0
Event: 21.182 Thread 0x0000000016a83000 DEOPT UNPACKING pc=0x00000000027b556a sp=0x0000000018b4eb28 mode 2
Event: 21.190 loading class com/android/dx/dex/file/MapItem
Event: 21.190 loading class com/android/dx/dex/file/MapItem done
Event: 21.201 loading class com/android/dex/DexFormat
Event: 21.201 loading class com/android/dex/DexFormat done
Event: 21.201 Thread 0x0000000016a83000 Uncommon trap: trap_request=0xffffff65 fr.pc=0x00000000030da0c4
Event: 21.201 Thread 0x0000000016a83000 DEOPT PACKING pc=0x00000000030da0c4 sp=0x0000000018b4ede0
Event: 21.201 Thread 0x0000000016a83000 DEOPT UNPACKING pc=0x00000000027b556a sp=0x0000000018b4ed98 mode 2


Dynamic libraries:
0x00007ff65aea0000 - 0x00007ff65aed1000 	C:\Program Files\Android\Android Studio\jre\bin\java.exe
0x00007fff314c0000 - 0x00007fff31681000 	C:\WINDOWS\SYSTEM32\ntdll.dll
0x00007fff2eaa0000 - 0x00007fff2eb4d000 	C:\WINDOWS\system32\KERNEL32.DLL
0x00007fff2e030000 - 0x00007fff2e218000 	C:\WINDOWS\system32\KERNELBASE.dll
0x00007fff30780000 - 0x00007fff30827000 	C:\WINDOWS\system32\ADVAPI32.dll
0x00007fff31140000 - 0x00007fff311dd000 	C:\WINDOWS\system32\msvcrt.dll
0x00007fff30b70000 - 0x00007fff30bcb000 	C:\WINDOWS\system32\sechost.dll
0x00007fff2e8c0000 - 0x00007fff2e9dc000 	C:\WINDOWS\system32\RPCRT4.dll
0x00007fff2ef80000 - 0x00007fff2f0d6000 	C:\WINDOWS\system32\USER32.dll
0x00007fff30fb0000 - 0x00007fff31136000 	C:\WINDOWS\system32\GDI32.dll
0x00007fff257a0000 - 0x00007fff25a14000 	C:\WINDOWS\WinSxS\amd64_microsoft.windows.common-controls_6595b64144ccf1df_6.0.10586.672_none_a2d6b3cea53ff843\COMCTL32.dll
0x00007fff30bd0000 - 0x00007fff30e4d000 	C:\WINDOWS\system32\combase.dll
0x00007fff2dc60000 - 0x00007fff2dcca000 	C:\WINDOWS\system32\bcryptPrimitives.dll
0x00007fff30980000 - 0x00007fff309bb000 	C:\WINDOWS\system32\IMM32.DLL
0x000000005e580000 - 0x000000005e652000 	C:\Program Files\Android\Android Studio\jre\jre\bin\msvcr100.dll
0x000000005e740000 - 0x000000005ef74000 	C:\Program Files\Android\Android Studio\jre\jre\bin\server\jvm.dll
0x00007fff30660000 - 0x00007fff30668000 	C:\WINDOWS\system32\PSAPI.DLL
0x00007fff1ce30000 - 0x00007fff1ce39000 	C:\WINDOWS\SYSTEM32\WSOCK32.dll
0x00007fff30aa0000 - 0x00007fff30b0b000 	C:\WINDOWS\system32\WS2_32.dll
0x00007fff2bd30000 - 0x00007fff2bd53000 	C:\WINDOWS\SYSTEM32\WINMM.dll
0x00007fff242a0000 - 0x00007fff242aa000 	C:\WINDOWS\SYSTEM32\VERSION.dll
0x00007fff2bd00000 - 0x00007fff2bd2c000 	C:\WINDOWS\SYSTEM32\WINMMBASE.dll
0x00007fff2e220000 - 0x00007fff2e263000 	C:\WINDOWS\system32\cfgmgr32.dll
0x00007fff27930000 - 0x00007fff2793f000 	C:\Program Files\Android\Android Studio\jre\jre\bin\verify.dll
0x00007fff15570000 - 0x00007fff15599000 	C:\Program Files\Android\Android Studio\jre\jre\bin\java.dll
0x00007fff1ed80000 - 0x00007fff1ed96000 	C:\Program Files\Android\Android Studio\jre\jre\bin\zip.dll
0x00007fff2f0e0000 - 0x00007fff3063c000 	C:\WINDOWS\system32\SHELL32.dll
0x00007fff2e270000 - 0x00007fff2e8b5000 	C:\WINDOWS\system32\windows.storage.dll
0x00007fff312b0000 - 0x00007fff31302000 	C:\WINDOWS\system32\shlwapi.dll
0x00007fff2db30000 - 0x00007fff2db3f000 	C:\WINDOWS\system32\kernel.appcore.dll
0x00007fff2dcd0000 - 0x00007fff2dd85000 	C:\WINDOWS\system32\shcore.dll
0x00007fff2dae0000 - 0x00007fff2db2b000 	C:\WINDOWS\system32\powrprof.dll
0x00007fff2db50000 - 0x00007fff2db64000 	C:\WINDOWS\system32\profapi.dll

VM Arguments:
jvm_args: -Djava.awt.headless=true -Xmx1024M -Dfile.encoding=windows-1252 -Duser.country=GB -Duser.language=en -Duser.variant 
java_command: com.android.dx.command.Main --dex --force-jumbo --num-threads=4 --multi-dex --output C:\Users\Thomas\AndroidStudioProjects\MrWhemps\app\build\intermediates\transforms\dex\debug\folders\1000\10\com.google.android.gms-play-services-games-9.4.0_61e697869d747ae5c6f9c44d0253ed334c72f86c C:\Users\Thomas\AndroidStudioProjects\MrWhemps\app\build\intermediates\exploded-aar\com.google.android.gms\play-services-games\9.4.0\jars\classes.jar
java_class_path (initial): C:\Users\Thomas\AppData\Local\Android\sdk\build-tools\23.0.2\lib\dx.jar
Launcher Type: SUN_STANDARD

Environment Variables:
PATH=C:\Program Files (x86)\Intel\iCLS Client\;C:\Program Files\Intel\iCLS Client\;C:\Windows\system32;C:\Windows;C:\Windows\System32\Wbem;C:\Windows\System32\WindowsPowerShell\v1.0\;C:\Program Files (x86)\Intel\OpenCL SDK\2.0\bin\x86;C:\Program Files (x86)\Intel\OpenCL SDK\2.0\bin\x64;C:\Program Files\Intel\Intel(R) Management Engine Components\DAL;C:\Program Files\Intel\Intel(R) Management Engine Components\IPT;C:\Program Files (x86)\Intel\Intel(R) Management Engine Components\DAL;C:\Program Files (x86)\Intel\Intel(R) Management Engine Components\IPT;C:\Program Files (x86)\Windows Live\Shared;C:\Users\Thomas\AppData\Local\Smartbar\Application\;C:\WINDOWS\system32;C:\WINDOWS;C:\WINDOWS\System32\Wbem;C:\WINDOWS\System32\WindowsPowerShell\v1.0\;D:\Programs\bin;C:\Program Files\Microsoft SQL Server\110\Tools\Binn\;C:\Program Files\Microsoft SQL Server\120\Tools\Binn\;C:\Program Files\MiKTeX 2.9\miktex\bin\;C:\Program Files\MiKTeX 2.9\gs\gs8.71\bin\;C:\Program Files\Git\cmd;C:\Program Files (x86)\Skype\Phone\;C:\WINDOWS\system32\config\systemprofile\.dnx\bin;C:\Program Files\Microsoft DNX\Dnvm\;C:\Program Files\Microsoft SQL Server\130\Tools\Binn\;C:\Program Files (x86)\Windows Kits\10\Windows Performance Toolkit\;C:\Program Files
USERNAME=Thomas
OS=Windows_NT
PROCESSOR_IDENTIFIER=Intel64 Family 6 Model 42 Stepping 7, GenuineIntel



---------------  S Y S T E M  ---------------

OS: Windows 10.0 , 64 bit Build 10586 (10.0.10586.589)

CPU:total 4 (2 cores per cpu, 2 threads per core) family 6 model 42 stepping 7, cmov, cx8, fxsr, mmx, sse, sse2, sse3, ssse3, sse4.1, sse4.2, popcnt, avx, clmul, ht, tsc, tscinvbit

Memory: 4k page, physical 4075172k(236704k free), swap 6565540k(5568k free)

vm_info: OpenJDK 64-Bit Server VM (25.76-b03) for windows-amd64 JRE (1.8.0_76-release-b03), built on Jun 29 2016 19:09:20 by "ralucas" with MS VC++ 10.0 (VS2010)

time: Sat Dec 31 02:44:02 2016
elapsed time: 22 seconds (0d 0h 0m 22s)

