#
# There is insufficient memory for the Java Runtime Environment to continue.
# Native memory allocation (malloc) failed to allocate 231056 bytes for Chunk::new
# Possible reasons:
#   The system is out of physical RAM or swap space
#   In 32 bit mode, the process size limit was hit
# Possible solutions:
#   Reduce memory load on the system
#   Increase physical memory or swap space
#   Check if swap backing store is full
#   Use 64 bit Java on a 64 bit OS
#   Decrease Java heap size (-Xmx/-Xms)
#   Decrease number of Java threads
#   Decrease Java thread stack sizes (-Xss)
#   Set larger code cache with -XX:ReservedCodeCacheSize=
# This output file may be truncated or incomplete.
#
#  Out of Memory Error (allocation.cpp:390), pid=7016, tid=0x000000000000133c
#
# JRE version: OpenJDK Runtime Environment (8.0_76-b03) (build 1.8.0_76-release-b03)
# Java VM: OpenJDK 64-Bit Server VM (25.76-b03 mixed mode windows-amd64 compressed oops)
# Failed to write core dump. Minidumps are not enabled by default on client versions of Windows
#

---------------  T H R E A D  ---------------

Current thread (0x00000000159ee800):  JavaThread "C2 CompilerThread1" daemon [_thread_in_native, id=4924, stack(0x0000000017120000,0x0000000017220000)]

Stack: [0x0000000017120000,0x0000000017220000]
[error occurred during error reporting (printing stack bounds), id 0xc0000005]

Native frames: (J=compiled Java code, j=interpreted, Vv=VM code, C=native code)


Current CompileTask:
C2:  25311 3056       4       com.android.dx.rop.cst.CstBaseMethodRef::getPrototype (41 bytes)


---------------  P R O C E S S  ---------------

Java Threads: ( => current thread )
  0x000000001756b000 JavaThread "pool-1-thread-1" [_thread_in_Java, id=4028, stack(0x000000001a6f0000,0x000000001a7f0000)]
  0x0000000017349000 JavaThread "Service Thread" daemon [_thread_blocked, id=10164, stack(0x0000000017720000,0x0000000017820000)]
  0x0000000015a43800 JavaThread "C1 CompilerThread2" daemon [_thread_blocked, id=11280, stack(0x0000000017220000,0x0000000017320000)]
=>0x00000000159ee800 JavaThread "C2 CompilerThread1" daemon [_thread_in_native, id=4924, stack(0x0000000017120000,0x0000000017220000)]
  0x00000000159eb800 JavaThread "C2 CompilerThread0" daemon [_thread_in_native, id=7408, stack(0x0000000017020000,0x0000000017120000)]
  0x00000000159ea000 JavaThread "Attach Listener" daemon [_thread_blocked, id=7716, stack(0x0000000016f20000,0x0000000017020000)]
  0x00000000159e9000 JavaThread "Signal Dispatcher" daemon [_thread_blocked, id=8416, stack(0x0000000016e20000,0x0000000016f20000)]
  0x0000000003315800 JavaThread "Finalizer" daemon [_thread_blocked, id=7220, stack(0x0000000016c40000,0x0000000016d40000)]
  0x00000000159b7000 JavaThread "Reference Handler" daemon [_thread_blocked, id=4608, stack(0x0000000016b40000,0x0000000016c40000)]
  0x000000000321d800 JavaThread "main" [_thread_blocked, id=9268, stack(0x00000000030e0000,0x00000000031e0000)]

Other Threads:
  0x00000000159b5000 VMThread [stack: 0x0000000016a40000,0x0000000016b40000] [id=4004]
  0x0000000015a4a000 WatcherThread [stack: 0x0000000017820000,0x0000000017920000] [id=11352]

VM state:not at safepoint (normal execution)

VM Mutex/Monitor currently owned by a thread: None

Heap:
 PSYoungGen      total 187904K, used 89846K [0x00000000eab00000, 0x00000000fdd80000, 0x0000000100000000)
  eden space 160768K, 39% used [0x00000000eab00000,0x00000000ee8916b8,0x00000000f4800000)
  from space 27136K, 98% used [0x00000000fc300000,0x00000000fdd2c248,0x00000000fdd80000)
  to   space 33280K, 0% used [0x00000000f9c80000,0x00000000f9c80000,0x00000000fbd00000)
 ParOldGen       total 89088K, used 43639K [0x00000000c0000000, 0x00000000c5700000, 0x00000000eab00000)
  object space 89088K, 48% used [0x00000000c0000000,0x00000000c2a9de70,0x00000000c5700000)
 Metaspace       used 6989K, capacity 7608K, committed 7808K, reserved 1056768K
  class space    used 620K, capacity 624K, committed 640K, reserved 1048576K

Card table byte_map: [0x00000000126e0000,0x00000000128f0000] byte_map_base: 0x00000000120e0000

Marking Bits: (ParMarkBitMap*) 0x000000005eef9d00
 Begin Bits: [0x0000000012e50000, 0x0000000013e50000)
 End Bits:   [0x0000000013e50000, 0x0000000014e50000)

Polling page: 0x00000000018b0000

CodeCache: size=245760Kb used=13594Kb max_used=13654Kb free=232165Kb
 bounds [0x0000000003320000, 0x0000000004080000, 0x0000000012320000]
 total_blobs=3089 nmethods=2818 adapters=183
 compilation: enabled

Compilation events (10 events):
Event: 25.283 Thread 0x0000000015a43800 3059       3       com.android.dx.dex.file.CodeItem::getRegistersSize (11 bytes)
Event: 25.283 Thread 0x0000000015a43800 nmethod 3059 0x000000000407f610 code [0x000000000407f780, 0x000000000407faa8]
Event: 25.283 Thread 0x0000000015a43800 3060       3       com.android.dx.dex.file.CodeItem::getOutsSize (11 bytes)
Event: 25.290 Thread 0x0000000015a43800 

Event: 25.290 Thread 0x0000000015a43800 3062   !   3       com.android.dx.dex.file.CodeItem::writeCodes (50 bytes)
Event: 25.291 Thread 0x0000000015a43800 nmethod 3062 0x0000000003477810 code [0x0000000003477a20, 0x0000000003478468]
Event: 25.291 Thread 0x0000000015a43800 3061       3       com.android.dx.dex.file.CodeItem::getInsSize (12 bytes)
Event: 25.291 Thread 0x0000000015a43800 nmethod 3061 0x000000000346ea10 code [0x000000000346eba0, 0x000000000346efd8]
Event: 25.291 Thread 0x0000000015a43800 3070       3       com.android.dx.dex.code.InsnFormat::write (13 bytes)
Event: 25.292 Thread 0x0000000015a43800 nmethod 3070 0x0000000003430390 code [0x0000000003430520, 0x0000000003430808]

GC Heap History (10 events):
Event: 6.352 GC heap before
{Heap before GC invocations=5 (full 0):
 PSYoungGen      total 68096K, used 68076K [0x00000000eab00000, 0x00000000ef000000, 0x0000000100000000)
  eden space 65536K, 100% used [0x00000000eab00000,0x00000000eeb00000,0x00000000eeb00000)
  from space 2560K, 99% used [0x00000000eed80000,0x00000000eeffb328,0x00000000ef000000)
  to   space 2560K, 0% used [0x00000000eeb00000,0x00000000eeb00000,0x00000000eed80000)
 ParOldGen       total 44032K, used 13588K [0x00000000c0000000, 0x00000000c2b00000, 0x00000000eab00000)
  object space 44032K, 30% used [0x00000000c0000000,0x00000000c0d45330,0x00000000c2b00000)
 Metaspace       used 6222K, capacity 7152K, committed 7296K, reserved 1056768K
  class space    used 579K, capacity 616K, committed 640K, reserved 1048576K
Event: 6.381 GC heap after
Heap after GC invocations=5 (full 0):
 PSYoungGen      total 68096K, used 2529K [0x00000000eab00000, 0x00000000f4900000, 0x0000000100000000)
  eden space 65536K, 0% used [0x00000000eab00000,0x00000000eab00000,0x00000000eeb00000)
  from space 2560K, 98% used [0x00000000eeb00000,0x00000000eed785b0,0x00000000eed80000)
  to   space 15360K, 0% used [0x00000000f3a00000,0x00000000f3a00000,0x00000000f4900000)
 ParOldGen       total 44032K, used 24014K [0x00000000c0000000, 0x00000000c2b00000, 0x00000000eab00000)
  object space 44032K, 54% used [0x00000000c0000000,0x00000000c1773830,0x00000000c2b00000)
 Metaspace       used 6222K, capacity 7152K, committed 7296K, reserved 1056768K
  class space    used 579K, capacity 616K, committed 640K, reserved 1048576K
}
Event: 6.985 GC heap before
{Heap before GC invocations=6 (full 0):
 PSYoungGen      total 68096K, used 68065K [0x00000000eab00000, 0x00000000f4900000, 0x0000000100000000)
  eden space 65536K, 100% used [0x00000000eab00000,0x00000000eeb00000,0x00000000eeb00000)
  from space 2560K, 98% used [0x00000000eeb00000,0x00000000eed785b0,0x00000000eed80000)
  to   space 15360K, 0% used [0x00000000f3a00000,0x00000000f3a00000,0x00000000f4900000)
 ParOldGen       total 44032K, used 24014K [0x00000000c0000000, 0x00000000c2b00000, 0x00000000eab00000)
  object space 44032K, 54% used [0x00000000c0000000,0x00000000c1773830,0x00000000c2b00000)
 Metaspace       used 6318K, capacity 7216K, committed 7296K, reserved 1056768K
  class space    used 579K, capacity 616K, committed 640K, reserved 1048576K
Event: 7.036 GC heap after
Heap after GC invocations=6 (full 0):
 PSYoungGen      total 144384K, used 13313K [0x00000000eab00000, 0x00000000f4d00000, 0x0000000100000000)
  eden space 129024K, 0% used [0x00000000eab00000,0x00000000eab00000,0x00000000f2900000)
  from space 15360K, 86% used [0x00000000f3a00000,0x00000000f47007c0,0x00000000f4900000)
  to   space 17408K, 0% used [0x00000000f2900000,0x00000000f2900000,0x00000000f3a00000)
 ParOldGen       total 44032K, used 24022K [0x00000000c0000000, 0x00000000c2b00000, 0x00000000eab00000)
  object space 44032K, 54% used [0x00000000c0000000,0x00000000c1775830,0x00000000c2b00000)
 Metaspace       used 6318K, capacity 7216K, committed 7296K, reserved 1056768K
  class space    used 579K, capacity 616K, committed 640K, reserved 1048576K
}
Event: 8.496 GC heap before
{Heap before GC invocations=7 (full 0):
 PSYoungGen      total 144384K, used 142337K [0x00000000eab00000, 0x00000000f4d00000, 0x0000000100000000)
  eden space 129024K, 100% used [0x00000000eab00000,0x00000000f2900000,0x00000000f2900000)
  from space 15360K, 86% used [0x00000000f3a00000,0x00000000f47007c0,0x00000000f4900000)
  to   space 17408K, 0% used [0x00000000f2900000,0x00000000f2900000,0x00000000f3a00000)
 ParOldGen       total 44032K, used 24022K [0x00000000c0000000, 0x00000000c2b00000, 0x00000000eab00000)
  object space 44032K, 54% used [0x00000000c0000000,0x00000000c1775830,0x00000000c2b00000)
 Metaspace       used 6469K, capacity 7218K, committed 7296K, reserved 1056768K
  class space    used 598K, capacity 618K, committed 640K, reserved 1048576K
Event: 8.613 GC heap after
Heap after GC invocations=7 (full 0):
 PSYoungGen      total 146432K, used 17377K [0x00000000eab00000, 0x00000000fdf00000, 0x0000000100000000)
  eden space 129024K, 0% used [0x00000000eab00000,0x00000000eab00000,0x00000000f2900000)
  from space 17408K, 99% used [0x00000000f2900000,0x00000000f39f8668,0x00000000f3a00000)
  to   space 28672K, 0% used [0x00000000fc300000,0x00000000fc300000,0x00000000fdf00000)
 ParOldGen       total 44032K, used 39253K [0x00000000c0000000, 0x00000000c2b00000, 0x00000000eab00000)
  object space 44032K, 89% used [0x00000000c0000000,0x00000000c2655668,0x00000000c2b00000)
 Metaspace       used 6469K, capacity 7218K, committed 7296K, reserved 1056768K
  class space    used 598K, capacity 618K, committed 640K, reserved 1048576K
}
Event: 8.613 GC heap before
{Heap before GC invocations=8 (full 1):
 PSYoungGen      total 146432K, used 17377K [0x00000000eab00000, 0x00000000fdf00000, 0x0000000100000000)
  eden space 129024K, 0% used [0x00000000eab00000,0x00000000eab00000,0x00000000f2900000)
  from space 17408K, 99% used [0x00000000f2900000,0x00000000f39f8668,0x00000000f3a00000)
  to   space 28672K, 0% used [0x00000000fc300000,0x00000000fc300000,0x00000000fdf00000)
 ParOldGen       total 44032K, used 39253K [0x00000000c0000000, 0x00000000c2b00000, 0x00000000eab00000)
  object space 44032K, 89% used [0x00000000c0000000,0x00000000c2655668,0x00000000c2b00000)
 Metaspace       used 6469K, capacity 7218K, committed 7296K, reserved 1056768K
  class space    used 598K, capacity 618K, committed 640K, reserved 1048576K
Event: 9.986 GC heap after
Heap after GC invocations=8 (full 1):
 PSYoungGen      total 146432K, used 8637K [0x00000000eab00000, 0x00000000fdf00000, 0x0000000100000000)
  eden space 129024K, 0% used [0x00000000eab00000,0x00000000eab00000,0x00000000f2900000)
  from space 17408K, 49% used [0x00000000f2900000,0x00000000f316f540,0x00000000f3a00000)
  to   space 28672K, 0% used [0x00000000fc300000,0x00000000fc300000,0x00000000fdf00000)
 ParOldGen       total 89088K, used 43615K [0x00000000c0000000, 0x00000000c5700000, 0x00000000eab00000)
  object space 89088K, 48% used [0x00000000c0000000,0x00000000c2a97e70,0x00000000c5700000)
 Metaspace       used 6469K, capacity 7218K, committed 7296K, reserved 1056768K
  class space    used 598K, capacity 618K, committed 640K, reserved 1048576K
}
Event: 14.201 GC heap before
{Heap before GC invocations=9 (full 1):
 PSYoungGen      total 146432K, used 137661K [0x00000000eab00000, 0x00000000fdf00000, 0x0000000100000000)
  eden space 129024K, 100% used [0x00000000eab00000,0x00000000f2900000,0x00000000f2900000)
  from space 17408K, 49% used [0x00000000f2900000,0x00000000f316f540,0x00000000f3a00000)
  to   space 28672K, 0% used [0x00000000fc300000,0x00000000fc300000,0x00000000fdf00000)
 ParOldGen       total 89088K, used 43615K [0x00000000c0000000, 0x00000000c5700000, 0x00000000eab00000)
  object space 89088K, 48% used [0x00000000c0000000,0x00000000c2a97e70,0x00000000c5700000)
 Metaspace       used 6485K, capacity 7218K, committed 7296K, reserved 1056768K
  class space    used 598K, capacity 618K, committed 640K, reserved 1048576K
Event: 14.402 GC heap after
Heap after GC invocations=9 (full 1):
 PSYoungGen      total 187904K, used 26800K [0x00000000eab00000, 0x00000000fdd80000, 0x0000000100000000)
  eden space 160768K, 0% used [0x00000000eab00000,0x00000000eab00000,0x00000000f4800000)
  from space 27136K, 98% used [0x00000000fc300000,0x00000000fdd2c248,0x00000000fdd80000)
  to   space 33280K, 0% used [0x00000000f9c80000,0x00000000f9c80000,0x00000000fbd00000)
 ParOldGen       total 89088K, used 43639K [0x00000000c0000000, 0x00000000c5700000, 0x00000000eab00000)
  object space 89088K, 48% used [0x00000000c0000000,0x00000000c2a9de70,0x00000000c5700000)
 Metaspace       used 6485K, capacity 7218K, committed 7296K, reserved 1056768K
  class space    used 598K, capacity 618K, committed 640K, reserved 1048576K
}

Deoptimization events (10 events):
Event: 20.638 Thread 0x000000001756b000 Uncommon trap: reason=unstable_if action=reinterpret pc=0x0000000003ebd0d8 method=com.android.dx.rop.code.RegisterSpec.matchesVariable(Lcom/android/dx/rop/code/RegisterSpec;)Z @ 59
Event: 20.641 Thread 0x000000001756b000 Uncommon trap: reason=unstable_if action=reinterpret pc=0x0000000003e968f8 method=java.util.Arrays.equals([Ljava/lang/Object;[Ljava/lang/Object;)Z @ 23
Event: 21.371 Thread 0x000000001756b000 Uncommon trap: reason=unstable_if action=reinterpret pc=0x0000000003ef5c20 method=com.android.dx.dex.code.OutputFinisher.align64bits([Lcom/android/dx/dex/code/Dop;)V @ 172
Event: 21.371 Thread 0x000000001756b000 Uncommon trap: reason=unstable_if action=reinterpret pc=0x0000000003f0dff0 method=com.android.dx.dex.code.LocalList$MakeState.startLocal(ILcom/android/dx/rop/code/RegisterSpec;)V @ 226
Event: 21.885 Thread 0x000000001756b000 Uncommon trap: reason=unstable_if action=reinterpret pc=0x0000000003f2df54 method=com.android.dx.dex.code.OutputFinisher.align64bits([Lcom/android/dx/dex/code/Dop;)V @ 205
Event: 22.374 Thread 0x000000001756b000 Uncommon trap: reason=unstable_if action=reinterpret pc=0x0000000003ec2670 method=com.android.dx.dex.code.LocalList$MakeState.snapshot(ILcom/android/dx/rop/code/RegisterSpecSet;)V @ 86
Event: 22.374 Thread 0x000000001756b000 Uncommon trap: reason=unstable_if action=reinterpret pc=0x0000000003f3ec48 method=java.util.ComparableTimSort.sort([Ljava/lang/Object;II[Ljava/lang/Object;II)V @ 105
Event: 23.717 Thread 0x000000001756b000 Uncommon trap: reason=unstable_if action=reinterpret pc=0x0000000003e9c5e0 method=java.util.ArrayList.<init>(I)V @ 5
Event: 24.317 Thread 0x000000001756b000 Uncommon trap: reason=unstable_if action=reinterpret pc=0x00000000036b233c method=java.lang.Long.numberOfTrailingZeros(J)I @ 3
Event: 24.556 Thread 0x000000001756b000 Uncommon trap: reason=unstable_if action=reinterpret pc=0x0000000003fcd284 method=com.android.dx.util.ByteArrayAnnotatedOutput.writeByte(I)V @ 13

Internal exceptions (7 events):
Event: 0.081 Thread 0x000000000321d800 Exception <a 'java/lang/NoSuchMethodError': Method sun.misc.Unsafe.defineClass(Ljava/lang/String;[BII)Ljava/lang/Class; name or signature does not match> (0x00000000eab07cc0) thrown at [C:\src\android\AOSP-openjdk\external\jetbrains\jdk\hotspot\src\share\vµN<„ž­´?
Event: 0.081 Thread 0x000000000321d800 Exception <a 'java/lang/NoSuchMethodError': Method sun.misc.Unsafe.prefetchRead(Ljava/lang/Object;J)V name or signature does not match> (0x00000000eab07fa8) thrown at [C:\src\android\AOSP-openjdk\external\jetbrains\jdk\hotspot\src\share\vm\prims\jni.cpp, lœ([ZJÎ@
Event: 6.951 Thread 0x000000001756f000 Implicit null exception at 0x00000000038a8a0a to 0x00000000038a9dd1
Event: 7.776 Thread 0x000000001756e800 Exception <a 'java/lang/ArrayIndexOutOfBoundsException': 18> (0x00000000edb82df8) thrown at [C:\src\android\AOSP-openjdk\external\jetbrains\jdk\hotspot\src\share\vm\interpreter\interpreterRuntime.cpp, line 366]
Event: 7.777 Thread 0x000000001756e800 Exception <a 'java/lang/ArrayIndexOutOfBoundsException': 145> (0x00000000edb84978) thrown at [C:\src\android\AOSP-openjdk\external\jetbrains\jdk\hotspot\src\share\vm\interpreter\interpreterRuntime.cpp, line 366]
Event: 7.779 Thread 0x000000001756e800 Exception <a 'java/lang/ArrayIndexOutOfBoundsException': 40> (0x00000000edb85c60) thrown at [C:\src\android\AOSP-openjdk\external\jetbrains\jdk\hotspot\src\share\vm\interpreter\interpreterRuntime.cpp, line 366]
Event: 14.442 Thread 0x0000000017570800 Implicit null exception at 0x0000000003cf4f6c to 0x0000000003cfd645

Events (10 events):
Event: 25.283 Thread 0x0000000015a43800 flushing nmethod 0x000000000346ea10
Event: 25.283 Thread 0x0000000015a43800 flushing nmethod 0x000000000346f450
Event: 25.283 Thread 0x0000000015a43800 flushing nmethod 0x000000000346fc10
Event: 25.283 Thread 0x0000000015a43800 flushing nmethod 0x0000000003470310
Event: 25.283 Thread 0x0000000015a43800 flushing nmethod 0x0000000003471f90
Event: 25.283 Thread 0x0000000015a43800 flushing nmethod 0x0000000003472690
Event: 25.283 Thread 0x0000000015a43800 flushing nmethod 0x0000000003474490
Event: 25.284 Thread 0x0000000015a43800 flushing nmethod 0x0000000003477490
Event: 25.284 Thread 0x0000000015a43800 flushing nmethod 0x0000000003477b10
Event: 25.284 Thread 0x0000000015a43800 flushing nmethod 0x000000000347bc90


Dynamic libraries:
0x00007ff65aea0000 - 0x00007ff65aed1000 	C:\Program Files\Android\Android Studio\jre\bin\java.exe
0x00007fff314c0000 - 0x00007fff31681000 	C:\WINDOWS\SYSTEM32\ntdll.dll
0x00007fff2eaa0000 - 0x00007fff2eb4d000 	C:\WINDOWS\system32\KERNEL32.DLL
0x00007fff2e030000 - 0x00007fff2e218000 	C:\WINDOWS\system32\KERNELBASE.dll
0x00007fff30780000 - 0x00007fff30827000 	C:\WINDOWS\system32\ADVAPI32.dll
0x00007fff31140000 - 0x00007fff311dd000 	C:\WINDOWS\system32\msvcrt.dll
0x00007fff30b70000 - 0x00007fff30bcb000 	C:\WINDOWS\system32\sechost.dll
0x00007fff2e8c0000 - 0x00007fff2e9dc000 	C:\WINDOWS\system32\RPCRT4.dll
0x00007fff2ef80000 - 0x00007fff2f0d6000 	C:\WINDOWS\system32\USER32.dll
0x00007fff30fb0000 - 0x00007fff31136000 	C:\WINDOWS\system32\GDI32.dll
0x00007fff257a0000 - 0x00007fff25a14000 	C:\WINDOWS\WinSxS\amd64_microsoft.windows.common-controls_6595b64144ccf1df_6.0.10586.672_none_a2d6b3cea53ff843\COMCTL32.dll
0x00007fff30bd0000 - 0x00007fff30e4d000 	C:\WINDOWS\system32\combase.dll
0x00007fff2dc60000 - 0x00007fff2dcca000 	C:\WINDOWS\system32\bcryptPrimitives.dll
0x00007fff30980000 - 0x00007fff309bb000 	C:\WINDOWS\system32\IMM32.DLL
0x000000005e580000 - 0x000000005e652000 	C:\Program Files\Android\Android Studio\jre\jre\bin\msvcr100.dll
0x000000005e740000 - 0x000000005ef74000 	C:\Program Files\Android\Android Studio\jre\jre\bin\server\jvm.dll
0x00007fff30660000 - 0x00007fff30668000 	C:\WINDOWS\system32\PSAPI.DLL
0x00007fff1ce30000 - 0x00007fff1ce39000 	C:\WINDOWS\SYSTEM32\WSOCK32.dll
0x00007fff30aa0000 - 0x00007fff30b0b000 	C:\WINDOWS\system32\WS2_32.dll
0x00007fff2bd30000 - 0x00007fff2bd53000 	C:\WINDOWS\SYSTEM32\WINMM.dll
0x00007fff242a0000 - 0x00007fff242aa000 	C:\WINDOWS\SYSTEM32\VERSION.dll
0x00007fff2bd00000 - 0x00007fff2bd2c000 	C:\WINDOWS\SYSTEM32\WINMMBASE.dll
0x00007fff2e220000 - 0x00007fff2e263000 	C:\WINDOWS\system32\cfgmgr32.dll
0x00007fff27930000 - 0x00007fff2793f000 	C:\Program Files\Android\Android Studio\jre\jre\bin\verify.dll
0x00007fff15570000 - 0x00007fff15599000 	C:\Program Files\Android\Android Studio\jre\jre\bin\java.dll
0x00007fff1ed80000 - 0x00007fff1ed96000 	C:\Program Files\Android\Android Studio\jre\jre\bin\zip.dll
0x00007fff2f0e0000 - 0x00007fff3063c000 	C:\WINDOWS\system32\SHELL32.dll
0x00007fff2e270000 - 0x00007fff2e8b5000 	C:\WINDOWS\system32\windows.storage.dll
0x00007fff312b0000 - 0x00007fff31302000 	C:\WINDOWS\system32\shlwapi.dll
0x00007fff2db30000 - 0x00007fff2db3f000 	C:\WINDOWS\system32\kernel.appcore.dll
0x00007fff2dcd0000 - 0x00007fff2dd85000 	C:\WINDOWS\system32\shcore.dll
0x00007fff2dae0000 - 0x00007fff2db2b000 	C:\WINDOWS\system32\powrprof.dll
0x00007fff2db50000 - 0x00007fff2db64000 	C:\WINDOWS\system32\profapi.dll

VM Arguments:
jvm_args: -Djava.awt.headless=true -Xmx1024M -Dfile.encoding=windows-1252 -Duser.country=GB -Duser.language=en -Duser.variant 
java_command: com.android.dx.command.Main --dex --force-jumbo --num-threads=4 --multi-dex --output C:\Users\Thomas\AndroidStudioProjects\MrWhemps\app\build\intermediates\transforms\dex\debug\folders\1000\10\com.android.support-support-v4-23.4.0_3342e5d3ccd37400c4c8d36aadf003a6717e68e4 C:\Users\Thomas\AndroidStudioProjects\MrWhemps\app\build\intermediates\exploded-aar\com.android.support\support-v4\23.4.0\jars\classes.jar
java_class_path (initial): C:\Users\Thomas\AppData\Local\Android\sdk\build-tools\23.0.2\lib\dx.jar
Launcher Type: SUN_STANDARD

Environment Variables:
PATH=C:\Program Files (x86)\Intel\iCLS Client\;C:\Program Files\Intel\iCLS Client\;C:\Windows\system32;C:\Windows;C:\Windows\System32\Wbem;C:\Windows\System32\WindowsPowerShell\v1.0\;C:\Program Files (x86)\Intel\OpenCL SDK\2.0\bin\x86;C:\Program Files (x86)\Intel\OpenCL SDK\2.0\bin\x64;C:\Program Files\Intel\Intel(R) Management Engine Components\DAL;C:\Program Files\Intel\Intel(R) Management Engine Components\IPT;C:\Program Files (x86)\Intel\Intel(R) Management Engine Components\DAL;C:\Program Files (x86)\Intel\Intel(R) Management Engine Components\IPT;C:\Program Files (x86)\Windows Live\Shared;C:\Users\Thomas\AppData\Local\Smartbar\Application\;C:\WINDOWS\system32;C:\WINDOWS;C:\WINDOWS\System32\Wbem;C:\WINDOWS\System32\WindowsPowerShell\v1.0\;D:\Programs\bin;C:\Program Files\Microsoft SQL Server\110\Tools\Binn\;C:\Program Files\Microsoft SQL Server\120\Tools\Binn\;C:\Program Files\MiKTeX 2.9\miktex\bin\;C:\Program Files\MiKTeX 2.9\gs\gs8.71\bin\;C:\Program Files\Git\cmd;C:\Program Files (x86)\Skype\Phone\;C:\WINDOWS\system32\config\systemprofile\.dnx\bin;C:\Program Files\Microsoft DNX\Dnvm\;C:\Program Files\Microsoft SQL Server\130\Tools\Binn\;C:\Program Files (x86)\Windows Kits\10\Windows Performance Toolkit\;C:\Program Files
USERNAME=Thomas
OS=Windows_NT
PROCESSOR_IDENTIFIER=Intel64 Family 6 Model 42 Stepping 7, GenuineIntel



---------------  S Y S T E M  ---------------

OS: Windows 10.0 , 64 bit Build 10586 (10.0.10586.589)

CPU:total 4 (2 cores per cpu, 2 threads per core) family 6 model 42 stepping 7, cmov, cx8, fxsr, mmx, sse, sse2, sse3, ssse3, sse4.1, sse4.2, popcnt, avx, clmul, ht, tsc, tscinvbit

Memory: 4k page, physical 4075172k(631536k free), swap 6565540k(4032k free)

vm_info: OpenJDK 64-Bit Server VM (25.76-b03) for windows-amd64 JRE (1.8.0_76-release-b03), built on Jun 29 2016 19:09:20 by "ralucas" with MS VC++ 10.0 (VS2010)

time: Sat Dec 31 02:51:53 2016
elapsed time: 25 seconds (0d 0h 0m 25s)

