#
# There is insufficient memory for the Java Runtime Environment to continue.
# Native memory allocation (malloc) failed to allocate 542176 bytes for Chunk::new
# Possible reasons:
#   The system is out of physical RAM or swap space
#   In 32 bit mode, the process size limit was hit
# Possible solutions:
#   Reduce memory load on the system
#   Increase physical memory or swap space
#   Check if swap backing store is full
#   Use 64 bit Java on a 64 bit OS
#   Decrease Java heap size (-Xmx/-Xms)
#   Decrease number of Java threads
#   Decrease Java thread stack sizes (-Xss)
#   Set larger code cache with -XX:ReservedCodeCacheSize=
# This output file may be truncated or incomplete.
#
#  Out of Memory Error (allocation.cpp:390), pid=7280, tid=0x00000000000016b8
#
# JRE version: OpenJDK Runtime Environment (8.0_76-b03) (build 1.8.0_76-release-b03)
# Java VM: OpenJDK 64-Bit Server VM (25.76-b03 mixed mode windows-amd64 compressed oops)
# Failed to write core dump. Minidumps are not enabled by default on client versions of Windows
#

---------------  T H R E A D  ---------------

Current thread (0x0000000015067800):  JavaThread "C2 CompilerThread0" daemon [_thread_in_native, id=5816, stack(0x00000000166a0000,0x00000000167a0000)]

Stack: [0x00000000166a0000,0x00000000167a0000]
[error occurred during error reporting (printing stack bounds), id 0xc0000005]

Native frames: (J=compiled Java code, j=interpreted, Vv=VM code, C=native code)


Current CompileTask:
C2:   3252 1404       4       com.android.dx.ssa.SCCP::simulateBranch (666 bytes)


---------------  P R O C E S S  ---------------

Java Threads: ( => current thread )
  0x0000000016c84000 JavaThread "pool-2-thread-4" [_thread_in_vm, id=7528, stack(0x0000000017ba0000,0x0000000017ca0000)]
  0x0000000016c77000 JavaThread "pool-2-thread-3" [_thread_in_Java, id=4596, stack(0x0000000017aa0000,0x0000000017ba0000)]
  0x0000000016c74000 JavaThread "pool-2-thread-2" [_thread_blocked, id=11324, stack(0x00000000179a0000,0x0000000017aa0000)]
  0x0000000016c40000 JavaThread "pool-3-thread-1" [_thread_blocked, id=11068, stack(0x00000000178a0000,0x00000000179a0000)]
  0x0000000016bef000 JavaThread "pool-2-thread-1" [_thread_in_Java, id=12840, stack(0x00000000177a0000,0x00000000178a0000)]
  0x00000000169a4800 JavaThread "Service Thread" daemon [_thread_blocked, id=9500, stack(0x0000000016da0000,0x0000000016ea0000)]
  0x0000000015061000 JavaThread "C1 CompilerThread2" daemon [_thread_in_native, id=10952, stack(0x00000000168a0000,0x00000000169a0000)]
  0x0000000015058000 JavaThread "C2 CompilerThread1" daemon [_thread_in_native, id=432, stack(0x00000000167a0000,0x00000000168a0000)]
=>0x0000000015067800 JavaThread "C2 CompilerThread0" daemon [_thread_in_native, id=5816, stack(0x00000000166a0000,0x00000000167a0000)]
  0x0000000015066000 JavaThread "Attach Listener" daemon [_thread_blocked, id=12052, stack(0x00000000165a0000,0x00000000166a0000)]
  0x0000000015064800 JavaThread "Signal Dispatcher" daemon [_thread_blocked, id=12372, stack(0x00000000164a0000,0x00000000165a0000)]
  0x000000000298b800 JavaThread "Finalizer" daemon [_thread_blocked, id=11804, stack(0x00000000162c0000,0x00000000163c0000)]
  0x0000000002980800 JavaThread "Reference Handler" daemon [_thread_blocked, id=13352, stack(0x00000000161c0000,0x00000000162c0000)]
  0x000000000278d800 JavaThread "main" [_thread_blocked, id=9208, stack(0x0000000002790000,0x0000000002890000)]

Other Threads:
  0x0000000015025000 VMThread [stack: 0x00000000160c0000,0x00000000161c0000] [id=8176]
  0x00000000169a6800 WatcherThread [stack: 0x0000000016ea0000,0x0000000016fa0000] [id=10480]

VM state:not at safepoint (normal execution)

VM Mutex/Monitor currently owned by a thread: None

Heap:
 PSYoungGen      total 35328K, used 11279K [0x00000000eab00000, 0x00000000ed000000, 0x0000000100000000)
  eden space 32768K, 26% used [0x00000000eab00000,0x00000000eb38a218,0x00000000ecb00000)
  from space 2560K, 99% used [0x00000000ecd80000,0x00000000ecff9c68,0x00000000ed000000)
  to   space 2560K, 0% used [0x00000000ecb00000,0x00000000ecb00000,0x00000000ecd80000)
 ParOldGen       total 44032K, used 3740K [0x00000000c0000000, 0x00000000c2b00000, 0x00000000eab00000)
  object space 44032K, 8% used [0x00000000c0000000,0x00000000c03a72c0,0x00000000c2b00000)
 Metaspace       used 6063K, capacity 7024K, committed 7296K, reserved 1056768K
  class space    used 572K, capacity 616K, committed 640K, reserved 1048576K

Card table byte_map: [0x0000000011d50000,0x0000000011f60000] byte_map_base: 0x0000000011750000

Marking Bits: (ParMarkBitMap*) 0x00000000665d9d00
 Begin Bits: [0x00000000124c0000, 0x00000000134c0000)
 End Bits:   [0x00000000134c0000, 0x00000000144c0000)

Polling page: 0x00000000025f0000

CodeCache: size=245760Kb used=5883Kb max_used=5903Kb free=239876Kb
 bounds [0x0000000002990000, 0x0000000002f60000, 0x0000000011990000]
 total_blobs=1681 nmethods=1413 adapters=181
 compilation: enabled

Compilation events (10 events):
Event: 3.229 Thread 0x0000000015061000 1417       3       com.android.dx.rop.code.RegisterSpecSet::intersect (117 bytes)
Event: 3.230 Thread 0x0000000015061000 nmethod 1417 0x0000000002eff110 code [0x0000000002eff300, 0x0000000002effcf8]
Event: 3.231 Thread 0x0000000015061000 1419       1       com.android.dx.dex.code.RopTranslator::access$100 (5 bytes)
Event: 3.231 Thread 0x0000000015061000 nmethod 1419 0x0000000002efee50 code [0x0000000002efefa0, 0x0000000002eff090]
Event: 3.231 Thread 0x0000000015061000 1420       3       com.android.dx.cf.code.Ropper::addSetupBlocks (535 bytes)
Event: 3.243 Thread 0x0000000015061000 nmethod 1420 0x0000000002f38590 code [0x0000000002f39040, 0x0000000002f412f8]
Event: 3.243 Thread 0x0000000015061000 1421       3       com.android.dx.cf.code.Frame::initializeWithParameters (49 bytes)
Event: 3.244 Thread 0x0000000015061000 nmethod 1421 0x0000000002efe290 code [0x0000000002efe440, 0x0000000002efeb68]
Event: 3.244 Thread 0x0000000015061000 1422       3       com.android.dx.cf.code.Ropper::addReturnBlock (228 bytes)
Event: 3.248 Thread 0x0000000015061000 nmethod 1422 0x0000000002f48bd0 code [0x0000000002f49100, 0x0000000002f4c968]

GC Heap History (4 events):
Event: 1.720 GC heap before
{Heap before GC invocations=1 (full 0):
 PSYoungGen      total 18944K, used 16384K [0x00000000eab00000, 0x00000000ec000000, 0x0000000100000000)
  eden space 16384K, 100% used [0x00000000eab00000,0x00000000ebb00000,0x00000000ebb00000)
  from space 2560K, 0% used [0x00000000ebd80000,0x00000000ebd80000,0x00000000ec000000)
  to   space 2560K, 0% used [0x00000000ebb00000,0x00000000ebb00000,0x00000000ebd80000)
 ParOldGen       total 44032K, used 0K [0x00000000c0000000, 0x00000000c2b00000, 0x00000000eab00000)
  object space 44032K, 0% used [0x00000000c0000000,0x00000000c0000000,0x00000000c2b00000)
 Metaspace       used 5641K, capacity 6640K, committed 6784K, reserved 1056768K
  class space    used 570K, capacity 616K, committed 640K, reserved 1048576K
Event: 1.768 GC heap after
Heap after GC invocations=1 (full 0):
 PSYoungGen      total 18944K, used 2535K [0x00000000eab00000, 0x00000000ed000000, 0x0000000100000000)
  eden space 16384K, 0% used [0x00000000eab00000,0x00000000eab00000,0x00000000ebb00000)
  from space 2560K, 99% used [0x00000000ebb00000,0x00000000ebd79c68,0x00000000ebd80000)
  to   space 2560K, 0% used [0x00000000ecd80000,0x00000000ecd80000,0x00000000ed000000)
 ParOldGen       total 44032K, used 1457K [0x00000000c0000000, 0x00000000c2b00000, 0x00000000eab00000)
  object space 44032K, 3% used [0x00000000c0000000,0x00000000c016c548,0x00000000c2b00000)
 Metaspace       used 5641K, capacity 6640K, committed 6784K, reserved 1056768K
  class space    used 570K, capacity 616K, committed 640K, reserved 1048576K
}
Event: 2.516 GC heap before
{Heap before GC invocations=2 (full 0):
 PSYoungGen      total 18944K, used 18919K [0x00000000eab00000, 0x00000000ed000000, 0x0000000100000000)
  eden space 16384K, 100% used [0x00000000eab00000,0x00000000ebb00000,0x00000000ebb00000)
  from space 2560K, 99% used [0x00000000ebb00000,0x00000000ebd79c68,0x00000000ebd80000)
  to   space 2560K, 0% used [0x00000000ecd80000,0x00000000ecd80000,0x00000000ed000000)
 ParOldGen       total 44032K, used 1457K [0x00000000c0000000, 0x00000000c2b00000, 0x00000000eab00000)
  object space 44032K, 3% used [0x00000000c0000000,0x00000000c016c548,0x00000000c2b00000)
 Metaspace       used 5982K, capacity 6960K, committed 7040K, reserved 1056768K
  class space    used 571K, capacity 616K, committed 640K, reserved 1048576K
Event: 2.711 GC heap after
Heap after GC invocations=2 (full 0):
 PSYoungGen      total 35328K, used 2535K [0x00000000eab00000, 0x00000000ed000000, 0x0000000100000000)
  eden space 32768K, 0% used [0x00000000eab00000,0x00000000eab00000,0x00000000ecb00000)
  from space 2560K, 99% used [0x00000000ecd80000,0x00000000ecff9c68,0x00000000ed000000)
  to   space 2560K, 0% used [0x00000000ecb00000,0x00000000ecb00000,0x00000000ecd80000)
 ParOldGen       total 44032K, used 3740K [0x00000000c0000000, 0x00000000c2b00000, 0x00000000eab00000)
  object space 44032K, 8% used [0x00000000c0000000,0x00000000c03a72c0,0x00000000c2b00000)
 Metaspace       used 5982K, capacity 6960K, committed 7040K, reserved 1056768K
  class space    used 571K, capacity 616K, committed 640K, reserved 1048576K
}

Deoptimization events (10 events):
Event: 0.571 Thread 0x000000000278d800 Uncommon trap: reason=unstable_if action=reinterpret pc=0x0000000002ad5d10 method=java.lang.String.indexOf(II)I @ 49
Event: 1.719 Thread 0x0000000016c74000 Uncommon trap: reason=class_check action=maybe_recompile pc=0x0000000002c3cfc4 method=com.android.dx.rop.type.Type.equals(Ljava/lang/Object;)Z @ 8
Event: 1.719 Thread 0x0000000016c74000 Uncommon trap: reason=unstable_if action=reinterpret pc=0x0000000002c3cf98 method=com.android.dx.rop.code.RegisterSpec.equals(ILcom/android/dx/rop/type/TypeBearer;Lcom/android/dx/rop/code/LocalItem;)Z @ 16
Event: 1.807 Thread 0x0000000016c74000 Uncommon trap: reason=unstable_if action=reinterpret pc=0x0000000002c669a0 method=com.android.dx.rop.code.RegisterSpec.equals(ILcom/android/dx/rop/type/TypeBearer;Lcom/android/dx/rop/code/LocalItem;)Z @ 16
Event: 2.054 Thread 0x0000000016bef000 Uncommon trap: reason=unstable_if action=reinterpret pc=0x0000000002baadb0 method=java.util.BitSet.nextSetBit(I)I @ 87
Event: 2.060 Thread 0x0000000016bef000 Uncommon trap: reason=unstable_if action=reinterpret pc=0x0000000002ba70c0 method=java.util.HashMap.getNode(ILjava/lang/Object;)Ljava/util/HashMap$Node; @ 129
Event: 2.124 Thread 0x0000000016c74000 Uncommon trap: reason=unstable_if action=reinterpret pc=0x0000000002d5fdd4 method=java.util.HashMap.getNode(ILjava/lang/Object;)Ljava/util/HashMap$Node; @ 129
Event: 2.344 Thread 0x000000000278d800 Uncommon trap: reason=unstable_if action=reinterpret pc=0x0000000002e1ea9c method=com.android.dx.util.LabeledList.set(ILcom/android/dx/util/LabeledItem;)V @ 16
Event: 2.407 Thread 0x0000000016c84000 Uncommon trap: reason=unstable_if action=reinterpret pc=0x0000000002d464bc method=java.util.HashMap.getNode(ILjava/lang/Object;)Ljava/util/HashMap$Node; @ 129
Event: 3.188 Thread 0x0000000016bef000 Uncommon trap: reason=uninitialized action=reinterpret pc=0x0000000002f07da4 method=com.android.dx.cf.code.BytecodeArray.parseInstruction(ILcom/android/dx/cf/code/BytecodeArray$Visitor;)I @ 999

Internal exceptions (2 events):
Event: 0.058 Thread 0x000000000278d800 Exception <a 'java/lang/NoSuchMethodError': Method sun.misc.Unsafe.defineClass(Ljava/lang/String;[BII)Ljava/lang/Class; name or signature does not match> (0x00000000eab07cc0) thrown at [C:\src\android\AOSP-openjdk\external\jetbrains\jdk\hotspot\src\share\vH­ÀK!¯­?
Event: 0.058 Thread 0x000000000278d800 Exception <a 'java/lang/NoSuchMethodError': Method sun.misc.Unsafe.prefetchRead(Ljava/lang/Object;J)V name or signature does not match> (0x00000000eab07fa8) thrown at [C:\src\android\AOSP-openjdk\external\jetbrains\jdk\hotspot\src\share\vm\prims\jni.cpp, l

Events (10 events):
Event: 2.407 Thread 0x0000000016c84000 Uncommon trap: trap_request=0xffffff65 fr.pc=0x0000000002d464bc
Event: 2.407 Thread 0x0000000016c84000 DEOPT PACKING pc=0x0000000002d464bc sp=0x0000000017c9e9e0
Event: 2.407 Thread 0x0000000016c84000 DEOPT UNPACKING pc=0x00000000029d556a sp=0x0000000017c9e860 mode 2
Event: 2.435 Executing VM operation: ParallelGCFailedAllocation
Event: 2.711 Executing VM operation: ParallelGCFailedAllocation done
Event: 2.734 loading class com/android/dx/cf/attrib/AttDeprecated
Event: 2.734 loading class com/android/dx/cf/attrib/AttDeprecated done
Event: 3.188 Thread 0x0000000016bef000 Uncommon trap: trap_request=0xffffffb5 fr.pc=0x0000000002f07da4
Event: 3.188 Thread 0x0000000016bef000 DEOPT PACKING pc=0x0000000002f07da4 sp=0x000000001789ec60
Event: 3.188 Thread 0x0000000016bef000 DEOPT UNPACKING pc=0x00000000029d556a sp=0x000000001789ebe0 mode 2


Dynamic libraries:
0x00007ff7a0c80000 - 0x00007ff7a0cb1000 	C:\Program Files\Android\Android Studio\jre\bin\java.exe
0x00007ffad9aa0000 - 0x00007ffad9c61000 	C:\WINDOWS\SYSTEM32\ntdll.dll
0x00007ffad7000000 - 0x00007ffad70ad000 	C:\WINDOWS\system32\KERNEL32.DLL
0x00007ffad6520000 - 0x00007ffad6708000 	C:\WINDOWS\system32\KERNELBASE.dll
0x00007ffad9430000 - 0x00007ffad94d7000 	C:\WINDOWS\system32\ADVAPI32.dll
0x00007ffad9130000 - 0x00007ffad91cd000 	C:\WINDOWS\system32\msvcrt.dll
0x00007ffad90d0000 - 0x00007ffad912b000 	C:\WINDOWS\system32\sechost.dll
0x00007ffad98b0000 - 0x00007ffad99cc000 	C:\WINDOWS\system32\RPCRT4.dll
0x00007ffad8ba0000 - 0x00007ffad8cf6000 	C:\WINDOWS\system32\USER32.dll
0x00007ffad92a0000 - 0x00007ffad9426000 	C:\WINDOWS\system32\GDI32.dll
0x00007ffacf3a0000 - 0x00007ffacf614000 	C:\WINDOWS\WinSxS\amd64_microsoft.windows.common-controls_6595b64144ccf1df_6.0.10586.672_none_a2d6b3cea53ff843\COMCTL32.dll
0x00007ffad9520000 - 0x00007ffad979d000 	C:\WINDOWS\system32\combase.dll
0x00007ffad63d0000 - 0x00007ffad643a000 	C:\WINDOWS\system32\bcryptPrimitives.dll
0x00007ffad94e0000 - 0x00007ffad951b000 	C:\WINDOWS\system32\IMM32.DLL
0x0000000064c50000 - 0x0000000064d22000 	C:\Program Files\Android\Android Studio\jre\jre\bin\msvcr100.dll
0x0000000065e20000 - 0x0000000066654000 	C:\Program Files\Android\Android Studio\jre\jre\bin\server\jvm.dll
0x00007ffad90b0000 - 0x00007ffad90b8000 	C:\WINDOWS\system32\PSAPI.DLL
0x00007ffad2d40000 - 0x00007ffad2d49000 	C:\WINDOWS\SYSTEM32\WSOCK32.dll
0x00007ffad9040000 - 0x00007ffad90ab000 	C:\WINDOWS\system32\WS2_32.dll
0x00007ffad34f0000 - 0x00007ffad3513000 	C:\WINDOWS\SYSTEM32\WINMM.dll
0x00007ffacd380000 - 0x00007ffacd38a000 	C:\WINDOWS\SYSTEM32\VERSION.dll
0x00007ffad3490000 - 0x00007ffad34bc000 	C:\WINDOWS\SYSTEM32\WINMMBASE.dll
0x00007ffad6440000 - 0x00007ffad6483000 	C:\WINDOWS\system32\cfgmgr32.dll
0x00007ffacf080000 - 0x00007ffacf08f000 	C:\Program Files\Android\Android Studio\jre\jre\bin\verify.dll
0x00007ffaca960000 - 0x00007ffaca989000 	C:\Program Files\Android\Android Studio\jre\jre\bin\java.dll
0x00007ffacefe0000 - 0x00007ffaceff6000 	C:\Program Files\Android\Android Studio\jre\jre\bin\zip.dll
0x00007ffad74f0000 - 0x00007ffad8a4c000 	C:\WINDOWS\system32\SHELL32.dll
0x00007ffad67d0000 - 0x00007ffad6e15000 	C:\WINDOWS\system32\windows.storage.dll
0x00007ffad91d0000 - 0x00007ffad9222000 	C:\WINDOWS\system32\shlwapi.dll
0x00007ffad6140000 - 0x00007ffad614f000 	C:\WINDOWS\system32\kernel.appcore.dll
0x00007ffad6710000 - 0x00007ffad67c5000 	C:\WINDOWS\system32\shcore.dll
0x00007ffad60f0000 - 0x00007ffad613b000 	C:\WINDOWS\system32\powrprof.dll
0x00007ffad60d0000 - 0x00007ffad60e4000 	C:\WINDOWS\system32\profapi.dll

VM Arguments:
jvm_args: -Djava.awt.headless=true -Xmx1024M -Dfile.encoding=windows-1252 -Duser.country=GB -Duser.language=en -Duser.variant 
java_command: com.android.dx.command.Main --dex --force-jumbo --num-threads=4 --multi-dex --output C:\Users\Thomas\AndroidStudioProjects\MrWhemps\app\build\intermediates\transforms\dex\debug\folders\1000\10\com.google.android.gms-play-services-contextmanager-9.4.0_115baf49fdf7e59f878e1b86d61a1e573b2b4113 C:\Users\Thomas\AndroidStudioProjects\MrWhemps\app\build\intermediates\exploded-aar\com.google.android.gms\play-services-contextmanager\9.4.0\jars\classes.jar
java_class_path (initial): C:\Users\Thomas\AppData\Local\Android\sdk\build-tools\23.0.2\lib\dx.jar
Launcher Type: SUN_STANDARD

Environment Variables:
PATH=C:\Program Files (x86)\Intel\iCLS Client\;C:\Program Files\Intel\iCLS Client\;C:\Windows\system32;C:\Windows;C:\Windows\System32\Wbem;C:\Windows\System32\WindowsPowerShell\v1.0\;C:\Program Files (x86)\Intel\OpenCL SDK\2.0\bin\x86;C:\Program Files (x86)\Intel\OpenCL SDK\2.0\bin\x64;C:\Program Files\Intel\Intel(R) Management Engine Components\DAL;C:\Program Files\Intel\Intel(R) Management Engine Components\IPT;C:\Program Files (x86)\Intel\Intel(R) Management Engine Components\DAL;C:\Program Files (x86)\Intel\Intel(R) Management Engine Components\IPT;C:\Program Files (x86)\Windows Live\Shared;C:\Users\Thomas\AppData\Local\Smartbar\Application\;C:\WINDOWS\system32;C:\WINDOWS;C:\WINDOWS\System32\Wbem;C:\WINDOWS\System32\WindowsPowerShell\v1.0\;D:\Programs\bin;C:\Program Files\Microsoft SQL Server\110\Tools\Binn\;C:\Program Files\Microsoft SQL Server\120\Tools\Binn\;C:\Program Files\MiKTeX 2.9\miktex\bin\;C:\Program Files\MiKTeX 2.9\gs\gs8.71\bin\;C:\Program Files\Git\cmd;C:\Program Files (x86)\Skype\Phone\;C:\Program Files\Microsoft SQL Server\130\Tools\Binn\;C:\Program Files (x86)\Windows Kits\10\Windows Performance Toolkit\;C:\Program Files
USERNAME=Thomas
OS=Windows_NT
PROCESSOR_IDENTIFIER=Intel64 Family 6 Model 42 Stepping 7, GenuineIntel



---------------  S Y S T E M  ---------------

OS: Windows 10.0 , 64 bit Build 10586 (10.0.10586.589)

CPU:total 4 (2 cores per cpu, 2 threads per core) family 6 model 42 stepping 7, cmov, cx8, fxsr, mmx, sse, sse2, sse3, ssse3, sse4.1, sse4.2, popcnt, avx, clmul, ht, tsc, tscinvbit

Memory: 4k page, physical 4075172k(682888k free), swap 6565540k(7148k free)

vm_info: OpenJDK 64-Bit Server VM (25.76-b03) for windows-amd64 JRE (1.8.0_76-release-b03), built on Jun 29 2016 19:09:20 by "ralucas" with MS VC++ 10.0 (VS2010)

time: Sun Jan 15 17:36:38 2017
elapsed time: 3 seconds (0d 0h 0m 3s)

