#
# There is insufficient memory for the Java Runtime Environment to continue.
# Native memory allocation (malloc) failed to allocate 32744 bytes for ChunkPool::allocate
# Possible reasons:
#   The system is out of physical RAM or swap space
#   In 32 bit mode, the process size limit was hit
# Possible solutions:
#   Reduce memory load on the system
#   Increase physical memory or swap space
#   Check if swap backing store is full
#   Use 64 bit Java on a 64 bit OS
#   Decrease Java heap size (-Xmx/-Xms)
#   Decrease number of Java threads
#   Decrease Java thread stack sizes (-Xss)
#   Set larger code cache with -XX:ReservedCodeCacheSize=
# This output file may be truncated or incomplete.
#
#  Out of Memory Error (allocation.cpp:273), pid=6380, tid=0x00000000000023cc
#
# JRE version: OpenJDK Runtime Environment (8.0_76-b03) (build 1.8.0_76-release-b03)
# Java VM: OpenJDK 64-Bit Server VM (25.76-b03 mixed mode windows-amd64 compressed oops)
# Failed to write core dump. Minidumps are not enabled by default on client versions of Windows
#

---------------  T H R E A D  ---------------

Current thread (0x00000000165e8800):  JavaThread "C1 CompilerThread2" daemon [_thread_in_native, id=9164, stack(0x00000000169e0000,0x0000000016ae0000)]

Stack: [0x00000000169e0000,0x0000000016ae0000]
[error occurred during error reporting (printing stack bounds), id 0xc0000005]

Native frames: (J=compiled Java code, j=interpreted, Vv=VM code, C=native code)


Current CompileTask:
C1:   2479  621   !   3       com.android.dx.cf.code.BytecodeArray::parseInstruction (2764 bytes)


---------------  P R O C E S S  ---------------

Java Threads: ( => current thread )
  0x0000000016882800 JavaThread "pool-2-thread-4" [_thread_in_vm, id=3096, stack(0x00000000170e0000,0x00000000171e0000)]
  0x0000000016881800 JavaThread "pool-2-thread-3" [_thread_in_vm, id=4560, stack(0x0000000016fe0000,0x00000000170e0000)]
  0x00000000168a1000 JavaThread "pool-2-thread-2" [_thread_in_Java, id=14300, stack(0x0000000016ee0000,0x0000000016fe0000)]
  0x000000001689e800 JavaThread "pool-3-thread-1" [_thread_blocked, id=5992, stack(0x0000000016de0000,0x0000000016ee0000)]
  0x000000001689b000 JavaThread "pool-2-thread-1" [_thread_in_vm, id=11960, stack(0x0000000016ce0000,0x0000000016de0000)]
  0x00000000165ec800 JavaThread "Service Thread" daemon [_thread_blocked, id=11980, stack(0x0000000016ae0000,0x0000000016be0000)]
=>0x00000000165e8800 JavaThread "C1 CompilerThread2" daemon [_thread_in_native, id=9164, stack(0x00000000169e0000,0x0000000016ae0000)]
  0x0000000014d9a000 JavaThread "C2 CompilerThread1" daemon [_thread_in_native, id=5364, stack(0x00000000164e0000,0x00000000165e0000)]
  0x0000000014da8000 JavaThread "C2 CompilerThread0" daemon [_thread_in_native, id=6540, stack(0x00000000163e0000,0x00000000164e0000)]
  0x0000000014da7000 JavaThread "Attach Listener" daemon [_thread_blocked, id=10320, stack(0x00000000162e0000,0x00000000163e0000)]
  0x0000000014da5800 JavaThread "Signal Dispatcher" daemon [_thread_blocked, id=2568, stack(0x00000000161e0000,0x00000000162e0000)]
  0x0000000014d88800 JavaThread "Finalizer" daemon [_thread_blocked, id=11688, stack(0x0000000016000000,0x0000000016100000)]
  0x00000000026c1800 JavaThread "Reference Handler" daemon [_thread_blocked, id=7348, stack(0x0000000015f00000,0x0000000016000000)]
  0x00000000025cd800 JavaThread "main" [_thread_in_Java, id=10064, stack(0x0000000002460000,0x0000000002560000)]

Other Threads:
  0x0000000014d64800 VMThread [stack: 0x0000000015e00000,0x0000000015f00000] [id=13572]
  0x00000000165ee800 WatcherThread [stack: 0x0000000016be0000,0x0000000016ce0000] [id=3960]

VM state:not at safepoint (normal execution)

VM Mutex/Monitor currently owned by a thread: None

Heap:
 PSYoungGen      total 18944K, used 10170K [0x00000000eab00000, 0x00000000ec000000, 0x0000000100000000)
  eden space 16384K, 52% used [0x00000000eab00000,0x00000000eb370460,0x00000000ebb00000)
  from space 2560K, 59% used [0x00000000ebb00000,0x00000000ebc7e440,0x00000000ebd80000)
  to   space 2560K, 0% used [0x00000000ebd80000,0x00000000ebd80000,0x00000000ec000000)
 ParOldGen       total 44032K, used 0K [0x00000000c0000000, 0x00000000c2b00000, 0x00000000eab00000)
  object space 44032K, 0% used [0x00000000c0000000,0x00000000c0000000,0x00000000c2b00000)
 Metaspace       used 5582K, capacity 6576K, committed 6784K, reserved 1056768K
  class space    used 574K, capacity 616K, committed 640K, reserved 1048576K

Card table byte_map: [0x0000000011a90000,0x0000000011ca0000] byte_map_base: 0x0000000011490000

Marking Bits: (ParMarkBitMap*) 0x000000005c809d00
 Begin Bits: [0x0000000012200000, 0x0000000013200000)
 End Bits:   [0x0000000013200000, 0x0000000014200000)

Polling page: 0x0000000000cc0000

CodeCache: size=245760Kb used=2431Kb max_used=2442Kb free=243329Kb
 bounds [0x00000000026d0000, 0x0000000002940000, 0x00000000116d0000]
 total_blobs=909 nmethods=641 adapters=182
 compilation: enabled

Compilation events (10 events):
Event: 2.446 Thread 0x00000000165e8800 nmethod 630 0x000000000292dad0 code [0x000000000292dc20, 0x000000000292dd70]
Event: 2.446 Thread 0x00000000165e8800  636       3       java.util.BitSet::expandTo (23 bytes)
Event: 2.446 Thread 0x00000000165e8800 nmethod 636 0x000000000292ddd0 code [0x000000000292df40, 0x000000000292e128]
Event: 2.446 Thread 0x00000000165e8800  621   !   3       com.android.dx.cf.code.BytecodeArray::parseInstruction (2764 bytes)
Event: 2.447 Thread 0x0000000014d9a000  638       4       com.android.dx.util.Bits::set (19 bytes)
Event: 2.448 Thread 0x0000000014d9a000 nmethod 638 0x0000000002912a90 code [0x0000000002912bc0, 0x0000000002912c58]
Event: 2.452 Thread 0x0000000014da8000  640       4       java.util.AbstractList::<init> (10 bytes)
Event: 2.452 Thread 0x0000000014d9a000  641   !   4       com.android.dx.util.IntList::get (36 bytes)
Event: 2.453 Thread 0x0000000014da8000 nmethod 640 0x0000000002911090 code [0x00000000029111c0, 0x0000000002911218]
Event: 2.453 Thread 0x0000000014d9a000 nmethod 641 0x000000000292f690 code [0x000000000292f7c0, 0x000000000292f878]

GC Heap History (2 events):
Event: 2.004 GC heap before
{Heap before GC invocations=1 (full 0):
 PSYoungGen      total 18944K, used 16384K [0x00000000eab00000, 0x00000000ec000000, 0x0000000100000000)
  eden space 16384K, 100% used [0x00000000eab00000,0x00000000ebb00000,0x00000000ebb00000)
  from space 2560K, 0% used [0x00000000ebd80000,0x00000000ebd80000,0x00000000ec000000)
  to   space 2560K, 0% used [0x00000000ebb00000,0x00000000ebb00000,0x00000000ebd80000)
 ParOldGen       total 44032K, used 0K [0x00000000c0000000, 0x00000000c2b00000, 0x00000000eab00000)
  object space 44032K, 0% used [0x00000000c0000000,0x00000000c0000000,0x00000000c2b00000)
 Metaspace       used 3923K, capacity 5104K, committed 5376K, reserved 1056768K
  class space    used 425K, capacity 488K, committed 512K, reserved 1048576K
Event: 2.039 GC heap after
Heap after GC invocations=1 (full 0):
 PSYoungGen      total 18944K, used 1529K [0x00000000eab00000, 0x00000000ec000000, 0x0000000100000000)
  eden space 16384K, 0% used [0x00000000eab00000,0x00000000eab00000,0x00000000ebb00000)
  from space 2560K, 59% used [0x00000000ebb00000,0x00000000ebc7e440,0x00000000ebd80000)
  to   space 2560K, 0% used [0x00000000ebd80000,0x00000000ebd80000,0x00000000ec000000)
 ParOldGen       total 44032K, used 0K [0x00000000c0000000, 0x00000000c2b00000, 0x00000000eab00000)
  object space 44032K, 0% used [0x00000000c0000000,0x00000000c0000000,0x00000000c2b00000)
 Metaspace       used 3923K, capacity 5104K, committed 5376K, reserved 1056768K
  class space    used 425K, capacity 488K, committed 512K, reserved 1048576K
}

Deoptimization events (2 events):
Event: 1.242 Thread 0x00000000025cd800 Uncommon trap: reason=unstable_if action=reinterpret pc=0x000000000282b114 method=java.lang.String.compareTo(Ljava/lang/String;)I @ 38
Event: 2.456 Thread 0x0000000016881800 Uncommon trap: reason=unstable_if action=reinterpret pc=0x000000000291267c method=java.util.HashMap.getNode(ILjava/lang/Object;)Ljava/util/HashMap$Node; @ 62

Internal exceptions (2 events):
Event: 0.051 Thread 0x00000000025cd800 Exception <a 'java/lang/NoSuchMethodError': Method sun.misc.Unsafe.defineClass(Ljava/lang/String;[BII)Ljava/lang/Class; name or signature does not match> (0x00000000eab07cc0) thrown at [C:\src\android\AOSP-openjdk\external\jetbrains\jdk\hotspot\src\share\vcIRé<kª?
Event: 0.052 Thread 0x00000000025cd800 Exception <a 'java/lang/NoSuchMethodError': Method sun.misc.Unsafe.prefetchRead(Ljava/lang/Object;J)V name or signature does not match> (0x00000000eab07fa8) thrown at [C:\src\android\AOSP-openjdk\external\jetbrains\jdk\hotspot\src\share\vm\prims\jni.cpp, l

Events (10 events):
Event: 2.419 loading class com/android/dx/dex/file/AnnotationSetRefItem done
Event: 2.425 loading class java/util/TreeMap$EntrySet
Event: 2.425 loading class java/util/TreeMap$EntrySet done
Event: 2.425 loading class java/util/TreeMap$EntryIterator
Event: 2.425 loading class java/util/TreeMap$EntryIterator done
Event: 2.440 loading class com/android/dx/dex/file/MethodAnnotationStruct
Event: 2.440 loading class com/android/dx/dex/file/MethodAnnotationStruct done
Event: 2.456 Thread 0x0000000016881800 Uncommon trap: trap_request=0xffffff65 fr.pc=0x000000000291267c
Event: 2.456 Thread 0x0000000016881800 DEOPT PACKING pc=0x000000000291267c sp=0x00000000170de820
Event: 2.456 Thread 0x0000000016881800 DEOPT UNPACKING pc=0x000000000271556a sp=0x00000000170de798 mode 2


Dynamic libraries:
0x00007ff6c7d80000 - 0x00007ff6c7db1000 	C:\Program Files\Android\Android Studio\jre\bin\java.exe
0x00007ffd40960000 - 0x00007ffd40b21000 	C:\WINDOWS\SYSTEM32\ntdll.dll
0x00007ffd3e080000 - 0x00007ffd3e12d000 	C:\WINDOWS\system32\KERNEL32.DLL
0x00007ffd3dab0000 - 0x00007ffd3dc98000 	C:\WINDOWS\system32\KERNELBASE.dll
0x00007ffd40460000 - 0x00007ffd40507000 	C:\WINDOWS\system32\ADVAPI32.dll
0x00007ffd3e980000 - 0x00007ffd3ea1d000 	C:\WINDOWS\system32\msvcrt.dll
0x00007ffd3e8b0000 - 0x00007ffd3e90b000 	C:\WINDOWS\system32\sechost.dll
0x00007ffd3e130000 - 0x00007ffd3e24c000 	C:\WINDOWS\system32\RPCRT4.dll
0x00007ffd3df20000 - 0x00007ffd3e076000 	C:\WINDOWS\system32\USER32.dll
0x00007ffd3dd80000 - 0x00007ffd3df06000 	C:\WINDOWS\system32\GDI32.dll
0x00007ffd38ad0000 - 0x00007ffd38d44000 	C:\WINDOWS\WinSxS\amd64_microsoft.windows.common-controls_6595b64144ccf1df_6.0.10586.672_none_a2d6b3cea53ff843\COMCTL32.dll
0x00007ffd3e250000 - 0x00007ffd3e4cd000 	C:\WINDOWS\system32\combase.dll
0x00007ffd3d8b0000 - 0x00007ffd3d91a000 	C:\WINDOWS\system32\bcryptPrimitives.dll
0x00007ffd40510000 - 0x00007ffd4054b000 	C:\WINDOWS\system32\IMM32.DLL
0x000000005be90000 - 0x000000005bf62000 	C:\Program Files\Android\Android Studio\jre\jre\bin\msvcr100.dll
0x000000005c050000 - 0x000000005c884000 	C:\Program Files\Android\Android Studio\jre\jre\bin\server\jvm.dll
0x00007ffd3df10000 - 0x00007ffd3df18000 	C:\WINDOWS\system32\PSAPI.DLL
0x00007ffd32730000 - 0x00007ffd32739000 	C:\WINDOWS\SYSTEM32\WSOCK32.dll
0x00007ffd3e910000 - 0x00007ffd3e97b000 	C:\WINDOWS\system32\WS2_32.dll
0x00007ffd39a80000 - 0x00007ffd39aa3000 	C:\WINDOWS\SYSTEM32\WINMM.dll
0x00007ffd33a10000 - 0x00007ffd33a1a000 	C:\WINDOWS\SYSTEM32\VERSION.dll
0x00007ffd39a50000 - 0x00007ffd39a7c000 	C:\WINDOWS\SYSTEM32\WINMMBASE.dll
0x00007ffd3d920000 - 0x00007ffd3d963000 	C:\WINDOWS\system32\cfgmgr32.dll
0x00007ffd34130000 - 0x00007ffd3413f000 	C:\Program Files\Android\Android Studio\jre\jre\bin\verify.dll
0x00007ffd32f70000 - 0x00007ffd32f99000 	C:\Program Files\Android\Android Studio\jre\jre\bin\java.dll
0x00007ffd2ffd0000 - 0x00007ffd2ffe6000 	C:\Program Files\Android\Android Studio\jre\jre\bin\zip.dll
0x00007ffd3ef00000 - 0x00007ffd4045c000 	C:\WINDOWS\system32\SHELL32.dll
0x00007ffd3d090000 - 0x00007ffd3d6d5000 	C:\WINDOWS\system32\windows.storage.dll
0x00007ffd406d0000 - 0x00007ffd40722000 	C:\WINDOWS\system32\shlwapi.dll
0x00007ffd3d000000 - 0x00007ffd3d00f000 	C:\WINDOWS\system32\kernel.appcore.dll
0x00007ffd3dca0000 - 0x00007ffd3dd55000 	C:\WINDOWS\system32\shcore.dll
0x00007ffd3cfb0000 - 0x00007ffd3cffb000 	C:\WINDOWS\system32\powrprof.dll
0x00007ffd3cf90000 - 0x00007ffd3cfa4000 	C:\WINDOWS\system32\profapi.dll

VM Arguments:
jvm_args: -Djava.awt.headless=true -Xmx1024M -Dfile.encoding=windows-1252 -Duser.country=GB -Duser.language=en -Duser.variant 
java_command: com.android.dx.command.Main --dex --force-jumbo --num-threads=4 --multi-dex --output C:\Users\Thomas\AndroidStudioProjects\MrWhemps\app\build\intermediates\transforms\dex\debug\folders\1000\10\com.android.support-support-v4-23.4.0_3342e5d3ccd37400c4c8d36aadf003a6717e68e4 C:\Users\Thomas\AndroidStudioProjects\MrWhemps\app\build\intermediates\exploded-aar\com.android.support\support-v4\23.4.0\jars\classes.jar
java_class_path (initial): C:\Users\Thomas\AppData\Local\Android\sdk\build-tools\23.0.2\lib\dx.jar
Launcher Type: SUN_STANDARD

Environment Variables:
PATH=C:\Program Files (x86)\Intel\iCLS Client\;C:\Program Files\Intel\iCLS Client\;C:\Windows\system32;C:\Windows;C:\Windows\System32\Wbem;C:\Windows\System32\WindowsPowerShell\v1.0\;C:\Program Files (x86)\Intel\OpenCL SDK\2.0\bin\x86;C:\Program Files (x86)\Intel\OpenCL SDK\2.0\bin\x64;C:\Program Files\Intel\Intel(R) Management Engine Components\DAL;C:\Program Files\Intel\Intel(R) Management Engine Components\IPT;C:\Program Files (x86)\Intel\Intel(R) Management Engine Components\DAL;C:\Program Files (x86)\Intel\Intel(R) Management Engine Components\IPT;C:\Program Files (x86)\Windows Live\Shared;C:\Users\Thomas\AppData\Local\Smartbar\Application\;C:\WINDOWS\system32;C:\WINDOWS;C:\WINDOWS\System32\Wbem;C:\WINDOWS\System32\WindowsPowerShell\v1.0\;D:\Programs\bin;C:\Program Files\Microsoft SQL Server\110\Tools\Binn\;C:\Program Files\Microsoft SQL Server\120\Tools\Binn\;C:\Program Files\MiKTeX 2.9\miktex\bin\;C:\Program Files\MiKTeX 2.9\gs\gs8.71\bin\;C:\Program Files\Git\cmd;C:\Program Files (x86)\Skype\Phone\;C:\Program Files\Microsoft SQL Server\130\Tools\Binn\;C:\Program Files (x86)\Windows Kits\10\Windows Performance Toolkit\;C:\Program Files
USERNAME=Thomas
OS=Windows_NT
PROCESSOR_IDENTIFIER=Intel64 Family 6 Model 42 Stepping 7, GenuineIntel



---------------  S Y S T E M  ---------------

OS: Windows 10.0 , 64 bit Build 10586 (10.0.10586.589)

CPU:total 4 (2 cores per cpu, 2 threads per core) family 6 model 42 stepping 7, cmov, cx8, fxsr, mmx, sse, sse2, sse3, ssse3, sse4.1, sse4.2, popcnt, avx, clmul, ht, tsc, tscinvbit

Memory: 4k page, physical 4075172k(636892k free), swap 6565540k(5932k free)

vm_info: OpenJDK 64-Bit Server VM (25.76-b03) for windows-amd64 JRE (1.8.0_76-release-b03), built on Jun 29 2016 19:09:20 by "ralucas" with MS VC++ 10.0 (VS2010)

time: Sun Jan 22 13:01:57 2017
elapsed time: 2 seconds (0d 0h 0m 2s)

