#
# There is insufficient memory for the Java Runtime Environment to continue.
# Native memory allocation (malloc) failed to allocate 272016 bytes for Chunk::new
# Possible reasons:
#   The system is out of physical RAM or swap space
#   In 32 bit mode, the process size limit was hit
# Possible solutions:
#   Reduce memory load on the system
#   Increase physical memory or swap space
#   Check if swap backing store is full
#   Use 64 bit Java on a 64 bit OS
#   Decrease Java heap size (-Xmx/-Xms)
#   Decrease number of Java threads
#   Decrease Java thread stack sizes (-Xss)
#   Set larger code cache with -XX:ReservedCodeCacheSize=
# This output file may be truncated or incomplete.
#
#  Out of Memory Error (allocation.cpp:390), pid=13880, tid=0x00000000000016dc
#
# JRE version: OpenJDK Runtime Environment (8.0_76-b03) (build 1.8.0_76-release-b03)
# Java VM: OpenJDK 64-Bit Server VM (25.76-b03 mixed mode windows-amd64 compressed oops)
# Failed to write core dump. Minidumps are not enabled by default on client versions of Windows
#

---------------  T H R E A D  ---------------

Current thread (0x00000000151be800):  JavaThread "C2 CompilerThread1" daemon [_thread_in_native, id=5852, stack(0x00000000168f0000,0x00000000169f0000)]

Stack: [0x00000000168f0000,0x00000000169f0000]
[error occurred during error reporting (printing stack bounds), id 0xc0000005]

Native frames: (J=compiled Java code, j=interpreted, Vv=VM code, C=native code)


Current CompileTask:
C2:   2289 1094   !   4       com.android.dx.cf.code.BytecodeArray::parseInstruction (2764 bytes)


---------------  P R O C E S S  ---------------

Java Threads: ( => current thread )
  0x0000000016c84000 JavaThread "pool-2-thread-4" [_thread_in_Java, id=14240, stack(0x00000000174f0000,0x00000000175f0000)]
  0x0000000016c7e000 JavaThread "pool-2-thread-3" [_thread_in_Java, id=7740, stack(0x00000000173f0000,0x00000000174f0000)]
  0x0000000016c7d800 JavaThread "pool-2-thread-2" [_thread_in_Java, id=10876, stack(0x00000000172f0000,0x00000000173f0000)]
  0x0000000016c81000 JavaThread "pool-3-thread-1" [_thread_blocked, id=9316, stack(0x00000000171f0000,0x00000000172f0000)]
  0x0000000016c76800 JavaThread "pool-2-thread-1" [_thread_in_Java, id=6152, stack(0x00000000170f0000,0x00000000171f0000)]
  0x0000000016af3800 JavaThread "Service Thread" daemon [_thread_blocked, id=6588, stack(0x0000000016ef0000,0x0000000016ff0000)]
  0x0000000015218000 JavaThread "C1 CompilerThread2" daemon [_thread_blocked, id=2016, stack(0x00000000169f0000,0x0000000016af0000)]
=>0x00000000151be800 JavaThread "C2 CompilerThread1" daemon [_thread_in_native, id=5852, stack(0x00000000168f0000,0x00000000169f0000)]
  0x00000000151bb800 JavaThread "C2 CompilerThread0" daemon [_thread_in_native, id=8280, stack(0x00000000167f0000,0x00000000168f0000)]
  0x00000000151ba000 JavaThread "Attach Listener" daemon [_thread_blocked, id=11076, stack(0x00000000166f0000,0x00000000167f0000)]
  0x00000000151b9000 JavaThread "Signal Dispatcher" daemon [_thread_blocked, id=8456, stack(0x00000000165f0000,0x00000000166f0000)]
  0x00000000151a8800 JavaThread "Finalizer" daemon [_thread_blocked, id=8696, stack(0x0000000016410000,0x0000000016510000)]
  0x0000000002ae0800 JavaThread "Reference Handler" daemon [_thread_blocked, id=4228, stack(0x0000000016310000,0x0000000016410000)]
  0x00000000029ed800 JavaThread "main" [_thread_in_Java, id=11532, stack(0x0000000002850000,0x0000000002950000)]

Other Threads:
  0x0000000015185000 VMThread [stack: 0x0000000016210000,0x0000000016310000] [id=13248]
  0x0000000016af5800 WatcherThread [stack: 0x0000000016ff0000,0x00000000170f0000] [id=12780]

VM state:not at safepoint (normal execution)

VM Mutex/Monitor currently owned by a thread: None

Heap:
 PSYoungGen      total 18944K, used 10303K [0x00000000eab00000, 0x00000000ed000000, 0x0000000100000000)
  eden space 16384K, 47% used [0x00000000eab00000,0x00000000eb2954b8,0x00000000ebb00000)
  from space 2560K, 99% used [0x00000000ebb00000,0x00000000ebd7aaa8,0x00000000ebd80000)
  to   space 2560K, 0% used [0x00000000ecd80000,0x00000000ecd80000,0x00000000ed000000)
 ParOldGen       total 44032K, used 2502K [0x00000000c0000000, 0x00000000c2b00000, 0x00000000eab00000)
  object space 44032K, 5% used [0x00000000c0000000,0x00000000c0271860,0x00000000c2b00000)
 Metaspace       used 5807K, capacity 6832K, committed 7040K, reserved 1056768K
  class space    used 567K, capacity 616K, committed 640K, reserved 1048576K

Card table byte_map: [0x0000000011eb0000,0x00000000120c0000] byte_map_base: 0x00000000118b0000

Marking Bits: (ParMarkBitMap*) 0x000000005c809d00
 Begin Bits: [0x0000000012620000, 0x0000000013620000)
 End Bits:   [0x0000000013620000, 0x0000000014620000)

Polling page: 0x00000000027e0000

CodeCache: size=245760Kb used=4432Kb max_used=4432Kb free=241327Kb
 bounds [0x0000000002af0000, 0x0000000002f50000, 0x0000000011af0000]
 total_blobs=1409 nmethods=1142 adapters=181
 compilation: enabled

Compilation events (10 events):
Event: 2.154 Thread 0x0000000015218000 1143       3       com.android.dx.ssa.DeadCodeRemover::process (14 bytes)
Event: 2.155 Thread 0x0000000015218000 nmethod 1143 0x0000000002f452d0 code [0x0000000002f45440, 0x0000000002f45638]
Event: 2.155 Thread 0x0000000015218000 1144       3       com.android.dx.ssa.DeadCodeRemover::<init> (44 bytes)
Event: 2.155 Thread 0x0000000015218000 nmethod 1144 0x0000000002f45710 code [0x0000000002f458a0, 0x0000000002f45c98]
Event: 2.155 Thread 0x0000000015218000 1146       3       com.android.dx.rop.code.RopMethod::<init> (53 bytes)
Event: 2.155 Thread 0x0000000015218000 nmethod 1146 0x0000000002f45e10 code [0x0000000002f45fa0, 0x0000000002f46378]
Event: 2.155 Thread 0x0000000015218000 1136       3       java.util.TreeMap$Entry::<init> (25 bytes)
Event: 2.156 Thread 0x0000000015218000 nmethod 1136 0x0000000002f464d0 code [0x0000000002f46620, 0x0000000002f46810]
Event: 2.156 Thread 0x0000000015218000 1137       1       com.android.dx.cf.code.ByteCatchList$Item::getHandlerPc (5 bytes)
Event: 2.156 Thread 0x0000000015218000 nmethod 1137 0x0000000002f468d0 code [0x0000000002f46a20, 0x0000000002f46b30]

GC Heap History (2 events):
Event: 1.874 GC heap before
{Heap before GC invocations=1 (full 0):
 PSYoungGen      total 18944K, used 16384K [0x00000000eab00000, 0x00000000ec000000, 0x0000000100000000)
  eden space 16384K, 100% used [0x00000000eab00000,0x00000000ebb00000,0x00000000ebb00000)
  from space 2560K, 0% used [0x00000000ebd80000,0x00000000ebd80000,0x00000000ec000000)
  to   space 2560K, 0% used [0x00000000ebb00000,0x00000000ebb00000,0x00000000ebd80000)
 ParOldGen       total 44032K, used 762K [0x00000000c0000000, 0x00000000c2b00000, 0x00000000eab00000)
  object space 44032K, 1% used [0x00000000c0000000,0x00000000c00bea68,0x00000000c2b00000)
 Metaspace       used 5700K, capacity 6704K, committed 6784K, reserved 1056768K
  class space    used 566K, capacity 616K, committed 640K, reserved 1048576K
Event: 1.994 GC heap after
Heap after GC invocations=1 (full 0):
 PSYoungGen      total 18944K, used 2538K [0x00000000eab00000, 0x00000000ed000000, 0x0000000100000000)
  eden space 16384K, 0% used [0x00000000eab00000,0x00000000eab00000,0x00000000ebb00000)
  from space 2560K, 99% used [0x00000000ebb00000,0x00000000ebd7aaa8,0x00000000ebd80000)
  to   space 2560K, 0% used [0x00000000ecd80000,0x00000000ecd80000,0x00000000ed000000)
 ParOldGen       total 44032K, used 2502K [0x00000000c0000000, 0x00000000c2b00000, 0x00000000eab00000)
  object space 44032K, 5% used [0x00000000c0000000,0x00000000c0271860,0x00000000c2b00000)
 Metaspace       used 5700K, capacity 6704K, committed 6784K, reserved 1056768K
  class space    used 566K, capacity 616K, committed 640K, reserved 1048576K
}

Deoptimization events (6 events):
Event: 0.611 Thread 0x00000000029ed800 Uncommon trap: reason=unstable_if action=reinterpret pc=0x0000000002c29190 method=java.lang.String.indexOf(II)I @ 49
Event: 1.173 Thread 0x00000000029ed800 Uncommon trap: reason=unstable_if action=reinterpret pc=0x0000000002cf5d60 method=java.util.HashMap.getNode(ILjava/lang/Object;)Ljava/util/HashMap$Node; @ 62
Event: 1.189 Thread 0x0000000016c84000 Uncommon trap: reason=unstable_if action=reinterpret pc=0x0000000002d0fc30 method=java.util.BitSet.nextSetBit(I)I @ 87
Event: 1.395 Thread 0x00000000029ed800 Uncommon trap: reason=unstable_if action=reinterpret pc=0x0000000002d77724 method=java.util.HashMap.getNode(ILjava/lang/Object;)Ljava/util/HashMap$Node; @ 129
Event: 1.648 Thread 0x00000000029ed800 Uncommon trap: reason=unstable_if action=reinterpret pc=0x0000000002d0d75c method=java.lang.String.<init>([CII)V @ 18
Event: 2.098 Thread 0x00000000029ed800 Uncommon trap: reason=unstable_if action=reinterpret pc=0x0000000002e775b8 method=java.lang.String.<init>([CII)V @ 18

Internal exceptions (2 events):
Event: 0.108 Thread 0x00000000029ed800 Exception <a 'java/lang/NoSuchMethodError': Method sun.misc.Unsafe.defineClass(Ljava/lang/String;[BII)Ljava/lang/Class; name or signature does not match> (0x00000000eab07cc0) thrown at [C:\src\android\AOSP-openjdk\external\jetbrains\jdk\hotspot\src\share\vP°;µ¤µ»?
Event: 0.108 Thread 0x00000000029ed800 Exception <a 'java/lang/NoSuchMethodError': Method sun.misc.Unsafe.prefetchRead(Ljava/lang/Object;J)V name or signature does not match> (0x00000000eab07fa8) thrown at [C:\src\android\AOSP-openjdk\external\jetbrains\jdk\hotspot\src\share\vm\prims\jni.cpp, l

Events (10 events):
Event: 1.648 Thread 0x00000000029ed800 Uncommon trap: trap_request=0xffffff65 fr.pc=0x0000000002d0d75c
Event: 1.648 Thread 0x00000000029ed800 DEOPT PACKING pc=0x0000000002d0d75c sp=0x000000000294e420
Event: 1.648 Thread 0x00000000029ed800 DEOPT UNPACKING pc=0x0000000002b3556a sp=0x000000000294e3e8 mode 2
Event: 1.652 Executing VM operation: ParallelGCFailedAllocation
Event: 1.652 Executing VM operation: ParallelGCFailedAllocation done
Event: 1.873 Executing VM operation: ParallelGCSystemGC
Event: 1.994 Executing VM operation: ParallelGCSystemGC done
Event: 2.098 Thread 0x00000000029ed800 Uncommon trap: trap_request=0xffffff65 fr.pc=0x0000000002e775b8
Event: 2.098 Thread 0x00000000029ed800 DEOPT PACKING pc=0x0000000002e775b8 sp=0x000000000294e4e0
Event: 2.098 Thread 0x00000000029ed800 DEOPT UNPACKING pc=0x0000000002b3556a sp=0x000000000294e410 mode 2


Dynamic libraries:
0x00007ff6c7d80000 - 0x00007ff6c7db1000 	C:\Program Files\Android\Android Studio\jre\bin\java.exe
0x00007ffd40960000 - 0x00007ffd40b21000 	C:\WINDOWS\SYSTEM32\ntdll.dll
0x00007ffd3e080000 - 0x00007ffd3e12d000 	C:\WINDOWS\system32\KERNEL32.DLL
0x00007ffd3dab0000 - 0x00007ffd3dc98000 	C:\WINDOWS\system32\KERNELBASE.dll
0x00007ffd40460000 - 0x00007ffd40507000 	C:\WINDOWS\system32\ADVAPI32.dll
0x00007ffd3e980000 - 0x00007ffd3ea1d000 	C:\WINDOWS\system32\msvcrt.dll
0x00007ffd3e8b0000 - 0x00007ffd3e90b000 	C:\WINDOWS\system32\sechost.dll
0x00007ffd3e130000 - 0x00007ffd3e24c000 	C:\WINDOWS\system32\RPCRT4.dll
0x00007ffd3df20000 - 0x00007ffd3e076000 	C:\WINDOWS\system32\USER32.dll
0x00007ffd3dd80000 - 0x00007ffd3df06000 	C:\WINDOWS\system32\GDI32.dll
0x00007ffd38ad0000 - 0x00007ffd38d44000 	C:\WINDOWS\WinSxS\amd64_microsoft.windows.common-controls_6595b64144ccf1df_6.0.10586.672_none_a2d6b3cea53ff843\COMCTL32.dll
0x00007ffd3e250000 - 0x00007ffd3e4cd000 	C:\WINDOWS\system32\combase.dll
0x00007ffd3d8b0000 - 0x00007ffd3d91a000 	C:\WINDOWS\system32\bcryptPrimitives.dll
0x00007ffd40510000 - 0x00007ffd4054b000 	C:\WINDOWS\system32\IMM32.DLL
0x000000005be90000 - 0x000000005bf62000 	C:\Program Files\Android\Android Studio\jre\jre\bin\msvcr100.dll
0x000000005c050000 - 0x000000005c884000 	C:\Program Files\Android\Android Studio\jre\jre\bin\server\jvm.dll
0x00007ffd3df10000 - 0x00007ffd3df18000 	C:\WINDOWS\system32\PSAPI.DLL
0x00007ffd32730000 - 0x00007ffd32739000 	C:\WINDOWS\SYSTEM32\WSOCK32.dll
0x00007ffd3e910000 - 0x00007ffd3e97b000 	C:\WINDOWS\system32\WS2_32.dll
0x00007ffd39a80000 - 0x00007ffd39aa3000 	C:\WINDOWS\SYSTEM32\WINMM.dll
0x00007ffd33a10000 - 0x00007ffd33a1a000 	C:\WINDOWS\SYSTEM32\VERSION.dll
0x00007ffd39a50000 - 0x00007ffd39a7c000 	C:\WINDOWS\SYSTEM32\WINMMBASE.dll
0x00007ffd3d920000 - 0x00007ffd3d963000 	C:\WINDOWS\system32\cfgmgr32.dll
0x00007ffd34130000 - 0x00007ffd3413f000 	C:\Program Files\Android\Android Studio\jre\jre\bin\verify.dll
0x00007ffd32f70000 - 0x00007ffd32f99000 	C:\Program Files\Android\Android Studio\jre\jre\bin\java.dll
0x00007ffd2ffd0000 - 0x00007ffd2ffe6000 	C:\Program Files\Android\Android Studio\jre\jre\bin\zip.dll
0x00007ffd3ef00000 - 0x00007ffd4045c000 	C:\WINDOWS\system32\SHELL32.dll
0x00007ffd3d090000 - 0x00007ffd3d6d5000 	C:\WINDOWS\system32\windows.storage.dll
0x00007ffd406d0000 - 0x00007ffd40722000 	C:\WINDOWS\system32\shlwapi.dll
0x00007ffd3d000000 - 0x00007ffd3d00f000 	C:\WINDOWS\system32\kernel.appcore.dll
0x00007ffd3dca0000 - 0x00007ffd3dd55000 	C:\WINDOWS\system32\shcore.dll
0x00007ffd3cfb0000 - 0x00007ffd3cffb000 	C:\WINDOWS\system32\powrprof.dll
0x00007ffd3cf90000 - 0x00007ffd3cfa4000 	C:\WINDOWS\system32\profapi.dll

VM Arguments:
jvm_args: -Djava.awt.headless=true -Xmx1024M -Dfile.encoding=windows-1252 -Duser.country=GB -Duser.language=en -Duser.variant 
java_command: com.android.dx.command.Main --dex --force-jumbo --num-threads=4 --multi-dex --output C:\Users\Thomas\AndroidStudioProjects\MrWhemps\app\build\intermediates\transforms\dex\debug\folders\1000\10\com.google.firebase-firebase-config-9.4.0_5a40cedef06fe5ad464e494b42bd23b92ab2b773 C:\Users\Thomas\AndroidStudioProjects\MrWhemps\app\build\intermediates\exploded-aar\com.google.firebase\firebase-config\9.4.0\jars\classes.jar
java_class_path (initial): C:\Users\Thomas\AppData\Local\Android\sdk\build-tools\23.0.2\lib\dx.jar
Launcher Type: SUN_STANDARD

Environment Variables:
PATH=C:\Program Files (x86)\Intel\iCLS Client\;C:\Program Files\Intel\iCLS Client\;C:\Windows\system32;C:\Windows;C:\Windows\System32\Wbem;C:\Windows\System32\WindowsPowerShell\v1.0\;C:\Program Files (x86)\Intel\OpenCL SDK\2.0\bin\x86;C:\Program Files (x86)\Intel\OpenCL SDK\2.0\bin\x64;C:\Program Files\Intel\Intel(R) Management Engine Components\DAL;C:\Program Files\Intel\Intel(R) Management Engine Components\IPT;C:\Program Files (x86)\Intel\Intel(R) Management Engine Components\DAL;C:\Program Files (x86)\Intel\Intel(R) Management Engine Components\IPT;C:\Program Files (x86)\Windows Live\Shared;C:\Users\Thomas\AppData\Local\Smartbar\Application\;C:\WINDOWS\system32;C:\WINDOWS;C:\WINDOWS\System32\Wbem;C:\WINDOWS\System32\WindowsPowerShell\v1.0\;D:\Programs\bin;C:\Program Files\Microsoft SQL Server\110\Tools\Binn\;C:\Program Files\Microsoft SQL Server\120\Tools\Binn\;C:\Program Files\MiKTeX 2.9\miktex\bin\;C:\Program Files\MiKTeX 2.9\gs\gs8.71\bin\;C:\Program Files\Git\cmd;C:\Program Files (x86)\Skype\Phone\;C:\Program Files\Microsoft SQL Server\130\Tools\Binn\;C:\Program Files (x86)\Windows Kits\10\Windows Performance Toolkit\;C:\Program Files
USERNAME=Thomas
OS=Windows_NT
PROCESSOR_IDENTIFIER=Intel64 Family 6 Model 42 Stepping 7, GenuineIntel



---------------  S Y S T E M  ---------------

OS: Windows 10.0 , 64 bit Build 10586 (10.0.10586.589)

CPU:total 4 (2 cores per cpu, 2 threads per core) family 6 model 42 stepping 7, cmov, cx8, fxsr, mmx, sse, sse2, sse3, ssse3, sse4.1, sse4.2, popcnt, avx, clmul, ht, tsc, tscinvbit

Memory: 4k page, physical 4075172k(943476k free), swap 6565540k(5968k free)

vm_info: OpenJDK 64-Bit Server VM (25.76-b03) for windows-amd64 JRE (1.8.0_76-release-b03), built on Jun 29 2016 19:09:20 by "ralucas" with MS VC++ 10.0 (VS2010)

time: Sun Jan 22 13:01:32 2017
elapsed time: 2 seconds (0d 0h 0m 2s)

