#
# There is insufficient memory for the Java Runtime Environment to continue.
# Native memory allocation (malloc) failed to allocate 32744 bytes for ChunkPool::allocate
# Possible reasons:
#   The system is out of physical RAM or swap space
#   In 32 bit mode, the process size limit was hit
# Possible solutions:
#   Reduce memory load on the system
#   Increase physical memory or swap space
#   Check if swap backing store is full
#   Use 64 bit Java on a 64 bit OS
#   Decrease Java heap size (-Xmx/-Xms)
#   Decrease number of Java threads
#   Decrease Java thread stack sizes (-Xss)
#   Set larger code cache with -XX:ReservedCodeCacheSize=
# This output file may be truncated or incomplete.
#
#  Out of Memory Error (allocation.cpp:273), pid=13768, tid=0x0000000000003284
#
# JRE version: OpenJDK Runtime Environment (8.0_76-b03) (build 1.8.0_76-release-b03)
# Java VM: OpenJDK 64-Bit Server VM (25.76-b03 mixed mode windows-amd64 compressed oops)
# Failed to write core dump. Minidumps are not enabled by default on client versions of Windows
#

---------------  T H R E A D  ---------------

Current thread (0x000000001583b800):  JavaThread "C2 CompilerThread0" daemon [_thread_in_native, id=12932, stack(0x0000000016e70000,0x0000000016f70000)]

Stack: [0x0000000016e70000,0x0000000016f70000]
[error occurred during error reporting (printing stack bounds), id 0xc0000005]

Native frames: (J=compiled Java code, j=interpreted, Vv=VM code, C=native code)


Current CompileTask:
C2:  23126 2227 %     4       com.android.dx.ssa.PhiTypeResolver::run @ 116 (179 bytes)


---------------  P R O C E S S  ---------------

Java Threads: ( => current thread )
  0x000000001744b000 JavaThread "pool-1-thread-1" [_thread_new, id=15112, stack(0x0000000000000000,0x0000000000000000)]
  0x0000000017183800 JavaThread "Service Thread" daemon [_thread_blocked, id=15188, stack(0x0000000017570000,0x0000000017670000)]
  0x0000000015842000 JavaThread "C1 CompilerThread2" daemon [_thread_blocked, id=8204, stack(0x0000000017070000,0x0000000017170000)]
  0x000000001583e800 JavaThread "C2 CompilerThread1" daemon [_thread_in_native, id=14108, stack(0x0000000016f70000,0x0000000017070000)]
=>0x000000001583b800 JavaThread "C2 CompilerThread0" daemon [_thread_in_native, id=12932, stack(0x0000000016e70000,0x0000000016f70000)]
  0x000000001583a000 JavaThread "Attach Listener" daemon [_thread_blocked, id=8764, stack(0x0000000016d70000,0x0000000016e70000)]
  0x0000000015839000 JavaThread "Signal Dispatcher" daemon [_thread_blocked, id=4280, stack(0x0000000016c70000,0x0000000016d70000)]
  0x0000000015828800 JavaThread "Finalizer" daemon [_thread_blocked, id=7528, stack(0x0000000016a90000,0x0000000016b90000)]
  0x0000000003160800 JavaThread "Reference Handler" daemon [_thread_blocked, id=12104, stack(0x0000000016990000,0x0000000016a90000)]
  0x000000000306d800 JavaThread "main" [_thread_blocked, id=1344, stack(0x00000000016b0000,0x00000000017b0000)]

Other Threads:
  0x0000000015805000 VMThread [stack: 0x0000000016890000,0x0000000016990000] [id=13368]
  0x0000000017185800 WatcherThread [stack: 0x0000000017670000,0x0000000017770000] [id=7820]

VM state:not at safepoint (normal execution)

VM Mutex/Monitor currently owned by a thread: None

Heap:
 PSYoungGen      total 147456K, used 15860K [0x00000000eab00000, 0x00000000fe200000, 0x0000000100000000)
  eden space 125952K, 8% used [0x00000000eab00000,0x00000000eb60fba8,0x00000000f2600000)
  from space 21504K, 21% used [0x00000000f2600000,0x00000000f2a6d4b0,0x00000000f3b00000)
  to   space 33280K, 0% used [0x00000000fc180000,0x00000000fc180000,0x00000000fe200000)
 ParOldGen       total 45056K, used 44923K [0x00000000c0000000, 0x00000000c2c00000, 0x00000000eab00000)
  object space 45056K, 99% used [0x00000000c0000000,0x00000000c2bdef00,0x00000000c2c00000)
 Metaspace       used 6358K, capacity 7216K, committed 7296K, reserved 1056768K
  class space    used 580K, capacity 616K, committed 640K, reserved 1048576K

Card table byte_map: [0x0000000012530000,0x0000000012740000] byte_map_base: 0x0000000011f30000

Marking Bits: (ParMarkBitMap*) 0x00000000665d9d00
 Begin Bits: [0x0000000012ca0000, 0x0000000013ca0000)
 End Bits:   [0x0000000013ca0000, 0x0000000014ca0000)

Polling page: 0x0000000001440000

CodeCache: size=245760Kb used=9029Kb max_used=9029Kb free=236730Kb
 bounds [0x0000000003170000, 0x0000000003a50000, 0x0000000012170000]
 total_blobs=2312 nmethods=2044 adapters=181
 compilation: enabled

Compilation events (10 events):
Event: 22.819 Thread 0x0000000015842000 2241       3       com.android.dx.rop.cst.CstFloat::getType (4 bytes)
Event: 22.820 Thread 0x0000000015842000 nmethod 2241 0x0000000003a0a210 code [0x0000000003a0a360, 0x0000000003a0a4b0]
Event: 22.831 Thread 0x0000000015842000 2249   !   2       java.util.concurrent.locks.AbstractQueuedSynchronizer::doAcquireInterruptibly (97 bytes)
Event: 22.833 Thread 0x0000000015842000 nmethod 2249 0x0000000003a296d0 code [0x0000000003a298c0, 0x0000000003a29e98]
Event: 22.834 Thread 0x0000000015842000 2253       2       com.android.dx.cf.code.BytecodeArray::parseLookupswitch (175 bytes)
Event: 22.836 Thread 0x0000000015842000 nmethod 2253 0x0000000003a28350 code [0x0000000003a28580, 0x0000000003a28d28]
Event: 22.844 Thread 0x0000000015842000 2256       2       com.android.dx.rop.code.SwitchInsn::withNewRegisters (22 bytes)
Event: 22.845 Thread 0x0000000015842000 nmethod 2256 0x0000000003a27f10 code [0x0000000003a28080, 0x0000000003a28268]
Event: 22.853 Thread 0x0000000015842000 2259       2       com.android.dx.cf.direct.StdAttributeFactory::constantValue (94 bytes)
Event: 22.856 Thread 0x0000000015842000 nmethod 2259 0x0000000003a366d0 code [0x0000000003a369c0, 0x0000000003a37868]

GC Heap History (10 events):
Event: 6.095 GC heap before
{Heap before GC invocations=4 (full 0):
 PSYoungGen      total 35328K, used 35312K [0x00000000eab00000, 0x00000000ef000000, 0x0000000100000000)
  eden space 32768K, 100% used [0x00000000eab00000,0x00000000ecb00000,0x00000000ecb00000)
  from space 2560K, 99% used [0x00000000ecb00000,0x00000000ecd7c028,0x00000000ecd80000)
  to   space 2560K, 0% used [0x00000000eed80000,0x00000000eed80000,0x00000000ef000000)
 ParOldGen       total 44032K, used 7101K [0x00000000c0000000, 0x00000000c2b00000, 0x00000000eab00000)
  object space 44032K, 16% used [0x00000000c0000000,0x00000000c06ef4b0,0x00000000c2b00000)
 Metaspace       used 6175K, capacity 7088K, committed 7296K, reserved 1056768K
  class space    used 574K, capacity 616K, committed 640K, reserved 1048576K
Event: 6.165 GC heap after
Heap after GC invocations=4 (full 0):
 PSYoungGen      total 68096K, used 2528K [0x00000000eab00000, 0x00000000ef000000, 0x0000000100000000)
  eden space 65536K, 0% used [0x00000000eab00000,0x00000000eab00000,0x00000000eeb00000)
  from space 2560K, 98% used [0x00000000eed80000,0x00000000eeff8018,0x00000000ef000000)
  to   space 2560K, 0% used [0x00000000eeb00000,0x00000000eeb00000,0x00000000eed80000)
 ParOldGen       total 44032K, used 12820K [0x00000000c0000000, 0x00000000c2b00000, 0x00000000eab00000)
  object space 44032K, 29% used [0x00000000c0000000,0x00000000c0c85308,0x00000000c2b00000)
 Metaspace       used 6175K, capacity 7088K, committed 7296K, reserved 1056768K
  class space    used 574K, capacity 616K, committed 640K, reserved 1048576K
}
Event: 8.692 GC heap before
{Heap before GC invocations=5 (full 0):
 PSYoungGen      total 68096K, used 68064K [0x00000000eab00000, 0x00000000ef000000, 0x0000000100000000)
  eden space 65536K, 100% used [0x00000000eab00000,0x00000000eeb00000,0x00000000eeb00000)
  from space 2560K, 98% used [0x00000000eed80000,0x00000000eeff8018,0x00000000ef000000)
  to   space 2560K, 0% used [0x00000000eeb00000,0x00000000eeb00000,0x00000000eed80000)
 ParOldGen       total 44032K, used 12820K [0x00000000c0000000, 0x00000000c2b00000, 0x00000000eab00000)
  object space 44032K, 29% used [0x00000000c0000000,0x00000000c0c85308,0x00000000c2b00000)
 Metaspace       used 6287K, capacity 7152K, committed 7296K, reserved 1056768K
  class space    used 575K, capacity 616K, committed 640K, reserved 1048576K
Event: 9.316 GC heap after
Heap after GC invocations=5 (full 0):
 PSYoungGen      total 68096K, used 2535K [0x00000000eab00000, 0x00000000f4b00000, 0x0000000100000000)
  eden space 65536K, 0% used [0x00000000eab00000,0x00000000eab00000,0x00000000eeb00000)
  from space 2560K, 99% used [0x00000000eeb00000,0x00000000eed79f70,0x00000000eed80000)
  to   space 16384K, 0% used [0x00000000f3b00000,0x00000000f3b00000,0x00000000f4b00000)
 ParOldGen       total 44032K, used 26618K [0x00000000c0000000, 0x00000000c2b00000, 0x00000000eab00000)
  object space 44032K, 60% used [0x00000000c0000000,0x00000000c19fe868,0x00000000c2b00000)
 Metaspace       used 6287K, capacity 7152K, committed 7296K, reserved 1056768K
  class space    used 575K, capacity 616K, committed 640K, reserved 1048576K
}
Event: 12.475 GC heap before
{Heap before GC invocations=6 (full 0):
 PSYoungGen      total 68096K, used 68071K [0x00000000eab00000, 0x00000000f4b00000, 0x0000000100000000)
  eden space 65536K, 100% used [0x00000000eab00000,0x00000000eeb00000,0x00000000eeb00000)
  from space 2560K, 99% used [0x00000000eeb00000,0x00000000eed79f70,0x00000000eed80000)
  to   space 16384K, 0% used [0x00000000f3b00000,0x00000000f3b00000,0x00000000f4b00000)
 ParOldGen       total 44032K, used 26618K [0x00000000c0000000, 0x00000000c2b00000, 0x00000000eab00000)
  object space 44032K, 60% used [0x00000000c0000000,0x00000000c19fe868,0x00000000c2b00000)
 Metaspace       used 6306K, capacity 7152K, committed 7296K, reserved 1056768K
  class space    used 577K, capacity 616K, committed 640K, reserved 1048576K
Event: 12.968 GC heap after
Heap after GC invocations=6 (full 0):
 PSYoungGen      total 142336K, used 16382K [0x00000000eab00000, 0x00000000f5500000, 0x0000000100000000)
  eden space 125952K, 0% used [0x00000000eab00000,0x00000000eab00000,0x00000000f2600000)
  from space 16384K, 99% used [0x00000000f3b00000,0x00000000f4affa70,0x00000000f4b00000)
  to   space 21504K, 0% used [0x00000000f2600000,0x00000000f2600000,0x00000000f3b00000)
 ParOldGen       total 44032K, used 29598K [0x00000000c0000000, 0x00000000c2b00000, 0x00000000eab00000)
  object space 44032K, 67% used [0x00000000c0000000,0x00000000c1ce7b58,0x00000000c2b00000)
 Metaspace       used 6306K, capacity 7152K, committed 7296K, reserved 1056768K
  class space    used 577K, capacity 616K, committed 640K, reserved 1048576K
}
Event: 17.919 GC heap before
{Heap before GC invocations=7 (full 0):
 PSYoungGen      total 142336K, used 142334K [0x00000000eab00000, 0x00000000f5500000, 0x0000000100000000)
  eden space 125952K, 100% used [0x00000000eab00000,0x00000000f2600000,0x00000000f2600000)
  from space 16384K, 99% used [0x00000000f3b00000,0x00000000f4affa70,0x00000000f4b00000)
  to   space 21504K, 0% used [0x00000000f2600000,0x00000000f2600000,0x00000000f3b00000)
 ParOldGen       total 44032K, used 29598K [0x00000000c0000000, 0x00000000c2b00000, 0x00000000eab00000)
  object space 44032K, 67% used [0x00000000c0000000,0x00000000c1ce7b58,0x00000000c2b00000)
 Metaspace       used 6345K, capacity 7216K, committed 7296K, reserved 1056768K
  class space    used 578K, capacity 616K, committed 640K, reserved 1048576K
Event: 18.665 GC heap after
Heap after GC invocations=7 (full 0):
 PSYoungGen      total 147456K, used 21486K [0x00000000eab00000, 0x00000000fe200000, 0x0000000100000000)
  eden space 125952K, 0% used [0x00000000eab00000,0x00000000eab00000,0x00000000f2600000)
  from space 21504K, 99% used [0x00000000f2600000,0x00000000f3afbbb0,0x00000000f3b00000)
  to   space 33280K, 0% used [0x00000000fc180000,0x00000000fc180000,0x00000000fe200000)
 ParOldGen       total 45056K, used 44661K [0x00000000c0000000, 0x00000000c2c00000, 0x00000000eab00000)
  object space 45056K, 99% used [0x00000000c0000000,0x00000000c2b9d710,0x00000000c2c00000)
 Metaspace       used 6345K, capacity 7216K, committed 7296K, reserved 1056768K
  class space    used 578K, capacity 616K, committed 640K, reserved 1048576K
}
Event: 18.665 GC heap before
{Heap before GC invocations=8 (full 1):
 PSYoungGen      total 147456K, used 21486K [0x00000000eab00000, 0x00000000fe200000, 0x0000000100000000)
  eden space 125952K, 0% used [0x00000000eab00000,0x00000000eab00000,0x00000000f2600000)
  from space 21504K, 99% used [0x00000000f2600000,0x00000000f3afbbb0,0x00000000f3b00000)
  to   space 33280K, 0% used [0x00000000fc180000,0x00000000fc180000,0x00000000fe200000)
 ParOldGen       total 45056K, used 44661K [0x00000000c0000000, 0x00000000c2c00000, 0x00000000eab00000)
  object space 45056K, 99% used [0x00000000c0000000,0x00000000c2b9d710,0x00000000c2c00000)
 Metaspace       used 6345K, capacity 7216K, committed 7296K, reserved 1056768K
  class space    used 578K, capacity 616K, committed 640K, reserved 1048576K
Event: 22.785 GC heap after
Heap after GC invocations=8 (full 1):
 PSYoungGen      total 147456K, used 4533K [0x00000000eab00000, 0x00000000fe200000, 0x0000000100000000)
  eden space 125952K, 0% used [0x00000000eab00000,0x00000000eab00000,0x00000000f2600000)
  from space 21504K, 21% used [0x00000000f2600000,0x00000000f2a6d4b0,0x00000000f3b00000)
  to   space 33280K, 0% used [0x00000000fc180000,0x00000000fc180000,0x00000000fe200000)
 ParOldGen       total 45056K, used 44923K [0x00000000c0000000, 0x00000000c2c00000, 0x00000000eab00000)
  object space 45056K, 99% used [0x00000000c0000000,0x00000000c2bdef00,0x00000000c2c00000)
 Metaspace       used 6345K, capacity 7216K, committed 7296K, reserved 1056768K
  class space    used 578K, capacity 616K, committed 640K, reserved 1048576K
}

Deoptimization events (10 events):
Event: 9.967 Thread 0x00000000173f0800 Uncommon trap: reason=class_check action=maybe_recompile pc=0x00000000038bb7b4 method=com.android.dx.ssa.DomFront.calcDomFronts()V @ 101
Event: 10.319 Thread 0x00000000173f0800 Uncommon trap: reason=class_check action=maybe_recompile pc=0x00000000038e56d0 method=com.android.dx.ssa.SsaConverter.placePhiFunctions(Lcom/android/dx/ssa/SsaMethod;Lcom/android/dx/ssa/LocalVariableInfo;I)V @ 266
Event: 10.320 Thread 0x00000000173f0800 Uncommon trap: reason=class_check action=maybe_recompile pc=0x00000000038e56d0 method=com.android.dx.ssa.SsaConverter.placePhiFunctions(Lcom/android/dx/ssa/SsaMethod;Lcom/android/dx/ssa/LocalVariableInfo;I)V @ 266
Event: 10.321 Thread 0x00000000173f0800 Uncommon trap: reason=class_check action=maybe_recompile pc=0x00000000038e56d0 method=com.android.dx.ssa.SsaConverter.placePhiFunctions(Lcom/android/dx/ssa/SsaMethod;Lcom/android/dx/ssa/LocalVariableInfo;I)V @ 266
Event: 10.322 Thread 0x00000000173f0800 Uncommon trap: reason=class_check action=maybe_recompile pc=0x00000000038e56d0 method=com.android.dx.ssa.SsaConverter.placePhiFunctions(Lcom/android/dx/ssa/SsaMethod;Lcom/android/dx/ssa/LocalVariableInfo;I)V @ 266
Event: 14.404 Thread 0x00000000173f0800 Uncommon trap: reason=unstable_if action=reinterpret pc=0x000000000384d3d0 method=com.android.dx.dex.code.RopTranslator.pickOrder()V @ 164
Event: 14.410 Thread 0x0000000017447800 Uncommon trap: reason=bimorphic action=maybe_recompile pc=0x00000000036f2e90 method=com.android.dx.ssa.SCCP.simulatePhi(Lcom/android/dx/ssa/PhiInsn;)V @ 124
Event: 16.537 Thread 0x0000000017447800 Uncommon trap: reason=unstable_if action=reinterpret pc=0x0000000003909410 method=com.android.dx.cf.code.RopperMachine.run(Lcom/android/dx/cf/code/Frame;II)V @ 1500
Event: 17.176 Thread 0x000000000306d800 Uncommon trap: reason=unstable_if action=reinterpret pc=0x00000000035f14ec method=com.android.dx.util.IntList.binarysearch(I)I @ 105
Event: 17.257 Thread 0x000000000306d800 Uncommon trap: reason=unloaded action=reinterpret pc=0x0000000003858f14 method=com.android.dx.cf.cst.ConstantPoolParser.parse0(ILjava/util/BitSet;)Lcom/android/dx/rop/cst/Constant; @ 176

Internal exceptions (3 events):
Event: 0.281 Thread 0x000000000306d800 Exception <a 'java/lang/NoSuchMethodError': Method sun.misc.Unsafe.defineClass(Ljava/lang/String;[BII)Ljava/lang/Class; name or signature does not match> (0x00000000eab07cc0) thrown at [C:\src\android\AOSP-openjdk\external\jetbrains\jdk\hotspot\src\share\vÆlàùVûÑ?
Event: 0.281 Thread 0x000000000306d800 Exception <a 'java/lang/NoSuchMethodError': Method sun.misc.Unsafe.prefetchRead(Ljava/lang/Object;J)V name or signature does not match> (0x00000000eab07fa8) thrown at [C:\src\android\AOSP-openjdk\external\jetbrains\jdk\hotspot\src\share\vm\prims\jni.cpp, l(p à@
Event: 4.719 Thread 0x00000000173fb000 Implicit null exception at 0x0000000003466562 to 0x0000000003466652

Events (10 events):
Event: 22.859 loading class java/util/HashMap$KeyIterator
Event: 22.859 loading class java/util/HashMap$KeyIterator done
Event: 22.859 Thread 0x00000000173fb000 Thread exited: 0x00000000173fb000
Event: 22.859 Thread 0x0000000017447800 Thread exited: 0x0000000017447800
Event: 22.860 Thread 0x00000000173f0800 Thread exited: 0x00000000173f0800
Event: 22.860 Thread 0x00000000173fc000 Thread exited: 0x00000000173fc000
Event: 22.860 Thread 0x000000001744b000 Thread exited: 0x000000001744b000
Event: 22.860 loading class com/android/dx/command/dexer/Main$DexWriter
Event: 22.860 loading class com/android/dx/command/dexer/Main$DexWriter done
Event: 22.861 Thread 0x000000001744b000 Thread added: 0x000000001744b000


Dynamic libraries:
0x00007ff6d2bb0000 - 0x00007ff6d2be1000 	C:\Program Files\Android\Android Studio\jre\bin\java.exe
0x00007ffad9aa0000 - 0x00007ffad9c61000 	C:\WINDOWS\SYSTEM32\ntdll.dll
0x00007ffad7000000 - 0x00007ffad70ad000 	C:\WINDOWS\system32\KERNEL32.DLL
0x00007ffad6520000 - 0x00007ffad6708000 	C:\WINDOWS\system32\KERNELBASE.dll
0x00007ffad9430000 - 0x00007ffad94d7000 	C:\WINDOWS\system32\ADVAPI32.dll
0x00007ffad9130000 - 0x00007ffad91cd000 	C:\WINDOWS\system32\msvcrt.dll
0x00007ffad90d0000 - 0x00007ffad912b000 	C:\WINDOWS\system32\sechost.dll
0x00007ffad98b0000 - 0x00007ffad99cc000 	C:\WINDOWS\system32\RPCRT4.dll
0x00007ffad8ba0000 - 0x00007ffad8cf6000 	C:\WINDOWS\system32\USER32.dll
0x00007ffad92a0000 - 0x00007ffad9426000 	C:\WINDOWS\system32\GDI32.dll
0x00007ffacf3a0000 - 0x00007ffacf614000 	C:\WINDOWS\WinSxS\amd64_microsoft.windows.common-controls_6595b64144ccf1df_6.0.10586.672_none_a2d6b3cea53ff843\COMCTL32.dll
0x00007ffad9520000 - 0x00007ffad979d000 	C:\WINDOWS\system32\combase.dll
0x00007ffad63d0000 - 0x00007ffad643a000 	C:\WINDOWS\system32\bcryptPrimitives.dll
0x00007ffad94e0000 - 0x00007ffad951b000 	C:\WINDOWS\system32\IMM32.DLL
0x0000000065d40000 - 0x0000000065e12000 	C:\Program Files\Android\Android Studio\jre\jre\bin\msvcr100.dll
0x0000000065e20000 - 0x0000000066654000 	C:\Program Files\Android\Android Studio\jre\jre\bin\server\jvm.dll
0x00007ffad90b0000 - 0x00007ffad90b8000 	C:\WINDOWS\system32\PSAPI.DLL
0x00007ffad2d40000 - 0x00007ffad2d49000 	C:\WINDOWS\SYSTEM32\WSOCK32.dll
0x00007ffad9040000 - 0x00007ffad90ab000 	C:\WINDOWS\system32\WS2_32.dll
0x00007ffad34f0000 - 0x00007ffad3513000 	C:\WINDOWS\SYSTEM32\WINMM.dll
0x00007ffacd380000 - 0x00007ffacd38a000 	C:\WINDOWS\SYSTEM32\VERSION.dll
0x00007ffad3490000 - 0x00007ffad34bc000 	C:\WINDOWS\SYSTEM32\WINMMBASE.dll
0x00007ffad6440000 - 0x00007ffad6483000 	C:\WINDOWS\system32\cfgmgr32.dll
0x00007ffacf080000 - 0x00007ffacf08f000 	C:\Program Files\Android\Android Studio\jre\jre\bin\verify.dll
0x00007ffaca960000 - 0x00007ffaca989000 	C:\Program Files\Android\Android Studio\jre\jre\bin\java.dll
0x00007ffacefe0000 - 0x00007ffaceff6000 	C:\Program Files\Android\Android Studio\jre\jre\bin\zip.dll
0x00007ffad74f0000 - 0x00007ffad8a4c000 	C:\WINDOWS\system32\SHELL32.dll
0x00007ffad67d0000 - 0x00007ffad6e15000 	C:\WINDOWS\system32\windows.storage.dll
0x00007ffad91d0000 - 0x00007ffad9222000 	C:\WINDOWS\system32\shlwapi.dll
0x00007ffad6140000 - 0x00007ffad614f000 	C:\WINDOWS\system32\kernel.appcore.dll
0x00007ffad6710000 - 0x00007ffad67c5000 	C:\WINDOWS\system32\shcore.dll
0x00007ffad60f0000 - 0x00007ffad613b000 	C:\WINDOWS\system32\powrprof.dll
0x00007ffad60d0000 - 0x00007ffad60e4000 	C:\WINDOWS\system32\profapi.dll

VM Arguments:
jvm_args: -Djava.awt.headless=true -Xmx1024M -Dfile.encoding=windows-1252 -Duser.country=GB -Duser.language=en -Duser.variant 
java_command: com.android.dx.command.Main --dex --force-jumbo --num-threads=4 --multi-dex --output C:\Users\Thomas\AndroidStudioProjects\MrWhemps\app\build\intermediates\transforms\dex\debug\folders\1000\10\com.google.android.gms-play-services-games-9.4.0_61e697869d747ae5c6f9c44d0253ed334c72f86c C:\Users\Thomas\AndroidStudioProjects\MrWhemps\app\build\intermediates\exploded-aar\com.google.android.gms\play-services-games\9.4.0\jars\classes.jar
java_class_path (initial): C:\Users\Thomas\AppData\Local\Android\sdk\build-tools\23.0.2\lib\dx.jar
Launcher Type: SUN_STANDARD

Environment Variables:
PATH=C:\Program Files (x86)\Intel\iCLS Client\;C:\Program Files\Intel\iCLS Client\;C:\Windows\system32;C:\Windows;C:\Windows\System32\Wbem;C:\Windows\System32\WindowsPowerShell\v1.0\;C:\Program Files (x86)\Intel\OpenCL SDK\2.0\bin\x86;C:\Program Files (x86)\Intel\OpenCL SDK\2.0\bin\x64;C:\Program Files\Intel\Intel(R) Management Engine Components\DAL;C:\Program Files\Intel\Intel(R) Management Engine Components\IPT;C:\Program Files (x86)\Intel\Intel(R) Management Engine Components\DAL;C:\Program Files (x86)\Intel\Intel(R) Management Engine Components\IPT;C:\Program Files (x86)\Windows Live\Shared;C:\Users\Thomas\AppData\Local\Smartbar\Application\;C:\WINDOWS\system32;C:\WINDOWS;C:\WINDOWS\System32\Wbem;C:\WINDOWS\System32\WindowsPowerShell\v1.0\;D:\Programs\bin;C:\Program Files\Microsoft SQL Server\110\Tools\Binn\;C:\Program Files\Microsoft SQL Server\120\Tools\Binn\;C:\Program Files\MiKTeX 2.9\miktex\bin\;C:\Program Files\MiKTeX 2.9\gs\gs8.71\bin\;C:\Program Files\Git\cmd;C:\Program Files (x86)\Skype\Phone\;C:\Program Files\Microsoft SQL Server\130\Tools\Binn\;C:\Program Files (x86)\Windows Kits\10\Windows Performance Toolkit\;C:\Program Files
USERNAME=Thomas
OS=Windows_NT
PROCESSOR_IDENTIFIER=Intel64 Family 6 Model 42 Stepping 7, GenuineIntel



---------------  S Y S T E M  ---------------

OS: Windows 10.0 , 64 bit Build 10586 (10.0.10586.589)

CPU:total 4 (2 cores per cpu, 2 threads per core) family 6 model 42 stepping 7, cmov, cx8, fxsr, mmx, sse, sse2, sse3, ssse3, sse4.1, sse4.2, popcnt, avx, clmul, ht, tsc, tscinvbit

Memory: 4k page, physical 4075172k(256080k free), swap 6565540k(5412k free)

vm_info: OpenJDK 64-Bit Server VM (25.76-b03) for windows-amd64 JRE (1.8.0_76-release-b03), built on Jun 29 2016 19:09:20 by "ralucas" with MS VC++ 10.0 (VS2010)

time: Sun Jan 15 16:07:04 2017
elapsed time: 23 seconds (0d 0h 0m 23s)

