#
# There is insufficient memory for the Java Runtime Environment to continue.
# Native memory allocation (malloc) failed to allocate 529296 bytes for Chunk::new
# Possible reasons:
#   The system is out of physical RAM or swap space
#   In 32 bit mode, the process size limit was hit
# Possible solutions:
#   Reduce memory load on the system
#   Increase physical memory or swap space
#   Check if swap backing store is full
#   Use 64 bit Java on a 64 bit OS
#   Decrease Java heap size (-Xmx/-Xms)
#   Decrease number of Java threads
#   Decrease Java thread stack sizes (-Xss)
#   Set larger code cache with -XX:ReservedCodeCacheSize=
# This output file may be truncated or incomplete.
#
#  Out of Memory Error (allocation.cpp:390), pid=10684, tid=0x0000000000001b3c
#
# JRE version: OpenJDK Runtime Environment (8.0_76-b03) (build 1.8.0_76-release-b03)
# Java VM: OpenJDK 64-Bit Server VM (25.76-b03 mixed mode windows-amd64 compressed oops)
# Failed to write core dump. Minidumps are not enabled by default on client versions of Windows
#

---------------  T H R E A D  ---------------

Current thread (0x0000000015170000):  JavaThread "C2 CompilerThread1" daemon [_thread_in_native, id=6972, stack(0x0000000016850000,0x0000000016950000)]

Stack: [0x0000000016850000,0x0000000016950000]
[error occurred during error reporting (printing stack bounds), id 0xc0000005]

Native frames: (J=compiled Java code, j=interpreted, Vv=VM code, C=native code)


Current CompileTask:
C2:   3827 1201   !   4       com.android.dx.cf.code.BytecodeArray::parseInstruction (2764 bytes)


---------------  P R O C E S S  ---------------

Java Threads: ( => current thread )
  0x0000000016ccf000 JavaThread "pool-2-thread-4" [_thread_in_Java, id=14396, stack(0x0000000017450000,0x0000000017550000)]
  0x0000000016cce800 JavaThread "pool-2-thread-3" [_thread_in_Java, id=4408, stack(0x0000000017350000,0x0000000017450000)]
  0x0000000016ccd800 JavaThread "pool-2-thread-2" [_thread_in_vm, id=1980, stack(0x0000000017250000,0x0000000017350000)]
  0x0000000016cc6800 JavaThread "pool-3-thread-1" [_thread_blocked, id=13548, stack(0x0000000017150000,0x0000000017250000)]
  0x0000000016cc3000 JavaThread "pool-2-thread-1" [_thread_in_Java, id=9176, stack(0x0000000017050000,0x0000000017150000)]
  0x0000000016a54800 JavaThread "Service Thread" daemon [_thread_blocked, id=7336, stack(0x0000000016e50000,0x0000000016f50000)]
  0x000000001517b800 JavaThread "C1 CompilerThread2" daemon [_thread_in_vm, id=12700, stack(0x0000000016950000,0x0000000016a50000)]
=>0x0000000015170000 JavaThread "C2 CompilerThread1" daemon [_thread_in_native, id=6972, stack(0x0000000016850000,0x0000000016950000)]
  0x000000001511b800 JavaThread "C2 CompilerThread0" daemon [_thread_in_native, id=9452, stack(0x0000000016750000,0x0000000016850000)]
  0x000000001511a000 JavaThread "Attach Listener" daemon [_thread_blocked, id=9568, stack(0x0000000016650000,0x0000000016750000)]
  0x0000000015119000 JavaThread "Signal Dispatcher" daemon [_thread_blocked, id=9420, stack(0x0000000016550000,0x0000000016650000)]
  0x0000000015108800 JavaThread "Finalizer" daemon [_thread_blocked, id=7016, stack(0x0000000016370000,0x0000000016470000)]
  0x0000000002a40800 JavaThread "Reference Handler" daemon [_thread_blocked, id=9856, stack(0x0000000016270000,0x0000000016370000)]
  0x000000000294d800 JavaThread "main" [_thread_in_Java, id=7072, stack(0x0000000002790000,0x0000000002890000)]

Other Threads:
  0x00000000150e5000 VMThread [stack: 0x0000000016170000,0x0000000016270000] [id=3320]
  0x0000000016a56800 WatcherThread [stack: 0x0000000016f50000,0x0000000017050000] [id=7056]

VM state:not at safepoint (normal execution)

VM Mutex/Monitor currently owned by a thread: None

Heap:
 PSYoungGen      total 18944K, used 14447K [0x00000000eab00000, 0x00000000ec000000, 0x0000000100000000)
  eden space 16384K, 72% used [0x00000000eab00000,0x00000000eb69e000,0x00000000ebb00000)
  from space 2560K, 99% used [0x00000000ebb00000,0x00000000ebd7dc98,0x00000000ebd80000)
  to   space 2560K, 0% used [0x00000000ebd80000,0x00000000ebd80000,0x00000000ec000000)
 ParOldGen       total 44032K, used 1708K [0x00000000c0000000, 0x00000000c2b00000, 0x00000000eab00000)
  object space 44032K, 3% used [0x00000000c0000000,0x00000000c01ab050,0x00000000c2b00000)
 Metaspace       used 5993K, capacity 6960K, committed 7040K, reserved 1056768K
  class space    used 570K, capacity 616K, committed 640K, reserved 1048576K

Card table byte_map: [0x0000000011e10000,0x0000000012020000] byte_map_base: 0x0000000011810000

Marking Bits: (ParMarkBitMap*) 0x00000000665d9d00
 Begin Bits: [0x0000000012580000, 0x0000000013580000)
 End Bits:   [0x0000000013580000, 0x0000000014580000)

Polling page: 0x00000000026a0000

CodeCache: size=245760Kb used=5114Kb max_used=5114Kb free=240645Kb
 bounds [0x0000000002a50000, 0x0000000002f60000, 0x0000000011a50000]
 total_blobs=1520 nmethods=1253 adapters=181
 compilation: enabled

Compilation events (10 events):
Event: 3.820 Thread 0x000000001517b800 nmethod 1248 0x0000000002f4bdd0 code [0x0000000002f4bfa0, 0x0000000002f4c618]
Event: 3.820 Thread 0x000000001517b800 1249       3       com.android.dx.ssa.back.FirstFitLocalCombiningAllocator::handleLocalAssociatedOther (151 bytes)
Event: 3.822 Thread 0x000000001517b800 nmethod 1249 0x0000000002f4c950 code [0x0000000002f4cbe0, 0x0000000002f4dc98]
Event: 3.822 Thread 0x000000001517b800 1250       3       com.android.dx.ssa.back.FirstFitLocalCombiningAllocator::handlePhiInsns (36 bytes)
Event: 3.823 Thread 0x000000001517b800 nmethod 1250 0x0000000002f4e690 code [0x0000000002f4e860, 0x0000000002f4eed8]
Event: 3.823 Thread 0x000000001517b800 1251       3       com.android.dx.ssa.SsaMethod::setBackMode (16 bytes)
Event: 3.823 Thread 0x000000001517b800 nmethod 1251 0x0000000002f4f210 code [0x0000000002f4f360, 0x0000000002f4f4f0]
Event: 3.823 Thread 0x000000001517b800 1252       3       com.android.dx.ssa.back.SsaToRop::moveParametersToHighRegisters (88 bytes)
Event: 3.824 Thread 0x000000001517b800 nmethod 1252 0x0000000002f4f590 code [0x0000000002f4f760, 0x0000000002f50038]
Event: 3.824 Thread 0x000000001517b800 1253       3       com.android.dx.ssa.back.SsaToRop::removeEmptyGotos (26 bytes)

GC Heap History (2 events):
Event: 3.230 GC heap before
{Heap before GC invocations=1 (full 0):
 PSYoungGen      total 18944K, used 16384K [0x00000000eab00000, 0x00000000ec000000, 0x0000000100000000)
  eden space 16384K, 100% used [0x00000000eab00000,0x00000000ebb00000,0x00000000ebb00000)
  from space 2560K, 0% used [0x00000000ebd80000,0x00000000ebd80000,0x00000000ec000000)
  to   space 2560K, 0% used [0x00000000ebb00000,0x00000000ebb00000,0x00000000ebd80000)
 ParOldGen       total 44032K, used 0K [0x00000000c0000000, 0x00000000c2b00000, 0x00000000eab00000)
  object space 44032K, 0% used [0x00000000c0000000,0x00000000c0000000,0x00000000c2b00000)
 Metaspace       used 5749K, capacity 6704K, committed 6784K, reserved 1056768K
  class space    used 570K, capacity 616K, committed 640K, reserved 1048576K
Event: 3.243 GC heap after
Heap after GC invocations=1 (full 0):
 PSYoungGen      total 18944K, used 2551K [0x00000000eab00000, 0x00000000ec000000, 0x0000000100000000)
  eden space 16384K, 0% used [0x00000000eab00000,0x00000000eab00000,0x00000000ebb00000)
  from space 2560K, 99% used [0x00000000ebb00000,0x00000000ebd7dc98,0x00000000ebd80000)
  to   space 2560K, 0% used [0x00000000ebd80000,0x00000000ebd80000,0x00000000ec000000)
 ParOldGen       total 44032K, used 1708K [0x00000000c0000000, 0x00000000c2b00000, 0x00000000eab00000)
  object space 44032K, 3% used [0x00000000c0000000,0x00000000c01ab050,0x00000000c2b00000)
 Metaspace       used 5749K, capacity 6704K, committed 6784K, reserved 1056768K
  class space    used 570K, capacity 616K, committed 640K, reserved 1048576K
}

Deoptimization events (5 events):
Event: 3.013 Thread 0x0000000016ccd800 Uncommon trap: reason=unstable_if action=reinterpret pc=0x0000000002c6ec60 method=java.util.HashMap.getNode(ILjava/lang/Object;)Ljava/util/HashMap$Node; @ 62
Event: 3.174 Thread 0x000000000294d800 Uncommon trap: reason=unstable_if action=reinterpret pc=0x0000000002dc3b88 method=java.lang.String.<init>([CII)V @ 18
Event: 3.192 Thread 0x0000000016ccf000 Uncommon trap: reason=unstable_if action=reinterpret pc=0x0000000002dc6b48 method=com.android.dx.rop.code.RegisterSpec.equals(ILcom/android/dx/rop/type/TypeBearer;Lcom/android/dx/rop/code/LocalItem;)Z @ 16
Event: 3.192 Thread 0x0000000016ccf000 Uncommon trap: reason=unstable_if action=reinterpret pc=0x0000000002d89598 method=com.android.dx.rop.code.RegisterSpec.equals(ILcom/android/dx/rop/type/TypeBearer;Lcom/android/dx/rop/code/LocalItem;)Z @ 16
Event: 3.202 Thread 0x0000000016cce800 Uncommon trap: reason=unstable_if action=reinterpret pc=0x0000000002ccba70 method=java.util.BitSet.nextSetBit(I)I @ 87

Internal exceptions (2 events):
Event: 0.163 Thread 0x000000000294d800 Exception <a 'java/lang/NoSuchMethodError': Method sun.misc.Unsafe.defineClass(Ljava/lang/String;[BII)Ljava/lang/Class; name or signature does not match> (0x00000000eab07cc0) thrown at [C:\src\android\AOSP-openjdk\external\jetbrains\jdk\hotspot\src\share\v„¥\ÄÓÄ?
Event: 0.163 Thread 0x000000000294d800 Exception <a 'java/lang/NoSuchMethodError': Method sun.misc.Unsafe.prefetchRead(Ljava/lang/Object;J)V name or signature does not match> (0x00000000eab07fa8) thrown at [C:\src\android\AOSP-openjdk\external\jetbrains\jdk\hotspot\src\share\vm\prims\jni.cpp, l

Events (10 events):
Event: 3.192 Thread 0x0000000016ccf000 DEOPT PACKING pc=0x0000000002dc6b48 sp=0x000000001754eb10
Event: 3.192 Thread 0x0000000016ccf000 DEOPT UNPACKING pc=0x0000000002a9556a sp=0x000000001754e898 mode 2
Event: 3.192 Thread 0x0000000016ccf000 Uncommon trap: trap_request=0xffffff65 fr.pc=0x0000000002d89598
Event: 3.192 Thread 0x0000000016ccf000 DEOPT PACKING pc=0x0000000002d89598 sp=0x000000001754e920
Event: 3.192 Thread 0x0000000016ccf000 DEOPT UNPACKING pc=0x0000000002a9556a sp=0x000000001754e8b8 mode 2
Event: 3.202 Thread 0x0000000016cce800 Uncommon trap: trap_request=0xffffff65 fr.pc=0x0000000002ccba70
Event: 3.202 Thread 0x0000000016cce800 DEOPT PACKING pc=0x0000000002ccba70 sp=0x000000001744ecf0
Event: 3.202 Thread 0x0000000016cce800 DEOPT UNPACKING pc=0x0000000002a9556a sp=0x000000001744ec88 mode 2
Event: 3.214 Executing VM operation: ParallelGCFailedAllocation
Event: 3.244 Executing VM operation: ParallelGCFailedAllocation done


Dynamic libraries:
0x00007ff7a0c80000 - 0x00007ff7a0cb1000 	C:\Program Files\Android\Android Studio\jre\bin\java.exe
0x00007ffad9aa0000 - 0x00007ffad9c61000 	C:\WINDOWS\SYSTEM32\ntdll.dll
0x00007ffad7000000 - 0x00007ffad70ad000 	C:\WINDOWS\system32\KERNEL32.DLL
0x00007ffad6520000 - 0x00007ffad6708000 	C:\WINDOWS\system32\KERNELBASE.dll
0x00007ffad9430000 - 0x00007ffad94d7000 	C:\WINDOWS\system32\ADVAPI32.dll
0x00007ffad9130000 - 0x00007ffad91cd000 	C:\WINDOWS\system32\msvcrt.dll
0x00007ffad90d0000 - 0x00007ffad912b000 	C:\WINDOWS\system32\sechost.dll
0x00007ffad98b0000 - 0x00007ffad99cc000 	C:\WINDOWS\system32\RPCRT4.dll
0x00007ffad8ba0000 - 0x00007ffad8cf6000 	C:\WINDOWS\system32\USER32.dll
0x00007ffad92a0000 - 0x00007ffad9426000 	C:\WINDOWS\system32\GDI32.dll
0x00007ffacf3a0000 - 0x00007ffacf614000 	C:\WINDOWS\WinSxS\amd64_microsoft.windows.common-controls_6595b64144ccf1df_6.0.10586.672_none_a2d6b3cea53ff843\COMCTL32.dll
0x00007ffad9520000 - 0x00007ffad979d000 	C:\WINDOWS\system32\combase.dll
0x00007ffad63d0000 - 0x00007ffad643a000 	C:\WINDOWS\system32\bcryptPrimitives.dll
0x00007ffad94e0000 - 0x00007ffad951b000 	C:\WINDOWS\system32\IMM32.DLL
0x0000000064c50000 - 0x0000000064d22000 	C:\Program Files\Android\Android Studio\jre\jre\bin\msvcr100.dll
0x0000000065e20000 - 0x0000000066654000 	C:\Program Files\Android\Android Studio\jre\jre\bin\server\jvm.dll
0x00007ffad90b0000 - 0x00007ffad90b8000 	C:\WINDOWS\system32\PSAPI.DLL
0x00007ffad2d40000 - 0x00007ffad2d49000 	C:\WINDOWS\SYSTEM32\WSOCK32.dll
0x00007ffad9040000 - 0x00007ffad90ab000 	C:\WINDOWS\system32\WS2_32.dll
0x00007ffad34f0000 - 0x00007ffad3513000 	C:\WINDOWS\SYSTEM32\WINMM.dll
0x00007ffacd380000 - 0x00007ffacd38a000 	C:\WINDOWS\SYSTEM32\VERSION.dll
0x00007ffad3490000 - 0x00007ffad34bc000 	C:\WINDOWS\SYSTEM32\WINMMBASE.dll
0x00007ffad6440000 - 0x00007ffad6483000 	C:\WINDOWS\system32\cfgmgr32.dll
0x00007ffacf080000 - 0x00007ffacf08f000 	C:\Program Files\Android\Android Studio\jre\jre\bin\verify.dll
0x00007ffaca960000 - 0x00007ffaca989000 	C:\Program Files\Android\Android Studio\jre\jre\bin\java.dll
0x00007ffacefe0000 - 0x00007ffaceff6000 	C:\Program Files\Android\Android Studio\jre\jre\bin\zip.dll
0x00007ffad74f0000 - 0x00007ffad8a4c000 	C:\WINDOWS\system32\SHELL32.dll
0x00007ffad67d0000 - 0x00007ffad6e15000 	C:\WINDOWS\system32\windows.storage.dll
0x00007ffad91d0000 - 0x00007ffad9222000 	C:\WINDOWS\system32\shlwapi.dll
0x00007ffad6140000 - 0x00007ffad614f000 	C:\WINDOWS\system32\kernel.appcore.dll
0x00007ffad6710000 - 0x00007ffad67c5000 	C:\WINDOWS\system32\shcore.dll
0x00007ffad60f0000 - 0x00007ffad613b000 	C:\WINDOWS\system32\powrprof.dll
0x00007ffad60d0000 - 0x00007ffad60e4000 	C:\WINDOWS\system32\profapi.dll

VM Arguments:
jvm_args: -Djava.awt.headless=true -Xmx1024M -Dfile.encoding=windows-1252 -Duser.country=GB -Duser.language=en -Duser.variant 
java_command: com.android.dx.command.Main --dex --force-jumbo --num-threads=4 --multi-dex --output C:\Users\Thomas\AndroidStudioProjects\MrWhemps\app\build\intermediates\transforms\dex\debug\folders\1000\10\com.google.android.gms-play-services-plus-9.4.0_90ea2bee447c77e550fb74499f82914b5c844938 C:\Users\Thomas\AndroidStudioProjects\MrWhemps\app\build\intermediates\exploded-aar\com.google.android.gms\play-services-plus\9.4.0\jars\classes.jar
java_class_path (initial): C:\Users\Thomas\AppData\Local\Android\sdk\build-tools\23.0.2\lib\dx.jar
Launcher Type: SUN_STANDARD

Environment Variables:
PATH=C:\Program Files (x86)\Intel\iCLS Client\;C:\Program Files\Intel\iCLS Client\;C:\Windows\system32;C:\Windows;C:\Windows\System32\Wbem;C:\Windows\System32\WindowsPowerShell\v1.0\;C:\Program Files (x86)\Intel\OpenCL SDK\2.0\bin\x86;C:\Program Files (x86)\Intel\OpenCL SDK\2.0\bin\x64;C:\Program Files\Intel\Intel(R) Management Engine Components\DAL;C:\Program Files\Intel\Intel(R) Management Engine Components\IPT;C:\Program Files (x86)\Intel\Intel(R) Management Engine Components\DAL;C:\Program Files (x86)\Intel\Intel(R) Management Engine Components\IPT;C:\Program Files (x86)\Windows Live\Shared;C:\Users\Thomas\AppData\Local\Smartbar\Application\;C:\WINDOWS\system32;C:\WINDOWS;C:\WINDOWS\System32\Wbem;C:\WINDOWS\System32\WindowsPowerShell\v1.0\;D:\Programs\bin;C:\Program Files\Microsoft SQL Server\110\Tools\Binn\;C:\Program Files\Microsoft SQL Server\120\Tools\Binn\;C:\Program Files\MiKTeX 2.9\miktex\bin\;C:\Program Files\MiKTeX 2.9\gs\gs8.71\bin\;C:\Program Files\Git\cmd;C:\Program Files (x86)\Skype\Phone\;C:\Program Files\Microsoft SQL Server\130\Tools\Binn\;C:\Program Files (x86)\Windows Kits\10\Windows Performance Toolkit\;C:\Program Files
USERNAME=Thomas
OS=Windows_NT
PROCESSOR_IDENTIFIER=Intel64 Family 6 Model 42 Stepping 7, GenuineIntel



---------------  S Y S T E M  ---------------

OS: Windows 10.0 , 64 bit Build 10586 (10.0.10586.589)

CPU:total 4 (2 cores per cpu, 2 threads per core) family 6 model 42 stepping 7, cmov, cx8, fxsr, mmx, sse, sse2, sse3, ssse3, sse4.1, sse4.2, popcnt, avx, clmul, ht, tsc, tscinvbit

Memory: 4k page, physical 4075172k(569120k free), swap 6565540k(5244k free)

vm_info: OpenJDK 64-Bit Server VM (25.76-b03) for windows-amd64 JRE (1.8.0_76-release-b03), built on Jun 29 2016 19:09:20 by "ralucas" with MS VC++ 10.0 (VS2010)

time: Sun Jan 15 17:36:58 2017
elapsed time: 3 seconds (0d 0h 0m 3s)

