#
# There is insufficient memory for the Java Runtime Environment to continue.
# Native memory allocation (malloc) failed to allocate 32744 bytes for ChunkPool::allocate
# Possible reasons:
#   The system is out of physical RAM or swap space
#   In 32 bit mode, the process size limit was hit
# Possible solutions:
#   Reduce memory load on the system
#   Increase physical memory or swap space
#   Check if swap backing store is full
#   Use 64 bit Java on a 64 bit OS
#   Decrease Java heap size (-Xmx/-Xms)
#   Decrease number of Java threads
#   Decrease Java thread stack sizes (-Xss)
#   Set larger code cache with -XX:ReservedCodeCacheSize=
# This output file may be truncated or incomplete.
#
#  Out of Memory Error (allocation.cpp:273), pid=7708, tid=0x0000000000001d0c
#
# JRE version: OpenJDK Runtime Environment (8.0_76-b03) (build 1.8.0_76-release-b03)
# Java VM: OpenJDK 64-Bit Server VM (25.76-b03 mixed mode windows-amd64 compressed oops)
# Failed to write core dump. Minidumps are not enabled by default on client versions of Windows
#

---------------  T H R E A D  ---------------

Current thread (0x0000000014b7e800):  JavaThread "C2 CompilerThread1" daemon [_thread_in_native, id=7436, stack(0x00000000162d0000,0x00000000163d0000)]

Stack: [0x00000000162d0000,0x00000000163d0000]
[error occurred during error reporting (printing stack bounds), id 0xc0000005]

Native frames: (J=compiled Java code, j=interpreted, Vv=VM code, C=native code)


Current CompileTask:
C2:   4960 1308       4       com.android.dx.ssa.SCCP::simulateStmt (481 bytes)


---------------  P R O C E S S  ---------------

Java Threads: ( => current thread )
  0x0000000016729000 JavaThread "pool-2-thread-4" [_thread_in_Java, id=10884, stack(0x0000000016ed0000,0x0000000016fd0000)]
  0x0000000016724000 JavaThread "pool-2-thread-3" [_thread_blocked, id=5944, stack(0x0000000016dd0000,0x0000000016ed0000)]
  0x0000000016723000 JavaThread "pool-2-thread-2" [_thread_blocked, id=11124, stack(0x0000000016cd0000,0x0000000016dd0000)]
  0x000000001671a800 JavaThread "pool-3-thread-1" [_thread_blocked, id=13360, stack(0x0000000016bd0000,0x0000000016cd0000)]
  0x0000000016747800 JavaThread "pool-2-thread-1" [_thread_blocked, id=11800, stack(0x0000000016ad0000,0x0000000016bd0000)]
  0x00000000164d3800 JavaThread "Service Thread" daemon [_thread_blocked, id=10888, stack(0x00000000168d0000,0x00000000169d0000)]
  0x0000000014bdb000 JavaThread "C1 CompilerThread2" daemon [_thread_in_vm, id=14048, stack(0x00000000163d0000,0x00000000164d0000)]
=>0x0000000014b7e800 JavaThread "C2 CompilerThread1" daemon [_thread_in_native, id=7436, stack(0x00000000162d0000,0x00000000163d0000)]
  0x0000000014b7b800 JavaThread "C2 CompilerThread0" daemon [_thread_in_native, id=10148, stack(0x00000000161d0000,0x00000000162d0000)]
  0x0000000014b7a000 JavaThread "Attach Listener" daemon [_thread_blocked, id=9960, stack(0x00000000160d0000,0x00000000161d0000)]
  0x0000000014b79000 JavaThread "Signal Dispatcher" daemon [_thread_blocked, id=7412, stack(0x0000000015fd0000,0x00000000160d0000)]
  0x0000000014b68800 JavaThread "Finalizer" daemon [_thread_blocked, id=3696, stack(0x0000000015df0000,0x0000000015ef0000)]
  0x00000000024a0800 JavaThread "Reference Handler" daemon [_thread_blocked, id=10908, stack(0x0000000015cf0000,0x0000000015df0000)]
  0x00000000003bd800 JavaThread "main" [_thread_in_Java, id=12892, stack(0x00000000021b0000,0x00000000022b0000)]

Other Threads:
  0x0000000014b45000 VMThread [stack: 0x0000000015bf0000,0x0000000015cf0000] [id=6196]
  0x00000000164d5800 WatcherThread [stack: 0x00000000169d0000,0x0000000016ad0000] [id=8936]

VM state:not at safepoint (normal execution)

VM Mutex/Monitor currently owned by a thread: None

Heap:
 PSYoungGen      total 35328K, used 4832K [0x00000000eab00000, 0x00000000ed000000, 0x0000000100000000)
  eden space 32768K, 6% used [0x00000000eab00000,0x00000000ead3d578,0x00000000ecb00000)
  from space 2560K, 99% used [0x00000000ecd80000,0x00000000ecffaa90,0x00000000ed000000)
  to   space 2560K, 0% used [0x00000000ecb00000,0x00000000ecb00000,0x00000000ecd80000)
 ParOldGen       total 44032K, used 3479K [0x00000000c0000000, 0x00000000c2b00000, 0x00000000eab00000)
  object space 44032K, 7% used [0x00000000c0000000,0x00000000c0365c40,0x00000000c2b00000)
 Metaspace       used 6008K, capacity 6960K, committed 7040K, reserved 1056768K
  class space    used 571K, capacity 616K, committed 640K, reserved 1048576K

Card table byte_map: [0x0000000011870000,0x0000000011a80000] byte_map_base: 0x0000000011270000

Marking Bits: (ParMarkBitMap*) 0x000000005c809d00
 Begin Bits: [0x0000000011fe0000, 0x0000000012fe0000)
 End Bits:   [0x0000000012fe0000, 0x0000000013fe0000)

Polling page: 0x0000000000800000

CodeCache: size=245760Kb used=5281Kb max_used=5281Kb free=240478Kb
 bounds [0x00000000024b0000, 0x00000000029e0000, 0x00000000114b0000]
 total_blobs=1595 nmethods=1328 adapters=181
 compilation: enabled

Compilation events (10 events):
Event: 4.909 Thread 0x0000000014bdb000 1331       3       java.util.zip.ZipFile$ZipFileInputStream::finalize (5 bytes)
Event: 4.909 Thread 0x0000000014bdb000 nmethod 1331 0x00000000029d9390 code [0x00000000029d9500, 0x00000000029d96a8]
Event: 4.909 Thread 0x0000000014bdb000 1329       3       com.android.dx.cf.code.Frame::mergeWith (80 bytes)
Event: 4.910 Thread 0x0000000014bdb000 nmethod 1329 0x00000000029d9750 code [0x00000000029d9980, 0x00000000029da968]
Event: 4.911 Thread 0x0000000014bdb000 1332       3       sun.util.calendar.Gregorian$Date::getNormalizedYear (5 bytes)
Event: 4.911 Thread 0x0000000014bdb000 nmethod 1332 0x00000000029dae10 code [0x00000000029daf60, 0x00000000029db150]
Event: 4.911 Thread 0x0000000014bdb000 1333       3       sun.util.calendar.BaseCalendar::isLeapYear (5 bytes)
Event: 4.911 Thread 0x0000000014bdb000 nmethod 1333 0x00000000029db1d0 code [0x00000000029db340, 0x00000000029db630]
Event: 4.911 Thread 0x0000000014bdb000 1334       3       sun.util.calendar.CalendarUtils::isGregorianLeapYear (27 bytes)
Event: 4.912 Thread 0x0000000014bdb000 nmethod 1334 0x00000000029db750 code [0x00000000029db8c0, 0x00000000029dbb30]

GC Heap History (4 events):
Event: 3.063 GC heap before
{Heap before GC invocations=1 (full 0):
 PSYoungGen      total 18944K, used 16384K [0x00000000eab00000, 0x00000000ec000000, 0x0000000100000000)
  eden space 16384K, 100% used [0x00000000eab00000,0x00000000ebb00000,0x00000000ebb00000)
  from space 2560K, 0% used [0x00000000ebd80000,0x00000000ebd80000,0x00000000ec000000)
  to   space 2560K, 0% used [0x00000000ebb00000,0x00000000ebb00000,0x00000000ebd80000)
 ParOldGen       total 44032K, used 0K [0x00000000c0000000, 0x00000000c2b00000, 0x00000000eab00000)
  object space 44032K, 0% used [0x00000000c0000000,0x00000000c0000000,0x00000000c2b00000)
 Metaspace       used 5693K, capacity 6704K, committed 6784K, reserved 1056768K
  class space    used 570K, capacity 616K, committed 640K, reserved 1048576K
Event: 3.253 GC heap after
Heap after GC invocations=1 (full 0):
 PSYoungGen      total 18944K, used 2549K [0x00000000eab00000, 0x00000000ed000000, 0x0000000100000000)
  eden space 16384K, 0% used [0x00000000eab00000,0x00000000eab00000,0x00000000ebb00000)
  from space 2560K, 99% used [0x00000000ebb00000,0x00000000ebd7d5f8,0x00000000ebd80000)
  to   space 2560K, 0% used [0x00000000ecd80000,0x00000000ecd80000,0x00000000ed000000)
 ParOldGen       total 44032K, used 1280K [0x00000000c0000000, 0x00000000c2b00000, 0x00000000eab00000)
  object space 44032K, 2% used [0x00000000c0000000,0x00000000c01402d8,0x00000000c2b00000)
 Metaspace       used 5693K, capacity 6704K, committed 6784K, reserved 1056768K
  class space    used 570K, capacity 616K, committed 640K, reserved 1048576K
}
Event: 4.895 GC heap before
{Heap before GC invocations=2 (full 0):
 PSYoungGen      total 18944K, used 18933K [0x00000000eab00000, 0x00000000ed000000, 0x0000000100000000)
  eden space 16384K, 100% used [0x00000000eab00000,0x00000000ebb00000,0x00000000ebb00000)
  from space 2560K, 99% used [0x00000000ebb00000,0x00000000ebd7d5f8,0x00000000ebd80000)
  to   space 2560K, 0% used [0x00000000ecd80000,0x00000000ecd80000,0x00000000ed000000)
 ParOldGen       total 44032K, used 1280K [0x00000000c0000000, 0x00000000c2b00000, 0x00000000eab00000)
  object space 44032K, 2% used [0x00000000c0000000,0x00000000c01402d8,0x00000000c2b00000)
 Metaspace       used 6004K, capacity 6960K, committed 7040K, reserved 1056768K
  class space    used 571K, capacity 616K, committed 640K, reserved 1048576K
Event: 4.907 GC heap after
Heap after GC invocations=2 (full 0):
 PSYoungGen      total 35328K, used 2538K [0x00000000eab00000, 0x00000000ed000000, 0x0000000100000000)
  eden space 32768K, 0% used [0x00000000eab00000,0x00000000eab00000,0x00000000ecb00000)
  from space 2560K, 99% used [0x00000000ecd80000,0x00000000ecffaa90,0x00000000ed000000)
  to   space 2560K, 0% used [0x00000000ecb00000,0x00000000ecb00000,0x00000000ecd80000)
 ParOldGen       total 44032K, used 3479K [0x00000000c0000000, 0x00000000c2b00000, 0x00000000eab00000)
  object space 44032K, 7% used [0x00000000c0000000,0x00000000c0365c40,0x00000000c2b00000)
 Metaspace       used 6004K, capacity 6960K, committed 7040K, reserved 1056768K
  class space    used 571K, capacity 616K, committed 640K, reserved 1048576K
}

Deoptimization events (5 events):
Event: 1.535 Thread 0x00000000003bd800 Uncommon trap: reason=unstable_if action=reinterpret pc=0x0000000002604200 method=java.util.regex.Pattern$BnM.match(Ljava/util/regex/Matcher;ILjava/lang/CharSequence;)Z @ 56
Event: 1.678 Thread 0x00000000003bd800 Uncommon trap: reason=unstable_if action=reinterpret pc=0x00000000025f80d0 method=java.lang.String.indexOf(II)I @ 49
Event: 3.264 Thread 0x0000000016747800 Uncommon trap: reason=unstable_if action=reinterpret pc=0x0000000002827c10 method=com.android.dx.rop.code.RegisterSpec.equals(ILcom/android/dx/rop/type/TypeBearer;Lcom/android/dx/rop/code/LocalItem;)Z @ 16
Event: 3.339 Thread 0x0000000016747800 Uncommon trap: reason=unstable_if action=reinterpret pc=0x00000000026cc688 method=java.util.HashMap.getNode(ILjava/lang/Object;)Ljava/util/HashMap$Node; @ 129
Event: 3.978 Thread 0x0000000016747800 Uncommon trap: reason=unstable_if action=reinterpret pc=0x00000000026e26b0 method=java.util.BitSet.nextSetBit(I)I @ 87

Internal exceptions (2 events):
Event: 0.065 Thread 0x00000000003bd800 Exception <a 'java/lang/NoSuchMethodError': Method sun.misc.Unsafe.defineClass(Ljava/lang/String;[BII)Ljava/lang/Class; name or signature does not match> (0x00000000eab07cc0) thrown at [C:\src\android\AOSP-openjdk\external\jetbrains\jdk\hotspot\src\share\v"NWø°?
Event: 0.066 Thread 0x00000000003bd800 Exception <a 'java/lang/NoSuchMethodError': Method sun.misc.Unsafe.prefetchRead(Ljava/lang/Object;J)V name or signature does not match> (0x00000000eab07fa8) thrown at [C:\src\android\AOSP-openjdk\external\jetbrains\jdk\hotspot\src\share\vm\prims\jni.cpp, l

Events (10 events):
Event: 4.104 loading class com/android/dx/cf/code/BytecodeArray$ConstantParserVisitor
Event: 4.104 loading class com/android/dx/cf/code/BytecodeArray$ConstantParserVisitor done
Event: 4.174 loading class com/android/dx/cf/attrib/AttEnclosingMethod
Event: 4.174 loading class com/android/dx/cf/attrib/AttEnclosingMethod done
Event: 4.197 loading class com/android/dx/cf/attrib/AttExceptions
Event: 4.197 loading class com/android/dx/cf/attrib/AttExceptions done
Event: 4.214 Executing VM operation: EnableBiasedLocking
Event: 4.735 Executing VM operation: EnableBiasedLocking done
Event: 4.895 Executing VM operation: ParallelGCFailedAllocation
Event: 4.907 Executing VM operation: ParallelGCFailedAllocation done


Dynamic libraries:
0x00007ff6c7d80000 - 0x00007ff6c7db1000 	C:\Program Files\Android\Android Studio\jre\bin\java.exe
0x00007ffd40960000 - 0x00007ffd40b21000 	C:\WINDOWS\SYSTEM32\ntdll.dll
0x00007ffd3e080000 - 0x00007ffd3e12d000 	C:\WINDOWS\system32\KERNEL32.DLL
0x00007ffd3dab0000 - 0x00007ffd3dc98000 	C:\WINDOWS\system32\KERNELBASE.dll
0x00007ffd40460000 - 0x00007ffd40507000 	C:\WINDOWS\system32\ADVAPI32.dll
0x00007ffd3e980000 - 0x00007ffd3ea1d000 	C:\WINDOWS\system32\msvcrt.dll
0x00007ffd3e8b0000 - 0x00007ffd3e90b000 	C:\WINDOWS\system32\sechost.dll
0x00007ffd3e130000 - 0x00007ffd3e24c000 	C:\WINDOWS\system32\RPCRT4.dll
0x00007ffd3df20000 - 0x00007ffd3e076000 	C:\WINDOWS\system32\USER32.dll
0x00007ffd3dd80000 - 0x00007ffd3df06000 	C:\WINDOWS\system32\GDI32.dll
0x00007ffd38ad0000 - 0x00007ffd38d44000 	C:\WINDOWS\WinSxS\amd64_microsoft.windows.common-controls_6595b64144ccf1df_6.0.10586.672_none_a2d6b3cea53ff843\COMCTL32.dll
0x00007ffd3e250000 - 0x00007ffd3e4cd000 	C:\WINDOWS\system32\combase.dll
0x00007ffd3d8b0000 - 0x00007ffd3d91a000 	C:\WINDOWS\system32\bcryptPrimitives.dll
0x00007ffd40510000 - 0x00007ffd4054b000 	C:\WINDOWS\system32\IMM32.DLL
0x000000005be90000 - 0x000000005bf62000 	C:\Program Files\Android\Android Studio\jre\jre\bin\msvcr100.dll
0x000000005c050000 - 0x000000005c884000 	C:\Program Files\Android\Android Studio\jre\jre\bin\server\jvm.dll
0x00007ffd3df10000 - 0x00007ffd3df18000 	C:\WINDOWS\system32\PSAPI.DLL
0x00007ffd32730000 - 0x00007ffd32739000 	C:\WINDOWS\SYSTEM32\WSOCK32.dll
0x00007ffd3e910000 - 0x00007ffd3e97b000 	C:\WINDOWS\system32\WS2_32.dll
0x00007ffd39a80000 - 0x00007ffd39aa3000 	C:\WINDOWS\SYSTEM32\WINMM.dll
0x00007ffd33a10000 - 0x00007ffd33a1a000 	C:\WINDOWS\SYSTEM32\VERSION.dll
0x00007ffd39a50000 - 0x00007ffd39a7c000 	C:\WINDOWS\SYSTEM32\WINMMBASE.dll
0x00007ffd3d920000 - 0x00007ffd3d963000 	C:\WINDOWS\system32\cfgmgr32.dll
0x00007ffd34130000 - 0x00007ffd3413f000 	C:\Program Files\Android\Android Studio\jre\jre\bin\verify.dll
0x00007ffd32f70000 - 0x00007ffd32f99000 	C:\Program Files\Android\Android Studio\jre\jre\bin\java.dll
0x00007ffd2ffd0000 - 0x00007ffd2ffe6000 	C:\Program Files\Android\Android Studio\jre\jre\bin\zip.dll
0x00007ffd3ef00000 - 0x00007ffd4045c000 	C:\WINDOWS\system32\SHELL32.dll
0x00007ffd3d090000 - 0x00007ffd3d6d5000 	C:\WINDOWS\system32\windows.storage.dll
0x00007ffd406d0000 - 0x00007ffd40722000 	C:\WINDOWS\system32\shlwapi.dll
0x00007ffd3d000000 - 0x00007ffd3d00f000 	C:\WINDOWS\system32\kernel.appcore.dll
0x00007ffd3dca0000 - 0x00007ffd3dd55000 	C:\WINDOWS\system32\shcore.dll
0x00007ffd3cfb0000 - 0x00007ffd3cffb000 	C:\WINDOWS\system32\powrprof.dll
0x00007ffd3cf90000 - 0x00007ffd3cfa4000 	C:\WINDOWS\system32\profapi.dll

VM Arguments:
jvm_args: -Djava.awt.headless=true -Xmx1024M -Dfile.encoding=windows-1252 -Duser.country=GB -Duser.language=en -Duser.variant 
java_command: com.android.dx.command.Main --dex --force-jumbo --num-threads=4 --multi-dex --output C:\Users\Thomas\AndroidStudioProjects\MrWhemps\app\build\intermediates\transforms\dex\debug\folders\1000\10\com.google.android.gms-play-services-contextmanager-9.4.0_115baf49fdf7e59f878e1b86d61a1e573b2b4113 C:\Users\Thomas\AndroidStudioProjects\MrWhemps\app\build\intermediates\exploded-aar\com.google.android.gms\play-services-contextmanager\9.4.0\jars\classes.jar
java_class_path (initial): C:\Users\Thomas\AppData\Local\Android\sdk\build-tools\23.0.2\lib\dx.jar
Launcher Type: SUN_STANDARD

Environment Variables:
PATH=C:\Program Files (x86)\Intel\iCLS Client\;C:\Program Files\Intel\iCLS Client\;C:\Windows\system32;C:\Windows;C:\Windows\System32\Wbem;C:\Windows\System32\WindowsPowerShell\v1.0\;C:\Program Files (x86)\Intel\OpenCL SDK\2.0\bin\x86;C:\Program Files (x86)\Intel\OpenCL SDK\2.0\bin\x64;C:\Program Files\Intel\Intel(R) Management Engine Components\DAL;C:\Program Files\Intel\Intel(R) Management Engine Components\IPT;C:\Program Files (x86)\Intel\Intel(R) Management Engine Components\DAL;C:\Program Files (x86)\Intel\Intel(R) Management Engine Components\IPT;C:\Program Files (x86)\Windows Live\Shared;C:\Users\Thomas\AppData\Local\Smartbar\Application\;C:\WINDOWS\system32;C:\WINDOWS;C:\WINDOWS\System32\Wbem;C:\WINDOWS\System32\WindowsPowerShell\v1.0\;D:\Programs\bin;C:\Program Files\Microsoft SQL Server\110\Tools\Binn\;C:\Program Files\Microsoft SQL Server\120\Tools\Binn\;C:\Program Files\MiKTeX 2.9\miktex\bin\;C:\Program Files\MiKTeX 2.9\gs\gs8.71\bin\;C:\Program Files\Git\cmd;C:\Program Files (x86)\Skype\Phone\;C:\Program Files\Microsoft SQL Server\130\Tools\Binn\;C:\Program Files (x86)\Windows Kits\10\Windows Performance Toolkit\;C:\Program Files
USERNAME=Thomas
OS=Windows_NT
PROCESSOR_IDENTIFIER=Intel64 Family 6 Model 42 Stepping 7, GenuineIntel



---------------  S Y S T E M  ---------------

OS: Windows 10.0 , 64 bit Build 10586 (10.0.10586.589)

CPU:total 4 (2 cores per cpu, 2 threads per core) family 6 model 42 stepping 7, cmov, cx8, fxsr, mmx, sse, sse2, sse3, ssse3, sse4.1, sse4.2, popcnt, avx, clmul, ht, tsc, tscinvbit

Memory: 4k page, physical 4075172k(361440k free), swap 6565536k(3180k free)

vm_info: OpenJDK 64-Bit Server VM (25.76-b03) for windows-amd64 JRE (1.8.0_76-release-b03), built on Jun 29 2016 19:09:20 by "ralucas" with MS VC++ 10.0 (VS2010)

time: Sun Jan 22 12:52:38 2017
elapsed time: 4 seconds (0d 0h 0m 4s)

