#
# There is insufficient memory for the Java Runtime Environment to continue.
# Native memory allocation (malloc) failed to allocate 32744 bytes for ChunkPool::allocate
# Possible reasons:
#   The system is out of physical RAM or swap space
#   In 32 bit mode, the process size limit was hit
# Possible solutions:
#   Reduce memory load on the system
#   Increase physical memory or swap space
#   Check if swap backing store is full
#   Use 64 bit Java on a 64 bit OS
#   Decrease Java heap size (-Xmx/-Xms)
#   Decrease number of Java threads
#   Decrease Java thread stack sizes (-Xss)
#   Set larger code cache with -XX:ReservedCodeCacheSize=
# This output file may be truncated or incomplete.
#
#  Out of Memory Error (allocation.cpp:273), pid=2804, tid=0x0000000000002fd0
#
# JRE version: OpenJDK Runtime Environment (8.0_76-b03) (build 1.8.0_76-release-b03)
# Java VM: OpenJDK 64-Bit Server VM (25.76-b03 mixed mode windows-amd64 compressed oops)
# Failed to write core dump. Minidumps are not enabled by default on client versions of Windows
#

---------------  T H R E A D  ---------------

Current thread (0x0000000014d4d800):  JavaThread "C1 CompilerThread2" daemon [_thread_in_native, id=12240, stack(0x0000000016580000,0x0000000016680000)]

Stack: [0x0000000016580000,0x0000000016680000]
[error occurred during error reporting (printing stack bounds), id 0xc0000005]

Native frames: (J=compiled Java code, j=interpreted, Vv=VM code, C=native code)


Current CompileTask:
C1:   2467  528   !   3       com.android.dx.cf.code.BytecodeArray::parseInstruction (2764 bytes)


---------------  P R O C E S S  ---------------

Java Threads: ( => current thread )
  0x00000000168f2000 JavaThread "pool-2-thread-4" [_thread_new, id=4100, stack(0x0000000000000000,0x0000000000000000)]
  0x00000000168f1000 JavaThread "pool-2-thread-3" [_thread_in_Java, id=9136, stack(0x0000000016f80000,0x0000000017080000)]
  0x00000000168ec000 JavaThread "pool-2-thread-2" [_thread_in_Java, id=11716, stack(0x0000000016e80000,0x0000000016f80000)]
  0x00000000168e9800 JavaThread "pool-3-thread-1" [_thread_blocked, id=12072, stack(0x0000000016d80000,0x0000000016e80000)]
  0x00000000168e8800 JavaThread "pool-2-thread-1" [_thread_blocked, id=11668, stack(0x0000000016c80000,0x0000000016d80000)]
  0x0000000014dad800 JavaThread "Service Thread" daemon [_thread_blocked, id=11140, stack(0x0000000016a80000,0x0000000016b80000)]
=>0x0000000014d4d800 JavaThread "C1 CompilerThread2" daemon [_thread_in_native, id=12240, stack(0x0000000016580000,0x0000000016680000)]
  0x0000000014d49800 JavaThread "C2 CompilerThread1" daemon [_thread_blocked, id=3404, stack(0x0000000016480000,0x0000000016580000)]
  0x0000000014d59800 JavaThread "C2 CompilerThread0" daemon [_thread_blocked, id=3428, stack(0x0000000016380000,0x0000000016480000)]
  0x0000000014d58000 JavaThread "Attach Listener" daemon [_thread_blocked, id=11132, stack(0x0000000016280000,0x0000000016380000)]
  0x0000000014d57000 JavaThread "Signal Dispatcher" daemon [_thread_blocked, id=7536, stack(0x0000000016180000,0x0000000016280000)]
  0x000000000267b800 JavaThread "Finalizer" daemon [_thread_blocked, id=2556, stack(0x0000000015fa0000,0x00000000160a0000)]
  0x000000000266f800 JavaThread "Reference Handler" daemon [_thread_blocked, id=10360, stack(0x0000000015ea0000,0x0000000015fa0000)]
  0x000000000244d800 JavaThread "main" [_thread_in_Java, id=6352, stack(0x0000000002450000,0x0000000002550000)]

Other Threads:
  0x0000000014d16000 VMThread [stack: 0x0000000015da0000,0x0000000015ea0000] [id=11664]
  0x0000000014dae800 WatcherThread [stack: 0x0000000016b80000,0x0000000016c80000] [id=6844]

VM state:not at safepoint (normal execution)

VM Mutex/Monitor currently owned by a thread: None

Heap:
 PSYoungGen      total 18944K, used 11541K [0x00000000eab00000, 0x00000000ec000000, 0x0000000100000000)
  eden space 16384K, 70% used [0x00000000eab00000,0x00000000eb6454a0,0x00000000ebb00000)
  from space 2560K, 0% used [0x00000000ebd80000,0x00000000ebd80000,0x00000000ec000000)
  to   space 2560K, 0% used [0x00000000ebb00000,0x00000000ebb00000,0x00000000ebd80000)
 ParOldGen       total 44032K, used 0K [0x00000000c0000000, 0x00000000c2b00000, 0x00000000eab00000)
  object space 44032K, 0% used [0x00000000c0000000,0x00000000c0000000,0x00000000c2b00000)
 Metaspace       used 5383K, capacity 6448K, committed 6528K, reserved 1056768K
  class space    used 565K, capacity 616K, committed 640K, reserved 1048576K

Card table byte_map: [0x0000000011a40000,0x0000000011c50000] byte_map_base: 0x0000000011440000

Marking Bits: (ParMarkBitMap*) 0x000000005eef9d00
 Begin Bits: [0x00000000121b0000, 0x00000000131b0000)
 End Bits:   [0x00000000131b0000, 0x00000000141b0000)

Polling page: 0x0000000000850000

CodeCache: size=245760Kb used=2182Kb max_used=2182Kb free=243577Kb
 bounds [0x0000000002680000, 0x00000000028f0000, 0x0000000011680000]
 total_blobs=793 nmethods=526 adapters=181
 compilation: enabled

Compilation events (10 events):
Event: 2.451 Thread 0x0000000014d4d800 nmethod 523 0x00000000028a2410 code [0x00000000028a25a0, 0x00000000028a2a68]
Event: 2.451 Thread 0x0000000014d4d800  506       3       com.android.dx.rop.code.RegisterSpec::make (7 bytes)
Event: 2.451 Thread 0x0000000014d4d800 nmethod 506 0x00000000028a2090 code [0x00000000028a2200, 0x00000000028a2368]
Event: 2.451 Thread 0x0000000014d4d800  512   !   3       java.util.BitSet::clone (49 bytes)
Event: 2.452 Thread 0x0000000014d4d800 nmethod 512 0x00000000028a11d0 code [0x00000000028a13c0, 0x00000000028a1c98]
Event: 2.452 Thread 0x0000000014d4d800  529       3       com.android.dx.ssa.SsaMethod::bitSetFromLabelList (47 bytes)
Event: 2.452 Thread 0x0000000014d4d800 nmethod 529 0x00000000028a0590 code [0x00000000028a0740, 0x00000000028a0ed8]
Event: 2.452 Thread 0x0000000014d4d800  527   !   3       com.android.dx.rop.code.LocalVariableInfo::getStarts0 (18 bytes)
Event: 2.453 Thread 0x0000000014d4d800 nmethod 527 0x000000000289ff90 code [0x00000000028a0100, 0x00000000028a0368]
Event: 2.453 Thread 0x0000000014d4d800  528   !   3       com.android.dx.cf.code.BytecodeArray::parseInstruction (2764 bytes)

GC Heap History (0 events):
No events

Deoptimization events (1 events):
Event: 1.351 Thread 0x000000000244d800 Uncommon trap: reason=unstable_if action=reinterpret pc=0x00000000027c31d0 method=java.lang.String.indexOf(II)I @ 49

Internal exceptions (2 events):
Event: 0.076 Thread 0x000000000244d800 Exception <a 'java/lang/NoSuchMethodError': Method sun.misc.Unsafe.defineClass(Ljava/lang/String;[BII)Ljava/lang/Class; name or signature does not match> (0x00000000eab07cc0) thrown at [C:\src\android\AOSP-openjdk\external\jetbrains\jdk\hotspot\src\share\v'pX³¯‘³?
Event: 0.076 Thread 0x000000000244d800 Exception <a 'java/lang/NoSuchMethodError': Method sun.misc.Unsafe.prefetchRead(Ljava/lang/Object;J)V name or signature does not match> (0x00000000eab07fa8) thrown at [C:\src\android\AOSP-openjdk\external\jetbrains\jdk\hotspot\src\share\vm\prims\jni.cpp, l

Events (10 events):
Event: 2.380 loading class com/android/dx/cf/attrib/AttRuntimeVisibleAnnotations
Event: 2.380 loading class com/android/dx/cf/attrib/AttRuntimeVisibleAnnotations done
Event: 2.382 loading class com/android/dx/dex/file/MethodAnnotationStruct
Event: 2.382 loading class com/android/dx/dex/file/MethodAnnotationStruct done
Event: 2.382 loading class com/android/dx/cf/attrib/AttConstantValue
Event: 2.382 loading class com/android/dx/cf/attrib/AttConstantValue done
Event: 2.386 loading class com/android/dx/dex/file/FieldAnnotationStruct
Event: 2.386 loading class com/android/dx/dex/file/FieldAnnotationStruct done
Event: 2.402 loading class com/android/dx/ssa/PhiInsn$Operand
Event: 2.402 loading class com/android/dx/ssa/PhiInsn$Operand done


Dynamic libraries:
0x00007ff65aea0000 - 0x00007ff65aed1000 	C:\Program Files\Android\Android Studio\jre\bin\java.exe
0x00007fff314c0000 - 0x00007fff31681000 	C:\WINDOWS\SYSTEM32\ntdll.dll
0x00007fff2eaa0000 - 0x00007fff2eb4d000 	C:\WINDOWS\system32\KERNEL32.DLL
0x00007fff2e030000 - 0x00007fff2e218000 	C:\WINDOWS\system32\KERNELBASE.dll
0x00007fff30780000 - 0x00007fff30827000 	C:\WINDOWS\system32\ADVAPI32.dll
0x00007fff31140000 - 0x00007fff311dd000 	C:\WINDOWS\system32\msvcrt.dll
0x00007fff30b70000 - 0x00007fff30bcb000 	C:\WINDOWS\system32\sechost.dll
0x00007fff2e8c0000 - 0x00007fff2e9dc000 	C:\WINDOWS\system32\RPCRT4.dll
0x00007fff2ef80000 - 0x00007fff2f0d6000 	C:\WINDOWS\system32\USER32.dll
0x00007fff30fb0000 - 0x00007fff31136000 	C:\WINDOWS\system32\GDI32.dll
0x00007fff257a0000 - 0x00007fff25a14000 	C:\WINDOWS\WinSxS\amd64_microsoft.windows.common-controls_6595b64144ccf1df_6.0.10586.672_none_a2d6b3cea53ff843\COMCTL32.dll
0x00007fff30bd0000 - 0x00007fff30e4d000 	C:\WINDOWS\system32\combase.dll
0x00007fff2dc60000 - 0x00007fff2dcca000 	C:\WINDOWS\system32\bcryptPrimitives.dll
0x00007fff30980000 - 0x00007fff309bb000 	C:\WINDOWS\system32\IMM32.DLL
0x000000005e580000 - 0x000000005e652000 	C:\Program Files\Android\Android Studio\jre\jre\bin\msvcr100.dll
0x000000005e740000 - 0x000000005ef74000 	C:\Program Files\Android\Android Studio\jre\jre\bin\server\jvm.dll
0x00007fff30660000 - 0x00007fff30668000 	C:\WINDOWS\system32\PSAPI.DLL
0x00007fff1ce30000 - 0x00007fff1ce39000 	C:\WINDOWS\SYSTEM32\WSOCK32.dll
0x00007fff30aa0000 - 0x00007fff30b0b000 	C:\WINDOWS\system32\WS2_32.dll
0x00007fff2bd30000 - 0x00007fff2bd53000 	C:\WINDOWS\SYSTEM32\WINMM.dll
0x00007fff242a0000 - 0x00007fff242aa000 	C:\WINDOWS\SYSTEM32\VERSION.dll
0x00007fff2bd00000 - 0x00007fff2bd2c000 	C:\WINDOWS\SYSTEM32\WINMMBASE.dll
0x00007fff2e220000 - 0x00007fff2e263000 	C:\WINDOWS\system32\cfgmgr32.dll
0x00007fff27930000 - 0x00007fff2793f000 	C:\Program Files\Android\Android Studio\jre\jre\bin\verify.dll
0x00007fff15570000 - 0x00007fff15599000 	C:\Program Files\Android\Android Studio\jre\jre\bin\java.dll
0x00007fff1ed80000 - 0x00007fff1ed96000 	C:\Program Files\Android\Android Studio\jre\jre\bin\zip.dll
0x00007fff2f0e0000 - 0x00007fff3063c000 	C:\WINDOWS\system32\SHELL32.dll
0x00007fff2e270000 - 0x00007fff2e8b5000 	C:\WINDOWS\system32\windows.storage.dll
0x00007fff312b0000 - 0x00007fff31302000 	C:\WINDOWS\system32\shlwapi.dll
0x00007fff2db30000 - 0x00007fff2db3f000 	C:\WINDOWS\system32\kernel.appcore.dll
0x00007fff2dcd0000 - 0x00007fff2dd85000 	C:\WINDOWS\system32\shcore.dll
0x00007fff2dae0000 - 0x00007fff2db2b000 	C:\WINDOWS\system32\powrprof.dll
0x00007fff2db50000 - 0x00007fff2db64000 	C:\WINDOWS\system32\profapi.dll

VM Arguments:
jvm_args: -Djava.awt.headless=true -Xmx1024M -Dfile.encoding=windows-1252 -Duser.country=GB -Duser.language=en -Duser.variant 
java_command: com.android.dx.command.Main --dex --force-jumbo --num-threads=4 --multi-dex --output C:\Users\Thomas\AndroidStudioProjects\MrWhemps\app\build\intermediates\transforms\dex\debug\folders\1000\10\com.google.android.gms-play-services-plus-9.4.0_90ea2bee447c77e550fb74499f82914b5c844938 C:\Users\Thomas\AndroidStudioProjects\MrWhemps\app\build\intermediates\exploded-aar\com.google.android.gms\play-services-plus\9.4.0\jars\classes.jar
java_class_path (initial): C:\Users\Thomas\AppData\Local\Android\sdk\build-tools\23.0.2\lib\dx.jar
Launcher Type: SUN_STANDARD

Environment Variables:
PATH=C:\Program Files (x86)\Intel\iCLS Client\;C:\Program Files\Intel\iCLS Client\;C:\Windows\system32;C:\Windows;C:\Windows\System32\Wbem;C:\Windows\System32\WindowsPowerShell\v1.0\;C:\Program Files (x86)\Intel\OpenCL SDK\2.0\bin\x86;C:\Program Files (x86)\Intel\OpenCL SDK\2.0\bin\x64;C:\Program Files\Intel\Intel(R) Management Engine Components\DAL;C:\Program Files\Intel\Intel(R) Management Engine Components\IPT;C:\Program Files (x86)\Intel\Intel(R) Management Engine Components\DAL;C:\Program Files (x86)\Intel\Intel(R) Management Engine Components\IPT;C:\Program Files (x86)\Windows Live\Shared;C:\Users\Thomas\AppData\Local\Smartbar\Application\;C:\WINDOWS\system32;C:\WINDOWS;C:\WINDOWS\System32\Wbem;C:\WINDOWS\System32\WindowsPowerShell\v1.0\;D:\Programs\bin;C:\Program Files\Microsoft SQL Server\110\Tools\Binn\;C:\Program Files\Microsoft SQL Server\120\Tools\Binn\;C:\Program Files\MiKTeX 2.9\miktex\bin\;C:\Program Files\MiKTeX 2.9\gs\gs8.71\bin\;C:\Program Files\Git\cmd;C:\Program Files (x86)\Skype\Phone\;C:\WINDOWS\system32\config\systemprofile\.dnx\bin;C:\Program Files\Microsoft DNX\Dnvm\;C:\Program Files\Microsoft SQL Server\130\Tools\Binn\;C:\Program Files (x86)\Windows Kits\10\Windows Performance Toolkit\;C:\Program Files
USERNAME=Thomas
OS=Windows_NT
PROCESSOR_IDENTIFIER=Intel64 Family 6 Model 42 Stepping 7, GenuineIntel



---------------  S Y S T E M  ---------------

OS: Windows 10.0 , 64 bit Build 10586 (10.0.10586.589)

CPU:total 4 (2 cores per cpu, 2 threads per core) family 6 model 42 stepping 7, cmov, cx8, fxsr, mmx, sse, sse2, sse3, ssse3, sse4.1, sse4.2, popcnt, avx, clmul, ht, tsc, tscinvbit

Memory: 4k page, physical 4075172k(473448k free), swap 6565540k(4088k free)

vm_info: OpenJDK 64-Bit Server VM (25.76-b03) for windows-amd64 JRE (1.8.0_76-release-b03), built on Jun 29 2016 19:09:20 by "ralucas" with MS VC++ 10.0 (VS2010)

time: Sat Dec 31 02:21:54 2016
elapsed time: 2 seconds (0d 0h 0m 2s)

