#
# There is insufficient memory for the Java Runtime Environment to continue.
# Native memory allocation (malloc) failed to allocate 2399216 bytes for Chunk::new
# Possible reasons:
#   The system is out of physical RAM or swap space
#   In 32 bit mode, the process size limit was hit
# Possible solutions:
#   Reduce memory load on the system
#   Increase physical memory or swap space
#   Check if swap backing store is full
#   Use 64 bit Java on a 64 bit OS
#   Decrease Java heap size (-Xmx/-Xms)
#   Decrease number of Java threads
#   Decrease Java thread stack sizes (-Xss)
#   Set larger code cache with -XX:ReservedCodeCacheSize=
# This output file may be truncated or incomplete.
#
#  Out of Memory Error (allocation.cpp:390), pid=12996, tid=0x000000000000220c
#
# JRE version: OpenJDK Runtime Environment (8.0_76-b03) (build 1.8.0_76-release-b03)
# Java VM: OpenJDK 64-Bit Server VM (25.76-b03 mixed mode windows-amd64 compressed oops)
# Failed to write core dump. Minidumps are not enabled by default on client versions of Windows
#

---------------  T H R E A D  ---------------

Current thread (0x0000000014df7800):  JavaThread "C2 CompilerThread0" daemon [_thread_in_native, id=8716, stack(0x0000000016420000,0x0000000016520000)]

Stack: [0x0000000016420000,0x0000000016520000]
[error occurred during error reporting (printing stack bounds), id 0xc0000005]

Native frames: (J=compiled Java code, j=interpreted, Vv=VM code, C=native code)


Current CompileTask:
C2:  13695 2005   !   4       com.android.dx.cf.cst.ConstantPoolParser::parse0 (731 bytes)


---------------  P R O C E S S  ---------------

Java Threads: ( => current thread )
  0x000000001680a000 JavaThread "pool-1-thread-1" [_thread_in_Java, id=6764, stack(0x00000000199c0000,0x0000000019ac0000)]
  0x000000001652b000 JavaThread "Service Thread" daemon [_thread_blocked, id=11512, stack(0x0000000016b20000,0x0000000016c20000)]
  0x0000000016528800 JavaThread "C1 CompilerThread2" daemon [_thread_blocked, id=13928, stack(0x0000000016a20000,0x0000000016b20000)]
  0x0000000014e45800 JavaThread "C2 CompilerThread1" daemon [_thread_in_native, id=12572, stack(0x0000000016920000,0x0000000016a20000)]
=>0x0000000014df7800 JavaThread "C2 CompilerThread0" daemon [_thread_in_native, id=8716, stack(0x0000000016420000,0x0000000016520000)]
  0x0000000014df6000 JavaThread "Attach Listener" daemon [_thread_blocked, id=8256, stack(0x0000000016320000,0x0000000016420000)]
  0x0000000014df4800 JavaThread "Signal Dispatcher" daemon [_thread_blocked, id=6508, stack(0x0000000016220000,0x0000000016320000)]
  0x0000000014dd8800 JavaThread "Finalizer" daemon [_thread_blocked, id=12464, stack(0x0000000016040000,0x0000000016140000)]
  0x0000000002710800 JavaThread "Reference Handler" daemon [_thread_blocked, id=12396, stack(0x0000000015f40000,0x0000000016040000)]
  0x0000000000ded800 JavaThread "main" [_thread_blocked, id=11556, stack(0x0000000002520000,0x0000000002620000)]

Other Threads:
  0x0000000014db5000 VMThread [stack: 0x0000000015e40000,0x0000000015f40000] [id=12660]
  0x000000001652d000 WatcherThread [stack: 0x0000000016c20000,0x0000000016d20000] [id=2528]

VM state:not at safepoint (normal execution)

VM Mutex/Monitor currently owned by a thread: None

Heap:
 PSYoungGen      total 145920K, used 53968K [0x00000000eab00000, 0x00000000f4c00000, 0x0000000100000000)
  eden space 129024K, 36% used [0x00000000eab00000,0x00000000ed863da8,0x00000000f2900000)
  from space 16896K, 44% used [0x00000000f2900000,0x00000000f3050290,0x00000000f3980000)
  to   space 14848K, 0% used [0x00000000f3980000,0x00000000f3980000,0x00000000f4800000)
 ParOldGen       total 90112K, used 43598K [0x00000000c0000000, 0x00000000c5800000, 0x00000000eab00000)
  object space 90112K, 48% used [0x00000000c0000000,0x00000000c2a93a90,0x00000000c5800000)
 Metaspace       used 6866K, capacity 7544K, committed 7808K, reserved 1056768K
  class space    used 613K, capacity 624K, committed 640K, reserved 1048576K

Card table byte_map: [0x0000000011ae0000,0x0000000011cf0000] byte_map_base: 0x00000000114e0000

Marking Bits: (ParMarkBitMap*) 0x000000005c809d00
 Begin Bits: [0x0000000012250000, 0x0000000013250000)
 End Bits:   [0x0000000013250000, 0x0000000014250000)

Polling page: 0x0000000000d30000

CodeCache: size=245760Kb used=9203Kb max_used=9203Kb free=236556Kb
 bounds [0x0000000002720000, 0x0000000003030000, 0x0000000011720000]
 total_blobs=2753 nmethods=2484 adapters=181
 compilation: enabled

Compilation events (10 events):
Event: 13.543 Thread 0x0000000016528800 2548       2       com.android.dx.rop.cst.CstString::getUtf16Size (8 bytes)
Event: 13.543 Thread 0x0000000016528800 nmethod 2548 0x0000000003022910 code [0x0000000003022a60, 0x0000000003022bb0]
Event: 13.543 Thread 0x0000000016528800 2549       1       com.android.dx.rop.cst.CstString::getBytes (5 bytes)
Event: 13.543 Thread 0x0000000016528800 nmethod 2549 0x0000000003022c90 code [0x0000000003022de0, 0x0000000003022ef0]
Event: 13.543 Thread 0x0000000016528800 2550       2       com.android.dx.dex.file.StringDataItem::writeTo0 (103 bytes)
Event: 13.545 Thread 0x0000000016528800 nmethod 2550 0x0000000003022f50 code [0x00000000030231a0, 0x0000000003023a88]
Event: 13.545 Thread 0x0000000016528800 2551       2       com.android.dx.util.ByteArrayAnnotatedOutput::write (61 bytes)
Event: 13.546 Thread 0x0000000016528800 nmethod 2551 0x0000000003024310 code [0x00000000030244a0, 0x0000000003024728]
Event: 13.546 Thread 0x0000000016528800 2552       2       com.android.dx.util.ByteArray::getBytes (39 bytes)
Event: 13.546 Thread 0x0000000016528800 nmethod 2552 0x00000000030248d0 code [0x0000000003024a40, 0x0000000003024d18]

GC Heap History (10 events):
Event: 5.475 GC heap before
{Heap before GC invocations=4 (full 0):
 PSYoungGen      total 35328K, used 35312K [0x00000000eab00000, 0x00000000ef000000, 0x0000000100000000)
  eden space 32768K, 100% used [0x00000000eab00000,0x00000000ecb00000,0x00000000ecb00000)
  from space 2560K, 99% used [0x00000000ecb00000,0x00000000ecd7c038,0x00000000ecd80000)
  to   space 2560K, 0% used [0x00000000eed80000,0x00000000eed80000,0x00000000ef000000)
 ParOldGen       total 44032K, used 7721K [0x00000000c0000000, 0x00000000c2b00000, 0x00000000eab00000)
  object space 44032K, 17% used [0x00000000c0000000,0x00000000c078a6f8,0x00000000c2b00000)
 Metaspace       used 6167K, capacity 7088K, committed 7296K, reserved 1056768K
  class space    used 575K, capacity 616K, committed 640K, reserved 1048576K
Event: 5.504 GC heap after
Heap after GC invocations=4 (full 0):
 PSYoungGen      total 68096K, used 2528K [0x00000000eab00000, 0x00000000ef000000, 0x0000000100000000)
  eden space 65536K, 0% used [0x00000000eab00000,0x00000000eab00000,0x00000000eeb00000)
  from space 2560K, 98% used [0x00000000eed80000,0x00000000eeff8010,0x00000000ef000000)
  to   space 2560K, 0% used [0x00000000eeb00000,0x00000000eeb00000,0x00000000eed80000)
 ParOldGen       total 44032K, used 12848K [0x00000000c0000000, 0x00000000c2b00000, 0x00000000eab00000)
  object space 44032K, 29% used [0x00000000c0000000,0x00000000c0c8c0b0,0x00000000c2b00000)
 Metaspace       used 6167K, capacity 7088K, committed 7296K, reserved 1056768K
  class space    used 575K, capacity 616K, committed 640K, reserved 1048576K
}
Event: 6.684 GC heap before
{Heap before GC invocations=5 (full 0):
 PSYoungGen      total 68096K, used 68064K [0x00000000eab00000, 0x00000000ef000000, 0x0000000100000000)
  eden space 65536K, 100% used [0x00000000eab00000,0x00000000eeb00000,0x00000000eeb00000)
  from space 2560K, 98% used [0x00000000eed80000,0x00000000eeff8010,0x00000000ef000000)
  to   space 2560K, 0% used [0x00000000eeb00000,0x00000000eeb00000,0x00000000eed80000)
 ParOldGen       total 44032K, used 12848K [0x00000000c0000000, 0x00000000c2b00000, 0x00000000eab00000)
  object space 44032K, 29% used [0x00000000c0000000,0x00000000c0c8c0b0,0x00000000c2b00000)
 Metaspace       used 6245K, capacity 7088K, committed 7296K, reserved 1056768K
  class space    used 575K, capacity 616K, committed 640K, reserved 1048576K
Event: 6.778 GC heap after
Heap after GC invocations=5 (full 0):
 PSYoungGen      total 68096K, used 2550K [0x00000000eab00000, 0x00000000f4800000, 0x0000000100000000)
  eden space 65536K, 0% used [0x00000000eab00000,0x00000000eab00000,0x00000000eeb00000)
  from space 2560K, 99% used [0x00000000eeb00000,0x00000000eed7d878,0x00000000eed80000)
  to   space 14848K, 0% used [0x00000000f3980000,0x00000000f3980000,0x00000000f4800000)
 ParOldGen       total 44032K, used 24181K [0x00000000c0000000, 0x00000000c2b00000, 0x00000000eab00000)
  object space 44032K, 54% used [0x00000000c0000000,0x00000000c179d780,0x00000000c2b00000)
 Metaspace       used 6245K, capacity 7088K, committed 7296K, reserved 1056768K
  class space    used 575K, capacity 616K, committed 640K, reserved 1048576K
}
Event: 7.456 GC heap before
{Heap before GC invocations=6 (full 0):
 PSYoungGen      total 68096K, used 68086K [0x00000000eab00000, 0x00000000f4800000, 0x0000000100000000)
  eden space 65536K, 100% used [0x00000000eab00000,0x00000000eeb00000,0x00000000eeb00000)
  from space 2560K, 99% used [0x00000000eeb00000,0x00000000eed7d878,0x00000000eed80000)
  to   space 14848K, 0% used [0x00000000f3980000,0x00000000f3980000,0x00000000f4800000)
 ParOldGen       total 44032K, used 24181K [0x00000000c0000000, 0x00000000c2b00000, 0x00000000eab00000)
  object space 44032K, 54% used [0x00000000c0000000,0x00000000c179d780,0x00000000c2b00000)
 Metaspace       used 6399K, capacity 7154K, committed 7296K, reserved 1056768K
  class space    used 594K, capacity 618K, committed 640K, reserved 1048576K
Event: 7.486 GC heap after
Heap after GC invocations=6 (full 0):
 PSYoungGen      total 143872K, used 12769K [0x00000000eab00000, 0x00000000f4c00000, 0x0000000100000000)
  eden space 129024K, 0% used [0x00000000eab00000,0x00000000eab00000,0x00000000f2900000)
  from space 14848K, 85% used [0x00000000f3980000,0x00000000f45f8450,0x00000000f4800000)
  to   space 16896K, 0% used [0x00000000f2900000,0x00000000f2900000,0x00000000f3980000)
 ParOldGen       total 44032K, used 24189K [0x00000000c0000000, 0x00000000c2b00000, 0x00000000eab00000)
  object space 44032K, 54% used [0x00000000c0000000,0x00000000c179f780,0x00000000c2b00000)
 Metaspace       used 6399K, capacity 7154K, committed 7296K, reserved 1056768K
  class space    used 594K, capacity 618K, committed 640K, reserved 1048576K
}
Event: 8.693 GC heap before
{Heap before GC invocations=7 (full 0):
 PSYoungGen      total 143872K, used 141793K [0x00000000eab00000, 0x00000000f4c00000, 0x0000000100000000)
  eden space 129024K, 100% used [0x00000000eab00000,0x00000000f2900000,0x00000000f2900000)
  from space 14848K, 85% used [0x00000000f3980000,0x00000000f45f8450,0x00000000f4800000)
  to   space 16896K, 0% used [0x00000000f2900000,0x00000000f2900000,0x00000000f3980000)
 ParOldGen       total 44032K, used 24189K [0x00000000c0000000, 0x00000000c2b00000, 0x00000000eab00000)
  object space 44032K, 54% used [0x00000000c0000000,0x00000000c179f780,0x00000000c2b00000)
 Metaspace       used 6443K, capacity 7154K, committed 7296K, reserved 1056768K
  class space    used 594K, capacity 618K, committed 640K, reserved 1048576K
Event: 8.786 GC heap after
Heap after GC invocations=7 (full 0):
 PSYoungGen      total 145920K, used 16875K [0x00000000eab00000, 0x00000000f4c00000, 0x0000000100000000)
  eden space 129024K, 0% used [0x00000000eab00000,0x00000000eab00000,0x00000000f2900000)
  from space 16896K, 99% used [0x00000000f2900000,0x00000000f397ad78,0x00000000f3980000)
  to   space 14848K, 0% used [0x00000000f3980000,0x00000000f3980000,0x00000000f4800000)
 ParOldGen       total 44032K, used 39634K [0x00000000c0000000, 0x00000000c2b00000, 0x00000000eab00000)
  object space 44032K, 90% used [0x00000000c0000000,0x00000000c26b4b68,0x00000000c2b00000)
 Metaspace       used 6443K, capacity 7154K, committed 7296K, reserved 1056768K
  class space    used 594K, capacity 618K, committed 640K, reserved 1048576K
}
Event: 8.786 GC heap before
{Heap before GC invocations=8 (full 1):
 PSYoungGen      total 145920K, used 16875K [0x00000000eab00000, 0x00000000f4c00000, 0x0000000100000000)
  eden space 129024K, 0% used [0x00000000eab00000,0x00000000eab00000,0x00000000f2900000)
  from space 16896K, 99% used [0x00000000f2900000,0x00000000f397ad78,0x00000000f3980000)
  to   space 14848K, 0% used [0x00000000f3980000,0x00000000f3980000,0x00000000f4800000)
 ParOldGen       total 44032K, used 39634K [0x00000000c0000000, 0x00000000c2b00000, 0x00000000eab00000)
  object space 44032K, 90% used [0x00000000c0000000,0x00000000c26b4b68,0x00000000c2b00000)
 Metaspace       used 6443K, capacity 7154K, committed 7296K, reserved 1056768K
  class space    used 594K, capacity 618K, committed 640K, reserved 1048576K
Event: 11.068 GC heap after
Heap after GC invocations=8 (full 1):
 PSYoungGen      total 145920K, used 7488K [0x00000000eab00000, 0x00000000f4c00000, 0x0000000100000000)
  eden space 129024K, 0% used [0x00000000eab00000,0x00000000eab00000,0x00000000f2900000)
  from space 16896K, 44% used [0x00000000f2900000,0x00000000f3050290,0x00000000f3980000)
  to   space 14848K, 0% used [0x00000000f3980000,0x00000000f3980000,0x00000000f4800000)
 ParOldGen       total 90112K, used 43598K [0x00000000c0000000, 0x00000000c5800000, 0x00000000eab00000)
  object space 90112K, 48% used [0x00000000c0000000,0x00000000c2a93a90,0x00000000c5800000)
 Metaspace       used 6443K, capacity 7154K, committed 7296K, reserved 1056768K
  class space    used 594K, capacity 618K, committed 640K, reserved 1048576K
}

Deoptimization events (10 events):
Event: 11.801 Thread 0x000000001680a000 Uncommon trap: reason=class_check action=maybe_recompile pc=0x0000000002c8eb08 method=java.util.Arrays.hashCode([Ljava/lang/Object;)I @ 43
Event: 11.801 Thread 0x000000001680a000 Uncommon trap: reason=class_check action=maybe_recompile pc=0x0000000002c8eb08 method=java.util.Arrays.hashCode([Ljava/lang/Object;)I @ 43
Event: 11.801 Thread 0x000000001680a000 Uncommon trap: reason=class_check action=maybe_recompile pc=0x0000000002c8eb08 method=java.util.Arrays.hashCode([Ljava/lang/Object;)I @ 43
Event: 11.801 Thread 0x000000001680a000 Uncommon trap: reason=class_check action=maybe_recompile pc=0x0000000002c8eb08 method=java.util.Arrays.hashCode([Ljava/lang/Object;)I @ 43
Event: 11.801 Thread 0x000000001680a000 Uncommon trap: reason=class_check action=maybe_recompile pc=0x0000000002be8df4 method=java.util.Arrays.hashCode([Ljava/lang/Object;)I @ 43
Event: 12.223 Thread 0x000000001680a000 Uncommon trap: reason=speculate_class_check action=maybe_recompile pc=0x0000000002aaef34 method=com.android.dx.util.FixedSizeList.equals(Ljava/lang/Object;)Z @ 25
Event: 12.223 Thread 0x000000001680a000 Uncommon trap: reason=speculate_class_check action=maybe_recompile pc=0x0000000002aaef34 method=com.android.dx.util.FixedSizeList.equals(Ljava/lang/Object;)Z @ 25
Event: 12.223 Thread 0x000000001680a000 Uncommon trap: reason=speculate_class_check action=maybe_recompile pc=0x0000000002aaef34 method=com.android.dx.util.FixedSizeList.equals(Ljava/lang/Object;)Z @ 25
Event: 12.223 Thread 0x000000001680a000 Uncommon trap: reason=speculate_class_check action=maybe_recompile pc=0x0000000002aaef34 method=com.android.dx.util.FixedSizeList.equals(Ljava/lang/Object;)Z @ 25
Event: 12.229 Thread 0x000000001680a000 Uncommon trap: reason=unstable_if action=reinterpret pc=0x0000000002effd6c method=java.util.TreeMap.put(Ljava/lang/Object;Ljava/lang/Object;)Ljava/lang/Object; @ 163

Internal exceptions (6 events):
Event: 0.055 Thread 0x0000000000ded800 Exception <a 'java/lang/NoSuchMethodError': Method sun.misc.Unsafe.defineClass(Ljava/lang/String;[BII)Ljava/lang/Class; name or signature does not match> (0x00000000eab07cc0) thrown at [C:\src\android\AOSP-openjdk\external\jetbrains\jdk\hotspot\src\share\v˛ŒáD¨?
Event: 0.055 Thread 0x0000000000ded800 Exception <a 'java/lang/NoSuchMethodError': Method sun.misc.Unsafe.prefetchRead(Ljava/lang/Object;J)V name or signature does not match> (0x00000000eab07fa8) thrown at [C:\src\android\AOSP-openjdk\external\jetbrains\jdk\hotspot\src\share\vm\prims\jni.cpp, l+-êH@
Event: 4.571 Thread 0x0000000000ded800 Implicit null exception at 0x0000000002a4ec62 to 0x0000000002a4ed52
Event: 7.327 Thread 0x0000000016805800 Exception <a 'java/lang/ArrayIndexOutOfBoundsException': 18> (0x00000000edde5410) thrown at [C:\src\android\AOSP-openjdk\external\jetbrains\jdk\hotspot\src\share\vm\interpreter\interpreterRuntime.cpp, line 366]
Event: 7.328 Thread 0x0000000016805800 Exception <a 'java/lang/ArrayIndexOutOfBoundsException': 145> (0x00000000edde6f90) thrown at [C:\src\android\AOSP-openjdk\external\jetbrains\jdk\hotspot\src\share\vm\interpreter\interpreterRuntime.cpp, line 366]
Event: 7.341 Thread 0x0000000016805800 Exception <a 'java/lang/ArrayIndexOutOfBoundsException'> (0x00000000edde8278) thrown at [C:\src\android\AOSP-openjdk\external\jetbrains\jdk\hotspot\src\share\vm\runtime\sharedRuntime.cpp, line 605]

Events (10 events):
Event: 13.078 loading class com/android/dx/dex/file/MapItem
Event: 13.078 loading class com/android/dx/dex/file/MapItem done
Event: 13.089 loading class com/android/dex/DexFormat
Event: 13.089 loading class com/android/dex/DexFormat done
Event: 13.261 Thread 0x000000001680a000 DEOPT PACKING pc=0x0000000002ff6d6e sp=0x0000000019abe660
Event: 13.261 Thread 0x000000001680a000 DEOPT UNPACKING pc=0x00000000027675bf sp=0x0000000019abe380 mode 0
Event: 13.271 Thread 0x000000001680a000 DEOPT PACKING pc=0x0000000002ff80a8 sp=0x0000000019abe510
Event: 13.271 Thread 0x000000001680a000 DEOPT UNPACKING pc=0x00000000027675bf sp=0x0000000019abe2f8 mode 0
Event: 13.348 Thread 0x000000001680a000 DEOPT PACKING pc=0x0000000002be6def sp=0x0000000019abe5f0
Event: 13.348 Thread 0x000000001680a000 DEOPT UNPACKING pc=0x00000000027675bf sp=0x0000000019abe330 mode 0


Dynamic libraries:
0x00007ff7cd7b0000 - 0x00007ff7cd7e1000 	C:\Program Files\Android\Android Studio\jre\bin\java.exe
0x00007ffd40960000 - 0x00007ffd40b21000 	C:\WINDOWS\SYSTEM32\ntdll.dll
0x00007ffd3e080000 - 0x00007ffd3e12d000 	C:\WINDOWS\system32\KERNEL32.DLL
0x00007ffd3dab0000 - 0x00007ffd3dc98000 	C:\WINDOWS\system32\KERNELBASE.dll
0x00007ffd40460000 - 0x00007ffd40507000 	C:\WINDOWS\system32\ADVAPI32.dll
0x00007ffd3e980000 - 0x00007ffd3ea1d000 	C:\WINDOWS\system32\msvcrt.dll
0x00007ffd3e8b0000 - 0x00007ffd3e90b000 	C:\WINDOWS\system32\sechost.dll
0x00007ffd3e130000 - 0x00007ffd3e24c000 	C:\WINDOWS\system32\RPCRT4.dll
0x00007ffd3df20000 - 0x00007ffd3e076000 	C:\WINDOWS\system32\USER32.dll
0x00007ffd3dd80000 - 0x00007ffd3df06000 	C:\WINDOWS\system32\GDI32.dll
0x00007ffd38ad0000 - 0x00007ffd38d44000 	C:\WINDOWS\WinSxS\amd64_microsoft.windows.common-controls_6595b64144ccf1df_6.0.10586.672_none_a2d6b3cea53ff843\COMCTL32.dll
0x00007ffd3e250000 - 0x00007ffd3e4cd000 	C:\WINDOWS\system32\combase.dll
0x00007ffd3d8b0000 - 0x00007ffd3d91a000 	C:\WINDOWS\system32\bcryptPrimitives.dll
0x00007ffd40510000 - 0x00007ffd4054b000 	C:\WINDOWS\system32\IMM32.DLL
0x000000005be90000 - 0x000000005bf62000 	C:\Program Files\Android\Android Studio\jre\jre\bin\msvcr100.dll
0x000000005c050000 - 0x000000005c884000 	C:\Program Files\Android\Android Studio\jre\jre\bin\server\jvm.dll
0x00007ffd3df10000 - 0x00007ffd3df18000 	C:\WINDOWS\system32\PSAPI.DLL
0x00007ffd32730000 - 0x00007ffd32739000 	C:\WINDOWS\SYSTEM32\WSOCK32.dll
0x00007ffd39a80000 - 0x00007ffd39aa3000 	C:\WINDOWS\SYSTEM32\WINMM.dll
0x00007ffd3e910000 - 0x00007ffd3e97b000 	C:\WINDOWS\system32\WS2_32.dll
0x00007ffd33a10000 - 0x00007ffd33a1a000 	C:\WINDOWS\SYSTEM32\VERSION.dll
0x00007ffd39a50000 - 0x00007ffd39a7c000 	C:\WINDOWS\SYSTEM32\WINMMBASE.dll
0x00007ffd3d920000 - 0x00007ffd3d963000 	C:\WINDOWS\system32\cfgmgr32.dll
0x00007ffd3b140000 - 0x00007ffd3b14f000 	C:\Program Files\Android\Android Studio\jre\jre\bin\verify.dll
0x00007ffd32f60000 - 0x00007ffd32f89000 	C:\Program Files\Android\Android Studio\jre\jre\bin\java.dll
0x00007ffd34390000 - 0x00007ffd343a6000 	C:\Program Files\Android\Android Studio\jre\jre\bin\zip.dll
0x00007ffd3ef00000 - 0x00007ffd4045c000 	C:\WINDOWS\system32\SHELL32.dll
0x00007ffd3d090000 - 0x00007ffd3d6d5000 	C:\WINDOWS\system32\windows.storage.dll
0x00007ffd406d0000 - 0x00007ffd40722000 	C:\WINDOWS\system32\shlwapi.dll
0x00007ffd3d000000 - 0x00007ffd3d00f000 	C:\WINDOWS\system32\kernel.appcore.dll
0x00007ffd3dca0000 - 0x00007ffd3dd55000 	C:\WINDOWS\system32\shcore.dll
0x00007ffd3cfb0000 - 0x00007ffd3cffb000 	C:\WINDOWS\system32\powrprof.dll
0x00007ffd3cf90000 - 0x00007ffd3cfa4000 	C:\WINDOWS\system32\profapi.dll

VM Arguments:
jvm_args: -Djava.awt.headless=true -Xmx1024M -Dfile.encoding=windows-1252 -Duser.country=GB -Duser.language=en -Duser.variant 
java_command: com.android.dx.command.Main --dex --force-jumbo --num-threads=4 --multi-dex --output C:\Users\Thomas\AndroidStudioProjects\MrWhemps\app\build\intermediates\transforms\dex\debug\folders\1000\10\com.google.android.gms-play-services-basement-9.4.0_823c5257cbc4308c2adce0061ecc4ecb66600de1 C:\Users\Thomas\AndroidStudioProjects\MrWhemps\app\build\intermediates\exploded-aar\com.google.android.gms\play-services-basement\9.4.0\jars\classes.jar
java_class_path (initial): C:\Users\Thomas\AppData\Local\Android\sdk\build-tools\23.0.2\lib\dx.jar
Launcher Type: SUN_STANDARD

Environment Variables:
PATH=C:\Program Files (x86)\Intel\iCLS Client\;C:\Program Files\Intel\iCLS Client\;C:\Windows\system32;C:\Windows;C:\Windows\System32\Wbem;C:\Windows\System32\WindowsPowerShell\v1.0\;C:\Program Files (x86)\Intel\OpenCL SDK\2.0\bin\x86;C:\Program Files (x86)\Intel\OpenCL SDK\2.0\bin\x64;C:\Program Files\Intel\Intel(R) Management Engine Components\DAL;C:\Program Files\Intel\Intel(R) Management Engine Components\IPT;C:\Program Files (x86)\Intel\Intel(R) Management Engine Components\DAL;C:\Program Files (x86)\Intel\Intel(R) Management Engine Components\IPT;C:\Program Files (x86)\Windows Live\Shared;C:\Users\Thomas\AppData\Local\Smartbar\Application\;C:\WINDOWS\system32;C:\WINDOWS;C:\WINDOWS\System32\Wbem;C:\WINDOWS\System32\WindowsPowerShell\v1.0\;D:\Programs\bin;C:\Program Files\Microsoft SQL Server\110\Tools\Binn\;C:\Program Files\Microsoft SQL Server\120\Tools\Binn\;C:\Program Files\MiKTeX 2.9\miktex\bin\;C:\Program Files\MiKTeX 2.9\gs\gs8.71\bin\;C:\Program Files\Git\cmd;C:\Program Files (x86)\Skype\Phone\;C:\Program Files\Microsoft SQL Server\130\Tools\Binn\;C:\Program Files (x86)\Windows Kits\10\Windows Performance Toolkit\;C:\Program Files
USERNAME=Thomas
OS=Windows_NT
PROCESSOR_IDENTIFIER=Intel64 Family 6 Model 42 Stepping 7, GenuineIntel



---------------  S Y S T E M  ---------------

OS: Windows 10.0 , 64 bit Build 10586 (10.0.10586.589)

CPU:total 4 (2 cores per cpu, 2 threads per core) family 6 model 42 stepping 7, cmov, cx8, fxsr, mmx, sse, sse2, sse3, ssse3, sse4.1, sse4.2, popcnt, avx, clmul, ht, tsc, tscinvbit

Memory: 4k page, physical 4075172k(464584k free), swap 6565536k(5288k free)

vm_info: OpenJDK 64-Bit Server VM (25.76-b03) for windows-amd64 JRE (1.8.0_76-release-b03), built on Jun 29 2016 19:09:20 by "ralucas" with MS VC++ 10.0 (VS2010)

time: Sun Jan 22 01:16:02 2017
elapsed time: 13 seconds (0d 0h 0m 13s)

