#
# There is insufficient memory for the Java Runtime Environment to continue.
# Native memory allocation (malloc) failed to allocate 65552 bytes for Chunk::new
# Possible reasons:
#   The system is out of physical RAM or swap space
#   In 32 bit mode, the process size limit was hit
# Possible solutions:
#   Reduce memory load on the system
#   Increase physical memory or swap space
#   Check if swap backing store is full
#   Use 64 bit Java on a 64 bit OS
#   Decrease Java heap size (-Xmx/-Xms)
#   Decrease number of Java threads
#   Decrease Java thread stack sizes (-Xss)
#   Set larger code cache with -XX:ReservedCodeCacheSize=
# This output file may be truncated or incomplete.
#
#  Out of Memory Error (allocation.cpp:390), pid=9096, tid=0x00000000000001f8
#
# JRE version: OpenJDK Runtime Environment (8.0_76-b03) (build 1.8.0_76-release-b03)
# Java VM: OpenJDK 64-Bit Server VM (25.76-b03 mixed mode windows-amd64 compressed oops)
# Failed to write core dump. Minidumps are not enabled by default on client versions of Windows
#

---------------  T H R E A D  ---------------

Current thread (0x0000000014b8b800):  JavaThread "C2 CompilerThread0" daemon [_thread_in_native, id=504, stack(0x0000000016110000,0x0000000016210000)]

Stack: [0x0000000016110000,0x0000000016210000]
[error occurred during error reporting (printing stack bounds), id 0xc0000005]

Native frames: (J=compiled Java code, j=interpreted, Vv=VM code, C=native code)


Current CompileTask:
C2:  45487 2528       4       com.android.dx.dex.cf.CfTranslator::translate0 (259 bytes)


---------------  P R O C E S S  ---------------

Java Threads: ( => current thread )
  0x000000001673f800 JavaThread "pool-2-thread-3" [_thread_in_Java, id=4288, stack(0x0000000016d10000,0x0000000016e10000)]
  0x000000001673b000 JavaThread "pool-3-thread-1" [_thread_blocked, id=7796, stack(0x0000000016b10000,0x0000000016c10000)]
  0x0000000016732000 JavaThread "pool-2-thread-1" [_thread_in_Java, id=11060, stack(0x0000000016a10000,0x0000000016b10000)]
  0x0000000014bec800 JavaThread "Service Thread" daemon [_thread_blocked, id=5452, stack(0x0000000016810000,0x0000000016910000)]
  0x0000000014be8000 JavaThread "C1 CompilerThread2" daemon [_thread_blocked, id=10780, stack(0x0000000016310000,0x0000000016410000)]
  0x0000000014baa800 JavaThread "C2 CompilerThread1" daemon [_thread_blocked, id=11480, stack(0x0000000016210000,0x0000000016310000)]
=>0x0000000014b8b800 JavaThread "C2 CompilerThread0" daemon [_thread_in_native, id=504, stack(0x0000000016110000,0x0000000016210000)]
  0x0000000014b8a000 JavaThread "Attach Listener" daemon [_thread_blocked, id=8452, stack(0x0000000016010000,0x0000000016110000)]
  0x0000000014b89000 JavaThread "Signal Dispatcher" daemon [_thread_blocked, id=7500, stack(0x0000000015f10000,0x0000000016010000)]
  0x00000000024b6000 JavaThread "Finalizer" daemon [_thread_blocked, id=10744, stack(0x0000000015e10000,0x0000000015f10000)]
  0x0000000014b57000 JavaThread "Reference Handler" daemon [_thread_blocked, id=9888, stack(0x0000000015d10000,0x0000000015e10000)]
  0x00000000021bd800 JavaThread "main" [_thread_blocked, id=3724, stack(0x00000000021c0000,0x00000000022c0000)]

Other Threads:
  0x0000000014b55000 VMThread [stack: 0x0000000015c10000,0x0000000015d10000] [id=4452]
  0x0000000016410800 WatcherThread [stack: 0x0000000016910000,0x0000000016a10000] [id=10472]

VM state:not at safepoint (normal execution)

VM Mutex/Monitor currently owned by a thread: None

Heap:
 PSYoungGen      total 232960K, used 109385K [0x00000000eab00000, 0x0000000100000000, 0x0000000100000000)
  eden space 116736K, 93% used [0x00000000eab00000,0x00000000f15d2608,0x00000000f1d00000)
  from space 116224K, 0% used [0x00000000f1d00000,0x00000000f1d00000,0x00000000f8e80000)
  to   space 116224K, 0% used [0x00000000f8e80000,0x00000000f8e80000,0x0000000100000000)
 ParOldGen       total 441856K, used 265281K [0x00000000c0000000, 0x00000000daf80000, 0x00000000eab00000)
  object space 441856K, 60% used [0x00000000c0000000,0x00000000d03104d8,0x00000000daf80000)
 Metaspace       used 6445K, capacity 7218K, committed 7296K, reserved 1056768K
  class space    used 598K, capacity 618K, committed 640K, reserved 1048576K

Card table byte_map: [0x0000000011880000,0x0000000011a90000] byte_map_base: 0x0000000011280000

Marking Bits: (ParMarkBitMap*) 0x000000005e1a9d00
 Begin Bits: [0x0000000011ff0000, 0x0000000012ff0000)
 End Bits:   [0x0000000012ff0000, 0x0000000013ff0000)

Polling page: 0x0000000000a80000

CodeCache: size=245760Kb used=12195Kb max_used=12218Kb free=233564Kb
 bounds [0x00000000024c0000, 0x00000000030c0000, 0x00000000114c0000]
 total_blobs=2511 nmethods=2243 adapters=181
 compilation: enabled

Compilation events (10 events):
Event: 44.628 Thread 0x0000000014b8b800 nmethod 2523 0x00000000030789d0 code [0x0000000003078b20, 0x0000000003078c58]
Event: 44.634 Thread 0x0000000014baa800 2524       4       com.android.dx.cf.code.BasicBlocker::visitNoArgs (298 bytes)
Event: 44.646 Thread 0x0000000014baa800 nmethod 2524 0x00000000030ab510 code [0x00000000030ab780, 0x00000000030abd28]
Event: 44.647 Thread 0x0000000014b8b800 2525       4       com.android.dx.rop.code.Rops::pickBinaryOp (158 bytes)
Event: 44.654 Thread 0x0000000014b8b800 nmethod 2525 0x000000000268be10 code [0x000000000268bf60, 0x000000000268c218]
Event: 44.683 Thread 0x0000000014be8000 2526       3       com.android.dx.cf.code.ExecutionStack::makeInitialized (51 bytes)
Event: 44.683 Thread 0x0000000014be8000 nmethod 2526 0x00000000025d0cd0 code [0x00000000025d0e80, 0x00000000025d1518]
Event: 44.855 Thread 0x0000000014baa800 2527 %     4       com.android.dx.dex.cf.CfTranslator::translate0 @ 141 (259 bytes)
Event: 44.869 Thread 0x0000000014baa800 nmethod 2527% 0x00000000030aa590 code [0x00000000030aa740, 0x00000000030aadf0]
Event: 44.870 Thread 0x0000000014b8b800 2528       4       com.android.dx.dex.cf.CfTranslator::translate0 (259 bytes)

GC Heap History (10 events):
Event: 38.659 GC heap before
{Heap before GC invocations=16 (full 4):
 PSYoungGen      total 237056K, used 124928K [0x00000000eab00000, 0x0000000100000000, 0x0000000100000000)
  eden space 124928K, 100% used [0x00000000eab00000,0x00000000f2500000,0x00000000f2500000)
  from space 112128K, 0% used [0x00000000f2500000,0x00000000f2500000,0x00000000f9280000)
  to   space 105472K, 0% used [0x00000000f9900000,0x00000000f9900000,0x0000000100000000)
 ParOldGen       total 245248K, used 123754K [0x00000000c0000000, 0x00000000cef80000, 0x00000000eab00000)
  object space 245248K, 50% used [0x00000000c0000000,0x00000000c78dabd8,0x00000000cef80000)
 Metaspace       used 6438K, capacity 7218K, committed 7296K, reserved 1056768K
  class space    used 596K, capacity 618K, committed 640K, reserved 1048576K
Event: 38.753 GC heap after
Heap after GC invocations=16 (full 4):
 PSYoungGen      total 218112K, used 33251K [0x00000000eab00000, 0x00000000fed80000, 0x0000000100000000)
  eden space 131584K, 0% used [0x00000000eab00000,0x00000000eab00000,0x00000000f2b80000)
  from space 86528K, 38% used [0x00000000f9900000,0x00000000fb978fe0,0x00000000fed80000)
  to   space 99328K, 0% used [0x00000000f2b80000,0x00000000f2b80000,0x00000000f8c80000)
 ParOldGen       total 245248K, used 123762K [0x00000000c0000000, 0x00000000cef80000, 0x00000000eab00000)
  object space 245248K, 50% used [0x00000000c0000000,0x00000000c78dcbd8,0x00000000cef80000)
 Metaspace       used 6438K, capacity 7218K, committed 7296K, reserved 1056768K
  class space    used 596K, capacity 618K, committed 640K, reserved 1048576K
}
Event: 39.030 GC heap before
{Heap before GC invocations=17 (full 4):
 PSYoungGen      total 218112K, used 164835K [0x00000000eab00000, 0x00000000fed80000, 0x0000000100000000)
  eden space 131584K, 100% used [0x00000000eab00000,0x00000000f2b80000,0x00000000f2b80000)
  from space 86528K, 38% used [0x00000000f9900000,0x00000000fb978fe0,0x00000000fed80000)
  to   space 99328K, 0% used [0x00000000f2b80000,0x00000000f2b80000,0x00000000f8c80000)
 ParOldGen       total 245248K, used 123762K [0x00000000c0000000, 0x00000000cef80000, 0x00000000eab00000)
  object space 245248K, 50% used [0x00000000c0000000,0x00000000c78dcbd8,0x00000000cef80000)
 Metaspace       used 6438K, capacity 7218K, committed 7296K, reserved 1056768K
  class space    used 596K, capacity 618K, committed 640K, reserved 1048576K
Event: 39.180 GC heap after
Heap after GC invocations=17 (full 4):
 PSYoungGen      total 230912K, used 99323K [0x00000000eab00000, 0x0000000100000000, 0x0000000100000000)
  eden space 131584K, 0% used [0x00000000eab00000,0x00000000eab00000,0x00000000f2b80000)
  from space 99328K, 99% used [0x00000000f2b80000,0x00000000f8c7ef70,0x00000000f8c80000)
  to   space 116224K, 0% used [0x00000000f8e80000,0x00000000f8e80000,0x0000000100000000)
 ParOldGen       total 245248K, used 134226K [0x00000000c0000000, 0x00000000cef80000, 0x00000000eab00000)
  object space 245248K, 54% used [0x00000000c0000000,0x00000000c8314bd8,0x00000000cef80000)
 Metaspace       used 6438K, capacity 7218K, committed 7296K, reserved 1056768K
  class space    used 596K, capacity 618K, committed 640K, reserved 1048576K
}
Event: 39.291 GC heap before
{Heap before GC invocations=18 (full 4):
 PSYoungGen      total 230912K, used 230907K [0x00000000eab00000, 0x0000000100000000, 0x0000000100000000)
  eden space 131584K, 100% used [0x00000000eab00000,0x00000000f2b80000,0x00000000f2b80000)
  from space 99328K, 99% used [0x00000000f2b80000,0x00000000f8c7ef70,0x00000000f8c80000)
  to   space 116224K, 0% used [0x00000000f8e80000,0x00000000f8e80000,0x0000000100000000)
 ParOldGen       total 245248K, used 134226K [0x00000000c0000000, 0x00000000cef80000, 0x00000000eab00000)
  object space 245248K, 54% used [0x00000000c0000000,0x00000000c8314bd8,0x00000000cef80000)
 Metaspace       used 6438K, capacity 7218K, committed 7296K, reserved 1056768K
  class space    used 596K, capacity 618K, committed 640K, reserved 1048576K
Event: 39.419 GC heap after
Heap after GC invocations=18 (full 4):
 PSYoungGen      total 232960K, used 116207K [0x00000000eab00000, 0x0000000100000000, 0x0000000100000000)
  eden space 116736K, 0% used [0x00000000eab00000,0x00000000eab00000,0x00000000f1d00000)
  from space 116224K, 99% used [0x00000000f8e80000,0x00000000ffffbee0,0x0000000100000000)
  to   space 116224K, 0% used [0x00000000f1d00000,0x00000000f1d00000,0x00000000f8e80000)
 ParOldGen       total 245248K, used 181605K [0x00000000c0000000, 0x00000000cef80000, 0x00000000eab00000)
  object space 245248K, 74% used [0x00000000c0000000,0x00000000cb1594b8,0x00000000cef80000)
 Metaspace       used 6438K, capacity 7218K, committed 7296K, reserved 1056768K
  class space    used 596K, capacity 618K, committed 640K, reserved 1048576K
}
Event: 39.886 GC heap before
{Heap before GC invocations=19 (full 4):
 PSYoungGen      total 232960K, used 232943K [0x00000000eab00000, 0x0000000100000000, 0x0000000100000000)
  eden space 116736K, 100% used [0x00000000eab00000,0x00000000f1d00000,0x00000000f1d00000)
  from space 116224K, 99% used [0x00000000f8e80000,0x00000000ffffbee0,0x0000000100000000)
  to   space 116224K, 0% used [0x00000000f1d00000,0x00000000f1d00000,0x00000000f8e80000)
 ParOldGen       total 245248K, used 181605K [0x00000000c0000000, 0x00000000cef80000, 0x00000000eab00000)
  object space 245248K, 74% used [0x00000000c0000000,0x00000000cb1594b8,0x00000000cef80000)
 Metaspace       used 6444K, capacity 7218K, committed 7296K, reserved 1056768K
  class space    used 598K, capacity 618K, committed 640K, reserved 1048576K
Event: 40.121 GC heap after
Heap after GC invocations=19 (full 4):
 PSYoungGen      total 232960K, used 24514K [0x00000000eab00000, 0x0000000100000000, 0x0000000100000000)
  eden space 116736K, 0% used [0x00000000eab00000,0x00000000eab00000,0x00000000f1d00000)
  from space 116224K, 21% used [0x00000000f1d00000,0x00000000f34f0ac0,0x00000000f8e80000)
  to   space 116224K, 0% used [0x00000000f8e80000,0x00000000f8e80000,0x0000000100000000)
 ParOldGen       total 299008K, used 298059K [0x00000000c0000000, 0x00000000d2400000, 0x00000000eab00000)
  object space 299008K, 99% used [0x00000000c0000000,0x00000000d2312f10,0x00000000d2400000)
 Metaspace       used 6444K, capacity 7218K, committed 7296K, reserved 1056768K
  class space    used 598K, capacity 618K, committed 640K, reserved 1048576K
}
Event: 40.121 GC heap before
{Heap before GC invocations=20 (full 5):
 PSYoungGen      total 232960K, used 24514K [0x00000000eab00000, 0x0000000100000000, 0x0000000100000000)
  eden space 116736K, 0% used [0x00000000eab00000,0x00000000eab00000,0x00000000f1d00000)
  from space 116224K, 21% used [0x00000000f1d00000,0x00000000f34f0ac0,0x00000000f8e80000)
  to   space 116224K, 0% used [0x00000000f8e80000,0x00000000f8e80000,0x0000000100000000)
 ParOldGen       total 299008K, used 298059K [0x00000000c0000000, 0x00000000d2400000, 0x00000000eab00000)
  object space 299008K, 99% used [0x00000000c0000000,0x00000000d2312f10,0x00000000d2400000)
 Metaspace       used 6444K, capacity 7218K, committed 7296K, reserved 1056768K
  class space    used 598K, capacity 618K, committed 640K, reserved 1048576K
Event: 44.068 GC heap after
Heap after GC invocations=20 (full 5):
 PSYoungGen      total 232960K, used 0K [0x00000000eab00000, 0x0000000100000000, 0x0000000100000000)
  eden space 116736K, 0% used [0x00000000eab00000,0x00000000eab00000,0x00000000f1d00000)
  from space 116224K, 0% used [0x00000000f1d00000,0x00000000f1d00000,0x00000000f8e80000)
  to   space 116224K, 0% used [0x00000000f8e80000,0x00000000f8e80000,0x0000000100000000)
 ParOldGen       total 441856K, used 265281K [0x00000000c0000000, 0x00000000daf80000, 0x00000000eab00000)
  object space 441856K, 60% used [0x00000000c0000000,0x00000000d03104d8,0x00000000daf80000)
 Metaspace       used 6444K, capacity 7218K, committed 7296K, reserved 1056768K
  class space    used 598K, capacity 618K, committed 640K, reserved 1048576K
}

Deoptimization events (10 events):
Event: 27.193 Thread 0x00000000021bd800 Uncommon trap: reason=unstable_if action=reinterpret pc=0x0000000002df634c method=com.android.dx.ssa.Dominators.run()V @ 346
Event: 27.254 Thread 0x00000000021bd800 Uncommon trap: reason=unstable_if action=reinterpret pc=0x0000000002e03340 method=com.android.dx.cf.code.Merger.mergeStack(Lcom/android/dx/cf/code/ExecutionStack;Lcom/android/dx/cf/code/ExecutionStack;)Lcom/android/dx/cf/code/ExecutionStack; @ 2
Event: 29.855 Thread 0x00000000021bd800 Uncommon trap: reason=unstable_if action=reinterpret pc=0x0000000002c4d358 method=java.util.HashMap.putVal(ILjava/lang/Object;Ljava/lang/Object;ZZ)Ljava/lang/Object; @ 109
Event: 35.124 Thread 0x00000000021bd800 Uncommon trap: reason=unstable_if action=reinterpret pc=0x0000000002becb34 method=com.android.dx.ssa.back.IdenticalBlockCombiner.replaceSucc(Lcom/android/dx/rop/code/BasicBlock;II)V @ 30
Event: 35.620 Thread 0x00000000021bd800 Uncommon trap: reason=unstable_if action=reinterpret pc=0x0000000002bb0814 method=com.android.dx.ssa.MoveParamCombiner$1.visitNonMoveInsn(Lcom/android/dx/ssa/NormalSsaInsn;)V @ 27
Event: 35.768 Thread 0x00000000021bd800 Uncommon trap: reason=unstable_if action=reinterpret pc=0x0000000002c283a4 method=java.util.HashMap.putVal(ILjava/lang/Object;Ljava/lang/Object;ZZ)Ljava/lang/Object; @ 109
Event: 36.878 Thread 0x00000000021bd800 Uncommon trap: reason=unstable_if action=reinterpret pc=0x0000000002ffa520 method=com.android.dx.rop.cst.CstLiteral64.equals(Ljava/lang/Object;)Z @ 27
Event: 37.692 Thread 0x00000000021bd800 Uncommon trap: reason=unstable_if action=reinterpret pc=0x0000000003032ef0 method=java.util.HashMap.putVal(ILjava/lang/Object;Ljava/lang/Object;ZZ)Ljava/lang/Object; @ 206
Event: 38.867 Thread 0x00000000021bd800 Uncommon trap: reason=bimorphic action=maybe_recompile pc=0x0000000002ddfa6c method=com.android.dx.cf.code.BytecodeArray.parseInstruction(ILcom/android/dx/cf/code/BytecodeArray$Visitor;)I @ 2554
Event: 38.867 Thread 0x00000000021bd800 Uncommon trap: reason=bimorphic action=maybe_recompile pc=0x0000000002ddfa6c method=com.android.dx.cf.code.BytecodeArray.parseInstruction(ILcom/android/dx/cf/code/BytecodeArray$Visitor;)I @ 2554

Internal exceptions (6 events):
Event: 3.336 Thread 0x00000000021bd800 Exception <a 'java/lang/NoSuchMethodError': Method sun.misc.Unsafe.defineClass(Ljava/lang/String;[BII)Ljava/lang/Class; name or signature does not match> (0x00000000eab07cc0) thrown at [C:\src\android\AOSP-openjdk\external\jetbrains\jdk\hotspot\src\share\v% }cØ
@
Event: 3.336 Thread 0x00000000021bd800 Exception <a 'java/lang/NoSuchMethodError': Method sun.misc.Unsafe.prefetchRead(Ljava/lang/Object;J)V name or signature does not match> (0x00000000eab07fa8) thrown at [C:\src\android\AOSP-openjdk\external\jetbrains\jdk\hotspot\src\share\vm\prims\jni.cpp, l‹‹Œzﬂs*@
Event: 13.226 Thread 0x000000001673f800 Implicit null exception at 0x00000000027e4622 to 0x00000000027e4712
Event: 18.067 Thread 0x000000001673d800 Exception <a 'java/lang/ArrayIndexOutOfBoundsException': 18> (0x00000000edabcc08) thrown at [C:\src\android\AOSP-openjdk\external\jetbrains\jdk\hotspot\src\share\vm\interpreter\interpreterRuntime.cpp, line 366]
Event: 18.069 Thread 0x000000001673d800 Exception <a 'java/lang/ArrayIndexOutOfBoundsException'> (0x00000000edabe788) thrown at [C:\src\android\AOSP-openjdk\external\jetbrains\jdk\hotspot\src\share\vm\runtime\sharedRuntime.cpp, line 605]
Event: 18.070 Thread 0x000000001673d800 Exception <a 'java/lang/ArrayIndexOutOfBoundsException'> (0x00000000edabfa70) thrown at [C:\src\android\AOSP-openjdk\external\jetbrains\jdk\hotspot\src\share\vm\runtime\sharedRuntime.cpp, line 605]

Events (10 events):
Event: 44.646 Thread 0x0000000014baa800 flushing nmethod 0x000000000268bd10
Event: 44.646 Thread 0x0000000014baa800 flushing nmethod 0x000000000268ccd0
Event: 44.646 Thread 0x0000000014baa800 flushing nmethod 0x000000000268e150
Event: 44.646 Thread 0x0000000014baa800 flushing nmethod 0x00000000026922d0
Event: 44.654 Thread 0x0000000014b8b800 flushing nmethod 0x00000000026c6f10
Event: 44.654 Thread 0x0000000014b8b800 flushing nmethod 0x00000000026ccb10
Event: 44.770 Thread 0x0000000016741000 Thread exited: 0x0000000016741000
Event: 44.875 Thread 0x000000001673d800 DEOPT PACKING pc=0x0000000002dcb72b sp=0x0000000016d0f260
Event: 44.875 Thread 0x000000001673d800 DEOPT UNPACKING pc=0x00000000025075bf sp=0x0000000016d0f030 mode 0
Event: 44.876 Thread 0x000000001673d800 Thread exited: 0x000000001673d800


Dynamic libraries:
0x00007ff6091e0000 - 0x00007ff609211000 	C:\Program Files\Android\Android Studio\jre\bin\java.exe
0x00007fff314c0000 - 0x00007fff31681000 	C:\WINDOWS\SYSTEM32\ntdll.dll
0x00007fff2eaa0000 - 0x00007fff2eb4d000 	C:\WINDOWS\system32\KERNEL32.DLL
0x00007fff2e030000 - 0x00007fff2e218000 	C:\WINDOWS\system32\KERNELBASE.dll
0x00007fff30780000 - 0x00007fff30827000 	C:\WINDOWS\system32\ADVAPI32.dll
0x00007fff31140000 - 0x00007fff311dd000 	C:\WINDOWS\system32\msvcrt.dll
0x00007fff30b70000 - 0x00007fff30bcb000 	C:\WINDOWS\system32\sechost.dll
0x00007fff2e8c0000 - 0x00007fff2e9dc000 	C:\WINDOWS\system32\RPCRT4.dll
0x00007fff2ef80000 - 0x00007fff2f0d6000 	C:\WINDOWS\system32\USER32.dll
0x00007fff30fb0000 - 0x00007fff31136000 	C:\WINDOWS\system32\GDI32.dll
0x00007fff257a0000 - 0x00007fff25a14000 	C:\WINDOWS\WinSxS\amd64_microsoft.windows.common-controls_6595b64144ccf1df_6.0.10586.672_none_a2d6b3cea53ff843\COMCTL32.dll
0x00007fff30bd0000 - 0x00007fff30e4d000 	C:\WINDOWS\system32\combase.dll
0x00007fff2dc60000 - 0x00007fff2dcca000 	C:\WINDOWS\system32\bcryptPrimitives.dll
0x00007fff30980000 - 0x00007fff309bb000 	C:\WINDOWS\system32\IMM32.DLL
0x000000005eea0000 - 0x000000005ef72000 	C:\Program Files\Android\Android Studio\jre\jre\bin\msvcr100.dll
0x000000005d9f0000 - 0x000000005e224000 	C:\Program Files\Android\Android Studio\jre\jre\bin\server\jvm.dll
0x00007fff30660000 - 0x00007fff30668000 	C:\WINDOWS\system32\PSAPI.DLL
0x00007fff1ce30000 - 0x00007fff1ce39000 	C:\WINDOWS\SYSTEM32\WSOCK32.dll
0x00007fff30aa0000 - 0x00007fff30b0b000 	C:\WINDOWS\system32\WS2_32.dll
0x00007fff2bd30000 - 0x00007fff2bd53000 	C:\WINDOWS\SYSTEM32\WINMM.dll
0x00007fff242a0000 - 0x00007fff242aa000 	C:\WINDOWS\SYSTEM32\VERSION.dll
0x00007fff2bd00000 - 0x00007fff2bd2c000 	C:\WINDOWS\SYSTEM32\WINMMBASE.dll
0x00007fff2e220000 - 0x00007fff2e263000 	C:\WINDOWS\system32\cfgmgr32.dll
0x00007fff2af00000 - 0x00007fff2af0f000 	C:\Program Files\Android\Android Studio\jre\jre\bin\verify.dll
0x00007fff2ad20000 - 0x00007fff2ad49000 	C:\Program Files\Android\Android Studio\jre\jre\bin\java.dll
0x00007fff2aee0000 - 0x00007fff2aef6000 	C:\Program Files\Android\Android Studio\jre\jre\bin\zip.dll
0x00007fff2f0e0000 - 0x00007fff3063c000 	C:\WINDOWS\system32\SHELL32.dll
0x00007fff2e270000 - 0x00007fff2e8b5000 	C:\WINDOWS\system32\windows.storage.dll
0x00007fff312b0000 - 0x00007fff31302000 	C:\WINDOWS\system32\shlwapi.dll
0x00007fff2db30000 - 0x00007fff2db3f000 	C:\WINDOWS\system32\kernel.appcore.dll
0x00007fff2dcd0000 - 0x00007fff2dd85000 	C:\WINDOWS\system32\shcore.dll
0x00007fff2dae0000 - 0x00007fff2db2b000 	C:\WINDOWS\system32\powrprof.dll
0x00007fff2db50000 - 0x00007fff2db64000 	C:\WINDOWS\system32\profapi.dll

VM Arguments:
jvm_args: -Djava.awt.headless=true -Xmx1024M -Dfile.encoding=windows-1252 -Duser.country=GB -Duser.language=en -Duser.variant 
java_command: com.android.dx.command.Main --dex --force-jumbo --num-threads=4 --multi-dex --output C:\Users\Thomas\AndroidStudioProjects\MrWhemps\app\build\intermediates\transforms\dex\debug\folders\1000\10\com.google.android.gms-play-services-ads-9.4.0_66afef4fa8bf1a1cd67637876d9d6bc47bc16660 C:\Users\Thomas\AndroidStudioProjects\MrWhemps\app\build\intermediates\exploded-aar\com.google.android.gms\play-services-ads\9.4.0\jars\classes.jar
java_class_path (initial): C:\Users\Thomas\AppData\Local\Android\sdk\build-tools\23.0.2\lib\dx.jar
Launcher Type: SUN_STANDARD

Environment Variables:
PATH=C:\Program Files (x86)\Intel\iCLS Client\;C:\Program Files\Intel\iCLS Client\;C:\Windows\system32;C:\Windows;C:\Windows\System32\Wbem;C:\Windows\System32\WindowsPowerShell\v1.0\;C:\Program Files (x86)\Intel\OpenCL SDK\2.0\bin\x86;C:\Program Files (x86)\Intel\OpenCL SDK\2.0\bin\x64;C:\Program Files\Intel\Intel(R) Management Engine Components\DAL;C:\Program Files\Intel\Intel(R) Management Engine Components\IPT;C:\Program Files (x86)\Intel\Intel(R) Management Engine Components\DAL;C:\Program Files (x86)\Intel\Intel(R) Management Engine Components\IPT;C:\Program Files (x86)\Windows Live\Shared;C:\Users\Thomas\AppData\Local\Smartbar\Application\;C:\WINDOWS\system32;C:\WINDOWS;C:\WINDOWS\System32\Wbem;C:\WINDOWS\System32\WindowsPowerShell\v1.0\;D:\Programs\bin;C:\Program Files\Microsoft SQL Server\110\Tools\Binn\;C:\Program Files\Microsoft SQL Server\120\Tools\Binn\;C:\Program Files\MiKTeX 2.9\miktex\bin\;C:\Program Files\MiKTeX 2.9\gs\gs8.71\bin\;C:\Program Files\Git\cmd;C:\Program Files (x86)\Skype\Phone\;C:\Program Files\Microsoft SQL Server\130\Tools\Binn\;C:\Program Files (x86)\Windows Kits\10\Windows Performance Toolkit\;C:\Program Files
USERNAME=Thomas
OS=Windows_NT
PROCESSOR_IDENTIFIER=Intel64 Family 6 Model 42 Stepping 7, GenuineIntel



---------------  S Y S T E M  ---------------

OS: Windows 10.0 , 64 bit Build 10586 (10.0.10586.589)

CPU:total 4 (2 cores per cpu, 2 threads per core) family 6 model 42 stepping 7, cmov, cx8, fxsr, mmx, sse, sse2, sse3, ssse3, sse4.1, sse4.2, popcnt, avx, clmul, ht, tsc, tscinvbit

Memory: 4k page, physical 4075172k(245104k free), swap 6565540k(4276k free)

vm_info: OpenJDK 64-Bit Server VM (25.76-b03) for windows-amd64 JRE (1.8.0_76-release-b03), built on Jun 29 2016 19:09:20 by "ralucas" with MS VC++ 10.0 (VS2010)

time: Sun Jan 01 17:11:15 2017
elapsed time: 45 seconds (0d 0h 0m 45s)

