#
# There is insufficient memory for the Java Runtime Environment to continue.
# Native memory allocation (malloc) failed to allocate 97792 bytes for Chunk::new
# Possible reasons:
#   The system is out of physical RAM or swap space
#   In 32 bit mode, the process size limit was hit
# Possible solutions:
#   Reduce memory load on the system
#   Increase physical memory or swap space
#   Check if swap backing store is full
#   Use 64 bit Java on a 64 bit OS
#   Decrease Java heap size (-Xmx/-Xms)
#   Decrease number of Java threads
#   Decrease Java thread stack sizes (-Xss)
#   Set larger code cache with -XX:ReservedCodeCacheSize=
# This output file may be truncated or incomplete.
#
#  Out of Memory Error (allocation.cpp:390), pid=8076, tid=0x00000000000033f4
#
# JRE version: OpenJDK Runtime Environment (8.0_76-b03) (build 1.8.0_76-release-b03)
# Java VM: OpenJDK 64-Bit Server VM (25.76-b03 mixed mode windows-amd64 compressed oops)
# Failed to write core dump. Minidumps are not enabled by default on client versions of Windows
#

---------------  T H R E A D  ---------------

Current thread (0x00000000157db800):  JavaThread "C2 CompilerThread0" daemon [_thread_in_native, id=13300, stack(0x0000000016d30000,0x0000000016e30000)]

Stack: [0x0000000016d30000,0x0000000016e30000]
[error occurred during error reporting (printing stack bounds), id 0xc0000005]

Native frames: (J=compiled Java code, j=interpreted, Vv=VM code, C=native code)


Current CompileTask:
C2:   2194  651       4       com.android.dx.ssa.SsaBasicBlock::forEachInsn (37 bytes)


---------------  P R O C E S S  ---------------

Java Threads: ( => current thread )
  0x00000000170ca000 JavaThread "pool-2-thread-4" [_thread_blocked, id=13716, stack(0x0000000017a30000,0x0000000017b30000)]
  0x00000000170d1000 JavaThread "pool-2-thread-3" [_thread_blocked, id=8284, stack(0x0000000017930000,0x0000000017a30000)]
  0x00000000170ce000 JavaThread "pool-2-thread-2" [_thread_in_vm, id=8972, stack(0x0000000017830000,0x0000000017930000)]
  0x00000000170cd800 JavaThread "pool-3-thread-1" [_thread_blocked, id=5972, stack(0x0000000017730000,0x0000000017830000)]
  0x00000000170c4000 JavaThread "pool-2-thread-1" [_thread_in_Java, id=13000, stack(0x0000000017630000,0x0000000017730000)]
  0x0000000016f39000 JavaThread "Service Thread" daemon [_thread_blocked, id=11292, stack(0x0000000017430000,0x0000000017530000)]
  0x0000000016f38800 JavaThread "C1 CompilerThread2" daemon [_thread_in_native, id=8084, stack(0x0000000017330000,0x0000000017430000)]
  0x00000000157de800 JavaThread "C2 CompilerThread1" daemon [_thread_in_native, id=9160, stack(0x0000000016e30000,0x0000000016f30000)]
=>0x00000000157db800 JavaThread "C2 CompilerThread0" daemon [_thread_in_native, id=13300, stack(0x0000000016d30000,0x0000000016e30000)]
  0x00000000157da000 JavaThread "Attach Listener" daemon [_thread_blocked, id=14196, stack(0x0000000016c30000,0x0000000016d30000)]
  0x00000000157d9000 JavaThread "Signal Dispatcher" daemon [_thread_blocked, id=6880, stack(0x0000000016b30000,0x0000000016c30000)]
  0x00000000157c8800 JavaThread "Finalizer" daemon [_thread_blocked, id=10272, stack(0x0000000016a30000,0x0000000016b30000)]
  0x0000000003100800 JavaThread "Reference Handler" daemon [_thread_blocked, id=5568, stack(0x0000000016930000,0x0000000016a30000)]
  0x00000000016dd800 JavaThread "main" [_thread_in_Java, id=14148, stack(0x0000000002f10000,0x0000000003010000)]

Other Threads:
  0x00000000157a5000 VMThread [stack: 0x0000000016830000,0x0000000016930000] [id=13900]
  0x0000000016f3b800 WatcherThread [stack: 0x0000000017530000,0x0000000017630000] [id=6028]

VM state:not at safepoint (normal execution)

VM Mutex/Monitor currently owned by a thread: None

Heap:
 PSYoungGen      total 18944K, used 12817K [0x00000000eab00000, 0x00000000ec000000, 0x0000000100000000)
  eden space 16384K, 78% used [0x00000000eab00000,0x00000000eb784558,0x00000000ebb00000)
  from space 2560K, 0% used [0x00000000ebd80000,0x00000000ebd80000,0x00000000ec000000)
  to   space 2560K, 0% used [0x00000000ebb00000,0x00000000ebb00000,0x00000000ebd80000)
 ParOldGen       total 44032K, used 0K [0x00000000c0000000, 0x00000000c2b00000, 0x00000000eab00000)
  object space 44032K, 0% used [0x00000000c0000000,0x00000000c0000000,0x00000000c2b00000)
 Metaspace       used 5597K, capacity 6640K, committed 6784K, reserved 1056768K
  class space    used 566K, capacity 616K, committed 640K, reserved 1048576K

Card table byte_map: [0x00000000124d0000,0x00000000126e0000] byte_map_base: 0x0000000011ed0000

Marking Bits: (ParMarkBitMap*) 0x000000005c809d00
 Begin Bits: [0x0000000012c40000, 0x0000000013c40000)
 End Bits:   [0x0000000013c40000, 0x0000000014c40000)

Polling page: 0x0000000001640000

CodeCache: size=245760Kb used=2716Kb max_used=2716Kb free=243043Kb
 bounds [0x0000000003110000, 0x00000000033c0000, 0x0000000012110000]
 total_blobs=938 nmethods=671 adapters=181
 compilation: enabled

Compilation events (10 events):
Event: 2.188 Thread 0x0000000016f38800  673       3       com.android.dx.rop.code.RegisterSpec::<init> (48 bytes)
Event: 2.189 Thread 0x0000000016f38800 nmethod 673 0x00000000033a7510 code [0x00000000033a76a0, 0x00000000033a7a78]
Event: 2.189 Thread 0x0000000016f38800  666       3       com.android.dx.rop.code.Rop::hashCode (54 bytes)
Event: 2.189 Thread 0x00000000157de800 nmethod 676 0x00000000033a71d0 code [0x00000000033a7320, 0x00000000033a73f8]
Event: 2.189 Thread 0x0000000016f38800 nmethod 666 0x00000000033a69d0 code [0x00000000033a6b60, 0x00000000033a7028]
Event: 2.189 Thread 0x0000000016f38800  664       3       com.android.dx.dex.code.RopTranslator$LocalVariableAwareTranslationVisitor::addIntroductionIfNecessary (30 bytes)
Event: 2.190 Thread 0x0000000016f38800 nmethod 664 0x00000000033b2350 code [0x00000000033b2520, 0x00000000033b2df8]
Event: 2.190 Thread 0x0000000016f38800  677       3       com.android.dx.ssa.back.SsaToRop$1::visitBlock (97 bytes)
Event: 2.191 Thread 0x0000000016f38800 nmethod 677 0x00000000033b0810 code [0x00000000033b0a80, 0x00000000033b19c8]
Event: 2.191 Thread 0x0000000016f38800  678       3       com.android.dx.dex.code.RopToDop::dopFor (792 bytes)

GC Heap History (0 events):
No events

Deoptimization events (3 events):
Event: 1.662 Thread 0x00000000016dd800 Uncommon trap: reason=unstable_if action=reinterpret pc=0x0000000003245150 method=java.lang.String.indexOf(II)I @ 49
Event: 2.120 Thread 0x00000000016dd800 Uncommon trap: reason=unstable_if action=reinterpret pc=0x00000000033512f4 method=java.util.BitSet.ensureCapacity(I)V @ 6
Event: 2.120 Thread 0x00000000016dd800 Uncommon trap: reason=unstable_if action=reinterpret pc=0x0000000003346cb0 method=java.util.BitSet.ensureCapacity(I)V @ 6

Internal exceptions (2 events):
Event: 0.552 Thread 0x00000000016dd800 Exception <a 'java/lang/NoSuchMethodError': Method sun.misc.Unsafe.defineClass(Ljava/lang/String;[BII)Ljava/lang/Class; name or signature does not match> (0x00000000eab07cc0) thrown at [C:\src\android\AOSP-openjdk\external\jetbrains\jdk\hotspot\src\share\v#Ë:Má¬á?
Event: 0.552 Thread 0x00000000016dd800 Exception <a 'java/lang/NoSuchMethodError': Method sun.misc.Unsafe.prefetchRead(Ljava/lang/Object;J)V name or signature does not match> (0x00000000eab07fa8) thrown at [C:\src\android\AOSP-openjdk\external\jetbrains\jdk\hotspot\src\share\vm\prims\jni.cpp, l

Events (10 events):
Event: 2.160 loading class com/android/dx/rop/code/RegOps
Event: 2.160 loading class com/android/dx/rop/code/RegOps done
Event: 2.161 loading class java/util/ArrayList$1
Event: 2.161 loading class java/util/ArrayList$1 done
Event: 2.177 Executing VM operation: ForceSafepoint
Event: 2.178 Executing VM operation: ForceSafepoint done
Event: 2.186 loading class com/android/dx/rop/code/LocalItem
Event: 2.186 loading class com/android/dx/rop/code/LocalItem done
Event: 2.186 loading class com/android/dx/dex/file/FieldAnnotationStruct
Event: 2.186 loading class com/android/dx/dex/file/FieldAnnotationStruct done


Dynamic libraries:
0x00007ff7cd7b0000 - 0x00007ff7cd7e1000 	C:\Program Files\Android\Android Studio\jre\bin\java.exe
0x00007ffd40960000 - 0x00007ffd40b21000 	C:\WINDOWS\SYSTEM32\ntdll.dll
0x00007ffd3e080000 - 0x00007ffd3e12d000 	C:\WINDOWS\system32\KERNEL32.DLL
0x00007ffd3dab0000 - 0x00007ffd3dc98000 	C:\WINDOWS\system32\KERNELBASE.dll
0x00007ffd40460000 - 0x00007ffd40507000 	C:\WINDOWS\system32\ADVAPI32.dll
0x00007ffd3e980000 - 0x00007ffd3ea1d000 	C:\WINDOWS\system32\msvcrt.dll
0x00007ffd3e8b0000 - 0x00007ffd3e90b000 	C:\WINDOWS\system32\sechost.dll
0x00007ffd3e130000 - 0x00007ffd3e24c000 	C:\WINDOWS\system32\RPCRT4.dll
0x00007ffd3df20000 - 0x00007ffd3e076000 	C:\WINDOWS\system32\USER32.dll
0x00007ffd3dd80000 - 0x00007ffd3df06000 	C:\WINDOWS\system32\GDI32.dll
0x00007ffd38ad0000 - 0x00007ffd38d44000 	C:\WINDOWS\WinSxS\amd64_microsoft.windows.common-controls_6595b64144ccf1df_6.0.10586.672_none_a2d6b3cea53ff843\COMCTL32.dll
0x00007ffd3e250000 - 0x00007ffd3e4cd000 	C:\WINDOWS\system32\combase.dll
0x00007ffd3d8b0000 - 0x00007ffd3d91a000 	C:\WINDOWS\system32\bcryptPrimitives.dll
0x00007ffd40510000 - 0x00007ffd4054b000 	C:\WINDOWS\system32\IMM32.DLL
0x000000005be90000 - 0x000000005bf62000 	C:\Program Files\Android\Android Studio\jre\jre\bin\msvcr100.dll
0x000000005c050000 - 0x000000005c884000 	C:\Program Files\Android\Android Studio\jre\jre\bin\server\jvm.dll
0x00007ffd3df10000 - 0x00007ffd3df18000 	C:\WINDOWS\system32\PSAPI.DLL
0x00007ffd32730000 - 0x00007ffd32739000 	C:\WINDOWS\SYSTEM32\WSOCK32.dll
0x00007ffd3e910000 - 0x00007ffd3e97b000 	C:\WINDOWS\system32\WS2_32.dll
0x00007ffd39a80000 - 0x00007ffd39aa3000 	C:\WINDOWS\SYSTEM32\WINMM.dll
0x00007ffd33a10000 - 0x00007ffd33a1a000 	C:\WINDOWS\SYSTEM32\VERSION.dll
0x00007ffd39a50000 - 0x00007ffd39a7c000 	C:\WINDOWS\SYSTEM32\WINMMBASE.dll
0x00007ffd3d920000 - 0x00007ffd3d963000 	C:\WINDOWS\system32\cfgmgr32.dll
0x00007ffd3b140000 - 0x00007ffd3b14f000 	C:\Program Files\Android\Android Studio\jre\jre\bin\verify.dll
0x00007ffd32f60000 - 0x00007ffd32f89000 	C:\Program Files\Android\Android Studio\jre\jre\bin\java.dll
0x00007ffd34390000 - 0x00007ffd343a6000 	C:\Program Files\Android\Android Studio\jre\jre\bin\zip.dll
0x00007ffd3ef00000 - 0x00007ffd4045c000 	C:\WINDOWS\system32\SHELL32.dll
0x00007ffd3d090000 - 0x00007ffd3d6d5000 	C:\WINDOWS\system32\windows.storage.dll
0x00007ffd406d0000 - 0x00007ffd40722000 	C:\WINDOWS\system32\shlwapi.dll
0x00007ffd3d000000 - 0x00007ffd3d00f000 	C:\WINDOWS\system32\kernel.appcore.dll
0x00007ffd3dca0000 - 0x00007ffd3dd55000 	C:\WINDOWS\system32\shcore.dll
0x00007ffd3cfb0000 - 0x00007ffd3cffb000 	C:\WINDOWS\system32\powrprof.dll
0x00007ffd3cf90000 - 0x00007ffd3cfa4000 	C:\WINDOWS\system32\profapi.dll

VM Arguments:
jvm_args: -Djava.awt.headless=true -Xmx1024M -Dfile.encoding=windows-1252 -Duser.country=GB -Duser.language=en -Duser.variant 
java_command: com.android.dx.command.Main --dex --force-jumbo --num-threads=4 --multi-dex --output C:\Users\Thomas\AndroidStudioProjects\MrWhemps\app\build\intermediates\transforms\dex\debug\folders\1000\10\com.google.android.gms-play-services-safetynet-9.4.0_0fa9538cd876d58cf2329f1baf5d36d324fbe000 C:\Users\Thomas\AndroidStudioProjects\MrWhemps\app\build\intermediates\exploded-aar\com.google.android.gms\play-services-safetynet\9.4.0\jars\classes.jar
java_class_path (initial): C:\Users\Thomas\AppData\Local\Android\sdk\build-tools\23.0.2\lib\dx.jar
Launcher Type: SUN_STANDARD

Environment Variables:
PATH=C:\Program Files (x86)\Intel\iCLS Client\;C:\Program Files\Intel\iCLS Client\;C:\Windows\system32;C:\Windows;C:\Windows\System32\Wbem;C:\Windows\System32\WindowsPowerShell\v1.0\;C:\Program Files (x86)\Intel\OpenCL SDK\2.0\bin\x86;C:\Program Files (x86)\Intel\OpenCL SDK\2.0\bin\x64;C:\Program Files\Intel\Intel(R) Management Engine Components\DAL;C:\Program Files\Intel\Intel(R) Management Engine Components\IPT;C:\Program Files (x86)\Intel\Intel(R) Management Engine Components\DAL;C:\Program Files (x86)\Intel\Intel(R) Management Engine Components\IPT;C:\Program Files (x86)\Windows Live\Shared;C:\Users\Thomas\AppData\Local\Smartbar\Application\;C:\WINDOWS\system32;C:\WINDOWS;C:\WINDOWS\System32\Wbem;C:\WINDOWS\System32\WindowsPowerShell\v1.0\;D:\Programs\bin;C:\Program Files\Microsoft SQL Server\110\Tools\Binn\;C:\Program Files\Microsoft SQL Server\120\Tools\Binn\;C:\Program Files\MiKTeX 2.9\miktex\bin\;C:\Program Files\MiKTeX 2.9\gs\gs8.71\bin\;C:\Program Files\Git\cmd;C:\Program Files (x86)\Skype\Phone\;C:\Program Files\Microsoft SQL Server\130\Tools\Binn\;C:\Program Files (x86)\Windows Kits\10\Windows Performance Toolkit\;C:\Program Files
USERNAME=Thomas
OS=Windows_NT
PROCESSOR_IDENTIFIER=Intel64 Family 6 Model 42 Stepping 7, GenuineIntel



---------------  S Y S T E M  ---------------

OS: Windows 10.0 , 64 bit Build 10586 (10.0.10586.589)

CPU:total 4 (2 cores per cpu, 2 threads per core) family 6 model 42 stepping 7, cmov, cx8, fxsr, mmx, sse, sse2, sse3, ssse3, sse4.1, sse4.2, popcnt, avx, clmul, ht, tsc, tscinvbit

Memory: 4k page, physical 4075172k(574876k free), swap 6565536k(4084k free)

vm_info: OpenJDK 64-Bit Server VM (25.76-b03) for windows-amd64 JRE (1.8.0_76-release-b03), built on Jun 29 2016 19:09:20 by "ralucas" with MS VC++ 10.0 (VS2010)

time: Sun Jan 22 01:16:05 2017
elapsed time: 2 seconds (0d 0h 0m 2s)

