#
# There is insufficient memory for the Java Runtime Environment to continue.
# Native memory allocation (malloc) failed to allocate 296816 bytes for Chunk::new
# Possible reasons:
#   The system is out of physical RAM or swap space
#   In 32 bit mode, the process size limit was hit
# Possible solutions:
#   Reduce memory load on the system
#   Increase physical memory or swap space
#   Check if swap backing store is full
#   Use 64 bit Java on a 64 bit OS
#   Decrease Java heap size (-Xmx/-Xms)
#   Decrease number of Java threads
#   Decrease Java thread stack sizes (-Xss)
#   Set larger code cache with -XX:ReservedCodeCacheSize=
# This output file may be truncated or incomplete.
#
#  Out of Memory Error (allocation.cpp:390), pid=4368, tid=0x00000000000015bc
#
# JRE version: OpenJDK Runtime Environment (8.0_76-b03) (build 1.8.0_76-release-b03)
# Java VM: OpenJDK 64-Bit Server VM (25.76-b03 mixed mode windows-amd64 compressed oops)
# Failed to write core dump. Minidumps are not enabled by default on client versions of Windows
#

---------------  T H R E A D  ---------------

Current thread (0x000000001513e800):  JavaThread "C2 CompilerThread1" daemon [_thread_in_native, id=5564, stack(0x0000000016890000,0x0000000016990000)]

Stack: [0x0000000016890000,0x0000000016990000]
[error occurred during error reporting (printing stack bounds), id 0xc0000005]

Native frames: (J=compiled Java code, j=interpreted, Vv=VM code, C=native code)


Current CompileTask:
C2:  10027 1077       4       com.android.dx.ssa.SCCP::simulateStmt (481 bytes)


---------------  P R O C E S S  ---------------

Java Threads: ( => current thread )
  0x0000000016cd9800 JavaThread "pool-2-thread-4" [_thread_in_Java, id=7696, stack(0x0000000017490000,0x0000000017590000)]
  0x0000000016cd8800 JavaThread "pool-2-thread-3" [_thread_in_vm, id=4720, stack(0x0000000017390000,0x0000000017490000)]
  0x0000000016cd1000 JavaThread "pool-2-thread-2" [_thread_in_Java, id=6176, stack(0x0000000017290000,0x0000000017390000)]
  0x0000000016be6800 JavaThread "pool-3-thread-1" [_thread_blocked, id=9780, stack(0x0000000017190000,0x0000000017290000)]
  0x0000000016bdd800 JavaThread "pool-2-thread-1" [_thread_in_vm, id=11144, stack(0x0000000017090000,0x0000000017190000)]
  0x000000001519c800 JavaThread "Service Thread" daemon [_thread_blocked, id=3416, stack(0x0000000016e90000,0x0000000016f90000)]
  0x0000000015198000 JavaThread "C1 CompilerThread2" daemon [_thread_blocked, id=10268, stack(0x0000000016990000,0x0000000016a90000)]
=>0x000000001513e800 JavaThread "C2 CompilerThread1" daemon [_thread_in_native, id=5564, stack(0x0000000016890000,0x0000000016990000)]
  0x000000001513b800 JavaThread "C2 CompilerThread0" daemon [_thread_in_native, id=7348, stack(0x0000000016790000,0x0000000016890000)]
  0x000000001513a000 JavaThread "Attach Listener" daemon [_thread_blocked, id=3848, stack(0x0000000016690000,0x0000000016790000)]
  0x0000000015139000 JavaThread "Signal Dispatcher" daemon [_thread_blocked, id=3316, stack(0x0000000016590000,0x0000000016690000)]
  0x0000000002a66000 JavaThread "Finalizer" daemon [_thread_blocked, id=9024, stack(0x00000000163b0000,0x00000000164b0000)]
  0x0000000015107000 JavaThread "Reference Handler" daemon [_thread_blocked, id=10372, stack(0x00000000162b0000,0x00000000163b0000)]
  0x0000000000d3d800 JavaThread "main" [_thread_in_Java, id=9472, stack(0x0000000002770000,0x0000000002870000)]

Other Threads:
  0x0000000015105000 VMThread [stack: 0x00000000161b0000,0x00000000162b0000] [id=9344]
  0x0000000016a90800 WatcherThread [stack: 0x0000000016f90000,0x0000000017090000] [id=9316]

VM state:not at safepoint (normal execution)

VM Mutex/Monitor currently owned by a thread: None

Heap:
 PSYoungGen      total 18944K, used 11837K [0x00000000eab00000, 0x00000000ec000000, 0x0000000100000000)
  eden space 16384K, 56% used [0x00000000eab00000,0x00000000eb414bd8,0x00000000ebb00000)
  from space 2560K, 99% used [0x00000000ebb00000,0x00000000ebd7aa90,0x00000000ebd80000)
  to   space 2560K, 0% used [0x00000000ebd80000,0x00000000ebd80000,0x00000000ec000000)
 ParOldGen       total 44032K, used 1790K [0x00000000c0000000, 0x00000000c2b00000, 0x00000000eab00000)
  object space 44032K, 4% used [0x00000000c0000000,0x00000000c01bf9d0,0x00000000c2b00000)
 Metaspace       used 5809K, capacity 6832K, committed 7040K, reserved 1056768K
  class space    used 567K, capacity 616K, committed 640K, reserved 1048576K

Card table byte_map: [0x0000000011e30000,0x0000000012040000] byte_map_base: 0x0000000011830000

Marking Bits: (ParMarkBitMap*) 0x000000005eef9d00
 Begin Bits: [0x00000000125a0000, 0x00000000135a0000)
 End Bits:   [0x00000000135a0000, 0x00000000145a0000)

Polling page: 0x00000000009f0000

CodeCache: size=245760Kb used=4421Kb max_used=4421Kb free=241338Kb
 bounds [0x0000000002a70000, 0x0000000002ed0000, 0x0000000011a70000]
 total_blobs=1363 nmethods=1096 adapters=181
 compilation: enabled

Compilation events (10 events):
Event: 10.007 Thread 0x0000000015198000 nmethod 1093 0x0000000002ead010 code [0x0000000002ead280, 0x0000000002eae4a8]
Event: 10.008 Thread 0x0000000015198000 1094       3       com.android.dx.cf.code.Simulator$SimVisitor::visitNoArgs (2108 bytes)
Event: 10.017 Thread 0x000000001513b800 nmethod 1090 0x0000000002eb2cd0 code [0x0000000002eb2e20, 0x0000000002eb3378]
Event: 10.017 Thread 0x000000001513b800 1086       4       java.util.ArrayList$SubList::<init> (46 bytes)
Event: 10.018 Thread 0x000000001513b800 nmethod 1086 0x0000000002ea1c50 code [0x0000000002ea1d80, 0x0000000002ea1e18]
Event: 10.018 Thread 0x000000001513b800 1087       4       java.util.ArrayList::subListRangeCheck (110 bytes)
Event: 10.019 Thread 0x000000001513b800 nmethod 1087 0x0000000002e88990 code [0x0000000002e88ac0, 0x0000000002e88b58]
Event: 10.019 Thread 0x000000001513b800 1089       4       com.android.dx.util.LabeledList::set (45 bytes)
Event: 10.020 Thread 0x0000000015198000 nmethod 1094 0x0000000002eb3790 code [0x0000000002eb4680, 0x0000000002ec0288]
Event: 10.022 Thread 0x0000000015198000 1095       3       com.android.dx.rop.cst.CstBaseMethodRef::getPrototype (41 bytes)

GC Heap History (2 events):
Event: 9.652 GC heap before
{Heap before GC invocations=1 (full 0):
 PSYoungGen      total 18944K, used 16384K [0x00000000eab00000, 0x00000000ec000000, 0x0000000100000000)
  eden space 16384K, 100% used [0x00000000eab00000,0x00000000ebb00000,0x00000000ebb00000)
  from space 2560K, 0% used [0x00000000ebd80000,0x00000000ebd80000,0x00000000ec000000)
  to   space 2560K, 0% used [0x00000000ebb00000,0x00000000ebb00000,0x00000000ebd80000)
 ParOldGen       total 44032K, used 0K [0x00000000c0000000, 0x00000000c2b00000, 0x00000000eab00000)
  object space 44032K, 0% used [0x00000000c0000000,0x00000000c0000000,0x00000000c2b00000)
 Metaspace       used 5704K, capacity 6704K, committed 6784K, reserved 1056768K
  class space    used 567K, capacity 616K, committed 640K, reserved 1048576K
Event: 9.674 GC heap after
Heap after GC invocations=1 (full 0):
 PSYoungGen      total 18944K, used 2538K [0x00000000eab00000, 0x00000000ec000000, 0x0000000100000000)
  eden space 16384K, 0% used [0x00000000eab00000,0x00000000eab00000,0x00000000ebb00000)
  from space 2560K, 99% used [0x00000000ebb00000,0x00000000ebd7aa90,0x00000000ebd80000)
  to   space 2560K, 0% used [0x00000000ebd80000,0x00000000ebd80000,0x00000000ec000000)
 ParOldGen       total 44032K, used 1790K [0x00000000c0000000, 0x00000000c2b00000, 0x00000000eab00000)
  object space 44032K, 4% used [0x00000000c0000000,0x00000000c01bf9d0,0x00000000c2b00000)
 Metaspace       used 5704K, capacity 6704K, committed 6784K, reserved 1056768K
  class space    used 567K, capacity 616K, committed 640K, reserved 1048576K
}

Deoptimization events (6 events):
Event: 6.968 Thread 0x0000000000d3d800 Uncommon trap: reason=unstable_if action=reinterpret pc=0x0000000002bc1b90 method=java.lang.String.indexOf(II)I @ 49
Event: 9.584 Thread 0x0000000016cd9800 Uncommon trap: reason=bimorphic action=maybe_recompile pc=0x0000000002cd0738 method=java.util.HashMap.getNode(ILjava/lang/Object;)Ljava/util/HashMap$Node; @ 126
Event: 9.584 Thread 0x0000000016cd9800 Uncommon trap: reason=bimorphic action=maybe_recompile pc=0x0000000002cd0738 method=java.util.HashMap.getNode(ILjava/lang/Object;)Ljava/util/HashMap$Node; @ 126
Event: 9.584 Thread 0x0000000016cd9800 Uncommon trap: reason=bimorphic action=maybe_recompile pc=0x0000000002cd0738 method=java.util.HashMap.getNode(ILjava/lang/Object;)Ljava/util/HashMap$Node; @ 126
Event: 9.584 Thread 0x0000000016cd9800 Uncommon trap: reason=bimorphic action=maybe_recompile pc=0x0000000002cd0738 method=java.util.HashMap.getNode(ILjava/lang/Object;)Ljava/util/HashMap$Node; @ 126
Event: 9.584 Thread 0x0000000016cd9800 Uncommon trap: reason=bimorphic action=maybe_recompile pc=0x0000000002c67d60 method=java.util.HashMap.getNode(ILjava/lang/Object;)Ljava/util/HashMap$Node; @ 126

Internal exceptions (2 events):
Event: 2.510 Thread 0x0000000000d3d800 Exception <a 'java/lang/NoSuchMethodError': Method sun.misc.Unsafe.defineClass(Ljava/lang/String;[BII)Ljava/lang/Class; name or signature does not match> (0x00000000eab07cc0) thrown at [C:\src\android\AOSP-openjdk\external\jetbrains\jdk\hotspot\src\share\vz6C@
Event: 2.510 Thread 0x0000000000d3d800 Exception <a 'java/lang/NoSuchMethodError': Method sun.misc.Unsafe.prefetchRead(Ljava/lang/Object;J)V name or signature does not match> (0x00000000eab07fa8) thrown at [C:\src\android\AOSP-openjdk\external\jetbrains\jdk\hotspot\src\share\vm\prims\jni.cpp, l

Events (10 events):
Event: 9.584 Thread 0x0000000016cd9800 Uncommon trap: trap_request=0xffffffc6 fr.pc=0x0000000002cd0738
Event: 9.584 Thread 0x0000000016cd9800 DEOPT PACKING pc=0x0000000002cd0738 sp=0x000000001758e860
Event: 9.584 Thread 0x0000000016cd9800 DEOPT UNPACKING pc=0x0000000002ab556a sp=0x000000001758e788 mode 2
Event: 9.584 Thread 0x0000000016cd9800 Uncommon trap: trap_request=0xffffffc6 fr.pc=0x0000000002c67d60
Event: 9.584 Thread 0x0000000016cd9800 DEOPT PACKING pc=0x0000000002c67d60 sp=0x000000001758e7f0
Event: 9.584 Thread 0x0000000016cd9800 DEOPT UNPACKING pc=0x0000000002ab556a sp=0x000000001758e788 mode 2
Event: 9.600 Executing VM operation: ForceSafepoint
Event: 9.613 Executing VM operation: ForceSafepoint done
Event: 9.652 Executing VM operation: ParallelGCFailedAllocation
Event: 9.674 Executing VM operation: ParallelGCFailedAllocation done


Dynamic libraries:
0x00007ff65aea0000 - 0x00007ff65aed1000 	C:\Program Files\Android\Android Studio\jre\bin\java.exe
0x00007fff314c0000 - 0x00007fff31681000 	C:\WINDOWS\SYSTEM32\ntdll.dll
0x00007fff2eaa0000 - 0x00007fff2eb4d000 	C:\WINDOWS\system32\KERNEL32.DLL
0x00007fff2e030000 - 0x00007fff2e218000 	C:\WINDOWS\system32\KERNELBASE.dll
0x00007fff30780000 - 0x00007fff30827000 	C:\WINDOWS\system32\ADVAPI32.dll
0x00007fff31140000 - 0x00007fff311dd000 	C:\WINDOWS\system32\msvcrt.dll
0x00007fff30b70000 - 0x00007fff30bcb000 	C:\WINDOWS\system32\sechost.dll
0x00007fff2e8c0000 - 0x00007fff2e9dc000 	C:\WINDOWS\system32\RPCRT4.dll
0x00007fff2ef80000 - 0x00007fff2f0d6000 	C:\WINDOWS\system32\USER32.dll
0x00007fff30fb0000 - 0x00007fff31136000 	C:\WINDOWS\system32\GDI32.dll
0x00007fff257a0000 - 0x00007fff25a14000 	C:\WINDOWS\WinSxS\amd64_microsoft.windows.common-controls_6595b64144ccf1df_6.0.10586.672_none_a2d6b3cea53ff843\COMCTL32.dll
0x00007fff30bd0000 - 0x00007fff30e4d000 	C:\WINDOWS\system32\combase.dll
0x00007fff2dc60000 - 0x00007fff2dcca000 	C:\WINDOWS\system32\bcryptPrimitives.dll
0x00007fff30980000 - 0x00007fff309bb000 	C:\WINDOWS\system32\IMM32.DLL
0x000000005e580000 - 0x000000005e652000 	C:\Program Files\Android\Android Studio\jre\jre\bin\msvcr100.dll
0x000000005e740000 - 0x000000005ef74000 	C:\Program Files\Android\Android Studio\jre\jre\bin\server\jvm.dll
0x00007fff30660000 - 0x00007fff30668000 	C:\WINDOWS\system32\PSAPI.DLL
0x00007fff1ce30000 - 0x00007fff1ce39000 	C:\WINDOWS\SYSTEM32\WSOCK32.dll
0x00007fff30aa0000 - 0x00007fff30b0b000 	C:\WINDOWS\system32\WS2_32.dll
0x00007fff2bd30000 - 0x00007fff2bd53000 	C:\WINDOWS\SYSTEM32\WINMM.dll
0x00007fff242a0000 - 0x00007fff242aa000 	C:\WINDOWS\SYSTEM32\VERSION.dll
0x00007fff2bd00000 - 0x00007fff2bd2c000 	C:\WINDOWS\SYSTEM32\WINMMBASE.dll
0x00007fff2e220000 - 0x00007fff2e263000 	C:\WINDOWS\system32\cfgmgr32.dll
0x00007fff27930000 - 0x00007fff2793f000 	C:\Program Files\Android\Android Studio\jre\jre\bin\verify.dll
0x00007fff15570000 - 0x00007fff15599000 	C:\Program Files\Android\Android Studio\jre\jre\bin\java.dll
0x00007fff1ed80000 - 0x00007fff1ed96000 	C:\Program Files\Android\Android Studio\jre\jre\bin\zip.dll
0x00007fff2f0e0000 - 0x00007fff3063c000 	C:\WINDOWS\system32\SHELL32.dll
0x00007fff2e270000 - 0x00007fff2e8b5000 	C:\WINDOWS\system32\windows.storage.dll
0x00007fff312b0000 - 0x00007fff31302000 	C:\WINDOWS\system32\shlwapi.dll
0x00007fff2db30000 - 0x00007fff2db3f000 	C:\WINDOWS\system32\kernel.appcore.dll
0x00007fff2dcd0000 - 0x00007fff2dd85000 	C:\WINDOWS\system32\shcore.dll
0x00007fff2dae0000 - 0x00007fff2db2b000 	C:\WINDOWS\system32\powrprof.dll
0x00007fff2db50000 - 0x00007fff2db64000 	C:\WINDOWS\system32\profapi.dll

VM Arguments:
jvm_args: -Djava.awt.headless=true -Xmx1024M -Dfile.encoding=windows-1252 -Duser.country=GB -Duser.language=en -Duser.variant 
java_command: com.android.dx.command.Main --dex --force-jumbo --num-threads=4 --multi-dex --output C:\Users\Thomas\AndroidStudioProjects\MrWhemps\app\build\intermediates\transforms\dex\debug\folders\1000\10\com.google.android.gms-play-services-clearcut-9.4.0_e805cb9b8024d5d589699361d9ebf4dde3a089c1 C:\Users\Thomas\AndroidStudioProjects\MrWhemps\app\build\intermediates\exploded-aar\com.google.android.gms\play-services-clearcut\9.4.0\jars\classes.jar
java_class_path (initial): C:\Users\Thomas\AppData\Local\Android\sdk\build-tools\23.0.2\lib\dx.jar
Launcher Type: SUN_STANDARD

Environment Variables:
PATH=C:\Program Files (x86)\Intel\iCLS Client\;C:\Program Files\Intel\iCLS Client\;C:\Windows\system32;C:\Windows;C:\Windows\System32\Wbem;C:\Windows\System32\WindowsPowerShell\v1.0\;C:\Program Files (x86)\Intel\OpenCL SDK\2.0\bin\x86;C:\Program Files (x86)\Intel\OpenCL SDK\2.0\bin\x64;C:\Program Files\Intel\Intel(R) Management Engine Components\DAL;C:\Program Files\Intel\Intel(R) Management Engine Components\IPT;C:\Program Files (x86)\Intel\Intel(R) Management Engine Components\DAL;C:\Program Files (x86)\Intel\Intel(R) Management Engine Components\IPT;C:\Program Files (x86)\Windows Live\Shared;C:\Users\Thomas\AppData\Local\Smartbar\Application\;C:\WINDOWS\system32;C:\WINDOWS;C:\WINDOWS\System32\Wbem;C:\WINDOWS\System32\WindowsPowerShell\v1.0\;D:\Programs\bin;C:\Program Files\Microsoft SQL Server\110\Tools\Binn\;C:\Program Files\Microsoft SQL Server\120\Tools\Binn\;C:\Program Files\MiKTeX 2.9\miktex\bin\;C:\Program Files\MiKTeX 2.9\gs\gs8.71\bin\;C:\Program Files\Git\cmd;C:\Program Files (x86)\Skype\Phone\;C:\WINDOWS\system32\config\systemprofile\.dnx\bin;C:\Program Files\Microsoft DNX\Dnvm\;C:\Program Files\Microsoft SQL Server\130\Tools\Binn\;C:\Program Files (x86)\Windows Kits\10\Windows Performance Toolkit\;C:\Program Files
USERNAME=Thomas
OS=Windows_NT
PROCESSOR_IDENTIFIER=Intel64 Family 6 Model 42 Stepping 7, GenuineIntel



---------------  S Y S T E M  ---------------

OS: Windows 10.0 , 64 bit Build 10586 (10.0.10586.589)

CPU:total 4 (2 cores per cpu, 2 threads per core) family 6 model 42 stepping 7, cmov, cx8, fxsr, mmx, sse, sse2, sse3, ssse3, sse4.1, sse4.2, popcnt, avx, clmul, ht, tsc, tscinvbit

Memory: 4k page, physical 4075172k(633564k free), swap 6565540k(5392k free)

vm_info: OpenJDK 64-Bit Server VM (25.76-b03) for windows-amd64 JRE (1.8.0_76-release-b03), built on Jun 29 2016 19:09:20 by "ralucas" with MS VC++ 10.0 (VS2010)

time: Sat Dec 31 02:51:52 2016
elapsed time: 10 seconds (0d 0h 0m 10s)

