#
# There is insufficient memory for the Java Runtime Environment to continue.
# Native memory allocation (malloc) failed to allocate 32744 bytes for ChunkPool::allocate
# Possible reasons:
#   The system is out of physical RAM or swap space
#   In 32 bit mode, the process size limit was hit
# Possible solutions:
#   Reduce memory load on the system
#   Increase physical memory or swap space
#   Check if swap backing store is full
#   Use 64 bit Java on a 64 bit OS
#   Decrease Java heap size (-Xmx/-Xms)
#   Decrease number of Java threads
#   Decrease Java thread stack sizes (-Xss)
#   Set larger code cache with -XX:ReservedCodeCacheSize=
# This output file may be truncated or incomplete.
#
#  Out of Memory Error (allocation.cpp:273), pid=8560, tid=0x00000000000026b4
#
# JRE version: OpenJDK Runtime Environment (8.0_76-b03) (build 1.8.0_76-release-b03)
# Java VM: OpenJDK 64-Bit Server VM (25.76-b03 mixed mode windows-amd64 compressed oops)
# Failed to write core dump. Minidumps are not enabled by default on client versions of Windows
#

---------------  T H R E A D  ---------------

Current thread (0x00000000158eb800):  JavaThread "C1 CompilerThread2" daemon [_thread_in_native, id=9908, stack(0x00000000170d0000,0x00000000171d0000)]

Stack: [0x00000000170d0000,0x00000000171d0000]
[error occurred during error reporting (printing stack bounds), id 0xc0000005]

Native frames: (J=compiled Java code, j=interpreted, Vv=VM code, C=native code)


Current CompileTask:
C1:   4297  487   !   3       com.android.dx.cf.code.BytecodeArray::parseInstruction (2764 bytes)


---------------  P R O C E S S  ---------------

Java Threads: ( => current thread )
  0x0000000017448000 JavaThread "pool-2-thread-4" [_thread_new, id=8900, stack(0x0000000000000000,0x0000000000000000)]
  0x0000000017446800 JavaThread "pool-2-thread-3" [_thread_in_vm, id=10948, stack(0x0000000017ad0000,0x0000000017bd0000)]
  0x000000001743c800 JavaThread "pool-2-thread-2" [_thread_blocked, id=11776, stack(0x00000000179d0000,0x0000000017ad0000)]
  0x0000000017438800 JavaThread "pool-3-thread-1" [_thread_blocked, id=5684, stack(0x00000000178d0000,0x00000000179d0000)]
  0x0000000017425800 JavaThread "pool-2-thread-1" [_thread_in_native, id=12100, stack(0x00000000177d0000,0x00000000178d0000)]
  0x00000000171d4800 JavaThread "Service Thread" daemon [_thread_blocked, id=13536, stack(0x00000000175d0000,0x00000000176d0000)]
=>0x00000000158eb800 JavaThread "C1 CompilerThread2" daemon [_thread_in_native, id=9908, stack(0x00000000170d0000,0x00000000171d0000)]
  0x00000000158e4800 JavaThread "C2 CompilerThread1" daemon [_thread_in_vm, id=10988, stack(0x0000000016fd0000,0x00000000170d0000)]
  0x000000001588b800 JavaThread "C2 CompilerThread0" daemon [_thread_in_vm, id=8832, stack(0x0000000016ed0000,0x0000000016fd0000)]
  0x000000001588a000 JavaThread "Attach Listener" daemon [_thread_blocked, id=10624, stack(0x0000000016dd0000,0x0000000016ed0000)]
  0x0000000015889000 JavaThread "Signal Dispatcher" daemon [_thread_blocked, id=3776, stack(0x0000000016cd0000,0x0000000016dd0000)]
  0x0000000015878800 JavaThread "Finalizer" daemon [_thread_blocked, id=11184, stack(0x0000000016af0000,0x0000000016bf0000)]
  0x00000000031b0800 JavaThread "Reference Handler" daemon [_thread_blocked, id=13580, stack(0x00000000169f0000,0x0000000016af0000)]
  0x000000000165d800 JavaThread "main" [_thread_in_vm, id=6240, stack(0x0000000002fc0000,0x00000000030c0000)]

Other Threads:
  0x0000000015855000 VMThread [stack: 0x00000000168f0000,0x00000000169f0000] [id=10880]
  0x00000000171d6800 WatcherThread [stack: 0x00000000176d0000,0x00000000177d0000] [id=2140]

VM state:synchronizing (normal execution)

VM Mutex/Monitor currently owned by a thread:  ([mutex/lock_event])
[0x000000000165d1b0] Safepoint_lock - owner thread: 0x0000000015855000
[0x000000000165c2b0] Threads_lock - owner thread: 0x0000000015855000
[0x00000000030c01d0] CompileTaskAlloc_lock - owner thread: 0x0000000017446800
[0x00000000030c1c50] MethodCompileQueue_lock - owner thread: 0x0000000017446800

Heap:
 PSYoungGen      total 18944K, used 16365K [0x00000000eab00000, 0x00000000ec000000, 0x0000000100000000)
  eden space 16384K, 99% used [0x00000000eab00000,0x00000000ebafb5e8,0x00000000ebb00000)
  from space 2560K, 0% used [0x00000000ebd80000,0x00000000ebd80000,0x00000000ec000000)
  to   space 2560K, 0% used [0x00000000ebb00000,0x00000000ebb00000,0x00000000ebd80000)
 ParOldGen       total 44032K, used 0K [0x00000000c0000000, 0x00000000c2b00000, 0x00000000eab00000)
  object space 44032K, 0% used [0x00000000c0000000,0x00000000c0000000,0x00000000c2b00000)
 Metaspace       used 5382K, capacity 6448K, committed 6528K, reserved 1056768K
  class space    used 565K, capacity 616K, committed 640K, reserved 1048576K

Card table byte_map: [0x0000000012580000,0x0000000012790000] byte_map_base: 0x0000000011f80000

Marking Bits: (ParMarkBitMap*) 0x000000005c809d00
 Begin Bits: [0x0000000012cf0000, 0x0000000013cf0000)
 End Bits:   [0x0000000013cf0000, 0x0000000014cf0000)

Polling page: 0x0000000001640000

CodeCache: size=245760Kb used=2112Kb max_used=2112Kb free=243647Kb
 bounds [0x00000000031c0000, 0x0000000003430000, 0x00000000121c0000]
 total_blobs=753 nmethods=486 adapters=181
 compilation: enabled

Compilation events (10 events):
Event: 4.137 Thread 0x00000000158eb800 nmethod 483 0x00000000033cff90 code [0x00000000033d00e0, 0x00000000033d01f0]
Event: 4.153 Thread 0x00000000158eb800  485       3       java.util.Arrays::hashCode (56 bytes)
Event: 4.153 Thread 0x00000000158eb800 nmethod 485 0x00000000033d0450 code [0x00000000033d05c0, 0x00000000033d0948]
Event: 4.153 Thread 0x00000000158eb800  484       3       com.android.dx.util.FixedSizeList::hashCode (8 bytes)
Event: 4.153 Thread 0x00000000158eb800 nmethod 484 0x00000000033d0a90 code [0x00000000033d0c00, 0x00000000033d0d88]
Event: 4.157 Thread 0x00000000158eb800  486       1       com.android.dx.cf.attrib.BaseAttribute::getName (5 bytes)
Event: 4.157 Thread 0x00000000158eb800 nmethod 486 0x00000000033d0e10 code [0x00000000033d0f60, 0x00000000033d1070]
Event: 4.157 Thread 0x00000000158eb800  487   !   3       com.android.dx.cf.code.BytecodeArray::parseInstruction (2764 bytes)
Event: 4.185 Thread 0x00000000158e4800  497       4       java.util.ArrayList$Itr::next (66 bytes)
Event: 4.193 Thread 0x000000001588b800  514   !   4       com.android.dx.util.FixedSizeList::get0 (47 bytes)

GC Heap History (0 events):
No events

Deoptimization events (1 events):
Event: 3.149 Thread 0x000000000165d800 Uncommon trap: reason=unstable_if action=reinterpret pc=0x00000000033157d0 method=java.lang.String.indexOf(II)I @ 49

Internal exceptions (2 events):
Event: 1.348 Thread 0x000000000165d800 Exception <a 'java/lang/NoSuchMethodError': Method sun.misc.Unsafe.defineClass(Ljava/lang/String;[BII)Ljava/lang/Class; name or signature does not match> (0x00000000eab07cc0) thrown at [C:\src\android\AOSP-openjdk\external\jetbrains\jdk\hotspot\src\share\vidË±'“õ?
Event: 1.348 Thread 0x000000000165d800 Exception <a 'java/lang/NoSuchMethodError': Method sun.misc.Unsafe.prefetchRead(Ljava/lang/Object;J)V name or signature does not match> (0x00000000eab07fa8) thrown at [C:\src\android\AOSP-openjdk\external\jetbrains\jdk\hotspot\src\share\vm\prims\jni.cpp, l

Events (10 events):
Event: 4.153 loading class com/android/dx/dex/code/StdCatchBuilder
Event: 4.153 loading class com/android/dx/dex/code/StdCatchBuilder done
Event: 4.155 loading class com/android/dx/dex/code/DalvCode
Event: 4.155 loading class com/android/dx/dex/code/DalvCode done
Event: 4.156 loading class java/io/PrintWriter
Event: 4.156 loading class java/io/PrintWriter done
Event: 4.156 loading class com/android/dx/dex/file/DebugInfoItem
Event: 4.156 loading class com/android/dx/dex/file/DebugInfoItem done
Event: 4.186 loading class com/android/dx/cf/code/SwitchList
Event: 4.186 loading class com/android/dx/cf/code/SwitchList done


Dynamic libraries:
0x00007ff7cd7b0000 - 0x00007ff7cd7e1000 	C:\Program Files\Android\Android Studio\jre\bin\java.exe
0x00007ffd40960000 - 0x00007ffd40b21000 	C:\WINDOWS\SYSTEM32\ntdll.dll
0x00007ffd3e080000 - 0x00007ffd3e12d000 	C:\WINDOWS\system32\KERNEL32.DLL
0x00007ffd3dab0000 - 0x00007ffd3dc98000 	C:\WINDOWS\system32\KERNELBASE.dll
0x00007ffd40460000 - 0x00007ffd40507000 	C:\WINDOWS\system32\ADVAPI32.dll
0x00007ffd3e980000 - 0x00007ffd3ea1d000 	C:\WINDOWS\system32\msvcrt.dll
0x00007ffd3e8b0000 - 0x00007ffd3e90b000 	C:\WINDOWS\system32\sechost.dll
0x00007ffd3e130000 - 0x00007ffd3e24c000 	C:\WINDOWS\system32\RPCRT4.dll
0x00007ffd3df20000 - 0x00007ffd3e076000 	C:\WINDOWS\system32\USER32.dll
0x00007ffd3dd80000 - 0x00007ffd3df06000 	C:\WINDOWS\system32\GDI32.dll
0x00007ffd38ad0000 - 0x00007ffd38d44000 	C:\WINDOWS\WinSxS\amd64_microsoft.windows.common-controls_6595b64144ccf1df_6.0.10586.672_none_a2d6b3cea53ff843\COMCTL32.dll
0x00007ffd3e250000 - 0x00007ffd3e4cd000 	C:\WINDOWS\system32\combase.dll
0x00007ffd3d8b0000 - 0x00007ffd3d91a000 	C:\WINDOWS\system32\bcryptPrimitives.dll
0x00007ffd40510000 - 0x00007ffd4054b000 	C:\WINDOWS\system32\IMM32.DLL
0x000000005be90000 - 0x000000005bf62000 	C:\Program Files\Android\Android Studio\jre\jre\bin\msvcr100.dll
0x000000005c050000 - 0x000000005c884000 	C:\Program Files\Android\Android Studio\jre\jre\bin\server\jvm.dll
0x00007ffd3df10000 - 0x00007ffd3df18000 	C:\WINDOWS\system32\PSAPI.DLL
0x00007ffd32730000 - 0x00007ffd32739000 	C:\WINDOWS\SYSTEM32\WSOCK32.dll
0x00007ffd3e910000 - 0x00007ffd3e97b000 	C:\WINDOWS\system32\WS2_32.dll
0x00007ffd39a80000 - 0x00007ffd39aa3000 	C:\WINDOWS\SYSTEM32\WINMM.dll
0x00007ffd33a10000 - 0x00007ffd33a1a000 	C:\WINDOWS\SYSTEM32\VERSION.dll
0x00007ffd39a50000 - 0x00007ffd39a7c000 	C:\WINDOWS\SYSTEM32\WINMMBASE.dll
0x00007ffd3d920000 - 0x00007ffd3d963000 	C:\WINDOWS\system32\cfgmgr32.dll
0x00007ffd3b140000 - 0x00007ffd3b14f000 	C:\Program Files\Android\Android Studio\jre\jre\bin\verify.dll
0x00007ffd32f60000 - 0x00007ffd32f89000 	C:\Program Files\Android\Android Studio\jre\jre\bin\java.dll
0x00007ffd34390000 - 0x00007ffd343a6000 	C:\Program Files\Android\Android Studio\jre\jre\bin\zip.dll
0x00007ffd3ef00000 - 0x00007ffd4045c000 	C:\WINDOWS\system32\SHELL32.dll
0x00007ffd3d090000 - 0x00007ffd3d6d5000 	C:\WINDOWS\system32\windows.storage.dll
0x00007ffd406d0000 - 0x00007ffd40722000 	C:\WINDOWS\system32\shlwapi.dll
0x00007ffd3d000000 - 0x00007ffd3d00f000 	C:\WINDOWS\system32\kernel.appcore.dll
0x00007ffd3dca0000 - 0x00007ffd3dd55000 	C:\WINDOWS\system32\shcore.dll
0x00007ffd3cfb0000 - 0x00007ffd3cffb000 	C:\WINDOWS\system32\powrprof.dll
0x00007ffd3cf90000 - 0x00007ffd3cfa4000 	C:\WINDOWS\system32\profapi.dll

VM Arguments:
jvm_args: -Djava.awt.headless=true -Xmx1024M -Dfile.encoding=windows-1252 -Duser.country=GB -Duser.language=en -Duser.variant 
java_command: com.android.dx.command.Main --dex --force-jumbo --num-threads=4 --multi-dex --output C:\Users\Thomas\AndroidStudioProjects\MrWhemps\app\build\intermediates\transforms\dex\debug\folders\1000\10\com.google.android.gms-play-services-games-9.4.0_61e697869d747ae5c6f9c44d0253ed334c72f86c C:\Users\Thomas\AndroidStudioProjects\MrWhemps\app\build\intermediates\exploded-aar\com.google.android.gms\play-services-games\9.4.0\jars\classes.jar
java_class_path (initial): C:\Users\Thomas\AppData\Local\Android\sdk\build-tools\23.0.2\lib\dx.jar
Launcher Type: SUN_STANDARD

Environment Variables:
PATH=C:\Program Files (x86)\Intel\iCLS Client\;C:\Program Files\Intel\iCLS Client\;C:\Windows\system32;C:\Windows;C:\Windows\System32\Wbem;C:\Windows\System32\WindowsPowerShell\v1.0\;C:\Program Files (x86)\Intel\OpenCL SDK\2.0\bin\x86;C:\Program Files (x86)\Intel\OpenCL SDK\2.0\bin\x64;C:\Program Files\Intel\Intel(R) Management Engine Components\DAL;C:\Program Files\Intel\Intel(R) Management Engine Components\IPT;C:\Program Files (x86)\Intel\Intel(R) Management Engine Components\DAL;C:\Program Files (x86)\Intel\Intel(R) Management Engine Components\IPT;C:\Program Files (x86)\Windows Live\Shared;C:\Users\Thomas\AppData\Local\Smartbar\Application\;C:\WINDOWS\system32;C:\WINDOWS;C:\WINDOWS\System32\Wbem;C:\WINDOWS\System32\WindowsPowerShell\v1.0\;D:\Programs\bin;C:\Program Files\Microsoft SQL Server\110\Tools\Binn\;C:\Program Files\Microsoft SQL Server\120\Tools\Binn\;C:\Program Files\MiKTeX 2.9\miktex\bin\;C:\Program Files\MiKTeX 2.9\gs\gs8.71\bin\;C:\Program Files\Git\cmd;C:\Program Files (x86)\Skype\Phone\;C:\Program Files\Microsoft SQL Server\130\Tools\Binn\;C:\Program Files (x86)\Windows Kits\10\Windows Performance Toolkit\;C:\Program Files
USERNAME=Thomas
OS=Windows_NT
PROCESSOR_IDENTIFIER=Intel64 Family 6 Model 42 Stepping 7, GenuineIntel



---------------  S Y S T E M  ---------------

OS: Windows 10.0 , 64 bit Build 10586 (10.0.10586.589)

CPU:total 4 (2 cores per cpu, 2 threads per core) family 6 model 42 stepping 7, cmov, cx8, fxsr, mmx, sse, sse2, sse3, ssse3, sse4.1, sse4.2, popcnt, avx, clmul, ht, tsc, tscinvbit

Memory: 4k page, physical 4075172k(606664k free), swap 6565540k(3052k free)

vm_info: OpenJDK 64-Bit Server VM (25.76-b03) for windows-amd64 JRE (1.8.0_76-release-b03), built on Jun 29 2016 19:09:20 by "ralucas" with MS VC++ 10.0 (VS2010)

time: Sun Jan 22 01:16:10 2017
elapsed time: 4 seconds (0d 0h 0m 4s)

