#
# There is insufficient memory for the Java Runtime Environment to continue.
# Native memory allocation (malloc) failed to allocate 32744 bytes for ChunkPool::allocate
# Possible reasons:
#   The system is out of physical RAM or swap space
#   In 32 bit mode, the process size limit was hit
# Possible solutions:
#   Reduce memory load on the system
#   Increase physical memory or swap space
#   Check if swap backing store is full
#   Use 64 bit Java on a 64 bit OS
#   Decrease Java heap size (-Xmx/-Xms)
#   Decrease number of Java threads
#   Decrease Java thread stack sizes (-Xss)
#   Set larger code cache with -XX:ReservedCodeCacheSize=
# This output file may be truncated or incomplete.
#
#  Out of Memory Error (allocation.cpp:273), pid=12232, tid=0x000000000000272c
#
# JRE version: OpenJDK Runtime Environment (8.0_76-b03) (build 1.8.0_76-release-b03)
# Java VM: OpenJDK 64-Bit Server VM (25.76-b03 mixed mode windows-amd64 compressed oops)
# Failed to write core dump. Minidumps are not enabled by default on client versions of Windows
#

---------------  T H R E A D  ---------------

Current thread (0x000000001524e800):  JavaThread "C2 CompilerThread1" daemon [_thread_in_native, id=10028, stack(0x00000000169b0000,0x0000000016ab0000)]

Stack: [0x00000000169b0000,0x0000000016ab0000]
[error occurred during error reporting (printing stack bounds), id 0xc0000005]

Native frames: (J=compiled Java code, j=interpreted, Vv=VM code, C=native code)


Current CompileTask:
C2:   1246  773 %     4       com.android.dx.cf.code.Ropper::labelToResultIndex @ 10 (47 bytes)


---------------  P R O C E S S  ---------------

Java Threads: ( => current thread )
  0x0000000016e8f800 JavaThread "pool-2-thread-4" [_thread_in_Java, id=4256, stack(0x00000000175b0000,0x00000000176b0000)]
  0x0000000016e8a000 JavaThread "pool-2-thread-3" [_thread_in_Java, id=14968, stack(0x00000000174b0000,0x00000000175b0000)]
  0x0000000016e5b800 JavaThread "pool-2-thread-2" [_thread_blocked, id=12996, stack(0x00000000173b0000,0x00000000174b0000)]
  0x0000000016e59000 JavaThread "pool-3-thread-1" [_thread_blocked, id=1944, stack(0x00000000172b0000,0x00000000173b0000)]
  0x0000000016e51800 JavaThread "pool-2-thread-1" [_thread_blocked, id=3832, stack(0x00000000171b0000,0x00000000172b0000)]
  0x0000000016bb3800 JavaThread "Service Thread" daemon [_thread_blocked, id=10544, stack(0x0000000016fb0000,0x00000000170b0000)]
  0x00000000152a8000 JavaThread "C1 CompilerThread2" daemon [_thread_in_native, id=5844, stack(0x0000000016ab0000,0x0000000016bb0000)]
=>0x000000001524e800 JavaThread "C2 CompilerThread1" daemon [_thread_in_native, id=10028, stack(0x00000000169b0000,0x0000000016ab0000)]
  0x000000001524b800 JavaThread "C2 CompilerThread0" daemon [_thread_in_native, id=10260, stack(0x00000000168b0000,0x00000000169b0000)]
  0x000000001524a000 JavaThread "Attach Listener" daemon [_thread_blocked, id=12112, stack(0x00000000167b0000,0x00000000168b0000)]
  0x0000000015249000 JavaThread "Signal Dispatcher" daemon [_thread_blocked, id=2876, stack(0x00000000166b0000,0x00000000167b0000)]
  0x0000000015238800 JavaThread "Finalizer" daemon [_thread_blocked, id=14204, stack(0x00000000164d0000,0x00000000165d0000)]
  0x0000000002b70800 JavaThread "Reference Handler" daemon [_thread_blocked, id=14568, stack(0x00000000163d0000,0x00000000164d0000)]
  0x000000000297d800 JavaThread "main" [_thread_in_Java, id=13948, stack(0x0000000002980000,0x0000000002a80000)]

Other Threads:
  0x0000000015215000 VMThread [stack: 0x00000000162d0000,0x00000000163d0000] [id=14852]
  0x0000000016bb5800 WatcherThread [stack: 0x00000000170b0000,0x00000000171b0000] [id=9380]

VM state:not at safepoint (normal execution)

VM Mutex/Monitor currently owned by a thread: None

Heap:
 PSYoungGen      total 18944K, used 4167K [0x00000000eab00000, 0x00000000ec000000, 0x0000000100000000)
  eden space 16384K, 9% used [0x00000000eab00000,0x00000000eac98610,0x00000000ebb00000)
  from space 2560K, 98% used [0x00000000ebb00000,0x00000000ebd79608,0x00000000ebd80000)
  to   space 2560K, 0% used [0x00000000ebd80000,0x00000000ebd80000,0x00000000ec000000)
 ParOldGen       total 44032K, used 1270K [0x00000000c0000000, 0x00000000c2b00000, 0x00000000eab00000)
  object space 44032K, 2% used [0x00000000c0000000,0x00000000c013d910,0x00000000c2b00000)
 Metaspace       used 5699K, capacity 6704K, committed 6784K, reserved 1056768K
  class space    used 568K, capacity 616K, committed 640K, reserved 1048576K

Card table byte_map: [0x0000000011f40000,0x0000000012150000] byte_map_base: 0x0000000011940000

Marking Bits: (ParMarkBitMap*) 0x00000000665d9d00
 Begin Bits: [0x00000000126b0000, 0x00000000136b0000)
 End Bits:   [0x00000000136b0000, 0x00000000146b0000)

Polling page: 0x0000000001050000

CodeCache: size=245760Kb used=2937Kb max_used=2949Kb free=242822Kb
 bounds [0x0000000002b80000, 0x0000000002e70000, 0x0000000011b80000]
 total_blobs=1016 nmethods=749 adapters=181
 compilation: enabled

Compilation events (10 events):
Event: 1.231 Thread 0x000000001524e800  765       4       com.android.dx.rop.code.RegisterSpec::hashCodeOf (30 bytes)
Event: 1.231 Thread 0x000000001524b800  766   !   4       com.android.dx.rop.code.RegisterSpec::intern (70 bytes)
Event: 1.233 Thread 0x000000001524e800 nmethod 765 0x0000000002e63390 code [0x0000000002e634e0, 0x0000000002e635b8]
Event: 1.235 Thread 0x000000001524e800  767       4       com.android.dx.util.MutabilityControl::throwIfMutable (18 bytes)
Event: 1.235 Thread 0x000000001524e800 nmethod 767 0x0000000002e57250 code [0x0000000002e57380, 0x0000000002e573f8]
Event: 1.236 Thread 0x000000001524e800  770       4       com.android.dx.ssa.NormalSsaInsn::getSources (8 bytes)
Event: 1.237 Thread 0x000000001524e800 nmethod 770 0x0000000002e57010 code [0x0000000002e57140, 0x0000000002e571b8]
Event: 1.237 Thread 0x000000001524e800  771       4       java.util.ArrayList::ensureCapacityInternal (23 bytes)
Event: 1.241 Thread 0x000000001524e800 nmethod 771 0x0000000002e56a90 code [0x0000000002e56be0, 0x0000000002e56e58]
Event: 1.241 Thread 0x000000001524e800  773 %     4       com.android.dx.cf.code.Ropper::labelToResultIndex @ 10 (47 bytes)

GC Heap History (2 events):
Event: 1.201 GC heap before
{Heap before GC invocations=1 (full 0):
 PSYoungGen      total 18944K, used 16384K [0x00000000eab00000, 0x00000000ec000000, 0x0000000100000000)
  eden space 16384K, 100% used [0x00000000eab00000,0x00000000ebb00000,0x00000000ebb00000)
  from space 2560K, 0% used [0x00000000ebd80000,0x00000000ebd80000,0x00000000ec000000)
  to   space 2560K, 0% used [0x00000000ebb00000,0x00000000ebb00000,0x00000000ebd80000)
 ParOldGen       total 44032K, used 0K [0x00000000c0000000, 0x00000000c2b00000, 0x00000000eab00000)
  object space 44032K, 0% used [0x00000000c0000000,0x00000000c0000000,0x00000000c2b00000)
 Metaspace       used 5639K, capacity 6640K, committed 6784K, reserved 1056768K
  class space    used 567K, capacity 616K, committed 640K, reserved 1048576K
Event: 1.208 GC heap after
Heap after GC invocations=1 (full 0):
 PSYoungGen      total 18944K, used 2533K [0x00000000eab00000, 0x00000000ec000000, 0x0000000100000000)
  eden space 16384K, 0% used [0x00000000eab00000,0x00000000eab00000,0x00000000ebb00000)
  from space 2560K, 98% used [0x00000000ebb00000,0x00000000ebd79608,0x00000000ebd80000)
  to   space 2560K, 0% used [0x00000000ebd80000,0x00000000ebd80000,0x00000000ec000000)
 ParOldGen       total 44032K, used 1270K [0x00000000c0000000, 0x00000000c2b00000, 0x00000000eab00000)
  object space 44032K, 2% used [0x00000000c0000000,0x00000000c013d910,0x00000000c2b00000)
 Metaspace       used 5639K, capacity 6640K, committed 6784K, reserved 1056768K
  class space    used 567K, capacity 616K, committed 640K, reserved 1048576K
}

Deoptimization events (2 events):
Event: 1.124 Thread 0x0000000016e8a000 Uncommon trap: reason=unstable_if action=reinterpret pc=0x0000000002dad1f0 method=java.util.BitSet.nextSetBit(I)I @ 87
Event: 1.139 Thread 0x0000000016e51800 Uncommon trap: reason=unstable_if action=reinterpret pc=0x0000000002db4888 method=java.util.HashMap.getNode(ILjava/lang/Object;)Ljava/util/HashMap$Node; @ 129

Internal exceptions (2 events):
Event: 0.051 Thread 0x000000000297d800 Exception <a 'java/lang/NoSuchMethodError': Method sun.misc.Unsafe.defineClass(Ljava/lang/String;[BII)Ljava/lang/Class; name or signature does not match> (0x00000000eab07cc0) thrown at [C:\src\android\AOSP-openjdk\external\jetbrains\jdk\hotspot\src\share\v¸‘Ï†U2ª?
Event: 0.051 Thread 0x000000000297d800 Exception <a 'java/lang/NoSuchMethodError': Method sun.misc.Unsafe.prefetchRead(Ljava/lang/Object;J)V name or signature does not match> (0x00000000eab07fa8) thrown at [C:\src\android\AOSP-openjdk\external\jetbrains\jdk\hotspot\src\share\vm\prims\jni.cpp, l

Events (10 events):
Event: 1.138 loading class java/util/ArrayList$1 done
Event: 1.139 Thread 0x0000000016e51800 Uncommon trap: trap_request=0xffffff65 fr.pc=0x0000000002db4888
Event: 1.139 Thread 0x0000000016e51800 DEOPT PACKING pc=0x0000000002db4888 sp=0x00000000172ae930
Event: 1.139 Thread 0x0000000016e51800 DEOPT UNPACKING pc=0x0000000002bc556a sp=0x00000000172ae8b8 mode 2
Event: 1.201 Executing VM operation: ParallelGCFailedAllocation
Event: 1.208 Executing VM operation: ParallelGCFailedAllocation done
Event: 1.223 loading class com/android/dx/rop/code/LocalItem
Event: 1.223 loading class com/android/dx/rop/code/LocalItem done
Event: 1.233 loading class com/android/dx/cf/code/SwitchList
Event: 1.233 loading class com/android/dx/cf/code/SwitchList done


Dynamic libraries:
0x00007ff7a0c80000 - 0x00007ff7a0cb1000 	C:\Program Files\Android\Android Studio\jre\bin\java.exe
0x00007ffad9aa0000 - 0x00007ffad9c61000 	C:\WINDOWS\SYSTEM32\ntdll.dll
0x00007ffad7000000 - 0x00007ffad70ad000 	C:\WINDOWS\system32\KERNEL32.DLL
0x00007ffad6520000 - 0x00007ffad6708000 	C:\WINDOWS\system32\KERNELBASE.dll
0x00007ffad9430000 - 0x00007ffad94d7000 	C:\WINDOWS\system32\ADVAPI32.dll
0x00007ffad9130000 - 0x00007ffad91cd000 	C:\WINDOWS\system32\msvcrt.dll
0x00007ffad90d0000 - 0x00007ffad912b000 	C:\WINDOWS\system32\sechost.dll
0x00007ffad98b0000 - 0x00007ffad99cc000 	C:\WINDOWS\system32\RPCRT4.dll
0x00007ffad8ba0000 - 0x00007ffad8cf6000 	C:\WINDOWS\system32\USER32.dll
0x00007ffad92a0000 - 0x00007ffad9426000 	C:\WINDOWS\system32\GDI32.dll
0x00007ffacf3a0000 - 0x00007ffacf614000 	C:\WINDOWS\WinSxS\amd64_microsoft.windows.common-controls_6595b64144ccf1df_6.0.10586.672_none_a2d6b3cea53ff843\COMCTL32.dll
0x00007ffad9520000 - 0x00007ffad979d000 	C:\WINDOWS\system32\combase.dll
0x00007ffad63d0000 - 0x00007ffad643a000 	C:\WINDOWS\system32\bcryptPrimitives.dll
0x00007ffad94e0000 - 0x00007ffad951b000 	C:\WINDOWS\system32\IMM32.DLL
0x0000000064c50000 - 0x0000000064d22000 	C:\Program Files\Android\Android Studio\jre\jre\bin\msvcr100.dll
0x0000000065e20000 - 0x0000000066654000 	C:\Program Files\Android\Android Studio\jre\jre\bin\server\jvm.dll
0x00007ffad90b0000 - 0x00007ffad90b8000 	C:\WINDOWS\system32\PSAPI.DLL
0x00007ffad2d40000 - 0x00007ffad2d49000 	C:\WINDOWS\SYSTEM32\WSOCK32.dll
0x00007ffad34f0000 - 0x00007ffad3513000 	C:\WINDOWS\SYSTEM32\WINMM.dll
0x00007ffad9040000 - 0x00007ffad90ab000 	C:\WINDOWS\system32\WS2_32.dll
0x00007ffacd380000 - 0x00007ffacd38a000 	C:\WINDOWS\SYSTEM32\VERSION.dll
0x00007ffad3490000 - 0x00007ffad34bc000 	C:\WINDOWS\SYSTEM32\WINMMBASE.dll
0x00007ffad6440000 - 0x00007ffad6483000 	C:\WINDOWS\system32\cfgmgr32.dll
0x00007ffacf080000 - 0x00007ffacf08f000 	C:\Program Files\Android\Android Studio\jre\jre\bin\verify.dll
0x00007ffaca960000 - 0x00007ffaca989000 	C:\Program Files\Android\Android Studio\jre\jre\bin\java.dll
0x00007ffacefe0000 - 0x00007ffaceff6000 	C:\Program Files\Android\Android Studio\jre\jre\bin\zip.dll
0x00007ffad74f0000 - 0x00007ffad8a4c000 	C:\WINDOWS\system32\SHELL32.dll
0x00007ffad67d0000 - 0x00007ffad6e15000 	C:\WINDOWS\system32\windows.storage.dll
0x00007ffad91d0000 - 0x00007ffad9222000 	C:\WINDOWS\system32\shlwapi.dll
0x00007ffad6140000 - 0x00007ffad614f000 	C:\WINDOWS\system32\kernel.appcore.dll
0x00007ffad6710000 - 0x00007ffad67c5000 	C:\WINDOWS\system32\shcore.dll
0x00007ffad60f0000 - 0x00007ffad613b000 	C:\WINDOWS\system32\powrprof.dll
0x00007ffad60d0000 - 0x00007ffad60e4000 	C:\WINDOWS\system32\profapi.dll

VM Arguments:
jvm_args: -Djava.awt.headless=true -Xmx1024M -Dfile.encoding=windows-1252 -Duser.country=GB -Duser.language=en -Duser.variant 
java_command: com.android.dx.command.Main --dex --force-jumbo --num-threads=4 --multi-dex --output C:\Users\Thomas\AndroidStudioProjects\MrWhemps\app\build\intermediates\transforms\dex\debug\folders\1000\10\com.google.android.gms-play-services-fitness-9.4.0_af793c1b0305aa68166f84fc359d0391408fcd95 C:\Users\Thomas\AndroidStudioProjects\MrWhemps\app\build\intermediates\exploded-aar\com.google.android.gms\play-services-fitness\9.4.0\jars\classes.jar
java_class_path (initial): C:\Users\Thomas\AppData\Local\Android\sdk\build-tools\23.0.2\lib\dx.jar
Launcher Type: SUN_STANDARD

Environment Variables:
PATH=C:\Program Files (x86)\Intel\iCLS Client\;C:\Program Files\Intel\iCLS Client\;C:\Windows\system32;C:\Windows;C:\Windows\System32\Wbem;C:\Windows\System32\WindowsPowerShell\v1.0\;C:\Program Files (x86)\Intel\OpenCL SDK\2.0\bin\x86;C:\Program Files (x86)\Intel\OpenCL SDK\2.0\bin\x64;C:\Program Files\Intel\Intel(R) Management Engine Components\DAL;C:\Program Files\Intel\Intel(R) Management Engine Components\IPT;C:\Program Files (x86)\Intel\Intel(R) Management Engine Components\DAL;C:\Program Files (x86)\Intel\Intel(R) Management Engine Components\IPT;C:\Program Files (x86)\Windows Live\Shared;C:\Users\Thomas\AppData\Local\Smartbar\Application\;C:\WINDOWS\system32;C:\WINDOWS;C:\WINDOWS\System32\Wbem;C:\WINDOWS\System32\WindowsPowerShell\v1.0\;D:\Programs\bin;C:\Program Files\Microsoft SQL Server\110\Tools\Binn\;C:\Program Files\Microsoft SQL Server\120\Tools\Binn\;C:\Program Files\MiKTeX 2.9\miktex\bin\;C:\Program Files\MiKTeX 2.9\gs\gs8.71\bin\;C:\Program Files\Git\cmd;C:\Program Files (x86)\Skype\Phone\;C:\Program Files\Microsoft SQL Server\130\Tools\Binn\;C:\Program Files (x86)\Windows Kits\10\Windows Performance Toolkit\;C:\Program Files
USERNAME=Thomas
OS=Windows_NT
PROCESSOR_IDENTIFIER=Intel64 Family 6 Model 42 Stepping 7, GenuineIntel



---------------  S Y S T E M  ---------------

OS: Windows 10.0 , 64 bit Build 10586 (10.0.10586.589)

CPU:total 4 (2 cores per cpu, 2 threads per core) family 6 model 42 stepping 7, cmov, cx8, fxsr, mmx, sse, sse2, sse3, ssse3, sse4.1, sse4.2, popcnt, avx, clmul, ht, tsc, tscinvbit

Memory: 4k page, physical 4075172k(607972k free), swap 6565540k(3768k free)

vm_info: OpenJDK 64-Bit Server VM (25.76-b03) for windows-amd64 JRE (1.8.0_76-release-b03), built on Jun 29 2016 19:09:20 by "ralucas" with MS VC++ 10.0 (VS2010)

time: Sun Jan 15 17:37:04 2017
elapsed time: 1 seconds (0d 0h 0m 1s)

